
RESULTS
--------------------------(same file!)
CoderBase
ORIGINAL FILE:
-> name: /Users/pablocerve/Documents/FING/Proyecto/datasets-csv/[3]noaa-adcp/2015/noaa-adcp-201501.csv
-> size (bytes): 1,298,980
COMPRESSED FILE:
-> name: /Users/pablocerve/Documents/FING/Proyecto/pc-tesis/dataset_parser/scripts/output/[3]noaa-adcp/basic/noaa-adcp-201501.c.python.csv
-> size (bytes): 645,023
-> 49.66% of original


RESULTS
--------------------------(same file!)
CoderPWLH
ORIGINAL FILE:
-> name: /Users/pablocerve/Documents/FING/Proyecto/datasets-csv/[3]noaa-adcp/2015/noaa-adcp-201501.csv
-> size (bytes): 1,298,980
COMPRESSED FILE:
-> name: /Users/pablocerve/Documents/FING/Proyecto/pc-tesis/dataset_parser/scripts/output/[3]noaa-adcp/pwlh/noaa-adcp-201501.c.cpp.csv
-> size (bytes): 544,148
-> 41.89% of original


RESULTS
--------------------------(same file!)
CoderPWLH
ORIGINAL FILE:
-> name: /Users/pablocerve/Documents/FING/Proyecto/datasets-csv/[3]noaa-adcp/2015/noaa-adcp-201501.csv
-> size (bytes): 1,298,980
COMPRESSED FILE:
-> name: /Users/pablocerve/Documents/FING/Proyecto/pc-tesis/dataset_parser/scripts/output/[3]noaa-adcp/pwlh/noaa-adcp-201501.c.cpp.csv
-> size (bytes): 538,586
-> 41.46% of original


RESULTS
--------------------------(same file!)
CoderPWLH
ORIGINAL FILE:
-> name: /Users/pablocerve/Documents/FING/Proyecto/datasets-csv/[3]noaa-adcp/2015/noaa-adcp-201501.csv
-> size (bytes): 1,298,980
COMPRESSED FILE:
-> name: /Users/pablocerve/Documents/FING/Proyecto/pc-tesis/dataset_parser/scripts/output/[3]noaa-adcp/pwlh/noaa-adcp-201501.c.cpp.csv
-> size (bytes): 541,310
-> 41.67% of original


RESULTS
--------------------------(same file!)
CoderPWLH
ORIGINAL FILE:
-> name: /Users/pablocerve/Documents/FING/Proyecto/datasets-csv/[3]noaa-adcp/2015/noaa-adcp-201501.csv
-> size (bytes): 1,298,980
COMPRESSED FILE:
-> name: /Users/pablocerve/Documents/FING/Proyecto/pc-tesis/dataset_parser/scripts/output/[3]noaa-adcp/pwlh/noaa-adcp-201501.c.cpp.csv
-> size (bytes): 554,118
-> 42.66% of original


RESULTS
--------------------------(same file!)
CoderPWLH
ORIGINAL FILE:
-> name: /Users/pablocerve/Documents/FING/Proyecto/datasets-csv/[3]noaa-adcp/2015/noaa-adcp-201501.csv
-> size (bytes): 1,298,980
COMPRESSED FILE:
-> name: /Users/pablocerve/Documents/FING/Proyecto/pc-tesis/dataset_parser/scripts/output/[3]noaa-adcp/pwlh/noaa-adcp-201501.c.cpp.csv
-> size (bytes): 569,596
-> 43.85% of original


RESULTS
--------------------------(same file!)
CoderPWLH
ORIGINAL FILE:
-> name: /Users/pablocerve/Documents/FING/Proyecto/datasets-csv/[3]noaa-adcp/2015/noaa-adcp-201501.csv
-> size (bytes): 1,298,980
COMPRESSED FILE:
-> name: /Users/pablocerve/Documents/FING/Proyecto/pc-tesis/dataset_parser/scripts/output/[3]noaa-adcp/pwlh/noaa-adcp-201501.c.cpp.csv
-> size (bytes): 586,117
-> 45.12% of original


RESULTS
--------------------------(same file!)
CoderPWLH
ORIGINAL FILE:
-> name: /Users/pablocerve/Documents/FING/Proyecto/datasets-csv/[3]noaa-adcp/2015/noaa-adcp-201501.csv
-> size (bytes): 1,298,980
COMPRESSED FILE:
-> name: /Users/pablocerve/Documents/FING/Proyecto/pc-tesis/dataset_parser/scripts/output/[3]noaa-adcp/pwlh/noaa-adcp-201501.c.cpp.csv
-> size (bytes): 506,891
-> 39.02% of original


RESULTS
--------------------------(same file!)
CoderPWLH
ORIGINAL FILE:
-> name: /Users/pablocerve/Documents/FING/Proyecto/datasets-csv/[3]noaa-adcp/2015/noaa-adcp-201501.csv
-> size (bytes): 1,298,980
COMPRESSED FILE:
-> name: /Users/pablocerve/Documents/FING/Proyecto/pc-tesis/dataset_parser/scripts/output/[3]noaa-adcp/pwlh/noaa-adcp-201501.c.cpp.csv
-> size (bytes): 499,697
-> 38.47% of original


RESULTS
--------------------------(same file!)
CoderPWLH
ORIGINAL FILE:
-> name: /Users/pablocerve/Documents/FING/Proyecto/datasets-csv/[3]noaa-adcp/2015/noaa-adcp-201501.csv
-> size (bytes): 1,298,980
COMPRESSED FILE:
-> name: /Users/pablocerve/Documents/FING/Proyecto/pc-tesis/dataset_parser/scripts/output/[3]noaa-adcp/pwlh/noaa-adcp-201501.c.cpp.csv
-> size (bytes): 501,028
-> 38.57% of original


RESULTS
--------------------------(same file!)
CoderPWLH
ORIGINAL FILE:
-> name: /Users/pablocerve/Documents/FING/Proyecto/datasets-csv/[3]noaa-adcp/2015/noaa-adcp-201501.csv
-> size (bytes): 1,298,980
COMPRESSED FILE:
-> name: /Users/pablocerve/Documents/FING/Proyecto/pc-tesis/dataset_parser/scripts/output/[3]noaa-adcp/pwlh/noaa-adcp-201501.c.cpp.csv
-> size (bytes): 512,444
-> 39.45% of original


RESULTS
--------------------------(same file!)
CoderPWLH
ORIGINAL FILE:
-> name: /Users/pablocerve/Documents/FING/Proyecto/datasets-csv/[3]noaa-adcp/2015/noaa-adcp-201501.csv
-> size (bytes): 1,298,980
COMPRESSED FILE:
-> name: /Users/pablocerve/Documents/FING/Proyecto/pc-tesis/dataset_parser/scripts/output/[3]noaa-adcp/pwlh/noaa-adcp-201501.c.cpp.csv
-> size (bytes): 526,531
-> 40.53% of original


RESULTS
--------------------------(same file!)
CoderPWLH
ORIGINAL FILE:
-> name: /Users/pablocerve/Documents/FING/Proyecto/datasets-csv/[3]noaa-adcp/2015/noaa-adcp-201501.csv
-> size (bytes): 1,298,980
COMPRESSED FILE:
-> name: /Users/pablocerve/Documents/FING/Proyecto/pc-tesis/dataset_parser/scripts/output/[3]noaa-adcp/pwlh/noaa-adcp-201501.c.cpp.csv
-> size (bytes): 541,659
-> 41.7% of original


RESULTS
--------------------------(same file!)
CoderPWLH
ORIGINAL FILE:
-> name: /Users/pablocerve/Documents/FING/Proyecto/datasets-csv/[3]noaa-adcp/2015/noaa-adcp-201501.csv
-> size (bytes): 1,298,980
COMPRESSED FILE:
-> name: /Users/pablocerve/Documents/FING/Proyecto/pc-tesis/dataset_parser/scripts/output/[3]noaa-adcp/pwlh/noaa-adcp-201501.c.cpp.csv
-> size (bytes): 484,286
-> 37.28% of original


RESULTS
--------------------------(same file!)
CoderPWLH
ORIGINAL FILE:
-> name: /Users/pablocerve/Documents/FING/Proyecto/datasets-csv/[3]noaa-adcp/2015/noaa-adcp-201501.csv
-> size (bytes): 1,298,980
COMPRESSED FILE:
-> name: /Users/pablocerve/Documents/FING/Proyecto/pc-tesis/dataset_parser/scripts/output/[3]noaa-adcp/pwlh/noaa-adcp-201501.c.cpp.csv
-> size (bytes): 475,412
-> 36.6% of original


RESULTS
--------------------------(same file!)
CoderPWLH
ORIGINAL FILE:
-> name: /Users/pablocerve/Documents/FING/Proyecto/datasets-csv/[3]noaa-adcp/2015/noaa-adcp-201501.csv
-> size (bytes): 1,298,980
COMPRESSED FILE:
-> name: /Users/pablocerve/Documents/FING/Proyecto/pc-tesis/dataset_parser/scripts/output/[3]noaa-adcp/pwlh/noaa-adcp-201501.c.cpp.csv
-> size (bytes): 475,870
-> 36.63% of original


RESULTS
--------------------------(same file!)
CoderPWLH
ORIGINAL FILE:
-> name: /Users/pablocerve/Documents/FING/Proyecto/datasets-csv/[3]noaa-adcp/2015/noaa-adcp-201501.csv
-> size (bytes): 1,298,980
COMPRESSED FILE:
-> name: /Users/pablocerve/Documents/FING/Proyecto/pc-tesis/dataset_parser/scripts/output/[3]noaa-adcp/pwlh/noaa-adcp-201501.c.cpp.csv
-> size (bytes): 486,416
-> 37.45% of original


RESULTS
--------------------------(same file!)
CoderPWLH
ORIGINAL FILE:
-> name: /Users/pablocerve/Documents/FING/Proyecto/datasets-csv/[3]noaa-adcp/2015/noaa-adcp-201501.csv
-> size (bytes): 1,298,980
COMPRESSED FILE:
-> name: /Users/pablocerve/Documents/FING/Proyecto/pc-tesis/dataset_parser/scripts/output/[3]noaa-adcp/pwlh/noaa-adcp-201501.c.cpp.csv
-> size (bytes): 499,633
-> 38.46% of original


RESULTS
--------------------------(same file!)
CoderPWLH
ORIGINAL FILE:
-> name: /Users/pablocerve/Documents/FING/Proyecto/datasets-csv/[3]noaa-adcp/2015/noaa-adcp-201501.csv
-> size (bytes): 1,298,980
COMPRESSED FILE:
-> name: /Users/pablocerve/Documents/FING/Proyecto/pc-tesis/dataset_parser/scripts/output/[3]noaa-adcp/pwlh/noaa-adcp-201501.c.cpp.csv
-> size (bytes): 513,892
-> 39.56% of original


RESULTS
--------------------------(same file!)
CoderPWLH
ORIGINAL FILE:
-> name: /Users/pablocerve/Documents/FING/Proyecto/datasets-csv/[3]noaa-adcp/2015/noaa-adcp-201501.csv
-> size (bytes): 1,298,980
COMPRESSED FILE:
-> name: /Users/pablocerve/Documents/FING/Proyecto/pc-tesis/dataset_parser/scripts/output/[3]noaa-adcp/pwlh/noaa-adcp-201501.c.cpp.csv
-> size (bytes): 425,464
-> 32.75% of original


RESULTS
--------------------------(same file!)
CoderPWLH
ORIGINAL FILE:
-> name: /Users/pablocerve/Documents/FING/Proyecto/datasets-csv/[3]noaa-adcp/2015/noaa-adcp-201501.csv
-> size (bytes): 1,298,980
COMPRESSED FILE:
-> name: /Users/pablocerve/Documents/FING/Proyecto/pc-tesis/dataset_parser/scripts/output/[3]noaa-adcp/pwlh/noaa-adcp-201501.c.cpp.csv
-> size (bytes): 406,822
-> 31.32% of original


RESULTS
--------------------------(same file!)
CoderPWLH
ORIGINAL FILE:
-> name: /Users/pablocerve/Documents/FING/Proyecto/datasets-csv/[3]noaa-adcp/2015/noaa-adcp-201501.csv
-> size (bytes): 1,298,980
COMPRESSED FILE:
-> name: /Users/pablocerve/Documents/FING/Proyecto/pc-tesis/dataset_parser/scripts/output/[3]noaa-adcp/pwlh/noaa-adcp-201501.c.cpp.csv
-> size (bytes): 404,615
-> 31.15% of original


RESULTS
--------------------------(same file!)
CoderPWLH
ORIGINAL FILE:
-> name: /Users/pablocerve/Documents/FING/Proyecto/datasets-csv/[3]noaa-adcp/2015/noaa-adcp-201501.csv
-> size (bytes): 1,298,980
COMPRESSED FILE:
-> name: /Users/pablocerve/Documents/FING/Proyecto/pc-tesis/dataset_parser/scripts/output/[3]noaa-adcp/pwlh/noaa-adcp-201501.c.cpp.csv
-> size (bytes): 412,699
-> 31.77% of original


RESULTS
--------------------------(same file!)
CoderPWLH
ORIGINAL FILE:
-> name: /Users/pablocerve/Documents/FING/Proyecto/datasets-csv/[3]noaa-adcp/2015/noaa-adcp-201501.csv
-> size (bytes): 1,298,980
COMPRESSED FILE:
-> name: /Users/pablocerve/Documents/FING/Proyecto/pc-tesis/dataset_parser/scripts/output/[3]noaa-adcp/pwlh/noaa-adcp-201501.c.cpp.csv
-> size (bytes): 423,453
-> 32.6% of original


RESULTS
--------------------------(same file!)
CoderPWLH
ORIGINAL FILE:
-> name: /Users/pablocerve/Documents/FING/Proyecto/datasets-csv/[3]noaa-adcp/2015/noaa-adcp-201501.csv
-> size (bytes): 1,298,980
COMPRESSED FILE:
-> name: /Users/pablocerve/Documents/FING/Proyecto/pc-tesis/dataset_parser/scripts/output/[3]noaa-adcp/pwlh/noaa-adcp-201501.c.cpp.csv
-> size (bytes): 435,249
-> 33.51% of original


RESULTS
--------------------------(same file!)
CoderPWLH
ORIGINAL FILE:
-> name: /Users/pablocerve/Documents/FING/Proyecto/datasets-csv/[3]noaa-adcp/2015/noaa-adcp-201501.csv
-> size (bytes): 1,298,980
COMPRESSED FILE:
-> name: /Users/pablocerve/Documents/FING/Proyecto/pc-tesis/dataset_parser/scripts/output/[3]noaa-adcp/pwlh/noaa-adcp-201501.c.cpp.csv
-> size (bytes): 386,014
-> 29.72% of original


RESULTS
--------------------------(same file!)
CoderPWLH
ORIGINAL FILE:
-> name: /Users/pablocerve/Documents/FING/Proyecto/datasets-csv/[3]noaa-adcp/2015/noaa-adcp-201501.csv
-> size (bytes): 1,298,980
COMPRESSED FILE:
-> name: /Users/pablocerve/Documents/FING/Proyecto/pc-tesis/dataset_parser/scripts/output/[3]noaa-adcp/pwlh/noaa-adcp-201501.c.cpp.csv
-> size (bytes): 353,922
-> 27.25% of original


RESULTS
--------------------------(same file!)
CoderPWLH
ORIGINAL FILE:
-> name: /Users/pablocerve/Documents/FING/Proyecto/datasets-csv/[3]noaa-adcp/2015/noaa-adcp-201501.csv
-> size (bytes): 1,298,980
COMPRESSED FILE:
-> name: /Users/pablocerve/Documents/FING/Proyecto/pc-tesis/dataset_parser/scripts/output/[3]noaa-adcp/pwlh/noaa-adcp-201501.c.cpp.csv
-> size (bytes): 348,540
-> 26.83% of original


RESULTS
--------------------------(same file!)
CoderPWLH
ORIGINAL FILE:
-> name: /Users/pablocerve/Documents/FING/Proyecto/datasets-csv/[3]noaa-adcp/2015/noaa-adcp-201501.csv
-> size (bytes): 1,298,980
COMPRESSED FILE:
-> name: /Users/pablocerve/Documents/FING/Proyecto/pc-tesis/dataset_parser/scripts/output/[3]noaa-adcp/pwlh/noaa-adcp-201501.c.cpp.csv
-> size (bytes): 354,686
-> 27.3% of original


RESULTS
--------------------------(same file!)
CoderPWLH
ORIGINAL FILE:
-> name: /Users/pablocerve/Documents/FING/Proyecto/datasets-csv/[3]noaa-adcp/2015/noaa-adcp-201501.csv
-> size (bytes): 1,298,980
COMPRESSED FILE:
-> name: /Users/pablocerve/Documents/FING/Proyecto/pc-tesis/dataset_parser/scripts/output/[3]noaa-adcp/pwlh/noaa-adcp-201501.c.cpp.csv
-> size (bytes): 363,503
-> 27.98% of original


RESULTS
--------------------------(same file!)
CoderPWLH
ORIGINAL FILE:
-> name: /Users/pablocerve/Documents/FING/Proyecto/datasets-csv/[3]noaa-adcp/2015/noaa-adcp-201501.csv
-> size (bytes): 1,298,980
COMPRESSED FILE:
-> name: /Users/pablocerve/Documents/FING/Proyecto/pc-tesis/dataset_parser/scripts/output/[3]noaa-adcp/pwlh/noaa-adcp-201501.c.cpp.csv
-> size (bytes): 373,361
-> 28.74% of original


RESULTS
--------------------------(same file!)
CoderPWLH
ORIGINAL FILE:
-> name: /Users/pablocerve/Documents/FING/Proyecto/datasets-csv/[3]noaa-adcp/2015/noaa-adcp-201501.csv
-> size (bytes): 1,298,980
COMPRESSED FILE:
-> name: /Users/pablocerve/Documents/FING/Proyecto/pc-tesis/dataset_parser/scripts/output/[3]noaa-adcp/pwlh/noaa-adcp-201501.c.cpp.csv
-> size (bytes): 356,752
-> 27.46% of original


RESULTS
--------------------------(same file!)
CoderPWLH
ORIGINAL FILE:
-> name: /Users/pablocerve/Documents/FING/Proyecto/datasets-csv/[3]noaa-adcp/2015/noaa-adcp-201501.csv
-> size (bytes): 1,298,980
COMPRESSED FILE:
-> name: /Users/pablocerve/Documents/FING/Proyecto/pc-tesis/dataset_parser/scripts/output/[3]noaa-adcp/pwlh/noaa-adcp-201501.c.cpp.csv
-> size (bytes): 310,869
-> 23.93% of original


RESULTS
--------------------------(same file!)
CoderPWLH
ORIGINAL FILE:
-> name: /Users/pablocerve/Documents/FING/Proyecto/datasets-csv/[3]noaa-adcp/2015/noaa-adcp-201501.csv
-> size (bytes): 1,298,980
COMPRESSED FILE:
-> name: /Users/pablocerve/Documents/FING/Proyecto/pc-tesis/dataset_parser/scripts/output/[3]noaa-adcp/pwlh/noaa-adcp-201501.c.cpp.csv
-> size (bytes): 301,165
-> 23.18% of original


RESULTS
--------------------------(same file!)
CoderPWLH
ORIGINAL FILE:
-> name: /Users/pablocerve/Documents/FING/Proyecto/datasets-csv/[3]noaa-adcp/2015/noaa-adcp-201501.csv
-> size (bytes): 1,298,980
COMPRESSED FILE:
-> name: /Users/pablocerve/Documents/FING/Proyecto/pc-tesis/dataset_parser/scripts/output/[3]noaa-adcp/pwlh/noaa-adcp-201501.c.cpp.csv
-> size (bytes): 305,603
-> 23.53% of original


RESULTS
--------------------------(same file!)
CoderPWLH
ORIGINAL FILE:
-> name: /Users/pablocerve/Documents/FING/Proyecto/datasets-csv/[3]noaa-adcp/2015/noaa-adcp-201501.csv
-> size (bytes): 1,298,980
COMPRESSED FILE:
-> name: /Users/pablocerve/Documents/FING/Proyecto/pc-tesis/dataset_parser/scripts/output/[3]noaa-adcp/pwlh/noaa-adcp-201501.c.cpp.csv
-> size (bytes): 312,781
-> 24.08% of original


RESULTS
--------------------------(same file!)
CoderPWLH
ORIGINAL FILE:
-> name: /Users/pablocerve/Documents/FING/Proyecto/datasets-csv/[3]noaa-adcp/2015/noaa-adcp-201501.csv
-> size (bytes): 1,298,980
COMPRESSED FILE:
-> name: /Users/pablocerve/Documents/FING/Proyecto/pc-tesis/dataset_parser/scripts/output/[3]noaa-adcp/pwlh/noaa-adcp-201501.c.cpp.csv
-> size (bytes): 321,001
-> 24.71% of original


RESULTS
--------------------------(same file!)
CoderPWLH
ORIGINAL FILE:
-> name: /Users/pablocerve/Documents/FING/Proyecto/datasets-csv/[3]noaa-adcp/2015/noaa-adcp-201501.csv
-> size (bytes): 1,298,980
COMPRESSED FILE:
-> name: /Users/pablocerve/Documents/FING/Proyecto/pc-tesis/dataset_parser/scripts/output/[3]noaa-adcp/pwlh/noaa-adcp-201501.c.cpp.csv
-> size (bytes): 318,548
-> 24.52% of original


RESULTS
--------------------------(same file!)
CoderPWLH
ORIGINAL FILE:
-> name: /Users/pablocerve/Documents/FING/Proyecto/datasets-csv/[3]noaa-adcp/2015/noaa-adcp-201501.csv
-> size (bytes): 1,298,980
COMPRESSED FILE:
-> name: /Users/pablocerve/Documents/FING/Proyecto/pc-tesis/dataset_parser/scripts/output/[3]noaa-adcp/pwlh/noaa-adcp-201501.c.cpp.csv
-> size (bytes): 249,832
-> 19.23% of original


RESULTS
--------------------------(same file!)
CoderPWLH
ORIGINAL FILE:
-> name: /Users/pablocerve/Documents/FING/Proyecto/datasets-csv/[3]noaa-adcp/2015/noaa-adcp-201501.csv
-> size (bytes): 1,298,980
COMPRESSED FILE:
-> name: /Users/pablocerve/Documents/FING/Proyecto/pc-tesis/dataset_parser/scripts/output/[3]noaa-adcp/pwlh/noaa-adcp-201501.c.cpp.csv
-> size (bytes): 230,236
-> 17.72% of original


RESULTS
--------------------------(same file!)
CoderPWLH
ORIGINAL FILE:
-> name: /Users/pablocerve/Documents/FING/Proyecto/datasets-csv/[3]noaa-adcp/2015/noaa-adcp-201501.csv
-> size (bytes): 1,298,980
COMPRESSED FILE:
-> name: /Users/pablocerve/Documents/FING/Proyecto/pc-tesis/dataset_parser/scripts/output/[3]noaa-adcp/pwlh/noaa-adcp-201501.c.cpp.csv
-> size (bytes): 231,660
-> 17.83% of original


RESULTS
--------------------------(same file!)
CoderPWLH
ORIGINAL FILE:
-> name: /Users/pablocerve/Documents/FING/Proyecto/datasets-csv/[3]noaa-adcp/2015/noaa-adcp-201501.csv
-> size (bytes): 1,298,980
COMPRESSED FILE:
-> name: /Users/pablocerve/Documents/FING/Proyecto/pc-tesis/dataset_parser/scripts/output/[3]noaa-adcp/pwlh/noaa-adcp-201501.c.cpp.csv
-> size (bytes): 236,334
-> 18.19% of original


RESULTS
--------------------------(same file!)
CoderPWLH
ORIGINAL FILE:
-> name: /Users/pablocerve/Documents/FING/Proyecto/datasets-csv/[3]noaa-adcp/2015/noaa-adcp-201501.csv
-> size (bytes): 1,298,980
COMPRESSED FILE:
-> name: /Users/pablocerve/Documents/FING/Proyecto/pc-tesis/dataset_parser/scripts/output/[3]noaa-adcp/pwlh/noaa-adcp-201501.c.cpp.csv
-> size (bytes): 242,084
-> 18.64% of original


RESULTS
--------------------------(same file!)
CoderBase
ORIGINAL FILE:
-> name: /Users/pablocerve/Documents/FING/Proyecto/datasets-csv/[3]noaa-adcp/2015/noaa-adcp-201502.csv
-> size (bytes): 1,183,923
COMPRESSED FILE:
-> name: /Users/pablocerve/Documents/FING/Proyecto/pc-tesis/dataset_parser/scripts/output/[3]noaa-adcp/basic/noaa-adcp-201502.c.python.csv
-> size (bytes): 583,634
-> 49.3% of original


RESULTS
--------------------------(same file!)
CoderPWLH
ORIGINAL FILE:
-> name: /Users/pablocerve/Documents/FING/Proyecto/datasets-csv/[3]noaa-adcp/2015/noaa-adcp-201502.csv
-> size (bytes): 1,183,923
COMPRESSED FILE:
-> name: /Users/pablocerve/Documents/FING/Proyecto/pc-tesis/dataset_parser/scripts/output/[3]noaa-adcp/pwlh/noaa-adcp-201502.c.cpp.csv
-> size (bytes): 487,413
-> 41.17% of original


RESULTS
--------------------------(same file!)
CoderPWLH
ORIGINAL FILE:
-> name: /Users/pablocerve/Documents/FING/Proyecto/datasets-csv/[3]noaa-adcp/2015/noaa-adcp-201502.csv
-> size (bytes): 1,183,923
COMPRESSED FILE:
-> name: /Users/pablocerve/Documents/FING/Proyecto/pc-tesis/dataset_parser/scripts/output/[3]noaa-adcp/pwlh/noaa-adcp-201502.c.cpp.csv
-> size (bytes): 481,332
-> 40.66% of original


RESULTS
--------------------------(same file!)
CoderPWLH
ORIGINAL FILE:
-> name: /Users/pablocerve/Documents/FING/Proyecto/datasets-csv/[3]noaa-adcp/2015/noaa-adcp-201502.csv
-> size (bytes): 1,183,923
COMPRESSED FILE:
-> name: /Users/pablocerve/Documents/FING/Proyecto/pc-tesis/dataset_parser/scripts/output/[3]noaa-adcp/pwlh/noaa-adcp-201502.c.cpp.csv
-> size (bytes): 482,621
-> 40.76% of original


RESULTS
--------------------------(same file!)
CoderPWLH
ORIGINAL FILE:
-> name: /Users/pablocerve/Documents/FING/Proyecto/datasets-csv/[3]noaa-adcp/2015/noaa-adcp-201502.csv
-> size (bytes): 1,183,923
COMPRESSED FILE:
-> name: /Users/pablocerve/Documents/FING/Proyecto/pc-tesis/dataset_parser/scripts/output/[3]noaa-adcp/pwlh/noaa-adcp-201502.c.cpp.csv
-> size (bytes): 493,757
-> 41.71% of original


RESULTS
--------------------------(same file!)
CoderPWLH
ORIGINAL FILE:
-> name: /Users/pablocerve/Documents/FING/Proyecto/datasets-csv/[3]noaa-adcp/2015/noaa-adcp-201502.csv
-> size (bytes): 1,183,923
COMPRESSED FILE:
-> name: /Users/pablocerve/Documents/FING/Proyecto/pc-tesis/dataset_parser/scripts/output/[3]noaa-adcp/pwlh/noaa-adcp-201502.c.cpp.csv
-> size (bytes): 506,945
-> 42.82% of original


RESULTS
--------------------------(same file!)
CoderPWLH
ORIGINAL FILE:
-> name: /Users/pablocerve/Documents/FING/Proyecto/datasets-csv/[3]noaa-adcp/2015/noaa-adcp-201502.csv
-> size (bytes): 1,183,923
COMPRESSED FILE:
-> name: /Users/pablocerve/Documents/FING/Proyecto/pc-tesis/dataset_parser/scripts/output/[3]noaa-adcp/pwlh/noaa-adcp-201502.c.cpp.csv
-> size (bytes): 521,662
-> 44.06% of original


RESULTS
--------------------------(same file!)
CoderPWLH
ORIGINAL FILE:
-> name: /Users/pablocerve/Documents/FING/Proyecto/datasets-csv/[3]noaa-adcp/2015/noaa-adcp-201502.csv
-> size (bytes): 1,183,923
COMPRESSED FILE:
-> name: /Users/pablocerve/Documents/FING/Proyecto/pc-tesis/dataset_parser/scripts/output/[3]noaa-adcp/pwlh/noaa-adcp-201502.c.cpp.csv
-> size (bytes): 455,219
-> 38.45% of original


RESULTS
--------------------------(same file!)
CoderPWLH
ORIGINAL FILE:
-> name: /Users/pablocerve/Documents/FING/Proyecto/datasets-csv/[3]noaa-adcp/2015/noaa-adcp-201502.csv
-> size (bytes): 1,183,923
COMPRESSED FILE:
-> name: /Users/pablocerve/Documents/FING/Proyecto/pc-tesis/dataset_parser/scripts/output/[3]noaa-adcp/pwlh/noaa-adcp-201502.c.cpp.csv
-> size (bytes): 447,662
-> 37.81% of original


RESULTS
--------------------------(same file!)
CoderPWLH
ORIGINAL FILE:
-> name: /Users/pablocerve/Documents/FING/Proyecto/datasets-csv/[3]noaa-adcp/2015/noaa-adcp-201502.csv
-> size (bytes): 1,183,923
COMPRESSED FILE:
-> name: /Users/pablocerve/Documents/FING/Proyecto/pc-tesis/dataset_parser/scripts/output/[3]noaa-adcp/pwlh/noaa-adcp-201502.c.cpp.csv
-> size (bytes): 447,748
-> 37.82% of original


RESULTS
--------------------------(same file!)
CoderPWLH
ORIGINAL FILE:
-> name: /Users/pablocerve/Documents/FING/Proyecto/datasets-csv/[3]noaa-adcp/2015/noaa-adcp-201502.csv
-> size (bytes): 1,183,923
COMPRESSED FILE:
-> name: /Users/pablocerve/Documents/FING/Proyecto/pc-tesis/dataset_parser/scripts/output/[3]noaa-adcp/pwlh/noaa-adcp-201502.c.cpp.csv
-> size (bytes): 457,681
-> 38.66% of original


RESULTS
--------------------------(same file!)
CoderPWLH
ORIGINAL FILE:
-> name: /Users/pablocerve/Documents/FING/Proyecto/datasets-csv/[3]noaa-adcp/2015/noaa-adcp-201502.csv
-> size (bytes): 1,183,923
COMPRESSED FILE:
-> name: /Users/pablocerve/Documents/FING/Proyecto/pc-tesis/dataset_parser/scripts/output/[3]noaa-adcp/pwlh/noaa-adcp-201502.c.cpp.csv
-> size (bytes): 469,667
-> 39.67% of original


RESULTS
--------------------------(same file!)
CoderPWLH
ORIGINAL FILE:
-> name: /Users/pablocerve/Documents/FING/Proyecto/datasets-csv/[3]noaa-adcp/2015/noaa-adcp-201502.csv
-> size (bytes): 1,183,923
COMPRESSED FILE:
-> name: /Users/pablocerve/Documents/FING/Proyecto/pc-tesis/dataset_parser/scripts/output/[3]noaa-adcp/pwlh/noaa-adcp-201502.c.cpp.csv
-> size (bytes): 483,181
-> 40.81% of original


RESULTS
--------------------------(same file!)
CoderPWLH
ORIGINAL FILE:
-> name: /Users/pablocerve/Documents/FING/Proyecto/datasets-csv/[3]noaa-adcp/2015/noaa-adcp-201502.csv
-> size (bytes): 1,183,923
COMPRESSED FILE:
-> name: /Users/pablocerve/Documents/FING/Proyecto/pc-tesis/dataset_parser/scripts/output/[3]noaa-adcp/pwlh/noaa-adcp-201502.c.cpp.csv
-> size (bytes): 434,514
-> 36.7% of original


RESULTS
--------------------------(same file!)
CoderPWLH
ORIGINAL FILE:
-> name: /Users/pablocerve/Documents/FING/Proyecto/datasets-csv/[3]noaa-adcp/2015/noaa-adcp-201502.csv
-> size (bytes): 1,183,923
COMPRESSED FILE:
-> name: /Users/pablocerve/Documents/FING/Proyecto/pc-tesis/dataset_parser/scripts/output/[3]noaa-adcp/pwlh/noaa-adcp-201502.c.cpp.csv
-> size (bytes): 425,318
-> 35.92% of original


RESULTS
--------------------------(same file!)
CoderPWLH
ORIGINAL FILE:
-> name: /Users/pablocerve/Documents/FING/Proyecto/datasets-csv/[3]noaa-adcp/2015/noaa-adcp-201502.csv
-> size (bytes): 1,183,923
COMPRESSED FILE:
-> name: /Users/pablocerve/Documents/FING/Proyecto/pc-tesis/dataset_parser/scripts/output/[3]noaa-adcp/pwlh/noaa-adcp-201502.c.cpp.csv
-> size (bytes): 424,601
-> 35.86% of original


RESULTS
--------------------------(same file!)
CoderPWLH
ORIGINAL FILE:
-> name: /Users/pablocerve/Documents/FING/Proyecto/datasets-csv/[3]noaa-adcp/2015/noaa-adcp-201502.csv
-> size (bytes): 1,183,923
COMPRESSED FILE:
-> name: /Users/pablocerve/Documents/FING/Proyecto/pc-tesis/dataset_parser/scripts/output/[3]noaa-adcp/pwlh/noaa-adcp-201502.c.cpp.csv
-> size (bytes): 433,735
-> 36.64% of original


RESULTS
--------------------------(same file!)
CoderPWLH
ORIGINAL FILE:
-> name: /Users/pablocerve/Documents/FING/Proyecto/datasets-csv/[3]noaa-adcp/2015/noaa-adcp-201502.csv
-> size (bytes): 1,183,923
COMPRESSED FILE:
-> name: /Users/pablocerve/Documents/FING/Proyecto/pc-tesis/dataset_parser/scripts/output/[3]noaa-adcp/pwlh/noaa-adcp-201502.c.cpp.csv
-> size (bytes): 444,922
-> 37.58% of original


RESULTS
--------------------------(same file!)
CoderPWLH
ORIGINAL FILE:
-> name: /Users/pablocerve/Documents/FING/Proyecto/datasets-csv/[3]noaa-adcp/2015/noaa-adcp-201502.csv
-> size (bytes): 1,183,923
COMPRESSED FILE:
-> name: /Users/pablocerve/Documents/FING/Proyecto/pc-tesis/dataset_parser/scripts/output/[3]noaa-adcp/pwlh/noaa-adcp-201502.c.cpp.csv
-> size (bytes): 457,637
-> 38.65% of original


RESULTS
--------------------------(same file!)
CoderPWLH
ORIGINAL FILE:
-> name: /Users/pablocerve/Documents/FING/Proyecto/datasets-csv/[3]noaa-adcp/2015/noaa-adcp-201502.csv
-> size (bytes): 1,183,923
COMPRESSED FILE:
-> name: /Users/pablocerve/Documents/FING/Proyecto/pc-tesis/dataset_parser/scripts/output/[3]noaa-adcp/pwlh/noaa-adcp-201502.c.cpp.csv
-> size (bytes): 383,896
-> 32.43% of original


RESULTS
--------------------------(same file!)
CoderPWLH
ORIGINAL FILE:
-> name: /Users/pablocerve/Documents/FING/Proyecto/datasets-csv/[3]noaa-adcp/2015/noaa-adcp-201502.csv
-> size (bytes): 1,183,923
COMPRESSED FILE:
-> name: /Users/pablocerve/Documents/FING/Proyecto/pc-tesis/dataset_parser/scripts/output/[3]noaa-adcp/pwlh/noaa-adcp-201502.c.cpp.csv
-> size (bytes): 366,156
-> 30.93% of original


RESULTS
--------------------------(same file!)
CoderPWLH
ORIGINAL FILE:
-> name: /Users/pablocerve/Documents/FING/Proyecto/datasets-csv/[3]noaa-adcp/2015/noaa-adcp-201502.csv
-> size (bytes): 1,183,923
COMPRESSED FILE:
-> name: /Users/pablocerve/Documents/FING/Proyecto/pc-tesis/dataset_parser/scripts/output/[3]noaa-adcp/pwlh/noaa-adcp-201502.c.cpp.csv
-> size (bytes): 363,093
-> 30.67% of original


RESULTS
--------------------------(same file!)
CoderPWLH
ORIGINAL FILE:
-> name: /Users/pablocerve/Documents/FING/Proyecto/datasets-csv/[3]noaa-adcp/2015/noaa-adcp-201502.csv
-> size (bytes): 1,183,923
COMPRESSED FILE:
-> name: /Users/pablocerve/Documents/FING/Proyecto/pc-tesis/dataset_parser/scripts/output/[3]noaa-adcp/pwlh/noaa-adcp-201502.c.cpp.csv
-> size (bytes): 370,103
-> 31.26% of original


RESULTS
--------------------------(same file!)
CoderPWLH
ORIGINAL FILE:
-> name: /Users/pablocerve/Documents/FING/Proyecto/datasets-csv/[3]noaa-adcp/2015/noaa-adcp-201502.csv
-> size (bytes): 1,183,923
COMPRESSED FILE:
-> name: /Users/pablocerve/Documents/FING/Proyecto/pc-tesis/dataset_parser/scripts/output/[3]noaa-adcp/pwlh/noaa-adcp-201502.c.cpp.csv
-> size (bytes): 379,165
-> 32.03% of original


RESULTS
--------------------------(same file!)
CoderPWLH
ORIGINAL FILE:
-> name: /Users/pablocerve/Documents/FING/Proyecto/datasets-csv/[3]noaa-adcp/2015/noaa-adcp-201502.csv
-> size (bytes): 1,183,923
COMPRESSED FILE:
-> name: /Users/pablocerve/Documents/FING/Proyecto/pc-tesis/dataset_parser/scripts/output/[3]noaa-adcp/pwlh/noaa-adcp-201502.c.cpp.csv
-> size (bytes): 389,756
-> 32.92% of original


RESULTS
--------------------------(same file!)
CoderPWLH
ORIGINAL FILE:
-> name: /Users/pablocerve/Documents/FING/Proyecto/datasets-csv/[3]noaa-adcp/2015/noaa-adcp-201502.csv
-> size (bytes): 1,183,923
COMPRESSED FILE:
-> name: /Users/pablocerve/Documents/FING/Proyecto/pc-tesis/dataset_parser/scripts/output/[3]noaa-adcp/pwlh/noaa-adcp-201502.c.cpp.csv
-> size (bytes): 348,735
-> 29.46% of original

