
RESULTS
--------------------------(same file!)
CoderBasic
ORIGINAL FILE:
-> name: /Users/pablocerve/Documents/FING/Proyecto/datasets-csv/[3]noaa-adcp/2015/noaa-adcp-201501.csv
-> size (bytes): 1,298,980
COMPRESSED FILE:
-> name: /Users/pablocerve/Documents/FING/Proyecto/pc-tesis/dataset_parser/scripts/output/[3]noaa-adcp/basic/noaa-adcp-201501.c.cpp.csv
-> size (bytes): 651,770
-> 50.18% of original


RESULTS
--------------------------(same file!)
CoderPCA
ORIGINAL FILE:
-> name: /Users/pablocerve/Documents/FING/Proyecto/datasets-csv/[3]noaa-adcp/2015/noaa-adcp-201501.csv
-> size (bytes): 1,298,980
COMPRESSED FILE:
-> name: /Users/pablocerve/Documents/FING/Proyecto/pc-tesis/dataset_parser/scripts/output/[3]noaa-adcp/pca/noaa-adcp-201501.c.cpp.csv
-> size (bytes): 457,149
-> 35.19% of original


RESULTS
--------------------------(same file!)
CoderPCA
ORIGINAL FILE:
-> name: /Users/pablocerve/Documents/FING/Proyecto/datasets-csv/[3]noaa-adcp/2015/noaa-adcp-201501.csv
-> size (bytes): 1,298,980
COMPRESSED FILE:
-> name: /Users/pablocerve/Documents/FING/Proyecto/pc-tesis/dataset_parser/scripts/output/[3]noaa-adcp/pca/noaa-adcp-201501.c.cpp.csv
-> size (bytes): 453,576
-> 34.92% of original


RESULTS
--------------------------(same file!)
CoderPCA
ORIGINAL FILE:
-> name: /Users/pablocerve/Documents/FING/Proyecto/datasets-csv/[3]noaa-adcp/2015/noaa-adcp-201501.csv
-> size (bytes): 1,298,980
COMPRESSED FILE:
-> name: /Users/pablocerve/Documents/FING/Proyecto/pc-tesis/dataset_parser/scripts/output/[3]noaa-adcp/pca/noaa-adcp-201501.c.cpp.csv
-> size (bytes): 451,406
-> 34.75% of original


RESULTS
--------------------------(same file!)
CoderPCA
ORIGINAL FILE:
-> name: /Users/pablocerve/Documents/FING/Proyecto/datasets-csv/[3]noaa-adcp/2015/noaa-adcp-201501.csv
-> size (bytes): 1,298,980
COMPRESSED FILE:
-> name: /Users/pablocerve/Documents/FING/Proyecto/pc-tesis/dataset_parser/scripts/output/[3]noaa-adcp/pca/noaa-adcp-201501.c.cpp.csv
-> size (bytes): 450,682
-> 34.7% of original


RESULTS
--------------------------(same file!)
CoderPCA
ORIGINAL FILE:
-> name: /Users/pablocerve/Documents/FING/Proyecto/datasets-csv/[3]noaa-adcp/2015/noaa-adcp-201501.csv
-> size (bytes): 1,298,980
COMPRESSED FILE:
-> name: /Users/pablocerve/Documents/FING/Proyecto/pc-tesis/dataset_parser/scripts/output/[3]noaa-adcp/pca/noaa-adcp-201501.c.cpp.csv
-> size (bytes): 450,344
-> 34.67% of original


RESULTS
--------------------------(same file!)
CoderPCA
ORIGINAL FILE:
-> name: /Users/pablocerve/Documents/FING/Proyecto/datasets-csv/[3]noaa-adcp/2015/noaa-adcp-201501.csv
-> size (bytes): 1,298,980
COMPRESSED FILE:
-> name: /Users/pablocerve/Documents/FING/Proyecto/pc-tesis/dataset_parser/scripts/output/[3]noaa-adcp/pca/noaa-adcp-201501.c.cpp.csv
-> size (bytes): 450,152
-> 34.65% of original


RESULTS
--------------------------(same file!)
CoderPCA
ORIGINAL FILE:
-> name: /Users/pablocerve/Documents/FING/Proyecto/datasets-csv/[3]noaa-adcp/2015/noaa-adcp-201501.csv
-> size (bytes): 1,298,980
COMPRESSED FILE:
-> name: /Users/pablocerve/Documents/FING/Proyecto/pc-tesis/dataset_parser/scripts/output/[3]noaa-adcp/pca/noaa-adcp-201501.c.cpp.csv
-> size (bytes): 457,149
-> 35.19% of original


RESULTS
--------------------------(same file!)
CoderPCA
ORIGINAL FILE:
-> name: /Users/pablocerve/Documents/FING/Proyecto/datasets-csv/[3]noaa-adcp/2015/noaa-adcp-201501.csv
-> size (bytes): 1,298,980
COMPRESSED FILE:
-> name: /Users/pablocerve/Documents/FING/Proyecto/pc-tesis/dataset_parser/scripts/output/[3]noaa-adcp/pca/noaa-adcp-201501.c.cpp.csv
-> size (bytes): 453,576
-> 34.92% of original


RESULTS
--------------------------(same file!)
CoderPCA
ORIGINAL FILE:
-> name: /Users/pablocerve/Documents/FING/Proyecto/datasets-csv/[3]noaa-adcp/2015/noaa-adcp-201501.csv
-> size (bytes): 1,298,980
COMPRESSED FILE:
-> name: /Users/pablocerve/Documents/FING/Proyecto/pc-tesis/dataset_parser/scripts/output/[3]noaa-adcp/pca/noaa-adcp-201501.c.cpp.csv
-> size (bytes): 451,406
-> 34.75% of original


RESULTS
--------------------------(same file!)
CoderPCA
ORIGINAL FILE:
-> name: /Users/pablocerve/Documents/FING/Proyecto/datasets-csv/[3]noaa-adcp/2015/noaa-adcp-201501.csv
-> size (bytes): 1,298,980
COMPRESSED FILE:
-> name: /Users/pablocerve/Documents/FING/Proyecto/pc-tesis/dataset_parser/scripts/output/[3]noaa-adcp/pca/noaa-adcp-201501.c.cpp.csv
-> size (bytes): 450,682
-> 34.7% of original


RESULTS
--------------------------(same file!)
CoderPCA
ORIGINAL FILE:
-> name: /Users/pablocerve/Documents/FING/Proyecto/datasets-csv/[3]noaa-adcp/2015/noaa-adcp-201501.csv
-> size (bytes): 1,298,980
COMPRESSED FILE:
-> name: /Users/pablocerve/Documents/FING/Proyecto/pc-tesis/dataset_parser/scripts/output/[3]noaa-adcp/pca/noaa-adcp-201501.c.cpp.csv
-> size (bytes): 450,344
-> 34.67% of original


RESULTS
--------------------------(same file!)
CoderPCA
ORIGINAL FILE:
-> name: /Users/pablocerve/Documents/FING/Proyecto/datasets-csv/[3]noaa-adcp/2015/noaa-adcp-201501.csv
-> size (bytes): 1,298,980
COMPRESSED FILE:
-> name: /Users/pablocerve/Documents/FING/Proyecto/pc-tesis/dataset_parser/scripts/output/[3]noaa-adcp/pca/noaa-adcp-201501.c.cpp.csv
-> size (bytes): 450,152
-> 34.65% of original


RESULTS
--------------------------(same file!)
CoderPCA
ORIGINAL FILE:
-> name: /Users/pablocerve/Documents/FING/Proyecto/datasets-csv/[3]noaa-adcp/2015/noaa-adcp-201501.csv
-> size (bytes): 1,298,980
COMPRESSED FILE:
-> name: /Users/pablocerve/Documents/FING/Proyecto/pc-tesis/dataset_parser/scripts/output/[3]noaa-adcp/pca/noaa-adcp-201501.c.cpp.csv
-> size (bytes): 456,933
-> 35.18% of original


RESULTS
--------------------------(same file!)
CoderPCA
ORIGINAL FILE:
-> name: /Users/pablocerve/Documents/FING/Proyecto/datasets-csv/[3]noaa-adcp/2015/noaa-adcp-201501.csv
-> size (bytes): 1,298,980
COMPRESSED FILE:
-> name: /Users/pablocerve/Documents/FING/Proyecto/pc-tesis/dataset_parser/scripts/output/[3]noaa-adcp/pca/noaa-adcp-201501.c.cpp.csv
-> size (bytes): 453,576
-> 34.92% of original


RESULTS
--------------------------(same file!)
CoderPCA
ORIGINAL FILE:
-> name: /Users/pablocerve/Documents/FING/Proyecto/datasets-csv/[3]noaa-adcp/2015/noaa-adcp-201501.csv
-> size (bytes): 1,298,980
COMPRESSED FILE:
-> name: /Users/pablocerve/Documents/FING/Proyecto/pc-tesis/dataset_parser/scripts/output/[3]noaa-adcp/pca/noaa-adcp-201501.c.cpp.csv
-> size (bytes): 451,406
-> 34.75% of original


RESULTS
--------------------------(same file!)
CoderPCA
ORIGINAL FILE:
-> name: /Users/pablocerve/Documents/FING/Proyecto/datasets-csv/[3]noaa-adcp/2015/noaa-adcp-201501.csv
-> size (bytes): 1,298,980
COMPRESSED FILE:
-> name: /Users/pablocerve/Documents/FING/Proyecto/pc-tesis/dataset_parser/scripts/output/[3]noaa-adcp/pca/noaa-adcp-201501.c.cpp.csv
-> size (bytes): 450,682
-> 34.7% of original


RESULTS
--------------------------(same file!)
CoderPCA
ORIGINAL FILE:
-> name: /Users/pablocerve/Documents/FING/Proyecto/datasets-csv/[3]noaa-adcp/2015/noaa-adcp-201501.csv
-> size (bytes): 1,298,980
COMPRESSED FILE:
-> name: /Users/pablocerve/Documents/FING/Proyecto/pc-tesis/dataset_parser/scripts/output/[3]noaa-adcp/pca/noaa-adcp-201501.c.cpp.csv
-> size (bytes): 450,344
-> 34.67% of original


RESULTS
--------------------------(same file!)
CoderPCA
ORIGINAL FILE:
-> name: /Users/pablocerve/Documents/FING/Proyecto/datasets-csv/[3]noaa-adcp/2015/noaa-adcp-201501.csv
-> size (bytes): 1,298,980
COMPRESSED FILE:
-> name: /Users/pablocerve/Documents/FING/Proyecto/pc-tesis/dataset_parser/scripts/output/[3]noaa-adcp/pca/noaa-adcp-201501.c.cpp.csv
-> size (bytes): 450,152
-> 34.65% of original


RESULTS
--------------------------(same file!)
CoderPCA
ORIGINAL FILE:
-> name: /Users/pablocerve/Documents/FING/Proyecto/datasets-csv/[3]noaa-adcp/2015/noaa-adcp-201501.csv
-> size (bytes): 1,298,980
COMPRESSED FILE:
-> name: /Users/pablocerve/Documents/FING/Proyecto/pc-tesis/dataset_parser/scripts/output/[3]noaa-adcp/pca/noaa-adcp-201501.c.cpp.csv
-> size (bytes): 455,955
-> 35.1% of original


RESULTS
--------------------------(same file!)
CoderPCA
ORIGINAL FILE:
-> name: /Users/pablocerve/Documents/FING/Proyecto/datasets-csv/[3]noaa-adcp/2015/noaa-adcp-201501.csv
-> size (bytes): 1,298,980
COMPRESSED FILE:
-> name: /Users/pablocerve/Documents/FING/Proyecto/pc-tesis/dataset_parser/scripts/output/[3]noaa-adcp/pca/noaa-adcp-201501.c.cpp.csv
-> size (bytes): 453,576
-> 34.92% of original


RESULTS
--------------------------(same file!)
CoderPCA
ORIGINAL FILE:
-> name: /Users/pablocerve/Documents/FING/Proyecto/datasets-csv/[3]noaa-adcp/2015/noaa-adcp-201501.csv
-> size (bytes): 1,298,980
COMPRESSED FILE:
-> name: /Users/pablocerve/Documents/FING/Proyecto/pc-tesis/dataset_parser/scripts/output/[3]noaa-adcp/pca/noaa-adcp-201501.c.cpp.csv
-> size (bytes): 451,406
-> 34.75% of original


RESULTS
--------------------------(same file!)
CoderPCA
ORIGINAL FILE:
-> name: /Users/pablocerve/Documents/FING/Proyecto/datasets-csv/[3]noaa-adcp/2015/noaa-adcp-201501.csv
-> size (bytes): 1,298,980
COMPRESSED FILE:
-> name: /Users/pablocerve/Documents/FING/Proyecto/pc-tesis/dataset_parser/scripts/output/[3]noaa-adcp/pca/noaa-adcp-201501.c.cpp.csv
-> size (bytes): 450,682
-> 34.7% of original


RESULTS
--------------------------(same file!)
CoderPCA
ORIGINAL FILE:
-> name: /Users/pablocerve/Documents/FING/Proyecto/datasets-csv/[3]noaa-adcp/2015/noaa-adcp-201501.csv
-> size (bytes): 1,298,980
COMPRESSED FILE:
-> name: /Users/pablocerve/Documents/FING/Proyecto/pc-tesis/dataset_parser/scripts/output/[3]noaa-adcp/pca/noaa-adcp-201501.c.cpp.csv
-> size (bytes): 450,344
-> 34.67% of original


RESULTS
--------------------------(same file!)
CoderPCA
ORIGINAL FILE:
-> name: /Users/pablocerve/Documents/FING/Proyecto/datasets-csv/[3]noaa-adcp/2015/noaa-adcp-201501.csv
-> size (bytes): 1,298,980
COMPRESSED FILE:
-> name: /Users/pablocerve/Documents/FING/Proyecto/pc-tesis/dataset_parser/scripts/output/[3]noaa-adcp/pca/noaa-adcp-201501.c.cpp.csv
-> size (bytes): 450,152
-> 34.65% of original


RESULTS
--------------------------(same file!)
CoderPCA
ORIGINAL FILE:
-> name: /Users/pablocerve/Documents/FING/Proyecto/datasets-csv/[3]noaa-adcp/2015/noaa-adcp-201501.csv
-> size (bytes): 1,298,980
COMPRESSED FILE:
-> name: /Users/pablocerve/Documents/FING/Proyecto/pc-tesis/dataset_parser/scripts/output/[3]noaa-adcp/pca/noaa-adcp-201501.c.cpp.csv
-> size (bytes): 445,155
-> 34.27% of original


RESULTS
--------------------------(same file!)
CoderPCA
ORIGINAL FILE:
-> name: /Users/pablocerve/Documents/FING/Proyecto/datasets-csv/[3]noaa-adcp/2015/noaa-adcp-201501.csv
-> size (bytes): 1,298,980
COMPRESSED FILE:
-> name: /Users/pablocerve/Documents/FING/Proyecto/pc-tesis/dataset_parser/scripts/output/[3]noaa-adcp/pca/noaa-adcp-201501.c.cpp.csv
-> size (bytes): 453,252
-> 34.89% of original


RESULTS
--------------------------(same file!)
CoderPCA
ORIGINAL FILE:
-> name: /Users/pablocerve/Documents/FING/Proyecto/datasets-csv/[3]noaa-adcp/2015/noaa-adcp-201501.csv
-> size (bytes): 1,298,980
COMPRESSED FILE:
-> name: /Users/pablocerve/Documents/FING/Proyecto/pc-tesis/dataset_parser/scripts/output/[3]noaa-adcp/pca/noaa-adcp-201501.c.cpp.csv
-> size (bytes): 451,406
-> 34.75% of original


RESULTS
--------------------------(same file!)
CoderPCA
ORIGINAL FILE:
-> name: /Users/pablocerve/Documents/FING/Proyecto/datasets-csv/[3]noaa-adcp/2015/noaa-adcp-201501.csv
-> size (bytes): 1,298,980
COMPRESSED FILE:
-> name: /Users/pablocerve/Documents/FING/Proyecto/pc-tesis/dataset_parser/scripts/output/[3]noaa-adcp/pca/noaa-adcp-201501.c.cpp.csv
-> size (bytes): 450,682
-> 34.7% of original


RESULTS
--------------------------(same file!)
CoderPCA
ORIGINAL FILE:
-> name: /Users/pablocerve/Documents/FING/Proyecto/datasets-csv/[3]noaa-adcp/2015/noaa-adcp-201501.csv
-> size (bytes): 1,298,980
COMPRESSED FILE:
-> name: /Users/pablocerve/Documents/FING/Proyecto/pc-tesis/dataset_parser/scripts/output/[3]noaa-adcp/pca/noaa-adcp-201501.c.cpp.csv
-> size (bytes): 450,344
-> 34.67% of original


RESULTS
--------------------------(same file!)
CoderPCA
ORIGINAL FILE:
-> name: /Users/pablocerve/Documents/FING/Proyecto/datasets-csv/[3]noaa-adcp/2015/noaa-adcp-201501.csv
-> size (bytes): 1,298,980
COMPRESSED FILE:
-> name: /Users/pablocerve/Documents/FING/Proyecto/pc-tesis/dataset_parser/scripts/output/[3]noaa-adcp/pca/noaa-adcp-201501.c.cpp.csv
-> size (bytes): 450,152
-> 34.65% of original


RESULTS
--------------------------(same file!)
CoderPCA
ORIGINAL FILE:
-> name: /Users/pablocerve/Documents/FING/Proyecto/datasets-csv/[3]noaa-adcp/2015/noaa-adcp-201501.csv
-> size (bytes): 1,298,980
COMPRESSED FILE:
-> name: /Users/pablocerve/Documents/FING/Proyecto/pc-tesis/dataset_parser/scripts/output/[3]noaa-adcp/pca/noaa-adcp-201501.c.cpp.csv
-> size (bytes): 422,421
-> 32.52% of original


RESULTS
--------------------------(same file!)
CoderPCA
ORIGINAL FILE:
-> name: /Users/pablocerve/Documents/FING/Proyecto/datasets-csv/[3]noaa-adcp/2015/noaa-adcp-201501.csv
-> size (bytes): 1,298,980
COMPRESSED FILE:
-> name: /Users/pablocerve/Documents/FING/Proyecto/pc-tesis/dataset_parser/scripts/output/[3]noaa-adcp/pca/noaa-adcp-201501.c.cpp.csv
-> size (bytes): 450,390
-> 34.67% of original


RESULTS
--------------------------(same file!)
CoderPCA
ORIGINAL FILE:
-> name: /Users/pablocerve/Documents/FING/Proyecto/datasets-csv/[3]noaa-adcp/2015/noaa-adcp-201501.csv
-> size (bytes): 1,298,980
COMPRESSED FILE:
-> name: /Users/pablocerve/Documents/FING/Proyecto/pc-tesis/dataset_parser/scripts/output/[3]noaa-adcp/pca/noaa-adcp-201501.c.cpp.csv
-> size (bytes): 451,370
-> 34.75% of original


RESULTS
--------------------------(same file!)
CoderPCA
ORIGINAL FILE:
-> name: /Users/pablocerve/Documents/FING/Proyecto/datasets-csv/[3]noaa-adcp/2015/noaa-adcp-201501.csv
-> size (bytes): 1,298,980
COMPRESSED FILE:
-> name: /Users/pablocerve/Documents/FING/Proyecto/pc-tesis/dataset_parser/scripts/output/[3]noaa-adcp/pca/noaa-adcp-201501.c.cpp.csv
-> size (bytes): 450,682
-> 34.7% of original


RESULTS
--------------------------(same file!)
CoderPCA
ORIGINAL FILE:
-> name: /Users/pablocerve/Documents/FING/Proyecto/datasets-csv/[3]noaa-adcp/2015/noaa-adcp-201501.csv
-> size (bytes): 1,298,980
COMPRESSED FILE:
-> name: /Users/pablocerve/Documents/FING/Proyecto/pc-tesis/dataset_parser/scripts/output/[3]noaa-adcp/pca/noaa-adcp-201501.c.cpp.csv
-> size (bytes): 450,344
-> 34.67% of original


RESULTS
--------------------------(same file!)
CoderPCA
ORIGINAL FILE:
-> name: /Users/pablocerve/Documents/FING/Proyecto/datasets-csv/[3]noaa-adcp/2015/noaa-adcp-201501.csv
-> size (bytes): 1,298,980
COMPRESSED FILE:
-> name: /Users/pablocerve/Documents/FING/Proyecto/pc-tesis/dataset_parser/scripts/output/[3]noaa-adcp/pca/noaa-adcp-201501.c.cpp.csv
-> size (bytes): 450,152
-> 34.65% of original


RESULTS
--------------------------(same file!)
CoderPCA
ORIGINAL FILE:
-> name: /Users/pablocerve/Documents/FING/Proyecto/datasets-csv/[3]noaa-adcp/2015/noaa-adcp-201501.csv
-> size (bytes): 1,298,980
COMPRESSED FILE:
-> name: /Users/pablocerve/Documents/FING/Proyecto/pc-tesis/dataset_parser/scripts/output/[3]noaa-adcp/pca/noaa-adcp-201501.c.cpp.csv
-> size (bytes): 392,181
-> 30.19% of original


RESULTS
--------------------------(same file!)
CoderPCA
ORIGINAL FILE:
-> name: /Users/pablocerve/Documents/FING/Proyecto/datasets-csv/[3]noaa-adcp/2015/noaa-adcp-201501.csv
-> size (bytes): 1,298,980
COMPRESSED FILE:
-> name: /Users/pablocerve/Documents/FING/Proyecto/pc-tesis/dataset_parser/scripts/output/[3]noaa-adcp/pca/noaa-adcp-201501.c.cpp.csv
-> size (bytes): 442,790
-> 34.09% of original


RESULTS
--------------------------(same file!)
CoderPCA
ORIGINAL FILE:
-> name: /Users/pablocerve/Documents/FING/Proyecto/datasets-csv/[3]noaa-adcp/2015/noaa-adcp-201501.csv
-> size (bytes): 1,298,980
COMPRESSED FILE:
-> name: /Users/pablocerve/Documents/FING/Proyecto/pc-tesis/dataset_parser/scripts/output/[3]noaa-adcp/pca/noaa-adcp-201501.c.cpp.csv
-> size (bytes): 451,082
-> 34.73% of original


RESULTS
--------------------------(same file!)
CoderPCA
ORIGINAL FILE:
-> name: /Users/pablocerve/Documents/FING/Proyecto/datasets-csv/[3]noaa-adcp/2015/noaa-adcp-201501.csv
-> size (bytes): 1,298,980
COMPRESSED FILE:
-> name: /Users/pablocerve/Documents/FING/Proyecto/pc-tesis/dataset_parser/scripts/output/[3]noaa-adcp/pca/noaa-adcp-201501.c.cpp.csv
-> size (bytes): 450,682
-> 34.7% of original


RESULTS
--------------------------(same file!)
CoderPCA
ORIGINAL FILE:
-> name: /Users/pablocerve/Documents/FING/Proyecto/datasets-csv/[3]noaa-adcp/2015/noaa-adcp-201501.csv
-> size (bytes): 1,298,980
COMPRESSED FILE:
-> name: /Users/pablocerve/Documents/FING/Proyecto/pc-tesis/dataset_parser/scripts/output/[3]noaa-adcp/pca/noaa-adcp-201501.c.cpp.csv
-> size (bytes): 450,344
-> 34.67% of original


RESULTS
--------------------------(same file!)
CoderPCA
ORIGINAL FILE:
-> name: /Users/pablocerve/Documents/FING/Proyecto/datasets-csv/[3]noaa-adcp/2015/noaa-adcp-201501.csv
-> size (bytes): 1,298,980
COMPRESSED FILE:
-> name: /Users/pablocerve/Documents/FING/Proyecto/pc-tesis/dataset_parser/scripts/output/[3]noaa-adcp/pca/noaa-adcp-201501.c.cpp.csv
-> size (bytes): 450,152
-> 34.65% of original


RESULTS
--------------------------(same file!)
CoderPCA
ORIGINAL FILE:
-> name: /Users/pablocerve/Documents/FING/Proyecto/datasets-csv/[3]noaa-adcp/2015/noaa-adcp-201501.csv
-> size (bytes): 1,298,980
COMPRESSED FILE:
-> name: /Users/pablocerve/Documents/FING/Proyecto/pc-tesis/dataset_parser/scripts/output/[3]noaa-adcp/pca/noaa-adcp-201501.c.cpp.csv
-> size (bytes): 328,125
-> 25.26% of original


RESULTS
--------------------------(same file!)
CoderPCA
ORIGINAL FILE:
-> name: /Users/pablocerve/Documents/FING/Proyecto/datasets-csv/[3]noaa-adcp/2015/noaa-adcp-201501.csv
-> size (bytes): 1,298,980
COMPRESSED FILE:
-> name: /Users/pablocerve/Documents/FING/Proyecto/pc-tesis/dataset_parser/scripts/output/[3]noaa-adcp/pca/noaa-adcp-201501.c.cpp.csv
-> size (bytes): 410,673
-> 31.62% of original


RESULTS
--------------------------(same file!)
CoderPCA
ORIGINAL FILE:
-> name: /Users/pablocerve/Documents/FING/Proyecto/datasets-csv/[3]noaa-adcp/2015/noaa-adcp-201501.csv
-> size (bytes): 1,298,980
COMPRESSED FILE:
-> name: /Users/pablocerve/Documents/FING/Proyecto/pc-tesis/dataset_parser/scripts/output/[3]noaa-adcp/pca/noaa-adcp-201501.c.cpp.csv
-> size (bytes): 447,266
-> 34.43% of original


RESULTS
--------------------------(same file!)
CoderPCA
ORIGINAL FILE:
-> name: /Users/pablocerve/Documents/FING/Proyecto/datasets-csv/[3]noaa-adcp/2015/noaa-adcp-201501.csv
-> size (bytes): 1,298,980
COMPRESSED FILE:
-> name: /Users/pablocerve/Documents/FING/Proyecto/pc-tesis/dataset_parser/scripts/output/[3]noaa-adcp/pca/noaa-adcp-201501.c.cpp.csv
-> size (bytes): 450,388
-> 34.67% of original


RESULTS
--------------------------(same file!)
CoderPCA
ORIGINAL FILE:
-> name: /Users/pablocerve/Documents/FING/Proyecto/datasets-csv/[3]noaa-adcp/2015/noaa-adcp-201501.csv
-> size (bytes): 1,298,980
COMPRESSED FILE:
-> name: /Users/pablocerve/Documents/FING/Proyecto/pc-tesis/dataset_parser/scripts/output/[3]noaa-adcp/pca/noaa-adcp-201501.c.cpp.csv
-> size (bytes): 450,344
-> 34.67% of original


RESULTS
--------------------------(same file!)
CoderPCA
ORIGINAL FILE:
-> name: /Users/pablocerve/Documents/FING/Proyecto/datasets-csv/[3]noaa-adcp/2015/noaa-adcp-201501.csv
-> size (bytes): 1,298,980
COMPRESSED FILE:
-> name: /Users/pablocerve/Documents/FING/Proyecto/pc-tesis/dataset_parser/scripts/output/[3]noaa-adcp/pca/noaa-adcp-201501.c.cpp.csv
-> size (bytes): 450,152
-> 34.65% of original


RESULTS
--------------------------(same file!)
CoderBasic
ORIGINAL FILE:
-> name: /Users/pablocerve/Documents/FING/Proyecto/datasets-csv/[3]noaa-adcp/2015/noaa-adcp-201502.csv
-> size (bytes): 1,183,923
COMPRESSED FILE:
-> name: /Users/pablocerve/Documents/FING/Proyecto/pc-tesis/dataset_parser/scripts/output/[3]noaa-adcp/basic/noaa-adcp-201502.c.cpp.csv
-> size (bytes): 588,400
-> 49.7% of original


RESULTS
--------------------------(same file!)
CoderPCA
ORIGINAL FILE:
-> name: /Users/pablocerve/Documents/FING/Proyecto/datasets-csv/[3]noaa-adcp/2015/noaa-adcp-201502.csv
-> size (bytes): 1,183,923
COMPRESSED FILE:
-> name: /Users/pablocerve/Documents/FING/Proyecto/pc-tesis/dataset_parser/scripts/output/[3]noaa-adcp/pca/noaa-adcp-201502.c.cpp.csv
-> size (bytes): 407,094
-> 34.39% of original


RESULTS
--------------------------(same file!)
CoderPCA
ORIGINAL FILE:
-> name: /Users/pablocerve/Documents/FING/Proyecto/datasets-csv/[3]noaa-adcp/2015/noaa-adcp-201502.csv
-> size (bytes): 1,183,923
COMPRESSED FILE:
-> name: /Users/pablocerve/Documents/FING/Proyecto/pc-tesis/dataset_parser/scripts/output/[3]noaa-adcp/pca/noaa-adcp-201502.c.cpp.csv
-> size (bytes): 403,911
-> 34.12% of original


RESULTS
--------------------------(same file!)
CoderPCA
ORIGINAL FILE:
-> name: /Users/pablocerve/Documents/FING/Proyecto/datasets-csv/[3]noaa-adcp/2015/noaa-adcp-201502.csv
-> size (bytes): 1,183,923
COMPRESSED FILE:
-> name: /Users/pablocerve/Documents/FING/Proyecto/pc-tesis/dataset_parser/scripts/output/[3]noaa-adcp/pca/noaa-adcp-201502.c.cpp.csv
-> size (bytes): 401,961
-> 33.95% of original


RESULTS
--------------------------(same file!)
CoderPCA
ORIGINAL FILE:
-> name: /Users/pablocerve/Documents/FING/Proyecto/datasets-csv/[3]noaa-adcp/2015/noaa-adcp-201502.csv
-> size (bytes): 1,183,923
COMPRESSED FILE:
-> name: /Users/pablocerve/Documents/FING/Proyecto/pc-tesis/dataset_parser/scripts/output/[3]noaa-adcp/pca/noaa-adcp-201502.c.cpp.csv
-> size (bytes): 401,342
-> 33.9% of original


RESULTS
--------------------------(same file!)
CoderPCA
ORIGINAL FILE:
-> name: /Users/pablocerve/Documents/FING/Proyecto/datasets-csv/[3]noaa-adcp/2015/noaa-adcp-201502.csv
-> size (bytes): 1,183,923
COMPRESSED FILE:
-> name: /Users/pablocerve/Documents/FING/Proyecto/pc-tesis/dataset_parser/scripts/output/[3]noaa-adcp/pca/noaa-adcp-201502.c.cpp.csv
-> size (bytes): 401,009
-> 33.87% of original


RESULTS
--------------------------(same file!)
CoderPCA
ORIGINAL FILE:
-> name: /Users/pablocerve/Documents/FING/Proyecto/datasets-csv/[3]noaa-adcp/2015/noaa-adcp-201502.csv
-> size (bytes): 1,183,923
COMPRESSED FILE:
-> name: /Users/pablocerve/Documents/FING/Proyecto/pc-tesis/dataset_parser/scripts/output/[3]noaa-adcp/pca/noaa-adcp-201502.c.cpp.csv
-> size (bytes): 400,866
-> 33.86% of original


RESULTS
--------------------------(same file!)
CoderPCA
ORIGINAL FILE:
-> name: /Users/pablocerve/Documents/FING/Proyecto/datasets-csv/[3]noaa-adcp/2015/noaa-adcp-201502.csv
-> size (bytes): 1,183,923
COMPRESSED FILE:
-> name: /Users/pablocerve/Documents/FING/Proyecto/pc-tesis/dataset_parser/scripts/output/[3]noaa-adcp/pca/noaa-adcp-201502.c.cpp.csv
-> size (bytes): 407,082
-> 34.38% of original


RESULTS
--------------------------(same file!)
CoderPCA
ORIGINAL FILE:
-> name: /Users/pablocerve/Documents/FING/Proyecto/datasets-csv/[3]noaa-adcp/2015/noaa-adcp-201502.csv
-> size (bytes): 1,183,923
COMPRESSED FILE:
-> name: /Users/pablocerve/Documents/FING/Proyecto/pc-tesis/dataset_parser/scripts/output/[3]noaa-adcp/pca/noaa-adcp-201502.c.cpp.csv
-> size (bytes): 403,911
-> 34.12% of original


RESULTS
--------------------------(same file!)
CoderPCA
ORIGINAL FILE:
-> name: /Users/pablocerve/Documents/FING/Proyecto/datasets-csv/[3]noaa-adcp/2015/noaa-adcp-201502.csv
-> size (bytes): 1,183,923
COMPRESSED FILE:
-> name: /Users/pablocerve/Documents/FING/Proyecto/pc-tesis/dataset_parser/scripts/output/[3]noaa-adcp/pca/noaa-adcp-201502.c.cpp.csv
-> size (bytes): 401,961
-> 33.95% of original


RESULTS
--------------------------(same file!)
CoderPCA
ORIGINAL FILE:
-> name: /Users/pablocerve/Documents/FING/Proyecto/datasets-csv/[3]noaa-adcp/2015/noaa-adcp-201502.csv
-> size (bytes): 1,183,923
COMPRESSED FILE:
-> name: /Users/pablocerve/Documents/FING/Proyecto/pc-tesis/dataset_parser/scripts/output/[3]noaa-adcp/pca/noaa-adcp-201502.c.cpp.csv
-> size (bytes): 401,342
-> 33.9% of original


RESULTS
--------------------------(same file!)
CoderPCA
ORIGINAL FILE:
-> name: /Users/pablocerve/Documents/FING/Proyecto/datasets-csv/[3]noaa-adcp/2015/noaa-adcp-201502.csv
-> size (bytes): 1,183,923
COMPRESSED FILE:
-> name: /Users/pablocerve/Documents/FING/Proyecto/pc-tesis/dataset_parser/scripts/output/[3]noaa-adcp/pca/noaa-adcp-201502.c.cpp.csv
-> size (bytes): 401,009
-> 33.87% of original


RESULTS
--------------------------(same file!)
CoderPCA
ORIGINAL FILE:
-> name: /Users/pablocerve/Documents/FING/Proyecto/datasets-csv/[3]noaa-adcp/2015/noaa-adcp-201502.csv
-> size (bytes): 1,183,923
COMPRESSED FILE:
-> name: /Users/pablocerve/Documents/FING/Proyecto/pc-tesis/dataset_parser/scripts/output/[3]noaa-adcp/pca/noaa-adcp-201502.c.cpp.csv
-> size (bytes): 400,866
-> 33.86% of original


RESULTS
--------------------------(same file!)
CoderPCA
ORIGINAL FILE:
-> name: /Users/pablocerve/Documents/FING/Proyecto/datasets-csv/[3]noaa-adcp/2015/noaa-adcp-201502.csv
-> size (bytes): 1,183,923
COMPRESSED FILE:
-> name: /Users/pablocerve/Documents/FING/Proyecto/pc-tesis/dataset_parser/scripts/output/[3]noaa-adcp/pca/noaa-adcp-201502.c.cpp.csv
-> size (bytes): 406,800
-> 34.36% of original


RESULTS
--------------------------(same file!)
CoderPCA
ORIGINAL FILE:
-> name: /Users/pablocerve/Documents/FING/Proyecto/datasets-csv/[3]noaa-adcp/2015/noaa-adcp-201502.csv
-> size (bytes): 1,183,923
COMPRESSED FILE:
-> name: /Users/pablocerve/Documents/FING/Proyecto/pc-tesis/dataset_parser/scripts/output/[3]noaa-adcp/pca/noaa-adcp-201502.c.cpp.csv
-> size (bytes): 403,911
-> 34.12% of original


RESULTS
--------------------------(same file!)
CoderPCA
ORIGINAL FILE:
-> name: /Users/pablocerve/Documents/FING/Proyecto/datasets-csv/[3]noaa-adcp/2015/noaa-adcp-201502.csv
-> size (bytes): 1,183,923
COMPRESSED FILE:
-> name: /Users/pablocerve/Documents/FING/Proyecto/pc-tesis/dataset_parser/scripts/output/[3]noaa-adcp/pca/noaa-adcp-201502.c.cpp.csv
-> size (bytes): 401,961
-> 33.95% of original


RESULTS
--------------------------(same file!)
CoderPCA
ORIGINAL FILE:
-> name: /Users/pablocerve/Documents/FING/Proyecto/datasets-csv/[3]noaa-adcp/2015/noaa-adcp-201502.csv
-> size (bytes): 1,183,923
COMPRESSED FILE:
-> name: /Users/pablocerve/Documents/FING/Proyecto/pc-tesis/dataset_parser/scripts/output/[3]noaa-adcp/pca/noaa-adcp-201502.c.cpp.csv
-> size (bytes): 401,342
-> 33.9% of original


RESULTS
--------------------------(same file!)
CoderPCA
ORIGINAL FILE:
-> name: /Users/pablocerve/Documents/FING/Proyecto/datasets-csv/[3]noaa-adcp/2015/noaa-adcp-201502.csv
-> size (bytes): 1,183,923
COMPRESSED FILE:
-> name: /Users/pablocerve/Documents/FING/Proyecto/pc-tesis/dataset_parser/scripts/output/[3]noaa-adcp/pca/noaa-adcp-201502.c.cpp.csv
-> size (bytes): 401,009
-> 33.87% of original


RESULTS
--------------------------(same file!)
CoderPCA
ORIGINAL FILE:
-> name: /Users/pablocerve/Documents/FING/Proyecto/datasets-csv/[3]noaa-adcp/2015/noaa-adcp-201502.csv
-> size (bytes): 1,183,923
COMPRESSED FILE:
-> name: /Users/pablocerve/Documents/FING/Proyecto/pc-tesis/dataset_parser/scripts/output/[3]noaa-adcp/pca/noaa-adcp-201502.c.cpp.csv
-> size (bytes): 400,866
-> 33.86% of original


RESULTS
--------------------------(same file!)
CoderPCA
ORIGINAL FILE:
-> name: /Users/pablocerve/Documents/FING/Proyecto/datasets-csv/[3]noaa-adcp/2015/noaa-adcp-201502.csv
-> size (bytes): 1,183,923
COMPRESSED FILE:
-> name: /Users/pablocerve/Documents/FING/Proyecto/pc-tesis/dataset_parser/scripts/output/[3]noaa-adcp/pca/noaa-adcp-201502.c.cpp.csv
-> size (bytes): 405,972
-> 34.29% of original


RESULTS
--------------------------(same file!)
CoderPCA
ORIGINAL FILE:
-> name: /Users/pablocerve/Documents/FING/Proyecto/datasets-csv/[3]noaa-adcp/2015/noaa-adcp-201502.csv
-> size (bytes): 1,183,923
COMPRESSED FILE:
-> name: /Users/pablocerve/Documents/FING/Proyecto/pc-tesis/dataset_parser/scripts/output/[3]noaa-adcp/pca/noaa-adcp-201502.c.cpp.csv
-> size (bytes): 403,911
-> 34.12% of original


RESULTS
--------------------------(same file!)
CoderPCA
ORIGINAL FILE:
-> name: /Users/pablocerve/Documents/FING/Proyecto/datasets-csv/[3]noaa-adcp/2015/noaa-adcp-201502.csv
-> size (bytes): 1,183,923
COMPRESSED FILE:
-> name: /Users/pablocerve/Documents/FING/Proyecto/pc-tesis/dataset_parser/scripts/output/[3]noaa-adcp/pca/noaa-adcp-201502.c.cpp.csv
-> size (bytes): 401,961
-> 33.95% of original


RESULTS
--------------------------(same file!)
CoderPCA
ORIGINAL FILE:
-> name: /Users/pablocerve/Documents/FING/Proyecto/datasets-csv/[3]noaa-adcp/2015/noaa-adcp-201502.csv
-> size (bytes): 1,183,923
COMPRESSED FILE:
-> name: /Users/pablocerve/Documents/FING/Proyecto/pc-tesis/dataset_parser/scripts/output/[3]noaa-adcp/pca/noaa-adcp-201502.c.cpp.csv
-> size (bytes): 401,342
-> 33.9% of original


RESULTS
--------------------------(same file!)
CoderPCA
ORIGINAL FILE:
-> name: /Users/pablocerve/Documents/FING/Proyecto/datasets-csv/[3]noaa-adcp/2015/noaa-adcp-201502.csv
-> size (bytes): 1,183,923
COMPRESSED FILE:
-> name: /Users/pablocerve/Documents/FING/Proyecto/pc-tesis/dataset_parser/scripts/output/[3]noaa-adcp/pca/noaa-adcp-201502.c.cpp.csv
-> size (bytes): 401,009
-> 33.87% of original


RESULTS
--------------------------(same file!)
CoderPCA
ORIGINAL FILE:
-> name: /Users/pablocerve/Documents/FING/Proyecto/datasets-csv/[3]noaa-adcp/2015/noaa-adcp-201502.csv
-> size (bytes): 1,183,923
COMPRESSED FILE:
-> name: /Users/pablocerve/Documents/FING/Proyecto/pc-tesis/dataset_parser/scripts/output/[3]noaa-adcp/pca/noaa-adcp-201502.c.cpp.csv
-> size (bytes): 400,866
-> 33.86% of original


RESULTS
--------------------------(same file!)
CoderPCA
ORIGINAL FILE:
-> name: /Users/pablocerve/Documents/FING/Proyecto/datasets-csv/[3]noaa-adcp/2015/noaa-adcp-201502.csv
-> size (bytes): 1,183,923
COMPRESSED FILE:
-> name: /Users/pablocerve/Documents/FING/Proyecto/pc-tesis/dataset_parser/scripts/output/[3]noaa-adcp/pca/noaa-adcp-201502.c.cpp.csv
-> size (bytes): 395,742
-> 33.43% of original


RESULTS
--------------------------(same file!)
CoderPCA
ORIGINAL FILE:
-> name: /Users/pablocerve/Documents/FING/Proyecto/datasets-csv/[3]noaa-adcp/2015/noaa-adcp-201502.csv
-> size (bytes): 1,183,923
COMPRESSED FILE:
-> name: /Users/pablocerve/Documents/FING/Proyecto/pc-tesis/dataset_parser/scripts/output/[3]noaa-adcp/pca/noaa-adcp-201502.c.cpp.csv
-> size (bytes): 403,600
-> 34.09% of original


RESULTS
--------------------------(same file!)
CoderPCA
ORIGINAL FILE:
-> name: /Users/pablocerve/Documents/FING/Proyecto/datasets-csv/[3]noaa-adcp/2015/noaa-adcp-201502.csv
-> size (bytes): 1,183,923
COMPRESSED FILE:
-> name: /Users/pablocerve/Documents/FING/Proyecto/pc-tesis/dataset_parser/scripts/output/[3]noaa-adcp/pca/noaa-adcp-201502.c.cpp.csv
-> size (bytes): 401,961
-> 33.95% of original


RESULTS
--------------------------(same file!)
CoderPCA
ORIGINAL FILE:
-> name: /Users/pablocerve/Documents/FING/Proyecto/datasets-csv/[3]noaa-adcp/2015/noaa-adcp-201502.csv
-> size (bytes): 1,183,923
COMPRESSED FILE:
-> name: /Users/pablocerve/Documents/FING/Proyecto/pc-tesis/dataset_parser/scripts/output/[3]noaa-adcp/pca/noaa-adcp-201502.c.cpp.csv
-> size (bytes): 401,342
-> 33.9% of original


RESULTS
--------------------------(same file!)
CoderPCA
ORIGINAL FILE:
-> name: /Users/pablocerve/Documents/FING/Proyecto/datasets-csv/[3]noaa-adcp/2015/noaa-adcp-201502.csv
-> size (bytes): 1,183,923
COMPRESSED FILE:
-> name: /Users/pablocerve/Documents/FING/Proyecto/pc-tesis/dataset_parser/scripts/output/[3]noaa-adcp/pca/noaa-adcp-201502.c.cpp.csv
-> size (bytes): 401,009
-> 33.87% of original


RESULTS
--------------------------(same file!)
CoderPCA
ORIGINAL FILE:
-> name: /Users/pablocerve/Documents/FING/Proyecto/datasets-csv/[3]noaa-adcp/2015/noaa-adcp-201502.csv
-> size (bytes): 1,183,923
COMPRESSED FILE:
-> name: /Users/pablocerve/Documents/FING/Proyecto/pc-tesis/dataset_parser/scripts/output/[3]noaa-adcp/pca/noaa-adcp-201502.c.cpp.csv
-> size (bytes): 400,866
-> 33.86% of original


RESULTS
--------------------------(same file!)
CoderPCA
ORIGINAL FILE:
-> name: /Users/pablocerve/Documents/FING/Proyecto/datasets-csv/[3]noaa-adcp/2015/noaa-adcp-201502.csv
-> size (bytes): 1,183,923
COMPRESSED FILE:
-> name: /Users/pablocerve/Documents/FING/Proyecto/pc-tesis/dataset_parser/scripts/output/[3]noaa-adcp/pca/noaa-adcp-201502.c.cpp.csv
-> size (bytes): 375,570
-> 31.72% of original


RESULTS
--------------------------(same file!)
CoderPCA
ORIGINAL FILE:
-> name: /Users/pablocerve/Documents/FING/Proyecto/datasets-csv/[3]noaa-adcp/2015/noaa-adcp-201502.csv
-> size (bytes): 1,183,923
COMPRESSED FILE:
-> name: /Users/pablocerve/Documents/FING/Proyecto/pc-tesis/dataset_parser/scripts/output/[3]noaa-adcp/pca/noaa-adcp-201502.c.cpp.csv
-> size (bytes): 400,441
-> 33.82% of original


RESULTS
--------------------------(same file!)
CoderPCA
ORIGINAL FILE:
-> name: /Users/pablocerve/Documents/FING/Proyecto/datasets-csv/[3]noaa-adcp/2015/noaa-adcp-201502.csv
-> size (bytes): 1,183,923
COMPRESSED FILE:
-> name: /Users/pablocerve/Documents/FING/Proyecto/pc-tesis/dataset_parser/scripts/output/[3]noaa-adcp/pca/noaa-adcp-201502.c.cpp.csv
-> size (bytes): 401,925
-> 33.95% of original


RESULTS
--------------------------(same file!)
CoderPCA
ORIGINAL FILE:
-> name: /Users/pablocerve/Documents/FING/Proyecto/datasets-csv/[3]noaa-adcp/2015/noaa-adcp-201502.csv
-> size (bytes): 1,183,923
COMPRESSED FILE:
-> name: /Users/pablocerve/Documents/FING/Proyecto/pc-tesis/dataset_parser/scripts/output/[3]noaa-adcp/pca/noaa-adcp-201502.c.cpp.csv
-> size (bytes): 401,342
-> 33.9% of original


RESULTS
--------------------------(same file!)
CoderPCA
ORIGINAL FILE:
-> name: /Users/pablocerve/Documents/FING/Proyecto/datasets-csv/[3]noaa-adcp/2015/noaa-adcp-201502.csv
-> size (bytes): 1,183,923
COMPRESSED FILE:
-> name: /Users/pablocerve/Documents/FING/Proyecto/pc-tesis/dataset_parser/scripts/output/[3]noaa-adcp/pca/noaa-adcp-201502.c.cpp.csv
-> size (bytes): 401,009
-> 33.87% of original


RESULTS
--------------------------(same file!)
CoderPCA
ORIGINAL FILE:
-> name: /Users/pablocerve/Documents/FING/Proyecto/datasets-csv/[3]noaa-adcp/2015/noaa-adcp-201502.csv
-> size (bytes): 1,183,923
COMPRESSED FILE:
-> name: /Users/pablocerve/Documents/FING/Proyecto/pc-tesis/dataset_parser/scripts/output/[3]noaa-adcp/pca/noaa-adcp-201502.c.cpp.csv
-> size (bytes): 400,866
-> 33.86% of original


RESULTS
--------------------------(same file!)
CoderPCA
ORIGINAL FILE:
-> name: /Users/pablocerve/Documents/FING/Proyecto/datasets-csv/[3]noaa-adcp/2015/noaa-adcp-201502.csv
-> size (bytes): 1,183,923
COMPRESSED FILE:
-> name: /Users/pablocerve/Documents/FING/Proyecto/pc-tesis/dataset_parser/scripts/output/[3]noaa-adcp/pca/noaa-adcp-201502.c.cpp.csv
-> size (bytes): 349,674
-> 29.54% of original


RESULTS
--------------------------(same file!)
CoderPCA
ORIGINAL FILE:
-> name: /Users/pablocerve/Documents/FING/Proyecto/datasets-csv/[3]noaa-adcp/2015/noaa-adcp-201502.csv
-> size (bytes): 1,183,923
COMPRESSED FILE:
-> name: /Users/pablocerve/Documents/FING/Proyecto/pc-tesis/dataset_parser/scripts/output/[3]noaa-adcp/pca/noaa-adcp-201502.c.cpp.csv
-> size (bytes): 392,530
-> 33.16% of original


RESULTS
--------------------------(same file!)
CoderPCA
ORIGINAL FILE:
-> name: /Users/pablocerve/Documents/FING/Proyecto/datasets-csv/[3]noaa-adcp/2015/noaa-adcp-201502.csv
-> size (bytes): 1,183,923
COMPRESSED FILE:
-> name: /Users/pablocerve/Documents/FING/Proyecto/pc-tesis/dataset_parser/scripts/output/[3]noaa-adcp/pca/noaa-adcp-201502.c.cpp.csv
-> size (bytes): 401,529
-> 33.92% of original


RESULTS
--------------------------(same file!)
CoderPCA
ORIGINAL FILE:
-> name: /Users/pablocerve/Documents/FING/Proyecto/datasets-csv/[3]noaa-adcp/2015/noaa-adcp-201502.csv
-> size (bytes): 1,183,923
COMPRESSED FILE:
-> name: /Users/pablocerve/Documents/FING/Proyecto/pc-tesis/dataset_parser/scripts/output/[3]noaa-adcp/pca/noaa-adcp-201502.c.cpp.csv
-> size (bytes): 401,342
-> 33.9% of original


RESULTS
--------------------------(same file!)
CoderPCA
ORIGINAL FILE:
-> name: /Users/pablocerve/Documents/FING/Proyecto/datasets-csv/[3]noaa-adcp/2015/noaa-adcp-201502.csv
-> size (bytes): 1,183,923
COMPRESSED FILE:
-> name: /Users/pablocerve/Documents/FING/Proyecto/pc-tesis/dataset_parser/scripts/output/[3]noaa-adcp/pca/noaa-adcp-201502.c.cpp.csv
-> size (bytes): 401,009
-> 33.87% of original


RESULTS
--------------------------(same file!)
CoderPCA
ORIGINAL FILE:
-> name: /Users/pablocerve/Documents/FING/Proyecto/datasets-csv/[3]noaa-adcp/2015/noaa-adcp-201502.csv
-> size (bytes): 1,183,923
COMPRESSED FILE:
-> name: /Users/pablocerve/Documents/FING/Proyecto/pc-tesis/dataset_parser/scripts/output/[3]noaa-adcp/pca/noaa-adcp-201502.c.cpp.csv
-> size (bytes): 400,866
-> 33.86% of original


RESULTS
--------------------------(same file!)
CoderPCA
ORIGINAL FILE:
-> name: /Users/pablocerve/Documents/FING/Proyecto/datasets-csv/[3]noaa-adcp/2015/noaa-adcp-201502.csv
-> size (bytes): 1,183,923
COMPRESSED FILE:
-> name: /Users/pablocerve/Documents/FING/Proyecto/pc-tesis/dataset_parser/scripts/output/[3]noaa-adcp/pca/noaa-adcp-201502.c.cpp.csv
-> size (bytes): 294,630
-> 24.89% of original


RESULTS
--------------------------(same file!)
CoderPCA
ORIGINAL FILE:
-> name: /Users/pablocerve/Documents/FING/Proyecto/datasets-csv/[3]noaa-adcp/2015/noaa-adcp-201502.csv
-> size (bytes): 1,183,923
COMPRESSED FILE:
-> name: /Users/pablocerve/Documents/FING/Proyecto/pc-tesis/dataset_parser/scripts/output/[3]noaa-adcp/pca/noaa-adcp-201502.c.cpp.csv
-> size (bytes): 363,249
-> 30.68% of original


RESULTS
--------------------------(same file!)
CoderPCA
ORIGINAL FILE:
-> name: /Users/pablocerve/Documents/FING/Proyecto/datasets-csv/[3]noaa-adcp/2015/noaa-adcp-201502.csv
-> size (bytes): 1,183,923
COMPRESSED FILE:
-> name: /Users/pablocerve/Documents/FING/Proyecto/pc-tesis/dataset_parser/scripts/output/[3]noaa-adcp/pca/noaa-adcp-201502.c.cpp.csv
-> size (bytes): 395,769
-> 33.43% of original


RESULTS
--------------------------(same file!)
CoderPCA
ORIGINAL FILE:
-> name: /Users/pablocerve/Documents/FING/Proyecto/datasets-csv/[3]noaa-adcp/2015/noaa-adcp-201502.csv
-> size (bytes): 1,183,923
COMPRESSED FILE:
-> name: /Users/pablocerve/Documents/FING/Proyecto/pc-tesis/dataset_parser/scripts/output/[3]noaa-adcp/pca/noaa-adcp-201502.c.cpp.csv
-> size (bytes): 401,269
-> 33.89% of original


RESULTS
--------------------------(same file!)
CoderPCA
ORIGINAL FILE:
-> name: /Users/pablocerve/Documents/FING/Proyecto/datasets-csv/[3]noaa-adcp/2015/noaa-adcp-201502.csv
-> size (bytes): 1,183,923
COMPRESSED FILE:
-> name: /Users/pablocerve/Documents/FING/Proyecto/pc-tesis/dataset_parser/scripts/output/[3]noaa-adcp/pca/noaa-adcp-201502.c.cpp.csv
-> size (bytes): 401,009
-> 33.87% of original


RESULTS
--------------------------(same file!)
CoderPCA
ORIGINAL FILE:
-> name: /Users/pablocerve/Documents/FING/Proyecto/datasets-csv/[3]noaa-adcp/2015/noaa-adcp-201502.csv
-> size (bytes): 1,183,923
COMPRESSED FILE:
-> name: /Users/pablocerve/Documents/FING/Proyecto/pc-tesis/dataset_parser/scripts/output/[3]noaa-adcp/pca/noaa-adcp-201502.c.cpp.csv
-> size (bytes): 400,866
-> 33.86% of original

