RESULTS
--------------------------(same file!)
CoderAPCA
-> error_threshold = 0
-> max_window_size = 100
ORIGINAL FILE:
-> name: /Users/pablocerve/Documents/FING/Proyecto/datasets-csv/[2]noaa-sst/months/2017/noaa-buoy-201701.csv
-> size (bytes): 1,098,682
COMPRESSED FILE:
-> name: /Users/pablocerve/Documents/FING/Proyecto/pc-tesis/dataset_parser/scripts/output/coder_apca/noaa-buoy-201701.c.csv
-> size (bytes): 417,574
-> 38.01% of original
RESULTS
--------------------------(same file!)
CoderAPCA
-> error_threshold = 0
-> max_window_size = 100
ORIGINAL FILE:
-> name: /Users/pablocerve/Documents/FING/Proyecto/datasets-csv/[2]noaa-sst/months/2017/noaa-buoy-201702.csv
-> size (bytes): 996,619
COMPRESSED FILE:
-> name: /Users/pablocerve/Documents/FING/Proyecto/pc-tesis/dataset_parser/scripts/output/coder_apca/noaa-buoy-201702.c.csv
-> size (bytes): 382,397
-> 38.37% of original
RESULTS
--------------------------(same file!)
CoderAPCA
-> error_threshold = 0
-> max_window_size = 100
ORIGINAL FILE:
-> name: /Users/pablocerve/Documents/FING/Proyecto/datasets-csv/[2]noaa-sst/months/2017/noaa-buoy-201703.csv
-> size (bytes): 1,062,338
COMPRESSED FILE:
-> name: /Users/pablocerve/Documents/FING/Proyecto/pc-tesis/dataset_parser/scripts/output/coder_apca/noaa-buoy-201703.c.csv
-> size (bytes): 398,192
-> 37.48% of original
RESULTS
--------------------------(same file!)
CoderAPCA
-> error_threshold = 0
-> max_window_size = 100
ORIGINAL FILE:
-> name: /Users/pablocerve/Documents/FING/Proyecto/datasets-csv/[2]noaa-sst/months/2017/noaa-buoy-201704.csv
-> size (bytes): 1,002,356
COMPRESSED FILE:
-> name: /Users/pablocerve/Documents/FING/Proyecto/pc-tesis/dataset_parser/scripts/output/coder_apca/noaa-buoy-201704.c.csv
-> size (bytes): 361,651
-> 36.08% of original
RESULTS
--------------------------(same file!)
CoderAPCA
-> error_threshold = 0
-> max_window_size = 100
ORIGINAL FILE:
-> name: /Users/pablocerve/Documents/FING/Proyecto/datasets-csv/[2]noaa-sst/months/2017/noaa-buoy-201705.csv
-> size (bytes): 945,522
COMPRESSED FILE:
-> name: /Users/pablocerve/Documents/FING/Proyecto/pc-tesis/dataset_parser/scripts/output/coder_apca/noaa-buoy-201705.c.csv
-> size (bytes): 322,626
-> 34.12% of original
RESULTS
--------------------------(same file!)
CoderAPCA
-> error_threshold = 0
-> max_window_size = 100
ORIGINAL FILE:
-> name: /Users/pablocerve/Documents/FING/Proyecto/datasets-csv/[2]noaa-sst/months/2017/noaa-buoy-201706.csv
-> size (bytes): 1,012,760
COMPRESSED FILE:
-> name: /Users/pablocerve/Documents/FING/Proyecto/pc-tesis/dataset_parser/scripts/output/coder_apca/noaa-buoy-201706.c.csv
-> size (bytes): 371,536
-> 36.69% of original
RESULTS
--------------------------(same file!)
CoderAPCA
-> error_threshold = 0
-> max_window_size = 100
ORIGINAL FILE:
-> name: /Users/pablocerve/Documents/FING/Proyecto/datasets-csv/[2]noaa-sst/months/2017/noaa-buoy-201707.csv
-> size (bytes): 1,144,786
COMPRESSED FILE:
-> name: /Users/pablocerve/Documents/FING/Proyecto/pc-tesis/dataset_parser/scripts/output/coder_apca/noaa-buoy-201707.c.csv
-> size (bytes): 453,615
-> 39.62% of original
RESULTS
--------------------------(same file!)
CoderAPCA
-> error_threshold = 0
-> max_window_size = 100
ORIGINAL FILE:
-> name: /Users/pablocerve/Documents/FING/Proyecto/datasets-csv/[2]noaa-sst/months/2017/noaa-buoy-201708.csv
-> size (bytes): 1,194,205
COMPRESSED FILE:
-> name: /Users/pablocerve/Documents/FING/Proyecto/pc-tesis/dataset_parser/scripts/output/coder_apca/noaa-buoy-201708.c.csv
-> size (bytes): 485,489
-> 40.65% of original
RESULTS
--------------------------(same file!)
CoderAPCA
-> error_threshold = 0
-> max_window_size = 100
ORIGINAL FILE:
-> name: /Users/pablocerve/Documents/FING/Proyecto/datasets-csv/[2]noaa-sst/months/2017/noaa-buoy-201709.csv
-> size (bytes): 1,260,347
COMPRESSED FILE:
-> name: /Users/pablocerve/Documents/FING/Proyecto/pc-tesis/dataset_parser/scripts/output/coder_apca/noaa-buoy-201709.c.csv
-> size (bytes): 545,614
-> 43.29% of original
RESULTS
--------------------------(same file!)
CoderAPCA
-> error_threshold = 0
-> max_window_size = 100
ORIGINAL FILE:
-> name: /Users/pablocerve/Documents/FING/Proyecto/datasets-csv/[2]noaa-sst/months/2017/noaa-buoy-201710.csv
-> size (bytes): 1,327,577
COMPRESSED FILE:
-> name: /Users/pablocerve/Documents/FING/Proyecto/pc-tesis/dataset_parser/scripts/output/coder_apca/noaa-buoy-201710.c.csv
-> size (bytes): 585,178
-> 44.08% of original
RESULTS
--------------------------(same file!)
CoderAPCA
-> error_threshold = 0
-> max_window_size = 100
ORIGINAL FILE:
-> name: /Users/pablocerve/Documents/FING/Proyecto/datasets-csv/[2]noaa-sst/months/2017/noaa-buoy-201711.csv
-> size (bytes): 1,264,641
COMPRESSED FILE:
-> name: /Users/pablocerve/Documents/FING/Proyecto/pc-tesis/dataset_parser/scripts/output/coder_apca/noaa-buoy-201711.c.csv
-> size (bytes): 549,825
-> 43.48% of original
RESULTS
--------------------------(same file!)
CoderAPCA
-> error_threshold = 0
-> max_window_size = 100
ORIGINAL FILE:
-> name: /Users/pablocerve/Documents/FING/Proyecto/datasets-csv/[2]noaa-sst/months/2017/noaa-buoy-201712.csv
-> size (bytes): 1,202,859
COMPRESSED FILE:
-> name: /Users/pablocerve/Documents/FING/Proyecto/pc-tesis/dataset_parser/scripts/output/coder_apca/noaa-buoy-201712.c.csv
-> size (bytes): 499,425
-> 41.52% of original
