RESULTS
--------------------------(same file!)
CoderAPCA
-> error_threshold = 0
-> max_window_size = 100
ORIGINAL FILE:
-> name: /Users/pablocerve/Documents/FING/Proyecto/datasets-csv/[1]irkis/vwc_1202.dat.csv
-> size (bytes): 907,207
COMPRESSED FILE:
-> name: /Users/pablocerve/Documents/FING/Proyecto/pc-tesis/dataset_parser/scripts/output/coder_apca/vwc_1202.dat.c.csv
-> size (bytes): 89,268
-> 9.84% of original
RESULTS
--------------------------(same file!)
CoderAPCA
-> error_threshold = 0
-> max_window_size = 100
ORIGINAL FILE:
-> name: /Users/pablocerve/Documents/FING/Proyecto/datasets-csv/[1]irkis/vwc_1203.dat.csv
-> size (bytes): 757,485
COMPRESSED FILE:
-> name: /Users/pablocerve/Documents/FING/Proyecto/pc-tesis/dataset_parser/scripts/output/coder_apca/vwc_1203.dat.c.csv
-> size (bytes): 49,701
-> 6.56% of original
RESULTS
--------------------------(same file!)
CoderAPCA
-> error_threshold = 0
-> max_window_size = 100
ORIGINAL FILE:
-> name: /Users/pablocerve/Documents/FING/Proyecto/datasets-csv/[1]irkis/vwc_1204.dat.csv
-> size (bytes): 800,273
COMPRESSED FILE:
-> name: /Users/pablocerve/Documents/FING/Proyecto/pc-tesis/dataset_parser/scripts/output/coder_apca/vwc_1204.dat.c.csv
-> size (bytes): 61,819
-> 7.72% of original
RESULTS
--------------------------(same file!)
CoderAPCA
-> error_threshold = 0
-> max_window_size = 100
ORIGINAL FILE:
-> name: /Users/pablocerve/Documents/FING/Proyecto/datasets-csv/[1]irkis/vwc_1205.dat.csv
-> size (bytes): 709,013
COMPRESSED FILE:
-> name: /Users/pablocerve/Documents/FING/Proyecto/pc-tesis/dataset_parser/scripts/output/coder_apca/vwc_1205.dat.c.csv
-> size (bytes): 40,688
-> 5.74% of original
RESULTS
--------------------------(same file!)
CoderAPCA
-> error_threshold = 0
-> max_window_size = 100
ORIGINAL FILE:
-> name: /Users/pablocerve/Documents/FING/Proyecto/datasets-csv/[1]irkis/vwc_222.smet.csv
-> size (bytes): 1,045,529
COMPRESSED FILE:
-> name: /Users/pablocerve/Documents/FING/Proyecto/pc-tesis/dataset_parser/scripts/output/coder_apca/vwc_222.smet.c.csv
-> size (bytes): 115,074
-> 11.01% of original
RESULTS
--------------------------(same file!)
CoderAPCA
-> error_threshold = 0
-> max_window_size = 100
ORIGINAL FILE:
-> name: /Users/pablocerve/Documents/FING/Proyecto/datasets-csv/[1]irkis/vwc_333.smet.csv
-> size (bytes): 1,072,266
COMPRESSED FILE:
-> name: /Users/pablocerve/Documents/FING/Proyecto/pc-tesis/dataset_parser/scripts/output/coder_apca/vwc_333.smet.c.csv
-> size (bytes): 116,457
-> 10.86% of original
RESULTS
--------------------------(same file!)
CoderAPCA
-> error_threshold = 0
-> max_window_size = 100
ORIGINAL FILE:
-> name: /Users/pablocerve/Documents/FING/Proyecto/datasets-csv/[1]irkis/vwc_SLF2.smet.csv
-> size (bytes): 1,071,489
COMPRESSED FILE:
-> name: /Users/pablocerve/Documents/FING/Proyecto/pc-tesis/dataset_parser/scripts/output/coder_apca/vwc_SLF2.smet.c.csv
-> size (bytes): 89,791
-> 8.38% of original
