
RESULTS
--------------------------(same file!)
CoderCA
ORIGINAL FILE:
-> name: /Users/pablocerve/Documents/FING/Proyecto/datasets-csv/[1]irkis/vwc_1202.dat.csv
-> size (bytes): 907,207
COMPRESSED FILE:
-> name: /Users/pablocerve/Documents/FING/Proyecto/pc-tesis/dataset_parser/scripts/compress/output/[1]irkis/ca/vwc_1202.dat.c.cpp.csv
-> size (bytes): 191,013
-> 21.06% of original


RESULTS
--------------------------(same file!)
CoderCA
ORIGINAL FILE:
-> name: /Users/pablocerve/Documents/FING/Proyecto/datasets-csv/[1]irkis/vwc_1202.dat.csv
-> size (bytes): 907,207
COMPRESSED FILE:
-> name: /Users/pablocerve/Documents/FING/Proyecto/pc-tesis/dataset_parser/scripts/compress/output/[1]irkis/ca/vwc_1202.dat.c.cpp.csv
-> size (bytes): 183,681
-> 20.25% of original


RESULTS
--------------------------(same file!)
CoderCA
ORIGINAL FILE:
-> name: /Users/pablocerve/Documents/FING/Proyecto/datasets-csv/[1]irkis/vwc_1202.dat.csv
-> size (bytes): 907,207
COMPRESSED FILE:
-> name: /Users/pablocerve/Documents/FING/Proyecto/pc-tesis/dataset_parser/scripts/compress/output/[1]irkis/ca/vwc_1202.dat.c.cpp.csv
-> size (bytes): 183,928
-> 20.27% of original


RESULTS
--------------------------(same file!)
CoderCA
ORIGINAL FILE:
-> name: /Users/pablocerve/Documents/FING/Proyecto/datasets-csv/[1]irkis/vwc_1202.dat.csv
-> size (bytes): 907,207
COMPRESSED FILE:
-> name: /Users/pablocerve/Documents/FING/Proyecto/pc-tesis/dataset_parser/scripts/compress/output/[1]irkis/ca/vwc_1202.dat.c.cpp.csv
-> size (bytes): 190,957
-> 21.05% of original


RESULTS
--------------------------(same file!)
CoderCA
ORIGINAL FILE:
-> name: /Users/pablocerve/Documents/FING/Proyecto/datasets-csv/[1]irkis/vwc_1202.dat.csv
-> size (bytes): 907,207
COMPRESSED FILE:
-> name: /Users/pablocerve/Documents/FING/Proyecto/pc-tesis/dataset_parser/scripts/compress/output/[1]irkis/ca/vwc_1202.dat.c.cpp.csv
-> size (bytes): 199,052
-> 21.94% of original


RESULTS
--------------------------(same file!)
CoderCA
ORIGINAL FILE:
-> name: /Users/pablocerve/Documents/FING/Proyecto/datasets-csv/[1]irkis/vwc_1202.dat.csv
-> size (bytes): 907,207
COMPRESSED FILE:
-> name: /Users/pablocerve/Documents/FING/Proyecto/pc-tesis/dataset_parser/scripts/compress/output/[1]irkis/ca/vwc_1202.dat.c.cpp.csv
-> size (bytes): 207,344
-> 22.86% of original


RESULTS
--------------------------(same file!)
CoderCA
ORIGINAL FILE:
-> name: /Users/pablocerve/Documents/FING/Proyecto/datasets-csv/[1]irkis/vwc_1202.dat.csv
-> size (bytes): 907,207
COMPRESSED FILE:
-> name: /Users/pablocerve/Documents/FING/Proyecto/pc-tesis/dataset_parser/scripts/compress/output/[1]irkis/ca/vwc_1202.dat.c.cpp.csv
-> size (bytes): 191,013
-> 21.06% of original


RESULTS
--------------------------(same file!)
CoderCA
ORIGINAL FILE:
-> name: /Users/pablocerve/Documents/FING/Proyecto/datasets-csv/[1]irkis/vwc_1202.dat.csv
-> size (bytes): 907,207
COMPRESSED FILE:
-> name: /Users/pablocerve/Documents/FING/Proyecto/pc-tesis/dataset_parser/scripts/compress/output/[1]irkis/ca/vwc_1202.dat.c.cpp.csv
-> size (bytes): 183,681
-> 20.25% of original


RESULTS
--------------------------(same file!)
CoderCA
ORIGINAL FILE:
-> name: /Users/pablocerve/Documents/FING/Proyecto/datasets-csv/[1]irkis/vwc_1202.dat.csv
-> size (bytes): 907,207
COMPRESSED FILE:
-> name: /Users/pablocerve/Documents/FING/Proyecto/pc-tesis/dataset_parser/scripts/compress/output/[1]irkis/ca/vwc_1202.dat.c.cpp.csv
-> size (bytes): 183,928
-> 20.27% of original


RESULTS
--------------------------(same file!)
CoderCA
ORIGINAL FILE:
-> name: /Users/pablocerve/Documents/FING/Proyecto/datasets-csv/[1]irkis/vwc_1202.dat.csv
-> size (bytes): 907,207
COMPRESSED FILE:
-> name: /Users/pablocerve/Documents/FING/Proyecto/pc-tesis/dataset_parser/scripts/compress/output/[1]irkis/ca/vwc_1202.dat.c.cpp.csv
-> size (bytes): 190,957
-> 21.05% of original


RESULTS
--------------------------(same file!)
CoderCA
ORIGINAL FILE:
-> name: /Users/pablocerve/Documents/FING/Proyecto/datasets-csv/[1]irkis/vwc_1202.dat.csv
-> size (bytes): 907,207
COMPRESSED FILE:
-> name: /Users/pablocerve/Documents/FING/Proyecto/pc-tesis/dataset_parser/scripts/compress/output/[1]irkis/ca/vwc_1202.dat.c.cpp.csv
-> size (bytes): 199,052
-> 21.94% of original


RESULTS
--------------------------(same file!)
CoderCA
ORIGINAL FILE:
-> name: /Users/pablocerve/Documents/FING/Proyecto/datasets-csv/[1]irkis/vwc_1202.dat.csv
-> size (bytes): 907,207
COMPRESSED FILE:
-> name: /Users/pablocerve/Documents/FING/Proyecto/pc-tesis/dataset_parser/scripts/compress/output/[1]irkis/ca/vwc_1202.dat.c.cpp.csv
-> size (bytes): 207,344
-> 22.86% of original


RESULTS
--------------------------(same file!)
CoderCA
ORIGINAL FILE:
-> name: /Users/pablocerve/Documents/FING/Proyecto/datasets-csv/[1]irkis/vwc_1202.dat.csv
-> size (bytes): 907,207
COMPRESSED FILE:
-> name: /Users/pablocerve/Documents/FING/Proyecto/pc-tesis/dataset_parser/scripts/compress/output/[1]irkis/ca/vwc_1202.dat.c.cpp.csv
-> size (bytes): 177,662
-> 19.58% of original


RESULTS
--------------------------(same file!)
CoderCA
ORIGINAL FILE:
-> name: /Users/pablocerve/Documents/FING/Proyecto/datasets-csv/[1]irkis/vwc_1202.dat.csv
-> size (bytes): 907,207
COMPRESSED FILE:
-> name: /Users/pablocerve/Documents/FING/Proyecto/pc-tesis/dataset_parser/scripts/compress/output/[1]irkis/ca/vwc_1202.dat.c.cpp.csv
-> size (bytes): 165,621
-> 18.26% of original


RESULTS
--------------------------(same file!)
CoderCA
ORIGINAL FILE:
-> name: /Users/pablocerve/Documents/FING/Proyecto/datasets-csv/[1]irkis/vwc_1202.dat.csv
-> size (bytes): 907,207
COMPRESSED FILE:
-> name: /Users/pablocerve/Documents/FING/Proyecto/pc-tesis/dataset_parser/scripts/compress/output/[1]irkis/ca/vwc_1202.dat.c.cpp.csv
-> size (bytes): 161,634
-> 17.82% of original


RESULTS
--------------------------(same file!)
CoderCA
ORIGINAL FILE:
-> name: /Users/pablocerve/Documents/FING/Proyecto/datasets-csv/[1]irkis/vwc_1202.dat.csv
-> size (bytes): 907,207
COMPRESSED FILE:
-> name: /Users/pablocerve/Documents/FING/Proyecto/pc-tesis/dataset_parser/scripts/compress/output/[1]irkis/ca/vwc_1202.dat.c.cpp.csv
-> size (bytes): 166,097
-> 18.31% of original


RESULTS
--------------------------(same file!)
CoderCA
ORIGINAL FILE:
-> name: /Users/pablocerve/Documents/FING/Proyecto/datasets-csv/[1]irkis/vwc_1202.dat.csv
-> size (bytes): 907,207
COMPRESSED FILE:
-> name: /Users/pablocerve/Documents/FING/Proyecto/pc-tesis/dataset_parser/scripts/compress/output/[1]irkis/ca/vwc_1202.dat.c.cpp.csv
-> size (bytes): 172,107
-> 18.97% of original


RESULTS
--------------------------(same file!)
CoderCA
ORIGINAL FILE:
-> name: /Users/pablocerve/Documents/FING/Proyecto/datasets-csv/[1]irkis/vwc_1202.dat.csv
-> size (bytes): 907,207
COMPRESSED FILE:
-> name: /Users/pablocerve/Documents/FING/Proyecto/pc-tesis/dataset_parser/scripts/compress/output/[1]irkis/ca/vwc_1202.dat.c.cpp.csv
-> size (bytes): 178,607
-> 19.69% of original


RESULTS
--------------------------(same file!)
CoderCA
ORIGINAL FILE:
-> name: /Users/pablocerve/Documents/FING/Proyecto/datasets-csv/[1]irkis/vwc_1202.dat.csv
-> size (bytes): 907,207
COMPRESSED FILE:
-> name: /Users/pablocerve/Documents/FING/Proyecto/pc-tesis/dataset_parser/scripts/compress/output/[1]irkis/ca/vwc_1202.dat.c.cpp.csv
-> size (bytes): 149,904
-> 16.52% of original


RESULTS
--------------------------(same file!)
CoderCA
ORIGINAL FILE:
-> name: /Users/pablocerve/Documents/FING/Proyecto/datasets-csv/[1]irkis/vwc_1202.dat.csv
-> size (bytes): 907,207
COMPRESSED FILE:
-> name: /Users/pablocerve/Documents/FING/Proyecto/pc-tesis/dataset_parser/scripts/compress/output/[1]irkis/ca/vwc_1202.dat.c.cpp.csv
-> size (bytes): 128,157
-> 14.13% of original


RESULTS
--------------------------(same file!)
CoderCA
ORIGINAL FILE:
-> name: /Users/pablocerve/Documents/FING/Proyecto/datasets-csv/[1]irkis/vwc_1202.dat.csv
-> size (bytes): 907,207
COMPRESSED FILE:
-> name: /Users/pablocerve/Documents/FING/Proyecto/pc-tesis/dataset_parser/scripts/compress/output/[1]irkis/ca/vwc_1202.dat.c.cpp.csv
-> size (bytes): 115,273
-> 12.71% of original


RESULTS
--------------------------(same file!)
CoderCA
ORIGINAL FILE:
-> name: /Users/pablocerve/Documents/FING/Proyecto/datasets-csv/[1]irkis/vwc_1202.dat.csv
-> size (bytes): 907,207
COMPRESSED FILE:
-> name: /Users/pablocerve/Documents/FING/Proyecto/pc-tesis/dataset_parser/scripts/compress/output/[1]irkis/ca/vwc_1202.dat.c.cpp.csv
-> size (bytes): 114,093
-> 12.58% of original


RESULTS
--------------------------(same file!)
CoderCA
ORIGINAL FILE:
-> name: /Users/pablocerve/Documents/FING/Proyecto/datasets-csv/[1]irkis/vwc_1202.dat.csv
-> size (bytes): 907,207
COMPRESSED FILE:
-> name: /Users/pablocerve/Documents/FING/Proyecto/pc-tesis/dataset_parser/scripts/compress/output/[1]irkis/ca/vwc_1202.dat.c.cpp.csv
-> size (bytes): 115,680
-> 12.75% of original


RESULTS
--------------------------(same file!)
CoderCA
ORIGINAL FILE:
-> name: /Users/pablocerve/Documents/FING/Proyecto/datasets-csv/[1]irkis/vwc_1202.dat.csv
-> size (bytes): 907,207
COMPRESSED FILE:
-> name: /Users/pablocerve/Documents/FING/Proyecto/pc-tesis/dataset_parser/scripts/compress/output/[1]irkis/ca/vwc_1202.dat.c.cpp.csv
-> size (bytes): 118,383
-> 13.05% of original


RESULTS
--------------------------(same file!)
CoderCA
ORIGINAL FILE:
-> name: /Users/pablocerve/Documents/FING/Proyecto/datasets-csv/[1]irkis/vwc_1202.dat.csv
-> size (bytes): 907,207
COMPRESSED FILE:
-> name: /Users/pablocerve/Documents/FING/Proyecto/pc-tesis/dataset_parser/scripts/compress/output/[1]irkis/ca/vwc_1202.dat.c.cpp.csv
-> size (bytes): 135,389
-> 14.92% of original


RESULTS
--------------------------(same file!)
CoderCA
ORIGINAL FILE:
-> name: /Users/pablocerve/Documents/FING/Proyecto/datasets-csv/[1]irkis/vwc_1202.dat.csv
-> size (bytes): 907,207
COMPRESSED FILE:
-> name: /Users/pablocerve/Documents/FING/Proyecto/pc-tesis/dataset_parser/scripts/compress/output/[1]irkis/ca/vwc_1202.dat.c.cpp.csv
-> size (bytes): 107,752
-> 11.88% of original


RESULTS
--------------------------(same file!)
CoderCA
ORIGINAL FILE:
-> name: /Users/pablocerve/Documents/FING/Proyecto/datasets-csv/[1]irkis/vwc_1202.dat.csv
-> size (bytes): 907,207
COMPRESSED FILE:
-> name: /Users/pablocerve/Documents/FING/Proyecto/pc-tesis/dataset_parser/scripts/compress/output/[1]irkis/ca/vwc_1202.dat.c.cpp.csv
-> size (bytes): 88,814
-> 9.79% of original


RESULTS
--------------------------(same file!)
CoderCA
ORIGINAL FILE:
-> name: /Users/pablocerve/Documents/FING/Proyecto/datasets-csv/[1]irkis/vwc_1202.dat.csv
-> size (bytes): 907,207
COMPRESSED FILE:
-> name: /Users/pablocerve/Documents/FING/Proyecto/pc-tesis/dataset_parser/scripts/compress/output/[1]irkis/ca/vwc_1202.dat.c.cpp.csv
-> size (bytes): 83,643
-> 9.22% of original


RESULTS
--------------------------(same file!)
CoderCA
ORIGINAL FILE:
-> name: /Users/pablocerve/Documents/FING/Proyecto/datasets-csv/[1]irkis/vwc_1202.dat.csv
-> size (bytes): 907,207
COMPRESSED FILE:
-> name: /Users/pablocerve/Documents/FING/Proyecto/pc-tesis/dataset_parser/scripts/compress/output/[1]irkis/ca/vwc_1202.dat.c.cpp.csv
-> size (bytes): 82,167
-> 9.06% of original


RESULTS
--------------------------(same file!)
CoderCA
ORIGINAL FILE:
-> name: /Users/pablocerve/Documents/FING/Proyecto/datasets-csv/[1]irkis/vwc_1202.dat.csv
-> size (bytes): 907,207
COMPRESSED FILE:
-> name: /Users/pablocerve/Documents/FING/Proyecto/pc-tesis/dataset_parser/scripts/compress/output/[1]irkis/ca/vwc_1202.dat.c.cpp.csv
-> size (bytes): 82,417
-> 9.08% of original


RESULTS
--------------------------(same file!)
CoderCA
ORIGINAL FILE:
-> name: /Users/pablocerve/Documents/FING/Proyecto/datasets-csv/[1]irkis/vwc_1202.dat.csv
-> size (bytes): 907,207
COMPRESSED FILE:
-> name: /Users/pablocerve/Documents/FING/Proyecto/pc-tesis/dataset_parser/scripts/compress/output/[1]irkis/ca/vwc_1202.dat.c.cpp.csv
-> size (bytes): 133,758
-> 14.74% of original


RESULTS
--------------------------(same file!)
CoderCA
ORIGINAL FILE:
-> name: /Users/pablocerve/Documents/FING/Proyecto/datasets-csv/[1]irkis/vwc_1202.dat.csv
-> size (bytes): 907,207
COMPRESSED FILE:
-> name: /Users/pablocerve/Documents/FING/Proyecto/pc-tesis/dataset_parser/scripts/compress/output/[1]irkis/ca/vwc_1202.dat.c.cpp.csv
-> size (bytes): 104,571
-> 11.53% of original


RESULTS
--------------------------(same file!)
CoderCA
ORIGINAL FILE:
-> name: /Users/pablocerve/Documents/FING/Proyecto/datasets-csv/[1]irkis/vwc_1202.dat.csv
-> size (bytes): 907,207
COMPRESSED FILE:
-> name: /Users/pablocerve/Documents/FING/Proyecto/pc-tesis/dataset_parser/scripts/compress/output/[1]irkis/ca/vwc_1202.dat.c.cpp.csv
-> size (bytes): 83,369
-> 9.19% of original


RESULTS
--------------------------(same file!)
CoderCA
ORIGINAL FILE:
-> name: /Users/pablocerve/Documents/FING/Proyecto/datasets-csv/[1]irkis/vwc_1202.dat.csv
-> size (bytes): 907,207
COMPRESSED FILE:
-> name: /Users/pablocerve/Documents/FING/Proyecto/pc-tesis/dataset_parser/scripts/compress/output/[1]irkis/ca/vwc_1202.dat.c.cpp.csv
-> size (bytes): 76,619
-> 8.45% of original


RESULTS
--------------------------(same file!)
CoderCA
ORIGINAL FILE:
-> name: /Users/pablocerve/Documents/FING/Proyecto/datasets-csv/[1]irkis/vwc_1202.dat.csv
-> size (bytes): 907,207
COMPRESSED FILE:
-> name: /Users/pablocerve/Documents/FING/Proyecto/pc-tesis/dataset_parser/scripts/compress/output/[1]irkis/ca/vwc_1202.dat.c.cpp.csv
-> size (bytes): 73,794
-> 8.13% of original


RESULTS
--------------------------(same file!)
CoderCA
ORIGINAL FILE:
-> name: /Users/pablocerve/Documents/FING/Proyecto/datasets-csv/[1]irkis/vwc_1202.dat.csv
-> size (bytes): 907,207
COMPRESSED FILE:
-> name: /Users/pablocerve/Documents/FING/Proyecto/pc-tesis/dataset_parser/scripts/compress/output/[1]irkis/ca/vwc_1202.dat.c.cpp.csv
-> size (bytes): 73,106
-> 8.06% of original


RESULTS
--------------------------(same file!)
CoderCA
ORIGINAL FILE:
-> name: /Users/pablocerve/Documents/FING/Proyecto/datasets-csv/[1]irkis/vwc_1202.dat.csv
-> size (bytes): 907,207
COMPRESSED FILE:
-> name: /Users/pablocerve/Documents/FING/Proyecto/pc-tesis/dataset_parser/scripts/compress/output/[1]irkis/ca/vwc_1202.dat.c.cpp.csv
-> size (bytes): 133,269
-> 14.69% of original

