
RESULTS
--------------------------(same file!)
CoderBase
ORIGINAL FILE:
-> name: /Users/pablocerve/Documents/FING/Proyecto/datasets-csv/[3]noaa-adcp/2015/noaa-adcp-201501.csv
-> size (bytes): 1,301,474
COMPRESSED FILE:
-> name: /Users/pablocerve/Documents/FING/Proyecto/pc-tesis/dataset_parser/scripts/output/[3]noaa-adcp/basic/noaa-adcp-201501.c.csv
-> size (bytes): 645,023
-> 49.56% of original


RESULTS
--------------------------(same file!)
CoderBase
ORIGINAL FILE:
-> name: /Users/pablocerve/Documents/FING/Proyecto/datasets-csv/[3]noaa-adcp/2015/noaa-adcp-201502.csv
-> size (bytes): 1,186,077
COMPRESSED FILE:
-> name: /Users/pablocerve/Documents/FING/Proyecto/pc-tesis/dataset_parser/scripts/output/[3]noaa-adcp/basic/noaa-adcp-201502.c.csv
-> size (bytes): 583,634
-> 49.21% of original


RESULTS
--------------------------(same file!)
CoderBase
ORIGINAL FILE:
-> name: /Users/pablocerve/Documents/FING/Proyecto/datasets-csv/[3]noaa-adcp/2015/noaa-adcp-201503.csv
-> size (bytes): 1,319,934
COMPRESSED FILE:
-> name: /Users/pablocerve/Documents/FING/Proyecto/pc-tesis/dataset_parser/scripts/output/[3]noaa-adcp/basic/noaa-adcp-201503.c.csv
-> size (bytes): 645,023
-> 48.87% of original


RESULTS
--------------------------(same file!)
CoderBase
ORIGINAL FILE:
-> name: /Users/pablocerve/Documents/FING/Proyecto/datasets-csv/[3]noaa-adcp/2015/noaa-adcp-201501.csv
-> size (bytes): 1,301,474
COMPRESSED FILE:
-> name: /Users/pablocerve/Documents/FING/Proyecto/pc-tesis/dataset_parser/scripts/output/[3]noaa-adcp/basic/noaa-adcp-201501.c.csv
-> size (bytes): 645,023
-> 49.56% of original


RESULTS
--------------------------(same file!)
CoderBase
ORIGINAL FILE:
-> name: /Users/pablocerve/Documents/FING/Proyecto/datasets-csv/[3]noaa-adcp/2015/noaa-adcp-201502.csv
-> size (bytes): 1,186,077
COMPRESSED FILE:
-> name: /Users/pablocerve/Documents/FING/Proyecto/pc-tesis/dataset_parser/scripts/output/[3]noaa-adcp/basic/noaa-adcp-201502.c.csv
-> size (bytes): 583,634
-> 49.21% of original


RESULTS
--------------------------(same file!)
CoderBase
ORIGINAL FILE:
-> name: /Users/pablocerve/Documents/FING/Proyecto/datasets-csv/[3]noaa-adcp/2015/noaa-adcp-201503.csv
-> size (bytes): 1,319,934
COMPRESSED FILE:
-> name: /Users/pablocerve/Documents/FING/Proyecto/pc-tesis/dataset_parser/scripts/output/[3]noaa-adcp/basic/noaa-adcp-201503.c.csv
-> size (bytes): 645,023
-> 48.87% of original


RESULTS
--------------------------(same file!)
CoderBase
ORIGINAL FILE:
-> name: /Users/pablocerve/Documents/FING/Proyecto/datasets-csv/[3]noaa-adcp/2015/noaa-adcp-201504.csv
-> size (bytes): 1,290,585
COMPRESSED FILE:
-> name: /Users/pablocerve/Documents/FING/Proyecto/pc-tesis/dataset_parser/scripts/output/[3]noaa-adcp/basic/noaa-adcp-201504.c.csv
-> size (bytes): 624,560
-> 48.39% of original


RESULTS
--------------------------(same file!)
CoderBase
ORIGINAL FILE:
-> name: /Users/pablocerve/Documents/FING/Proyecto/datasets-csv/[3]noaa-adcp/2015/noaa-adcp-201505.csv
-> size (bytes): 1,334,140
COMPRESSED FILE:
-> name: /Users/pablocerve/Documents/FING/Proyecto/pc-tesis/dataset_parser/scripts/output/[3]noaa-adcp/basic/noaa-adcp-201505.c.csv
-> size (bytes): 645,023
-> 48.35% of original


RESULTS
--------------------------(same file!)
CoderBase
ORIGINAL FILE:
-> name: /Users/pablocerve/Documents/FING/Proyecto/datasets-csv/[3]noaa-adcp/2015/noaa-adcp-201506.csv
-> size (bytes): 1,292,306
COMPRESSED FILE:
-> name: /Users/pablocerve/Documents/FING/Proyecto/pc-tesis/dataset_parser/scripts/output/[3]noaa-adcp/basic/noaa-adcp-201506.c.csv
-> size (bytes): 624,560
-> 48.33% of original


RESULTS
--------------------------(same file!)
CoderBase
ORIGINAL FILE:
-> name: /Users/pablocerve/Documents/FING/Proyecto/datasets-csv/[3]noaa-adcp/2015/noaa-adcp-201507.csv
-> size (bytes): 1,336,068
COMPRESSED FILE:
-> name: /Users/pablocerve/Documents/FING/Proyecto/pc-tesis/dataset_parser/scripts/output/[3]noaa-adcp/basic/noaa-adcp-201507.c.csv
-> size (bytes): 645,023
-> 48.28% of original


RESULTS
--------------------------(same file!)
CoderBase
ORIGINAL FILE:
-> name: /Users/pablocerve/Documents/FING/Proyecto/datasets-csv/[3]noaa-adcp/2015/noaa-adcp-201508.csv
-> size (bytes): 1,342,910
COMPRESSED FILE:
-> name: /Users/pablocerve/Documents/FING/Proyecto/pc-tesis/dataset_parser/scripts/output/[3]noaa-adcp/basic/noaa-adcp-201508.c.csv
-> size (bytes): 645,023
-> 48.03% of original


RESULTS
--------------------------(same file!)
CoderBase
ORIGINAL FILE:
-> name: /Users/pablocerve/Documents/FING/Proyecto/datasets-csv/[3]noaa-adcp/2015/noaa-adcp-201509.csv
-> size (bytes): 1,298,404
COMPRESSED FILE:
-> name: /Users/pablocerve/Documents/FING/Proyecto/pc-tesis/dataset_parser/scripts/output/[3]noaa-adcp/basic/noaa-adcp-201509.c.csv
-> size (bytes): 624,560
-> 48.1% of original


RESULTS
--------------------------(same file!)
CoderBase
ORIGINAL FILE:
-> name: /Users/pablocerve/Documents/FING/Proyecto/datasets-csv/[3]noaa-adcp/2015/noaa-adcp-201510.csv
-> size (bytes): 1,315,323
COMPRESSED FILE:
-> name: /Users/pablocerve/Documents/FING/Proyecto/pc-tesis/dataset_parser/scripts/output/[3]noaa-adcp/basic/noaa-adcp-201510.c.csv
-> size (bytes): 645,023
-> 49.04% of original


RESULTS
--------------------------(same file!)
CoderBase
ORIGINAL FILE:
-> name: /Users/pablocerve/Documents/FING/Proyecto/datasets-csv/[3]noaa-adcp/2015/noaa-adcp-201511.csv
-> size (bytes): 1,270,662
COMPRESSED FILE:
-> name: /Users/pablocerve/Documents/FING/Proyecto/pc-tesis/dataset_parser/scripts/output/[3]noaa-adcp/basic/noaa-adcp-201511.c.csv
-> size (bytes): 624,560
-> 49.15% of original


RESULTS
--------------------------(same file!)
CoderBase
ORIGINAL FILE:
-> name: /Users/pablocerve/Documents/FING/Proyecto/datasets-csv/[3]noaa-adcp/2015/noaa-adcp-201512.csv
-> size (bytes): 1,316,837
COMPRESSED FILE:
-> name: /Users/pablocerve/Documents/FING/Proyecto/pc-tesis/dataset_parser/scripts/output/[3]noaa-adcp/basic/noaa-adcp-201512.c.csv
-> size (bytes): 645,023
-> 48.98% of original

