#################################################################################
INPUT: /Users/pablocerve/Documents/FING/Proyecto/datasets/[2]noaa/buoy/17-2808.tar/TAO_T0N110W_D_SST_10min.ascii
OUTPUT: /Users/pablocerve/Documents/FING/Proyecto/pc-tesis/dataset_parser/scripts/[3]noaa-buoy/TAO_T0N110W_D_SST_10min.ascii.csv
INVALID LINE: ['Deployment:', 'PM083A-19990511', '1999-05-11', 'to', '1999-11-15', '(27044', 'data', 'rows,', '1', 'depth', 'columns)']
INVALID LINE: ['Depth', '(Meters)', '1', 'Quality', 'Mode']
INVALID LINE: ['YYYYMMDD', 'HHMMSS', 'SST', 'Q', 'M']
INVALID LINE: ['Deployment:', 'PM114A-19991115', '1999-11-16', 'to', '2000-05-07', '(25001', 'data', 'rows,', '1', 'depth', 'columns)']
INVALID LINE: ['Depth', '(Meters)', '1', 'Quality', 'Mode']
INVALID LINE: ['YYYYMMDD', 'HHMMSS', 'SST', 'Q', 'M']
INVALID LINE: ['Deployment:', 'PM146A-20000508', '2000-05-08', 'to', '2000-10-25', '(24607', 'data', 'rows,', '1', 'depth', 'columns)']
INVALID LINE: ['Depth', '(Meters)', '1', 'Quality', 'Mode']
INVALID LINE: ['YYYYMMDD', 'HHMMSS', 'SST', 'Q', 'M']
INVALID LINE: ['Deployment:', 'PM171A-20001027', '2000-10-27', 'to', '2001-04-07', '(23431', 'data', 'rows,', '1', 'depth', 'columns)']
INVALID LINE: ['Depth', '(Meters)', '1', 'Quality', 'Mode']
INVALID LINE: ['YYYYMMDD', 'HHMMSS', 'SST', 'Q', 'M']
INVALID LINE: ['Deployment:', 'PM200A-20010408', '2001-04-08', 'to', '2001-11-12', '(31427', 'data', 'rows,', '1', 'depth', 'columns)']
INVALID LINE: ['Depth', '(Meters)', '1', 'Quality', 'Mode']
INVALID LINE: ['YYYYMMDD', 'HHMMSS', 'SST', 'Q', 'M']
INVALID LINE: ['Deployment:', 'PM258A-20011112', '2001-11-13', 'to', '2002-03-11', '(17067', 'data', 'rows,', '1', 'depth', 'columns)']
INVALID LINE: ['Depth', '(Meters)', '1', 'Quality', 'Mode']
INVALID LINE: ['YYYYMMDD', 'HHMMSS', 'SST', 'Q', 'M']
INVALID LINE: ['Deployment:', 'PM273A-20020313', '2002-03-13', 'to', '2002-04-14', '(4685', 'data', 'rows,', '1', 'depth', 'columns)']
INVALID LINE: ['Depth', '(Meters)', '1', 'Quality', 'Mode']
INVALID LINE: ['YYYYMMDD', 'HHMMSS', 'SST', 'Q', 'M']
INVALID LINE: ['Deployment:', 'PM273B-20020415', '2002-04-15', 'to', '2002-10-29', '(28466', 'data', 'rows,', '1', 'depth', 'columns)']
INVALID LINE: ['Depth', '(Meters)', '1', 'Quality', 'Mode']
INVALID LINE: ['YYYYMMDD', 'HHMMSS', 'SST', 'Q', 'M']
INVALID LINE: ['Deployment:', 'PM335A-20021029', '2002-10-29', 'to', '2003-04-05', '(22739', 'data', 'rows,', '1', 'depth', 'columns)']
INVALID LINE: ['Depth', '(Meters)', '1', 'Quality', 'Mode']
INVALID LINE: ['YYYYMMDD', 'HHMMSS', 'SST', 'Q', 'M']
INVALID LINE: ['Deployment:', 'PM361A-20030406', '2003-04-06', 'to', '2003-09-18', '(23881', 'data', 'rows,', '1', 'depth', 'columns)']
INVALID LINE: ['Depth', '(Meters)', '1', 'Quality', 'Mode']
INVALID LINE: ['YYYYMMDD', 'HHMMSS', 'SST', 'Q', 'M']
INVALID LINE: ['Deployment:', 'PM413A-20031111', '2003-11-11', 'to', '2004-04-04', '(20852', 'data', 'rows,', '1', 'depth', 'columns)']
INVALID LINE: ['Depth', '(Meters)', '1', 'Quality', 'Mode']
INVALID LINE: ['YYYYMMDD', 'HHMMSS', 'SST', 'Q', 'M']
INVALID LINE: ['Deployment:', 'PM429A-20040405', '2004-04-05', 'to', '2004-11-16', '(32519', 'data', 'rows,', '1', 'depth', 'columns)']
INVALID LINE: ['Depth', '(Meters)', '1', 'Quality', 'Mode']
INVALID LINE: ['YYYYMMDD', 'HHMMSS', 'SST', 'Q', 'M']
INVALID LINE: ['Deployment:', 'PM509A-20050416', '2005-04-16', 'to', '2005-11-11', '(30095', 'data', 'rows,', '1', 'depth', 'columns)']
INVALID LINE: ['Depth', '(Meters)', '1', 'Quality', 'Mode']
INVALID LINE: ['YYYYMMDD', 'HHMMSS', 'SST', 'Q', 'M']
INVALID LINE: ['Deployment:', 'PM562A-20051116', '2005-11-16', 'to', '2006-04-11', '(21106', 'data', 'rows,', '1', 'depth', 'columns)']
INVALID LINE: ['Depth', '(Meters)', '1', 'Quality', 'Mode']
INVALID LINE: ['YYYYMMDD', 'HHMMSS', 'SST', 'Q', 'M']
INVALID LINE: ['Deployment:', 'PM585A-20060412', '2006-04-12', 'to', '2006-11-21', '(32161', 'data', 'rows,', '1', 'depth', 'columns)']
INVALID LINE: ['Depth', '(Meters)', '1', 'Quality', 'Mode']
INVALID LINE: ['YYYYMMDD', 'HHMMSS', 'SST', 'Q', 'M']
INVALID LINE: ['Deployment:', 'PM655A-20061122', '2006-11-22', 'to', '2007-04-11', '(20219', 'data', 'rows,', '1', 'depth', 'columns)']
INVALID LINE: ['Depth', '(Meters)', '1', 'Quality', 'Mode']
INVALID LINE: ['YYYYMMDD', 'HHMMSS', 'SST', 'Q', 'M']
INVALID LINE: ['Deployment:', 'PM855A-20090919', '2009-09-19', 'to', '2010-03-15', '(25487', 'data', 'rows,', '1', 'depth', 'columns)']
INVALID LINE: ['Depth', '(Meters)', '1', 'Quality', 'Mode']
INVALID LINE: ['YYYYMMDD', 'HHMMSS', 'SST', 'Q', 'M']
INVALID LINE: ['Deployment:', 'PM885A-20100315', '2010-03-15', 'to', '2010-07-21', '(18478', 'data', 'rows,', '1', 'depth', 'columns)']
INVALID LINE: ['Depth', '(Meters)', '1', 'Quality', 'Mode']
INVALID LINE: ['YYYYMMDD', 'HHMMSS', 'SST', 'Q', 'M']
INVALID LINE: ['Deployment:', 'DM072A-20140621', '2014-06-21', 'to', '2015-04-26', '(43770', 'data', 'rows,', '1', 'depth', 'columns)']
INVALID LINE: ['Depth', '(Meters)', '1', 'Quality', 'Mode']
INVALID LINE: ['YYYYMMDD', 'HHMMSS', 'SST', 'Q', 'M']
INVALID LINE: ['Deployment:', 'DM137A-20150428', '2015-04-29', 'to', '2016-04-13', '(49944', 'data', 'rows,', '1', 'depth', 'columns)']
INVALID LINE: ['Depth', '(Meters)', '1', 'Quality', 'Mode']
INVALID LINE: ['YYYYMMDD', 'HHMMSS', 'SST', 'Q', 'M']
INVALID LINE: ['Deployment:', 'DM186A-20160413', '2016-04-13', 'to', '2017-06-11', '(59164', 'data', 'rows,', '1', 'depth', 'columns)']
INVALID LINE: ['Depth', '(Meters)', '1', 'Quality', 'Mode']
INVALID LINE: ['YYYYMMDD', 'HHMMSS', 'SST', 'Q', 'M']
INVALID LINE: ['Deployment:', 'DM234A-20170610', '2017-06-10', 'to', '2017-12-31', '(28797', 'data', 'rows,', '1', 'depth', 'columns)']
INVALID LINE: ['Depth', '(Meters)', '1', 'Quality', 'Mode']
INVALID LINE: ['YYYYMMDD', 'HHMMSS', 'SST', 'Q', 'M']
WARNING: timestamp < previous_timestamp
previous_timestamp =2017-06-11 13:10:00
timestamp =2017-06-10 03:30:00
previous_values =[nan]
values =[24.126]

Total rows: 50,888
Total nan rows: 11,787
Total nan columns: 0
First timestamp: 2017-01-01 00:00:00
Last timestamp: 2017-12-31 23:50:00
Last timestamp - First timestamp: 31535400.0 sec | 525590.0 min | 8759.0 hours | 364.0 days
Min value: 19.187
Max value: 28.963

Dataset stats:
                SST
count  39101.000000
mean      22.924532
std        2.219982
min       19.187000
50%       22.499000
max       28.963000

Null values count for each column:
SST    11787
dtype: int64

#################################################################################
INPUT: /Users/pablocerve/Documents/FING/Proyecto/datasets/[2]noaa/buoy/17-2808.tar/TAO_T0N125W_D_SST_10min.ascii
OUTPUT: /Users/pablocerve/Documents/FING/Proyecto/pc-tesis/dataset_parser/scripts/[3]noaa-buoy/TAO_T0N125W_D_SST_10min.ascii.csv
INVALID LINE: ['Deployment:', 'PM018A-19970408', '1997-04-08', 'to', '1997-10-08', '(26325', 'data', 'rows,', '1', 'depth', 'columns)']
INVALID LINE: ['Depth', '(Meters)', '1', 'Quality', 'Mode']
INVALID LINE: ['YYYYMMDD', 'HHMMSS', 'SST', 'Q', 'M']
INVALID LINE: ['Deployment:', 'PM018B-19971009', '1997-10-09', 'to', '1998-04-28', '(29053', 'data', 'rows,', '1', 'depth', 'columns)']
INVALID LINE: ['Depth', '(Meters)', '1', 'Quality', 'Mode']
INVALID LINE: ['YYYYMMDD', 'HHMMSS', 'SST', 'Q', 'M']
INVALID LINE: ['Deployment:', 'PM046A-19980429', '1998-04-29', 'to', '1998-09-18', '(20402', 'data', 'rows,', '1', 'depth', 'columns)']
INVALID LINE: ['Depth', '(Meters)', '1', 'Quality', 'Mode']
INVALID LINE: ['YYYYMMDD', 'HHMMSS', 'SST', 'Q', 'M']
INVALID LINE: ['Deployment:', 'PM058A-19980918', '1998-09-18', 'to', '1999-02-12', '(21236', 'data', 'rows,', '1', 'depth', 'columns)']
INVALID LINE: ['Depth', '(Meters)', '1', 'Quality', 'Mode']
INVALID LINE: ['YYYYMMDD', 'HHMMSS', 'SST', 'Q', 'M']
INVALID LINE: ['Deployment:', 'PM058B-19990212', '1999-02-12', 'to', '1999-10-01', '(33219', 'data', 'rows,', '1', 'depth', 'columns)']
INVALID LINE: ['Depth', '(Meters)', '1', 'Quality', 'Mode']
INVALID LINE: ['YYYYMMDD', 'HHMMSS', 'SST', 'Q', 'M']
INVALID LINE: ['Deployment:', 'PM105A-19991001', '1999-10-02', 'to', '2000-02-21', '(20542', 'data', 'rows,', '1', 'depth', 'columns)']
INVALID LINE: ['Depth', '(Meters)', '1', 'Quality', 'Mode']
INVALID LINE: ['YYYYMMDD', 'HHMMSS', 'SST', 'Q', 'M']
INVALID LINE: ['Deployment:', 'PM127A-20000221', '2000-02-22', 'to', '2001-02-04', '(50197', 'data', 'rows,', '1', 'depth', 'columns)']
INVALID LINE: ['Depth', '(Meters)', '1', 'Quality', 'Mode']
INVALID LINE: ['YYYYMMDD', 'HHMMSS', 'SST', 'Q', 'M']
INVALID LINE: ['Deployment:', 'PM286A-20020422', '2002-04-22', 'to', '2003-02-01', '(41105', 'data', 'rows,', '1', 'depth', 'columns)']
INVALID LINE: ['Depth', '(Meters)', '1', 'Quality', 'Mode']
INVALID LINE: ['YYYYMMDD', 'HHMMSS', 'SST', 'Q', 'M']
INVALID LINE: ['Deployment:', 'PM286B-20030201', '2003-02-01', 'to', '2003-09-06', '(31214', 'data', 'rows,', '1', 'depth', 'columns)']
INVALID LINE: ['Depth', '(Meters)', '1', 'Quality', 'Mode']
INVALID LINE: ['YYYYMMDD', 'HHMMSS', 'SST', 'Q', 'M']
INVALID LINE: ['Deployment:', 'PM392A-20030907', '2003-09-07', 'to', '2004-05-06', '(34957', 'data', 'rows,', '1', 'depth', 'columns)']
INVALID LINE: ['Depth', '(Meters)', '1', 'Quality', 'Mode']
INVALID LINE: ['YYYYMMDD', 'HHMMSS', 'SST', 'Q', 'M']
INVALID LINE: ['Deployment:', 'PM504A-20050316', '2005-03-16', 'to', '2006-01-30', '(46157', 'data', 'rows,', '1', 'depth', 'columns)']
INVALID LINE: ['Depth', '(Meters)', '1', 'Quality', 'Mode']
INVALID LINE: ['YYYYMMDD', 'HHMMSS', 'SST', 'Q', 'M']
INVALID LINE: ['Deployment:', 'PM580A-20060131', '2006-01-31', 'to', '2006-08-25', '(29663', 'data', 'rows,', '1', 'depth', 'columns)']
INVALID LINE: ['Depth', '(Meters)', '1', 'Quality', 'Mode']
INVALID LINE: ['YYYYMMDD', 'HHMMSS', 'SST', 'Q', 'M']
INVALID LINE: ['Deployment:', 'PM619A-20060831', '2006-08-31', 'to', '2007-05-15', '(36995', 'data', 'rows,', '1', 'depth', 'columns)']
INVALID LINE: ['Depth', '(Meters)', '1', 'Quality', 'Mode']
INVALID LINE: ['YYYYMMDD', 'HHMMSS', 'SST', 'Q', 'M']
INVALID LINE: ['Deployment:', 'PM619B-20070515', '2007-05-15', 'to', '2007-10-15', '(22097', 'data', 'rows,', '1', 'depth', 'columns)']
INVALID LINE: ['Depth', '(Meters)', '1', 'Quality', 'Mode']
INVALID LINE: ['YYYYMMDD', 'HHMMSS', 'SST', 'Q', 'M']
INVALID LINE: ['Deployment:', 'PM709A-20071016', '2007-10-16', 'to', '2008-05-22', '(31517', 'data', 'rows,', '1', 'depth', 'columns)']
INVALID LINE: ['Depth', '(Meters)', '1', 'Quality', 'Mode']
INVALID LINE: ['YYYYMMDD', 'HHMMSS', 'SST', 'Q', 'M']
INVALID LINE: ['Deployment:', 'PM709B-20080522', '2008-05-22', 'to', '2008-11-10', '(24726', 'data', 'rows,', '1', 'depth', 'columns)']
INVALID LINE: ['Depth', '(Meters)', '1', 'Quality', 'Mode']
INVALID LINE: ['YYYYMMDD', 'HHMMSS', 'SST', 'Q', 'M']
INVALID LINE: ['Deployment:', 'PM895A-20100421', '2010-04-21', 'to', '2010-12-07', '(33074', 'data', 'rows,', '1', 'depth', 'columns)']
INVALID LINE: ['Depth', '(Meters)', '1', 'Quality', 'Mode']
INVALID LINE: ['YYYYMMDD', 'HHMMSS', 'SST', 'Q', 'M']
INVALID LINE: ['Deployment:', 'PM947A-20101207', '2010-12-07', 'to', '2011-05-01', '(20954', 'data', 'rows,', '1', 'depth', 'columns)']
INVALID LINE: ['Depth', '(Meters)', '1', 'Quality', 'Mode']
INVALID LINE: ['YYYYMMDD', 'HHMMSS', 'SST', 'Q', 'M']
INVALID LINE: ['Deployment:', 'PM969A-20110502', '2011-05-02', 'to', '2012-04-01', '(48306', 'data', 'rows,', '1', 'depth', 'columns)']
INVALID LINE: ['Depth', '(Meters)', '1', 'Quality', 'Mode']
INVALID LINE: ['YYYYMMDD', 'HHMMSS', 'SST', 'Q', 'M']
INVALID LINE: ['Deployment:', 'DM086A-20140906', '2014-09-06', 'to', '2015-03-08', '(26348', 'data', 'rows,', '1', 'depth', 'columns)']
INVALID LINE: ['Depth', '(Meters)', '1', 'Quality', 'Mode']
INVALID LINE: ['YYYYMMDD', 'HHMMSS', 'SST', 'Q', 'M']
INVALID LINE: ['Deployment:', 'DM117A-20150309', '2015-03-09', 'to', '2016-03-07', '(52482', 'data', 'rows,', '1', 'depth', 'columns)']
INVALID LINE: ['Depth', '(Meters)', '1', 'Quality', 'Mode']
INVALID LINE: ['YYYYMMDD', 'HHMMSS', 'SST', 'Q', 'M']
INVALID LINE: ['Deployment:', 'DM172A-20160307', '2016-03-08', 'to', '2017-02-06', '(47374', 'data', 'rows,', '1', 'depth', 'columns)']
INVALID LINE: ['Depth', '(Meters)', '1', 'Quality', 'Mode']
INVALID LINE: ['YYYYMMDD', 'HHMMSS', 'SST', 'Q', 'M']
INVALID LINE: ['Deployment:', 'DM227A-20170207', '2017-02-07', 'to', '2017-12-31', '(46047', 'data', 'rows,', '1', 'depth', 'columns)']
INVALID LINE: ['Depth', '(Meters)', '1', 'Quality', 'Mode']
INVALID LINE: ['YYYYMMDD', 'HHMMSS', 'SST', 'Q', 'M']
