RESULTS
--------------------------(same file!)
CoderPCA
-> error_threshold = 0
-> fixed_window_size = 20
ORIGINAL FILE:
-> name: /Users/pablocerve/Documents/FING/Proyecto/datasets-csv/[2]noaa-sst/months/2017/noaa-buoy-201701.csv
-> size (bytes): 1,098,682
COMPRESSED FILE:
-> name: /Users/pablocerve/Documents/FING/Proyecto/pc-tesis/dataset_parser/scripts/output/coder_pca/noaa-buoy-201701.c.csv
-> size (bytes): 322,614
-> 29.36% of original
RESULTS
--------------------------(same file!)
CoderPCA
-> error_threshold = 0
-> fixed_window_size = 20
ORIGINAL FILE:
-> name: /Users/pablocerve/Documents/FING/Proyecto/datasets-csv/[2]noaa-sst/months/2017/noaa-buoy-201702.csv
-> size (bytes): 996,619
COMPRESSED FILE:
-> name: /Users/pablocerve/Documents/FING/Proyecto/pc-tesis/dataset_parser/scripts/output/coder_pca/noaa-buoy-201702.c.csv
-> size (bytes): 295,537
-> 29.65% of original
RESULTS
--------------------------(same file!)
CoderPCA
-> error_threshold = 0
-> fixed_window_size = 20
ORIGINAL FILE:
-> name: /Users/pablocerve/Documents/FING/Proyecto/datasets-csv/[2]noaa-sst/months/2017/noaa-buoy-201703.csv
-> size (bytes): 1,062,338
COMPRESSED FILE:
-> name: /Users/pablocerve/Documents/FING/Proyecto/pc-tesis/dataset_parser/scripts/output/coder_pca/noaa-buoy-201703.c.csv
-> size (bytes): 308,604
-> 29.05% of original
RESULTS
--------------------------(same file!)
CoderPCA
-> error_threshold = 0
-> fixed_window_size = 20
ORIGINAL FILE:
-> name: /Users/pablocerve/Documents/FING/Proyecto/datasets-csv/[2]noaa-sst/months/2017/noaa-buoy-201704.csv
-> size (bytes): 1,002,356
COMPRESSED FILE:
-> name: /Users/pablocerve/Documents/FING/Proyecto/pc-tesis/dataset_parser/scripts/output/coder_pca/noaa-buoy-201704.c.csv
-> size (bytes): 283,669
-> 28.3% of original
RESULTS
--------------------------(same file!)
CoderPCA
-> error_threshold = 0
-> fixed_window_size = 20
ORIGINAL FILE:
-> name: /Users/pablocerve/Documents/FING/Proyecto/datasets-csv/[2]noaa-sst/months/2017/noaa-buoy-201705.csv
-> size (bytes): 945,522
COMPRESSED FILE:
-> name: /Users/pablocerve/Documents/FING/Proyecto/pc-tesis/dataset_parser/scripts/output/coder_pca/noaa-buoy-201705.c.csv
-> size (bytes): 257,171
-> 27.2% of original
RESULTS
--------------------------(same file!)
CoderPCA
-> error_threshold = 0
-> fixed_window_size = 20
ORIGINAL FILE:
-> name: /Users/pablocerve/Documents/FING/Proyecto/datasets-csv/[2]noaa-sst/months/2017/noaa-buoy-201706.csv
-> size (bytes): 1,012,760
COMPRESSED FILE:
-> name: /Users/pablocerve/Documents/FING/Proyecto/pc-tesis/dataset_parser/scripts/output/coder_pca/noaa-buoy-201706.c.csv
-> size (bytes): 293,879
-> 29.02% of original
RESULTS
--------------------------(same file!)
CoderPCA
-> error_threshold = 0
-> fixed_window_size = 20
ORIGINAL FILE:
-> name: /Users/pablocerve/Documents/FING/Proyecto/datasets-csv/[2]noaa-sst/months/2017/noaa-buoy-201707.csv
-> size (bytes): 1,144,786
COMPRESSED FILE:
-> name: /Users/pablocerve/Documents/FING/Proyecto/pc-tesis/dataset_parser/scripts/output/coder_pca/noaa-buoy-201707.c.csv
-> size (bytes): 352,281
-> 30.77% of original
RESULTS
--------------------------(same file!)
CoderPCA
-> error_threshold = 0
-> fixed_window_size = 20
ORIGINAL FILE:
-> name: /Users/pablocerve/Documents/FING/Proyecto/datasets-csv/[2]noaa-sst/months/2017/noaa-buoy-201708.csv
-> size (bytes): 1,194,205
COMPRESSED FILE:
-> name: /Users/pablocerve/Documents/FING/Proyecto/pc-tesis/dataset_parser/scripts/output/coder_pca/noaa-buoy-201708.c.csv
-> size (bytes): 370,684
-> 31.04% of original
RESULTS
--------------------------(same file!)
CoderPCA
-> error_threshold = 0
-> fixed_window_size = 20
ORIGINAL FILE:
-> name: /Users/pablocerve/Documents/FING/Proyecto/datasets-csv/[2]noaa-sst/months/2017/noaa-buoy-201709.csv
-> size (bytes): 1,260,347
COMPRESSED FILE:
-> name: /Users/pablocerve/Documents/FING/Proyecto/pc-tesis/dataset_parser/scripts/output/coder_pca/noaa-buoy-201709.c.csv
-> size (bytes): 411,121
-> 32.62% of original
RESULTS
--------------------------(same file!)
CoderPCA
-> error_threshold = 0
-> fixed_window_size = 20
ORIGINAL FILE:
-> name: /Users/pablocerve/Documents/FING/Proyecto/datasets-csv/[2]noaa-sst/months/2017/noaa-buoy-201710.csv
-> size (bytes): 1,327,577
COMPRESSED FILE:
-> name: /Users/pablocerve/Documents/FING/Proyecto/pc-tesis/dataset_parser/scripts/output/coder_pca/noaa-buoy-201710.c.csv
-> size (bytes): 440,110
-> 33.15% of original
RESULTS
--------------------------(same file!)
CoderPCA
-> error_threshold = 0
-> fixed_window_size = 20
ORIGINAL FILE:
-> name: /Users/pablocerve/Documents/FING/Proyecto/datasets-csv/[2]noaa-sst/months/2017/noaa-buoy-201711.csv
-> size (bytes): 1,264,641
COMPRESSED FILE:
-> name: /Users/pablocerve/Documents/FING/Proyecto/pc-tesis/dataset_parser/scripts/output/coder_pca/noaa-buoy-201711.c.csv
-> size (bytes): 414,465
-> 32.77% of original
RESULTS
--------------------------(same file!)
CoderPCA
-> error_threshold = 0
-> fixed_window_size = 20
ORIGINAL FILE:
-> name: /Users/pablocerve/Documents/FING/Proyecto/datasets-csv/[2]noaa-sst/months/2017/noaa-buoy-201712.csv
-> size (bytes): 1,202,859
COMPRESSED FILE:
-> name: /Users/pablocerve/Documents/FING/Proyecto/pc-tesis/dataset_parser/scripts/output/coder_pca/noaa-buoy-201712.c.csv
-> size (bytes): 383,198
-> 31.86% of original
