
RESULTS
--------------------------(same file!)
CoderPWLHint
ORIGINAL FILE:
-> name: /Users/pablocerve/Documents/FING/Proyecto/datasets-csv/[4]solar-anywhere/all/solar-anywhere-2011.csv
-> size (bytes): 927,415
COMPRESSED FILE:
-> name: /Users/pablocerve/Documents/FING/Proyecto/pc-tesis/dataset_parser/scripts/output/[4]solar-anywhere/pwlh-int/solar-anywhere-2011.c.cpp.csv
-> size (bytes): 357,400
-> 38.54% of original


RESULTS
--------------------------(same file!)
CoderPWLHint
ORIGINAL FILE:
-> name: /Users/pablocerve/Documents/FING/Proyecto/datasets-csv/[4]solar-anywhere/all/solar-anywhere-2011.csv
-> size (bytes): 927,415
COMPRESSED FILE:
-> name: /Users/pablocerve/Documents/FING/Proyecto/pc-tesis/dataset_parser/scripts/output/[4]solar-anywhere/pwlh-int/solar-anywhere-2011.c.cpp.csv
-> size (bytes): 328,858
-> 35.46% of original


RESULTS
--------------------------(same file!)
CoderPWLHint
ORIGINAL FILE:
-> name: /Users/pablocerve/Documents/FING/Proyecto/datasets-csv/[4]solar-anywhere/all/solar-anywhere-2011.csv
-> size (bytes): 927,415
COMPRESSED FILE:
-> name: /Users/pablocerve/Documents/FING/Proyecto/pc-tesis/dataset_parser/scripts/output/[4]solar-anywhere/pwlh-int/solar-anywhere-2011.c.cpp.csv
-> size (bytes): 328,127
-> 35.38% of original


RESULTS
--------------------------(same file!)
CoderPWLHint
ORIGINAL FILE:
-> name: /Users/pablocerve/Documents/FING/Proyecto/datasets-csv/[4]solar-anywhere/all/solar-anywhere-2011.csv
-> size (bytes): 927,415
COMPRESSED FILE:
-> name: /Users/pablocerve/Documents/FING/Proyecto/pc-tesis/dataset_parser/scripts/output/[4]solar-anywhere/pwlh-int/solar-anywhere-2011.c.cpp.csv
-> size (bytes): 340,275
-> 36.69% of original


RESULTS
--------------------------(same file!)
CoderPWLHint
ORIGINAL FILE:
-> name: /Users/pablocerve/Documents/FING/Proyecto/datasets-csv/[4]solar-anywhere/all/solar-anywhere-2011.csv
-> size (bytes): 927,415
COMPRESSED FILE:
-> name: /Users/pablocerve/Documents/FING/Proyecto/pc-tesis/dataset_parser/scripts/output/[4]solar-anywhere/pwlh-int/solar-anywhere-2011.c.cpp.csv
-> size (bytes): 352,858
-> 38.05% of original


RESULTS
--------------------------(same file!)
CoderPWLHint
ORIGINAL FILE:
-> name: /Users/pablocerve/Documents/FING/Proyecto/datasets-csv/[4]solar-anywhere/all/solar-anywhere-2011.csv
-> size (bytes): 927,415
COMPRESSED FILE:
-> name: /Users/pablocerve/Documents/FING/Proyecto/pc-tesis/dataset_parser/scripts/output/[4]solar-anywhere/pwlh-int/solar-anywhere-2011.c.cpp.csv
-> size (bytes): 365,679
-> 39.43% of original


RESULTS
--------------------------(same file!)
CoderPWLHint
ORIGINAL FILE:
-> name: /Users/pablocerve/Documents/FING/Proyecto/datasets-csv/[4]solar-anywhere/all/solar-anywhere-2011.csv
-> size (bytes): 927,415
COMPRESSED FILE:
-> name: /Users/pablocerve/Documents/FING/Proyecto/pc-tesis/dataset_parser/scripts/output/[4]solar-anywhere/pwlh-int/solar-anywhere-2011.c.cpp.csv
-> size (bytes): 357,400
-> 38.54% of original


RESULTS
--------------------------(same file!)
CoderPWLHint
ORIGINAL FILE:
-> name: /Users/pablocerve/Documents/FING/Proyecto/datasets-csv/[4]solar-anywhere/all/solar-anywhere-2011.csv
-> size (bytes): 927,415
COMPRESSED FILE:
-> name: /Users/pablocerve/Documents/FING/Proyecto/pc-tesis/dataset_parser/scripts/output/[4]solar-anywhere/pwlh-int/solar-anywhere-2011.c.cpp.csv
-> size (bytes): 328,858
-> 35.46% of original


RESULTS
--------------------------(same file!)
CoderPWLHint
ORIGINAL FILE:
-> name: /Users/pablocerve/Documents/FING/Proyecto/datasets-csv/[4]solar-anywhere/all/solar-anywhere-2011.csv
-> size (bytes): 927,415
COMPRESSED FILE:
-> name: /Users/pablocerve/Documents/FING/Proyecto/pc-tesis/dataset_parser/scripts/output/[4]solar-anywhere/pwlh-int/solar-anywhere-2011.c.cpp.csv
-> size (bytes): 328,127
-> 35.38% of original


RESULTS
--------------------------(same file!)
CoderPWLHint
ORIGINAL FILE:
-> name: /Users/pablocerve/Documents/FING/Proyecto/datasets-csv/[4]solar-anywhere/all/solar-anywhere-2011.csv
-> size (bytes): 927,415
COMPRESSED FILE:
-> name: /Users/pablocerve/Documents/FING/Proyecto/pc-tesis/dataset_parser/scripts/output/[4]solar-anywhere/pwlh-int/solar-anywhere-2011.c.cpp.csv
-> size (bytes): 340,275
-> 36.69% of original


RESULTS
--------------------------(same file!)
CoderPWLHint
ORIGINAL FILE:
-> name: /Users/pablocerve/Documents/FING/Proyecto/datasets-csv/[4]solar-anywhere/all/solar-anywhere-2011.csv
-> size (bytes): 927,415
COMPRESSED FILE:
-> name: /Users/pablocerve/Documents/FING/Proyecto/pc-tesis/dataset_parser/scripts/output/[4]solar-anywhere/pwlh-int/solar-anywhere-2011.c.cpp.csv
-> size (bytes): 352,858
-> 38.05% of original


RESULTS
--------------------------(same file!)
CoderPWLHint
ORIGINAL FILE:
-> name: /Users/pablocerve/Documents/FING/Proyecto/datasets-csv/[4]solar-anywhere/all/solar-anywhere-2011.csv
-> size (bytes): 927,415
COMPRESSED FILE:
-> name: /Users/pablocerve/Documents/FING/Proyecto/pc-tesis/dataset_parser/scripts/output/[4]solar-anywhere/pwlh-int/solar-anywhere-2011.c.cpp.csv
-> size (bytes): 365,679
-> 39.43% of original


RESULTS
--------------------------(same file!)
CoderPWLHint
ORIGINAL FILE:
-> name: /Users/pablocerve/Documents/FING/Proyecto/datasets-csv/[4]solar-anywhere/all/solar-anywhere-2011.csv
-> size (bytes): 927,415
COMPRESSED FILE:
-> name: /Users/pablocerve/Documents/FING/Proyecto/pc-tesis/dataset_parser/scripts/output/[4]solar-anywhere/pwlh-int/solar-anywhere-2011.c.cpp.csv
-> size (bytes): 357,400
-> 38.54% of original


RESULTS
--------------------------(same file!)
CoderPWLHint
ORIGINAL FILE:
-> name: /Users/pablocerve/Documents/FING/Proyecto/datasets-csv/[4]solar-anywhere/all/solar-anywhere-2011.csv
-> size (bytes): 927,415
COMPRESSED FILE:
-> name: /Users/pablocerve/Documents/FING/Proyecto/pc-tesis/dataset_parser/scripts/output/[4]solar-anywhere/pwlh-int/solar-anywhere-2011.c.cpp.csv
-> size (bytes): 328,858
-> 35.46% of original


RESULTS
--------------------------(same file!)
CoderPWLHint
ORIGINAL FILE:
-> name: /Users/pablocerve/Documents/FING/Proyecto/datasets-csv/[4]solar-anywhere/all/solar-anywhere-2011.csv
-> size (bytes): 927,415
COMPRESSED FILE:
-> name: /Users/pablocerve/Documents/FING/Proyecto/pc-tesis/dataset_parser/scripts/output/[4]solar-anywhere/pwlh-int/solar-anywhere-2011.c.cpp.csv
-> size (bytes): 328,127
-> 35.38% of original


RESULTS
--------------------------(same file!)
CoderPWLHint
ORIGINAL FILE:
-> name: /Users/pablocerve/Documents/FING/Proyecto/datasets-csv/[4]solar-anywhere/all/solar-anywhere-2011.csv
-> size (bytes): 927,415
COMPRESSED FILE:
-> name: /Users/pablocerve/Documents/FING/Proyecto/pc-tesis/dataset_parser/scripts/output/[4]solar-anywhere/pwlh-int/solar-anywhere-2011.c.cpp.csv
-> size (bytes): 340,275
-> 36.69% of original


RESULTS
--------------------------(same file!)
CoderPWLHint
ORIGINAL FILE:
-> name: /Users/pablocerve/Documents/FING/Proyecto/datasets-csv/[4]solar-anywhere/all/solar-anywhere-2011.csv
-> size (bytes): 927,415
COMPRESSED FILE:
-> name: /Users/pablocerve/Documents/FING/Proyecto/pc-tesis/dataset_parser/scripts/output/[4]solar-anywhere/pwlh-int/solar-anywhere-2011.c.cpp.csv
-> size (bytes): 352,858
-> 38.05% of original


RESULTS
--------------------------(same file!)
CoderPWLHint
ORIGINAL FILE:
-> name: /Users/pablocerve/Documents/FING/Proyecto/datasets-csv/[4]solar-anywhere/all/solar-anywhere-2011.csv
-> size (bytes): 927,415
COMPRESSED FILE:
-> name: /Users/pablocerve/Documents/FING/Proyecto/pc-tesis/dataset_parser/scripts/output/[4]solar-anywhere/pwlh-int/solar-anywhere-2011.c.cpp.csv
-> size (bytes): 365,679
-> 39.43% of original


RESULTS
--------------------------(same file!)
CoderPWLHint
ORIGINAL FILE:
-> name: /Users/pablocerve/Documents/FING/Proyecto/datasets-csv/[4]solar-anywhere/all/solar-anywhere-2011.csv
-> size (bytes): 927,415
COMPRESSED FILE:
-> name: /Users/pablocerve/Documents/FING/Proyecto/pc-tesis/dataset_parser/scripts/output/[4]solar-anywhere/pwlh-int/solar-anywhere-2011.c.cpp.csv
-> size (bytes): 357,400
-> 38.54% of original


RESULTS
--------------------------(same file!)
CoderPWLHint
ORIGINAL FILE:
-> name: /Users/pablocerve/Documents/FING/Proyecto/datasets-csv/[4]solar-anywhere/all/solar-anywhere-2011.csv
-> size (bytes): 927,415
COMPRESSED FILE:
-> name: /Users/pablocerve/Documents/FING/Proyecto/pc-tesis/dataset_parser/scripts/output/[4]solar-anywhere/pwlh-int/solar-anywhere-2011.c.cpp.csv
-> size (bytes): 328,858
-> 35.46% of original


RESULTS
--------------------------(same file!)
CoderPWLHint
ORIGINAL FILE:
-> name: /Users/pablocerve/Documents/FING/Proyecto/datasets-csv/[4]solar-anywhere/all/solar-anywhere-2011.csv
-> size (bytes): 927,415
COMPRESSED FILE:
-> name: /Users/pablocerve/Documents/FING/Proyecto/pc-tesis/dataset_parser/scripts/output/[4]solar-anywhere/pwlh-int/solar-anywhere-2011.c.cpp.csv
-> size (bytes): 328,127
-> 35.38% of original


RESULTS
--------------------------(same file!)
CoderPWLHint
ORIGINAL FILE:
-> name: /Users/pablocerve/Documents/FING/Proyecto/datasets-csv/[4]solar-anywhere/all/solar-anywhere-2011.csv
-> size (bytes): 927,415
COMPRESSED FILE:
-> name: /Users/pablocerve/Documents/FING/Proyecto/pc-tesis/dataset_parser/scripts/output/[4]solar-anywhere/pwlh-int/solar-anywhere-2011.c.cpp.csv
-> size (bytes): 340,275
-> 36.69% of original


RESULTS
--------------------------(same file!)
CoderPWLHint
ORIGINAL FILE:
-> name: /Users/pablocerve/Documents/FING/Proyecto/datasets-csv/[4]solar-anywhere/all/solar-anywhere-2011.csv
-> size (bytes): 927,415
COMPRESSED FILE:
-> name: /Users/pablocerve/Documents/FING/Proyecto/pc-tesis/dataset_parser/scripts/output/[4]solar-anywhere/pwlh-int/solar-anywhere-2011.c.cpp.csv
-> size (bytes): 352,858
-> 38.05% of original


RESULTS
--------------------------(same file!)
CoderPWLHint
ORIGINAL FILE:
-> name: /Users/pablocerve/Documents/FING/Proyecto/datasets-csv/[4]solar-anywhere/all/solar-anywhere-2011.csv
-> size (bytes): 927,415
COMPRESSED FILE:
-> name: /Users/pablocerve/Documents/FING/Proyecto/pc-tesis/dataset_parser/scripts/output/[4]solar-anywhere/pwlh-int/solar-anywhere-2011.c.cpp.csv
-> size (bytes): 365,679
-> 39.43% of original


RESULTS
--------------------------(same file!)
CoderPWLHint
ORIGINAL FILE:
-> name: /Users/pablocerve/Documents/FING/Proyecto/datasets-csv/[4]solar-anywhere/all/solar-anywhere-2011.csv
-> size (bytes): 927,415
COMPRESSED FILE:
-> name: /Users/pablocerve/Documents/FING/Proyecto/pc-tesis/dataset_parser/scripts/output/[4]solar-anywhere/pwlh-int/solar-anywhere-2011.c.cpp.csv
-> size (bytes): 357,400
-> 38.54% of original


RESULTS
--------------------------(same file!)
CoderPWLHint
ORIGINAL FILE:
-> name: /Users/pablocerve/Documents/FING/Proyecto/datasets-csv/[4]solar-anywhere/all/solar-anywhere-2011.csv
-> size (bytes): 927,415
COMPRESSED FILE:
-> name: /Users/pablocerve/Documents/FING/Proyecto/pc-tesis/dataset_parser/scripts/output/[4]solar-anywhere/pwlh-int/solar-anywhere-2011.c.cpp.csv
-> size (bytes): 328,858
-> 35.46% of original


RESULTS
--------------------------(same file!)
CoderPWLHint
ORIGINAL FILE:
-> name: /Users/pablocerve/Documents/FING/Proyecto/datasets-csv/[4]solar-anywhere/all/solar-anywhere-2011.csv
-> size (bytes): 927,415
COMPRESSED FILE:
-> name: /Users/pablocerve/Documents/FING/Proyecto/pc-tesis/dataset_parser/scripts/output/[4]solar-anywhere/pwlh-int/solar-anywhere-2011.c.cpp.csv
-> size (bytes): 328,127
-> 35.38% of original


RESULTS
--------------------------(same file!)
CoderPWLHint
ORIGINAL FILE:
-> name: /Users/pablocerve/Documents/FING/Proyecto/datasets-csv/[4]solar-anywhere/all/solar-anywhere-2011.csv
-> size (bytes): 927,415
COMPRESSED FILE:
-> name: /Users/pablocerve/Documents/FING/Proyecto/pc-tesis/dataset_parser/scripts/output/[4]solar-anywhere/pwlh-int/solar-anywhere-2011.c.cpp.csv
-> size (bytes): 340,275
-> 36.69% of original


RESULTS
--------------------------(same file!)
CoderPWLHint
ORIGINAL FILE:
-> name: /Users/pablocerve/Documents/FING/Proyecto/datasets-csv/[4]solar-anywhere/all/solar-anywhere-2011.csv
-> size (bytes): 927,415
COMPRESSED FILE:
-> name: /Users/pablocerve/Documents/FING/Proyecto/pc-tesis/dataset_parser/scripts/output/[4]solar-anywhere/pwlh-int/solar-anywhere-2011.c.cpp.csv
-> size (bytes): 352,858
-> 38.05% of original


RESULTS
--------------------------(same file!)
CoderPWLHint
ORIGINAL FILE:
-> name: /Users/pablocerve/Documents/FING/Proyecto/datasets-csv/[4]solar-anywhere/all/solar-anywhere-2011.csv
-> size (bytes): 927,415
COMPRESSED FILE:
-> name: /Users/pablocerve/Documents/FING/Proyecto/pc-tesis/dataset_parser/scripts/output/[4]solar-anywhere/pwlh-int/solar-anywhere-2011.c.cpp.csv
-> size (bytes): 365,679
-> 39.43% of original


RESULTS
--------------------------(same file!)
CoderPWLHint
ORIGINAL FILE:
-> name: /Users/pablocerve/Documents/FING/Proyecto/datasets-csv/[4]solar-anywhere/all/solar-anywhere-2011.csv
-> size (bytes): 927,415
COMPRESSED FILE:
-> name: /Users/pablocerve/Documents/FING/Proyecto/pc-tesis/dataset_parser/scripts/output/[4]solar-anywhere/pwlh-int/solar-anywhere-2011.c.cpp.csv
-> size (bytes): 357,400
-> 38.54% of original


RESULTS
--------------------------(same file!)
CoderPWLHint
ORIGINAL FILE:
-> name: /Users/pablocerve/Documents/FING/Proyecto/datasets-csv/[4]solar-anywhere/all/solar-anywhere-2011.csv
-> size (bytes): 927,415
COMPRESSED FILE:
-> name: /Users/pablocerve/Documents/FING/Proyecto/pc-tesis/dataset_parser/scripts/output/[4]solar-anywhere/pwlh-int/solar-anywhere-2011.c.cpp.csv
-> size (bytes): 328,858
-> 35.46% of original


RESULTS
--------------------------(same file!)
CoderPWLHint
ORIGINAL FILE:
-> name: /Users/pablocerve/Documents/FING/Proyecto/datasets-csv/[4]solar-anywhere/all/solar-anywhere-2011.csv
-> size (bytes): 927,415
COMPRESSED FILE:
-> name: /Users/pablocerve/Documents/FING/Proyecto/pc-tesis/dataset_parser/scripts/output/[4]solar-anywhere/pwlh-int/solar-anywhere-2011.c.cpp.csv
-> size (bytes): 328,127
-> 35.38% of original


RESULTS
--------------------------(same file!)
CoderPWLHint
ORIGINAL FILE:
-> name: /Users/pablocerve/Documents/FING/Proyecto/datasets-csv/[4]solar-anywhere/all/solar-anywhere-2011.csv
-> size (bytes): 927,415
COMPRESSED FILE:
-> name: /Users/pablocerve/Documents/FING/Proyecto/pc-tesis/dataset_parser/scripts/output/[4]solar-anywhere/pwlh-int/solar-anywhere-2011.c.cpp.csv
-> size (bytes): 340,275
-> 36.69% of original


RESULTS
--------------------------(same file!)
CoderPWLHint
ORIGINAL FILE:
-> name: /Users/pablocerve/Documents/FING/Proyecto/datasets-csv/[4]solar-anywhere/all/solar-anywhere-2011.csv
-> size (bytes): 927,415
COMPRESSED FILE:
-> name: /Users/pablocerve/Documents/FING/Proyecto/pc-tesis/dataset_parser/scripts/output/[4]solar-anywhere/pwlh-int/solar-anywhere-2011.c.cpp.csv
-> size (bytes): 352,858
-> 38.05% of original


RESULTS
--------------------------(same file!)
CoderPWLHint
ORIGINAL FILE:
-> name: /Users/pablocerve/Documents/FING/Proyecto/datasets-csv/[4]solar-anywhere/all/solar-anywhere-2011.csv
-> size (bytes): 927,415
COMPRESSED FILE:
-> name: /Users/pablocerve/Documents/FING/Proyecto/pc-tesis/dataset_parser/scripts/output/[4]solar-anywhere/pwlh-int/solar-anywhere-2011.c.cpp.csv
-> size (bytes): 365,679
-> 39.43% of original


RESULTS
--------------------------(same file!)
CoderPWLHint
ORIGINAL FILE:
-> name: /Users/pablocerve/Documents/FING/Proyecto/datasets-csv/[4]solar-anywhere/all/solar-anywhere-2011.csv
-> size (bytes): 927,415
COMPRESSED FILE:
-> name: /Users/pablocerve/Documents/FING/Proyecto/pc-tesis/dataset_parser/scripts/output/[4]solar-anywhere/pwlh-int/solar-anywhere-2011.c.cpp.csv
-> size (bytes): 357,400
-> 38.54% of original


RESULTS
--------------------------(same file!)
CoderPWLHint
ORIGINAL FILE:
-> name: /Users/pablocerve/Documents/FING/Proyecto/datasets-csv/[4]solar-anywhere/all/solar-anywhere-2011.csv
-> size (bytes): 927,415
COMPRESSED FILE:
-> name: /Users/pablocerve/Documents/FING/Proyecto/pc-tesis/dataset_parser/scripts/output/[4]solar-anywhere/pwlh-int/solar-anywhere-2011.c.cpp.csv
-> size (bytes): 328,858
-> 35.46% of original


RESULTS
--------------------------(same file!)
CoderPWLHint
ORIGINAL FILE:
-> name: /Users/pablocerve/Documents/FING/Proyecto/datasets-csv/[4]solar-anywhere/all/solar-anywhere-2011.csv
-> size (bytes): 927,415
COMPRESSED FILE:
-> name: /Users/pablocerve/Documents/FING/Proyecto/pc-tesis/dataset_parser/scripts/output/[4]solar-anywhere/pwlh-int/solar-anywhere-2011.c.cpp.csv
-> size (bytes): 328,127
-> 35.38% of original


RESULTS
--------------------------(same file!)
CoderPWLHint
ORIGINAL FILE:
-> name: /Users/pablocerve/Documents/FING/Proyecto/datasets-csv/[4]solar-anywhere/all/solar-anywhere-2011.csv
-> size (bytes): 927,415
COMPRESSED FILE:
-> name: /Users/pablocerve/Documents/FING/Proyecto/pc-tesis/dataset_parser/scripts/output/[4]solar-anywhere/pwlh-int/solar-anywhere-2011.c.cpp.csv
-> size (bytes): 340,275
-> 36.69% of original


RESULTS
--------------------------(same file!)
CoderPWLHint
ORIGINAL FILE:
-> name: /Users/pablocerve/Documents/FING/Proyecto/datasets-csv/[4]solar-anywhere/all/solar-anywhere-2011.csv
-> size (bytes): 927,415
COMPRESSED FILE:
-> name: /Users/pablocerve/Documents/FING/Proyecto/pc-tesis/dataset_parser/scripts/output/[4]solar-anywhere/pwlh-int/solar-anywhere-2011.c.cpp.csv
-> size (bytes): 352,858
-> 38.05% of original


RESULTS
--------------------------(same file!)
CoderPWLHint
ORIGINAL FILE:
-> name: /Users/pablocerve/Documents/FING/Proyecto/datasets-csv/[4]solar-anywhere/all/solar-anywhere-2011.csv
-> size (bytes): 927,415
COMPRESSED FILE:
-> name: /Users/pablocerve/Documents/FING/Proyecto/pc-tesis/dataset_parser/scripts/output/[4]solar-anywhere/pwlh-int/solar-anywhere-2011.c.cpp.csv
-> size (bytes): 365,679
-> 39.43% of original


RESULTS
--------------------------(same file!)
CoderPWLHint
ORIGINAL FILE:
-> name: /Users/pablocerve/Documents/FING/Proyecto/datasets-csv/[4]solar-anywhere/all/solar-anywhere-2012.csv
-> size (bytes): 926,747
COMPRESSED FILE:
-> name: /Users/pablocerve/Documents/FING/Proyecto/pc-tesis/dataset_parser/scripts/output/[4]solar-anywhere/pwlh-int/solar-anywhere-2012.c.cpp.csv
-> size (bytes): 357,899
-> 38.62% of original


RESULTS
--------------------------(same file!)
CoderPWLHint
ORIGINAL FILE:
-> name: /Users/pablocerve/Documents/FING/Proyecto/datasets-csv/[4]solar-anywhere/all/solar-anywhere-2012.csv
-> size (bytes): 926,747
COMPRESSED FILE:
-> name: /Users/pablocerve/Documents/FING/Proyecto/pc-tesis/dataset_parser/scripts/output/[4]solar-anywhere/pwlh-int/solar-anywhere-2012.c.cpp.csv
-> size (bytes): 329,522
-> 35.56% of original


RESULTS
--------------------------(same file!)
CoderPWLHint
ORIGINAL FILE:
-> name: /Users/pablocerve/Documents/FING/Proyecto/datasets-csv/[4]solar-anywhere/all/solar-anywhere-2012.csv
-> size (bytes): 926,747
COMPRESSED FILE:
-> name: /Users/pablocerve/Documents/FING/Proyecto/pc-tesis/dataset_parser/scripts/output/[4]solar-anywhere/pwlh-int/solar-anywhere-2012.c.cpp.csv
-> size (bytes): 328,338
-> 35.43% of original


RESULTS
--------------------------(same file!)
CoderPWLHint
ORIGINAL FILE:
-> name: /Users/pablocerve/Documents/FING/Proyecto/datasets-csv/[4]solar-anywhere/all/solar-anywhere-2012.csv
-> size (bytes): 926,747
COMPRESSED FILE:
-> name: /Users/pablocerve/Documents/FING/Proyecto/pc-tesis/dataset_parser/scripts/output/[4]solar-anywhere/pwlh-int/solar-anywhere-2012.c.cpp.csv
-> size (bytes): 340,559
-> 36.75% of original


RESULTS
--------------------------(same file!)
CoderPWLHint
ORIGINAL FILE:
-> name: /Users/pablocerve/Documents/FING/Proyecto/datasets-csv/[4]solar-anywhere/all/solar-anywhere-2012.csv
-> size (bytes): 926,747
COMPRESSED FILE:
-> name: /Users/pablocerve/Documents/FING/Proyecto/pc-tesis/dataset_parser/scripts/output/[4]solar-anywhere/pwlh-int/solar-anywhere-2012.c.cpp.csv
-> size (bytes): 353,187
-> 38.11% of original


RESULTS
--------------------------(same file!)
CoderPWLHint
ORIGINAL FILE:
-> name: /Users/pablocerve/Documents/FING/Proyecto/datasets-csv/[4]solar-anywhere/all/solar-anywhere-2012.csv
-> size (bytes): 926,747
COMPRESSED FILE:
-> name: /Users/pablocerve/Documents/FING/Proyecto/pc-tesis/dataset_parser/scripts/output/[4]solar-anywhere/pwlh-int/solar-anywhere-2012.c.cpp.csv
-> size (bytes): 366,018
-> 39.49% of original


RESULTS
--------------------------(same file!)
CoderPWLHint
ORIGINAL FILE:
-> name: /Users/pablocerve/Documents/FING/Proyecto/datasets-csv/[4]solar-anywhere/all/solar-anywhere-2012.csv
-> size (bytes): 926,747
COMPRESSED FILE:
-> name: /Users/pablocerve/Documents/FING/Proyecto/pc-tesis/dataset_parser/scripts/output/[4]solar-anywhere/pwlh-int/solar-anywhere-2012.c.cpp.csv
-> size (bytes): 357,899
-> 38.62% of original


RESULTS
--------------------------(same file!)
CoderPWLHint
ORIGINAL FILE:
-> name: /Users/pablocerve/Documents/FING/Proyecto/datasets-csv/[4]solar-anywhere/all/solar-anywhere-2012.csv
-> size (bytes): 926,747
COMPRESSED FILE:
-> name: /Users/pablocerve/Documents/FING/Proyecto/pc-tesis/dataset_parser/scripts/output/[4]solar-anywhere/pwlh-int/solar-anywhere-2012.c.cpp.csv
-> size (bytes): 329,522
-> 35.56% of original


RESULTS
--------------------------(same file!)
CoderPWLHint
ORIGINAL FILE:
-> name: /Users/pablocerve/Documents/FING/Proyecto/datasets-csv/[4]solar-anywhere/all/solar-anywhere-2012.csv
-> size (bytes): 926,747
COMPRESSED FILE:
-> name: /Users/pablocerve/Documents/FING/Proyecto/pc-tesis/dataset_parser/scripts/output/[4]solar-anywhere/pwlh-int/solar-anywhere-2012.c.cpp.csv
-> size (bytes): 328,338
-> 35.43% of original


RESULTS
--------------------------(same file!)
CoderPWLHint
ORIGINAL FILE:
-> name: /Users/pablocerve/Documents/FING/Proyecto/datasets-csv/[4]solar-anywhere/all/solar-anywhere-2012.csv
-> size (bytes): 926,747
COMPRESSED FILE:
-> name: /Users/pablocerve/Documents/FING/Proyecto/pc-tesis/dataset_parser/scripts/output/[4]solar-anywhere/pwlh-int/solar-anywhere-2012.c.cpp.csv
-> size (bytes): 340,559
-> 36.75% of original


RESULTS
--------------------------(same file!)
CoderPWLHint
ORIGINAL FILE:
-> name: /Users/pablocerve/Documents/FING/Proyecto/datasets-csv/[4]solar-anywhere/all/solar-anywhere-2012.csv
-> size (bytes): 926,747
COMPRESSED FILE:
-> name: /Users/pablocerve/Documents/FING/Proyecto/pc-tesis/dataset_parser/scripts/output/[4]solar-anywhere/pwlh-int/solar-anywhere-2012.c.cpp.csv
-> size (bytes): 353,187
-> 38.11% of original


RESULTS
--------------------------(same file!)
CoderPWLHint
ORIGINAL FILE:
-> name: /Users/pablocerve/Documents/FING/Proyecto/datasets-csv/[4]solar-anywhere/all/solar-anywhere-2012.csv
-> size (bytes): 926,747
COMPRESSED FILE:
-> name: /Users/pablocerve/Documents/FING/Proyecto/pc-tesis/dataset_parser/scripts/output/[4]solar-anywhere/pwlh-int/solar-anywhere-2012.c.cpp.csv
-> size (bytes): 366,018
-> 39.49% of original


RESULTS
--------------------------(same file!)
CoderPWLHint
ORIGINAL FILE:
-> name: /Users/pablocerve/Documents/FING/Proyecto/datasets-csv/[4]solar-anywhere/all/solar-anywhere-2012.csv
-> size (bytes): 926,747
COMPRESSED FILE:
-> name: /Users/pablocerve/Documents/FING/Proyecto/pc-tesis/dataset_parser/scripts/output/[4]solar-anywhere/pwlh-int/solar-anywhere-2012.c.cpp.csv
-> size (bytes): 357,899
-> 38.62% of original


RESULTS
--------------------------(same file!)
CoderPWLHint
ORIGINAL FILE:
-> name: /Users/pablocerve/Documents/FING/Proyecto/datasets-csv/[4]solar-anywhere/all/solar-anywhere-2012.csv
-> size (bytes): 926,747
COMPRESSED FILE:
-> name: /Users/pablocerve/Documents/FING/Proyecto/pc-tesis/dataset_parser/scripts/output/[4]solar-anywhere/pwlh-int/solar-anywhere-2012.c.cpp.csv
-> size (bytes): 329,522
-> 35.56% of original


RESULTS
--------------------------(same file!)
CoderPWLHint
ORIGINAL FILE:
-> name: /Users/pablocerve/Documents/FING/Proyecto/datasets-csv/[4]solar-anywhere/all/solar-anywhere-2012.csv
-> size (bytes): 926,747
COMPRESSED FILE:
-> name: /Users/pablocerve/Documents/FING/Proyecto/pc-tesis/dataset_parser/scripts/output/[4]solar-anywhere/pwlh-int/solar-anywhere-2012.c.cpp.csv
-> size (bytes): 328,338
-> 35.43% of original


RESULTS
--------------------------(same file!)
CoderPWLHint
ORIGINAL FILE:
-> name: /Users/pablocerve/Documents/FING/Proyecto/datasets-csv/[4]solar-anywhere/all/solar-anywhere-2012.csv
-> size (bytes): 926,747
COMPRESSED FILE:
-> name: /Users/pablocerve/Documents/FING/Proyecto/pc-tesis/dataset_parser/scripts/output/[4]solar-anywhere/pwlh-int/solar-anywhere-2012.c.cpp.csv
-> size (bytes): 340,559
-> 36.75% of original


RESULTS
--------------------------(same file!)
CoderPWLHint
ORIGINAL FILE:
-> name: /Users/pablocerve/Documents/FING/Proyecto/datasets-csv/[4]solar-anywhere/all/solar-anywhere-2012.csv
-> size (bytes): 926,747
COMPRESSED FILE:
-> name: /Users/pablocerve/Documents/FING/Proyecto/pc-tesis/dataset_parser/scripts/output/[4]solar-anywhere/pwlh-int/solar-anywhere-2012.c.cpp.csv
-> size (bytes): 353,187
-> 38.11% of original


RESULTS
--------------------------(same file!)
CoderPWLHint
ORIGINAL FILE:
-> name: /Users/pablocerve/Documents/FING/Proyecto/datasets-csv/[4]solar-anywhere/all/solar-anywhere-2012.csv
-> size (bytes): 926,747
COMPRESSED FILE:
-> name: /Users/pablocerve/Documents/FING/Proyecto/pc-tesis/dataset_parser/scripts/output/[4]solar-anywhere/pwlh-int/solar-anywhere-2012.c.cpp.csv
-> size (bytes): 366,018
-> 39.49% of original


RESULTS
--------------------------(same file!)
CoderPWLHint
ORIGINAL FILE:
-> name: /Users/pablocerve/Documents/FING/Proyecto/datasets-csv/[4]solar-anywhere/all/solar-anywhere-2012.csv
-> size (bytes): 926,747
COMPRESSED FILE:
-> name: /Users/pablocerve/Documents/FING/Proyecto/pc-tesis/dataset_parser/scripts/output/[4]solar-anywhere/pwlh-int/solar-anywhere-2012.c.cpp.csv
-> size (bytes): 357,899
-> 38.62% of original


RESULTS
--------------------------(same file!)
CoderPWLHint
ORIGINAL FILE:
-> name: /Users/pablocerve/Documents/FING/Proyecto/datasets-csv/[4]solar-anywhere/all/solar-anywhere-2012.csv
-> size (bytes): 926,747
COMPRESSED FILE:
-> name: /Users/pablocerve/Documents/FING/Proyecto/pc-tesis/dataset_parser/scripts/output/[4]solar-anywhere/pwlh-int/solar-anywhere-2012.c.cpp.csv
-> size (bytes): 329,522
-> 35.56% of original


RESULTS
--------------------------(same file!)
CoderPWLHint
ORIGINAL FILE:
-> name: /Users/pablocerve/Documents/FING/Proyecto/datasets-csv/[4]solar-anywhere/all/solar-anywhere-2012.csv
-> size (bytes): 926,747
COMPRESSED FILE:
-> name: /Users/pablocerve/Documents/FING/Proyecto/pc-tesis/dataset_parser/scripts/output/[4]solar-anywhere/pwlh-int/solar-anywhere-2012.c.cpp.csv
-> size (bytes): 328,338
-> 35.43% of original


RESULTS
--------------------------(same file!)
CoderPWLHint
ORIGINAL FILE:
-> name: /Users/pablocerve/Documents/FING/Proyecto/datasets-csv/[4]solar-anywhere/all/solar-anywhere-2012.csv
-> size (bytes): 926,747
COMPRESSED FILE:
-> name: /Users/pablocerve/Documents/FING/Proyecto/pc-tesis/dataset_parser/scripts/output/[4]solar-anywhere/pwlh-int/solar-anywhere-2012.c.cpp.csv
-> size (bytes): 340,559
-> 36.75% of original


RESULTS
--------------------------(same file!)
CoderPWLHint
ORIGINAL FILE:
-> name: /Users/pablocerve/Documents/FING/Proyecto/datasets-csv/[4]solar-anywhere/all/solar-anywhere-2012.csv
-> size (bytes): 926,747
COMPRESSED FILE:
-> name: /Users/pablocerve/Documents/FING/Proyecto/pc-tesis/dataset_parser/scripts/output/[4]solar-anywhere/pwlh-int/solar-anywhere-2012.c.cpp.csv
-> size (bytes): 353,187
-> 38.11% of original


RESULTS
--------------------------(same file!)
CoderPWLHint
ORIGINAL FILE:
-> name: /Users/pablocerve/Documents/FING/Proyecto/datasets-csv/[4]solar-anywhere/all/solar-anywhere-2012.csv
-> size (bytes): 926,747
COMPRESSED FILE:
-> name: /Users/pablocerve/Documents/FING/Proyecto/pc-tesis/dataset_parser/scripts/output/[4]solar-anywhere/pwlh-int/solar-anywhere-2012.c.cpp.csv
-> size (bytes): 366,018
-> 39.49% of original


RESULTS
--------------------------(same file!)
CoderPWLHint
ORIGINAL FILE:
-> name: /Users/pablocerve/Documents/FING/Proyecto/datasets-csv/[4]solar-anywhere/all/solar-anywhere-2012.csv
-> size (bytes): 926,747
COMPRESSED FILE:
-> name: /Users/pablocerve/Documents/FING/Proyecto/pc-tesis/dataset_parser/scripts/output/[4]solar-anywhere/pwlh-int/solar-anywhere-2012.c.cpp.csv
-> size (bytes): 357,899
-> 38.62% of original


RESULTS
--------------------------(same file!)
CoderPWLHint
ORIGINAL FILE:
-> name: /Users/pablocerve/Documents/FING/Proyecto/datasets-csv/[4]solar-anywhere/all/solar-anywhere-2012.csv
-> size (bytes): 926,747
COMPRESSED FILE:
-> name: /Users/pablocerve/Documents/FING/Proyecto/pc-tesis/dataset_parser/scripts/output/[4]solar-anywhere/pwlh-int/solar-anywhere-2012.c.cpp.csv
-> size (bytes): 329,522
-> 35.56% of original


RESULTS
--------------------------(same file!)
CoderPWLHint
ORIGINAL FILE:
-> name: /Users/pablocerve/Documents/FING/Proyecto/datasets-csv/[4]solar-anywhere/all/solar-anywhere-2012.csv
-> size (bytes): 926,747
COMPRESSED FILE:
-> name: /Users/pablocerve/Documents/FING/Proyecto/pc-tesis/dataset_parser/scripts/output/[4]solar-anywhere/pwlh-int/solar-anywhere-2012.c.cpp.csv
-> size (bytes): 328,338
-> 35.43% of original


RESULTS
--------------------------(same file!)
CoderPWLHint
ORIGINAL FILE:
-> name: /Users/pablocerve/Documents/FING/Proyecto/datasets-csv/[4]solar-anywhere/all/solar-anywhere-2012.csv
-> size (bytes): 926,747
COMPRESSED FILE:
-> name: /Users/pablocerve/Documents/FING/Proyecto/pc-tesis/dataset_parser/scripts/output/[4]solar-anywhere/pwlh-int/solar-anywhere-2012.c.cpp.csv
-> size (bytes): 340,559
-> 36.75% of original


RESULTS
--------------------------(same file!)
CoderPWLHint
ORIGINAL FILE:
-> name: /Users/pablocerve/Documents/FING/Proyecto/datasets-csv/[4]solar-anywhere/all/solar-anywhere-2012.csv
-> size (bytes): 926,747
COMPRESSED FILE:
-> name: /Users/pablocerve/Documents/FING/Proyecto/pc-tesis/dataset_parser/scripts/output/[4]solar-anywhere/pwlh-int/solar-anywhere-2012.c.cpp.csv
-> size (bytes): 353,187
-> 38.11% of original


RESULTS
--------------------------(same file!)
CoderPWLHint
ORIGINAL FILE:
-> name: /Users/pablocerve/Documents/FING/Proyecto/datasets-csv/[4]solar-anywhere/all/solar-anywhere-2012.csv
-> size (bytes): 926,747
COMPRESSED FILE:
-> name: /Users/pablocerve/Documents/FING/Proyecto/pc-tesis/dataset_parser/scripts/output/[4]solar-anywhere/pwlh-int/solar-anywhere-2012.c.cpp.csv
-> size (bytes): 366,018
-> 39.49% of original


RESULTS
--------------------------(same file!)
CoderPWLHint
ORIGINAL FILE:
-> name: /Users/pablocerve/Documents/FING/Proyecto/datasets-csv/[4]solar-anywhere/all/solar-anywhere-2012.csv
-> size (bytes): 926,747
COMPRESSED FILE:
-> name: /Users/pablocerve/Documents/FING/Proyecto/pc-tesis/dataset_parser/scripts/output/[4]solar-anywhere/pwlh-int/solar-anywhere-2012.c.cpp.csv
-> size (bytes): 357,899
-> 38.62% of original


RESULTS
--------------------------(same file!)
CoderPWLHint
ORIGINAL FILE:
-> name: /Users/pablocerve/Documents/FING/Proyecto/datasets-csv/[4]solar-anywhere/all/solar-anywhere-2012.csv
-> size (bytes): 926,747
COMPRESSED FILE:
-> name: /Users/pablocerve/Documents/FING/Proyecto/pc-tesis/dataset_parser/scripts/output/[4]solar-anywhere/pwlh-int/solar-anywhere-2012.c.cpp.csv
-> size (bytes): 329,522
-> 35.56% of original


RESULTS
--------------------------(same file!)
CoderPWLHint
ORIGINAL FILE:
-> name: /Users/pablocerve/Documents/FING/Proyecto/datasets-csv/[4]solar-anywhere/all/solar-anywhere-2012.csv
-> size (bytes): 926,747
COMPRESSED FILE:
-> name: /Users/pablocerve/Documents/FING/Proyecto/pc-tesis/dataset_parser/scripts/output/[4]solar-anywhere/pwlh-int/solar-anywhere-2012.c.cpp.csv
-> size (bytes): 328,338
-> 35.43% of original


RESULTS
--------------------------(same file!)
CoderPWLHint
ORIGINAL FILE:
-> name: /Users/pablocerve/Documents/FING/Proyecto/datasets-csv/[4]solar-anywhere/all/solar-anywhere-2012.csv
-> size (bytes): 926,747
COMPRESSED FILE:
-> name: /Users/pablocerve/Documents/FING/Proyecto/pc-tesis/dataset_parser/scripts/output/[4]solar-anywhere/pwlh-int/solar-anywhere-2012.c.cpp.csv
-> size (bytes): 340,559
-> 36.75% of original


RESULTS
--------------------------(same file!)
CoderPWLHint
ORIGINAL FILE:
-> name: /Users/pablocerve/Documents/FING/Proyecto/datasets-csv/[4]solar-anywhere/all/solar-anywhere-2012.csv
-> size (bytes): 926,747
COMPRESSED FILE:
-> name: /Users/pablocerve/Documents/FING/Proyecto/pc-tesis/dataset_parser/scripts/output/[4]solar-anywhere/pwlh-int/solar-anywhere-2012.c.cpp.csv
-> size (bytes): 353,187
-> 38.11% of original


RESULTS
--------------------------(same file!)
CoderPWLHint
ORIGINAL FILE:
-> name: /Users/pablocerve/Documents/FING/Proyecto/datasets-csv/[4]solar-anywhere/all/solar-anywhere-2012.csv
-> size (bytes): 926,747
COMPRESSED FILE:
-> name: /Users/pablocerve/Documents/FING/Proyecto/pc-tesis/dataset_parser/scripts/output/[4]solar-anywhere/pwlh-int/solar-anywhere-2012.c.cpp.csv
-> size (bytes): 366,018
-> 39.49% of original


RESULTS
--------------------------(same file!)
CoderPWLHint
ORIGINAL FILE:
-> name: /Users/pablocerve/Documents/FING/Proyecto/datasets-csv/[4]solar-anywhere/all/solar-anywhere-2012.csv
-> size (bytes): 926,747
COMPRESSED FILE:
-> name: /Users/pablocerve/Documents/FING/Proyecto/pc-tesis/dataset_parser/scripts/output/[4]solar-anywhere/pwlh-int/solar-anywhere-2012.c.cpp.csv
-> size (bytes): 357,899
-> 38.62% of original


RESULTS
--------------------------(same file!)
CoderPWLHint
ORIGINAL FILE:
-> name: /Users/pablocerve/Documents/FING/Proyecto/datasets-csv/[4]solar-anywhere/all/solar-anywhere-2012.csv
-> size (bytes): 926,747
COMPRESSED FILE:
-> name: /Users/pablocerve/Documents/FING/Proyecto/pc-tesis/dataset_parser/scripts/output/[4]solar-anywhere/pwlh-int/solar-anywhere-2012.c.cpp.csv
-> size (bytes): 329,522
-> 35.56% of original


RESULTS
--------------------------(same file!)
CoderPWLHint
ORIGINAL FILE:
-> name: /Users/pablocerve/Documents/FING/Proyecto/datasets-csv/[4]solar-anywhere/all/solar-anywhere-2012.csv
-> size (bytes): 926,747
COMPRESSED FILE:
-> name: /Users/pablocerve/Documents/FING/Proyecto/pc-tesis/dataset_parser/scripts/output/[4]solar-anywhere/pwlh-int/solar-anywhere-2012.c.cpp.csv
-> size (bytes): 328,338
-> 35.43% of original


RESULTS
--------------------------(same file!)
CoderPWLHint
ORIGINAL FILE:
-> name: /Users/pablocerve/Documents/FING/Proyecto/datasets-csv/[4]solar-anywhere/all/solar-anywhere-2012.csv
-> size (bytes): 926,747
COMPRESSED FILE:
-> name: /Users/pablocerve/Documents/FING/Proyecto/pc-tesis/dataset_parser/scripts/output/[4]solar-anywhere/pwlh-int/solar-anywhere-2012.c.cpp.csv
-> size (bytes): 340,559
-> 36.75% of original


RESULTS
--------------------------(same file!)
CoderPWLHint
ORIGINAL FILE:
-> name: /Users/pablocerve/Documents/FING/Proyecto/datasets-csv/[4]solar-anywhere/all/solar-anywhere-2012.csv
-> size (bytes): 926,747
COMPRESSED FILE:
-> name: /Users/pablocerve/Documents/FING/Proyecto/pc-tesis/dataset_parser/scripts/output/[4]solar-anywhere/pwlh-int/solar-anywhere-2012.c.cpp.csv
-> size (bytes): 353,187
-> 38.11% of original


RESULTS
--------------------------(same file!)
CoderPWLHint
ORIGINAL FILE:
-> name: /Users/pablocerve/Documents/FING/Proyecto/datasets-csv/[4]solar-anywhere/all/solar-anywhere-2012.csv
-> size (bytes): 926,747
COMPRESSED FILE:
-> name: /Users/pablocerve/Documents/FING/Proyecto/pc-tesis/dataset_parser/scripts/output/[4]solar-anywhere/pwlh-int/solar-anywhere-2012.c.cpp.csv
-> size (bytes): 366,018
-> 39.49% of original


RESULTS
--------------------------(same file!)
CoderPWLHint
ORIGINAL FILE:
-> name: /Users/pablocerve/Documents/FING/Proyecto/datasets-csv/[4]solar-anywhere/all/solar-anywhere-2013.csv
-> size (bytes): 927,368
COMPRESSED FILE:
-> name: /Users/pablocerve/Documents/FING/Proyecto/pc-tesis/dataset_parser/scripts/output/[4]solar-anywhere/pwlh-int/solar-anywhere-2013.c.cpp.csv
-> size (bytes): 357,389
-> 38.54% of original


RESULTS
--------------------------(same file!)
CoderPWLHint
ORIGINAL FILE:
-> name: /Users/pablocerve/Documents/FING/Proyecto/datasets-csv/[4]solar-anywhere/all/solar-anywhere-2013.csv
-> size (bytes): 927,368
COMPRESSED FILE:
-> name: /Users/pablocerve/Documents/FING/Proyecto/pc-tesis/dataset_parser/scripts/output/[4]solar-anywhere/pwlh-int/solar-anywhere-2013.c.cpp.csv
-> size (bytes): 328,961
-> 35.47% of original


RESULTS
--------------------------(same file!)
CoderPWLHint
ORIGINAL FILE:
-> name: /Users/pablocerve/Documents/FING/Proyecto/datasets-csv/[4]solar-anywhere/all/solar-anywhere-2013.csv
-> size (bytes): 927,368
COMPRESSED FILE:
-> name: /Users/pablocerve/Documents/FING/Proyecto/pc-tesis/dataset_parser/scripts/output/[4]solar-anywhere/pwlh-int/solar-anywhere-2013.c.cpp.csv
-> size (bytes): 327,473
-> 35.31% of original


RESULTS
--------------------------(same file!)
CoderPWLHint
ORIGINAL FILE:
-> name: /Users/pablocerve/Documents/FING/Proyecto/datasets-csv/[4]solar-anywhere/all/solar-anywhere-2013.csv
-> size (bytes): 927,368
COMPRESSED FILE:
-> name: /Users/pablocerve/Documents/FING/Proyecto/pc-tesis/dataset_parser/scripts/output/[4]solar-anywhere/pwlh-int/solar-anywhere-2013.c.cpp.csv
-> size (bytes): 339,661
-> 36.63% of original


RESULTS
--------------------------(same file!)
CoderPWLHint
ORIGINAL FILE:
-> name: /Users/pablocerve/Documents/FING/Proyecto/datasets-csv/[4]solar-anywhere/all/solar-anywhere-2013.csv
-> size (bytes): 927,368
COMPRESSED FILE:
-> name: /Users/pablocerve/Documents/FING/Proyecto/pc-tesis/dataset_parser/scripts/output/[4]solar-anywhere/pwlh-int/solar-anywhere-2013.c.cpp.csv
-> size (bytes): 352,251
-> 37.98% of original


RESULTS
--------------------------(same file!)
CoderPWLHint
ORIGINAL FILE:
-> name: /Users/pablocerve/Documents/FING/Proyecto/datasets-csv/[4]solar-anywhere/all/solar-anywhere-2013.csv
-> size (bytes): 927,368
COMPRESSED FILE:
-> name: /Users/pablocerve/Documents/FING/Proyecto/pc-tesis/dataset_parser/scripts/output/[4]solar-anywhere/pwlh-int/solar-anywhere-2013.c.cpp.csv
-> size (bytes): 365,049
-> 39.36% of original


RESULTS
--------------------------(same file!)
CoderPWLHint
ORIGINAL FILE:
-> name: /Users/pablocerve/Documents/FING/Proyecto/datasets-csv/[4]solar-anywhere/all/solar-anywhere-2013.csv
-> size (bytes): 927,368
COMPRESSED FILE:
-> name: /Users/pablocerve/Documents/FING/Proyecto/pc-tesis/dataset_parser/scripts/output/[4]solar-anywhere/pwlh-int/solar-anywhere-2013.c.cpp.csv
-> size (bytes): 357,389
-> 38.54% of original


RESULTS
--------------------------(same file!)
CoderPWLHint
ORIGINAL FILE:
-> name: /Users/pablocerve/Documents/FING/Proyecto/datasets-csv/[4]solar-anywhere/all/solar-anywhere-2013.csv
-> size (bytes): 927,368
COMPRESSED FILE:
-> name: /Users/pablocerve/Documents/FING/Proyecto/pc-tesis/dataset_parser/scripts/output/[4]solar-anywhere/pwlh-int/solar-anywhere-2013.c.cpp.csv
-> size (bytes): 328,961
-> 35.47% of original


RESULTS
--------------------------(same file!)
CoderPWLHint
ORIGINAL FILE:
-> name: /Users/pablocerve/Documents/FING/Proyecto/datasets-csv/[4]solar-anywhere/all/solar-anywhere-2013.csv
-> size (bytes): 927,368
COMPRESSED FILE:
-> name: /Users/pablocerve/Documents/FING/Proyecto/pc-tesis/dataset_parser/scripts/output/[4]solar-anywhere/pwlh-int/solar-anywhere-2013.c.cpp.csv
-> size (bytes): 327,473
-> 35.31% of original


RESULTS
--------------------------(same file!)
CoderPWLHint
ORIGINAL FILE:
-> name: /Users/pablocerve/Documents/FING/Proyecto/datasets-csv/[4]solar-anywhere/all/solar-anywhere-2013.csv
-> size (bytes): 927,368
COMPRESSED FILE:
-> name: /Users/pablocerve/Documents/FING/Proyecto/pc-tesis/dataset_parser/scripts/output/[4]solar-anywhere/pwlh-int/solar-anywhere-2013.c.cpp.csv
-> size (bytes): 339,661
-> 36.63% of original


RESULTS
--------------------------(same file!)
CoderPWLHint
ORIGINAL FILE:
-> name: /Users/pablocerve/Documents/FING/Proyecto/datasets-csv/[4]solar-anywhere/all/solar-anywhere-2013.csv
-> size (bytes): 927,368
COMPRESSED FILE:
-> name: /Users/pablocerve/Documents/FING/Proyecto/pc-tesis/dataset_parser/scripts/output/[4]solar-anywhere/pwlh-int/solar-anywhere-2013.c.cpp.csv
-> size (bytes): 352,251
-> 37.98% of original


RESULTS
--------------------------(same file!)
CoderPWLHint
ORIGINAL FILE:
-> name: /Users/pablocerve/Documents/FING/Proyecto/datasets-csv/[4]solar-anywhere/all/solar-anywhere-2013.csv
-> size (bytes): 927,368
COMPRESSED FILE:
-> name: /Users/pablocerve/Documents/FING/Proyecto/pc-tesis/dataset_parser/scripts/output/[4]solar-anywhere/pwlh-int/solar-anywhere-2013.c.cpp.csv
-> size (bytes): 365,049
-> 39.36% of original


RESULTS
--------------------------(same file!)
CoderPWLHint
ORIGINAL FILE:
-> name: /Users/pablocerve/Documents/FING/Proyecto/datasets-csv/[4]solar-anywhere/all/solar-anywhere-2013.csv
-> size (bytes): 927,368
COMPRESSED FILE:
-> name: /Users/pablocerve/Documents/FING/Proyecto/pc-tesis/dataset_parser/scripts/output/[4]solar-anywhere/pwlh-int/solar-anywhere-2013.c.cpp.csv
-> size (bytes): 357,389
-> 38.54% of original


RESULTS
--------------------------(same file!)
CoderPWLHint
ORIGINAL FILE:
-> name: /Users/pablocerve/Documents/FING/Proyecto/datasets-csv/[4]solar-anywhere/all/solar-anywhere-2013.csv
-> size (bytes): 927,368
COMPRESSED FILE:
-> name: /Users/pablocerve/Documents/FING/Proyecto/pc-tesis/dataset_parser/scripts/output/[4]solar-anywhere/pwlh-int/solar-anywhere-2013.c.cpp.csv
-> size (bytes): 328,961
-> 35.47% of original


RESULTS
--------------------------(same file!)
CoderPWLHint
ORIGINAL FILE:
-> name: /Users/pablocerve/Documents/FING/Proyecto/datasets-csv/[4]solar-anywhere/all/solar-anywhere-2013.csv
-> size (bytes): 927,368
COMPRESSED FILE:
-> name: /Users/pablocerve/Documents/FING/Proyecto/pc-tesis/dataset_parser/scripts/output/[4]solar-anywhere/pwlh-int/solar-anywhere-2013.c.cpp.csv
-> size (bytes): 327,473
-> 35.31% of original


RESULTS
--------------------------(same file!)
CoderPWLHint
ORIGINAL FILE:
-> name: /Users/pablocerve/Documents/FING/Proyecto/datasets-csv/[4]solar-anywhere/all/solar-anywhere-2013.csv
-> size (bytes): 927,368
COMPRESSED FILE:
-> name: /Users/pablocerve/Documents/FING/Proyecto/pc-tesis/dataset_parser/scripts/output/[4]solar-anywhere/pwlh-int/solar-anywhere-2013.c.cpp.csv
-> size (bytes): 339,661
-> 36.63% of original


RESULTS
--------------------------(same file!)
CoderPWLHint
ORIGINAL FILE:
-> name: /Users/pablocerve/Documents/FING/Proyecto/datasets-csv/[4]solar-anywhere/all/solar-anywhere-2013.csv
-> size (bytes): 927,368
COMPRESSED FILE:
-> name: /Users/pablocerve/Documents/FING/Proyecto/pc-tesis/dataset_parser/scripts/output/[4]solar-anywhere/pwlh-int/solar-anywhere-2013.c.cpp.csv
-> size (bytes): 352,251
-> 37.98% of original


RESULTS
--------------------------(same file!)
CoderPWLHint
ORIGINAL FILE:
-> name: /Users/pablocerve/Documents/FING/Proyecto/datasets-csv/[4]solar-anywhere/all/solar-anywhere-2013.csv
-> size (bytes): 927,368
COMPRESSED FILE:
-> name: /Users/pablocerve/Documents/FING/Proyecto/pc-tesis/dataset_parser/scripts/output/[4]solar-anywhere/pwlh-int/solar-anywhere-2013.c.cpp.csv
-> size (bytes): 365,049
-> 39.36% of original


RESULTS
--------------------------(same file!)
CoderPWLHint
ORIGINAL FILE:
-> name: /Users/pablocerve/Documents/FING/Proyecto/datasets-csv/[4]solar-anywhere/all/solar-anywhere-2013.csv
-> size (bytes): 927,368
COMPRESSED FILE:
-> name: /Users/pablocerve/Documents/FING/Proyecto/pc-tesis/dataset_parser/scripts/output/[4]solar-anywhere/pwlh-int/solar-anywhere-2013.c.cpp.csv
-> size (bytes): 357,389
-> 38.54% of original


RESULTS
--------------------------(same file!)
CoderPWLHint
ORIGINAL FILE:
-> name: /Users/pablocerve/Documents/FING/Proyecto/datasets-csv/[4]solar-anywhere/all/solar-anywhere-2013.csv
-> size (bytes): 927,368
COMPRESSED FILE:
-> name: /Users/pablocerve/Documents/FING/Proyecto/pc-tesis/dataset_parser/scripts/output/[4]solar-anywhere/pwlh-int/solar-anywhere-2013.c.cpp.csv
-> size (bytes): 328,961
-> 35.47% of original


RESULTS
--------------------------(same file!)
CoderPWLHint
ORIGINAL FILE:
-> name: /Users/pablocerve/Documents/FING/Proyecto/datasets-csv/[4]solar-anywhere/all/solar-anywhere-2013.csv
-> size (bytes): 927,368
COMPRESSED FILE:
-> name: /Users/pablocerve/Documents/FING/Proyecto/pc-tesis/dataset_parser/scripts/output/[4]solar-anywhere/pwlh-int/solar-anywhere-2013.c.cpp.csv
-> size (bytes): 327,473
-> 35.31% of original


RESULTS
--------------------------(same file!)
CoderPWLHint
ORIGINAL FILE:
-> name: /Users/pablocerve/Documents/FING/Proyecto/datasets-csv/[4]solar-anywhere/all/solar-anywhere-2013.csv
-> size (bytes): 927,368
COMPRESSED FILE:
-> name: /Users/pablocerve/Documents/FING/Proyecto/pc-tesis/dataset_parser/scripts/output/[4]solar-anywhere/pwlh-int/solar-anywhere-2013.c.cpp.csv
-> size (bytes): 339,661
-> 36.63% of original


RESULTS
--------------------------(same file!)
CoderPWLHint
ORIGINAL FILE:
-> name: /Users/pablocerve/Documents/FING/Proyecto/datasets-csv/[4]solar-anywhere/all/solar-anywhere-2013.csv
-> size (bytes): 927,368
COMPRESSED FILE:
-> name: /Users/pablocerve/Documents/FING/Proyecto/pc-tesis/dataset_parser/scripts/output/[4]solar-anywhere/pwlh-int/solar-anywhere-2013.c.cpp.csv
-> size (bytes): 352,251
-> 37.98% of original


RESULTS
--------------------------(same file!)
CoderPWLHint
ORIGINAL FILE:
-> name: /Users/pablocerve/Documents/FING/Proyecto/datasets-csv/[4]solar-anywhere/all/solar-anywhere-2013.csv
-> size (bytes): 927,368
COMPRESSED FILE:
-> name: /Users/pablocerve/Documents/FING/Proyecto/pc-tesis/dataset_parser/scripts/output/[4]solar-anywhere/pwlh-int/solar-anywhere-2013.c.cpp.csv
-> size (bytes): 365,049
-> 39.36% of original


RESULTS
--------------------------(same file!)
CoderPWLHint
ORIGINAL FILE:
-> name: /Users/pablocerve/Documents/FING/Proyecto/datasets-csv/[4]solar-anywhere/all/solar-anywhere-2013.csv
-> size (bytes): 927,368
COMPRESSED FILE:
-> name: /Users/pablocerve/Documents/FING/Proyecto/pc-tesis/dataset_parser/scripts/output/[4]solar-anywhere/pwlh-int/solar-anywhere-2013.c.cpp.csv
-> size (bytes): 357,389
-> 38.54% of original


RESULTS
--------------------------(same file!)
CoderPWLHint
ORIGINAL FILE:
-> name: /Users/pablocerve/Documents/FING/Proyecto/datasets-csv/[4]solar-anywhere/all/solar-anywhere-2013.csv
-> size (bytes): 927,368
COMPRESSED FILE:
-> name: /Users/pablocerve/Documents/FING/Proyecto/pc-tesis/dataset_parser/scripts/output/[4]solar-anywhere/pwlh-int/solar-anywhere-2013.c.cpp.csv
-> size (bytes): 328,961
-> 35.47% of original


RESULTS
--------------------------(same file!)
CoderPWLHint
ORIGINAL FILE:
-> name: /Users/pablocerve/Documents/FING/Proyecto/datasets-csv/[4]solar-anywhere/all/solar-anywhere-2013.csv
-> size (bytes): 927,368
COMPRESSED FILE:
-> name: /Users/pablocerve/Documents/FING/Proyecto/pc-tesis/dataset_parser/scripts/output/[4]solar-anywhere/pwlh-int/solar-anywhere-2013.c.cpp.csv
-> size (bytes): 327,473
-> 35.31% of original


RESULTS
--------------------------(same file!)
CoderPWLHint
ORIGINAL FILE:
-> name: /Users/pablocerve/Documents/FING/Proyecto/datasets-csv/[4]solar-anywhere/all/solar-anywhere-2013.csv
-> size (bytes): 927,368
COMPRESSED FILE:
-> name: /Users/pablocerve/Documents/FING/Proyecto/pc-tesis/dataset_parser/scripts/output/[4]solar-anywhere/pwlh-int/solar-anywhere-2013.c.cpp.csv
-> size (bytes): 339,661
-> 36.63% of original


RESULTS
--------------------------(same file!)
CoderPWLHint
ORIGINAL FILE:
-> name: /Users/pablocerve/Documents/FING/Proyecto/datasets-csv/[4]solar-anywhere/all/solar-anywhere-2013.csv
-> size (bytes): 927,368
COMPRESSED FILE:
-> name: /Users/pablocerve/Documents/FING/Proyecto/pc-tesis/dataset_parser/scripts/output/[4]solar-anywhere/pwlh-int/solar-anywhere-2013.c.cpp.csv
-> size (bytes): 352,251
-> 37.98% of original


RESULTS
--------------------------(same file!)
CoderPWLHint
ORIGINAL FILE:
-> name: /Users/pablocerve/Documents/FING/Proyecto/datasets-csv/[4]solar-anywhere/all/solar-anywhere-2013.csv
-> size (bytes): 927,368
COMPRESSED FILE:
-> name: /Users/pablocerve/Documents/FING/Proyecto/pc-tesis/dataset_parser/scripts/output/[4]solar-anywhere/pwlh-int/solar-anywhere-2013.c.cpp.csv
-> size (bytes): 365,049
-> 39.36% of original


RESULTS
--------------------------(same file!)
CoderPWLHint
ORIGINAL FILE:
-> name: /Users/pablocerve/Documents/FING/Proyecto/datasets-csv/[4]solar-anywhere/all/solar-anywhere-2013.csv
-> size (bytes): 927,368
COMPRESSED FILE:
-> name: /Users/pablocerve/Documents/FING/Proyecto/pc-tesis/dataset_parser/scripts/output/[4]solar-anywhere/pwlh-int/solar-anywhere-2013.c.cpp.csv
-> size (bytes): 357,389
-> 38.54% of original


RESULTS
--------------------------(same file!)
CoderPWLHint
ORIGINAL FILE:
-> name: /Users/pablocerve/Documents/FING/Proyecto/datasets-csv/[4]solar-anywhere/all/solar-anywhere-2013.csv
-> size (bytes): 927,368
COMPRESSED FILE:
-> name: /Users/pablocerve/Documents/FING/Proyecto/pc-tesis/dataset_parser/scripts/output/[4]solar-anywhere/pwlh-int/solar-anywhere-2013.c.cpp.csv
-> size (bytes): 328,961
-> 35.47% of original


RESULTS
--------------------------(same file!)
CoderPWLHint
ORIGINAL FILE:
-> name: /Users/pablocerve/Documents/FING/Proyecto/datasets-csv/[4]solar-anywhere/all/solar-anywhere-2013.csv
-> size (bytes): 927,368
COMPRESSED FILE:
-> name: /Users/pablocerve/Documents/FING/Proyecto/pc-tesis/dataset_parser/scripts/output/[4]solar-anywhere/pwlh-int/solar-anywhere-2013.c.cpp.csv
-> size (bytes): 327,473
-> 35.31% of original


RESULTS
--------------------------(same file!)
CoderPWLHint
ORIGINAL FILE:
-> name: /Users/pablocerve/Documents/FING/Proyecto/datasets-csv/[4]solar-anywhere/all/solar-anywhere-2013.csv
-> size (bytes): 927,368
COMPRESSED FILE:
-> name: /Users/pablocerve/Documents/FING/Proyecto/pc-tesis/dataset_parser/scripts/output/[4]solar-anywhere/pwlh-int/solar-anywhere-2013.c.cpp.csv
-> size (bytes): 339,661
-> 36.63% of original


RESULTS
--------------------------(same file!)
CoderPWLHint
ORIGINAL FILE:
-> name: /Users/pablocerve/Documents/FING/Proyecto/datasets-csv/[4]solar-anywhere/all/solar-anywhere-2013.csv
-> size (bytes): 927,368
COMPRESSED FILE:
-> name: /Users/pablocerve/Documents/FING/Proyecto/pc-tesis/dataset_parser/scripts/output/[4]solar-anywhere/pwlh-int/solar-anywhere-2013.c.cpp.csv
-> size (bytes): 352,251
-> 37.98% of original


RESULTS
--------------------------(same file!)
CoderPWLHint
ORIGINAL FILE:
-> name: /Users/pablocerve/Documents/FING/Proyecto/datasets-csv/[4]solar-anywhere/all/solar-anywhere-2013.csv
-> size (bytes): 927,368
COMPRESSED FILE:
-> name: /Users/pablocerve/Documents/FING/Proyecto/pc-tesis/dataset_parser/scripts/output/[4]solar-anywhere/pwlh-int/solar-anywhere-2013.c.cpp.csv
-> size (bytes): 365,049
-> 39.36% of original


RESULTS
--------------------------(same file!)
CoderPWLHint
ORIGINAL FILE:
-> name: /Users/pablocerve/Documents/FING/Proyecto/datasets-csv/[4]solar-anywhere/all/solar-anywhere-2013.csv
-> size (bytes): 927,368
COMPRESSED FILE:
-> name: /Users/pablocerve/Documents/FING/Proyecto/pc-tesis/dataset_parser/scripts/output/[4]solar-anywhere/pwlh-int/solar-anywhere-2013.c.cpp.csv
-> size (bytes): 357,389
-> 38.54% of original


RESULTS
--------------------------(same file!)
CoderPWLHint
ORIGINAL FILE:
-> name: /Users/pablocerve/Documents/FING/Proyecto/datasets-csv/[4]solar-anywhere/all/solar-anywhere-2013.csv
-> size (bytes): 927,368
COMPRESSED FILE:
-> name: /Users/pablocerve/Documents/FING/Proyecto/pc-tesis/dataset_parser/scripts/output/[4]solar-anywhere/pwlh-int/solar-anywhere-2013.c.cpp.csv
-> size (bytes): 328,961
-> 35.47% of original


RESULTS
--------------------------(same file!)
CoderPWLHint
ORIGINAL FILE:
-> name: /Users/pablocerve/Documents/FING/Proyecto/datasets-csv/[4]solar-anywhere/all/solar-anywhere-2013.csv
-> size (bytes): 927,368
COMPRESSED FILE:
-> name: /Users/pablocerve/Documents/FING/Proyecto/pc-tesis/dataset_parser/scripts/output/[4]solar-anywhere/pwlh-int/solar-anywhere-2013.c.cpp.csv
-> size (bytes): 327,473
-> 35.31% of original


RESULTS
--------------------------(same file!)
CoderPWLHint
ORIGINAL FILE:
-> name: /Users/pablocerve/Documents/FING/Proyecto/datasets-csv/[4]solar-anywhere/all/solar-anywhere-2013.csv
-> size (bytes): 927,368
COMPRESSED FILE:
-> name: /Users/pablocerve/Documents/FING/Proyecto/pc-tesis/dataset_parser/scripts/output/[4]solar-anywhere/pwlh-int/solar-anywhere-2013.c.cpp.csv
-> size (bytes): 339,661
-> 36.63% of original


RESULTS
--------------------------(same file!)
CoderPWLHint
ORIGINAL FILE:
-> name: /Users/pablocerve/Documents/FING/Proyecto/datasets-csv/[4]solar-anywhere/all/solar-anywhere-2013.csv
-> size (bytes): 927,368
COMPRESSED FILE:
-> name: /Users/pablocerve/Documents/FING/Proyecto/pc-tesis/dataset_parser/scripts/output/[4]solar-anywhere/pwlh-int/solar-anywhere-2013.c.cpp.csv
-> size (bytes): 352,251
-> 37.98% of original


RESULTS
--------------------------(same file!)
CoderPWLHint
ORIGINAL FILE:
-> name: /Users/pablocerve/Documents/FING/Proyecto/datasets-csv/[4]solar-anywhere/all/solar-anywhere-2013.csv
-> size (bytes): 927,368
COMPRESSED FILE:
-> name: /Users/pablocerve/Documents/FING/Proyecto/pc-tesis/dataset_parser/scripts/output/[4]solar-anywhere/pwlh-int/solar-anywhere-2013.c.cpp.csv
-> size (bytes): 365,049
-> 39.36% of original


RESULTS
--------------------------(same file!)
CoderPWLHint
ORIGINAL FILE:
-> name: /Users/pablocerve/Documents/FING/Proyecto/datasets-csv/[4]solar-anywhere/all/solar-anywhere-2014.csv
-> size (bytes): 927,651
COMPRESSED FILE:
-> name: /Users/pablocerve/Documents/FING/Proyecto/pc-tesis/dataset_parser/scripts/output/[4]solar-anywhere/pwlh-int/solar-anywhere-2014.c.cpp.csv
-> size (bytes): 356,344
-> 38.41% of original


RESULTS
--------------------------(same file!)
CoderPWLHint
ORIGINAL FILE:
-> name: /Users/pablocerve/Documents/FING/Proyecto/datasets-csv/[4]solar-anywhere/all/solar-anywhere-2014.csv
-> size (bytes): 927,651
COMPRESSED FILE:
-> name: /Users/pablocerve/Documents/FING/Proyecto/pc-tesis/dataset_parser/scripts/output/[4]solar-anywhere/pwlh-int/solar-anywhere-2014.c.cpp.csv
-> size (bytes): 327,743
-> 35.33% of original


RESULTS
--------------------------(same file!)
CoderPWLHint
ORIGINAL FILE:
-> name: /Users/pablocerve/Documents/FING/Proyecto/datasets-csv/[4]solar-anywhere/all/solar-anywhere-2014.csv
-> size (bytes): 927,651
COMPRESSED FILE:
-> name: /Users/pablocerve/Documents/FING/Proyecto/pc-tesis/dataset_parser/scripts/output/[4]solar-anywhere/pwlh-int/solar-anywhere-2014.c.cpp.csv
-> size (bytes): 326,662
-> 35.21% of original


RESULTS
--------------------------(same file!)
CoderPWLHint
ORIGINAL FILE:
-> name: /Users/pablocerve/Documents/FING/Proyecto/datasets-csv/[4]solar-anywhere/all/solar-anywhere-2014.csv
-> size (bytes): 927,651
COMPRESSED FILE:
-> name: /Users/pablocerve/Documents/FING/Proyecto/pc-tesis/dataset_parser/scripts/output/[4]solar-anywhere/pwlh-int/solar-anywhere-2014.c.cpp.csv
-> size (bytes): 338,764
-> 36.52% of original


RESULTS
--------------------------(same file!)
CoderPWLHint
ORIGINAL FILE:
-> name: /Users/pablocerve/Documents/FING/Proyecto/datasets-csv/[4]solar-anywhere/all/solar-anywhere-2014.csv
-> size (bytes): 927,651
COMPRESSED FILE:
-> name: /Users/pablocerve/Documents/FING/Proyecto/pc-tesis/dataset_parser/scripts/output/[4]solar-anywhere/pwlh-int/solar-anywhere-2014.c.cpp.csv
-> size (bytes): 351,321
-> 37.87% of original


RESULTS
--------------------------(same file!)
CoderPWLHint
ORIGINAL FILE:
-> name: /Users/pablocerve/Documents/FING/Proyecto/datasets-csv/[4]solar-anywhere/all/solar-anywhere-2014.csv
-> size (bytes): 927,651
COMPRESSED FILE:
-> name: /Users/pablocerve/Documents/FING/Proyecto/pc-tesis/dataset_parser/scripts/output/[4]solar-anywhere/pwlh-int/solar-anywhere-2014.c.cpp.csv
-> size (bytes): 364,087
-> 39.25% of original


RESULTS
--------------------------(same file!)
CoderPWLHint
ORIGINAL FILE:
-> name: /Users/pablocerve/Documents/FING/Proyecto/datasets-csv/[4]solar-anywhere/all/solar-anywhere-2014.csv
-> size (bytes): 927,651
COMPRESSED FILE:
-> name: /Users/pablocerve/Documents/FING/Proyecto/pc-tesis/dataset_parser/scripts/output/[4]solar-anywhere/pwlh-int/solar-anywhere-2014.c.cpp.csv
-> size (bytes): 356,344
-> 38.41% of original


RESULTS
--------------------------(same file!)
CoderPWLHint
ORIGINAL FILE:
-> name: /Users/pablocerve/Documents/FING/Proyecto/datasets-csv/[4]solar-anywhere/all/solar-anywhere-2014.csv
-> size (bytes): 927,651
COMPRESSED FILE:
-> name: /Users/pablocerve/Documents/FING/Proyecto/pc-tesis/dataset_parser/scripts/output/[4]solar-anywhere/pwlh-int/solar-anywhere-2014.c.cpp.csv
-> size (bytes): 327,743
-> 35.33% of original


RESULTS
--------------------------(same file!)
CoderPWLHint
ORIGINAL FILE:
-> name: /Users/pablocerve/Documents/FING/Proyecto/datasets-csv/[4]solar-anywhere/all/solar-anywhere-2014.csv
-> size (bytes): 927,651
COMPRESSED FILE:
-> name: /Users/pablocerve/Documents/FING/Proyecto/pc-tesis/dataset_parser/scripts/output/[4]solar-anywhere/pwlh-int/solar-anywhere-2014.c.cpp.csv
-> size (bytes): 326,662
-> 35.21% of original


RESULTS
--------------------------(same file!)
CoderPWLHint
ORIGINAL FILE:
-> name: /Users/pablocerve/Documents/FING/Proyecto/datasets-csv/[4]solar-anywhere/all/solar-anywhere-2014.csv
-> size (bytes): 927,651
COMPRESSED FILE:
-> name: /Users/pablocerve/Documents/FING/Proyecto/pc-tesis/dataset_parser/scripts/output/[4]solar-anywhere/pwlh-int/solar-anywhere-2014.c.cpp.csv
-> size (bytes): 338,764
-> 36.52% of original


RESULTS
--------------------------(same file!)
CoderPWLHint
ORIGINAL FILE:
-> name: /Users/pablocerve/Documents/FING/Proyecto/datasets-csv/[4]solar-anywhere/all/solar-anywhere-2014.csv
-> size (bytes): 927,651
COMPRESSED FILE:
-> name: /Users/pablocerve/Documents/FING/Proyecto/pc-tesis/dataset_parser/scripts/output/[4]solar-anywhere/pwlh-int/solar-anywhere-2014.c.cpp.csv
-> size (bytes): 351,321
-> 37.87% of original


RESULTS
--------------------------(same file!)
CoderPWLHint
ORIGINAL FILE:
-> name: /Users/pablocerve/Documents/FING/Proyecto/datasets-csv/[4]solar-anywhere/all/solar-anywhere-2014.csv
-> size (bytes): 927,651
COMPRESSED FILE:
-> name: /Users/pablocerve/Documents/FING/Proyecto/pc-tesis/dataset_parser/scripts/output/[4]solar-anywhere/pwlh-int/solar-anywhere-2014.c.cpp.csv
-> size (bytes): 364,087
-> 39.25% of original


RESULTS
--------------------------(same file!)
CoderPWLHint
ORIGINAL FILE:
-> name: /Users/pablocerve/Documents/FING/Proyecto/datasets-csv/[4]solar-anywhere/all/solar-anywhere-2014.csv
-> size (bytes): 927,651
COMPRESSED FILE:
-> name: /Users/pablocerve/Documents/FING/Proyecto/pc-tesis/dataset_parser/scripts/output/[4]solar-anywhere/pwlh-int/solar-anywhere-2014.c.cpp.csv
-> size (bytes): 356,344
-> 38.41% of original


RESULTS
--------------------------(same file!)
CoderPWLHint
ORIGINAL FILE:
-> name: /Users/pablocerve/Documents/FING/Proyecto/datasets-csv/[4]solar-anywhere/all/solar-anywhere-2014.csv
-> size (bytes): 927,651
COMPRESSED FILE:
-> name: /Users/pablocerve/Documents/FING/Proyecto/pc-tesis/dataset_parser/scripts/output/[4]solar-anywhere/pwlh-int/solar-anywhere-2014.c.cpp.csv
-> size (bytes): 327,743
-> 35.33% of original


RESULTS
--------------------------(same file!)
CoderPWLHint
ORIGINAL FILE:
-> name: /Users/pablocerve/Documents/FING/Proyecto/datasets-csv/[4]solar-anywhere/all/solar-anywhere-2014.csv
-> size (bytes): 927,651
COMPRESSED FILE:
-> name: /Users/pablocerve/Documents/FING/Proyecto/pc-tesis/dataset_parser/scripts/output/[4]solar-anywhere/pwlh-int/solar-anywhere-2014.c.cpp.csv
-> size (bytes): 326,662
-> 35.21% of original


RESULTS
--------------------------(same file!)
CoderPWLHint
ORIGINAL FILE:
-> name: /Users/pablocerve/Documents/FING/Proyecto/datasets-csv/[4]solar-anywhere/all/solar-anywhere-2014.csv
-> size (bytes): 927,651
COMPRESSED FILE:
-> name: /Users/pablocerve/Documents/FING/Proyecto/pc-tesis/dataset_parser/scripts/output/[4]solar-anywhere/pwlh-int/solar-anywhere-2014.c.cpp.csv
-> size (bytes): 338,764
-> 36.52% of original


RESULTS
--------------------------(same file!)
CoderPWLHint
ORIGINAL FILE:
-> name: /Users/pablocerve/Documents/FING/Proyecto/datasets-csv/[4]solar-anywhere/all/solar-anywhere-2014.csv
-> size (bytes): 927,651
COMPRESSED FILE:
-> name: /Users/pablocerve/Documents/FING/Proyecto/pc-tesis/dataset_parser/scripts/output/[4]solar-anywhere/pwlh-int/solar-anywhere-2014.c.cpp.csv
-> size (bytes): 351,321
-> 37.87% of original


RESULTS
--------------------------(same file!)
CoderPWLHint
ORIGINAL FILE:
-> name: /Users/pablocerve/Documents/FING/Proyecto/datasets-csv/[4]solar-anywhere/all/solar-anywhere-2014.csv
-> size (bytes): 927,651
COMPRESSED FILE:
-> name: /Users/pablocerve/Documents/FING/Proyecto/pc-tesis/dataset_parser/scripts/output/[4]solar-anywhere/pwlh-int/solar-anywhere-2014.c.cpp.csv
-> size (bytes): 364,087
-> 39.25% of original


RESULTS
--------------------------(same file!)
CoderPWLHint
ORIGINAL FILE:
-> name: /Users/pablocerve/Documents/FING/Proyecto/datasets-csv/[4]solar-anywhere/all/solar-anywhere-2014.csv
-> size (bytes): 927,651
COMPRESSED FILE:
-> name: /Users/pablocerve/Documents/FING/Proyecto/pc-tesis/dataset_parser/scripts/output/[4]solar-anywhere/pwlh-int/solar-anywhere-2014.c.cpp.csv
-> size (bytes): 356,344
-> 38.41% of original


RESULTS
--------------------------(same file!)
CoderPWLHint
ORIGINAL FILE:
-> name: /Users/pablocerve/Documents/FING/Proyecto/datasets-csv/[4]solar-anywhere/all/solar-anywhere-2014.csv
-> size (bytes): 927,651
COMPRESSED FILE:
-> name: /Users/pablocerve/Documents/FING/Proyecto/pc-tesis/dataset_parser/scripts/output/[4]solar-anywhere/pwlh-int/solar-anywhere-2014.c.cpp.csv
-> size (bytes): 327,743
-> 35.33% of original


RESULTS
--------------------------(same file!)
CoderPWLHint
ORIGINAL FILE:
-> name: /Users/pablocerve/Documents/FING/Proyecto/datasets-csv/[4]solar-anywhere/all/solar-anywhere-2014.csv
-> size (bytes): 927,651
COMPRESSED FILE:
-> name: /Users/pablocerve/Documents/FING/Proyecto/pc-tesis/dataset_parser/scripts/output/[4]solar-anywhere/pwlh-int/solar-anywhere-2014.c.cpp.csv
-> size (bytes): 326,662
-> 35.21% of original


RESULTS
--------------------------(same file!)
CoderPWLHint
ORIGINAL FILE:
-> name: /Users/pablocerve/Documents/FING/Proyecto/datasets-csv/[4]solar-anywhere/all/solar-anywhere-2014.csv
-> size (bytes): 927,651
COMPRESSED FILE:
-> name: /Users/pablocerve/Documents/FING/Proyecto/pc-tesis/dataset_parser/scripts/output/[4]solar-anywhere/pwlh-int/solar-anywhere-2014.c.cpp.csv
-> size (bytes): 338,764
-> 36.52% of original


RESULTS
--------------------------(same file!)
CoderPWLHint
ORIGINAL FILE:
-> name: /Users/pablocerve/Documents/FING/Proyecto/datasets-csv/[4]solar-anywhere/all/solar-anywhere-2014.csv
-> size (bytes): 927,651
COMPRESSED FILE:
-> name: /Users/pablocerve/Documents/FING/Proyecto/pc-tesis/dataset_parser/scripts/output/[4]solar-anywhere/pwlh-int/solar-anywhere-2014.c.cpp.csv
-> size (bytes): 351,321
-> 37.87% of original


RESULTS
--------------------------(same file!)
CoderPWLHint
ORIGINAL FILE:
-> name: /Users/pablocerve/Documents/FING/Proyecto/datasets-csv/[4]solar-anywhere/all/solar-anywhere-2014.csv
-> size (bytes): 927,651
COMPRESSED FILE:
-> name: /Users/pablocerve/Documents/FING/Proyecto/pc-tesis/dataset_parser/scripts/output/[4]solar-anywhere/pwlh-int/solar-anywhere-2014.c.cpp.csv
-> size (bytes): 364,087
-> 39.25% of original


RESULTS
--------------------------(same file!)
CoderPWLHint
ORIGINAL FILE:
-> name: /Users/pablocerve/Documents/FING/Proyecto/datasets-csv/[4]solar-anywhere/all/solar-anywhere-2014.csv
-> size (bytes): 927,651
COMPRESSED FILE:
-> name: /Users/pablocerve/Documents/FING/Proyecto/pc-tesis/dataset_parser/scripts/output/[4]solar-anywhere/pwlh-int/solar-anywhere-2014.c.cpp.csv
-> size (bytes): 356,344
-> 38.41% of original


RESULTS
--------------------------(same file!)
CoderPWLHint
ORIGINAL FILE:
-> name: /Users/pablocerve/Documents/FING/Proyecto/datasets-csv/[4]solar-anywhere/all/solar-anywhere-2014.csv
-> size (bytes): 927,651
COMPRESSED FILE:
-> name: /Users/pablocerve/Documents/FING/Proyecto/pc-tesis/dataset_parser/scripts/output/[4]solar-anywhere/pwlh-int/solar-anywhere-2014.c.cpp.csv
-> size (bytes): 327,743
-> 35.33% of original


RESULTS
--------------------------(same file!)
CoderPWLHint
ORIGINAL FILE:
-> name: /Users/pablocerve/Documents/FING/Proyecto/datasets-csv/[4]solar-anywhere/all/solar-anywhere-2014.csv
-> size (bytes): 927,651
COMPRESSED FILE:
-> name: /Users/pablocerve/Documents/FING/Proyecto/pc-tesis/dataset_parser/scripts/output/[4]solar-anywhere/pwlh-int/solar-anywhere-2014.c.cpp.csv
-> size (bytes): 326,662
-> 35.21% of original


RESULTS
--------------------------(same file!)
CoderPWLHint
ORIGINAL FILE:
-> name: /Users/pablocerve/Documents/FING/Proyecto/datasets-csv/[4]solar-anywhere/all/solar-anywhere-2014.csv
-> size (bytes): 927,651
COMPRESSED FILE:
-> name: /Users/pablocerve/Documents/FING/Proyecto/pc-tesis/dataset_parser/scripts/output/[4]solar-anywhere/pwlh-int/solar-anywhere-2014.c.cpp.csv
-> size (bytes): 338,764
-> 36.52% of original


RESULTS
--------------------------(same file!)
CoderPWLHint
ORIGINAL FILE:
-> name: /Users/pablocerve/Documents/FING/Proyecto/datasets-csv/[4]solar-anywhere/all/solar-anywhere-2014.csv
-> size (bytes): 927,651
COMPRESSED FILE:
-> name: /Users/pablocerve/Documents/FING/Proyecto/pc-tesis/dataset_parser/scripts/output/[4]solar-anywhere/pwlh-int/solar-anywhere-2014.c.cpp.csv
-> size (bytes): 351,321
-> 37.87% of original


RESULTS
--------------------------(same file!)
CoderPWLHint
ORIGINAL FILE:
-> name: /Users/pablocerve/Documents/FING/Proyecto/datasets-csv/[4]solar-anywhere/all/solar-anywhere-2014.csv
-> size (bytes): 927,651
COMPRESSED FILE:
-> name: /Users/pablocerve/Documents/FING/Proyecto/pc-tesis/dataset_parser/scripts/output/[4]solar-anywhere/pwlh-int/solar-anywhere-2014.c.cpp.csv
-> size (bytes): 364,087
-> 39.25% of original


RESULTS
--------------------------(same file!)
CoderPWLHint
ORIGINAL FILE:
-> name: /Users/pablocerve/Documents/FING/Proyecto/datasets-csv/[4]solar-anywhere/all/solar-anywhere-2014.csv
-> size (bytes): 927,651
COMPRESSED FILE:
-> name: /Users/pablocerve/Documents/FING/Proyecto/pc-tesis/dataset_parser/scripts/output/[4]solar-anywhere/pwlh-int/solar-anywhere-2014.c.cpp.csv
-> size (bytes): 356,344
-> 38.41% of original


RESULTS
--------------------------(same file!)
CoderPWLHint
ORIGINAL FILE:
-> name: /Users/pablocerve/Documents/FING/Proyecto/datasets-csv/[4]solar-anywhere/all/solar-anywhere-2014.csv
-> size (bytes): 927,651
COMPRESSED FILE:
-> name: /Users/pablocerve/Documents/FING/Proyecto/pc-tesis/dataset_parser/scripts/output/[4]solar-anywhere/pwlh-int/solar-anywhere-2014.c.cpp.csv
-> size (bytes): 327,743
-> 35.33% of original


RESULTS
--------------------------(same file!)
CoderPWLHint
ORIGINAL FILE:
-> name: /Users/pablocerve/Documents/FING/Proyecto/datasets-csv/[4]solar-anywhere/all/solar-anywhere-2014.csv
-> size (bytes): 927,651
COMPRESSED FILE:
-> name: /Users/pablocerve/Documents/FING/Proyecto/pc-tesis/dataset_parser/scripts/output/[4]solar-anywhere/pwlh-int/solar-anywhere-2014.c.cpp.csv
-> size (bytes): 326,662
-> 35.21% of original


RESULTS
--------------------------(same file!)
CoderPWLHint
ORIGINAL FILE:
-> name: /Users/pablocerve/Documents/FING/Proyecto/datasets-csv/[4]solar-anywhere/all/solar-anywhere-2014.csv
-> size (bytes): 927,651
COMPRESSED FILE:
-> name: /Users/pablocerve/Documents/FING/Proyecto/pc-tesis/dataset_parser/scripts/output/[4]solar-anywhere/pwlh-int/solar-anywhere-2014.c.cpp.csv
-> size (bytes): 338,764
-> 36.52% of original


RESULTS
--------------------------(same file!)
CoderPWLHint
ORIGINAL FILE:
-> name: /Users/pablocerve/Documents/FING/Proyecto/datasets-csv/[4]solar-anywhere/all/solar-anywhere-2014.csv
-> size (bytes): 927,651
COMPRESSED FILE:
-> name: /Users/pablocerve/Documents/FING/Proyecto/pc-tesis/dataset_parser/scripts/output/[4]solar-anywhere/pwlh-int/solar-anywhere-2014.c.cpp.csv
-> size (bytes): 351,321
-> 37.87% of original


RESULTS
--------------------------(same file!)
CoderPWLHint
ORIGINAL FILE:
-> name: /Users/pablocerve/Documents/FING/Proyecto/datasets-csv/[4]solar-anywhere/all/solar-anywhere-2014.csv
-> size (bytes): 927,651
COMPRESSED FILE:
-> name: /Users/pablocerve/Documents/FING/Proyecto/pc-tesis/dataset_parser/scripts/output/[4]solar-anywhere/pwlh-int/solar-anywhere-2014.c.cpp.csv
-> size (bytes): 364,087
-> 39.25% of original


RESULTS
--------------------------(same file!)
CoderPWLHint
ORIGINAL FILE:
-> name: /Users/pablocerve/Documents/FING/Proyecto/datasets-csv/[4]solar-anywhere/all/solar-anywhere-2014.csv
-> size (bytes): 927,651
COMPRESSED FILE:
-> name: /Users/pablocerve/Documents/FING/Proyecto/pc-tesis/dataset_parser/scripts/output/[4]solar-anywhere/pwlh-int/solar-anywhere-2014.c.cpp.csv
-> size (bytes): 356,344
-> 38.41% of original


RESULTS
--------------------------(same file!)
CoderPWLHint
ORIGINAL FILE:
-> name: /Users/pablocerve/Documents/FING/Proyecto/datasets-csv/[4]solar-anywhere/all/solar-anywhere-2014.csv
-> size (bytes): 927,651
COMPRESSED FILE:
-> name: /Users/pablocerve/Documents/FING/Proyecto/pc-tesis/dataset_parser/scripts/output/[4]solar-anywhere/pwlh-int/solar-anywhere-2014.c.cpp.csv
-> size (bytes): 327,743
-> 35.33% of original


RESULTS
--------------------------(same file!)
CoderPWLHint
ORIGINAL FILE:
-> name: /Users/pablocerve/Documents/FING/Proyecto/datasets-csv/[4]solar-anywhere/all/solar-anywhere-2014.csv
-> size (bytes): 927,651
COMPRESSED FILE:
-> name: /Users/pablocerve/Documents/FING/Proyecto/pc-tesis/dataset_parser/scripts/output/[4]solar-anywhere/pwlh-int/solar-anywhere-2014.c.cpp.csv
-> size (bytes): 326,662
-> 35.21% of original


RESULTS
--------------------------(same file!)
CoderPWLHint
ORIGINAL FILE:
-> name: /Users/pablocerve/Documents/FING/Proyecto/datasets-csv/[4]solar-anywhere/all/solar-anywhere-2014.csv
-> size (bytes): 927,651
COMPRESSED FILE:
-> name: /Users/pablocerve/Documents/FING/Proyecto/pc-tesis/dataset_parser/scripts/output/[4]solar-anywhere/pwlh-int/solar-anywhere-2014.c.cpp.csv
-> size (bytes): 338,764
-> 36.52% of original


RESULTS
--------------------------(same file!)
CoderPWLHint
ORIGINAL FILE:
-> name: /Users/pablocerve/Documents/FING/Proyecto/datasets-csv/[4]solar-anywhere/all/solar-anywhere-2014.csv
-> size (bytes): 927,651
COMPRESSED FILE:
-> name: /Users/pablocerve/Documents/FING/Proyecto/pc-tesis/dataset_parser/scripts/output/[4]solar-anywhere/pwlh-int/solar-anywhere-2014.c.cpp.csv
-> size (bytes): 351,321
-> 37.87% of original


RESULTS
--------------------------(same file!)
CoderPWLHint
ORIGINAL FILE:
-> name: /Users/pablocerve/Documents/FING/Proyecto/datasets-csv/[4]solar-anywhere/all/solar-anywhere-2014.csv
-> size (bytes): 927,651
COMPRESSED FILE:
-> name: /Users/pablocerve/Documents/FING/Proyecto/pc-tesis/dataset_parser/scripts/output/[4]solar-anywhere/pwlh-int/solar-anywhere-2014.c.cpp.csv
-> size (bytes): 364,087
-> 39.25% of original

