
RESULTS
--------------------------(same file!)
CoderBase
TIME: 2020-05-31 21:25:42
ORIGINAL FILE:
-> name: /Users/pablocerve/Documents/FING/Proyecto/datasets-csv/[5]el-nino/el-nino.csv
-> size (bytes): 9,820,158
COMPRESSED FILE:
-> name: /Users/pablocerve/Documents/FING/Proyecto/pc-tesis/dataset_parser/scripts/compress/output/[5]el-nino/base/el-nino.c.cpp.csv
-> size (bytes): 4,926,796
-> 50.17% of original


RESULTS
--------------------------(same file!)
CoderGAMPS
TIME: 2020-05-31 21:48:20
ORIGINAL FILE:
-> name: /Users/pablocerve/Documents/FING/Proyecto/datasets-csv/[5]el-nino/el-nino.csv
-> size (bytes): 9,820,158
COMPRESSED FILE:
-> name: /Users/pablocerve/Documents/FING/Proyecto/pc-tesis/dataset_parser/scripts/compress/output/[5]el-nino/gamps/el-nino.c.cpp.csv
-> size (bytes): 7,222,392
-> 73.55% of original


RESULTS
--------------------------(same file!)
CoderGAMPS
TIME: 2020-05-31 22:12:09
ORIGINAL FILE:
-> name: /Users/pablocerve/Documents/FING/Proyecto/datasets-csv/[5]el-nino/el-nino.csv
-> size (bytes): 9,820,158
COMPRESSED FILE:
-> name: /Users/pablocerve/Documents/FING/Proyecto/pc-tesis/dataset_parser/scripts/compress/output/[5]el-nino/gamps/el-nino.c.cpp.csv
-> size (bytes): 7,122,402
-> 72.53% of original


RESULTS
--------------------------(same file!)
CoderGAMPS
TIME: 2020-05-31 22:32:10
ORIGINAL FILE:
-> name: /Users/pablocerve/Documents/FING/Proyecto/datasets-csv/[5]el-nino/el-nino.csv
-> size (bytes): 9,820,158
COMPRESSED FILE:
-> name: /Users/pablocerve/Documents/FING/Proyecto/pc-tesis/dataset_parser/scripts/compress/output/[5]el-nino/gamps/el-nino.c.cpp.csv
-> size (bytes): 7,157,976
-> 72.89% of original


RESULTS
--------------------------(same file!)
CoderGAMPS
TIME: 2020-05-31 22:52:18
ORIGINAL FILE:
-> name: /Users/pablocerve/Documents/FING/Proyecto/datasets-csv/[5]el-nino/el-nino.csv
-> size (bytes): 9,820,158
COMPRESSED FILE:
-> name: /Users/pablocerve/Documents/FING/Proyecto/pc-tesis/dataset_parser/scripts/compress/output/[5]el-nino/gamps/el-nino.c.cpp.csv
-> size (bytes): 7,242,212
-> 73.75% of original


RESULTS
--------------------------(same file!)
CoderGAMPS
TIME: 2020-05-31 23:12:25
ORIGINAL FILE:
-> name: /Users/pablocerve/Documents/FING/Proyecto/datasets-csv/[5]el-nino/el-nino.csv
-> size (bytes): 9,820,158
COMPRESSED FILE:
-> name: /Users/pablocerve/Documents/FING/Proyecto/pc-tesis/dataset_parser/scripts/compress/output/[5]el-nino/gamps/el-nino.c.cpp.csv
-> size (bytes): 7,340,239
-> 74.75% of original


RESULTS
--------------------------(same file!)
CoderGAMPS
TIME: 2020-05-31 23:32:21
ORIGINAL FILE:
-> name: /Users/pablocerve/Documents/FING/Proyecto/datasets-csv/[5]el-nino/el-nino.csv
-> size (bytes): 9,820,158
COMPRESSED FILE:
-> name: /Users/pablocerve/Documents/FING/Proyecto/pc-tesis/dataset_parser/scripts/compress/output/[5]el-nino/gamps/el-nino.c.cpp.csv
-> size (bytes): 7,442,425
-> 75.79% of original


RESULTS
--------------------------(same file!)
CoderGAMPS
TIME: 2020-05-31 23:52:11
ORIGINAL FILE:
-> name: /Users/pablocerve/Documents/FING/Proyecto/datasets-csv/[5]el-nino/el-nino.csv
-> size (bytes): 9,820,158
COMPRESSED FILE:
-> name: /Users/pablocerve/Documents/FING/Proyecto/pc-tesis/dataset_parser/scripts/compress/output/[5]el-nino/gamps/el-nino.c.cpp.csv
-> size (bytes): 7,545,704
-> 76.84% of original


RESULTS
--------------------------(same file!)
CoderGAMPS
TIME: 2020-06-01 00:15:51
ORIGINAL FILE:
-> name: /Users/pablocerve/Documents/FING/Proyecto/datasets-csv/[5]el-nino/el-nino.csv
-> size (bytes): 9,820,158
COMPRESSED FILE:
-> name: /Users/pablocerve/Documents/FING/Proyecto/pc-tesis/dataset_parser/scripts/compress/output/[5]el-nino/gamps/el-nino.c.cpp.csv
-> size (bytes): 6,963,606
-> 70.91% of original


RESULTS
--------------------------(same file!)
CoderGAMPS
TIME: 2020-06-01 00:37:09
ORIGINAL FILE:
-> name: /Users/pablocerve/Documents/FING/Proyecto/datasets-csv/[5]el-nino/el-nino.csv
-> size (bytes): 9,820,158
COMPRESSED FILE:
-> name: /Users/pablocerve/Documents/FING/Proyecto/pc-tesis/dataset_parser/scripts/compress/output/[5]el-nino/gamps/el-nino.c.cpp.csv
-> size (bytes): 6,853,657
-> 69.79% of original


RESULTS
--------------------------(same file!)
CoderGAMPS
TIME: 2020-06-01 00:58:08
ORIGINAL FILE:
-> name: /Users/pablocerve/Documents/FING/Proyecto/datasets-csv/[5]el-nino/el-nino.csv
-> size (bytes): 9,820,158
COMPRESSED FILE:
-> name: /Users/pablocerve/Documents/FING/Proyecto/pc-tesis/dataset_parser/scripts/compress/output/[5]el-nino/gamps/el-nino.c.cpp.csv
-> size (bytes): 6,883,579
-> 70.1% of original


RESULTS
--------------------------(same file!)
CoderGAMPS
TIME: 2020-06-01 01:18:42
ORIGINAL FILE:
-> name: /Users/pablocerve/Documents/FING/Proyecto/datasets-csv/[5]el-nino/el-nino.csv
-> size (bytes): 9,820,158
COMPRESSED FILE:
-> name: /Users/pablocerve/Documents/FING/Proyecto/pc-tesis/dataset_parser/scripts/compress/output/[5]el-nino/gamps/el-nino.c.cpp.csv
-> size (bytes): 6,962,856
-> 70.9% of original


RESULTS
--------------------------(same file!)
CoderGAMPS
TIME: 2020-06-01 01:39:20
ORIGINAL FILE:
-> name: /Users/pablocerve/Documents/FING/Proyecto/datasets-csv/[5]el-nino/el-nino.csv
-> size (bytes): 9,820,158
COMPRESSED FILE:
-> name: /Users/pablocerve/Documents/FING/Proyecto/pc-tesis/dataset_parser/scripts/compress/output/[5]el-nino/gamps/el-nino.c.cpp.csv
-> size (bytes): 7,056,354
-> 71.86% of original


RESULTS
--------------------------(same file!)
CoderGAMPS
TIME: 2020-06-01 02:01:57
ORIGINAL FILE:
-> name: /Users/pablocerve/Documents/FING/Proyecto/datasets-csv/[5]el-nino/el-nino.csv
-> size (bytes): 9,820,158
COMPRESSED FILE:
-> name: /Users/pablocerve/Documents/FING/Proyecto/pc-tesis/dataset_parser/scripts/compress/output/[5]el-nino/gamps/el-nino.c.cpp.csv
-> size (bytes): 7,154,281
-> 72.85% of original


RESULTS
--------------------------(same file!)
CoderGAMPS
TIME: 2020-06-01 02:23:57
ORIGINAL FILE:
-> name: /Users/pablocerve/Documents/FING/Proyecto/datasets-csv/[5]el-nino/el-nino.csv
-> size (bytes): 9,820,158
COMPRESSED FILE:
-> name: /Users/pablocerve/Documents/FING/Proyecto/pc-tesis/dataset_parser/scripts/compress/output/[5]el-nino/gamps/el-nino.c.cpp.csv
-> size (bytes): 7,253,438
-> 73.86% of original


RESULTS
--------------------------(same file!)
CoderGAMPS
TIME: 2020-06-01 02:44:19
ORIGINAL FILE:
-> name: /Users/pablocerve/Documents/FING/Proyecto/datasets-csv/[5]el-nino/el-nino.csv
-> size (bytes): 9,820,158
COMPRESSED FILE:
-> name: /Users/pablocerve/Documents/FING/Proyecto/pc-tesis/dataset_parser/scripts/compress/output/[5]el-nino/gamps/el-nino.c.cpp.csv
-> size (bytes): 6,225,676
-> 63.4% of original


RESULTS
--------------------------(same file!)
CoderGAMPS
TIME: 2020-06-01 03:05:07
ORIGINAL FILE:
-> name: /Users/pablocerve/Documents/FING/Proyecto/datasets-csv/[5]el-nino/el-nino.csv
-> size (bytes): 9,820,158
COMPRESSED FILE:
-> name: /Users/pablocerve/Documents/FING/Proyecto/pc-tesis/dataset_parser/scripts/compress/output/[5]el-nino/gamps/el-nino.c.cpp.csv
-> size (bytes): 6,052,965
-> 61.64% of original


RESULTS
--------------------------(same file!)
CoderGAMPS
TIME: 2020-06-01 03:26:06
ORIGINAL FILE:
-> name: /Users/pablocerve/Documents/FING/Proyecto/datasets-csv/[5]el-nino/el-nino.csv
-> size (bytes): 9,820,158
COMPRESSED FILE:
-> name: /Users/pablocerve/Documents/FING/Proyecto/pc-tesis/dataset_parser/scripts/compress/output/[5]el-nino/gamps/el-nino.c.cpp.csv
-> size (bytes): 6,049,993
-> 61.61% of original


RESULTS
--------------------------(same file!)
CoderGAMPS
TIME: 2020-06-01 03:49:23
ORIGINAL FILE:
-> name: /Users/pablocerve/Documents/FING/Proyecto/datasets-csv/[5]el-nino/el-nino.csv
-> size (bytes): 9,820,158
COMPRESSED FILE:
-> name: /Users/pablocerve/Documents/FING/Proyecto/pc-tesis/dataset_parser/scripts/compress/output/[5]el-nino/gamps/el-nino.c.cpp.csv
-> size (bytes): 6,105,609
-> 62.17% of original


RESULTS
--------------------------(same file!)
CoderGAMPS
TIME: 2020-06-01 04:14:45
ORIGINAL FILE:
-> name: /Users/pablocerve/Documents/FING/Proyecto/datasets-csv/[5]el-nino/el-nino.csv
-> size (bytes): 9,820,158
COMPRESSED FILE:
-> name: /Users/pablocerve/Documents/FING/Proyecto/pc-tesis/dataset_parser/scripts/compress/output/[5]el-nino/gamps/el-nino.c.cpp.csv
-> size (bytes): 6,181,407
-> 62.95% of original


RESULTS
--------------------------(same file!)
CoderGAMPS
TIME: 2020-06-01 04:35:39
ORIGINAL FILE:
-> name: /Users/pablocerve/Documents/FING/Proyecto/datasets-csv/[5]el-nino/el-nino.csv
-> size (bytes): 9,820,158
COMPRESSED FILE:
-> name: /Users/pablocerve/Documents/FING/Proyecto/pc-tesis/dataset_parser/scripts/compress/output/[5]el-nino/gamps/el-nino.c.cpp.csv
-> size (bytes): 6,264,819
-> 63.8% of original


RESULTS
--------------------------(same file!)
CoderGAMPS
TIME: 2020-06-01 04:56:04
ORIGINAL FILE:
-> name: /Users/pablocerve/Documents/FING/Proyecto/datasets-csv/[5]el-nino/el-nino.csv
-> size (bytes): 9,820,158
COMPRESSED FILE:
-> name: /Users/pablocerve/Documents/FING/Proyecto/pc-tesis/dataset_parser/scripts/compress/output/[5]el-nino/gamps/el-nino.c.cpp.csv
-> size (bytes): 6,350,855
-> 64.67% of original


RESULTS
--------------------------(same file!)
CoderGAMPS
TIME: 2020-06-01 05:17:25
ORIGINAL FILE:
-> name: /Users/pablocerve/Documents/FING/Proyecto/datasets-csv/[5]el-nino/el-nino.csv
-> size (bytes): 9,820,158
COMPRESSED FILE:
-> name: /Users/pablocerve/Documents/FING/Proyecto/pc-tesis/dataset_parser/scripts/compress/output/[5]el-nino/gamps/el-nino.c.cpp.csv
-> size (bytes): 5,794,457
-> 59.01% of original


RESULTS
--------------------------(same file!)
CoderGAMPS
TIME: 2020-06-01 05:41:06
ORIGINAL FILE:
-> name: /Users/pablocerve/Documents/FING/Proyecto/datasets-csv/[5]el-nino/el-nino.csv
-> size (bytes): 9,820,158
COMPRESSED FILE:
-> name: /Users/pablocerve/Documents/FING/Proyecto/pc-tesis/dataset_parser/scripts/compress/output/[5]el-nino/gamps/el-nino.c.cpp.csv
-> size (bytes): 5,569,560
-> 56.72% of original


RESULTS
--------------------------(same file!)
CoderGAMPS
TIME: 2020-06-01 06:03:15
ORIGINAL FILE:
-> name: /Users/pablocerve/Documents/FING/Proyecto/datasets-csv/[5]el-nino/el-nino.csv
-> size (bytes): 9,820,158
COMPRESSED FILE:
-> name: /Users/pablocerve/Documents/FING/Proyecto/pc-tesis/dataset_parser/scripts/compress/output/[5]el-nino/gamps/el-nino.c.cpp.csv
-> size (bytes): 5,545,110
-> 56.47% of original


RESULTS
--------------------------(same file!)
CoderGAMPS
TIME: 2020-06-01 06:23:20
ORIGINAL FILE:
-> name: /Users/pablocerve/Documents/FING/Proyecto/datasets-csv/[5]el-nino/el-nino.csv
-> size (bytes): 9,820,158
COMPRESSED FILE:
-> name: /Users/pablocerve/Documents/FING/Proyecto/pc-tesis/dataset_parser/scripts/compress/output/[5]el-nino/gamps/el-nino.c.cpp.csv
-> size (bytes): 5,587,971
-> 56.9% of original


RESULTS
--------------------------(same file!)
CoderGAMPS
TIME: 2020-06-01 06:43:19
ORIGINAL FILE:
-> name: /Users/pablocerve/Documents/FING/Proyecto/datasets-csv/[5]el-nino/el-nino.csv
-> size (bytes): 9,820,158
COMPRESSED FILE:
-> name: /Users/pablocerve/Documents/FING/Proyecto/pc-tesis/dataset_parser/scripts/compress/output/[5]el-nino/gamps/el-nino.c.cpp.csv
-> size (bytes): 5,653,825
-> 57.57% of original


RESULTS
--------------------------(same file!)
CoderGAMPS
TIME: 2020-06-01 07:03:16
ORIGINAL FILE:
-> name: /Users/pablocerve/Documents/FING/Proyecto/datasets-csv/[5]el-nino/el-nino.csv
-> size (bytes): 9,820,158
COMPRESSED FILE:
-> name: /Users/pablocerve/Documents/FING/Proyecto/pc-tesis/dataset_parser/scripts/compress/output/[5]el-nino/gamps/el-nino.c.cpp.csv
-> size (bytes): 5,728,361
-> 58.33% of original


RESULTS
--------------------------(same file!)
CoderGAMPS
TIME: 2020-06-01 07:23:15
ORIGINAL FILE:
-> name: /Users/pablocerve/Documents/FING/Proyecto/datasets-csv/[5]el-nino/el-nino.csv
-> size (bytes): 9,820,158
COMPRESSED FILE:
-> name: /Users/pablocerve/Documents/FING/Proyecto/pc-tesis/dataset_parser/scripts/compress/output/[5]el-nino/gamps/el-nino.c.cpp.csv
-> size (bytes): 5,806,364
-> 59.13% of original


RESULTS
--------------------------(same file!)
CoderGAMPS
TIME: 2020-06-01 07:43:13
ORIGINAL FILE:
-> name: /Users/pablocerve/Documents/FING/Proyecto/datasets-csv/[5]el-nino/el-nino.csv
-> size (bytes): 9,820,158
COMPRESSED FILE:
-> name: /Users/pablocerve/Documents/FING/Proyecto/pc-tesis/dataset_parser/scripts/compress/output/[5]el-nino/gamps/el-nino.c.cpp.csv
-> size (bytes): 4,967,865
-> 50.59% of original


RESULTS
--------------------------(same file!)
CoderGAMPS
TIME: 2020-06-01 08:03:08
ORIGINAL FILE:
-> name: /Users/pablocerve/Documents/FING/Proyecto/datasets-csv/[5]el-nino/el-nino.csv
-> size (bytes): 9,820,158
COMPRESSED FILE:
-> name: /Users/pablocerve/Documents/FING/Proyecto/pc-tesis/dataset_parser/scripts/compress/output/[5]el-nino/gamps/el-nino.c.cpp.csv
-> size (bytes): 4,615,807
-> 47.0% of original


RESULTS
--------------------------(same file!)
CoderGAMPS
TIME: 2020-06-01 08:23:05
ORIGINAL FILE:
-> name: /Users/pablocerve/Documents/FING/Proyecto/datasets-csv/[5]el-nino/el-nino.csv
-> size (bytes): 9,820,158
COMPRESSED FILE:
-> name: /Users/pablocerve/Documents/FING/Proyecto/pc-tesis/dataset_parser/scripts/compress/output/[5]el-nino/gamps/el-nino.c.cpp.csv
-> size (bytes): 4,529,912
-> 46.13% of original


RESULTS
--------------------------(same file!)
CoderGAMPS
TIME: 2020-06-01 08:43:03
ORIGINAL FILE:
-> name: /Users/pablocerve/Documents/FING/Proyecto/datasets-csv/[5]el-nino/el-nino.csv
-> size (bytes): 9,820,158
COMPRESSED FILE:
-> name: /Users/pablocerve/Documents/FING/Proyecto/pc-tesis/dataset_parser/scripts/compress/output/[5]el-nino/gamps/el-nino.c.cpp.csv
-> size (bytes): 4,538,533
-> 46.22% of original


RESULTS
--------------------------(same file!)
CoderGAMPS
TIME: 2020-06-01 09:02:58
ORIGINAL FILE:
-> name: /Users/pablocerve/Documents/FING/Proyecto/datasets-csv/[5]el-nino/el-nino.csv
-> size (bytes): 9,820,158
COMPRESSED FILE:
-> name: /Users/pablocerve/Documents/FING/Proyecto/pc-tesis/dataset_parser/scripts/compress/output/[5]el-nino/gamps/el-nino.c.cpp.csv
-> size (bytes): 4,580,542
-> 46.64% of original


RESULTS
--------------------------(same file!)
CoderGAMPS
TIME: 2020-06-01 09:22:55
ORIGINAL FILE:
-> name: /Users/pablocerve/Documents/FING/Proyecto/datasets-csv/[5]el-nino/el-nino.csv
-> size (bytes): 9,820,158
COMPRESSED FILE:
-> name: /Users/pablocerve/Documents/FING/Proyecto/pc-tesis/dataset_parser/scripts/compress/output/[5]el-nino/gamps/el-nino.c.cpp.csv
-> size (bytes): 4,635,414
-> 47.2% of original


RESULTS
--------------------------(same file!)
CoderGAMPS
TIME: 2020-06-01 09:42:52
ORIGINAL FILE:
-> name: /Users/pablocerve/Documents/FING/Proyecto/datasets-csv/[5]el-nino/el-nino.csv
-> size (bytes): 9,820,158
COMPRESSED FILE:
-> name: /Users/pablocerve/Documents/FING/Proyecto/pc-tesis/dataset_parser/scripts/compress/output/[5]el-nino/gamps/el-nino.c.cpp.csv
-> size (bytes): 4,696,079
-> 47.82% of original


RESULTS
--------------------------(same file!)
CoderGAMPS
TIME: 2020-06-01 10:02:57
ORIGINAL FILE:
-> name: /Users/pablocerve/Documents/FING/Proyecto/datasets-csv/[5]el-nino/el-nino.csv
-> size (bytes): 9,820,158
COMPRESSED FILE:
-> name: /Users/pablocerve/Documents/FING/Proyecto/pc-tesis/dataset_parser/scripts/compress/output/[5]el-nino/gamps/el-nino.c.cpp.csv
-> size (bytes): 4,396,486
-> 44.77% of original


RESULTS
--------------------------(same file!)
CoderGAMPS
TIME: 2020-06-01 10:23:03
ORIGINAL FILE:
-> name: /Users/pablocerve/Documents/FING/Proyecto/datasets-csv/[5]el-nino/el-nino.csv
-> size (bytes): 9,820,158
COMPRESSED FILE:
-> name: /Users/pablocerve/Documents/FING/Proyecto/pc-tesis/dataset_parser/scripts/compress/output/[5]el-nino/gamps/el-nino.c.cpp.csv
-> size (bytes): 3,943,512
-> 40.16% of original


RESULTS
--------------------------(same file!)
CoderGAMPS
TIME: 2020-06-01 10:43:00
ORIGINAL FILE:
-> name: /Users/pablocerve/Documents/FING/Proyecto/datasets-csv/[5]el-nino/el-nino.csv
-> size (bytes): 9,820,158
COMPRESSED FILE:
-> name: /Users/pablocerve/Documents/FING/Proyecto/pc-tesis/dataset_parser/scripts/compress/output/[5]el-nino/gamps/el-nino.c.cpp.csv
-> size (bytes): 3,804,514
-> 38.74% of original


RESULTS
--------------------------(same file!)
CoderGAMPS
TIME: 2020-06-01 11:03:02
ORIGINAL FILE:
-> name: /Users/pablocerve/Documents/FING/Proyecto/datasets-csv/[5]el-nino/el-nino.csv
-> size (bytes): 9,820,158
COMPRESSED FILE:
-> name: /Users/pablocerve/Documents/FING/Proyecto/pc-tesis/dataset_parser/scripts/compress/output/[5]el-nino/gamps/el-nino.c.cpp.csv
-> size (bytes): 3,784,164
-> 38.53% of original


RESULTS
--------------------------(same file!)
CoderGAMPS
TIME: 2020-06-01 11:24:07
ORIGINAL FILE:
-> name: /Users/pablocerve/Documents/FING/Proyecto/datasets-csv/[5]el-nino/el-nino.csv
-> size (bytes): 9,820,158
COMPRESSED FILE:
-> name: /Users/pablocerve/Documents/FING/Proyecto/pc-tesis/dataset_parser/scripts/compress/output/[5]el-nino/gamps/el-nino.c.cpp.csv
-> size (bytes): 3,808,092
-> 38.78% of original


RESULTS
--------------------------(same file!)
CoderGAMPS
TIME: 2020-06-01 11:50:32
ORIGINAL FILE:
-> name: /Users/pablocerve/Documents/FING/Proyecto/datasets-csv/[5]el-nino/el-nino.csv
-> size (bytes): 9,820,158
COMPRESSED FILE:
-> name: /Users/pablocerve/Documents/FING/Proyecto/pc-tesis/dataset_parser/scripts/compress/output/[5]el-nino/gamps/el-nino.c.cpp.csv
-> size (bytes): 3,849,213
-> 39.2% of original


RESULTS
--------------------------(same file!)
CoderGAMPS
TIME: 2020-06-01 12:16:23
ORIGINAL FILE:
-> name: /Users/pablocerve/Documents/FING/Proyecto/datasets-csv/[5]el-nino/el-nino.csv
-> size (bytes): 9,820,158
COMPRESSED FILE:
-> name: /Users/pablocerve/Documents/FING/Proyecto/pc-tesis/dataset_parser/scripts/compress/output/[5]el-nino/gamps/el-nino.c.cpp.csv
-> size (bytes): 3,897,644
-> 39.69% of original


RESULTS
--------------------------(same file!)
CoderGAMPS
TIME: 2020-06-01 12:40:23
ORIGINAL FILE:
-> name: /Users/pablocerve/Documents/FING/Proyecto/datasets-csv/[5]el-nino/el-nino.csv
-> size (bytes): 9,820,158
COMPRESSED FILE:
-> name: /Users/pablocerve/Documents/FING/Proyecto/pc-tesis/dataset_parser/scripts/compress/output/[5]el-nino/gamps/el-nino.c.cpp.csv
-> size (bytes): 3,988,738
-> 40.62% of original


RESULTS
--------------------------(same file!)
CoderGAMPS
TIME: 2020-06-01 13:05:17
ORIGINAL FILE:
-> name: /Users/pablocerve/Documents/FING/Proyecto/datasets-csv/[5]el-nino/el-nino.csv
-> size (bytes): 9,820,158
COMPRESSED FILE:
-> name: /Users/pablocerve/Documents/FING/Proyecto/pc-tesis/dataset_parser/scripts/compress/output/[5]el-nino/gamps/el-nino.c.cpp.csv
-> size (bytes): 3,452,025
-> 35.15% of original


RESULTS
--------------------------(same file!)
CoderGAMPS
TIME: 2020-06-01 13:30:52
ORIGINAL FILE:
-> name: /Users/pablocerve/Documents/FING/Proyecto/datasets-csv/[5]el-nino/el-nino.csv
-> size (bytes): 9,820,158
COMPRESSED FILE:
-> name: /Users/pablocerve/Documents/FING/Proyecto/pc-tesis/dataset_parser/scripts/compress/output/[5]el-nino/gamps/el-nino.c.cpp.csv
-> size (bytes): 3,272,167
-> 33.32% of original


RESULTS
--------------------------(same file!)
CoderGAMPS
TIME: 2020-06-01 13:52:20
ORIGINAL FILE:
-> name: /Users/pablocerve/Documents/FING/Proyecto/datasets-csv/[5]el-nino/el-nino.csv
-> size (bytes): 9,820,158
COMPRESSED FILE:
-> name: /Users/pablocerve/Documents/FING/Proyecto/pc-tesis/dataset_parser/scripts/compress/output/[5]el-nino/gamps/el-nino.c.cpp.csv
-> size (bytes): 3,228,145
-> 32.87% of original


RESULTS
--------------------------(same file!)
CoderGAMPS
TIME: 2020-06-01 14:13:26
ORIGINAL FILE:
-> name: /Users/pablocerve/Documents/FING/Proyecto/datasets-csv/[5]el-nino/el-nino.csv
-> size (bytes): 9,820,158
COMPRESSED FILE:
-> name: /Users/pablocerve/Documents/FING/Proyecto/pc-tesis/dataset_parser/scripts/compress/output/[5]el-nino/gamps/el-nino.c.cpp.csv
-> size (bytes): 3,238,318
-> 32.98% of original


RESULTS
--------------------------(same file!)
CoderGAMPS
TIME: 2020-06-01 14:33:34
ORIGINAL FILE:
-> name: /Users/pablocerve/Documents/FING/Proyecto/datasets-csv/[5]el-nino/el-nino.csv
-> size (bytes): 9,820,158
COMPRESSED FILE:
-> name: /Users/pablocerve/Documents/FING/Proyecto/pc-tesis/dataset_parser/scripts/compress/output/[5]el-nino/gamps/el-nino.c.cpp.csv
-> size (bytes): 3,269,054
-> 33.29% of original


RESULTS
--------------------------(same file!)
CoderGAMPS
TIME: 2020-06-01 14:53:33
ORIGINAL FILE:
-> name: /Users/pablocerve/Documents/FING/Proyecto/datasets-csv/[5]el-nino/el-nino.csv
-> size (bytes): 9,820,158
COMPRESSED FILE:
-> name: /Users/pablocerve/Documents/FING/Proyecto/pc-tesis/dataset_parser/scripts/compress/output/[5]el-nino/gamps/el-nino.c.cpp.csv
-> size (bytes): 3,308,315
-> 33.69% of original


RESULTS
--------------------------(same file!)
CoderGAMPS
TIME: 2020-06-01 15:13:27
ORIGINAL FILE:
-> name: /Users/pablocerve/Documents/FING/Proyecto/datasets-csv/[5]el-nino/el-nino.csv
-> size (bytes): 9,820,158
COMPRESSED FILE:
-> name: /Users/pablocerve/Documents/FING/Proyecto/pc-tesis/dataset_parser/scripts/compress/output/[5]el-nino/gamps/el-nino.c.cpp.csv
-> size (bytes): 3,417,335
-> 34.8% of original


RESULTS
--------------------------(same file!)
CoderGAMPS
TIME: 2020-06-01 15:33:24
ORIGINAL FILE:
-> name: /Users/pablocerve/Documents/FING/Proyecto/datasets-csv/[5]el-nino/el-nino.csv
-> size (bytes): 9,820,158
COMPRESSED FILE:
-> name: /Users/pablocerve/Documents/FING/Proyecto/pc-tesis/dataset_parser/scripts/compress/output/[5]el-nino/gamps/el-nino.c.cpp.csv
-> size (bytes): 2,727,169
-> 27.77% of original


RESULTS
--------------------------(same file!)
CoderGAMPS
TIME: 2020-06-01 15:53:21
ORIGINAL FILE:
-> name: /Users/pablocerve/Documents/FING/Proyecto/datasets-csv/[5]el-nino/el-nino.csv
-> size (bytes): 9,820,158
COMPRESSED FILE:
-> name: /Users/pablocerve/Documents/FING/Proyecto/pc-tesis/dataset_parser/scripts/compress/output/[5]el-nino/gamps/el-nino.c.cpp.csv
-> size (bytes): 2,478,369
-> 25.24% of original


RESULTS
--------------------------(same file!)
CoderGAMPS
TIME: 2020-06-01 16:14:52
ORIGINAL FILE:
-> name: /Users/pablocerve/Documents/FING/Proyecto/datasets-csv/[5]el-nino/el-nino.csv
-> size (bytes): 9,820,158
COMPRESSED FILE:
-> name: /Users/pablocerve/Documents/FING/Proyecto/pc-tesis/dataset_parser/scripts/compress/output/[5]el-nino/gamps/el-nino.c.cpp.csv
-> size (bytes): 2,395,729
-> 24.4% of original


RESULTS
--------------------------(same file!)
CoderGAMPS
TIME: 2020-06-01 16:36:35
ORIGINAL FILE:
-> name: /Users/pablocerve/Documents/FING/Proyecto/datasets-csv/[5]el-nino/el-nino.csv
-> size (bytes): 9,820,158
COMPRESSED FILE:
-> name: /Users/pablocerve/Documents/FING/Proyecto/pc-tesis/dataset_parser/scripts/compress/output/[5]el-nino/gamps/el-nino.c.cpp.csv
-> size (bytes): 2,382,043
-> 24.26% of original


RESULTS
--------------------------(same file!)
CoderGAMPS
TIME: 2020-06-01 16:56:55
ORIGINAL FILE:
-> name: /Users/pablocerve/Documents/FING/Proyecto/datasets-csv/[5]el-nino/el-nino.csv
-> size (bytes): 9,820,158
COMPRESSED FILE:
-> name: /Users/pablocerve/Documents/FING/Proyecto/pc-tesis/dataset_parser/scripts/compress/output/[5]el-nino/gamps/el-nino.c.cpp.csv
-> size (bytes): 2,396,624
-> 24.41% of original


RESULTS
--------------------------(same file!)
CoderGAMPS
TIME: 2020-06-01 17:16:55
ORIGINAL FILE:
-> name: /Users/pablocerve/Documents/FING/Proyecto/datasets-csv/[5]el-nino/el-nino.csv
-> size (bytes): 9,820,158
COMPRESSED FILE:
-> name: /Users/pablocerve/Documents/FING/Proyecto/pc-tesis/dataset_parser/scripts/compress/output/[5]el-nino/gamps/el-nino.c.cpp.csv
-> size (bytes): 2,422,094
-> 24.66% of original

