
RESULTS
--------------------------(same file!)
CoderBasic
ORIGINAL FILE:
-> name: /home/pablo/Documents/FING/Proyecto/datasets-csv/[6]noaa-spc-reports/wind/noaa_spc-wind.csv
-> size (bytes): 765,001
COMPRESSED FILE:
-> name: /home/pablo/Documents/FING/Proyecto/pc-tesis/dataset_parser/scripts/compress/output/[6]noaa-spc-reports/basic/noaa_spc-wind.c.cpp.csv
-> size (bytes): 282,390
-> 36.91% of original


RESULTS
--------------------------(same file!)
CoderPCA
ORIGINAL FILE:
-> name: /home/pablo/Documents/FING/Proyecto/datasets-csv/[6]noaa-spc-reports/wind/noaa_spc-wind.csv
-> size (bytes): 765,001
COMPRESSED FILE:
-> name: /home/pablo/Documents/FING/Proyecto/pc-tesis/dataset_parser/scripts/compress/output/[6]noaa-spc-reports/pca/noaa_spc-wind.c.cpp.csv
-> size (bytes): 285,289
-> 37.29% of original


RESULTS
--------------------------(same file!)
CoderPCA
ORIGINAL FILE:
-> name: /home/pablo/Documents/FING/Proyecto/datasets-csv/[6]noaa-spc-reports/wind/noaa_spc-wind.csv
-> size (bytes): 765,001
COMPRESSED FILE:
-> name: /home/pablo/Documents/FING/Proyecto/pc-tesis/dataset_parser/scripts/compress/output/[6]noaa-spc-reports/pca/noaa_spc-wind.c.cpp.csv
-> size (bytes): 283,899
-> 37.11% of original


RESULTS
--------------------------(same file!)
CoderPCA
ORIGINAL FILE:
-> name: /home/pablo/Documents/FING/Proyecto/datasets-csv/[6]noaa-spc-reports/wind/noaa_spc-wind.csv
-> size (bytes): 765,001
COMPRESSED FILE:
-> name: /home/pablo/Documents/FING/Proyecto/pc-tesis/dataset_parser/scripts/compress/output/[6]noaa-spc-reports/pca/noaa_spc-wind.c.cpp.csv
-> size (bytes): 282,994
-> 36.99% of original


RESULTS
--------------------------(same file!)
CoderPCA
ORIGINAL FILE:
-> name: /home/pablo/Documents/FING/Proyecto/datasets-csv/[6]noaa-spc-reports/wind/noaa_spc-wind.csv
-> size (bytes): 765,001
COMPRESSED FILE:
-> name: /home/pablo/Documents/FING/Proyecto/pc-tesis/dataset_parser/scripts/compress/output/[6]noaa-spc-reports/pca/noaa_spc-wind.c.cpp.csv
-> size (bytes): 282,692
-> 36.95% of original


RESULTS
--------------------------(same file!)
CoderPCA
ORIGINAL FILE:
-> name: /home/pablo/Documents/FING/Proyecto/datasets-csv/[6]noaa-spc-reports/wind/noaa_spc-wind.csv
-> size (bytes): 765,001
COMPRESSED FILE:
-> name: /home/pablo/Documents/FING/Proyecto/pc-tesis/dataset_parser/scripts/compress/output/[6]noaa-spc-reports/pca/noaa_spc-wind.c.cpp.csv
-> size (bytes): 282,541
-> 36.93% of original


RESULTS
--------------------------(same file!)
CoderPCA
ORIGINAL FILE:
-> name: /home/pablo/Documents/FING/Proyecto/datasets-csv/[6]noaa-spc-reports/wind/noaa_spc-wind.csv
-> size (bytes): 765,001
COMPRESSED FILE:
-> name: /home/pablo/Documents/FING/Proyecto/pc-tesis/dataset_parser/scripts/compress/output/[6]noaa-spc-reports/pca/noaa_spc-wind.c.cpp.csv
-> size (bytes): 282,465
-> 36.92% of original


RESULTS
--------------------------(same file!)
CoderPCA
ORIGINAL FILE:
-> name: /home/pablo/Documents/FING/Proyecto/datasets-csv/[6]noaa-spc-reports/wind/noaa_spc-wind.csv
-> size (bytes): 765,001
COMPRESSED FILE:
-> name: /home/pablo/Documents/FING/Proyecto/pc-tesis/dataset_parser/scripts/compress/output/[6]noaa-spc-reports/pca/noaa_spc-wind.c.cpp.csv
-> size (bytes): 268,234
-> 35.06% of original


RESULTS
--------------------------(same file!)
CoderPCA
ORIGINAL FILE:
-> name: /home/pablo/Documents/FING/Proyecto/datasets-csv/[6]noaa-spc-reports/wind/noaa_spc-wind.csv
-> size (bytes): 765,001
COMPRESSED FILE:
-> name: /home/pablo/Documents/FING/Proyecto/pc-tesis/dataset_parser/scripts/compress/output/[6]noaa-spc-reports/pca/noaa_spc-wind.c.cpp.csv
-> size (bytes): 278,324
-> 36.38% of original


RESULTS
--------------------------(same file!)
CoderPCA
ORIGINAL FILE:
-> name: /home/pablo/Documents/FING/Proyecto/datasets-csv/[6]noaa-spc-reports/wind/noaa_spc-wind.csv
-> size (bytes): 765,001
COMPRESSED FILE:
-> name: /home/pablo/Documents/FING/Proyecto/pc-tesis/dataset_parser/scripts/compress/output/[6]noaa-spc-reports/pca/noaa_spc-wind.c.cpp.csv
-> size (bytes): 282,958
-> 36.99% of original


RESULTS
--------------------------(same file!)
CoderPCA
ORIGINAL FILE:
-> name: /home/pablo/Documents/FING/Proyecto/datasets-csv/[6]noaa-spc-reports/wind/noaa_spc-wind.csv
-> size (bytes): 765,001
COMPRESSED FILE:
-> name: /home/pablo/Documents/FING/Proyecto/pc-tesis/dataset_parser/scripts/compress/output/[6]noaa-spc-reports/pca/noaa_spc-wind.c.cpp.csv
-> size (bytes): 282,692
-> 36.95% of original


RESULTS
--------------------------(same file!)
CoderPCA
ORIGINAL FILE:
-> name: /home/pablo/Documents/FING/Proyecto/datasets-csv/[6]noaa-spc-reports/wind/noaa_spc-wind.csv
-> size (bytes): 765,001
COMPRESSED FILE:
-> name: /home/pablo/Documents/FING/Proyecto/pc-tesis/dataset_parser/scripts/compress/output/[6]noaa-spc-reports/pca/noaa_spc-wind.c.cpp.csv
-> size (bytes): 282,541
-> 36.93% of original


RESULTS
--------------------------(same file!)
CoderPCA
ORIGINAL FILE:
-> name: /home/pablo/Documents/FING/Proyecto/datasets-csv/[6]noaa-spc-reports/wind/noaa_spc-wind.csv
-> size (bytes): 765,001
COMPRESSED FILE:
-> name: /home/pablo/Documents/FING/Proyecto/pc-tesis/dataset_parser/scripts/compress/output/[6]noaa-spc-reports/pca/noaa_spc-wind.c.cpp.csv
-> size (bytes): 282,465
-> 36.92% of original


RESULTS
--------------------------(same file!)
CoderPCA
ORIGINAL FILE:
-> name: /home/pablo/Documents/FING/Proyecto/datasets-csv/[6]noaa-spc-reports/wind/noaa_spc-wind.csv
-> size (bytes): 765,001
COMPRESSED FILE:
-> name: /home/pablo/Documents/FING/Proyecto/pc-tesis/dataset_parser/scripts/compress/output/[6]noaa-spc-reports/pca/noaa_spc-wind.c.cpp.csv
-> size (bytes): 256,461
-> 33.52% of original


RESULTS
--------------------------(same file!)
CoderPCA
ORIGINAL FILE:
-> name: /home/pablo/Documents/FING/Proyecto/datasets-csv/[6]noaa-spc-reports/wind/noaa_spc-wind.csv
-> size (bytes): 765,001
COMPRESSED FILE:
-> name: /home/pablo/Documents/FING/Proyecto/pc-tesis/dataset_parser/scripts/compress/output/[6]noaa-spc-reports/pca/noaa_spc-wind.c.cpp.csv
-> size (bytes): 269,526
-> 35.23% of original


RESULTS
--------------------------(same file!)
CoderPCA
ORIGINAL FILE:
-> name: /home/pablo/Documents/FING/Proyecto/datasets-csv/[6]noaa-spc-reports/wind/noaa_spc-wind.csv
-> size (bytes): 765,001
COMPRESSED FILE:
-> name: /home/pablo/Documents/FING/Proyecto/pc-tesis/dataset_parser/scripts/compress/output/[6]noaa-spc-reports/pca/noaa_spc-wind.c.cpp.csv
-> size (bytes): 280,042
-> 36.61% of original


RESULTS
--------------------------(same file!)
CoderPCA
ORIGINAL FILE:
-> name: /home/pablo/Documents/FING/Proyecto/datasets-csv/[6]noaa-spc-reports/wind/noaa_spc-wind.csv
-> size (bytes): 765,001
COMPRESSED FILE:
-> name: /home/pablo/Documents/FING/Proyecto/pc-tesis/dataset_parser/scripts/compress/output/[6]noaa-spc-reports/pca/noaa_spc-wind.c.cpp.csv
-> size (bytes): 282,471
-> 36.92% of original


RESULTS
--------------------------(same file!)
CoderPCA
ORIGINAL FILE:
-> name: /home/pablo/Documents/FING/Proyecto/datasets-csv/[6]noaa-spc-reports/wind/noaa_spc-wind.csv
-> size (bytes): 765,001
COMPRESSED FILE:
-> name: /home/pablo/Documents/FING/Proyecto/pc-tesis/dataset_parser/scripts/compress/output/[6]noaa-spc-reports/pca/noaa_spc-wind.c.cpp.csv
-> size (bytes): 282,541
-> 36.93% of original


RESULTS
--------------------------(same file!)
CoderPCA
ORIGINAL FILE:
-> name: /home/pablo/Documents/FING/Proyecto/datasets-csv/[6]noaa-spc-reports/wind/noaa_spc-wind.csv
-> size (bytes): 765,001
COMPRESSED FILE:
-> name: /home/pablo/Documents/FING/Proyecto/pc-tesis/dataset_parser/scripts/compress/output/[6]noaa-spc-reports/pca/noaa_spc-wind.c.cpp.csv
-> size (bytes): 282,465
-> 36.92% of original


RESULTS
--------------------------(same file!)
CoderPCA
ORIGINAL FILE:
-> name: /home/pablo/Documents/FING/Proyecto/datasets-csv/[6]noaa-spc-reports/wind/noaa_spc-wind.csv
-> size (bytes): 765,001
COMPRESSED FILE:
-> name: /home/pablo/Documents/FING/Proyecto/pc-tesis/dataset_parser/scripts/compress/output/[6]noaa-spc-reports/pca/noaa_spc-wind.c.cpp.csv
-> size (bytes): 244,035
-> 31.9% of original


RESULTS
--------------------------(same file!)
CoderPCA
ORIGINAL FILE:
-> name: /home/pablo/Documents/FING/Proyecto/datasets-csv/[6]noaa-spc-reports/wind/noaa_spc-wind.csv
-> size (bytes): 765,001
COMPRESSED FILE:
-> name: /home/pablo/Documents/FING/Proyecto/pc-tesis/dataset_parser/scripts/compress/output/[6]noaa-spc-reports/pca/noaa_spc-wind.c.cpp.csv
-> size (bytes): 259,010
-> 33.86% of original


RESULTS
--------------------------(same file!)
CoderPCA
ORIGINAL FILE:
-> name: /home/pablo/Documents/FING/Proyecto/datasets-csv/[6]noaa-spc-reports/wind/noaa_spc-wind.csv
-> size (bytes): 765,001
COMPRESSED FILE:
-> name: /home/pablo/Documents/FING/Proyecto/pc-tesis/dataset_parser/scripts/compress/output/[6]noaa-spc-reports/pca/noaa_spc-wind.c.cpp.csv
-> size (bytes): 276,898
-> 36.2% of original


RESULTS
--------------------------(same file!)
CoderPCA
ORIGINAL FILE:
-> name: /home/pablo/Documents/FING/Proyecto/datasets-csv/[6]noaa-spc-reports/wind/noaa_spc-wind.csv
-> size (bytes): 765,001
COMPRESSED FILE:
-> name: /home/pablo/Documents/FING/Proyecto/pc-tesis/dataset_parser/scripts/compress/output/[6]noaa-spc-reports/pca/noaa_spc-wind.c.cpp.csv
-> size (bytes): 281,957
-> 36.86% of original


RESULTS
--------------------------(same file!)
CoderPCA
ORIGINAL FILE:
-> name: /home/pablo/Documents/FING/Proyecto/datasets-csv/[6]noaa-spc-reports/wind/noaa_spc-wind.csv
-> size (bytes): 765,001
COMPRESSED FILE:
-> name: /home/pablo/Documents/FING/Proyecto/pc-tesis/dataset_parser/scripts/compress/output/[6]noaa-spc-reports/pca/noaa_spc-wind.c.cpp.csv
-> size (bytes): 282,541
-> 36.93% of original


RESULTS
--------------------------(same file!)
CoderPCA
ORIGINAL FILE:
-> name: /home/pablo/Documents/FING/Proyecto/datasets-csv/[6]noaa-spc-reports/wind/noaa_spc-wind.csv
-> size (bytes): 765,001
COMPRESSED FILE:
-> name: /home/pablo/Documents/FING/Proyecto/pc-tesis/dataset_parser/scripts/compress/output/[6]noaa-spc-reports/pca/noaa_spc-wind.c.cpp.csv
-> size (bytes): 282,465
-> 36.92% of original


RESULTS
--------------------------(same file!)
CoderPCA
ORIGINAL FILE:
-> name: /home/pablo/Documents/FING/Proyecto/datasets-csv/[6]noaa-spc-reports/wind/noaa_spc-wind.csv
-> size (bytes): 765,001
COMPRESSED FILE:
-> name: /home/pablo/Documents/FING/Proyecto/pc-tesis/dataset_parser/scripts/compress/output/[6]noaa-spc-reports/pca/noaa_spc-wind.c.cpp.csv
-> size (bytes): 229,384
-> 29.98% of original


RESULTS
--------------------------(same file!)
CoderPCA
ORIGINAL FILE:
-> name: /home/pablo/Documents/FING/Proyecto/datasets-csv/[6]noaa-spc-reports/wind/noaa_spc-wind.csv
-> size (bytes): 765,001
COMPRESSED FILE:
-> name: /home/pablo/Documents/FING/Proyecto/pc-tesis/dataset_parser/scripts/compress/output/[6]noaa-spc-reports/pca/noaa_spc-wind.c.cpp.csv
-> size (bytes): 244,023
-> 31.9% of original


RESULTS
--------------------------(same file!)
CoderPCA
ORIGINAL FILE:
-> name: /home/pablo/Documents/FING/Proyecto/datasets-csv/[6]noaa-spc-reports/wind/noaa_spc-wind.csv
-> size (bytes): 765,001
COMPRESSED FILE:
-> name: /home/pablo/Documents/FING/Proyecto/pc-tesis/dataset_parser/scripts/compress/output/[6]noaa-spc-reports/pca/noaa_spc-wind.c.cpp.csv
-> size (bytes): 265,387
-> 34.69% of original


RESULTS
--------------------------(same file!)
CoderPCA
ORIGINAL FILE:
-> name: /home/pablo/Documents/FING/Proyecto/datasets-csv/[6]noaa-spc-reports/wind/noaa_spc-wind.csv
-> size (bytes): 765,001
COMPRESSED FILE:
-> name: /home/pablo/Documents/FING/Proyecto/pc-tesis/dataset_parser/scripts/compress/output/[6]noaa-spc-reports/pca/noaa_spc-wind.c.cpp.csv
-> size (bytes): 277,106
-> 36.22% of original


RESULTS
--------------------------(same file!)
CoderPCA
ORIGINAL FILE:
-> name: /home/pablo/Documents/FING/Proyecto/datasets-csv/[6]noaa-spc-reports/wind/noaa_spc-wind.csv
-> size (bytes): 765,001
COMPRESSED FILE:
-> name: /home/pablo/Documents/FING/Proyecto/pc-tesis/dataset_parser/scripts/compress/output/[6]noaa-spc-reports/pca/noaa_spc-wind.c.cpp.csv
-> size (bytes): 281,798
-> 36.84% of original


RESULTS
--------------------------(same file!)
CoderPCA
ORIGINAL FILE:
-> name: /home/pablo/Documents/FING/Proyecto/datasets-csv/[6]noaa-spc-reports/wind/noaa_spc-wind.csv
-> size (bytes): 765,001
COMPRESSED FILE:
-> name: /home/pablo/Documents/FING/Proyecto/pc-tesis/dataset_parser/scripts/compress/output/[6]noaa-spc-reports/pca/noaa_spc-wind.c.cpp.csv
-> size (bytes): 282,465
-> 36.92% of original


RESULTS
--------------------------(same file!)
CoderPCA
ORIGINAL FILE:
-> name: /home/pablo/Documents/FING/Proyecto/datasets-csv/[6]noaa-spc-reports/wind/noaa_spc-wind.csv
-> size (bytes): 765,001
COMPRESSED FILE:
-> name: /home/pablo/Documents/FING/Proyecto/pc-tesis/dataset_parser/scripts/compress/output/[6]noaa-spc-reports/pca/noaa_spc-wind.c.cpp.csv
-> size (bytes): 220,160
-> 28.78% of original


RESULTS
--------------------------(same file!)
CoderPCA
ORIGINAL FILE:
-> name: /home/pablo/Documents/FING/Proyecto/datasets-csv/[6]noaa-spc-reports/wind/noaa_spc-wind.csv
-> size (bytes): 765,001
COMPRESSED FILE:
-> name: /home/pablo/Documents/FING/Proyecto/pc-tesis/dataset_parser/scripts/compress/output/[6]noaa-spc-reports/pca/noaa_spc-wind.c.cpp.csv
-> size (bytes): 234,866
-> 30.7% of original


RESULTS
--------------------------(same file!)
CoderPCA
ORIGINAL FILE:
-> name: /home/pablo/Documents/FING/Proyecto/datasets-csv/[6]noaa-spc-reports/wind/noaa_spc-wind.csv
-> size (bytes): 765,001
COMPRESSED FILE:
-> name: /home/pablo/Documents/FING/Proyecto/pc-tesis/dataset_parser/scripts/compress/output/[6]noaa-spc-reports/pca/noaa_spc-wind.c.cpp.csv
-> size (bytes): 257,719
-> 33.69% of original


RESULTS
--------------------------(same file!)
CoderPCA
ORIGINAL FILE:
-> name: /home/pablo/Documents/FING/Proyecto/datasets-csv/[6]noaa-spc-reports/wind/noaa_spc-wind.csv
-> size (bytes): 765,001
COMPRESSED FILE:
-> name: /home/pablo/Documents/FING/Proyecto/pc-tesis/dataset_parser/scripts/compress/output/[6]noaa-spc-reports/pca/noaa_spc-wind.c.cpp.csv
-> size (bytes): 273,168
-> 35.71% of original


RESULTS
--------------------------(same file!)
CoderPCA
ORIGINAL FILE:
-> name: /home/pablo/Documents/FING/Proyecto/datasets-csv/[6]noaa-spc-reports/wind/noaa_spc-wind.csv
-> size (bytes): 765,001
COMPRESSED FILE:
-> name: /home/pablo/Documents/FING/Proyecto/pc-tesis/dataset_parser/scripts/compress/output/[6]noaa-spc-reports/pca/noaa_spc-wind.c.cpp.csv
-> size (bytes): 280,016
-> 36.6% of original


RESULTS
--------------------------(same file!)
CoderPCA
ORIGINAL FILE:
-> name: /home/pablo/Documents/FING/Proyecto/datasets-csv/[6]noaa-spc-reports/wind/noaa_spc-wind.csv
-> size (bytes): 765,001
COMPRESSED FILE:
-> name: /home/pablo/Documents/FING/Proyecto/pc-tesis/dataset_parser/scripts/compress/output/[6]noaa-spc-reports/pca/noaa_spc-wind.c.cpp.csv
-> size (bytes): 282,465
-> 36.92% of original


RESULTS
--------------------------(same file!)
CoderPCA
ORIGINAL FILE:
-> name: /home/pablo/Documents/FING/Proyecto/datasets-csv/[6]noaa-spc-reports/wind/noaa_spc-wind.csv
-> size (bytes): 765,001
COMPRESSED FILE:
-> name: /home/pablo/Documents/FING/Proyecto/pc-tesis/dataset_parser/scripts/compress/output/[6]noaa-spc-reports/pca/noaa_spc-wind.c.cpp.csv
-> size (bytes): 212,650
-> 27.8% of original


RESULTS
--------------------------(same file!)
CoderPCA
ORIGINAL FILE:
-> name: /home/pablo/Documents/FING/Proyecto/datasets-csv/[6]noaa-spc-reports/wind/noaa_spc-wind.csv
-> size (bytes): 765,001
COMPRESSED FILE:
-> name: /home/pablo/Documents/FING/Proyecto/pc-tesis/dataset_parser/scripts/compress/output/[6]noaa-spc-reports/pca/noaa_spc-wind.c.cpp.csv
-> size (bytes): 227,361
-> 29.72% of original


RESULTS
--------------------------(same file!)
CoderPCA
ORIGINAL FILE:
-> name: /home/pablo/Documents/FING/Proyecto/datasets-csv/[6]noaa-spc-reports/wind/noaa_spc-wind.csv
-> size (bytes): 765,001
COMPRESSED FILE:
-> name: /home/pablo/Documents/FING/Proyecto/pc-tesis/dataset_parser/scripts/compress/output/[6]noaa-spc-reports/pca/noaa_spc-wind.c.cpp.csv
-> size (bytes): 251,665
-> 32.9% of original


RESULTS
--------------------------(same file!)
CoderPCA
ORIGINAL FILE:
-> name: /home/pablo/Documents/FING/Proyecto/datasets-csv/[6]noaa-spc-reports/wind/noaa_spc-wind.csv
-> size (bytes): 765,001
COMPRESSED FILE:
-> name: /home/pablo/Documents/FING/Proyecto/pc-tesis/dataset_parser/scripts/compress/output/[6]noaa-spc-reports/pca/noaa_spc-wind.c.cpp.csv
-> size (bytes): 269,168
-> 35.19% of original


RESULTS
--------------------------(same file!)
CoderPCA
ORIGINAL FILE:
-> name: /home/pablo/Documents/FING/Proyecto/datasets-csv/[6]noaa-spc-reports/wind/noaa_spc-wind.csv
-> size (bytes): 765,001
COMPRESSED FILE:
-> name: /home/pablo/Documents/FING/Proyecto/pc-tesis/dataset_parser/scripts/compress/output/[6]noaa-spc-reports/pca/noaa_spc-wind.c.cpp.csv
-> size (bytes): 278,531
-> 36.41% of original


RESULTS
--------------------------(same file!)
CoderPCA
ORIGINAL FILE:
-> name: /home/pablo/Documents/FING/Proyecto/datasets-csv/[6]noaa-spc-reports/wind/noaa_spc-wind.csv
-> size (bytes): 765,001
COMPRESSED FILE:
-> name: /home/pablo/Documents/FING/Proyecto/pc-tesis/dataset_parser/scripts/compress/output/[6]noaa-spc-reports/pca/noaa_spc-wind.c.cpp.csv
-> size (bytes): 281,868
-> 36.85% of original


RESULTS
--------------------------(same file!)
CoderPCA
ORIGINAL FILE:
-> name: /home/pablo/Documents/FING/Proyecto/datasets-csv/[6]noaa-spc-reports/wind/noaa_spc-wind.csv
-> size (bytes): 765,001
COMPRESSED FILE:
-> name: /home/pablo/Documents/FING/Proyecto/pc-tesis/dataset_parser/scripts/compress/output/[6]noaa-spc-reports/pca/noaa_spc-wind.c.cpp.csv
-> size (bytes): 200,529
-> 26.21% of original


RESULTS
--------------------------(same file!)
CoderPCA
ORIGINAL FILE:
-> name: /home/pablo/Documents/FING/Proyecto/datasets-csv/[6]noaa-spc-reports/wind/noaa_spc-wind.csv
-> size (bytes): 765,001
COMPRESSED FILE:
-> name: /home/pablo/Documents/FING/Proyecto/pc-tesis/dataset_parser/scripts/compress/output/[6]noaa-spc-reports/pca/noaa_spc-wind.c.cpp.csv
-> size (bytes): 214,860
-> 28.09% of original


RESULTS
--------------------------(same file!)
CoderPCA
ORIGINAL FILE:
-> name: /home/pablo/Documents/FING/Proyecto/datasets-csv/[6]noaa-spc-reports/wind/noaa_spc-wind.csv
-> size (bytes): 765,001
COMPRESSED FILE:
-> name: /home/pablo/Documents/FING/Proyecto/pc-tesis/dataset_parser/scripts/compress/output/[6]noaa-spc-reports/pca/noaa_spc-wind.c.cpp.csv
-> size (bytes): 241,810
-> 31.61% of original


RESULTS
--------------------------(same file!)
CoderPCA
ORIGINAL FILE:
-> name: /home/pablo/Documents/FING/Proyecto/datasets-csv/[6]noaa-spc-reports/wind/noaa_spc-wind.csv
-> size (bytes): 765,001
COMPRESSED FILE:
-> name: /home/pablo/Documents/FING/Proyecto/pc-tesis/dataset_parser/scripts/compress/output/[6]noaa-spc-reports/pca/noaa_spc-wind.c.cpp.csv
-> size (bytes): 263,135
-> 34.4% of original


RESULTS
--------------------------(same file!)
CoderPCA
ORIGINAL FILE:
-> name: /home/pablo/Documents/FING/Proyecto/datasets-csv/[6]noaa-spc-reports/wind/noaa_spc-wind.csv
-> size (bytes): 765,001
COMPRESSED FILE:
-> name: /home/pablo/Documents/FING/Proyecto/pc-tesis/dataset_parser/scripts/compress/output/[6]noaa-spc-reports/pca/noaa_spc-wind.c.cpp.csv
-> size (bytes): 276,230
-> 36.11% of original


RESULTS
--------------------------(same file!)
CoderPCA
ORIGINAL FILE:
-> name: /home/pablo/Documents/FING/Proyecto/datasets-csv/[6]noaa-spc-reports/wind/noaa_spc-wind.csv
-> size (bytes): 765,001
COMPRESSED FILE:
-> name: /home/pablo/Documents/FING/Proyecto/pc-tesis/dataset_parser/scripts/compress/output/[6]noaa-spc-reports/pca/noaa_spc-wind.c.cpp.csv
-> size (bytes): 281,868
-> 36.85% of original


RESULTS
--------------------------(same file!)
CoderAPCA
ORIGINAL FILE:
-> name: /home/pablo/Documents/FING/Proyecto/datasets-csv/[6]noaa-spc-reports/wind/noaa_spc-wind.csv
-> size (bytes): 765,001
COMPRESSED FILE:
-> name: /home/pablo/Documents/FING/Proyecto/pc-tesis/dataset_parser/scripts/compress/output/[6]noaa-spc-reports/apca/noaa_spc-wind.c.cpp.csv
-> size (bytes): 312,881
-> 40.9% of original


RESULTS
--------------------------(same file!)
CoderAPCA
ORIGINAL FILE:
-> name: /home/pablo/Documents/FING/Proyecto/datasets-csv/[6]noaa-spc-reports/wind/noaa_spc-wind.csv
-> size (bytes): 765,001
COMPRESSED FILE:
-> name: /home/pablo/Documents/FING/Proyecto/pc-tesis/dataset_parser/scripts/compress/output/[6]noaa-spc-reports/apca/noaa_spc-wind.c.cpp.csv
-> size (bytes): 326,946
-> 42.74% of original


RESULTS
--------------------------(same file!)
CoderAPCA
ORIGINAL FILE:
-> name: /home/pablo/Documents/FING/Proyecto/datasets-csv/[6]noaa-spc-reports/wind/noaa_spc-wind.csv
-> size (bytes): 765,001
COMPRESSED FILE:
-> name: /home/pablo/Documents/FING/Proyecto/pc-tesis/dataset_parser/scripts/compress/output/[6]noaa-spc-reports/apca/noaa_spc-wind.c.cpp.csv
-> size (bytes): 341,069
-> 44.58% of original


RESULTS
--------------------------(same file!)
CoderAPCA
ORIGINAL FILE:
-> name: /home/pablo/Documents/FING/Proyecto/datasets-csv/[6]noaa-spc-reports/wind/noaa_spc-wind.csv
-> size (bytes): 765,001
COMPRESSED FILE:
-> name: /home/pablo/Documents/FING/Proyecto/pc-tesis/dataset_parser/scripts/compress/output/[6]noaa-spc-reports/apca/noaa_spc-wind.c.cpp.csv
-> size (bytes): 355,191
-> 46.43% of original


RESULTS
--------------------------(same file!)
CoderAPCA
ORIGINAL FILE:
-> name: /home/pablo/Documents/FING/Proyecto/datasets-csv/[6]noaa-spc-reports/wind/noaa_spc-wind.csv
-> size (bytes): 765,001
COMPRESSED FILE:
-> name: /home/pablo/Documents/FING/Proyecto/pc-tesis/dataset_parser/scripts/compress/output/[6]noaa-spc-reports/apca/noaa_spc-wind.c.cpp.csv
-> size (bytes): 369,314
-> 48.28% of original


RESULTS
--------------------------(same file!)
CoderAPCA
ORIGINAL FILE:
-> name: /home/pablo/Documents/FING/Proyecto/datasets-csv/[6]noaa-spc-reports/wind/noaa_spc-wind.csv
-> size (bytes): 765,001
COMPRESSED FILE:
-> name: /home/pablo/Documents/FING/Proyecto/pc-tesis/dataset_parser/scripts/compress/output/[6]noaa-spc-reports/apca/noaa_spc-wind.c.cpp.csv
-> size (bytes): 383,437
-> 50.12% of original


RESULTS
--------------------------(same file!)
CoderAPCA
ORIGINAL FILE:
-> name: /home/pablo/Documents/FING/Proyecto/datasets-csv/[6]noaa-spc-reports/wind/noaa_spc-wind.csv
-> size (bytes): 765,001
COMPRESSED FILE:
-> name: /home/pablo/Documents/FING/Proyecto/pc-tesis/dataset_parser/scripts/compress/output/[6]noaa-spc-reports/apca/noaa_spc-wind.c.cpp.csv
-> size (bytes): 256,839
-> 33.57% of original


RESULTS
--------------------------(same file!)
CoderAPCA
ORIGINAL FILE:
-> name: /home/pablo/Documents/FING/Proyecto/datasets-csv/[6]noaa-spc-reports/wind/noaa_spc-wind.csv
-> size (bytes): 765,001
COMPRESSED FILE:
-> name: /home/pablo/Documents/FING/Proyecto/pc-tesis/dataset_parser/scripts/compress/output/[6]noaa-spc-reports/apca/noaa_spc-wind.c.cpp.csv
-> size (bytes): 264,710
-> 34.6% of original


RESULTS
--------------------------(same file!)
CoderAPCA
ORIGINAL FILE:
-> name: /home/pablo/Documents/FING/Proyecto/datasets-csv/[6]noaa-spc-reports/wind/noaa_spc-wind.csv
-> size (bytes): 765,001
COMPRESSED FILE:
-> name: /home/pablo/Documents/FING/Proyecto/pc-tesis/dataset_parser/scripts/compress/output/[6]noaa-spc-reports/apca/noaa_spc-wind.c.cpp.csv
-> size (bytes): 274,633
-> 35.9% of original


RESULTS
--------------------------(same file!)
CoderAPCA
ORIGINAL FILE:
-> name: /home/pablo/Documents/FING/Proyecto/datasets-csv/[6]noaa-spc-reports/wind/noaa_spc-wind.csv
-> size (bytes): 765,001
COMPRESSED FILE:
-> name: /home/pablo/Documents/FING/Proyecto/pc-tesis/dataset_parser/scripts/compress/output/[6]noaa-spc-reports/apca/noaa_spc-wind.c.cpp.csv
-> size (bytes): 284,965
-> 37.25% of original


RESULTS
--------------------------(same file!)
CoderAPCA
ORIGINAL FILE:
-> name: /home/pablo/Documents/FING/Proyecto/datasets-csv/[6]noaa-spc-reports/wind/noaa_spc-wind.csv
-> size (bytes): 765,001
COMPRESSED FILE:
-> name: /home/pablo/Documents/FING/Proyecto/pc-tesis/dataset_parser/scripts/compress/output/[6]noaa-spc-reports/apca/noaa_spc-wind.c.cpp.csv
-> size (bytes): 295,300
-> 38.6% of original


RESULTS
--------------------------(same file!)
CoderAPCA
ORIGINAL FILE:
-> name: /home/pablo/Documents/FING/Proyecto/datasets-csv/[6]noaa-spc-reports/wind/noaa_spc-wind.csv
-> size (bytes): 765,001
COMPRESSED FILE:
-> name: /home/pablo/Documents/FING/Proyecto/pc-tesis/dataset_parser/scripts/compress/output/[6]noaa-spc-reports/apca/noaa_spc-wind.c.cpp.csv
-> size (bytes): 305,635
-> 39.95% of original


RESULTS
--------------------------(same file!)
CoderAPCA
ORIGINAL FILE:
-> name: /home/pablo/Documents/FING/Proyecto/datasets-csv/[6]noaa-spc-reports/wind/noaa_spc-wind.csv
-> size (bytes): 765,001
COMPRESSED FILE:
-> name: /home/pablo/Documents/FING/Proyecto/pc-tesis/dataset_parser/scripts/compress/output/[6]noaa-spc-reports/apca/noaa_spc-wind.c.cpp.csv
-> size (bytes): 229,373
-> 29.98% of original


RESULTS
--------------------------(same file!)
CoderAPCA
ORIGINAL FILE:
-> name: /home/pablo/Documents/FING/Proyecto/datasets-csv/[6]noaa-spc-reports/wind/noaa_spc-wind.csv
-> size (bytes): 765,001
COMPRESSED FILE:
-> name: /home/pablo/Documents/FING/Proyecto/pc-tesis/dataset_parser/scripts/compress/output/[6]noaa-spc-reports/apca/noaa_spc-wind.c.cpp.csv
-> size (bytes): 232,108
-> 30.34% of original


RESULTS
--------------------------(same file!)
CoderAPCA
ORIGINAL FILE:
-> name: /home/pablo/Documents/FING/Proyecto/datasets-csv/[6]noaa-spc-reports/wind/noaa_spc-wind.csv
-> size (bytes): 765,001
COMPRESSED FILE:
-> name: /home/pablo/Documents/FING/Proyecto/pc-tesis/dataset_parser/scripts/compress/output/[6]noaa-spc-reports/apca/noaa_spc-wind.c.cpp.csv
-> size (bytes): 238,665
-> 31.2% of original


RESULTS
--------------------------(same file!)
CoderAPCA
ORIGINAL FILE:
-> name: /home/pablo/Documents/FING/Proyecto/datasets-csv/[6]noaa-spc-reports/wind/noaa_spc-wind.csv
-> size (bytes): 765,001
COMPRESSED FILE:
-> name: /home/pablo/Documents/FING/Proyecto/pc-tesis/dataset_parser/scripts/compress/output/[6]noaa-spc-reports/apca/noaa_spc-wind.c.cpp.csv
-> size (bytes): 246,835
-> 32.27% of original


RESULTS
--------------------------(same file!)
CoderAPCA
ORIGINAL FILE:
-> name: /home/pablo/Documents/FING/Proyecto/datasets-csv/[6]noaa-spc-reports/wind/noaa_spc-wind.csv
-> size (bytes): 765,001
COMPRESSED FILE:
-> name: /home/pablo/Documents/FING/Proyecto/pc-tesis/dataset_parser/scripts/compress/output/[6]noaa-spc-reports/apca/noaa_spc-wind.c.cpp.csv
-> size (bytes): 255,157
-> 33.35% of original


RESULTS
--------------------------(same file!)
CoderAPCA
ORIGINAL FILE:
-> name: /home/pablo/Documents/FING/Proyecto/datasets-csv/[6]noaa-spc-reports/wind/noaa_spc-wind.csv
-> size (bytes): 765,001
COMPRESSED FILE:
-> name: /home/pablo/Documents/FING/Proyecto/pc-tesis/dataset_parser/scripts/compress/output/[6]noaa-spc-reports/apca/noaa_spc-wind.c.cpp.csv
-> size (bytes): 263,487
-> 34.44% of original


RESULTS
--------------------------(same file!)
CoderAPCA
ORIGINAL FILE:
-> name: /home/pablo/Documents/FING/Proyecto/datasets-csv/[6]noaa-spc-reports/wind/noaa_spc-wind.csv
-> size (bytes): 765,001
COMPRESSED FILE:
-> name: /home/pablo/Documents/FING/Proyecto/pc-tesis/dataset_parser/scripts/compress/output/[6]noaa-spc-reports/apca/noaa_spc-wind.c.cpp.csv
-> size (bytes): 215,935
-> 28.23% of original


RESULTS
--------------------------(same file!)
CoderAPCA
ORIGINAL FILE:
-> name: /home/pablo/Documents/FING/Proyecto/datasets-csv/[6]noaa-spc-reports/wind/noaa_spc-wind.csv
-> size (bytes): 765,001
COMPRESSED FILE:
-> name: /home/pablo/Documents/FING/Proyecto/pc-tesis/dataset_parser/scripts/compress/output/[6]noaa-spc-reports/apca/noaa_spc-wind.c.cpp.csv
-> size (bytes): 216,830
-> 28.34% of original


RESULTS
--------------------------(same file!)
CoderAPCA
ORIGINAL FILE:
-> name: /home/pablo/Documents/FING/Proyecto/datasets-csv/[6]noaa-spc-reports/wind/noaa_spc-wind.csv
-> size (bytes): 765,001
COMPRESSED FILE:
-> name: /home/pablo/Documents/FING/Proyecto/pc-tesis/dataset_parser/scripts/compress/output/[6]noaa-spc-reports/apca/noaa_spc-wind.c.cpp.csv
-> size (bytes): 222,293
-> 29.06% of original


RESULTS
--------------------------(same file!)
CoderAPCA
ORIGINAL FILE:
-> name: /home/pablo/Documents/FING/Proyecto/datasets-csv/[6]noaa-spc-reports/wind/noaa_spc-wind.csv
-> size (bytes): 765,001
COMPRESSED FILE:
-> name: /home/pablo/Documents/FING/Proyecto/pc-tesis/dataset_parser/scripts/compress/output/[6]noaa-spc-reports/apca/noaa_spc-wind.c.cpp.csv
-> size (bytes): 229,519
-> 30.0% of original


RESULTS
--------------------------(same file!)
CoderAPCA
ORIGINAL FILE:
-> name: /home/pablo/Documents/FING/Proyecto/datasets-csv/[6]noaa-spc-reports/wind/noaa_spc-wind.csv
-> size (bytes): 765,001
COMPRESSED FILE:
-> name: /home/pablo/Documents/FING/Proyecto/pc-tesis/dataset_parser/scripts/compress/output/[6]noaa-spc-reports/apca/noaa_spc-wind.c.cpp.csv
-> size (bytes): 236,927
-> 30.97% of original


RESULTS
--------------------------(same file!)
CoderAPCA
ORIGINAL FILE:
-> name: /home/pablo/Documents/FING/Proyecto/datasets-csv/[6]noaa-spc-reports/wind/noaa_spc-wind.csv
-> size (bytes): 765,001
COMPRESSED FILE:
-> name: /home/pablo/Documents/FING/Proyecto/pc-tesis/dataset_parser/scripts/compress/output/[6]noaa-spc-reports/apca/noaa_spc-wind.c.cpp.csv
-> size (bytes): 244,356
-> 31.94% of original


RESULTS
--------------------------(same file!)
CoderAPCA
ORIGINAL FILE:
-> name: /home/pablo/Documents/FING/Proyecto/datasets-csv/[6]noaa-spc-reports/wind/noaa_spc-wind.csv
-> size (bytes): 765,001
COMPRESSED FILE:
-> name: /home/pablo/Documents/FING/Proyecto/pc-tesis/dataset_parser/scripts/compress/output/[6]noaa-spc-reports/apca/noaa_spc-wind.c.cpp.csv
-> size (bytes): 197,008
-> 25.75% of original


RESULTS
--------------------------(same file!)
CoderAPCA
ORIGINAL FILE:
-> name: /home/pablo/Documents/FING/Proyecto/datasets-csv/[6]noaa-spc-reports/wind/noaa_spc-wind.csv
-> size (bytes): 765,001
COMPRESSED FILE:
-> name: /home/pablo/Documents/FING/Proyecto/pc-tesis/dataset_parser/scripts/compress/output/[6]noaa-spc-reports/apca/noaa_spc-wind.c.cpp.csv
-> size (bytes): 193,222
-> 25.26% of original


RESULTS
--------------------------(same file!)
CoderAPCA
ORIGINAL FILE:
-> name: /home/pablo/Documents/FING/Proyecto/datasets-csv/[6]noaa-spc-reports/wind/noaa_spc-wind.csv
-> size (bytes): 765,001
COMPRESSED FILE:
-> name: /home/pablo/Documents/FING/Proyecto/pc-tesis/dataset_parser/scripts/compress/output/[6]noaa-spc-reports/apca/noaa_spc-wind.c.cpp.csv
-> size (bytes): 195,448
-> 25.55% of original


RESULTS
--------------------------(same file!)
CoderAPCA
ORIGINAL FILE:
-> name: /home/pablo/Documents/FING/Proyecto/datasets-csv/[6]noaa-spc-reports/wind/noaa_spc-wind.csv
-> size (bytes): 765,001
COMPRESSED FILE:
-> name: /home/pablo/Documents/FING/Proyecto/pc-tesis/dataset_parser/scripts/compress/output/[6]noaa-spc-reports/apca/noaa_spc-wind.c.cpp.csv
-> size (bytes): 200,835
-> 26.25% of original


RESULTS
--------------------------(same file!)
CoderAPCA
ORIGINAL FILE:
-> name: /home/pablo/Documents/FING/Proyecto/datasets-csv/[6]noaa-spc-reports/wind/noaa_spc-wind.csv
-> size (bytes): 765,001
COMPRESSED FILE:
-> name: /home/pablo/Documents/FING/Proyecto/pc-tesis/dataset_parser/scripts/compress/output/[6]noaa-spc-reports/apca/noaa_spc-wind.c.cpp.csv
-> size (bytes): 206,659
-> 27.01% of original


RESULTS
--------------------------(same file!)
CoderAPCA
ORIGINAL FILE:
-> name: /home/pablo/Documents/FING/Proyecto/datasets-csv/[6]noaa-spc-reports/wind/noaa_spc-wind.csv
-> size (bytes): 765,001
COMPRESSED FILE:
-> name: /home/pablo/Documents/FING/Proyecto/pc-tesis/dataset_parser/scripts/compress/output/[6]noaa-spc-reports/apca/noaa_spc-wind.c.cpp.csv
-> size (bytes): 212,582
-> 27.79% of original


RESULTS
--------------------------(same file!)
CoderAPCA
ORIGINAL FILE:
-> name: /home/pablo/Documents/FING/Proyecto/datasets-csv/[6]noaa-spc-reports/wind/noaa_spc-wind.csv
-> size (bytes): 765,001
COMPRESSED FILE:
-> name: /home/pablo/Documents/FING/Proyecto/pc-tesis/dataset_parser/scripts/compress/output/[6]noaa-spc-reports/apca/noaa_spc-wind.c.cpp.csv
-> size (bytes): 186,413
-> 24.37% of original


RESULTS
--------------------------(same file!)
CoderAPCA
ORIGINAL FILE:
-> name: /home/pablo/Documents/FING/Proyecto/datasets-csv/[6]noaa-spc-reports/wind/noaa_spc-wind.csv
-> size (bytes): 765,001
COMPRESSED FILE:
-> name: /home/pablo/Documents/FING/Proyecto/pc-tesis/dataset_parser/scripts/compress/output/[6]noaa-spc-reports/apca/noaa_spc-wind.c.cpp.csv
-> size (bytes): 179,931
-> 23.52% of original


RESULTS
--------------------------(same file!)
CoderAPCA
ORIGINAL FILE:
-> name: /home/pablo/Documents/FING/Proyecto/datasets-csv/[6]noaa-spc-reports/wind/noaa_spc-wind.csv
-> size (bytes): 765,001
COMPRESSED FILE:
-> name: /home/pablo/Documents/FING/Proyecto/pc-tesis/dataset_parser/scripts/compress/output/[6]noaa-spc-reports/apca/noaa_spc-wind.c.cpp.csv
-> size (bytes): 179,998
-> 23.53% of original


RESULTS
--------------------------(same file!)
CoderAPCA
ORIGINAL FILE:
-> name: /home/pablo/Documents/FING/Proyecto/datasets-csv/[6]noaa-spc-reports/wind/noaa_spc-wind.csv
-> size (bytes): 765,001
COMPRESSED FILE:
-> name: /home/pablo/Documents/FING/Proyecto/pc-tesis/dataset_parser/scripts/compress/output/[6]noaa-spc-reports/apca/noaa_spc-wind.c.cpp.csv
-> size (bytes): 184,191
-> 24.08% of original


RESULTS
--------------------------(same file!)
CoderAPCA
ORIGINAL FILE:
-> name: /home/pablo/Documents/FING/Proyecto/datasets-csv/[6]noaa-spc-reports/wind/noaa_spc-wind.csv
-> size (bytes): 765,001
COMPRESSED FILE:
-> name: /home/pablo/Documents/FING/Proyecto/pc-tesis/dataset_parser/scripts/compress/output/[6]noaa-spc-reports/apca/noaa_spc-wind.c.cpp.csv
-> size (bytes): 189,056
-> 24.71% of original


RESULTS
--------------------------(same file!)
CoderAPCA
ORIGINAL FILE:
-> name: /home/pablo/Documents/FING/Proyecto/datasets-csv/[6]noaa-spc-reports/wind/noaa_spc-wind.csv
-> size (bytes): 765,001
COMPRESSED FILE:
-> name: /home/pablo/Documents/FING/Proyecto/pc-tesis/dataset_parser/scripts/compress/output/[6]noaa-spc-reports/apca/noaa_spc-wind.c.cpp.csv
-> size (bytes): 194,095
-> 25.37% of original


RESULTS
--------------------------(same file!)
CoderAPCA
ORIGINAL FILE:
-> name: /home/pablo/Documents/FING/Proyecto/datasets-csv/[6]noaa-spc-reports/wind/noaa_spc-wind.csv
-> size (bytes): 765,001
COMPRESSED FILE:
-> name: /home/pablo/Documents/FING/Proyecto/pc-tesis/dataset_parser/scripts/compress/output/[6]noaa-spc-reports/apca/noaa_spc-wind.c.cpp.csv
-> size (bytes): 178,770
-> 23.37% of original


RESULTS
--------------------------(same file!)
CoderAPCA
ORIGINAL FILE:
-> name: /home/pablo/Documents/FING/Proyecto/datasets-csv/[6]noaa-spc-reports/wind/noaa_spc-wind.csv
-> size (bytes): 765,001
COMPRESSED FILE:
-> name: /home/pablo/Documents/FING/Proyecto/pc-tesis/dataset_parser/scripts/compress/output/[6]noaa-spc-reports/apca/noaa_spc-wind.c.cpp.csv
-> size (bytes): 170,242
-> 22.25% of original


RESULTS
--------------------------(same file!)
CoderAPCA
ORIGINAL FILE:
-> name: /home/pablo/Documents/FING/Proyecto/datasets-csv/[6]noaa-spc-reports/wind/noaa_spc-wind.csv
-> size (bytes): 765,001
COMPRESSED FILE:
-> name: /home/pablo/Documents/FING/Proyecto/pc-tesis/dataset_parser/scripts/compress/output/[6]noaa-spc-reports/apca/noaa_spc-wind.c.cpp.csv
-> size (bytes): 168,817
-> 22.07% of original


RESULTS
--------------------------(same file!)
CoderAPCA
ORIGINAL FILE:
-> name: /home/pablo/Documents/FING/Proyecto/datasets-csv/[6]noaa-spc-reports/wind/noaa_spc-wind.csv
-> size (bytes): 765,001
COMPRESSED FILE:
-> name: /home/pablo/Documents/FING/Proyecto/pc-tesis/dataset_parser/scripts/compress/output/[6]noaa-spc-reports/apca/noaa_spc-wind.c.cpp.csv
-> size (bytes): 172,178
-> 22.51% of original


RESULTS
--------------------------(same file!)
CoderAPCA
ORIGINAL FILE:
-> name: /home/pablo/Documents/FING/Proyecto/datasets-csv/[6]noaa-spc-reports/wind/noaa_spc-wind.csv
-> size (bytes): 765,001
COMPRESSED FILE:
-> name: /home/pablo/Documents/FING/Proyecto/pc-tesis/dataset_parser/scripts/compress/output/[6]noaa-spc-reports/apca/noaa_spc-wind.c.cpp.csv
-> size (bytes): 176,373
-> 23.06% of original


RESULTS
--------------------------(same file!)
CoderAPCA
ORIGINAL FILE:
-> name: /home/pablo/Documents/FING/Proyecto/datasets-csv/[6]noaa-spc-reports/wind/noaa_spc-wind.csv
-> size (bytes): 765,001
COMPRESSED FILE:
-> name: /home/pablo/Documents/FING/Proyecto/pc-tesis/dataset_parser/scripts/compress/output/[6]noaa-spc-reports/apca/noaa_spc-wind.c.cpp.csv
-> size (bytes): 180,784
-> 23.63% of original


RESULTS
--------------------------(same file!)
CoderAPCA
ORIGINAL FILE:
-> name: /home/pablo/Documents/FING/Proyecto/datasets-csv/[6]noaa-spc-reports/wind/noaa_spc-wind.csv
-> size (bytes): 765,001
COMPRESSED FILE:
-> name: /home/pablo/Documents/FING/Proyecto/pc-tesis/dataset_parser/scripts/compress/output/[6]noaa-spc-reports/apca/noaa_spc-wind.c.cpp.csv
-> size (bytes): 168,509
-> 22.03% of original


RESULTS
--------------------------(same file!)
CoderAPCA
ORIGINAL FILE:
-> name: /home/pablo/Documents/FING/Proyecto/datasets-csv/[6]noaa-spc-reports/wind/noaa_spc-wind.csv
-> size (bytes): 765,001
COMPRESSED FILE:
-> name: /home/pablo/Documents/FING/Proyecto/pc-tesis/dataset_parser/scripts/compress/output/[6]noaa-spc-reports/apca/noaa_spc-wind.c.cpp.csv
-> size (bytes): 157,227
-> 20.55% of original


RESULTS
--------------------------(same file!)
CoderAPCA
ORIGINAL FILE:
-> name: /home/pablo/Documents/FING/Proyecto/datasets-csv/[6]noaa-spc-reports/wind/noaa_spc-wind.csv
-> size (bytes): 765,001
COMPRESSED FILE:
-> name: /home/pablo/Documents/FING/Proyecto/pc-tesis/dataset_parser/scripts/compress/output/[6]noaa-spc-reports/apca/noaa_spc-wind.c.cpp.csv
-> size (bytes): 153,480
-> 20.06% of original


RESULTS
--------------------------(same file!)
CoderAPCA
ORIGINAL FILE:
-> name: /home/pablo/Documents/FING/Proyecto/datasets-csv/[6]noaa-spc-reports/wind/noaa_spc-wind.csv
-> size (bytes): 765,001
COMPRESSED FILE:
-> name: /home/pablo/Documents/FING/Proyecto/pc-tesis/dataset_parser/scripts/compress/output/[6]noaa-spc-reports/apca/noaa_spc-wind.c.cpp.csv
-> size (bytes): 155,428
-> 20.32% of original


RESULTS
--------------------------(same file!)
CoderAPCA
ORIGINAL FILE:
-> name: /home/pablo/Documents/FING/Proyecto/datasets-csv/[6]noaa-spc-reports/wind/noaa_spc-wind.csv
-> size (bytes): 765,001
COMPRESSED FILE:
-> name: /home/pablo/Documents/FING/Proyecto/pc-tesis/dataset_parser/scripts/compress/output/[6]noaa-spc-reports/apca/noaa_spc-wind.c.cpp.csv
-> size (bytes): 158,587
-> 20.73% of original


RESULTS
--------------------------(same file!)
CoderAPCA
ORIGINAL FILE:
-> name: /home/pablo/Documents/FING/Proyecto/datasets-csv/[6]noaa-spc-reports/wind/noaa_spc-wind.csv
-> size (bytes): 765,001
COMPRESSED FILE:
-> name: /home/pablo/Documents/FING/Proyecto/pc-tesis/dataset_parser/scripts/compress/output/[6]noaa-spc-reports/apca/noaa_spc-wind.c.cpp.csv
-> size (bytes): 162,090
-> 21.19% of original


RESULTS
--------------------------(same file!)
CoderGAMPS
ORIGINAL FILE:
-> name: /home/pablo/Documents/FING/Proyecto/datasets-csv/[6]noaa-spc-reports/wind/noaa_spc-wind.csv
-> size (bytes): 765,001
COMPRESSED FILE:
-> name: /home/pablo/Documents/FING/Proyecto/pc-tesis/dataset_parser/scripts/compress/output/[6]noaa-spc-reports/gamps/noaa_spc-wind.c.cpp.csv
-> size (bytes): 312,881
-> 40.9% of original


RESULTS
--------------------------(same file!)
CoderGAMPS
ORIGINAL FILE:
-> name: /home/pablo/Documents/FING/Proyecto/datasets-csv/[6]noaa-spc-reports/wind/noaa_spc-wind.csv
-> size (bytes): 765,001
COMPRESSED FILE:
-> name: /home/pablo/Documents/FING/Proyecto/pc-tesis/dataset_parser/scripts/compress/output/[6]noaa-spc-reports/gamps/noaa_spc-wind.c.cpp.csv
-> size (bytes): 326,946
-> 42.74% of original


RESULTS
--------------------------(same file!)
CoderGAMPS
ORIGINAL FILE:
-> name: /home/pablo/Documents/FING/Proyecto/datasets-csv/[6]noaa-spc-reports/wind/noaa_spc-wind.csv
-> size (bytes): 765,001
COMPRESSED FILE:
-> name: /home/pablo/Documents/FING/Proyecto/pc-tesis/dataset_parser/scripts/compress/output/[6]noaa-spc-reports/gamps/noaa_spc-wind.c.cpp.csv
-> size (bytes): 341,069
-> 44.58% of original


RESULTS
--------------------------(same file!)
CoderGAMPS
ORIGINAL FILE:
-> name: /home/pablo/Documents/FING/Proyecto/datasets-csv/[6]noaa-spc-reports/wind/noaa_spc-wind.csv
-> size (bytes): 765,001
COMPRESSED FILE:
-> name: /home/pablo/Documents/FING/Proyecto/pc-tesis/dataset_parser/scripts/compress/output/[6]noaa-spc-reports/gamps/noaa_spc-wind.c.cpp.csv
-> size (bytes): 355,191
-> 46.43% of original


RESULTS
--------------------------(same file!)
CoderGAMPS
ORIGINAL FILE:
-> name: /home/pablo/Documents/FING/Proyecto/datasets-csv/[6]noaa-spc-reports/wind/noaa_spc-wind.csv
-> size (bytes): 765,001
COMPRESSED FILE:
-> name: /home/pablo/Documents/FING/Proyecto/pc-tesis/dataset_parser/scripts/compress/output/[6]noaa-spc-reports/gamps/noaa_spc-wind.c.cpp.csv
-> size (bytes): 369,314
-> 48.28% of original


RESULTS
--------------------------(same file!)
CoderGAMPS
ORIGINAL FILE:
-> name: /home/pablo/Documents/FING/Proyecto/datasets-csv/[6]noaa-spc-reports/wind/noaa_spc-wind.csv
-> size (bytes): 765,001
COMPRESSED FILE:
-> name: /home/pablo/Documents/FING/Proyecto/pc-tesis/dataset_parser/scripts/compress/output/[6]noaa-spc-reports/gamps/noaa_spc-wind.c.cpp.csv
-> size (bytes): 383,437
-> 50.12% of original


RESULTS
--------------------------(same file!)
CoderGAMPS
ORIGINAL FILE:
-> name: /home/pablo/Documents/FING/Proyecto/datasets-csv/[6]noaa-spc-reports/wind/noaa_spc-wind.csv
-> size (bytes): 765,001
COMPRESSED FILE:
-> name: /home/pablo/Documents/FING/Proyecto/pc-tesis/dataset_parser/scripts/compress/output/[6]noaa-spc-reports/gamps/noaa_spc-wind.c.cpp.csv
-> size (bytes): 270,590
-> 35.37% of original


RESULTS
--------------------------(same file!)
CoderGAMPS
ORIGINAL FILE:
-> name: /home/pablo/Documents/FING/Proyecto/datasets-csv/[6]noaa-spc-reports/wind/noaa_spc-wind.csv
-> size (bytes): 765,001
COMPRESSED FILE:
-> name: /home/pablo/Documents/FING/Proyecto/pc-tesis/dataset_parser/scripts/compress/output/[6]noaa-spc-reports/gamps/noaa_spc-wind.c.cpp.csv
-> size (bytes): 280,583
-> 36.68% of original


RESULTS
--------------------------(same file!)
CoderGAMPS
ORIGINAL FILE:
-> name: /home/pablo/Documents/FING/Proyecto/datasets-csv/[6]noaa-spc-reports/wind/noaa_spc-wind.csv
-> size (bytes): 765,001
COMPRESSED FILE:
-> name: /home/pablo/Documents/FING/Proyecto/pc-tesis/dataset_parser/scripts/compress/output/[6]noaa-spc-reports/gamps/noaa_spc-wind.c.cpp.csv
-> size (bytes): 291,766
-> 38.14% of original


RESULTS
--------------------------(same file!)
CoderGAMPS
ORIGINAL FILE:
-> name: /home/pablo/Documents/FING/Proyecto/datasets-csv/[6]noaa-spc-reports/wind/noaa_spc-wind.csv
-> size (bytes): 765,001
COMPRESSED FILE:
-> name: /home/pablo/Documents/FING/Proyecto/pc-tesis/dataset_parser/scripts/compress/output/[6]noaa-spc-reports/gamps/noaa_spc-wind.c.cpp.csv
-> size (bytes): 303,059
-> 39.62% of original


RESULTS
--------------------------(same file!)
CoderGAMPS
ORIGINAL FILE:
-> name: /home/pablo/Documents/FING/Proyecto/datasets-csv/[6]noaa-spc-reports/wind/noaa_spc-wind.csv
-> size (bytes): 765,001
COMPRESSED FILE:
-> name: /home/pablo/Documents/FING/Proyecto/pc-tesis/dataset_parser/scripts/compress/output/[6]noaa-spc-reports/gamps/noaa_spc-wind.c.cpp.csv
-> size (bytes): 314,351
-> 41.09% of original


RESULTS
--------------------------(same file!)
CoderGAMPS
ORIGINAL FILE:
-> name: /home/pablo/Documents/FING/Proyecto/datasets-csv/[6]noaa-spc-reports/wind/noaa_spc-wind.csv
-> size (bytes): 765,001
COMPRESSED FILE:
-> name: /home/pablo/Documents/FING/Proyecto/pc-tesis/dataset_parser/scripts/compress/output/[6]noaa-spc-reports/gamps/noaa_spc-wind.c.cpp.csv
-> size (bytes): 325,644
-> 42.57% of original


RESULTS
--------------------------(same file!)
CoderGAMPS
ORIGINAL FILE:
-> name: /home/pablo/Documents/FING/Proyecto/datasets-csv/[6]noaa-spc-reports/wind/noaa_spc-wind.csv
-> size (bytes): 765,001
COMPRESSED FILE:
-> name: /home/pablo/Documents/FING/Proyecto/pc-tesis/dataset_parser/scripts/compress/output/[6]noaa-spc-reports/gamps/noaa_spc-wind.c.cpp.csv
-> size (bytes): 247,142
-> 32.31% of original


RESULTS
--------------------------(same file!)
CoderGAMPS
ORIGINAL FILE:
-> name: /home/pablo/Documents/FING/Proyecto/datasets-csv/[6]noaa-spc-reports/wind/noaa_spc-wind.csv
-> size (bytes): 765,001
COMPRESSED FILE:
-> name: /home/pablo/Documents/FING/Proyecto/pc-tesis/dataset_parser/scripts/compress/output/[6]noaa-spc-reports/gamps/noaa_spc-wind.c.cpp.csv
-> size (bytes): 253,232
-> 33.1% of original


RESULTS
--------------------------(same file!)
CoderGAMPS
ORIGINAL FILE:
-> name: /home/pablo/Documents/FING/Proyecto/datasets-csv/[6]noaa-spc-reports/wind/noaa_spc-wind.csv
-> size (bytes): 765,001
COMPRESSED FILE:
-> name: /home/pablo/Documents/FING/Proyecto/pc-tesis/dataset_parser/scripts/compress/output/[6]noaa-spc-reports/gamps/noaa_spc-wind.c.cpp.csv
-> size (bytes): 262,185
-> 34.27% of original


RESULTS
--------------------------(same file!)
CoderGAMPS
ORIGINAL FILE:
-> name: /home/pablo/Documents/FING/Proyecto/datasets-csv/[6]noaa-spc-reports/wind/noaa_spc-wind.csv
-> size (bytes): 765,001
COMPRESSED FILE:
-> name: /home/pablo/Documents/FING/Proyecto/pc-tesis/dataset_parser/scripts/compress/output/[6]noaa-spc-reports/gamps/noaa_spc-wind.c.cpp.csv
-> size (bytes): 271,812
-> 35.53% of original


RESULTS
--------------------------(same file!)
CoderGAMPS
ORIGINAL FILE:
-> name: /home/pablo/Documents/FING/Proyecto/datasets-csv/[6]noaa-spc-reports/wind/noaa_spc-wind.csv
-> size (bytes): 765,001
COMPRESSED FILE:
-> name: /home/pablo/Documents/FING/Proyecto/pc-tesis/dataset_parser/scripts/compress/output/[6]noaa-spc-reports/gamps/noaa_spc-wind.c.cpp.csv
-> size (bytes): 281,454
-> 36.79% of original


RESULTS
--------------------------(same file!)
CoderGAMPS
ORIGINAL FILE:
-> name: /home/pablo/Documents/FING/Proyecto/datasets-csv/[6]noaa-spc-reports/wind/noaa_spc-wind.csv
-> size (bytes): 765,001
COMPRESSED FILE:
-> name: /home/pablo/Documents/FING/Proyecto/pc-tesis/dataset_parser/scripts/compress/output/[6]noaa-spc-reports/gamps/noaa_spc-wind.c.cpp.csv
-> size (bytes): 291,096
-> 38.05% of original


RESULTS
--------------------------(same file!)
CoderGAMPS
ORIGINAL FILE:
-> name: /home/pablo/Documents/FING/Proyecto/datasets-csv/[6]noaa-spc-reports/wind/noaa_spc-wind.csv
-> size (bytes): 765,001
COMPRESSED FILE:
-> name: /home/pablo/Documents/FING/Proyecto/pc-tesis/dataset_parser/scripts/compress/output/[6]noaa-spc-reports/gamps/noaa_spc-wind.c.cpp.csv
-> size (bytes): 234,389
-> 30.64% of original


RESULTS
--------------------------(same file!)
CoderGAMPS
ORIGINAL FILE:
-> name: /home/pablo/Documents/FING/Proyecto/datasets-csv/[6]noaa-spc-reports/wind/noaa_spc-wind.csv
-> size (bytes): 765,001
COMPRESSED FILE:
-> name: /home/pablo/Documents/FING/Proyecto/pc-tesis/dataset_parser/scripts/compress/output/[6]noaa-spc-reports/gamps/noaa_spc-wind.c.cpp.csv
-> size (bytes): 238,289
-> 31.15% of original


RESULTS
--------------------------(same file!)
CoderGAMPS
ORIGINAL FILE:
-> name: /home/pablo/Documents/FING/Proyecto/datasets-csv/[6]noaa-spc-reports/wind/noaa_spc-wind.csv
-> size (bytes): 765,001
COMPRESSED FILE:
-> name: /home/pablo/Documents/FING/Proyecto/pc-tesis/dataset_parser/scripts/compress/output/[6]noaa-spc-reports/gamps/noaa_spc-wind.c.cpp.csv
-> size (bytes): 246,019
-> 32.16% of original


RESULTS
--------------------------(same file!)
CoderGAMPS
ORIGINAL FILE:
-> name: /home/pablo/Documents/FING/Proyecto/datasets-csv/[6]noaa-spc-reports/wind/noaa_spc-wind.csv
-> size (bytes): 765,001
COMPRESSED FILE:
-> name: /home/pablo/Documents/FING/Proyecto/pc-tesis/dataset_parser/scripts/compress/output/[6]noaa-spc-reports/gamps/noaa_spc-wind.c.cpp.csv
-> size (bytes): 254,723
-> 33.3% of original


RESULTS
--------------------------(same file!)
CoderGAMPS
ORIGINAL FILE:
-> name: /home/pablo/Documents/FING/Proyecto/datasets-csv/[6]noaa-spc-reports/wind/noaa_spc-wind.csv
-> size (bytes): 765,001
COMPRESSED FILE:
-> name: /home/pablo/Documents/FING/Proyecto/pc-tesis/dataset_parser/scripts/compress/output/[6]noaa-spc-reports/gamps/noaa_spc-wind.c.cpp.csv
-> size (bytes): 263,470
-> 34.44% of original


RESULTS
--------------------------(same file!)
CoderGAMPS
ORIGINAL FILE:
-> name: /home/pablo/Documents/FING/Proyecto/datasets-csv/[6]noaa-spc-reports/wind/noaa_spc-wind.csv
-> size (bytes): 765,001
COMPRESSED FILE:
-> name: /home/pablo/Documents/FING/Proyecto/pc-tesis/dataset_parser/scripts/compress/output/[6]noaa-spc-reports/gamps/noaa_spc-wind.c.cpp.csv
-> size (bytes): 272,216
-> 35.58% of original


RESULTS
--------------------------(same file!)
CoderGAMPS
ORIGINAL FILE:
-> name: /home/pablo/Documents/FING/Proyecto/datasets-csv/[6]noaa-spc-reports/wind/noaa_spc-wind.csv
-> size (bytes): 765,001
COMPRESSED FILE:
-> name: /home/pablo/Documents/FING/Proyecto/pc-tesis/dataset_parser/scripts/compress/output/[6]noaa-spc-reports/gamps/noaa_spc-wind.c.cpp.csv
-> size (bytes): 215,678
-> 28.19% of original


RESULTS
--------------------------(same file!)
CoderGAMPS
ORIGINAL FILE:
-> name: /home/pablo/Documents/FING/Proyecto/datasets-csv/[6]noaa-spc-reports/wind/noaa_spc-wind.csv
-> size (bytes): 765,001
COMPRESSED FILE:
-> name: /home/pablo/Documents/FING/Proyecto/pc-tesis/dataset_parser/scripts/compress/output/[6]noaa-spc-reports/gamps/noaa_spc-wind.c.cpp.csv
-> size (bytes): 216,528
-> 28.3% of original


RESULTS
--------------------------(same file!)
CoderGAMPS
ORIGINAL FILE:
-> name: /home/pablo/Documents/FING/Proyecto/datasets-csv/[6]noaa-spc-reports/wind/noaa_spc-wind.csv
-> size (bytes): 765,001
COMPRESSED FILE:
-> name: /home/pablo/Documents/FING/Proyecto/pc-tesis/dataset_parser/scripts/compress/output/[6]noaa-spc-reports/gamps/noaa_spc-wind.c.cpp.csv
-> size (bytes): 221,968
-> 29.02% of original


RESULTS
--------------------------(same file!)
CoderGAMPS
ORIGINAL FILE:
-> name: /home/pablo/Documents/FING/Proyecto/datasets-csv/[6]noaa-spc-reports/wind/noaa_spc-wind.csv
-> size (bytes): 765,001
COMPRESSED FILE:
-> name: /home/pablo/Documents/FING/Proyecto/pc-tesis/dataset_parser/scripts/compress/output/[6]noaa-spc-reports/gamps/noaa_spc-wind.c.cpp.csv
-> size (bytes): 229,176
-> 29.96% of original


RESULTS
--------------------------(same file!)
CoderGAMPS
ORIGINAL FILE:
-> name: /home/pablo/Documents/FING/Proyecto/datasets-csv/[6]noaa-spc-reports/wind/noaa_spc-wind.csv
-> size (bytes): 765,001
COMPRESSED FILE:
-> name: /home/pablo/Documents/FING/Proyecto/pc-tesis/dataset_parser/scripts/compress/output/[6]noaa-spc-reports/gamps/noaa_spc-wind.c.cpp.csv
-> size (bytes): 236,568
-> 30.92% of original


RESULTS
--------------------------(same file!)
CoderGAMPS
ORIGINAL FILE:
-> name: /home/pablo/Documents/FING/Proyecto/datasets-csv/[6]noaa-spc-reports/wind/noaa_spc-wind.csv
-> size (bytes): 765,001
COMPRESSED FILE:
-> name: /home/pablo/Documents/FING/Proyecto/pc-tesis/dataset_parser/scripts/compress/output/[6]noaa-spc-reports/gamps/noaa_spc-wind.c.cpp.csv
-> size (bytes): 243,979
-> 31.89% of original


RESULTS
--------------------------(same file!)
CoderGAMPS
ORIGINAL FILE:
-> name: /home/pablo/Documents/FING/Proyecto/datasets-csv/[6]noaa-spc-reports/wind/noaa_spc-wind.csv
-> size (bytes): 765,001
COMPRESSED FILE:
-> name: /home/pablo/Documents/FING/Proyecto/pc-tesis/dataset_parser/scripts/compress/output/[6]noaa-spc-reports/gamps/noaa_spc-wind.c.cpp.csv
-> size (bytes): 204,285
-> 26.7% of original


RESULTS
--------------------------(same file!)
CoderGAMPS
ORIGINAL FILE:
-> name: /home/pablo/Documents/FING/Proyecto/datasets-csv/[6]noaa-spc-reports/wind/noaa_spc-wind.csv
-> size (bytes): 765,001
COMPRESSED FILE:
-> name: /home/pablo/Documents/FING/Proyecto/pc-tesis/dataset_parser/scripts/compress/output/[6]noaa-spc-reports/gamps/noaa_spc-wind.c.cpp.csv
-> size (bytes): 202,170
-> 26.43% of original


RESULTS
--------------------------(same file!)
CoderGAMPS
ORIGINAL FILE:
-> name: /home/pablo/Documents/FING/Proyecto/datasets-csv/[6]noaa-spc-reports/wind/noaa_spc-wind.csv
-> size (bytes): 765,001
COMPRESSED FILE:
-> name: /home/pablo/Documents/FING/Proyecto/pc-tesis/dataset_parser/scripts/compress/output/[6]noaa-spc-reports/gamps/noaa_spc-wind.c.cpp.csv
-> size (bytes): 205,732
-> 26.89% of original


RESULTS
--------------------------(same file!)
CoderGAMPS
ORIGINAL FILE:
-> name: /home/pablo/Documents/FING/Proyecto/datasets-csv/[6]noaa-spc-reports/wind/noaa_spc-wind.csv
-> size (bytes): 765,001
COMPRESSED FILE:
-> name: /home/pablo/Documents/FING/Proyecto/pc-tesis/dataset_parser/scripts/compress/output/[6]noaa-spc-reports/gamps/noaa_spc-wind.c.cpp.csv
-> size (bytes): 211,893
-> 27.7% of original


RESULTS
--------------------------(same file!)
CoderGAMPS
ORIGINAL FILE:
-> name: /home/pablo/Documents/FING/Proyecto/datasets-csv/[6]noaa-spc-reports/wind/noaa_spc-wind.csv
-> size (bytes): 765,001
COMPRESSED FILE:
-> name: /home/pablo/Documents/FING/Proyecto/pc-tesis/dataset_parser/scripts/compress/output/[6]noaa-spc-reports/gamps/noaa_spc-wind.c.cpp.csv
-> size (bytes): 218,358
-> 28.54% of original


RESULTS
--------------------------(same file!)
CoderGAMPS
ORIGINAL FILE:
-> name: /home/pablo/Documents/FING/Proyecto/datasets-csv/[6]noaa-spc-reports/wind/noaa_spc-wind.csv
-> size (bytes): 765,001
COMPRESSED FILE:
-> name: /home/pablo/Documents/FING/Proyecto/pc-tesis/dataset_parser/scripts/compress/output/[6]noaa-spc-reports/gamps/noaa_spc-wind.c.cpp.csv
-> size (bytes): 224,863
-> 29.39% of original


RESULTS
--------------------------(same file!)
CoderGAMPS
ORIGINAL FILE:
-> name: /home/pablo/Documents/FING/Proyecto/datasets-csv/[6]noaa-spc-reports/wind/noaa_spc-wind.csv
-> size (bytes): 765,001
COMPRESSED FILE:
-> name: /home/pablo/Documents/FING/Proyecto/pc-tesis/dataset_parser/scripts/compress/output/[6]noaa-spc-reports/gamps/noaa_spc-wind.c.cpp.csv
-> size (bytes): 197,008
-> 25.75% of original


RESULTS
--------------------------(same file!)
CoderGAMPS
ORIGINAL FILE:
-> name: /home/pablo/Documents/FING/Proyecto/datasets-csv/[6]noaa-spc-reports/wind/noaa_spc-wind.csv
-> size (bytes): 765,001
COMPRESSED FILE:
-> name: /home/pablo/Documents/FING/Proyecto/pc-tesis/dataset_parser/scripts/compress/output/[6]noaa-spc-reports/gamps/noaa_spc-wind.c.cpp.csv
-> size (bytes): 193,222
-> 25.26% of original


RESULTS
--------------------------(same file!)
CoderGAMPS
ORIGINAL FILE:
-> name: /home/pablo/Documents/FING/Proyecto/datasets-csv/[6]noaa-spc-reports/wind/noaa_spc-wind.csv
-> size (bytes): 765,001
COMPRESSED FILE:
-> name: /home/pablo/Documents/FING/Proyecto/pc-tesis/dataset_parser/scripts/compress/output/[6]noaa-spc-reports/gamps/noaa_spc-wind.c.cpp.csv
-> size (bytes): 195,448
-> 25.55% of original


RESULTS
--------------------------(same file!)
CoderGAMPS
ORIGINAL FILE:
-> name: /home/pablo/Documents/FING/Proyecto/datasets-csv/[6]noaa-spc-reports/wind/noaa_spc-wind.csv
-> size (bytes): 765,001
COMPRESSED FILE:
-> name: /home/pablo/Documents/FING/Proyecto/pc-tesis/dataset_parser/scripts/compress/output/[6]noaa-spc-reports/gamps/noaa_spc-wind.c.cpp.csv
-> size (bytes): 200,835
-> 26.25% of original


RESULTS
--------------------------(same file!)
CoderGAMPS
ORIGINAL FILE:
-> name: /home/pablo/Documents/FING/Proyecto/datasets-csv/[6]noaa-spc-reports/wind/noaa_spc-wind.csv
-> size (bytes): 765,001
COMPRESSED FILE:
-> name: /home/pablo/Documents/FING/Proyecto/pc-tesis/dataset_parser/scripts/compress/output/[6]noaa-spc-reports/gamps/noaa_spc-wind.c.cpp.csv
-> size (bytes): 206,659
-> 27.01% of original


RESULTS
--------------------------(same file!)
CoderGAMPS
ORIGINAL FILE:
-> name: /home/pablo/Documents/FING/Proyecto/datasets-csv/[6]noaa-spc-reports/wind/noaa_spc-wind.csv
-> size (bytes): 765,001
COMPRESSED FILE:
-> name: /home/pablo/Documents/FING/Proyecto/pc-tesis/dataset_parser/scripts/compress/output/[6]noaa-spc-reports/gamps/noaa_spc-wind.c.cpp.csv
-> size (bytes): 212,582
-> 27.79% of original


RESULTS
--------------------------(same file!)
CoderGAMPS
ORIGINAL FILE:
-> name: /home/pablo/Documents/FING/Proyecto/datasets-csv/[6]noaa-spc-reports/wind/noaa_spc-wind.csv
-> size (bytes): 765,001
COMPRESSED FILE:
-> name: /home/pablo/Documents/FING/Proyecto/pc-tesis/dataset_parser/scripts/compress/output/[6]noaa-spc-reports/gamps/noaa_spc-wind.c.cpp.csv
-> size (bytes): 186,331
-> 24.36% of original


RESULTS
--------------------------(same file!)
CoderGAMPS
ORIGINAL FILE:
-> name: /home/pablo/Documents/FING/Proyecto/datasets-csv/[6]noaa-spc-reports/wind/noaa_spc-wind.csv
-> size (bytes): 765,001
COMPRESSED FILE:
-> name: /home/pablo/Documents/FING/Proyecto/pc-tesis/dataset_parser/scripts/compress/output/[6]noaa-spc-reports/gamps/noaa_spc-wind.c.cpp.csv
-> size (bytes): 179,834
-> 23.51% of original


RESULTS
--------------------------(same file!)
CoderGAMPS
ORIGINAL FILE:
-> name: /home/pablo/Documents/FING/Proyecto/datasets-csv/[6]noaa-spc-reports/wind/noaa_spc-wind.csv
-> size (bytes): 765,001
COMPRESSED FILE:
-> name: /home/pablo/Documents/FING/Proyecto/pc-tesis/dataset_parser/scripts/compress/output/[6]noaa-spc-reports/gamps/noaa_spc-wind.c.cpp.csv
-> size (bytes): 179,886
-> 23.51% of original


RESULTS
--------------------------(same file!)
CoderGAMPS
ORIGINAL FILE:
-> name: /home/pablo/Documents/FING/Proyecto/datasets-csv/[6]noaa-spc-reports/wind/noaa_spc-wind.csv
-> size (bytes): 765,001
COMPRESSED FILE:
-> name: /home/pablo/Documents/FING/Proyecto/pc-tesis/dataset_parser/scripts/compress/output/[6]noaa-spc-reports/gamps/noaa_spc-wind.c.cpp.csv
-> size (bytes): 184,072
-> 24.06% of original


RESULTS
--------------------------(same file!)
CoderGAMPS
ORIGINAL FILE:
-> name: /home/pablo/Documents/FING/Proyecto/datasets-csv/[6]noaa-spc-reports/wind/noaa_spc-wind.csv
-> size (bytes): 765,001
COMPRESSED FILE:
-> name: /home/pablo/Documents/FING/Proyecto/pc-tesis/dataset_parser/scripts/compress/output/[6]noaa-spc-reports/gamps/noaa_spc-wind.c.cpp.csv
-> size (bytes): 188,934
-> 24.7% of original


RESULTS
--------------------------(same file!)
CoderGAMPS
ORIGINAL FILE:
-> name: /home/pablo/Documents/FING/Proyecto/datasets-csv/[6]noaa-spc-reports/wind/noaa_spc-wind.csv
-> size (bytes): 765,001
COMPRESSED FILE:
-> name: /home/pablo/Documents/FING/Proyecto/pc-tesis/dataset_parser/scripts/compress/output/[6]noaa-spc-reports/gamps/noaa_spc-wind.c.cpp.csv
-> size (bytes): 193,967
-> 25.36% of original

