
RESULTS
--------------------------(same file!)
CoderBase
ORIGINAL FILE:
-> name: /Users/pablocerve/Documents/FING/Proyecto/datasets-csv/[3]noaa-adcp/2015/noaa-adcp-201501.csv
-> size (bytes): 1,298,980
COMPRESSED FILE:
-> name: /Users/pablocerve/Documents/FING/Proyecto/pc-tesis/dataset_parser/scripts/output/[3]noaa-adcp/basic/noaa-adcp-201501.c.cpp.csv
-> size (bytes): 645,023
-> 49.66% of original


RESULTS
--------------------------(same file!)
CoderBase
ORIGINAL FILE:
-> name: /Users/pablocerve/Documents/FING/Proyecto/datasets-csv/[3]noaa-adcp/2015/noaa-adcp-201502.csv
-> size (bytes): 1,183,923
COMPRESSED FILE:
-> name: /Users/pablocerve/Documents/FING/Proyecto/pc-tesis/dataset_parser/scripts/output/[3]noaa-adcp/basic/noaa-adcp-201502.c.cpp.csv
-> size (bytes): 583,634
-> 49.3% of original


RESULTS
--------------------------(same file!)
CoderBase
ORIGINAL FILE:
-> name: /Users/pablocerve/Documents/FING/Proyecto/datasets-csv/[3]noaa-adcp/2015/noaa-adcp-201503.csv
-> size (bytes): 1,317,537
COMPRESSED FILE:
-> name: /Users/pablocerve/Documents/FING/Proyecto/pc-tesis/dataset_parser/scripts/output/[3]noaa-adcp/basic/noaa-adcp-201503.c.cpp.csv
-> size (bytes): 645,023
-> 48.96% of original


RESULTS
--------------------------(same file!)
CoderBase
ORIGINAL FILE:
-> name: /Users/pablocerve/Documents/FING/Proyecto/datasets-csv/[3]noaa-adcp/2015/noaa-adcp-201504.csv
-> size (bytes): 1,288,200
COMPRESSED FILE:
-> name: /Users/pablocerve/Documents/FING/Proyecto/pc-tesis/dataset_parser/scripts/output/[3]noaa-adcp/basic/noaa-adcp-201504.c.cpp.csv
-> size (bytes): 624,560
-> 48.48% of original


RESULTS
--------------------------(same file!)
CoderBase
ORIGINAL FILE:
-> name: /Users/pablocerve/Documents/FING/Proyecto/datasets-csv/[3]noaa-adcp/2015/noaa-adcp-201505.csv
-> size (bytes): 1,331,516
COMPRESSED FILE:
-> name: /Users/pablocerve/Documents/FING/Proyecto/pc-tesis/dataset_parser/scripts/output/[3]noaa-adcp/basic/noaa-adcp-201505.c.cpp.csv
-> size (bytes): 645,023
-> 48.44% of original


RESULTS
--------------------------(same file!)
CoderBase
ORIGINAL FILE:
-> name: /Users/pablocerve/Documents/FING/Proyecto/datasets-csv/[3]noaa-adcp/2015/noaa-adcp-201506.csv
-> size (bytes): 1,289,813
COMPRESSED FILE:
-> name: /Users/pablocerve/Documents/FING/Proyecto/pc-tesis/dataset_parser/scripts/output/[3]noaa-adcp/basic/noaa-adcp-201506.c.cpp.csv
-> size (bytes): 624,560
-> 48.42% of original


RESULTS
--------------------------(same file!)
CoderBase
ORIGINAL FILE:
-> name: /Users/pablocerve/Documents/FING/Proyecto/datasets-csv/[3]noaa-adcp/2015/noaa-adcp-201507.csv
-> size (bytes): 1,333,208
COMPRESSED FILE:
-> name: /Users/pablocerve/Documents/FING/Proyecto/pc-tesis/dataset_parser/scripts/output/[3]noaa-adcp/basic/noaa-adcp-201507.c.cpp.csv
-> size (bytes): 645,023
-> 48.38% of original


RESULTS
--------------------------(same file!)
CoderBase
ORIGINAL FILE:
-> name: /Users/pablocerve/Documents/FING/Proyecto/datasets-csv/[3]noaa-adcp/2015/noaa-adcp-201508.csv
-> size (bytes): 1,340,211
COMPRESSED FILE:
-> name: /Users/pablocerve/Documents/FING/Proyecto/pc-tesis/dataset_parser/scripts/output/[3]noaa-adcp/basic/noaa-adcp-201508.c.cpp.csv
-> size (bytes): 645,023
-> 48.13% of original


RESULTS
--------------------------(same file!)
CoderBase
ORIGINAL FILE:
-> name: /Users/pablocerve/Documents/FING/Proyecto/datasets-csv/[3]noaa-adcp/2015/noaa-adcp-201509.csv
-> size (bytes): 1,295,607
COMPRESSED FILE:
-> name: /Users/pablocerve/Documents/FING/Proyecto/pc-tesis/dataset_parser/scripts/output/[3]noaa-adcp/basic/noaa-adcp-201509.c.cpp.csv
-> size (bytes): 624,560
-> 48.21% of original


RESULTS
--------------------------(same file!)
CoderBase
ORIGINAL FILE:
-> name: /Users/pablocerve/Documents/FING/Proyecto/datasets-csv/[3]noaa-adcp/2015/noaa-adcp-201510.csv
-> size (bytes): 1,312,492
COMPRESSED FILE:
-> name: /Users/pablocerve/Documents/FING/Proyecto/pc-tesis/dataset_parser/scripts/output/[3]noaa-adcp/basic/noaa-adcp-201510.c.cpp.csv
-> size (bytes): 645,023
-> 49.14% of original


RESULTS
--------------------------(same file!)
CoderBase
ORIGINAL FILE:
-> name: /Users/pablocerve/Documents/FING/Proyecto/datasets-csv/[3]noaa-adcp/2015/noaa-adcp-201511.csv
-> size (bytes): 1,267,845
COMPRESSED FILE:
-> name: /Users/pablocerve/Documents/FING/Proyecto/pc-tesis/dataset_parser/scripts/output/[3]noaa-adcp/basic/noaa-adcp-201511.c.cpp.csv
-> size (bytes): 624,560
-> 49.26% of original


RESULTS
--------------------------(same file!)
CoderBase
ORIGINAL FILE:
-> name: /Users/pablocerve/Documents/FING/Proyecto/datasets-csv/[3]noaa-adcp/2015/noaa-adcp-201512.csv
-> size (bytes): 1,313,957
COMPRESSED FILE:
-> name: /Users/pablocerve/Documents/FING/Proyecto/pc-tesis/dataset_parser/scripts/output/[3]noaa-adcp/basic/noaa-adcp-201512.c.cpp.csv
-> size (bytes): 645,023
-> 49.09% of original

