
RESULTS
--------------------------(same file!)
CoderBase
ORIGINAL FILE:
-> name: /Users/pablocerve/Documents/FING/Proyecto/datasets-csv/[4]solar-anywhere/all/solar-anywhere-2011.csv
-> size (bytes): 927,415
COMPRESSED FILE:
-> name: /Users/pablocerve/Documents/FING/Proyecto/pc-tesis/dataset_parser/scripts/output/[4]solar-anywhere/basic/solar-anywhere-2011.c.cpp.csv
-> size (bytes): 413,101
-> 44.54% of original


RESULTS
--------------------------(same file!)
CoderBase
ORIGINAL FILE:
-> name: /Users/pablocerve/Documents/FING/Proyecto/datasets-csv/[4]solar-anywhere/all/solar-anywhere-2012.csv
-> size (bytes): 926,747
COMPRESSED FILE:
-> name: /Users/pablocerve/Documents/FING/Proyecto/pc-tesis/dataset_parser/scripts/output/[4]solar-anywhere/basic/solar-anywhere-2012.c.cpp.csv
-> size (bytes): 413,101
-> 44.58% of original


RESULTS
--------------------------(same file!)
CoderBase
ORIGINAL FILE:
-> name: /Users/pablocerve/Documents/FING/Proyecto/datasets-csv/[4]solar-anywhere/all/solar-anywhere-2013.csv
-> size (bytes): 927,368
COMPRESSED FILE:
-> name: /Users/pablocerve/Documents/FING/Proyecto/pc-tesis/dataset_parser/scripts/output/[4]solar-anywhere/basic/solar-anywhere-2013.c.cpp.csv
-> size (bytes): 413,101
-> 44.55% of original


RESULTS
--------------------------(same file!)
CoderBase
ORIGINAL FILE:
-> name: /Users/pablocerve/Documents/FING/Proyecto/datasets-csv/[4]solar-anywhere/all/solar-anywhere-2014.csv
-> size (bytes): 927,651
COMPRESSED FILE:
-> name: /Users/pablocerve/Documents/FING/Proyecto/pc-tesis/dataset_parser/scripts/output/[4]solar-anywhere/basic/solar-anywhere-2014.c.cpp.csv
-> size (bytes): 413,101
-> 44.53% of original

