RESULTS
--------------------------(same file!)
CoderPCA
-> error_threshold = 0
-> fixed_window_size = 20
ORIGINAL FILE:
-> name: /Users/pablocerve/Documents/FING/Proyecto/datasets-csv/[1]irkis/vwc_1202.dat.csv
-> size (bytes): 907,207
COMPRESSED FILE:
-> name: /Users/pablocerve/Documents/FING/Proyecto/pc-tesis/dataset_parser/scripts/coder_pca/vwc_1202.dat.c.csv
-> size (bytes): 239,015
-> 26.35% of original
RESULTS
--------------------------(same file!)
CoderPCA
-> error_threshold = 0
-> fixed_window_size = 20
ORIGINAL FILE:
-> name: /Users/pablocerve/Documents/FING/Proyecto/datasets-csv/[1]irkis/vwc_1203.dat.csv
-> size (bytes): 757,485
COMPRESSED FILE:
-> name: /Users/pablocerve/Documents/FING/Proyecto/pc-tesis/dataset_parser/scripts/coder_pca/vwc_1203.dat.c.csv
-> size (bytes): 150,261
-> 19.84% of original
RESULTS
--------------------------(same file!)
CoderPCA
-> error_threshold = 0
-> fixed_window_size = 20
ORIGINAL FILE:
-> name: /Users/pablocerve/Documents/FING/Proyecto/datasets-csv/[1]irkis/vwc_1204.dat.csv
-> size (bytes): 800,273
COMPRESSED FILE:
-> name: /Users/pablocerve/Documents/FING/Proyecto/pc-tesis/dataset_parser/scripts/coder_pca/vwc_1204.dat.c.csv
-> size (bytes): 176,291
-> 22.03% of original
RESULTS
--------------------------(same file!)
CoderPCA
-> error_threshold = 0
-> fixed_window_size = 20
ORIGINAL FILE:
-> name: /Users/pablocerve/Documents/FING/Proyecto/datasets-csv/[1]irkis/vwc_1205.dat.csv
-> size (bytes): 709,013
COMPRESSED FILE:
-> name: /Users/pablocerve/Documents/FING/Proyecto/pc-tesis/dataset_parser/scripts/coder_pca/vwc_1205.dat.c.csv
-> size (bytes): 125,062
-> 17.64% of original
RESULTS
--------------------------(same file!)
CoderPCA
-> error_threshold = 0
-> fixed_window_size = 20
ORIGINAL FILE:
-> name: /Users/pablocerve/Documents/FING/Proyecto/datasets-csv/[1]irkis/vwc_222.smet.csv
-> size (bytes): 1,045,529
COMPRESSED FILE:
-> name: /Users/pablocerve/Documents/FING/Proyecto/pc-tesis/dataset_parser/scripts/coder_pca/vwc_222.smet.c.csv
-> size (bytes): 320,415
-> 30.65% of original
RESULTS
--------------------------(same file!)
CoderPCA
-> error_threshold = 0
-> fixed_window_size = 20
ORIGINAL FILE:
-> name: /Users/pablocerve/Documents/FING/Proyecto/datasets-csv/[1]irkis/vwc_333.smet.csv
-> size (bytes): 1,072,266
COMPRESSED FILE:
-> name: /Users/pablocerve/Documents/FING/Proyecto/pc-tesis/dataset_parser/scripts/coder_pca/vwc_333.smet.c.csv
-> size (bytes): 339,970
-> 31.71% of original
RESULTS
--------------------------(same file!)
CoderPCA
-> error_threshold = 0
-> fixed_window_size = 20
ORIGINAL FILE:
-> name: /Users/pablocerve/Documents/FING/Proyecto/datasets-csv/[1]irkis/vwc_SLF2.smet.csv
-> size (bytes): 1,071,489
COMPRESSED FILE:
-> name: /Users/pablocerve/Documents/FING/Proyecto/pc-tesis/dataset_parser/scripts/coder_pca/vwc_SLF2.smet.c.csv
-> size (bytes): 335,891
-> 31.35% of original
