
RESULTS
--------------------------(same file!)
CoderBasic
ORIGINAL FILE:
-> name: /Users/pablocerve/Documents/FING/Proyecto/datasets-csv/[5]el-nino/el-nino.csv
-> size (bytes): 9,820,158
COMPRESSED FILE:
-> name: /Users/pablocerve/Documents/FING/Proyecto/pc-tesis/dataset_parser/scripts/output/[5]el-nino/basic/el-nino.c.cpp.csv
-> size (bytes): 4,926,794
-> 50.17% of original


RESULTS
--------------------------(same file!)
CoderPCA
ORIGINAL FILE:
-> name: /Users/pablocerve/Documents/FING/Proyecto/datasets-csv/[5]el-nino/el-nino.csv
-> size (bytes): 9,820,158
COMPRESSED FILE:
-> name: /Users/pablocerve/Documents/FING/Proyecto/pc-tesis/dataset_parser/scripts/output/[5]el-nino/pca/el-nino.c.cpp.csv
-> size (bytes): 2,200,634
-> 22.41% of original


RESULTS
--------------------------(same file!)
CoderPCA
ORIGINAL FILE:
-> name: /Users/pablocerve/Documents/FING/Proyecto/datasets-csv/[5]el-nino/el-nino.csv
-> size (bytes): 9,820,158
COMPRESSED FILE:
-> name: /Users/pablocerve/Documents/FING/Proyecto/pc-tesis/dataset_parser/scripts/output/[5]el-nino/pca/el-nino.c.cpp.csv
-> size (bytes): 1,900,826
-> 19.36% of original


RESULTS
--------------------------(same file!)
CoderPCA
ORIGINAL FILE:
-> name: /Users/pablocerve/Documents/FING/Proyecto/datasets-csv/[5]el-nino/el-nino.csv
-> size (bytes): 9,820,158
COMPRESSED FILE:
-> name: /Users/pablocerve/Documents/FING/Proyecto/pc-tesis/dataset_parser/scripts/output/[5]el-nino/pca/el-nino.c.cpp.csv
-> size (bytes): 1,759,013
-> 17.91% of original


RESULTS
--------------------------(same file!)
CoderPCA
ORIGINAL FILE:
-> name: /Users/pablocerve/Documents/FING/Proyecto/datasets-csv/[5]el-nino/el-nino.csv
-> size (bytes): 9,820,158
COMPRESSED FILE:
-> name: /Users/pablocerve/Documents/FING/Proyecto/pc-tesis/dataset_parser/scripts/output/[5]el-nino/pca/el-nino.c.cpp.csv
-> size (bytes): 1,762,104
-> 17.94% of original


RESULTS
--------------------------(same file!)
CoderPCA
ORIGINAL FILE:
-> name: /Users/pablocerve/Documents/FING/Proyecto/datasets-csv/[5]el-nino/el-nino.csv
-> size (bytes): 9,820,158
COMPRESSED FILE:
-> name: /Users/pablocerve/Documents/FING/Proyecto/pc-tesis/dataset_parser/scripts/output/[5]el-nino/pca/el-nino.c.cpp.csv
-> size (bytes): 1,851,243
-> 18.85% of original


RESULTS
--------------------------(same file!)
CoderPCA
ORIGINAL FILE:
-> name: /Users/pablocerve/Documents/FING/Proyecto/datasets-csv/[5]el-nino/el-nino.csv
-> size (bytes): 9,820,158
COMPRESSED FILE:
-> name: /Users/pablocerve/Documents/FING/Proyecto/pc-tesis/dataset_parser/scripts/output/[5]el-nino/pca/el-nino.c.cpp.csv
-> size (bytes): 1,958,982
-> 19.95% of original


RESULTS
--------------------------(same file!)
CoderPCA
ORIGINAL FILE:
-> name: /Users/pablocerve/Documents/FING/Proyecto/datasets-csv/[5]el-nino/el-nino.csv
-> size (bytes): 9,820,158
COMPRESSED FILE:
-> name: /Users/pablocerve/Documents/FING/Proyecto/pc-tesis/dataset_parser/scripts/output/[5]el-nino/pca/el-nino.c.cpp.csv
-> size (bytes): 2,194,932
-> 22.35% of original


RESULTS
--------------------------(same file!)
CoderPCA
ORIGINAL FILE:
-> name: /Users/pablocerve/Documents/FING/Proyecto/datasets-csv/[5]el-nino/el-nino.csv
-> size (bytes): 9,820,158
COMPRESSED FILE:
-> name: /Users/pablocerve/Documents/FING/Proyecto/pc-tesis/dataset_parser/scripts/output/[5]el-nino/pca/el-nino.c.cpp.csv
-> size (bytes): 1,894,922
-> 19.3% of original


RESULTS
--------------------------(same file!)
CoderPCA
ORIGINAL FILE:
-> name: /Users/pablocerve/Documents/FING/Proyecto/datasets-csv/[5]el-nino/el-nino.csv
-> size (bytes): 9,820,158
COMPRESSED FILE:
-> name: /Users/pablocerve/Documents/FING/Proyecto/pc-tesis/dataset_parser/scripts/output/[5]el-nino/pca/el-nino.c.cpp.csv
-> size (bytes): 1,753,877
-> 17.86% of original


RESULTS
--------------------------(same file!)
CoderPCA
ORIGINAL FILE:
-> name: /Users/pablocerve/Documents/FING/Proyecto/datasets-csv/[5]el-nino/el-nino.csv
-> size (bytes): 9,820,158
COMPRESSED FILE:
-> name: /Users/pablocerve/Documents/FING/Proyecto/pc-tesis/dataset_parser/scripts/output/[5]el-nino/pca/el-nino.c.cpp.csv
-> size (bytes): 1,758,282
-> 17.9% of original


RESULTS
--------------------------(same file!)
CoderPCA
ORIGINAL FILE:
-> name: /Users/pablocerve/Documents/FING/Proyecto/datasets-csv/[5]el-nino/el-nino.csv
-> size (bytes): 9,820,158
COMPRESSED FILE:
-> name: /Users/pablocerve/Documents/FING/Proyecto/pc-tesis/dataset_parser/scripts/output/[5]el-nino/pca/el-nino.c.cpp.csv
-> size (bytes): 1,849,659
-> 18.84% of original


RESULTS
--------------------------(same file!)
CoderPCA
ORIGINAL FILE:
-> name: /Users/pablocerve/Documents/FING/Proyecto/datasets-csv/[5]el-nino/el-nino.csv
-> size (bytes): 9,820,158
COMPRESSED FILE:
-> name: /Users/pablocerve/Documents/FING/Proyecto/pc-tesis/dataset_parser/scripts/output/[5]el-nino/pca/el-nino.c.cpp.csv
-> size (bytes): 1,958,982
-> 19.95% of original


RESULTS
--------------------------(same file!)
CoderPCA
ORIGINAL FILE:
-> name: /Users/pablocerve/Documents/FING/Proyecto/datasets-csv/[5]el-nino/el-nino.csv
-> size (bytes): 9,820,158
COMPRESSED FILE:
-> name: /Users/pablocerve/Documents/FING/Proyecto/pc-tesis/dataset_parser/scripts/output/[5]el-nino/pca/el-nino.c.cpp.csv
-> size (bytes): 2,126,148
-> 21.65% of original


RESULTS
--------------------------(same file!)
CoderPCA
ORIGINAL FILE:
-> name: /Users/pablocerve/Documents/FING/Proyecto/datasets-csv/[5]el-nino/el-nino.csv
-> size (bytes): 9,820,158
COMPRESSED FILE:
-> name: /Users/pablocerve/Documents/FING/Proyecto/pc-tesis/dataset_parser/scripts/output/[5]el-nino/pca/el-nino.c.cpp.csv
-> size (bytes): 1,823,274
-> 18.57% of original


RESULTS
--------------------------(same file!)
CoderPCA
ORIGINAL FILE:
-> name: /Users/pablocerve/Documents/FING/Proyecto/datasets-csv/[5]el-nino/el-nino.csv
-> size (bytes): 9,820,158
COMPRESSED FILE:
-> name: /Users/pablocerve/Documents/FING/Proyecto/pc-tesis/dataset_parser/scripts/output/[5]el-nino/pca/el-nino.c.cpp.csv
-> size (bytes): 1,696,580
-> 17.28% of original


RESULTS
--------------------------(same file!)
CoderPCA
ORIGINAL FILE:
-> name: /Users/pablocerve/Documents/FING/Proyecto/datasets-csv/[5]el-nino/el-nino.csv
-> size (bytes): 9,820,158
COMPRESSED FILE:
-> name: /Users/pablocerve/Documents/FING/Proyecto/pc-tesis/dataset_parser/scripts/output/[5]el-nino/pca/el-nino.c.cpp.csv
-> size (bytes): 1,723,235
-> 17.55% of original


RESULTS
--------------------------(same file!)
CoderPCA
ORIGINAL FILE:
-> name: /Users/pablocerve/Documents/FING/Proyecto/datasets-csv/[5]el-nino/el-nino.csv
-> size (bytes): 9,820,158
COMPRESSED FILE:
-> name: /Users/pablocerve/Documents/FING/Proyecto/pc-tesis/dataset_parser/scripts/output/[5]el-nino/pca/el-nino.c.cpp.csv
-> size (bytes): 1,832,161
-> 18.66% of original


RESULTS
--------------------------(same file!)
CoderPCA
ORIGINAL FILE:
-> name: /Users/pablocerve/Documents/FING/Proyecto/datasets-csv/[5]el-nino/el-nino.csv
-> size (bytes): 9,820,158
COMPRESSED FILE:
-> name: /Users/pablocerve/Documents/FING/Proyecto/pc-tesis/dataset_parser/scripts/output/[5]el-nino/pca/el-nino.c.cpp.csv
-> size (bytes): 1,954,728
-> 19.91% of original


RESULTS
--------------------------(same file!)
CoderPCA
ORIGINAL FILE:
-> name: /Users/pablocerve/Documents/FING/Proyecto/datasets-csv/[5]el-nino/el-nino.csv
-> size (bytes): 9,820,158
COMPRESSED FILE:
-> name: /Users/pablocerve/Documents/FING/Proyecto/pc-tesis/dataset_parser/scripts/output/[5]el-nino/pca/el-nino.c.cpp.csv
-> size (bytes): 2,084,874
-> 21.23% of original


RESULTS
--------------------------(same file!)
CoderPCA
ORIGINAL FILE:
-> name: /Users/pablocerve/Documents/FING/Proyecto/datasets-csv/[5]el-nino/el-nino.csv
-> size (bytes): 9,820,158
COMPRESSED FILE:
-> name: /Users/pablocerve/Documents/FING/Proyecto/pc-tesis/dataset_parser/scripts/output/[5]el-nino/pca/el-nino.c.cpp.csv
-> size (bytes): 1,790,936
-> 18.24% of original


RESULTS
--------------------------(same file!)
CoderPCA
ORIGINAL FILE:
-> name: /Users/pablocerve/Documents/FING/Proyecto/datasets-csv/[5]el-nino/el-nino.csv
-> size (bytes): 9,820,158
COMPRESSED FILE:
-> name: /Users/pablocerve/Documents/FING/Proyecto/pc-tesis/dataset_parser/scripts/output/[5]el-nino/pca/el-nino.c.cpp.csv
-> size (bytes): 1,668,296
-> 16.99% of original


RESULTS
--------------------------(same file!)
CoderPCA
ORIGINAL FILE:
-> name: /Users/pablocerve/Documents/FING/Proyecto/datasets-csv/[5]el-nino/el-nino.csv
-> size (bytes): 9,820,158
COMPRESSED FILE:
-> name: /Users/pablocerve/Documents/FING/Proyecto/pc-tesis/dataset_parser/scripts/output/[5]el-nino/pca/el-nino.c.cpp.csv
-> size (bytes): 1,698,931
-> 17.3% of original


RESULTS
--------------------------(same file!)
CoderPCA
ORIGINAL FILE:
-> name: /Users/pablocerve/Documents/FING/Proyecto/datasets-csv/[5]el-nino/el-nino.csv
-> size (bytes): 9,820,158
COMPRESSED FILE:
-> name: /Users/pablocerve/Documents/FING/Proyecto/pc-tesis/dataset_parser/scripts/output/[5]el-nino/pca/el-nino.c.cpp.csv
-> size (bytes): 1,815,863
-> 18.49% of original


RESULTS
--------------------------(same file!)
CoderPCA
ORIGINAL FILE:
-> name: /Users/pablocerve/Documents/FING/Proyecto/datasets-csv/[5]el-nino/el-nino.csv
-> size (bytes): 9,820,158
COMPRESSED FILE:
-> name: /Users/pablocerve/Documents/FING/Proyecto/pc-tesis/dataset_parser/scripts/output/[5]el-nino/pca/el-nino.c.cpp.csv
-> size (bytes): 1,946,221
-> 19.82% of original


RESULTS
--------------------------(same file!)
CoderPCA
ORIGINAL FILE:
-> name: /Users/pablocerve/Documents/FING/Proyecto/datasets-csv/[5]el-nino/el-nino.csv
-> size (bytes): 9,820,158
COMPRESSED FILE:
-> name: /Users/pablocerve/Documents/FING/Proyecto/pc-tesis/dataset_parser/scripts/output/[5]el-nino/pca/el-nino.c.cpp.csv
-> size (bytes): 1,962,203
-> 19.98% of original


RESULTS
--------------------------(same file!)
CoderPCA
ORIGINAL FILE:
-> name: /Users/pablocerve/Documents/FING/Proyecto/datasets-csv/[5]el-nino/el-nino.csv
-> size (bytes): 9,820,158
COMPRESSED FILE:
-> name: /Users/pablocerve/Documents/FING/Proyecto/pc-tesis/dataset_parser/scripts/output/[5]el-nino/pca/el-nino.c.cpp.csv
-> size (bytes): 1,681,642
-> 17.12% of original


RESULTS
--------------------------(same file!)
CoderPCA
ORIGINAL FILE:
-> name: /Users/pablocerve/Documents/FING/Proyecto/datasets-csv/[5]el-nino/el-nino.csv
-> size (bytes): 9,820,158
COMPRESSED FILE:
-> name: /Users/pablocerve/Documents/FING/Proyecto/pc-tesis/dataset_parser/scripts/output/[5]el-nino/pca/el-nino.c.cpp.csv
-> size (bytes): 1,574,252
-> 16.03% of original


RESULTS
--------------------------(same file!)
CoderPCA
ORIGINAL FILE:
-> name: /Users/pablocerve/Documents/FING/Proyecto/datasets-csv/[5]el-nino/el-nino.csv
-> size (bytes): 9,820,158
COMPRESSED FILE:
-> name: /Users/pablocerve/Documents/FING/Proyecto/pc-tesis/dataset_parser/scripts/output/[5]el-nino/pca/el-nino.c.cpp.csv
-> size (bytes): 1,618,271
-> 16.48% of original


RESULTS
--------------------------(same file!)
CoderPCA
ORIGINAL FILE:
-> name: /Users/pablocerve/Documents/FING/Proyecto/datasets-csv/[5]el-nino/el-nino.csv
-> size (bytes): 9,820,158
COMPRESSED FILE:
-> name: /Users/pablocerve/Documents/FING/Proyecto/pc-tesis/dataset_parser/scripts/output/[5]el-nino/pca/el-nino.c.cpp.csv
-> size (bytes): 1,756,339
-> 17.89% of original


RESULTS
--------------------------(same file!)
CoderPCA
ORIGINAL FILE:
-> name: /Users/pablocerve/Documents/FING/Proyecto/datasets-csv/[5]el-nino/el-nino.csv
-> size (bytes): 9,820,158
COMPRESSED FILE:
-> name: /Users/pablocerve/Documents/FING/Proyecto/pc-tesis/dataset_parser/scripts/output/[5]el-nino/pca/el-nino.c.cpp.csv
-> size (bytes): 1,914,580
-> 19.5% of original


RESULTS
--------------------------(same file!)
CoderPCA
ORIGINAL FILE:
-> name: /Users/pablocerve/Documents/FING/Proyecto/datasets-csv/[5]el-nino/el-nino.csv
-> size (bytes): 9,820,158
COMPRESSED FILE:
-> name: /Users/pablocerve/Documents/FING/Proyecto/pc-tesis/dataset_parser/scripts/output/[5]el-nino/pca/el-nino.c.cpp.csv
-> size (bytes): 1,860,306
-> 18.94% of original


RESULTS
--------------------------(same file!)
CoderPCA
ORIGINAL FILE:
-> name: /Users/pablocerve/Documents/FING/Proyecto/datasets-csv/[5]el-nino/el-nino.csv
-> size (bytes): 9,820,158
COMPRESSED FILE:
-> name: /Users/pablocerve/Documents/FING/Proyecto/pc-tesis/dataset_parser/scripts/output/[5]el-nino/pca/el-nino.c.cpp.csv
-> size (bytes): 1,587,588
-> 16.17% of original


RESULTS
--------------------------(same file!)
CoderPCA
ORIGINAL FILE:
-> name: /Users/pablocerve/Documents/FING/Proyecto/datasets-csv/[5]el-nino/el-nino.csv
-> size (bytes): 9,820,158
COMPRESSED FILE:
-> name: /Users/pablocerve/Documents/FING/Proyecto/pc-tesis/dataset_parser/scripts/output/[5]el-nino/pca/el-nino.c.cpp.csv
-> size (bytes): 1,507,484
-> 15.35% of original


RESULTS
--------------------------(same file!)
CoderPCA
ORIGINAL FILE:
-> name: /Users/pablocerve/Documents/FING/Proyecto/datasets-csv/[5]el-nino/el-nino.csv
-> size (bytes): 9,820,158
COMPRESSED FILE:
-> name: /Users/pablocerve/Documents/FING/Proyecto/pc-tesis/dataset_parser/scripts/output/[5]el-nino/pca/el-nino.c.cpp.csv
-> size (bytes): 1,566,392
-> 15.95% of original


RESULTS
--------------------------(same file!)
CoderPCA
ORIGINAL FILE:
-> name: /Users/pablocerve/Documents/FING/Proyecto/datasets-csv/[5]el-nino/el-nino.csv
-> size (bytes): 9,820,158
COMPRESSED FILE:
-> name: /Users/pablocerve/Documents/FING/Proyecto/pc-tesis/dataset_parser/scripts/output/[5]el-nino/pca/el-nino.c.cpp.csv
-> size (bytes): 1,718,719
-> 17.5% of original


RESULTS
--------------------------(same file!)
CoderPCA
ORIGINAL FILE:
-> name: /Users/pablocerve/Documents/FING/Proyecto/datasets-csv/[5]el-nino/el-nino.csv
-> size (bytes): 9,820,158
COMPRESSED FILE:
-> name: /Users/pablocerve/Documents/FING/Proyecto/pc-tesis/dataset_parser/scripts/output/[5]el-nino/pca/el-nino.c.cpp.csv
-> size (bytes): 1,892,665
-> 19.27% of original


RESULTS
--------------------------(same file!)
CoderPCA
ORIGINAL FILE:
-> name: /Users/pablocerve/Documents/FING/Proyecto/datasets-csv/[5]el-nino/el-nino.csv
-> size (bytes): 9,820,158
COMPRESSED FILE:
-> name: /Users/pablocerve/Documents/FING/Proyecto/pc-tesis/dataset_parser/scripts/output/[5]el-nino/pca/el-nino.c.cpp.csv
-> size (bytes): 1,781,849
-> 18.14% of original


RESULTS
--------------------------(same file!)
CoderPCA
ORIGINAL FILE:
-> name: /Users/pablocerve/Documents/FING/Proyecto/datasets-csv/[5]el-nino/el-nino.csv
-> size (bytes): 9,820,158
COMPRESSED FILE:
-> name: /Users/pablocerve/Documents/FING/Proyecto/pc-tesis/dataset_parser/scripts/output/[5]el-nino/pca/el-nino.c.cpp.csv
-> size (bytes): 1,510,048
-> 15.38% of original


RESULTS
--------------------------(same file!)
CoderPCA
ORIGINAL FILE:
-> name: /Users/pablocerve/Documents/FING/Proyecto/datasets-csv/[5]el-nino/el-nino.csv
-> size (bytes): 9,820,158
COMPRESSED FILE:
-> name: /Users/pablocerve/Documents/FING/Proyecto/pc-tesis/dataset_parser/scripts/output/[5]el-nino/pca/el-nino.c.cpp.csv
-> size (bytes): 1,452,512
-> 14.79% of original


RESULTS
--------------------------(same file!)
CoderPCA
ORIGINAL FILE:
-> name: /Users/pablocerve/Documents/FING/Proyecto/datasets-csv/[5]el-nino/el-nino.csv
-> size (bytes): 9,820,158
COMPRESSED FILE:
-> name: /Users/pablocerve/Documents/FING/Proyecto/pc-tesis/dataset_parser/scripts/output/[5]el-nino/pca/el-nino.c.cpp.csv
-> size (bytes): 1,526,273
-> 15.54% of original


RESULTS
--------------------------(same file!)
CoderPCA
ORIGINAL FILE:
-> name: /Users/pablocerve/Documents/FING/Proyecto/datasets-csv/[5]el-nino/el-nino.csv
-> size (bytes): 9,820,158
COMPRESSED FILE:
-> name: /Users/pablocerve/Documents/FING/Proyecto/pc-tesis/dataset_parser/scripts/output/[5]el-nino/pca/el-nino.c.cpp.csv
-> size (bytes): 1,687,287
-> 17.18% of original


RESULTS
--------------------------(same file!)
CoderPCA
ORIGINAL FILE:
-> name: /Users/pablocerve/Documents/FING/Proyecto/datasets-csv/[5]el-nino/el-nino.csv
-> size (bytes): 9,820,158
COMPRESSED FILE:
-> name: /Users/pablocerve/Documents/FING/Proyecto/pc-tesis/dataset_parser/scripts/output/[5]el-nino/pca/el-nino.c.cpp.csv
-> size (bytes): 1,879,332
-> 19.14% of original


RESULTS
--------------------------(same file!)
CoderPCA
ORIGINAL FILE:
-> name: /Users/pablocerve/Documents/FING/Proyecto/datasets-csv/[5]el-nino/el-nino.csv
-> size (bytes): 9,820,158
COMPRESSED FILE:
-> name: /Users/pablocerve/Documents/FING/Proyecto/pc-tesis/dataset_parser/scripts/output/[5]el-nino/pca/el-nino.c.cpp.csv
-> size (bytes): 1,647,450
-> 16.78% of original


RESULTS
--------------------------(same file!)
CoderPCA
ORIGINAL FILE:
-> name: /Users/pablocerve/Documents/FING/Proyecto/datasets-csv/[5]el-nino/el-nino.csv
-> size (bytes): 9,820,158
COMPRESSED FILE:
-> name: /Users/pablocerve/Documents/FING/Proyecto/pc-tesis/dataset_parser/scripts/output/[5]el-nino/pca/el-nino.c.cpp.csv
-> size (bytes): 1,379,099
-> 14.04% of original


RESULTS
--------------------------(same file!)
CoderPCA
ORIGINAL FILE:
-> name: /Users/pablocerve/Documents/FING/Proyecto/datasets-csv/[5]el-nino/el-nino.csv
-> size (bytes): 9,820,158
COMPRESSED FILE:
-> name: /Users/pablocerve/Documents/FING/Proyecto/pc-tesis/dataset_parser/scripts/output/[5]el-nino/pca/el-nino.c.cpp.csv
-> size (bytes): 1,350,761
-> 13.75% of original


RESULTS
--------------------------(same file!)
CoderPCA
ORIGINAL FILE:
-> name: /Users/pablocerve/Documents/FING/Proyecto/datasets-csv/[5]el-nino/el-nino.csv
-> size (bytes): 9,820,158
COMPRESSED FILE:
-> name: /Users/pablocerve/Documents/FING/Proyecto/pc-tesis/dataset_parser/scripts/output/[5]el-nino/pca/el-nino.c.cpp.csv
-> size (bytes): 1,457,838
-> 14.85% of original


RESULTS
--------------------------(same file!)
CoderPCA
ORIGINAL FILE:
-> name: /Users/pablocerve/Documents/FING/Proyecto/datasets-csv/[5]el-nino/el-nino.csv
-> size (bytes): 9,820,158
COMPRESSED FILE:
-> name: /Users/pablocerve/Documents/FING/Proyecto/pc-tesis/dataset_parser/scripts/output/[5]el-nino/pca/el-nino.c.cpp.csv
-> size (bytes): 1,637,873
-> 16.68% of original


RESULTS
--------------------------(same file!)
CoderPCA
ORIGINAL FILE:
-> name: /Users/pablocerve/Documents/FING/Proyecto/datasets-csv/[5]el-nino/el-nino.csv
-> size (bytes): 9,820,158
COMPRESSED FILE:
-> name: /Users/pablocerve/Documents/FING/Proyecto/pc-tesis/dataset_parser/scripts/output/[5]el-nino/pca/el-nino.c.cpp.csv
-> size (bytes): 1,844,880
-> 18.79% of original


RESULTS
--------------------------(same file!)
CoderAPCA
ORIGINAL FILE:
-> name: /Users/pablocerve/Documents/FING/Proyecto/datasets-csv/[5]el-nino/el-nino.csv
-> size (bytes): 9,820,158
COMPRESSED FILE:
-> name: /Users/pablocerve/Documents/FING/Proyecto/pc-tesis/dataset_parser/scripts/output/[5]el-nino/apca/el-nino.c.cpp.csv
-> size (bytes): 2,371,751
-> 24.15% of original


RESULTS
--------------------------(same file!)
CoderAPCA
ORIGINAL FILE:
-> name: /Users/pablocerve/Documents/FING/Proyecto/datasets-csv/[5]el-nino/el-nino.csv
-> size (bytes): 9,820,158
COMPRESSED FILE:
-> name: /Users/pablocerve/Documents/FING/Proyecto/pc-tesis/dataset_parser/scripts/output/[5]el-nino/apca/el-nino.c.cpp.csv
-> size (bytes): 2,047,676
-> 20.85% of original


RESULTS
--------------------------(same file!)
CoderAPCA
ORIGINAL FILE:
-> name: /Users/pablocerve/Documents/FING/Proyecto/datasets-csv/[5]el-nino/el-nino.csv
-> size (bytes): 9,820,158
COMPRESSED FILE:
-> name: /Users/pablocerve/Documents/FING/Proyecto/pc-tesis/dataset_parser/scripts/output/[5]el-nino/apca/el-nino.c.cpp.csv
-> size (bytes): 1,880,132
-> 19.15% of original


RESULTS
--------------------------(same file!)
CoderAPCA
ORIGINAL FILE:
-> name: /Users/pablocerve/Documents/FING/Proyecto/datasets-csv/[5]el-nino/el-nino.csv
-> size (bytes): 9,820,158
COMPRESSED FILE:
-> name: /Users/pablocerve/Documents/FING/Proyecto/pc-tesis/dataset_parser/scripts/output/[5]el-nino/apca/el-nino.c.cpp.csv
-> size (bytes): 1,892,659
-> 19.27% of original


RESULTS
--------------------------(same file!)
CoderAPCA
ORIGINAL FILE:
-> name: /Users/pablocerve/Documents/FING/Proyecto/datasets-csv/[5]el-nino/el-nino.csv
-> size (bytes): 9,820,158
COMPRESSED FILE:
-> name: /Users/pablocerve/Documents/FING/Proyecto/pc-tesis/dataset_parser/scripts/output/[5]el-nino/apca/el-nino.c.cpp.csv
-> size (bytes): 1,949,126
-> 19.85% of original


RESULTS
--------------------------(same file!)
CoderAPCA
ORIGINAL FILE:
-> name: /Users/pablocerve/Documents/FING/Proyecto/datasets-csv/[5]el-nino/el-nino.csv
-> size (bytes): 9,820,158
COMPRESSED FILE:
-> name: /Users/pablocerve/Documents/FING/Proyecto/pc-tesis/dataset_parser/scripts/output/[5]el-nino/apca/el-nino.c.cpp.csv
-> size (bytes): 2,028,726
-> 20.66% of original


RESULTS
--------------------------(same file!)
CoderAPCA
ORIGINAL FILE:
-> name: /Users/pablocerve/Documents/FING/Proyecto/datasets-csv/[5]el-nino/el-nino.csv
-> size (bytes): 9,820,158
COMPRESSED FILE:
-> name: /Users/pablocerve/Documents/FING/Proyecto/pc-tesis/dataset_parser/scripts/output/[5]el-nino/apca/el-nino.c.cpp.csv
-> size (bytes): 2,312,038
-> 23.54% of original


RESULTS
--------------------------(same file!)
CoderAPCA
ORIGINAL FILE:
-> name: /Users/pablocerve/Documents/FING/Proyecto/datasets-csv/[5]el-nino/el-nino.csv
-> size (bytes): 9,820,158
COMPRESSED FILE:
-> name: /Users/pablocerve/Documents/FING/Proyecto/pc-tesis/dataset_parser/scripts/output/[5]el-nino/apca/el-nino.c.cpp.csv
-> size (bytes): 1,983,196
-> 20.2% of original


RESULTS
--------------------------(same file!)
CoderAPCA
ORIGINAL FILE:
-> name: /Users/pablocerve/Documents/FING/Proyecto/datasets-csv/[5]el-nino/el-nino.csv
-> size (bytes): 9,820,158
COMPRESSED FILE:
-> name: /Users/pablocerve/Documents/FING/Proyecto/pc-tesis/dataset_parser/scripts/output/[5]el-nino/apca/el-nino.c.cpp.csv
-> size (bytes): 1,811,158
-> 18.44% of original


RESULTS
--------------------------(same file!)
CoderAPCA
ORIGINAL FILE:
-> name: /Users/pablocerve/Documents/FING/Proyecto/datasets-csv/[5]el-nino/el-nino.csv
-> size (bytes): 9,820,158
COMPRESSED FILE:
-> name: /Users/pablocerve/Documents/FING/Proyecto/pc-tesis/dataset_parser/scripts/output/[5]el-nino/apca/el-nino.c.cpp.csv
-> size (bytes): 1,819,495
-> 18.53% of original


RESULTS
--------------------------(same file!)
CoderAPCA
ORIGINAL FILE:
-> name: /Users/pablocerve/Documents/FING/Proyecto/datasets-csv/[5]el-nino/el-nino.csv
-> size (bytes): 9,820,158
COMPRESSED FILE:
-> name: /Users/pablocerve/Documents/FING/Proyecto/pc-tesis/dataset_parser/scripts/output/[5]el-nino/apca/el-nino.c.cpp.csv
-> size (bytes): 1,871,858
-> 19.06% of original


RESULTS
--------------------------(same file!)
CoderAPCA
ORIGINAL FILE:
-> name: /Users/pablocerve/Documents/FING/Proyecto/datasets-csv/[5]el-nino/el-nino.csv
-> size (bytes): 9,820,158
COMPRESSED FILE:
-> name: /Users/pablocerve/Documents/FING/Proyecto/pc-tesis/dataset_parser/scripts/output/[5]el-nino/apca/el-nino.c.cpp.csv
-> size (bytes): 1,947,396
-> 19.83% of original


RESULTS
--------------------------(same file!)
CoderAPCA
ORIGINAL FILE:
-> name: /Users/pablocerve/Documents/FING/Proyecto/datasets-csv/[5]el-nino/el-nino.csv
-> size (bytes): 9,820,158
COMPRESSED FILE:
-> name: /Users/pablocerve/Documents/FING/Proyecto/pc-tesis/dataset_parser/scripts/output/[5]el-nino/apca/el-nino.c.cpp.csv
-> size (bytes): 2,143,685
-> 21.83% of original


RESULTS
--------------------------(same file!)
CoderAPCA
ORIGINAL FILE:
-> name: /Users/pablocerve/Documents/FING/Proyecto/datasets-csv/[5]el-nino/el-nino.csv
-> size (bytes): 9,820,158
COMPRESSED FILE:
-> name: /Users/pablocerve/Documents/FING/Proyecto/pc-tesis/dataset_parser/scripts/output/[5]el-nino/apca/el-nino.c.cpp.csv
-> size (bytes): 1,794,412
-> 18.27% of original


RESULTS
--------------------------(same file!)
CoderAPCA
ORIGINAL FILE:
-> name: /Users/pablocerve/Documents/FING/Proyecto/datasets-csv/[5]el-nino/el-nino.csv
-> size (bytes): 9,820,158
COMPRESSED FILE:
-> name: /Users/pablocerve/Documents/FING/Proyecto/pc-tesis/dataset_parser/scripts/output/[5]el-nino/apca/el-nino.c.cpp.csv
-> size (bytes): 1,604,580
-> 16.34% of original


RESULTS
--------------------------(same file!)
CoderAPCA
ORIGINAL FILE:
-> name: /Users/pablocerve/Documents/FING/Proyecto/datasets-csv/[5]el-nino/el-nino.csv
-> size (bytes): 9,820,158
COMPRESSED FILE:
-> name: /Users/pablocerve/Documents/FING/Proyecto/pc-tesis/dataset_parser/scripts/output/[5]el-nino/apca/el-nino.c.cpp.csv
-> size (bytes): 1,598,665
-> 16.28% of original


RESULTS
--------------------------(same file!)
CoderAPCA
ORIGINAL FILE:
-> name: /Users/pablocerve/Documents/FING/Proyecto/datasets-csv/[5]el-nino/el-nino.csv
-> size (bytes): 9,820,158
COMPRESSED FILE:
-> name: /Users/pablocerve/Documents/FING/Proyecto/pc-tesis/dataset_parser/scripts/output/[5]el-nino/apca/el-nino.c.cpp.csv
-> size (bytes): 1,637,785
-> 16.68% of original


RESULTS
--------------------------(same file!)
CoderAPCA
ORIGINAL FILE:
-> name: /Users/pablocerve/Documents/FING/Proyecto/datasets-csv/[5]el-nino/el-nino.csv
-> size (bytes): 9,820,158
COMPRESSED FILE:
-> name: /Users/pablocerve/Documents/FING/Proyecto/pc-tesis/dataset_parser/scripts/output/[5]el-nino/apca/el-nino.c.cpp.csv
-> size (bytes): 1,700,609
-> 17.32% of original


RESULTS
--------------------------(same file!)
CoderAPCA
ORIGINAL FILE:
-> name: /Users/pablocerve/Documents/FING/Proyecto/datasets-csv/[5]el-nino/el-nino.csv
-> size (bytes): 9,820,158
COMPRESSED FILE:
-> name: /Users/pablocerve/Documents/FING/Proyecto/pc-tesis/dataset_parser/scripts/output/[5]el-nino/apca/el-nino.c.cpp.csv
-> size (bytes): 2,044,570
-> 20.82% of original


RESULTS
--------------------------(same file!)
CoderAPCA
ORIGINAL FILE:
-> name: /Users/pablocerve/Documents/FING/Proyecto/datasets-csv/[5]el-nino/el-nino.csv
-> size (bytes): 9,820,158
COMPRESSED FILE:
-> name: /Users/pablocerve/Documents/FING/Proyecto/pc-tesis/dataset_parser/scripts/output/[5]el-nino/apca/el-nino.c.cpp.csv
-> size (bytes): 1,682,021
-> 17.13% of original


RESULTS
--------------------------(same file!)
CoderAPCA
ORIGINAL FILE:
-> name: /Users/pablocerve/Documents/FING/Proyecto/datasets-csv/[5]el-nino/el-nino.csv
-> size (bytes): 9,820,158
COMPRESSED FILE:
-> name: /Users/pablocerve/Documents/FING/Proyecto/pc-tesis/dataset_parser/scripts/output/[5]el-nino/apca/el-nino.c.cpp.csv
-> size (bytes): 1,482,051
-> 15.09% of original


RESULTS
--------------------------(same file!)
CoderAPCA
ORIGINAL FILE:
-> name: /Users/pablocerve/Documents/FING/Proyecto/datasets-csv/[5]el-nino/el-nino.csv
-> size (bytes): 9,820,158
COMPRESSED FILE:
-> name: /Users/pablocerve/Documents/FING/Proyecto/pc-tesis/dataset_parser/scripts/output/[5]el-nino/apca/el-nino.c.cpp.csv
-> size (bytes): 1,467,820
-> 14.95% of original


RESULTS
--------------------------(same file!)
CoderAPCA
ORIGINAL FILE:
-> name: /Users/pablocerve/Documents/FING/Proyecto/datasets-csv/[5]el-nino/el-nino.csv
-> size (bytes): 9,820,158
COMPRESSED FILE:
-> name: /Users/pablocerve/Documents/FING/Proyecto/pc-tesis/dataset_parser/scripts/output/[5]el-nino/apca/el-nino.c.cpp.csv
-> size (bytes): 1,498,982
-> 15.26% of original


RESULTS
--------------------------(same file!)
CoderAPCA
ORIGINAL FILE:
-> name: /Users/pablocerve/Documents/FING/Proyecto/datasets-csv/[5]el-nino/el-nino.csv
-> size (bytes): 9,820,158
COMPRESSED FILE:
-> name: /Users/pablocerve/Documents/FING/Proyecto/pc-tesis/dataset_parser/scripts/output/[5]el-nino/apca/el-nino.c.cpp.csv
-> size (bytes): 1,554,089
-> 15.83% of original


RESULTS
--------------------------(same file!)
CoderAPCA
ORIGINAL FILE:
-> name: /Users/pablocerve/Documents/FING/Proyecto/datasets-csv/[5]el-nino/el-nino.csv
-> size (bytes): 9,820,158
COMPRESSED FILE:
-> name: /Users/pablocerve/Documents/FING/Proyecto/pc-tesis/dataset_parser/scripts/output/[5]el-nino/apca/el-nino.c.cpp.csv
-> size (bytes): 1,855,115
-> 18.89% of original


RESULTS
--------------------------(same file!)
CoderAPCA
ORIGINAL FILE:
-> name: /Users/pablocerve/Documents/FING/Proyecto/datasets-csv/[5]el-nino/el-nino.csv
-> size (bytes): 9,820,158
COMPRESSED FILE:
-> name: /Users/pablocerve/Documents/FING/Proyecto/pc-tesis/dataset_parser/scripts/output/[5]el-nino/apca/el-nino.c.cpp.csv
-> size (bytes): 1,461,005
-> 14.88% of original


RESULTS
--------------------------(same file!)
CoderAPCA
ORIGINAL FILE:
-> name: /Users/pablocerve/Documents/FING/Proyecto/datasets-csv/[5]el-nino/el-nino.csv
-> size (bytes): 9,820,158
COMPRESSED FILE:
-> name: /Users/pablocerve/Documents/FING/Proyecto/pc-tesis/dataset_parser/scripts/output/[5]el-nino/apca/el-nino.c.cpp.csv
-> size (bytes): 1,237,182
-> 12.6% of original


RESULTS
--------------------------(same file!)
CoderAPCA
ORIGINAL FILE:
-> name: /Users/pablocerve/Documents/FING/Proyecto/datasets-csv/[5]el-nino/el-nino.csv
-> size (bytes): 9,820,158
COMPRESSED FILE:
-> name: /Users/pablocerve/Documents/FING/Proyecto/pc-tesis/dataset_parser/scripts/output/[5]el-nino/apca/el-nino.c.cpp.csv
-> size (bytes): 1,204,851
-> 12.27% of original


RESULTS
--------------------------(same file!)
CoderAPCA
ORIGINAL FILE:
-> name: /Users/pablocerve/Documents/FING/Proyecto/datasets-csv/[5]el-nino/el-nino.csv
-> size (bytes): 9,820,158
COMPRESSED FILE:
-> name: /Users/pablocerve/Documents/FING/Proyecto/pc-tesis/dataset_parser/scripts/output/[5]el-nino/apca/el-nino.c.cpp.csv
-> size (bytes): 1,219,308
-> 12.42% of original


RESULTS
--------------------------(same file!)
CoderAPCA
ORIGINAL FILE:
-> name: /Users/pablocerve/Documents/FING/Proyecto/datasets-csv/[5]el-nino/el-nino.csv
-> size (bytes): 9,820,158
COMPRESSED FILE:
-> name: /Users/pablocerve/Documents/FING/Proyecto/pc-tesis/dataset_parser/scripts/output/[5]el-nino/apca/el-nino.c.cpp.csv
-> size (bytes): 1,258,381
-> 12.81% of original


RESULTS
--------------------------(same file!)
CoderAPCA
ORIGINAL FILE:
-> name: /Users/pablocerve/Documents/FING/Proyecto/datasets-csv/[5]el-nino/el-nino.csv
-> size (bytes): 9,820,158
COMPRESSED FILE:
-> name: /Users/pablocerve/Documents/FING/Proyecto/pc-tesis/dataset_parser/scripts/output/[5]el-nino/apca/el-nino.c.cpp.csv
-> size (bytes): 1,726,043
-> 17.58% of original


RESULTS
--------------------------(same file!)
CoderAPCA
ORIGINAL FILE:
-> name: /Users/pablocerve/Documents/FING/Proyecto/datasets-csv/[5]el-nino/el-nino.csv
-> size (bytes): 9,820,158
COMPRESSED FILE:
-> name: /Users/pablocerve/Documents/FING/Proyecto/pc-tesis/dataset_parser/scripts/output/[5]el-nino/apca/el-nino.c.cpp.csv
-> size (bytes): 1,307,214
-> 13.31% of original


RESULTS
--------------------------(same file!)
CoderAPCA
ORIGINAL FILE:
-> name: /Users/pablocerve/Documents/FING/Proyecto/datasets-csv/[5]el-nino/el-nino.csv
-> size (bytes): 9,820,158
COMPRESSED FILE:
-> name: /Users/pablocerve/Documents/FING/Proyecto/pc-tesis/dataset_parser/scripts/output/[5]el-nino/apca/el-nino.c.cpp.csv
-> size (bytes): 1,064,456
-> 10.84% of original


RESULTS
--------------------------(same file!)
CoderAPCA
ORIGINAL FILE:
-> name: /Users/pablocerve/Documents/FING/Proyecto/datasets-csv/[5]el-nino/el-nino.csv
-> size (bytes): 9,820,158
COMPRESSED FILE:
-> name: /Users/pablocerve/Documents/FING/Proyecto/pc-tesis/dataset_parser/scripts/output/[5]el-nino/apca/el-nino.c.cpp.csv
-> size (bytes): 1,019,042
-> 10.38% of original


RESULTS
--------------------------(same file!)
CoderAPCA
ORIGINAL FILE:
-> name: /Users/pablocerve/Documents/FING/Proyecto/datasets-csv/[5]el-nino/el-nino.csv
-> size (bytes): 9,820,158
COMPRESSED FILE:
-> name: /Users/pablocerve/Documents/FING/Proyecto/pc-tesis/dataset_parser/scripts/output/[5]el-nino/apca/el-nino.c.cpp.csv
-> size (bytes): 1,021,546
-> 10.4% of original


RESULTS
--------------------------(same file!)
CoderAPCA
ORIGINAL FILE:
-> name: /Users/pablocerve/Documents/FING/Proyecto/datasets-csv/[5]el-nino/el-nino.csv
-> size (bytes): 9,820,158
COMPRESSED FILE:
-> name: /Users/pablocerve/Documents/FING/Proyecto/pc-tesis/dataset_parser/scripts/output/[5]el-nino/apca/el-nino.c.cpp.csv
-> size (bytes): 1,049,175
-> 10.68% of original


RESULTS
--------------------------(same file!)
CoderAPCA
ORIGINAL FILE:
-> name: /Users/pablocerve/Documents/FING/Proyecto/datasets-csv/[5]el-nino/el-nino.csv
-> size (bytes): 9,820,158
COMPRESSED FILE:
-> name: /Users/pablocerve/Documents/FING/Proyecto/pc-tesis/dataset_parser/scripts/output/[5]el-nino/apca/el-nino.c.cpp.csv
-> size (bytes): 1,633,583
-> 16.63% of original


RESULTS
--------------------------(same file!)
CoderAPCA
ORIGINAL FILE:
-> name: /Users/pablocerve/Documents/FING/Proyecto/datasets-csv/[5]el-nino/el-nino.csv
-> size (bytes): 9,820,158
COMPRESSED FILE:
-> name: /Users/pablocerve/Documents/FING/Proyecto/pc-tesis/dataset_parser/scripts/output/[5]el-nino/apca/el-nino.c.cpp.csv
-> size (bytes): 1,195,398
-> 12.17% of original


RESULTS
--------------------------(same file!)
CoderAPCA
ORIGINAL FILE:
-> name: /Users/pablocerve/Documents/FING/Proyecto/datasets-csv/[5]el-nino/el-nino.csv
-> size (bytes): 9,820,158
COMPRESSED FILE:
-> name: /Users/pablocerve/Documents/FING/Proyecto/pc-tesis/dataset_parser/scripts/output/[5]el-nino/apca/el-nino.c.cpp.csv
-> size (bytes): 938,096
-> 9.55% of original


RESULTS
--------------------------(same file!)
CoderAPCA
ORIGINAL FILE:
-> name: /Users/pablocerve/Documents/FING/Proyecto/datasets-csv/[5]el-nino/el-nino.csv
-> size (bytes): 9,820,158
COMPRESSED FILE:
-> name: /Users/pablocerve/Documents/FING/Proyecto/pc-tesis/dataset_parser/scripts/output/[5]el-nino/apca/el-nino.c.cpp.csv
-> size (bytes): 882,873
-> 8.99% of original


RESULTS
--------------------------(same file!)
CoderAPCA
ORIGINAL FILE:
-> name: /Users/pablocerve/Documents/FING/Proyecto/datasets-csv/[5]el-nino/el-nino.csv
-> size (bytes): 9,820,158
COMPRESSED FILE:
-> name: /Users/pablocerve/Documents/FING/Proyecto/pc-tesis/dataset_parser/scripts/output/[5]el-nino/apca/el-nino.c.cpp.csv
-> size (bytes): 876,513
-> 8.93% of original


RESULTS
--------------------------(same file!)
CoderAPCA
ORIGINAL FILE:
-> name: /Users/pablocerve/Documents/FING/Proyecto/datasets-csv/[5]el-nino/el-nino.csv
-> size (bytes): 9,820,158
COMPRESSED FILE:
-> name: /Users/pablocerve/Documents/FING/Proyecto/pc-tesis/dataset_parser/scripts/output/[5]el-nino/apca/el-nino.c.cpp.csv
-> size (bytes): 895,693
-> 9.12% of original


RESULTS
--------------------------(same file!)
CoderAPCA
ORIGINAL FILE:
-> name: /Users/pablocerve/Documents/FING/Proyecto/datasets-csv/[5]el-nino/el-nino.csv
-> size (bytes): 9,820,158
COMPRESSED FILE:
-> name: /Users/pablocerve/Documents/FING/Proyecto/pc-tesis/dataset_parser/scripts/output/[5]el-nino/apca/el-nino.c.cpp.csv
-> size (bytes): 1,501,417
-> 15.29% of original


RESULTS
--------------------------(same file!)
CoderAPCA
ORIGINAL FILE:
-> name: /Users/pablocerve/Documents/FING/Proyecto/datasets-csv/[5]el-nino/el-nino.csv
-> size (bytes): 9,820,158
COMPRESSED FILE:
-> name: /Users/pablocerve/Documents/FING/Proyecto/pc-tesis/dataset_parser/scripts/output/[5]el-nino/apca/el-nino.c.cpp.csv
-> size (bytes): 1,031,115
-> 10.5% of original


RESULTS
--------------------------(same file!)
CoderAPCA
ORIGINAL FILE:
-> name: /Users/pablocerve/Documents/FING/Proyecto/datasets-csv/[5]el-nino/el-nino.csv
-> size (bytes): 9,820,158
COMPRESSED FILE:
-> name: /Users/pablocerve/Documents/FING/Proyecto/pc-tesis/dataset_parser/scripts/output/[5]el-nino/apca/el-nino.c.cpp.csv
-> size (bytes): 750,320
-> 7.64% of original


RESULTS
--------------------------(same file!)
CoderAPCA
ORIGINAL FILE:
-> name: /Users/pablocerve/Documents/FING/Proyecto/datasets-csv/[5]el-nino/el-nino.csv
-> size (bytes): 9,820,158
COMPRESSED FILE:
-> name: /Users/pablocerve/Documents/FING/Proyecto/pc-tesis/dataset_parser/scripts/output/[5]el-nino/apca/el-nino.c.cpp.csv
-> size (bytes): 679,469
-> 6.92% of original


RESULTS
--------------------------(same file!)
CoderAPCA
ORIGINAL FILE:
-> name: /Users/pablocerve/Documents/FING/Proyecto/datasets-csv/[5]el-nino/el-nino.csv
-> size (bytes): 9,820,158
COMPRESSED FILE:
-> name: /Users/pablocerve/Documents/FING/Proyecto/pc-tesis/dataset_parser/scripts/output/[5]el-nino/apca/el-nino.c.cpp.csv
-> size (bytes): 659,629
-> 6.72% of original


RESULTS
--------------------------(same file!)
CoderAPCA
ORIGINAL FILE:
-> name: /Users/pablocerve/Documents/FING/Proyecto/datasets-csv/[5]el-nino/el-nino.csv
-> size (bytes): 9,820,158
COMPRESSED FILE:
-> name: /Users/pablocerve/Documents/FING/Proyecto/pc-tesis/dataset_parser/scripts/output/[5]el-nino/apca/el-nino.c.cpp.csv
-> size (bytes): 666,087
-> 6.78% of original


RESULTS
--------------------------(same file!)
CoderCA
ORIGINAL FILE:
-> name: /Users/pablocerve/Documents/FING/Proyecto/datasets-csv/[5]el-nino/el-nino.csv
-> size (bytes): 9,820,158
COMPRESSED FILE:
-> name: /Users/pablocerve/Documents/FING/Proyecto/pc-tesis/dataset_parser/scripts/output/[5]el-nino/ca/el-nino.c.cpp.csv
-> size (bytes): 2,573,665
-> 26.21% of original


RESULTS
--------------------------(same file!)
CoderCA
ORIGINAL FILE:
-> name: /Users/pablocerve/Documents/FING/Proyecto/datasets-csv/[5]el-nino/el-nino.csv
-> size (bytes): 9,820,158
COMPRESSED FILE:
-> name: /Users/pablocerve/Documents/FING/Proyecto/pc-tesis/dataset_parser/scripts/output/[5]el-nino/ca/el-nino.c.cpp.csv
-> size (bytes): 2,255,682
-> 22.97% of original


RESULTS
--------------------------(same file!)
CoderCA
ORIGINAL FILE:
-> name: /Users/pablocerve/Documents/FING/Proyecto/datasets-csv/[5]el-nino/el-nino.csv
-> size (bytes): 9,820,158
COMPRESSED FILE:
-> name: /Users/pablocerve/Documents/FING/Proyecto/pc-tesis/dataset_parser/scripts/output/[5]el-nino/ca/el-nino.c.cpp.csv
-> size (bytes): 2,092,879
-> 21.31% of original


RESULTS
--------------------------(same file!)
CoderCA
ORIGINAL FILE:
-> name: /Users/pablocerve/Documents/FING/Proyecto/datasets-csv/[5]el-nino/el-nino.csv
-> size (bytes): 9,820,158
COMPRESSED FILE:
-> name: /Users/pablocerve/Documents/FING/Proyecto/pc-tesis/dataset_parser/scripts/output/[5]el-nino/ca/el-nino.c.cpp.csv
-> size (bytes): 2,115,028
-> 21.54% of original


RESULTS
--------------------------(same file!)
CoderCA
ORIGINAL FILE:
-> name: /Users/pablocerve/Documents/FING/Proyecto/datasets-csv/[5]el-nino/el-nino.csv
-> size (bytes): 9,820,158
COMPRESSED FILE:
-> name: /Users/pablocerve/Documents/FING/Proyecto/pc-tesis/dataset_parser/scripts/output/[5]el-nino/ca/el-nino.c.cpp.csv
-> size (bytes): 2,182,257
-> 22.22% of original


RESULTS
--------------------------(same file!)
CoderCA
ORIGINAL FILE:
-> name: /Users/pablocerve/Documents/FING/Proyecto/datasets-csv/[5]el-nino/el-nino.csv
-> size (bytes): 9,820,158
COMPRESSED FILE:
-> name: /Users/pablocerve/Documents/FING/Proyecto/pc-tesis/dataset_parser/scripts/output/[5]el-nino/ca/el-nino.c.cpp.csv
-> size (bytes): 2,273,021
-> 23.15% of original


RESULTS
--------------------------(same file!)
CoderCA
ORIGINAL FILE:
-> name: /Users/pablocerve/Documents/FING/Proyecto/datasets-csv/[5]el-nino/el-nino.csv
-> size (bytes): 9,820,158
COMPRESSED FILE:
-> name: /Users/pablocerve/Documents/FING/Proyecto/pc-tesis/dataset_parser/scripts/output/[5]el-nino/ca/el-nino.c.cpp.csv
-> size (bytes): 2,542,229
-> 25.89% of original


RESULTS
--------------------------(same file!)
CoderCA
ORIGINAL FILE:
-> name: /Users/pablocerve/Documents/FING/Proyecto/datasets-csv/[5]el-nino/el-nino.csv
-> size (bytes): 9,820,158
COMPRESSED FILE:
-> name: /Users/pablocerve/Documents/FING/Proyecto/pc-tesis/dataset_parser/scripts/output/[5]el-nino/ca/el-nino.c.cpp.csv
-> size (bytes): 2,221,238
-> 22.62% of original


RESULTS
--------------------------(same file!)
CoderCA
ORIGINAL FILE:
-> name: /Users/pablocerve/Documents/FING/Proyecto/datasets-csv/[5]el-nino/el-nino.csv
-> size (bytes): 9,820,158
COMPRESSED FILE:
-> name: /Users/pablocerve/Documents/FING/Proyecto/pc-tesis/dataset_parser/scripts/output/[5]el-nino/ca/el-nino.c.cpp.csv
-> size (bytes): 2,055,671
-> 20.93% of original


RESULTS
--------------------------(same file!)
CoderCA
ORIGINAL FILE:
-> name: /Users/pablocerve/Documents/FING/Proyecto/datasets-csv/[5]el-nino/el-nino.csv
-> size (bytes): 9,820,158
COMPRESSED FILE:
-> name: /Users/pablocerve/Documents/FING/Proyecto/pc-tesis/dataset_parser/scripts/output/[5]el-nino/ca/el-nino.c.cpp.csv
-> size (bytes): 2,075,479
-> 21.13% of original


RESULTS
--------------------------(same file!)
CoderCA
ORIGINAL FILE:
-> name: /Users/pablocerve/Documents/FING/Proyecto/datasets-csv/[5]el-nino/el-nino.csv
-> size (bytes): 9,820,158
COMPRESSED FILE:
-> name: /Users/pablocerve/Documents/FING/Proyecto/pc-tesis/dataset_parser/scripts/output/[5]el-nino/ca/el-nino.c.cpp.csv
-> size (bytes): 2,140,505
-> 21.8% of original


RESULTS
--------------------------(same file!)
CoderCA
ORIGINAL FILE:
-> name: /Users/pablocerve/Documents/FING/Proyecto/datasets-csv/[5]el-nino/el-nino.csv
-> size (bytes): 9,820,158
COMPRESSED FILE:
-> name: /Users/pablocerve/Documents/FING/Proyecto/pc-tesis/dataset_parser/scripts/output/[5]el-nino/ca/el-nino.c.cpp.csv
-> size (bytes): 2,229,120
-> 22.7% of original


RESULTS
--------------------------(same file!)
CoderCA
ORIGINAL FILE:
-> name: /Users/pablocerve/Documents/FING/Proyecto/datasets-csv/[5]el-nino/el-nino.csv
-> size (bytes): 9,820,158
COMPRESSED FILE:
-> name: /Users/pablocerve/Documents/FING/Proyecto/pc-tesis/dataset_parser/scripts/output/[5]el-nino/ca/el-nino.c.cpp.csv
-> size (bytes): 2,438,775
-> 24.83% of original


RESULTS
--------------------------(same file!)
CoderCA
ORIGINAL FILE:
-> name: /Users/pablocerve/Documents/FING/Proyecto/datasets-csv/[5]el-nino/el-nino.csv
-> size (bytes): 9,820,158
COMPRESSED FILE:
-> name: /Users/pablocerve/Documents/FING/Proyecto/pc-tesis/dataset_parser/scripts/output/[5]el-nino/ca/el-nino.c.cpp.csv
-> size (bytes): 2,100,772
-> 21.39% of original


RESULTS
--------------------------(same file!)
CoderCA
ORIGINAL FILE:
-> name: /Users/pablocerve/Documents/FING/Proyecto/datasets-csv/[5]el-nino/el-nino.csv
-> size (bytes): 9,820,158
COMPRESSED FILE:
-> name: /Users/pablocerve/Documents/FING/Proyecto/pc-tesis/dataset_parser/scripts/output/[5]el-nino/ca/el-nino.c.cpp.csv
-> size (bytes): 1,921,528
-> 19.57% of original


RESULTS
--------------------------(same file!)
CoderCA
ORIGINAL FILE:
-> name: /Users/pablocerve/Documents/FING/Proyecto/datasets-csv/[5]el-nino/el-nino.csv
-> size (bytes): 9,820,158
COMPRESSED FILE:
-> name: /Users/pablocerve/Documents/FING/Proyecto/pc-tesis/dataset_parser/scripts/output/[5]el-nino/ca/el-nino.c.cpp.csv
-> size (bytes): 1,932,079
-> 19.67% of original


RESULTS
--------------------------(same file!)
CoderCA
ORIGINAL FILE:
-> name: /Users/pablocerve/Documents/FING/Proyecto/datasets-csv/[5]el-nino/el-nino.csv
-> size (bytes): 9,820,158
COMPRESSED FILE:
-> name: /Users/pablocerve/Documents/FING/Proyecto/pc-tesis/dataset_parser/scripts/output/[5]el-nino/ca/el-nino.c.cpp.csv
-> size (bytes): 1,988,916
-> 20.25% of original


RESULTS
--------------------------(same file!)
CoderCA
ORIGINAL FILE:
-> name: /Users/pablocerve/Documents/FING/Proyecto/datasets-csv/[5]el-nino/el-nino.csv
-> size (bytes): 9,820,158
COMPRESSED FILE:
-> name: /Users/pablocerve/Documents/FING/Proyecto/pc-tesis/dataset_parser/scripts/output/[5]el-nino/ca/el-nino.c.cpp.csv
-> size (bytes): 2,069,782
-> 21.08% of original


RESULTS
--------------------------(same file!)
CoderCA
ORIGINAL FILE:
-> name: /Users/pablocerve/Documents/FING/Proyecto/datasets-csv/[5]el-nino/el-nino.csv
-> size (bytes): 9,820,158
COMPRESSED FILE:
-> name: /Users/pablocerve/Documents/FING/Proyecto/pc-tesis/dataset_parser/scripts/output/[5]el-nino/ca/el-nino.c.cpp.csv
-> size (bytes): 2,372,766
-> 24.16% of original


RESULTS
--------------------------(same file!)
CoderCA
ORIGINAL FILE:
-> name: /Users/pablocerve/Documents/FING/Proyecto/datasets-csv/[5]el-nino/el-nino.csv
-> size (bytes): 9,820,158
COMPRESSED FILE:
-> name: /Users/pablocerve/Documents/FING/Proyecto/pc-tesis/dataset_parser/scripts/output/[5]el-nino/ca/el-nino.c.cpp.csv
-> size (bytes): 2,023,157
-> 20.6% of original


RESULTS
--------------------------(same file!)
CoderCA
ORIGINAL FILE:
-> name: /Users/pablocerve/Documents/FING/Proyecto/datasets-csv/[5]el-nino/el-nino.csv
-> size (bytes): 9,820,158
COMPRESSED FILE:
-> name: /Users/pablocerve/Documents/FING/Proyecto/pc-tesis/dataset_parser/scripts/output/[5]el-nino/ca/el-nino.c.cpp.csv
-> size (bytes): 1,835,077
-> 18.69% of original


RESULTS
--------------------------(same file!)
CoderCA
ORIGINAL FILE:
-> name: /Users/pablocerve/Documents/FING/Proyecto/datasets-csv/[5]el-nino/el-nino.csv
-> size (bytes): 9,820,158
COMPRESSED FILE:
-> name: /Users/pablocerve/Documents/FING/Proyecto/pc-tesis/dataset_parser/scripts/output/[5]el-nino/ca/el-nino.c.cpp.csv
-> size (bytes): 1,839,327
-> 18.73% of original


RESULTS
--------------------------(same file!)
CoderCA
ORIGINAL FILE:
-> name: /Users/pablocerve/Documents/FING/Proyecto/datasets-csv/[5]el-nino/el-nino.csv
-> size (bytes): 9,820,158
COMPRESSED FILE:
-> name: /Users/pablocerve/Documents/FING/Proyecto/pc-tesis/dataset_parser/scripts/output/[5]el-nino/ca/el-nino.c.cpp.csv
-> size (bytes): 1,890,500
-> 19.25% of original


RESULTS
--------------------------(same file!)
CoderCA
ORIGINAL FILE:
-> name: /Users/pablocerve/Documents/FING/Proyecto/datasets-csv/[5]el-nino/el-nino.csv
-> size (bytes): 9,820,158
COMPRESSED FILE:
-> name: /Users/pablocerve/Documents/FING/Proyecto/pc-tesis/dataset_parser/scripts/output/[5]el-nino/ca/el-nino.c.cpp.csv
-> size (bytes): 1,966,022
-> 20.02% of original


RESULTS
--------------------------(same file!)
CoderCA
ORIGINAL FILE:
-> name: /Users/pablocerve/Documents/FING/Proyecto/datasets-csv/[5]el-nino/el-nino.csv
-> size (bytes): 9,820,158
COMPRESSED FILE:
-> name: /Users/pablocerve/Documents/FING/Proyecto/pc-tesis/dataset_parser/scripts/output/[5]el-nino/ca/el-nino.c.cpp.csv
-> size (bytes): 2,230,753
-> 22.72% of original


RESULTS
--------------------------(same file!)
CoderCA
ORIGINAL FILE:
-> name: /Users/pablocerve/Documents/FING/Proyecto/datasets-csv/[5]el-nino/el-nino.csv
-> size (bytes): 9,820,158
COMPRESSED FILE:
-> name: /Users/pablocerve/Documents/FING/Proyecto/pc-tesis/dataset_parser/scripts/output/[5]el-nino/ca/el-nino.c.cpp.csv
-> size (bytes): 1,850,008
-> 18.84% of original


RESULTS
--------------------------(same file!)
CoderCA
ORIGINAL FILE:
-> name: /Users/pablocerve/Documents/FING/Proyecto/datasets-csv/[5]el-nino/el-nino.csv
-> size (bytes): 9,820,158
COMPRESSED FILE:
-> name: /Users/pablocerve/Documents/FING/Proyecto/pc-tesis/dataset_parser/scripts/output/[5]el-nino/ca/el-nino.c.cpp.csv
-> size (bytes): 1,638,398
-> 16.68% of original


RESULTS
--------------------------(same file!)
CoderCA
ORIGINAL FILE:
-> name: /Users/pablocerve/Documents/FING/Proyecto/datasets-csv/[5]el-nino/el-nino.csv
-> size (bytes): 9,820,158
COMPRESSED FILE:
-> name: /Users/pablocerve/Documents/FING/Proyecto/pc-tesis/dataset_parser/scripts/output/[5]el-nino/ca/el-nino.c.cpp.csv
-> size (bytes): 1,626,568
-> 16.56% of original


RESULTS
--------------------------(same file!)
CoderCA
ORIGINAL FILE:
-> name: /Users/pablocerve/Documents/FING/Proyecto/datasets-csv/[5]el-nino/el-nino.csv
-> size (bytes): 9,820,158
COMPRESSED FILE:
-> name: /Users/pablocerve/Documents/FING/Proyecto/pc-tesis/dataset_parser/scripts/output/[5]el-nino/ca/el-nino.c.cpp.csv
-> size (bytes): 1,663,913
-> 16.94% of original


RESULTS
--------------------------(same file!)
CoderCA
ORIGINAL FILE:
-> name: /Users/pablocerve/Documents/FING/Proyecto/datasets-csv/[5]el-nino/el-nino.csv
-> size (bytes): 9,820,158
COMPRESSED FILE:
-> name: /Users/pablocerve/Documents/FING/Proyecto/pc-tesis/dataset_parser/scripts/output/[5]el-nino/ca/el-nino.c.cpp.csv
-> size (bytes): 1,726,720
-> 17.58% of original


RESULTS
--------------------------(same file!)
CoderCA
ORIGINAL FILE:
-> name: /Users/pablocerve/Documents/FING/Proyecto/datasets-csv/[5]el-nino/el-nino.csv
-> size (bytes): 9,820,158
COMPRESSED FILE:
-> name: /Users/pablocerve/Documents/FING/Proyecto/pc-tesis/dataset_parser/scripts/output/[5]el-nino/ca/el-nino.c.cpp.csv
-> size (bytes): 2,126,769
-> 21.66% of original


RESULTS
--------------------------(same file!)
CoderCA
ORIGINAL FILE:
-> name: /Users/pablocerve/Documents/FING/Proyecto/datasets-csv/[5]el-nino/el-nino.csv
-> size (bytes): 9,820,158
COMPRESSED FILE:
-> name: /Users/pablocerve/Documents/FING/Proyecto/pc-tesis/dataset_parser/scripts/output/[5]el-nino/ca/el-nino.c.cpp.csv
-> size (bytes): 1,719,495
-> 17.51% of original


RESULTS
--------------------------(same file!)
CoderCA
ORIGINAL FILE:
-> name: /Users/pablocerve/Documents/FING/Proyecto/datasets-csv/[5]el-nino/el-nino.csv
-> size (bytes): 9,820,158
COMPRESSED FILE:
-> name: /Users/pablocerve/Documents/FING/Proyecto/pc-tesis/dataset_parser/scripts/output/[5]el-nino/ca/el-nino.c.cpp.csv
-> size (bytes): 1,489,121
-> 15.16% of original


RESULTS
--------------------------(same file!)
CoderCA
ORIGINAL FILE:
-> name: /Users/pablocerve/Documents/FING/Proyecto/datasets-csv/[5]el-nino/el-nino.csv
-> size (bytes): 9,820,158
COMPRESSED FILE:
-> name: /Users/pablocerve/Documents/FING/Proyecto/pc-tesis/dataset_parser/scripts/output/[5]el-nino/ca/el-nino.c.cpp.csv
-> size (bytes): 1,465,403
-> 14.92% of original


RESULTS
--------------------------(same file!)
CoderCA
ORIGINAL FILE:
-> name: /Users/pablocerve/Documents/FING/Proyecto/datasets-csv/[5]el-nino/el-nino.csv
-> size (bytes): 9,820,158
COMPRESSED FILE:
-> name: /Users/pablocerve/Documents/FING/Proyecto/pc-tesis/dataset_parser/scripts/output/[5]el-nino/ca/el-nino.c.cpp.csv
-> size (bytes): 1,492,360
-> 15.2% of original


RESULTS
--------------------------(same file!)
CoderCA
ORIGINAL FILE:
-> name: /Users/pablocerve/Documents/FING/Proyecto/datasets-csv/[5]el-nino/el-nino.csv
-> size (bytes): 9,820,158
COMPRESSED FILE:
-> name: /Users/pablocerve/Documents/FING/Proyecto/pc-tesis/dataset_parser/scripts/output/[5]el-nino/ca/el-nino.c.cpp.csv
-> size (bytes): 1,545,465
-> 15.74% of original


RESULTS
--------------------------(same file!)
CoderCA
ORIGINAL FILE:
-> name: /Users/pablocerve/Documents/FING/Proyecto/datasets-csv/[5]el-nino/el-nino.csv
-> size (bytes): 9,820,158
COMPRESSED FILE:
-> name: /Users/pablocerve/Documents/FING/Proyecto/pc-tesis/dataset_parser/scripts/output/[5]el-nino/ca/el-nino.c.cpp.csv
-> size (bytes): 2,047,474
-> 20.85% of original


RESULTS
--------------------------(same file!)
CoderCA
ORIGINAL FILE:
-> name: /Users/pablocerve/Documents/FING/Proyecto/datasets-csv/[5]el-nino/el-nino.csv
-> size (bytes): 9,820,158
COMPRESSED FILE:
-> name: /Users/pablocerve/Documents/FING/Proyecto/pc-tesis/dataset_parser/scripts/output/[5]el-nino/ca/el-nino.c.cpp.csv
-> size (bytes): 1,619,327
-> 16.49% of original


RESULTS
--------------------------(same file!)
CoderCA
ORIGINAL FILE:
-> name: /Users/pablocerve/Documents/FING/Proyecto/datasets-csv/[5]el-nino/el-nino.csv
-> size (bytes): 9,820,158
COMPRESSED FILE:
-> name: /Users/pablocerve/Documents/FING/Proyecto/pc-tesis/dataset_parser/scripts/output/[5]el-nino/ca/el-nino.c.cpp.csv
-> size (bytes): 1,372,700
-> 13.98% of original


RESULTS
--------------------------(same file!)
CoderCA
ORIGINAL FILE:
-> name: /Users/pablocerve/Documents/FING/Proyecto/datasets-csv/[5]el-nino/el-nino.csv
-> size (bytes): 9,820,158
COMPRESSED FILE:
-> name: /Users/pablocerve/Documents/FING/Proyecto/pc-tesis/dataset_parser/scripts/output/[5]el-nino/ca/el-nino.c.cpp.csv
-> size (bytes): 1,339,422
-> 13.64% of original


RESULTS
--------------------------(same file!)
CoderCA
ORIGINAL FILE:
-> name: /Users/pablocerve/Documents/FING/Proyecto/datasets-csv/[5]el-nino/el-nino.csv
-> size (bytes): 9,820,158
COMPRESSED FILE:
-> name: /Users/pablocerve/Documents/FING/Proyecto/pc-tesis/dataset_parser/scripts/output/[5]el-nino/ca/el-nino.c.cpp.csv
-> size (bytes): 1,357,935
-> 13.83% of original


RESULTS
--------------------------(same file!)
CoderCA
ORIGINAL FILE:
-> name: /Users/pablocerve/Documents/FING/Proyecto/datasets-csv/[5]el-nino/el-nino.csv
-> size (bytes): 9,820,158
COMPRESSED FILE:
-> name: /Users/pablocerve/Documents/FING/Proyecto/pc-tesis/dataset_parser/scripts/output/[5]el-nino/ca/el-nino.c.cpp.csv
-> size (bytes): 1,403,180
-> 14.29% of original


RESULTS
--------------------------(same file!)
CoderCA
ORIGINAL FILE:
-> name: /Users/pablocerve/Documents/FING/Proyecto/datasets-csv/[5]el-nino/el-nino.csv
-> size (bytes): 9,820,158
COMPRESSED FILE:
-> name: /Users/pablocerve/Documents/FING/Proyecto/pc-tesis/dataset_parser/scripts/output/[5]el-nino/ca/el-nino.c.cpp.csv
-> size (bytes): 1,922,753
-> 19.58% of original


RESULTS
--------------------------(same file!)
CoderCA
ORIGINAL FILE:
-> name: /Users/pablocerve/Documents/FING/Proyecto/datasets-csv/[5]el-nino/el-nino.csv
-> size (bytes): 9,820,158
COMPRESSED FILE:
-> name: /Users/pablocerve/Documents/FING/Proyecto/pc-tesis/dataset_parser/scripts/output/[5]el-nino/ca/el-nino.c.cpp.csv
-> size (bytes): 1,459,407
-> 14.86% of original


RESULTS
--------------------------(same file!)
CoderCA
ORIGINAL FILE:
-> name: /Users/pablocerve/Documents/FING/Proyecto/datasets-csv/[5]el-nino/el-nino.csv
-> size (bytes): 9,820,158
COMPRESSED FILE:
-> name: /Users/pablocerve/Documents/FING/Proyecto/pc-tesis/dataset_parser/scripts/output/[5]el-nino/ca/el-nino.c.cpp.csv
-> size (bytes): 1,185,781
-> 12.07% of original


RESULTS
--------------------------(same file!)
CoderCA
ORIGINAL FILE:
-> name: /Users/pablocerve/Documents/FING/Proyecto/datasets-csv/[5]el-nino/el-nino.csv
-> size (bytes): 9,820,158
COMPRESSED FILE:
-> name: /Users/pablocerve/Documents/FING/Proyecto/pc-tesis/dataset_parser/scripts/output/[5]el-nino/ca/el-nino.c.cpp.csv
-> size (bytes): 1,136,255
-> 11.57% of original


RESULTS
--------------------------(same file!)
CoderCA
ORIGINAL FILE:
-> name: /Users/pablocerve/Documents/FING/Proyecto/datasets-csv/[5]el-nino/el-nino.csv
-> size (bytes): 9,820,158
COMPRESSED FILE:
-> name: /Users/pablocerve/Documents/FING/Proyecto/pc-tesis/dataset_parser/scripts/output/[5]el-nino/ca/el-nino.c.cpp.csv
-> size (bytes): 1,141,109
-> 11.62% of original


RESULTS
--------------------------(same file!)
CoderCA
ORIGINAL FILE:
-> name: /Users/pablocerve/Documents/FING/Proyecto/datasets-csv/[5]el-nino/el-nino.csv
-> size (bytes): 9,820,158
COMPRESSED FILE:
-> name: /Users/pablocerve/Documents/FING/Proyecto/pc-tesis/dataset_parser/scripts/output/[5]el-nino/ca/el-nino.c.cpp.csv
-> size (bytes): 1,173,637
-> 11.95% of original


RESULTS
--------------------------(same file!)
CoderPWLH
ORIGINAL FILE:
-> name: /Users/pablocerve/Documents/FING/Proyecto/datasets-csv/[5]el-nino/el-nino.csv
-> size (bytes): 9,820,158
COMPRESSED FILE:
-> name: /Users/pablocerve/Documents/FING/Proyecto/pc-tesis/dataset_parser/scripts/output/[5]el-nino/pwlh/el-nino.c.cpp.csv
-> size (bytes): 6,197,412
-> 63.11% of original


RESULTS
--------------------------(same file!)
CoderPWLH
ORIGINAL FILE:
-> name: /Users/pablocerve/Documents/FING/Proyecto/datasets-csv/[5]el-nino/el-nino.csv
-> size (bytes): 9,820,158
COMPRESSED FILE:
-> name: /Users/pablocerve/Documents/FING/Proyecto/pc-tesis/dataset_parser/scripts/output/[5]el-nino/pwlh/el-nino.c.cpp.csv
-> size (bytes): 5,118,103
-> 52.12% of original


RESULTS
--------------------------(same file!)
CoderPWLH
ORIGINAL FILE:
-> name: /Users/pablocerve/Documents/FING/Proyecto/datasets-csv/[5]el-nino/el-nino.csv
-> size (bytes): 9,820,158
COMPRESSED FILE:
-> name: /Users/pablocerve/Documents/FING/Proyecto/pc-tesis/dataset_parser/scripts/output/[5]el-nino/pwlh/el-nino.c.cpp.csv
-> size (bytes): 4,498,410
-> 45.81% of original


RESULTS
--------------------------(same file!)
CoderPWLH
ORIGINAL FILE:
-> name: /Users/pablocerve/Documents/FING/Proyecto/datasets-csv/[5]el-nino/el-nino.csv
-> size (bytes): 9,820,158
COMPRESSED FILE:
-> name: /Users/pablocerve/Documents/FING/Proyecto/pc-tesis/dataset_parser/scripts/output/[5]el-nino/pwlh/el-nino.c.cpp.csv
-> size (bytes): 4,334,710
-> 44.14% of original


RESULTS
--------------------------(same file!)
CoderPWLH
ORIGINAL FILE:
-> name: /Users/pablocerve/Documents/FING/Proyecto/datasets-csv/[5]el-nino/el-nino.csv
-> size (bytes): 9,820,158
COMPRESSED FILE:
-> name: /Users/pablocerve/Documents/FING/Proyecto/pc-tesis/dataset_parser/scripts/output/[5]el-nino/pwlh/el-nino.c.cpp.csv
-> size (bytes): 4,281,232
-> 43.6% of original


RESULTS
--------------------------(same file!)
CoderPWLH
ORIGINAL FILE:
-> name: /Users/pablocerve/Documents/FING/Proyecto/datasets-csv/[5]el-nino/el-nino.csv
-> size (bytes): 9,820,158
COMPRESSED FILE:
-> name: /Users/pablocerve/Documents/FING/Proyecto/pc-tesis/dataset_parser/scripts/output/[5]el-nino/pwlh/el-nino.c.cpp.csv
-> size (bytes): 4,283,121
-> 43.62% of original


RESULTS
--------------------------(same file!)
CoderPWLH
ORIGINAL FILE:
-> name: /Users/pablocerve/Documents/FING/Proyecto/datasets-csv/[5]el-nino/el-nino.csv
-> size (bytes): 9,820,158
COMPRESSED FILE:
-> name: /Users/pablocerve/Documents/FING/Proyecto/pc-tesis/dataset_parser/scripts/output/[5]el-nino/pwlh/el-nino.c.cpp.csv
-> size (bytes): 6,090,258
-> 62.02% of original


RESULTS
--------------------------(same file!)
CoderPWLH
ORIGINAL FILE:
-> name: /Users/pablocerve/Documents/FING/Proyecto/datasets-csv/[5]el-nino/el-nino.csv
-> size (bytes): 9,820,158
COMPRESSED FILE:
-> name: /Users/pablocerve/Documents/FING/Proyecto/pc-tesis/dataset_parser/scripts/output/[5]el-nino/pwlh/el-nino.c.cpp.csv
-> size (bytes): 5,004,848
-> 50.97% of original


RESULTS
--------------------------(same file!)
CoderPWLH
ORIGINAL FILE:
-> name: /Users/pablocerve/Documents/FING/Proyecto/datasets-csv/[5]el-nino/el-nino.csv
-> size (bytes): 9,820,158
COMPRESSED FILE:
-> name: /Users/pablocerve/Documents/FING/Proyecto/pc-tesis/dataset_parser/scripts/output/[5]el-nino/pwlh/el-nino.c.cpp.csv
-> size (bytes): 4,381,758
-> 44.62% of original


RESULTS
--------------------------(same file!)
CoderPWLH
ORIGINAL FILE:
-> name: /Users/pablocerve/Documents/FING/Proyecto/datasets-csv/[5]el-nino/el-nino.csv
-> size (bytes): 9,820,158
COMPRESSED FILE:
-> name: /Users/pablocerve/Documents/FING/Proyecto/pc-tesis/dataset_parser/scripts/output/[5]el-nino/pwlh/el-nino.c.cpp.csv
-> size (bytes): 4,215,764
-> 42.93% of original


RESULTS
--------------------------(same file!)
CoderPWLH
ORIGINAL FILE:
-> name: /Users/pablocerve/Documents/FING/Proyecto/datasets-csv/[5]el-nino/el-nino.csv
-> size (bytes): 9,820,158
COMPRESSED FILE:
-> name: /Users/pablocerve/Documents/FING/Proyecto/pc-tesis/dataset_parser/scripts/output/[5]el-nino/pwlh/el-nino.c.cpp.csv
-> size (bytes): 4,160,329
-> 42.37% of original


RESULTS
--------------------------(same file!)
CoderPWLH
ORIGINAL FILE:
-> name: /Users/pablocerve/Documents/FING/Proyecto/datasets-csv/[5]el-nino/el-nino.csv
-> size (bytes): 9,820,158
COMPRESSED FILE:
-> name: /Users/pablocerve/Documents/FING/Proyecto/pc-tesis/dataset_parser/scripts/output/[5]el-nino/pwlh/el-nino.c.cpp.csv
-> size (bytes): 4,160,434
-> 42.37% of original


RESULTS
--------------------------(same file!)
CoderPWLH
ORIGINAL FILE:
-> name: /Users/pablocerve/Documents/FING/Proyecto/datasets-csv/[5]el-nino/el-nino.csv
-> size (bytes): 9,820,158
COMPRESSED FILE:
-> name: /Users/pablocerve/Documents/FING/Proyecto/pc-tesis/dataset_parser/scripts/output/[5]el-nino/pwlh/el-nino.c.cpp.csv
-> size (bytes): 5,802,385
-> 59.09% of original


RESULTS
--------------------------(same file!)
CoderPWLH
ORIGINAL FILE:
-> name: /Users/pablocerve/Documents/FING/Proyecto/datasets-csv/[5]el-nino/el-nino.csv
-> size (bytes): 9,820,158
COMPRESSED FILE:
-> name: /Users/pablocerve/Documents/FING/Proyecto/pc-tesis/dataset_parser/scripts/output/[5]el-nino/pwlh/el-nino.c.cpp.csv
-> size (bytes): 4,669,223
-> 47.55% of original


RESULTS
--------------------------(same file!)
CoderPWLH
ORIGINAL FILE:
-> name: /Users/pablocerve/Documents/FING/Proyecto/datasets-csv/[5]el-nino/el-nino.csv
-> size (bytes): 9,820,158
COMPRESSED FILE:
-> name: /Users/pablocerve/Documents/FING/Proyecto/pc-tesis/dataset_parser/scripts/output/[5]el-nino/pwlh/el-nino.c.cpp.csv
-> size (bytes): 4,020,122
-> 40.94% of original


RESULTS
--------------------------(same file!)
CoderPWLH
ORIGINAL FILE:
-> name: /Users/pablocerve/Documents/FING/Proyecto/datasets-csv/[5]el-nino/el-nino.csv
-> size (bytes): 9,820,158
COMPRESSED FILE:
-> name: /Users/pablocerve/Documents/FING/Proyecto/pc-tesis/dataset_parser/scripts/output/[5]el-nino/pwlh/el-nino.c.cpp.csv
-> size (bytes): 3,842,638
-> 39.13% of original


RESULTS
--------------------------(same file!)
CoderPWLH
ORIGINAL FILE:
-> name: /Users/pablocerve/Documents/FING/Proyecto/datasets-csv/[5]el-nino/el-nino.csv
-> size (bytes): 9,820,158
COMPRESSED FILE:
-> name: /Users/pablocerve/Documents/FING/Proyecto/pc-tesis/dataset_parser/scripts/output/[5]el-nino/pwlh/el-nino.c.cpp.csv
-> size (bytes): 3,779,355
-> 38.49% of original


RESULTS
--------------------------(same file!)
CoderPWLH
ORIGINAL FILE:
-> name: /Users/pablocerve/Documents/FING/Proyecto/datasets-csv/[5]el-nino/el-nino.csv
-> size (bytes): 9,820,158
COMPRESSED FILE:
-> name: /Users/pablocerve/Documents/FING/Proyecto/pc-tesis/dataset_parser/scripts/output/[5]el-nino/pwlh/el-nino.c.cpp.csv
-> size (bytes): 3,773,311
-> 38.42% of original


RESULTS
--------------------------(same file!)
CoderPWLH
ORIGINAL FILE:
-> name: /Users/pablocerve/Documents/FING/Proyecto/datasets-csv/[5]el-nino/el-nino.csv
-> size (bytes): 9,820,158
COMPRESSED FILE:
-> name: /Users/pablocerve/Documents/FING/Proyecto/pc-tesis/dataset_parser/scripts/output/[5]el-nino/pwlh/el-nino.c.cpp.csv
-> size (bytes): 5,629,821
-> 57.33% of original


RESULTS
--------------------------(same file!)
CoderPWLH
ORIGINAL FILE:
-> name: /Users/pablocerve/Documents/FING/Proyecto/datasets-csv/[5]el-nino/el-nino.csv
-> size (bytes): 9,820,158
COMPRESSED FILE:
-> name: /Users/pablocerve/Documents/FING/Proyecto/pc-tesis/dataset_parser/scripts/output/[5]el-nino/pwlh/el-nino.c.cpp.csv
-> size (bytes): 4,458,397
-> 45.4% of original


RESULTS
--------------------------(same file!)
CoderPWLH
ORIGINAL FILE:
-> name: /Users/pablocerve/Documents/FING/Proyecto/datasets-csv/[5]el-nino/el-nino.csv
-> size (bytes): 9,820,158
COMPRESSED FILE:
-> name: /Users/pablocerve/Documents/FING/Proyecto/pc-tesis/dataset_parser/scripts/output/[5]el-nino/pwlh/el-nino.c.cpp.csv
-> size (bytes): 3,793,563
-> 38.63% of original


RESULTS
--------------------------(same file!)
CoderPWLH
ORIGINAL FILE:
-> name: /Users/pablocerve/Documents/FING/Proyecto/datasets-csv/[5]el-nino/el-nino.csv
-> size (bytes): 9,820,158
COMPRESSED FILE:
-> name: /Users/pablocerve/Documents/FING/Proyecto/pc-tesis/dataset_parser/scripts/output/[5]el-nino/pwlh/el-nino.c.cpp.csv
-> size (bytes): 3,609,302
-> 36.75% of original


RESULTS
--------------------------(same file!)
CoderPWLH
ORIGINAL FILE:
-> name: /Users/pablocerve/Documents/FING/Proyecto/datasets-csv/[5]el-nino/el-nino.csv
-> size (bytes): 9,820,158
COMPRESSED FILE:
-> name: /Users/pablocerve/Documents/FING/Proyecto/pc-tesis/dataset_parser/scripts/output/[5]el-nino/pwlh/el-nino.c.cpp.csv
-> size (bytes): 3,541,145
-> 36.06% of original


RESULTS
--------------------------(same file!)
CoderPWLH
ORIGINAL FILE:
-> name: /Users/pablocerve/Documents/FING/Proyecto/datasets-csv/[5]el-nino/el-nino.csv
-> size (bytes): 9,820,158
COMPRESSED FILE:
-> name: /Users/pablocerve/Documents/FING/Proyecto/pc-tesis/dataset_parser/scripts/output/[5]el-nino/pwlh/el-nino.c.cpp.csv
-> size (bytes): 3,530,988
-> 35.96% of original


RESULTS
--------------------------(same file!)
CoderPWLH
ORIGINAL FILE:
-> name: /Users/pablocerve/Documents/FING/Proyecto/datasets-csv/[5]el-nino/el-nino.csv
-> size (bytes): 9,820,158
COMPRESSED FILE:
-> name: /Users/pablocerve/Documents/FING/Proyecto/pc-tesis/dataset_parser/scripts/output/[5]el-nino/pwlh/el-nino.c.cpp.csv
-> size (bytes): 5,272,403
-> 53.69% of original


RESULTS
--------------------------(same file!)
CoderPWLH
ORIGINAL FILE:
-> name: /Users/pablocerve/Documents/FING/Proyecto/datasets-csv/[5]el-nino/el-nino.csv
-> size (bytes): 9,820,158
COMPRESSED FILE:
-> name: /Users/pablocerve/Documents/FING/Proyecto/pc-tesis/dataset_parser/scripts/output/[5]el-nino/pwlh/el-nino.c.cpp.csv
-> size (bytes): 4,004,699
-> 40.78% of original


RESULTS
--------------------------(same file!)
CoderPWLH
ORIGINAL FILE:
-> name: /Users/pablocerve/Documents/FING/Proyecto/datasets-csv/[5]el-nino/el-nino.csv
-> size (bytes): 9,820,158
COMPRESSED FILE:
-> name: /Users/pablocerve/Documents/FING/Proyecto/pc-tesis/dataset_parser/scripts/output/[5]el-nino/pwlh/el-nino.c.cpp.csv
-> size (bytes): 3,290,537
-> 33.51% of original


RESULTS
--------------------------(same file!)
CoderPWLH
ORIGINAL FILE:
-> name: /Users/pablocerve/Documents/FING/Proyecto/datasets-csv/[5]el-nino/el-nino.csv
-> size (bytes): 9,820,158
COMPRESSED FILE:
-> name: /Users/pablocerve/Documents/FING/Proyecto/pc-tesis/dataset_parser/scripts/output/[5]el-nino/pwlh/el-nino.c.cpp.csv
-> size (bytes): 3,087,310
-> 31.44% of original


RESULTS
--------------------------(same file!)
CoderPWLH
ORIGINAL FILE:
-> name: /Users/pablocerve/Documents/FING/Proyecto/datasets-csv/[5]el-nino/el-nino.csv
-> size (bytes): 9,820,158
COMPRESSED FILE:
-> name: /Users/pablocerve/Documents/FING/Proyecto/pc-tesis/dataset_parser/scripts/output/[5]el-nino/pwlh/el-nino.c.cpp.csv
-> size (bytes): 3,006,270
-> 30.61% of original


RESULTS
--------------------------(same file!)
CoderPWLH
ORIGINAL FILE:
-> name: /Users/pablocerve/Documents/FING/Proyecto/datasets-csv/[5]el-nino/el-nino.csv
-> size (bytes): 9,820,158
COMPRESSED FILE:
-> name: /Users/pablocerve/Documents/FING/Proyecto/pc-tesis/dataset_parser/scripts/output/[5]el-nino/pwlh/el-nino.c.cpp.csv
-> size (bytes): 2,985,939
-> 30.41% of original


RESULTS
--------------------------(same file!)
CoderPWLH
ORIGINAL FILE:
-> name: /Users/pablocerve/Documents/FING/Proyecto/datasets-csv/[5]el-nino/el-nino.csv
-> size (bytes): 9,820,158
COMPRESSED FILE:
-> name: /Users/pablocerve/Documents/FING/Proyecto/pc-tesis/dataset_parser/scripts/output/[5]el-nino/pwlh/el-nino.c.cpp.csv
-> size (bytes): 5,015,171
-> 51.07% of original


RESULTS
--------------------------(same file!)
CoderPWLH
ORIGINAL FILE:
-> name: /Users/pablocerve/Documents/FING/Proyecto/datasets-csv/[5]el-nino/el-nino.csv
-> size (bytes): 9,820,158
COMPRESSED FILE:
-> name: /Users/pablocerve/Documents/FING/Proyecto/pc-tesis/dataset_parser/scripts/output/[5]el-nino/pwlh/el-nino.c.cpp.csv
-> size (bytes): 3,669,982
-> 37.37% of original


RESULTS
--------------------------(same file!)
CoderPWLH
ORIGINAL FILE:
-> name: /Users/pablocerve/Documents/FING/Proyecto/datasets-csv/[5]el-nino/el-nino.csv
-> size (bytes): 9,820,158
COMPRESSED FILE:
-> name: /Users/pablocerve/Documents/FING/Proyecto/pc-tesis/dataset_parser/scripts/output/[5]el-nino/pwlh/el-nino.c.cpp.csv
-> size (bytes): 2,911,402
-> 29.65% of original


RESULTS
--------------------------(same file!)
CoderPWLH
ORIGINAL FILE:
-> name: /Users/pablocerve/Documents/FING/Proyecto/datasets-csv/[5]el-nino/el-nino.csv
-> size (bytes): 9,820,158
COMPRESSED FILE:
-> name: /Users/pablocerve/Documents/FING/Proyecto/pc-tesis/dataset_parser/scripts/output/[5]el-nino/pwlh/el-nino.c.cpp.csv
-> size (bytes): 2,692,993
-> 27.42% of original


RESULTS
--------------------------(same file!)
CoderPWLH
ORIGINAL FILE:
-> name: /Users/pablocerve/Documents/FING/Proyecto/datasets-csv/[5]el-nino/el-nino.csv
-> size (bytes): 9,820,158
COMPRESSED FILE:
-> name: /Users/pablocerve/Documents/FING/Proyecto/pc-tesis/dataset_parser/scripts/output/[5]el-nino/pwlh/el-nino.c.cpp.csv
-> size (bytes): 2,602,455
-> 26.5% of original


RESULTS
--------------------------(same file!)
CoderPWLH
ORIGINAL FILE:
-> name: /Users/pablocerve/Documents/FING/Proyecto/datasets-csv/[5]el-nino/el-nino.csv
-> size (bytes): 9,820,158
COMPRESSED FILE:
-> name: /Users/pablocerve/Documents/FING/Proyecto/pc-tesis/dataset_parser/scripts/output/[5]el-nino/pwlh/el-nino.c.cpp.csv
-> size (bytes): 2,574,929
-> 26.22% of original


RESULTS
--------------------------(same file!)
CoderPWLH
ORIGINAL FILE:
-> name: /Users/pablocerve/Documents/FING/Proyecto/datasets-csv/[5]el-nino/el-nino.csv
-> size (bytes): 9,820,158
COMPRESSED FILE:
-> name: /Users/pablocerve/Documents/FING/Proyecto/pc-tesis/dataset_parser/scripts/output/[5]el-nino/pwlh/el-nino.c.cpp.csv
-> size (bytes): 4,823,250
-> 49.12% of original


RESULTS
--------------------------(same file!)
CoderPWLH
ORIGINAL FILE:
-> name: /Users/pablocerve/Documents/FING/Proyecto/datasets-csv/[5]el-nino/el-nino.csv
-> size (bytes): 9,820,158
COMPRESSED FILE:
-> name: /Users/pablocerve/Documents/FING/Proyecto/pc-tesis/dataset_parser/scripts/output/[5]el-nino/pwlh/el-nino.c.cpp.csv
-> size (bytes): 3,413,136
-> 34.76% of original


RESULTS
--------------------------(same file!)
CoderPWLH
ORIGINAL FILE:
-> name: /Users/pablocerve/Documents/FING/Proyecto/datasets-csv/[5]el-nino/el-nino.csv
-> size (bytes): 9,820,158
COMPRESSED FILE:
-> name: /Users/pablocerve/Documents/FING/Proyecto/pc-tesis/dataset_parser/scripts/output/[5]el-nino/pwlh/el-nino.c.cpp.csv
-> size (bytes): 2,620,297
-> 26.68% of original


RESULTS
--------------------------(same file!)
CoderPWLH
ORIGINAL FILE:
-> name: /Users/pablocerve/Documents/FING/Proyecto/datasets-csv/[5]el-nino/el-nino.csv
-> size (bytes): 9,820,158
COMPRESSED FILE:
-> name: /Users/pablocerve/Documents/FING/Proyecto/pc-tesis/dataset_parser/scripts/output/[5]el-nino/pwlh/el-nino.c.cpp.csv
-> size (bytes): 2,389,322
-> 24.33% of original


RESULTS
--------------------------(same file!)
CoderPWLH
ORIGINAL FILE:
-> name: /Users/pablocerve/Documents/FING/Proyecto/datasets-csv/[5]el-nino/el-nino.csv
-> size (bytes): 9,820,158
COMPRESSED FILE:
-> name: /Users/pablocerve/Documents/FING/Proyecto/pc-tesis/dataset_parser/scripts/output/[5]el-nino/pwlh/el-nino.c.cpp.csv
-> size (bytes): 2,291,363
-> 23.33% of original


RESULTS
--------------------------(same file!)
CoderPWLH
ORIGINAL FILE:
-> name: /Users/pablocerve/Documents/FING/Proyecto/datasets-csv/[5]el-nino/el-nino.csv
-> size (bytes): 9,820,158
COMPRESSED FILE:
-> name: /Users/pablocerve/Documents/FING/Proyecto/pc-tesis/dataset_parser/scripts/output/[5]el-nino/pwlh/el-nino.c.cpp.csv
-> size (bytes): 2,258,333
-> 23.0% of original


RESULTS
--------------------------(same file!)
CoderPWLH
ORIGINAL FILE:
-> name: /Users/pablocerve/Documents/FING/Proyecto/datasets-csv/[5]el-nino/el-nino.csv
-> size (bytes): 9,820,158
COMPRESSED FILE:
-> name: /Users/pablocerve/Documents/FING/Proyecto/pc-tesis/dataset_parser/scripts/output/[5]el-nino/pwlh/el-nino.c.cpp.csv
-> size (bytes): 4,532,258
-> 46.15% of original


RESULTS
--------------------------(same file!)
CoderPWLH
ORIGINAL FILE:
-> name: /Users/pablocerve/Documents/FING/Proyecto/datasets-csv/[5]el-nino/el-nino.csv
-> size (bytes): 9,820,158
COMPRESSED FILE:
-> name: /Users/pablocerve/Documents/FING/Proyecto/pc-tesis/dataset_parser/scripts/output/[5]el-nino/pwlh/el-nino.c.cpp.csv
-> size (bytes): 3,006,780
-> 30.62% of original


RESULTS
--------------------------(same file!)
CoderPWLH
ORIGINAL FILE:
-> name: /Users/pablocerve/Documents/FING/Proyecto/datasets-csv/[5]el-nino/el-nino.csv
-> size (bytes): 9,820,158
COMPRESSED FILE:
-> name: /Users/pablocerve/Documents/FING/Proyecto/pc-tesis/dataset_parser/scripts/output/[5]el-nino/pwlh/el-nino.c.cpp.csv
-> size (bytes): 2,157,064
-> 21.97% of original


RESULTS
--------------------------(same file!)
CoderPWLH
ORIGINAL FILE:
-> name: /Users/pablocerve/Documents/FING/Proyecto/datasets-csv/[5]el-nino/el-nino.csv
-> size (bytes): 9,820,158
COMPRESSED FILE:
-> name: /Users/pablocerve/Documents/FING/Proyecto/pc-tesis/dataset_parser/scripts/output/[5]el-nino/pwlh/el-nino.c.cpp.csv
-> size (bytes): 1,904,241
-> 19.39% of original


RESULTS
--------------------------(same file!)
CoderPWLH
ORIGINAL FILE:
-> name: /Users/pablocerve/Documents/FING/Proyecto/datasets-csv/[5]el-nino/el-nino.csv
-> size (bytes): 9,820,158
COMPRESSED FILE:
-> name: /Users/pablocerve/Documents/FING/Proyecto/pc-tesis/dataset_parser/scripts/output/[5]el-nino/pwlh/el-nino.c.cpp.csv
-> size (bytes): 1,793,399
-> 18.26% of original


RESULTS
--------------------------(same file!)
CoderPWLH
ORIGINAL FILE:
-> name: /Users/pablocerve/Documents/FING/Proyecto/datasets-csv/[5]el-nino/el-nino.csv
-> size (bytes): 9,820,158
COMPRESSED FILE:
-> name: /Users/pablocerve/Documents/FING/Proyecto/pc-tesis/dataset_parser/scripts/output/[5]el-nino/pwlh/el-nino.c.cpp.csv
-> size (bytes): 1,751,380
-> 17.83% of original


RESULTS
--------------------------(same file!)
CoderPWLHint
ORIGINAL FILE:
-> name: /Users/pablocerve/Documents/FING/Proyecto/datasets-csv/[5]el-nino/el-nino.csv
-> size (bytes): 9,820,158
COMPRESSED FILE:
-> name: /Users/pablocerve/Documents/FING/Proyecto/pc-tesis/dataset_parser/scripts/output/[5]el-nino/pwlh-int/el-nino.c.cpp.csv
-> size (bytes): 2,415,722
-> 24.6% of original


RESULTS
--------------------------(same file!)
CoderPWLHint
ORIGINAL FILE:
-> name: /Users/pablocerve/Documents/FING/Proyecto/datasets-csv/[5]el-nino/el-nino.csv
-> size (bytes): 9,820,158
COMPRESSED FILE:
-> name: /Users/pablocerve/Documents/FING/Proyecto/pc-tesis/dataset_parser/scripts/output/[5]el-nino/pwlh-int/el-nino.c.cpp.csv
-> size (bytes): 2,025,994
-> 20.63% of original


RESULTS
--------------------------(same file!)
CoderPWLHint
ORIGINAL FILE:
-> name: /Users/pablocerve/Documents/FING/Proyecto/datasets-csv/[5]el-nino/el-nino.csv
-> size (bytes): 9,820,158
COMPRESSED FILE:
-> name: /Users/pablocerve/Documents/FING/Proyecto/pc-tesis/dataset_parser/scripts/output/[5]el-nino/pwlh-int/el-nino.c.cpp.csv
-> size (bytes): 1,803,898
-> 18.37% of original


RESULTS
--------------------------(same file!)
CoderPWLHint
ORIGINAL FILE:
-> name: /Users/pablocerve/Documents/FING/Proyecto/datasets-csv/[5]el-nino/el-nino.csv
-> size (bytes): 9,820,158
COMPRESSED FILE:
-> name: /Users/pablocerve/Documents/FING/Proyecto/pc-tesis/dataset_parser/scripts/output/[5]el-nino/pwlh-int/el-nino.c.cpp.csv
-> size (bytes): 1,768,612
-> 18.01% of original


RESULTS
--------------------------(same file!)
CoderPWLHint
ORIGINAL FILE:
-> name: /Users/pablocerve/Documents/FING/Proyecto/datasets-csv/[5]el-nino/el-nino.csv
-> size (bytes): 9,820,158
COMPRESSED FILE:
-> name: /Users/pablocerve/Documents/FING/Proyecto/pc-tesis/dataset_parser/scripts/output/[5]el-nino/pwlh-int/el-nino.c.cpp.csv
-> size (bytes): 1,778,365
-> 18.11% of original


RESULTS
--------------------------(same file!)
CoderPWLHint
ORIGINAL FILE:
-> name: /Users/pablocerve/Documents/FING/Proyecto/datasets-csv/[5]el-nino/el-nino.csv
-> size (bytes): 9,820,158
COMPRESSED FILE:
-> name: /Users/pablocerve/Documents/FING/Proyecto/pc-tesis/dataset_parser/scripts/output/[5]el-nino/pwlh-int/el-nino.c.cpp.csv
-> size (bytes): 1,811,605
-> 18.45% of original


RESULTS
--------------------------(same file!)
CoderPWLHint
ORIGINAL FILE:
-> name: /Users/pablocerve/Documents/FING/Proyecto/datasets-csv/[5]el-nino/el-nino.csv
-> size (bytes): 9,820,158
COMPRESSED FILE:
-> name: /Users/pablocerve/Documents/FING/Proyecto/pc-tesis/dataset_parser/scripts/output/[5]el-nino/pwlh-int/el-nino.c.cpp.csv
-> size (bytes): 2,405,955
-> 24.5% of original


RESULTS
--------------------------(same file!)
CoderPWLHint
ORIGINAL FILE:
-> name: /Users/pablocerve/Documents/FING/Proyecto/datasets-csv/[5]el-nino/el-nino.csv
-> size (bytes): 9,820,158
COMPRESSED FILE:
-> name: /Users/pablocerve/Documents/FING/Proyecto/pc-tesis/dataset_parser/scripts/output/[5]el-nino/pwlh-int/el-nino.c.cpp.csv
-> size (bytes): 2,015,188
-> 20.52% of original


RESULTS
--------------------------(same file!)
CoderPWLHint
ORIGINAL FILE:
-> name: /Users/pablocerve/Documents/FING/Proyecto/datasets-csv/[5]el-nino/el-nino.csv
-> size (bytes): 9,820,158
COMPRESSED FILE:
-> name: /Users/pablocerve/Documents/FING/Proyecto/pc-tesis/dataset_parser/scripts/output/[5]el-nino/pwlh-int/el-nino.c.cpp.csv
-> size (bytes): 1,792,329
-> 18.25% of original


RESULTS
--------------------------(same file!)
CoderPWLHint
ORIGINAL FILE:
-> name: /Users/pablocerve/Documents/FING/Proyecto/datasets-csv/[5]el-nino/el-nino.csv
-> size (bytes): 9,820,158
COMPRESSED FILE:
-> name: /Users/pablocerve/Documents/FING/Proyecto/pc-tesis/dataset_parser/scripts/output/[5]el-nino/pwlh-int/el-nino.c.cpp.csv
-> size (bytes): 1,756,555
-> 17.89% of original


RESULTS
--------------------------(same file!)
CoderPWLHint
ORIGINAL FILE:
-> name: /Users/pablocerve/Documents/FING/Proyecto/datasets-csv/[5]el-nino/el-nino.csv
-> size (bytes): 9,820,158
COMPRESSED FILE:
-> name: /Users/pablocerve/Documents/FING/Proyecto/pc-tesis/dataset_parser/scripts/output/[5]el-nino/pwlh-int/el-nino.c.cpp.csv
-> size (bytes): 1,765,908
-> 17.98% of original


RESULTS
--------------------------(same file!)
CoderPWLHint
ORIGINAL FILE:
-> name: /Users/pablocerve/Documents/FING/Proyecto/datasets-csv/[5]el-nino/el-nino.csv
-> size (bytes): 9,820,158
COMPRESSED FILE:
-> name: /Users/pablocerve/Documents/FING/Proyecto/pc-tesis/dataset_parser/scripts/output/[5]el-nino/pwlh-int/el-nino.c.cpp.csv
-> size (bytes): 1,798,762
-> 18.32% of original


RESULTS
--------------------------(same file!)
CoderPWLHint
ORIGINAL FILE:
-> name: /Users/pablocerve/Documents/FING/Proyecto/datasets-csv/[5]el-nino/el-nino.csv
-> size (bytes): 9,820,158
COMPRESSED FILE:
-> name: /Users/pablocerve/Documents/FING/Proyecto/pc-tesis/dataset_parser/scripts/output/[5]el-nino/pwlh-int/el-nino.c.cpp.csv
-> size (bytes): 2,342,410
-> 23.85% of original


RESULTS
--------------------------(same file!)
CoderPWLHint
ORIGINAL FILE:
-> name: /Users/pablocerve/Documents/FING/Proyecto/datasets-csv/[5]el-nino/el-nino.csv
-> size (bytes): 9,820,158
COMPRESSED FILE:
-> name: /Users/pablocerve/Documents/FING/Proyecto/pc-tesis/dataset_parser/scripts/output/[5]el-nino/pwlh-int/el-nino.c.cpp.csv
-> size (bytes): 1,943,910
-> 19.8% of original


RESULTS
--------------------------(same file!)
CoderPWLHint
ORIGINAL FILE:
-> name: /Users/pablocerve/Documents/FING/Proyecto/datasets-csv/[5]el-nino/el-nino.csv
-> size (bytes): 9,820,158
COMPRESSED FILE:
-> name: /Users/pablocerve/Documents/FING/Proyecto/pc-tesis/dataset_parser/scripts/output/[5]el-nino/pwlh-int/el-nino.c.cpp.csv
-> size (bytes): 1,717,639
-> 17.49% of original


RESULTS
--------------------------(same file!)
CoderPWLHint
ORIGINAL FILE:
-> name: /Users/pablocerve/Documents/FING/Proyecto/datasets-csv/[5]el-nino/el-nino.csv
-> size (bytes): 9,820,158
COMPRESSED FILE:
-> name: /Users/pablocerve/Documents/FING/Proyecto/pc-tesis/dataset_parser/scripts/output/[5]el-nino/pwlh-int/el-nino.c.cpp.csv
-> size (bytes): 1,679,027
-> 17.1% of original


RESULTS
--------------------------(same file!)
CoderPWLHint
ORIGINAL FILE:
-> name: /Users/pablocerve/Documents/FING/Proyecto/datasets-csv/[5]el-nino/el-nino.csv
-> size (bytes): 9,820,158
COMPRESSED FILE:
-> name: /Users/pablocerve/Documents/FING/Proyecto/pc-tesis/dataset_parser/scripts/output/[5]el-nino/pwlh-int/el-nino.c.cpp.csv
-> size (bytes): 1,685,643
-> 17.17% of original


RESULTS
--------------------------(same file!)
CoderPWLHint
ORIGINAL FILE:
-> name: /Users/pablocerve/Documents/FING/Proyecto/datasets-csv/[5]el-nino/el-nino.csv
-> size (bytes): 9,820,158
COMPRESSED FILE:
-> name: /Users/pablocerve/Documents/FING/Proyecto/pc-tesis/dataset_parser/scripts/output/[5]el-nino/pwlh-int/el-nino.c.cpp.csv
-> size (bytes): 1,715,853
-> 17.47% of original


RESULTS
--------------------------(same file!)
CoderPWLHint
ORIGINAL FILE:
-> name: /Users/pablocerve/Documents/FING/Proyecto/datasets-csv/[5]el-nino/el-nino.csv
-> size (bytes): 9,820,158
COMPRESSED FILE:
-> name: /Users/pablocerve/Documents/FING/Proyecto/pc-tesis/dataset_parser/scripts/output/[5]el-nino/pwlh-int/el-nino.c.cpp.csv
-> size (bytes): 2,272,734
-> 23.14% of original


RESULTS
--------------------------(same file!)
CoderPWLHint
ORIGINAL FILE:
-> name: /Users/pablocerve/Documents/FING/Proyecto/datasets-csv/[5]el-nino/el-nino.csv
-> size (bytes): 9,820,158
COMPRESSED FILE:
-> name: /Users/pablocerve/Documents/FING/Proyecto/pc-tesis/dataset_parser/scripts/output/[5]el-nino/pwlh-int/el-nino.c.cpp.csv
-> size (bytes): 1,859,158
-> 18.93% of original


RESULTS
--------------------------(same file!)
CoderPWLHint
ORIGINAL FILE:
-> name: /Users/pablocerve/Documents/FING/Proyecto/datasets-csv/[5]el-nino/el-nino.csv
-> size (bytes): 9,820,158
COMPRESSED FILE:
-> name: /Users/pablocerve/Documents/FING/Proyecto/pc-tesis/dataset_parser/scripts/output/[5]el-nino/pwlh-int/el-nino.c.cpp.csv
-> size (bytes): 1,625,212
-> 16.55% of original


RESULTS
--------------------------(same file!)
CoderPWLHint
ORIGINAL FILE:
-> name: /Users/pablocerve/Documents/FING/Proyecto/datasets-csv/[5]el-nino/el-nino.csv
-> size (bytes): 9,820,158
COMPRESSED FILE:
-> name: /Users/pablocerve/Documents/FING/Proyecto/pc-tesis/dataset_parser/scripts/output/[5]el-nino/pwlh-int/el-nino.c.cpp.csv
-> size (bytes): 1,582,373
-> 16.11% of original


RESULTS
--------------------------(same file!)
CoderPWLHint
ORIGINAL FILE:
-> name: /Users/pablocerve/Documents/FING/Proyecto/datasets-csv/[5]el-nino/el-nino.csv
-> size (bytes): 9,820,158
COMPRESSED FILE:
-> name: /Users/pablocerve/Documents/FING/Proyecto/pc-tesis/dataset_parser/scripts/output/[5]el-nino/pwlh-int/el-nino.c.cpp.csv
-> size (bytes): 1,585,344
-> 16.14% of original


RESULTS
--------------------------(same file!)
CoderPWLHint
ORIGINAL FILE:
-> name: /Users/pablocerve/Documents/FING/Proyecto/datasets-csv/[5]el-nino/el-nino.csv
-> size (bytes): 9,820,158
COMPRESSED FILE:
-> name: /Users/pablocerve/Documents/FING/Proyecto/pc-tesis/dataset_parser/scripts/output/[5]el-nino/pwlh-int/el-nino.c.cpp.csv
-> size (bytes): 1,612,211
-> 16.42% of original


RESULTS
--------------------------(same file!)
CoderPWLHint
ORIGINAL FILE:
-> name: /Users/pablocerve/Documents/FING/Proyecto/datasets-csv/[5]el-nino/el-nino.csv
-> size (bytes): 9,820,158
COMPRESSED FILE:
-> name: /Users/pablocerve/Documents/FING/Proyecto/pc-tesis/dataset_parser/scripts/output/[5]el-nino/pwlh-int/el-nino.c.cpp.csv
-> size (bytes): 2,138,525
-> 21.78% of original


RESULTS
--------------------------(same file!)
CoderPWLHint
ORIGINAL FILE:
-> name: /Users/pablocerve/Documents/FING/Proyecto/datasets-csv/[5]el-nino/el-nino.csv
-> size (bytes): 9,820,158
COMPRESSED FILE:
-> name: /Users/pablocerve/Documents/FING/Proyecto/pc-tesis/dataset_parser/scripts/output/[5]el-nino/pwlh-int/el-nino.c.cpp.csv
-> size (bytes): 1,686,494
-> 17.17% of original


RESULTS
--------------------------(same file!)
CoderPWLHint
ORIGINAL FILE:
-> name: /Users/pablocerve/Documents/FING/Proyecto/datasets-csv/[5]el-nino/el-nino.csv
-> size (bytes): 9,820,158
COMPRESSED FILE:
-> name: /Users/pablocerve/Documents/FING/Proyecto/pc-tesis/dataset_parser/scripts/output/[5]el-nino/pwlh-int/el-nino.c.cpp.csv
-> size (bytes): 1,431,946
-> 14.58% of original


RESULTS
--------------------------(same file!)
CoderPWLHint
ORIGINAL FILE:
-> name: /Users/pablocerve/Documents/FING/Proyecto/datasets-csv/[5]el-nino/el-nino.csv
-> size (bytes): 9,820,158
COMPRESSED FILE:
-> name: /Users/pablocerve/Documents/FING/Proyecto/pc-tesis/dataset_parser/scripts/output/[5]el-nino/pwlh-int/el-nino.c.cpp.csv
-> size (bytes): 1,378,691
-> 14.04% of original


RESULTS
--------------------------(same file!)
CoderPWLHint
ORIGINAL FILE:
-> name: /Users/pablocerve/Documents/FING/Proyecto/datasets-csv/[5]el-nino/el-nino.csv
-> size (bytes): 9,820,158
COMPRESSED FILE:
-> name: /Users/pablocerve/Documents/FING/Proyecto/pc-tesis/dataset_parser/scripts/output/[5]el-nino/pwlh-int/el-nino.c.cpp.csv
-> size (bytes): 1,373,250
-> 13.98% of original


RESULTS
--------------------------(same file!)
CoderPWLHint
ORIGINAL FILE:
-> name: /Users/pablocerve/Documents/FING/Proyecto/datasets-csv/[5]el-nino/el-nino.csv
-> size (bytes): 9,820,158
COMPRESSED FILE:
-> name: /Users/pablocerve/Documents/FING/Proyecto/pc-tesis/dataset_parser/scripts/output/[5]el-nino/pwlh-int/el-nino.c.cpp.csv
-> size (bytes): 1,392,563
-> 14.18% of original


RESULTS
--------------------------(same file!)
CoderPWLHint
ORIGINAL FILE:
-> name: /Users/pablocerve/Documents/FING/Proyecto/datasets-csv/[5]el-nino/el-nino.csv
-> size (bytes): 9,820,158
COMPRESSED FILE:
-> name: /Users/pablocerve/Documents/FING/Proyecto/pc-tesis/dataset_parser/scripts/output/[5]el-nino/pwlh-int/el-nino.c.cpp.csv
-> size (bytes): 2,049,888
-> 20.87% of original


RESULTS
--------------------------(same file!)
CoderPWLHint
ORIGINAL FILE:
-> name: /Users/pablocerve/Documents/FING/Proyecto/datasets-csv/[5]el-nino/el-nino.csv
-> size (bytes): 9,820,158
COMPRESSED FILE:
-> name: /Users/pablocerve/Documents/FING/Proyecto/pc-tesis/dataset_parser/scripts/output/[5]el-nino/pwlh-int/el-nino.c.cpp.csv
-> size (bytes): 1,570,151
-> 15.99% of original


RESULTS
--------------------------(same file!)
CoderPWLHint
ORIGINAL FILE:
-> name: /Users/pablocerve/Documents/FING/Proyecto/datasets-csv/[5]el-nino/el-nino.csv
-> size (bytes): 9,820,158
COMPRESSED FILE:
-> name: /Users/pablocerve/Documents/FING/Proyecto/pc-tesis/dataset_parser/scripts/output/[5]el-nino/pwlh-int/el-nino.c.cpp.csv
-> size (bytes): 1,299,247
-> 13.23% of original


RESULTS
--------------------------(same file!)
CoderPWLHint
ORIGINAL FILE:
-> name: /Users/pablocerve/Documents/FING/Proyecto/datasets-csv/[5]el-nino/el-nino.csv
-> size (bytes): 9,820,158
COMPRESSED FILE:
-> name: /Users/pablocerve/Documents/FING/Proyecto/pc-tesis/dataset_parser/scripts/output/[5]el-nino/pwlh-int/el-nino.c.cpp.csv
-> size (bytes): 1,238,609
-> 12.61% of original


RESULTS
--------------------------(same file!)
CoderPWLHint
ORIGINAL FILE:
-> name: /Users/pablocerve/Documents/FING/Proyecto/datasets-csv/[5]el-nino/el-nino.csv
-> size (bytes): 9,820,158
COMPRESSED FILE:
-> name: /Users/pablocerve/Documents/FING/Proyecto/pc-tesis/dataset_parser/scripts/output/[5]el-nino/pwlh-int/el-nino.c.cpp.csv
-> size (bytes): 1,227,236
-> 12.5% of original


RESULTS
--------------------------(same file!)
CoderPWLHint
ORIGINAL FILE:
-> name: /Users/pablocerve/Documents/FING/Proyecto/datasets-csv/[5]el-nino/el-nino.csv
-> size (bytes): 9,820,158
COMPRESSED FILE:
-> name: /Users/pablocerve/Documents/FING/Proyecto/pc-tesis/dataset_parser/scripts/output/[5]el-nino/pwlh-int/el-nino.c.cpp.csv
-> size (bytes): 1,241,000
-> 12.64% of original


RESULTS
--------------------------(same file!)
CoderPWLHint
ORIGINAL FILE:
-> name: /Users/pablocerve/Documents/FING/Proyecto/datasets-csv/[5]el-nino/el-nino.csv
-> size (bytes): 9,820,158
COMPRESSED FILE:
-> name: /Users/pablocerve/Documents/FING/Proyecto/pc-tesis/dataset_parser/scripts/output/[5]el-nino/pwlh-int/el-nino.c.cpp.csv
-> size (bytes): 1,974,362
-> 20.11% of original


RESULTS
--------------------------(same file!)
CoderPWLHint
ORIGINAL FILE:
-> name: /Users/pablocerve/Documents/FING/Proyecto/datasets-csv/[5]el-nino/el-nino.csv
-> size (bytes): 9,820,158
COMPRESSED FILE:
-> name: /Users/pablocerve/Documents/FING/Proyecto/pc-tesis/dataset_parser/scripts/output/[5]el-nino/pwlh-int/el-nino.c.cpp.csv
-> size (bytes): 1,468,481
-> 14.95% of original


RESULTS
--------------------------(same file!)
CoderPWLHint
ORIGINAL FILE:
-> name: /Users/pablocerve/Documents/FING/Proyecto/datasets-csv/[5]el-nino/el-nino.csv
-> size (bytes): 9,820,158
COMPRESSED FILE:
-> name: /Users/pablocerve/Documents/FING/Proyecto/pc-tesis/dataset_parser/scripts/output/[5]el-nino/pwlh-int/el-nino.c.cpp.csv
-> size (bytes): 1,180,743
-> 12.02% of original


RESULTS
--------------------------(same file!)
CoderPWLHint
ORIGINAL FILE:
-> name: /Users/pablocerve/Documents/FING/Proyecto/datasets-csv/[5]el-nino/el-nino.csv
-> size (bytes): 9,820,158
COMPRESSED FILE:
-> name: /Users/pablocerve/Documents/FING/Proyecto/pc-tesis/dataset_parser/scripts/output/[5]el-nino/pwlh-int/el-nino.c.cpp.csv
-> size (bytes): 1,112,183
-> 11.33% of original


RESULTS
--------------------------(same file!)
CoderPWLHint
ORIGINAL FILE:
-> name: /Users/pablocerve/Documents/FING/Proyecto/datasets-csv/[5]el-nino/el-nino.csv
-> size (bytes): 9,820,158
COMPRESSED FILE:
-> name: /Users/pablocerve/Documents/FING/Proyecto/pc-tesis/dataset_parser/scripts/output/[5]el-nino/pwlh-int/el-nino.c.cpp.csv
-> size (bytes): 1,095,025
-> 11.15% of original


RESULTS
--------------------------(same file!)
CoderPWLHint
ORIGINAL FILE:
-> name: /Users/pablocerve/Documents/FING/Proyecto/datasets-csv/[5]el-nino/el-nino.csv
-> size (bytes): 9,820,158
COMPRESSED FILE:
-> name: /Users/pablocerve/Documents/FING/Proyecto/pc-tesis/dataset_parser/scripts/output/[5]el-nino/pwlh-int/el-nino.c.cpp.csv
-> size (bytes): 1,103,743
-> 11.24% of original


RESULTS
--------------------------(same file!)
CoderPWLHint
ORIGINAL FILE:
-> name: /Users/pablocerve/Documents/FING/Proyecto/datasets-csv/[5]el-nino/el-nino.csv
-> size (bytes): 9,820,158
COMPRESSED FILE:
-> name: /Users/pablocerve/Documents/FING/Proyecto/pc-tesis/dataset_parser/scripts/output/[5]el-nino/pwlh-int/el-nino.c.cpp.csv
-> size (bytes): 1,866,246
-> 19.0% of original


RESULTS
--------------------------(same file!)
CoderPWLHint
ORIGINAL FILE:
-> name: /Users/pablocerve/Documents/FING/Proyecto/datasets-csv/[5]el-nino/el-nino.csv
-> size (bytes): 9,820,158
COMPRESSED FILE:
-> name: /Users/pablocerve/Documents/FING/Proyecto/pc-tesis/dataset_parser/scripts/output/[5]el-nino/pwlh-int/el-nino.c.cpp.csv
-> size (bytes): 1,316,657
-> 13.41% of original


RESULTS
--------------------------(same file!)
CoderPWLHint
ORIGINAL FILE:
-> name: /Users/pablocerve/Documents/FING/Proyecto/datasets-csv/[5]el-nino/el-nino.csv
-> size (bytes): 9,820,158
COMPRESSED FILE:
-> name: /Users/pablocerve/Documents/FING/Proyecto/pc-tesis/dataset_parser/scripts/output/[5]el-nino/pwlh-int/el-nino.c.cpp.csv
-> size (bytes): 1,002,932
-> 10.21% of original


RESULTS
--------------------------(same file!)
CoderPWLHint
ORIGINAL FILE:
-> name: /Users/pablocerve/Documents/FING/Proyecto/datasets-csv/[5]el-nino/el-nino.csv
-> size (bytes): 9,820,158
COMPRESSED FILE:
-> name: /Users/pablocerve/Documents/FING/Proyecto/pc-tesis/dataset_parser/scripts/output/[5]el-nino/pwlh-int/el-nino.c.cpp.csv
-> size (bytes): 921,694
-> 9.39% of original


RESULTS
--------------------------(same file!)
CoderPWLHint
ORIGINAL FILE:
-> name: /Users/pablocerve/Documents/FING/Proyecto/datasets-csv/[5]el-nino/el-nino.csv
-> size (bytes): 9,820,158
COMPRESSED FILE:
-> name: /Users/pablocerve/Documents/FING/Proyecto/pc-tesis/dataset_parser/scripts/output/[5]el-nino/pwlh-int/el-nino.c.cpp.csv
-> size (bytes): 895,325
-> 9.12% of original


RESULTS
--------------------------(same file!)
CoderPWLHint
ORIGINAL FILE:
-> name: /Users/pablocerve/Documents/FING/Proyecto/datasets-csv/[5]el-nino/el-nino.csv
-> size (bytes): 9,820,158
COMPRESSED FILE:
-> name: /Users/pablocerve/Documents/FING/Proyecto/pc-tesis/dataset_parser/scripts/output/[5]el-nino/pwlh-int/el-nino.c.cpp.csv
-> size (bytes): 896,350
-> 9.13% of original

