
RESULTS
--------------------------(same file!)
CoderBasic
ORIGINAL FILE:
-> name: /Users/pablocerve/Documents/FING/Proyecto/datasets-csv/[5]el-nino/el-nino.csv
-> size (bytes): 9,820,158
COMPRESSED FILE:
-> name: /Users/pablocerve/Documents/FING/Proyecto/pc-tesis/dataset_parser/scripts/compress/output/[5]el-nino/basic/el-nino.c.cpp.csv
-> size (bytes): 1,618,875
-> 16.49% of original


RESULTS
--------------------------(same file!)
CoderPCA
ORIGINAL FILE:
-> name: /Users/pablocerve/Documents/FING/Proyecto/datasets-csv/[5]el-nino/el-nino.csv
-> size (bytes): 9,820,158
COMPRESSED FILE:
-> name: /Users/pablocerve/Documents/FING/Proyecto/pc-tesis/dataset_parser/scripts/compress/output/[5]el-nino/pca/el-nino.c.cpp.csv
-> size (bytes): 1,495,615
-> 15.23% of original


RESULTS
--------------------------(same file!)
CoderPCA
ORIGINAL FILE:
-> name: /Users/pablocerve/Documents/FING/Proyecto/datasets-csv/[5]el-nino/el-nino.csv
-> size (bytes): 9,820,158
COMPRESSED FILE:
-> name: /Users/pablocerve/Documents/FING/Proyecto/pc-tesis/dataset_parser/scripts/compress/output/[5]el-nino/pca/el-nino.c.cpp.csv
-> size (bytes): 1,542,385
-> 15.71% of original


RESULTS
--------------------------(same file!)
CoderPCA
ORIGINAL FILE:
-> name: /Users/pablocerve/Documents/FING/Proyecto/datasets-csv/[5]el-nino/el-nino.csv
-> size (bytes): 9,820,158
COMPRESSED FILE:
-> name: /Users/pablocerve/Documents/FING/Proyecto/pc-tesis/dataset_parser/scripts/compress/output/[5]el-nino/pca/el-nino.c.cpp.csv
-> size (bytes): 1,572,967
-> 16.02% of original


RESULTS
--------------------------(same file!)
CoderPCA
ORIGINAL FILE:
-> name: /Users/pablocerve/Documents/FING/Proyecto/datasets-csv/[5]el-nino/el-nino.csv
-> size (bytes): 9,820,158
COMPRESSED FILE:
-> name: /Users/pablocerve/Documents/FING/Proyecto/pc-tesis/dataset_parser/scripts/compress/output/[5]el-nino/pca/el-nino.c.cpp.csv
-> size (bytes): 1,582,870
-> 16.12% of original


RESULTS
--------------------------(same file!)
CoderPCA
ORIGINAL FILE:
-> name: /Users/pablocerve/Documents/FING/Proyecto/datasets-csv/[5]el-nino/el-nino.csv
-> size (bytes): 9,820,158
COMPRESSED FILE:
-> name: /Users/pablocerve/Documents/FING/Proyecto/pc-tesis/dataset_parser/scripts/compress/output/[5]el-nino/pca/el-nino.c.cpp.csv
-> size (bytes): 1,588,461
-> 16.18% of original


RESULTS
--------------------------(same file!)
CoderPCA
ORIGINAL FILE:
-> name: /Users/pablocerve/Documents/FING/Proyecto/datasets-csv/[5]el-nino/el-nino.csv
-> size (bytes): 9,820,158
COMPRESSED FILE:
-> name: /Users/pablocerve/Documents/FING/Proyecto/pc-tesis/dataset_parser/scripts/compress/output/[5]el-nino/pca/el-nino.c.cpp.csv
-> size (bytes): 1,596,085
-> 16.25% of original


RESULTS
--------------------------(same file!)
CoderPCA
ORIGINAL FILE:
-> name: /Users/pablocerve/Documents/FING/Proyecto/datasets-csv/[5]el-nino/el-nino.csv
-> size (bytes): 9,820,158
COMPRESSED FILE:
-> name: /Users/pablocerve/Documents/FING/Proyecto/pc-tesis/dataset_parser/scripts/compress/output/[5]el-nino/pca/el-nino.c.cpp.csv
-> size (bytes): 1,489,693
-> 15.17% of original


RESULTS
--------------------------(same file!)
CoderPCA
ORIGINAL FILE:
-> name: /Users/pablocerve/Documents/FING/Proyecto/datasets-csv/[5]el-nino/el-nino.csv
-> size (bytes): 9,820,158
COMPRESSED FILE:
-> name: /Users/pablocerve/Documents/FING/Proyecto/pc-tesis/dataset_parser/scripts/compress/output/[5]el-nino/pca/el-nino.c.cpp.csv
-> size (bytes): 1,536,278
-> 15.64% of original


RESULTS
--------------------------(same file!)
CoderPCA
ORIGINAL FILE:
-> name: /Users/pablocerve/Documents/FING/Proyecto/datasets-csv/[5]el-nino/el-nino.csv
-> size (bytes): 9,820,158
COMPRESSED FILE:
-> name: /Users/pablocerve/Documents/FING/Proyecto/pc-tesis/dataset_parser/scripts/compress/output/[5]el-nino/pca/el-nino.c.cpp.csv
-> size (bytes): 1,567,543
-> 15.96% of original


RESULTS
--------------------------(same file!)
CoderPCA
ORIGINAL FILE:
-> name: /Users/pablocerve/Documents/FING/Proyecto/datasets-csv/[5]el-nino/el-nino.csv
-> size (bytes): 9,820,158
COMPRESSED FILE:
-> name: /Users/pablocerve/Documents/FING/Proyecto/pc-tesis/dataset_parser/scripts/compress/output/[5]el-nino/pca/el-nino.c.cpp.csv
-> size (bytes): 1,579,146
-> 16.08% of original


RESULTS
--------------------------(same file!)
CoderPCA
ORIGINAL FILE:
-> name: /Users/pablocerve/Documents/FING/Proyecto/datasets-csv/[5]el-nino/el-nino.csv
-> size (bytes): 9,820,158
COMPRESSED FILE:
-> name: /Users/pablocerve/Documents/FING/Proyecto/pc-tesis/dataset_parser/scripts/compress/output/[5]el-nino/pca/el-nino.c.cpp.csv
-> size (bytes): 1,586,283
-> 16.15% of original


RESULTS
--------------------------(same file!)
CoderPCA
ORIGINAL FILE:
-> name: /Users/pablocerve/Documents/FING/Proyecto/datasets-csv/[5]el-nino/el-nino.csv
-> size (bytes): 9,820,158
COMPRESSED FILE:
-> name: /Users/pablocerve/Documents/FING/Proyecto/pc-tesis/dataset_parser/scripts/compress/output/[5]el-nino/pca/el-nino.c.cpp.csv
-> size (bytes): 1,595,687
-> 16.25% of original


RESULTS
--------------------------(same file!)
CoderPCA
ORIGINAL FILE:
-> name: /Users/pablocerve/Documents/FING/Proyecto/datasets-csv/[5]el-nino/el-nino.csv
-> size (bytes): 9,820,158
COMPRESSED FILE:
-> name: /Users/pablocerve/Documents/FING/Proyecto/pc-tesis/dataset_parser/scripts/compress/output/[5]el-nino/pca/el-nino.c.cpp.csv
-> size (bytes): 1,420,082
-> 14.46% of original


RESULTS
--------------------------(same file!)
CoderPCA
ORIGINAL FILE:
-> name: /Users/pablocerve/Documents/FING/Proyecto/datasets-csv/[5]el-nino/el-nino.csv
-> size (bytes): 9,820,158
COMPRESSED FILE:
-> name: /Users/pablocerve/Documents/FING/Proyecto/pc-tesis/dataset_parser/scripts/compress/output/[5]el-nino/pca/el-nino.c.cpp.csv
-> size (bytes): 1,463,749
-> 14.91% of original


RESULTS
--------------------------(same file!)
CoderPCA
ORIGINAL FILE:
-> name: /Users/pablocerve/Documents/FING/Proyecto/datasets-csv/[5]el-nino/el-nino.csv
-> size (bytes): 9,820,158
COMPRESSED FILE:
-> name: /Users/pablocerve/Documents/FING/Proyecto/pc-tesis/dataset_parser/scripts/compress/output/[5]el-nino/pca/el-nino.c.cpp.csv
-> size (bytes): 1,508,470
-> 15.36% of original


RESULTS
--------------------------(same file!)
CoderPCA
ORIGINAL FILE:
-> name: /Users/pablocerve/Documents/FING/Proyecto/datasets-csv/[5]el-nino/el-nino.csv
-> size (bytes): 9,820,158
COMPRESSED FILE:
-> name: /Users/pablocerve/Documents/FING/Proyecto/pc-tesis/dataset_parser/scripts/compress/output/[5]el-nino/pca/el-nino.c.cpp.csv
-> size (bytes): 1,541,875
-> 15.7% of original


RESULTS
--------------------------(same file!)
CoderPCA
ORIGINAL FILE:
-> name: /Users/pablocerve/Documents/FING/Proyecto/datasets-csv/[5]el-nino/el-nino.csv
-> size (bytes): 9,820,158
COMPRESSED FILE:
-> name: /Users/pablocerve/Documents/FING/Proyecto/pc-tesis/dataset_parser/scripts/compress/output/[5]el-nino/pca/el-nino.c.cpp.csv
-> size (bytes): 1,569,577
-> 15.98% of original


RESULTS
--------------------------(same file!)
CoderPCA
ORIGINAL FILE:
-> name: /Users/pablocerve/Documents/FING/Proyecto/datasets-csv/[5]el-nino/el-nino.csv
-> size (bytes): 9,820,158
COMPRESSED FILE:
-> name: /Users/pablocerve/Documents/FING/Proyecto/pc-tesis/dataset_parser/scripts/compress/output/[5]el-nino/pca/el-nino.c.cpp.csv
-> size (bytes): 1,590,115
-> 16.19% of original


RESULTS
--------------------------(same file!)
CoderPCA
ORIGINAL FILE:
-> name: /Users/pablocerve/Documents/FING/Proyecto/datasets-csv/[5]el-nino/el-nino.csv
-> size (bytes): 9,820,158
COMPRESSED FILE:
-> name: /Users/pablocerve/Documents/FING/Proyecto/pc-tesis/dataset_parser/scripts/compress/output/[5]el-nino/pca/el-nino.c.cpp.csv
-> size (bytes): 1,377,501
-> 14.03% of original


RESULTS
--------------------------(same file!)
CoderPCA
ORIGINAL FILE:
-> name: /Users/pablocerve/Documents/FING/Proyecto/datasets-csv/[5]el-nino/el-nino.csv
-> size (bytes): 9,820,158
COMPRESSED FILE:
-> name: /Users/pablocerve/Documents/FING/Proyecto/pc-tesis/dataset_parser/scripts/compress/output/[5]el-nino/pca/el-nino.c.cpp.csv
-> size (bytes): 1,430,487
-> 14.57% of original


RESULTS
--------------------------(same file!)
CoderPCA
ORIGINAL FILE:
-> name: /Users/pablocerve/Documents/FING/Proyecto/datasets-csv/[5]el-nino/el-nino.csv
-> size (bytes): 9,820,158
COMPRESSED FILE:
-> name: /Users/pablocerve/Documents/FING/Proyecto/pc-tesis/dataset_parser/scripts/compress/output/[5]el-nino/pca/el-nino.c.cpp.csv
-> size (bytes): 1,479,319
-> 15.06% of original


RESULTS
--------------------------(same file!)
CoderPCA
ORIGINAL FILE:
-> name: /Users/pablocerve/Documents/FING/Proyecto/datasets-csv/[5]el-nino/el-nino.csv
-> size (bytes): 9,820,158
COMPRESSED FILE:
-> name: /Users/pablocerve/Documents/FING/Proyecto/pc-tesis/dataset_parser/scripts/compress/output/[5]el-nino/pca/el-nino.c.cpp.csv
-> size (bytes): 1,514,386
-> 15.42% of original


RESULTS
--------------------------(same file!)
CoderPCA
ORIGINAL FILE:
-> name: /Users/pablocerve/Documents/FING/Proyecto/datasets-csv/[5]el-nino/el-nino.csv
-> size (bytes): 9,820,158
COMPRESSED FILE:
-> name: /Users/pablocerve/Documents/FING/Proyecto/pc-tesis/dataset_parser/scripts/compress/output/[5]el-nino/pca/el-nino.c.cpp.csv
-> size (bytes): 1,547,190
-> 15.76% of original


RESULTS
--------------------------(same file!)
CoderPCA
ORIGINAL FILE:
-> name: /Users/pablocerve/Documents/FING/Proyecto/datasets-csv/[5]el-nino/el-nino.csv
-> size (bytes): 9,820,158
COMPRESSED FILE:
-> name: /Users/pablocerve/Documents/FING/Proyecto/pc-tesis/dataset_parser/scripts/compress/output/[5]el-nino/pca/el-nino.c.cpp.csv
-> size (bytes): 1,574,693
-> 16.04% of original


RESULTS
--------------------------(same file!)
CoderPCA
ORIGINAL FILE:
-> name: /Users/pablocerve/Documents/FING/Proyecto/datasets-csv/[5]el-nino/el-nino.csv
-> size (bytes): 9,820,158
COMPRESSED FILE:
-> name: /Users/pablocerve/Documents/FING/Proyecto/pc-tesis/dataset_parser/scripts/compress/output/[5]el-nino/pca/el-nino.c.cpp.csv
-> size (bytes): 1,253,052
-> 12.76% of original


RESULTS
--------------------------(same file!)
CoderPCA
ORIGINAL FILE:
-> name: /Users/pablocerve/Documents/FING/Proyecto/datasets-csv/[5]el-nino/el-nino.csv
-> size (bytes): 9,820,158
COMPRESSED FILE:
-> name: /Users/pablocerve/Documents/FING/Proyecto/pc-tesis/dataset_parser/scripts/compress/output/[5]el-nino/pca/el-nino.c.cpp.csv
-> size (bytes): 1,318,969
-> 13.43% of original


RESULTS
--------------------------(same file!)
CoderPCA
ORIGINAL FILE:
-> name: /Users/pablocerve/Documents/FING/Proyecto/datasets-csv/[5]el-nino/el-nino.csv
-> size (bytes): 9,820,158
COMPRESSED FILE:
-> name: /Users/pablocerve/Documents/FING/Proyecto/pc-tesis/dataset_parser/scripts/compress/output/[5]el-nino/pca/el-nino.c.cpp.csv
-> size (bytes): 1,382,032
-> 14.07% of original


RESULTS
--------------------------(same file!)
CoderPCA
ORIGINAL FILE:
-> name: /Users/pablocerve/Documents/FING/Proyecto/datasets-csv/[5]el-nino/el-nino.csv
-> size (bytes): 9,820,158
COMPRESSED FILE:
-> name: /Users/pablocerve/Documents/FING/Proyecto/pc-tesis/dataset_parser/scripts/compress/output/[5]el-nino/pca/el-nino.c.cpp.csv
-> size (bytes): 1,428,214
-> 14.54% of original


RESULTS
--------------------------(same file!)
CoderPCA
ORIGINAL FILE:
-> name: /Users/pablocerve/Documents/FING/Proyecto/datasets-csv/[5]el-nino/el-nino.csv
-> size (bytes): 9,820,158
COMPRESSED FILE:
-> name: /Users/pablocerve/Documents/FING/Proyecto/pc-tesis/dataset_parser/scripts/compress/output/[5]el-nino/pca/el-nino.c.cpp.csv
-> size (bytes): 1,482,383
-> 15.1% of original


RESULTS
--------------------------(same file!)
CoderPCA
ORIGINAL FILE:
-> name: /Users/pablocerve/Documents/FING/Proyecto/datasets-csv/[5]el-nino/el-nino.csv
-> size (bytes): 9,820,158
COMPRESSED FILE:
-> name: /Users/pablocerve/Documents/FING/Proyecto/pc-tesis/dataset_parser/scripts/compress/output/[5]el-nino/pca/el-nino.c.cpp.csv
-> size (bytes): 1,533,152
-> 15.61% of original


RESULTS
--------------------------(same file!)
CoderPCA
ORIGINAL FILE:
-> name: /Users/pablocerve/Documents/FING/Proyecto/datasets-csv/[5]el-nino/el-nino.csv
-> size (bytes): 9,820,158
COMPRESSED FILE:
-> name: /Users/pablocerve/Documents/FING/Proyecto/pc-tesis/dataset_parser/scripts/compress/output/[5]el-nino/pca/el-nino.c.cpp.csv
-> size (bytes): 1,148,799
-> 11.7% of original


RESULTS
--------------------------(same file!)
CoderPCA
ORIGINAL FILE:
-> name: /Users/pablocerve/Documents/FING/Proyecto/datasets-csv/[5]el-nino/el-nino.csv
-> size (bytes): 9,820,158
COMPRESSED FILE:
-> name: /Users/pablocerve/Documents/FING/Proyecto/pc-tesis/dataset_parser/scripts/compress/output/[5]el-nino/pca/el-nino.c.cpp.csv
-> size (bytes): 1,221,602
-> 12.44% of original


RESULTS
--------------------------(same file!)
CoderPCA
ORIGINAL FILE:
-> name: /Users/pablocerve/Documents/FING/Proyecto/datasets-csv/[5]el-nino/el-nino.csv
-> size (bytes): 9,820,158
COMPRESSED FILE:
-> name: /Users/pablocerve/Documents/FING/Proyecto/pc-tesis/dataset_parser/scripts/compress/output/[5]el-nino/pca/el-nino.c.cpp.csv
-> size (bytes): 1,313,443
-> 13.37% of original


RESULTS
--------------------------(same file!)
CoderPCA
ORIGINAL FILE:
-> name: /Users/pablocerve/Documents/FING/Proyecto/datasets-csv/[5]el-nino/el-nino.csv
-> size (bytes): 9,820,158
COMPRESSED FILE:
-> name: /Users/pablocerve/Documents/FING/Proyecto/pc-tesis/dataset_parser/scripts/compress/output/[5]el-nino/pca/el-nino.c.cpp.csv
-> size (bytes): 1,375,888
-> 14.01% of original


RESULTS
--------------------------(same file!)
CoderPCA
ORIGINAL FILE:
-> name: /Users/pablocerve/Documents/FING/Proyecto/datasets-csv/[5]el-nino/el-nino.csv
-> size (bytes): 9,820,158
COMPRESSED FILE:
-> name: /Users/pablocerve/Documents/FING/Proyecto/pc-tesis/dataset_parser/scripts/compress/output/[5]el-nino/pca/el-nino.c.cpp.csv
-> size (bytes): 1,442,585
-> 14.69% of original


RESULTS
--------------------------(same file!)
CoderPCA
ORIGINAL FILE:
-> name: /Users/pablocerve/Documents/FING/Proyecto/datasets-csv/[5]el-nino/el-nino.csv
-> size (bytes): 9,820,158
COMPRESSED FILE:
-> name: /Users/pablocerve/Documents/FING/Proyecto/pc-tesis/dataset_parser/scripts/compress/output/[5]el-nino/pca/el-nino.c.cpp.csv
-> size (bytes): 1,502,381
-> 15.3% of original


RESULTS
--------------------------(same file!)
CoderPCA
ORIGINAL FILE:
-> name: /Users/pablocerve/Documents/FING/Proyecto/datasets-csv/[5]el-nino/el-nino.csv
-> size (bytes): 9,820,158
COMPRESSED FILE:
-> name: /Users/pablocerve/Documents/FING/Proyecto/pc-tesis/dataset_parser/scripts/compress/output/[5]el-nino/pca/el-nino.c.cpp.csv
-> size (bytes): 1,068,157
-> 10.88% of original


RESULTS
--------------------------(same file!)
CoderPCA
ORIGINAL FILE:
-> name: /Users/pablocerve/Documents/FING/Proyecto/datasets-csv/[5]el-nino/el-nino.csv
-> size (bytes): 9,820,158
COMPRESSED FILE:
-> name: /Users/pablocerve/Documents/FING/Proyecto/pc-tesis/dataset_parser/scripts/compress/output/[5]el-nino/pca/el-nino.c.cpp.csv
-> size (bytes): 1,139,951
-> 11.61% of original


RESULTS
--------------------------(same file!)
CoderPCA
ORIGINAL FILE:
-> name: /Users/pablocerve/Documents/FING/Proyecto/datasets-csv/[5]el-nino/el-nino.csv
-> size (bytes): 9,820,158
COMPRESSED FILE:
-> name: /Users/pablocerve/Documents/FING/Proyecto/pc-tesis/dataset_parser/scripts/compress/output/[5]el-nino/pca/el-nino.c.cpp.csv
-> size (bytes): 1,254,436
-> 12.77% of original


RESULTS
--------------------------(same file!)
CoderPCA
ORIGINAL FILE:
-> name: /Users/pablocerve/Documents/FING/Proyecto/datasets-csv/[5]el-nino/el-nino.csv
-> size (bytes): 9,820,158
COMPRESSED FILE:
-> name: /Users/pablocerve/Documents/FING/Proyecto/pc-tesis/dataset_parser/scripts/compress/output/[5]el-nino/pca/el-nino.c.cpp.csv
-> size (bytes): 1,331,426
-> 13.56% of original


RESULTS
--------------------------(same file!)
CoderPCA
ORIGINAL FILE:
-> name: /Users/pablocerve/Documents/FING/Proyecto/datasets-csv/[5]el-nino/el-nino.csv
-> size (bytes): 9,820,158
COMPRESSED FILE:
-> name: /Users/pablocerve/Documents/FING/Proyecto/pc-tesis/dataset_parser/scripts/compress/output/[5]el-nino/pca/el-nino.c.cpp.csv
-> size (bytes): 1,405,422
-> 14.31% of original


RESULTS
--------------------------(same file!)
CoderPCA
ORIGINAL FILE:
-> name: /Users/pablocerve/Documents/FING/Proyecto/datasets-csv/[5]el-nino/el-nino.csv
-> size (bytes): 9,820,158
COMPRESSED FILE:
-> name: /Users/pablocerve/Documents/FING/Proyecto/pc-tesis/dataset_parser/scripts/compress/output/[5]el-nino/pca/el-nino.c.cpp.csv
-> size (bytes): 1,480,591
-> 15.08% of original


RESULTS
--------------------------(same file!)
CoderPCA
ORIGINAL FILE:
-> name: /Users/pablocerve/Documents/FING/Proyecto/datasets-csv/[5]el-nino/el-nino.csv
-> size (bytes): 9,820,158
COMPRESSED FILE:
-> name: /Users/pablocerve/Documents/FING/Proyecto/pc-tesis/dataset_parser/scripts/compress/output/[5]el-nino/pca/el-nino.c.cpp.csv
-> size (bytes): 930,014
-> 9.47% of original


RESULTS
--------------------------(same file!)
CoderPCA
ORIGINAL FILE:
-> name: /Users/pablocerve/Documents/FING/Proyecto/datasets-csv/[5]el-nino/el-nino.csv
-> size (bytes): 9,820,158
COMPRESSED FILE:
-> name: /Users/pablocerve/Documents/FING/Proyecto/pc-tesis/dataset_parser/scripts/compress/output/[5]el-nino/pca/el-nino.c.cpp.csv
-> size (bytes): 1,004,139
-> 10.23% of original


RESULTS
--------------------------(same file!)
CoderPCA
ORIGINAL FILE:
-> name: /Users/pablocerve/Documents/FING/Proyecto/datasets-csv/[5]el-nino/el-nino.csv
-> size (bytes): 9,820,158
COMPRESSED FILE:
-> name: /Users/pablocerve/Documents/FING/Proyecto/pc-tesis/dataset_parser/scripts/compress/output/[5]el-nino/pca/el-nino.c.cpp.csv
-> size (bytes): 1,143,340
-> 11.64% of original


RESULTS
--------------------------(same file!)
CoderPCA
ORIGINAL FILE:
-> name: /Users/pablocerve/Documents/FING/Proyecto/datasets-csv/[5]el-nino/el-nino.csv
-> size (bytes): 9,820,158
COMPRESSED FILE:
-> name: /Users/pablocerve/Documents/FING/Proyecto/pc-tesis/dataset_parser/scripts/compress/output/[5]el-nino/pca/el-nino.c.cpp.csv
-> size (bytes): 1,256,077
-> 12.79% of original


RESULTS
--------------------------(same file!)
CoderPCA
ORIGINAL FILE:
-> name: /Users/pablocerve/Documents/FING/Proyecto/datasets-csv/[5]el-nino/el-nino.csv
-> size (bytes): 9,820,158
COMPRESSED FILE:
-> name: /Users/pablocerve/Documents/FING/Proyecto/pc-tesis/dataset_parser/scripts/compress/output/[5]el-nino/pca/el-nino.c.cpp.csv
-> size (bytes): 1,350,081
-> 13.75% of original


RESULTS
--------------------------(same file!)
CoderPCA
ORIGINAL FILE:
-> name: /Users/pablocerve/Documents/FING/Proyecto/datasets-csv/[5]el-nino/el-nino.csv
-> size (bytes): 9,820,158
COMPRESSED FILE:
-> name: /Users/pablocerve/Documents/FING/Proyecto/pc-tesis/dataset_parser/scripts/compress/output/[5]el-nino/pca/el-nino.c.cpp.csv
-> size (bytes): 1,437,010
-> 14.63% of original


RESULTS
--------------------------(same file!)
CoderAPCA
ORIGINAL FILE:
-> name: /Users/pablocerve/Documents/FING/Proyecto/datasets-csv/[5]el-nino/el-nino.csv
-> size (bytes): 9,820,158
COMPRESSED FILE:
-> name: /Users/pablocerve/Documents/FING/Proyecto/pc-tesis/dataset_parser/scripts/compress/output/[5]el-nino/apca/el-nino.c.cpp.csv
-> size (bytes): 1,556,916
-> 15.85% of original


RESULTS
--------------------------(same file!)
CoderAPCA
ORIGINAL FILE:
-> name: /Users/pablocerve/Documents/FING/Proyecto/datasets-csv/[5]el-nino/el-nino.csv
-> size (bytes): 9,820,158
COMPRESSED FILE:
-> name: /Users/pablocerve/Documents/FING/Proyecto/pc-tesis/dataset_parser/scripts/compress/output/[5]el-nino/apca/el-nino.c.cpp.csv
-> size (bytes): 1,625,321
-> 16.55% of original


RESULTS
--------------------------(same file!)
CoderAPCA
ORIGINAL FILE:
-> name: /Users/pablocerve/Documents/FING/Proyecto/datasets-csv/[5]el-nino/el-nino.csv
-> size (bytes): 9,820,158
COMPRESSED FILE:
-> name: /Users/pablocerve/Documents/FING/Proyecto/pc-tesis/dataset_parser/scripts/compress/output/[5]el-nino/apca/el-nino.c.cpp.csv
-> size (bytes): 1,716,368
-> 17.48% of original


RESULTS
--------------------------(same file!)
CoderAPCA
ORIGINAL FILE:
-> name: /Users/pablocerve/Documents/FING/Proyecto/datasets-csv/[5]el-nino/el-nino.csv
-> size (bytes): 9,820,158
COMPRESSED FILE:
-> name: /Users/pablocerve/Documents/FING/Proyecto/pc-tesis/dataset_parser/scripts/compress/output/[5]el-nino/apca/el-nino.c.cpp.csv
-> size (bytes): 1,818,251
-> 18.52% of original


RESULTS
--------------------------(same file!)
CoderAPCA
ORIGINAL FILE:
-> name: /Users/pablocerve/Documents/FING/Proyecto/datasets-csv/[5]el-nino/el-nino.csv
-> size (bytes): 9,820,158
COMPRESSED FILE:
-> name: /Users/pablocerve/Documents/FING/Proyecto/pc-tesis/dataset_parser/scripts/compress/output/[5]el-nino/apca/el-nino.c.cpp.csv
-> size (bytes): 1,921,666
-> 19.57% of original


RESULTS
--------------------------(same file!)
CoderAPCA
ORIGINAL FILE:
-> name: /Users/pablocerve/Documents/FING/Proyecto/datasets-csv/[5]el-nino/el-nino.csv
-> size (bytes): 9,820,158
COMPRESSED FILE:
-> name: /Users/pablocerve/Documents/FING/Proyecto/pc-tesis/dataset_parser/scripts/compress/output/[5]el-nino/apca/el-nino.c.cpp.csv
-> size (bytes): 2,025,545
-> 20.63% of original


RESULTS
--------------------------(same file!)
CoderAPCA
ORIGINAL FILE:
-> name: /Users/pablocerve/Documents/FING/Proyecto/datasets-csv/[5]el-nino/el-nino.csv
-> size (bytes): 9,820,158
COMPRESSED FILE:
-> name: /Users/pablocerve/Documents/FING/Proyecto/pc-tesis/dataset_parser/scripts/compress/output/[5]el-nino/apca/el-nino.c.cpp.csv
-> size (bytes): 1,496,862
-> 15.24% of original


RESULTS
--------------------------(same file!)
CoderAPCA
ORIGINAL FILE:
-> name: /Users/pablocerve/Documents/FING/Proyecto/datasets-csv/[5]el-nino/el-nino.csv
-> size (bytes): 9,820,158
COMPRESSED FILE:
-> name: /Users/pablocerve/Documents/FING/Proyecto/pc-tesis/dataset_parser/scripts/compress/output/[5]el-nino/apca/el-nino.c.cpp.csv
-> size (bytes): 1,560,474
-> 15.89% of original


RESULTS
--------------------------(same file!)
CoderAPCA
ORIGINAL FILE:
-> name: /Users/pablocerve/Documents/FING/Proyecto/datasets-csv/[5]el-nino/el-nino.csv
-> size (bytes): 9,820,158
COMPRESSED FILE:
-> name: /Users/pablocerve/Documents/FING/Proyecto/pc-tesis/dataset_parser/scripts/compress/output/[5]el-nino/apca/el-nino.c.cpp.csv
-> size (bytes): 1,647,002
-> 16.77% of original


RESULTS
--------------------------(same file!)
CoderAPCA
ORIGINAL FILE:
-> name: /Users/pablocerve/Documents/FING/Proyecto/datasets-csv/[5]el-nino/el-nino.csv
-> size (bytes): 9,820,158
COMPRESSED FILE:
-> name: /Users/pablocerve/Documents/FING/Proyecto/pc-tesis/dataset_parser/scripts/compress/output/[5]el-nino/apca/el-nino.c.cpp.csv
-> size (bytes): 1,744,671
-> 17.77% of original


RESULTS
--------------------------(same file!)
CoderAPCA
ORIGINAL FILE:
-> name: /Users/pablocerve/Documents/FING/Proyecto/datasets-csv/[5]el-nino/el-nino.csv
-> size (bytes): 9,820,158
COMPRESSED FILE:
-> name: /Users/pablocerve/Documents/FING/Proyecto/pc-tesis/dataset_parser/scripts/compress/output/[5]el-nino/apca/el-nino.c.cpp.csv
-> size (bytes): 1,843,958
-> 18.78% of original


RESULTS
--------------------------(same file!)
CoderAPCA
ORIGINAL FILE:
-> name: /Users/pablocerve/Documents/FING/Proyecto/datasets-csv/[5]el-nino/el-nino.csv
-> size (bytes): 9,820,158
COMPRESSED FILE:
-> name: /Users/pablocerve/Documents/FING/Proyecto/pc-tesis/dataset_parser/scripts/compress/output/[5]el-nino/apca/el-nino.c.cpp.csv
-> size (bytes): 1,943,754
-> 19.79% of original


RESULTS
--------------------------(same file!)
CoderAPCA
ORIGINAL FILE:
-> name: /Users/pablocerve/Documents/FING/Proyecto/datasets-csv/[5]el-nino/el-nino.csv
-> size (bytes): 9,820,158
COMPRESSED FILE:
-> name: /Users/pablocerve/Documents/FING/Proyecto/pc-tesis/dataset_parser/scripts/compress/output/[5]el-nino/apca/el-nino.c.cpp.csv
-> size (bytes): 1,327,756
-> 13.52% of original


RESULTS
--------------------------(same file!)
CoderAPCA
ORIGINAL FILE:
-> name: /Users/pablocerve/Documents/FING/Proyecto/datasets-csv/[5]el-nino/el-nino.csv
-> size (bytes): 9,820,158
COMPRESSED FILE:
-> name: /Users/pablocerve/Documents/FING/Proyecto/pc-tesis/dataset_parser/scripts/compress/output/[5]el-nino/apca/el-nino.c.cpp.csv
-> size (bytes): 1,370,842
-> 13.96% of original


RESULTS
--------------------------(same file!)
CoderAPCA
ORIGINAL FILE:
-> name: /Users/pablocerve/Documents/FING/Proyecto/datasets-csv/[5]el-nino/el-nino.csv
-> size (bytes): 9,820,158
COMPRESSED FILE:
-> name: /Users/pablocerve/Documents/FING/Proyecto/pc-tesis/dataset_parser/scripts/compress/output/[5]el-nino/apca/el-nino.c.cpp.csv
-> size (bytes): 1,439,512
-> 14.66% of original


RESULTS
--------------------------(same file!)
CoderAPCA
ORIGINAL FILE:
-> name: /Users/pablocerve/Documents/FING/Proyecto/datasets-csv/[5]el-nino/el-nino.csv
-> size (bytes): 9,820,158
COMPRESSED FILE:
-> name: /Users/pablocerve/Documents/FING/Proyecto/pc-tesis/dataset_parser/scripts/compress/output/[5]el-nino/apca/el-nino.c.cpp.csv
-> size (bytes): 1,522,874
-> 15.51% of original


RESULTS
--------------------------(same file!)
CoderAPCA
ORIGINAL FILE:
-> name: /Users/pablocerve/Documents/FING/Proyecto/datasets-csv/[5]el-nino/el-nino.csv
-> size (bytes): 9,820,158
COMPRESSED FILE:
-> name: /Users/pablocerve/Documents/FING/Proyecto/pc-tesis/dataset_parser/scripts/compress/output/[5]el-nino/apca/el-nino.c.cpp.csv
-> size (bytes): 1,608,864
-> 16.38% of original


RESULTS
--------------------------(same file!)
CoderAPCA
ORIGINAL FILE:
-> name: /Users/pablocerve/Documents/FING/Proyecto/datasets-csv/[5]el-nino/el-nino.csv
-> size (bytes): 9,820,158
COMPRESSED FILE:
-> name: /Users/pablocerve/Documents/FING/Proyecto/pc-tesis/dataset_parser/scripts/compress/output/[5]el-nino/apca/el-nino.c.cpp.csv
-> size (bytes): 1,695,887
-> 17.27% of original


RESULTS
--------------------------(same file!)
CoderAPCA
ORIGINAL FILE:
-> name: /Users/pablocerve/Documents/FING/Proyecto/datasets-csv/[5]el-nino/el-nino.csv
-> size (bytes): 9,820,158
COMPRESSED FILE:
-> name: /Users/pablocerve/Documents/FING/Proyecto/pc-tesis/dataset_parser/scripts/compress/output/[5]el-nino/apca/el-nino.c.cpp.csv
-> size (bytes): 1,228,065
-> 12.51% of original


RESULTS
--------------------------(same file!)
CoderAPCA
ORIGINAL FILE:
-> name: /Users/pablocerve/Documents/FING/Proyecto/datasets-csv/[5]el-nino/el-nino.csv
-> size (bytes): 9,820,158
COMPRESSED FILE:
-> name: /Users/pablocerve/Documents/FING/Proyecto/pc-tesis/dataset_parser/scripts/compress/output/[5]el-nino/apca/el-nino.c.cpp.csv
-> size (bytes): 1,257,722
-> 12.81% of original


RESULTS
--------------------------(same file!)
CoderAPCA
ORIGINAL FILE:
-> name: /Users/pablocerve/Documents/FING/Proyecto/datasets-csv/[5]el-nino/el-nino.csv
-> size (bytes): 9,820,158
COMPRESSED FILE:
-> name: /Users/pablocerve/Documents/FING/Proyecto/pc-tesis/dataset_parser/scripts/compress/output/[5]el-nino/apca/el-nino.c.cpp.csv
-> size (bytes): 1,316,173
-> 13.4% of original


RESULTS
--------------------------(same file!)
CoderAPCA
ORIGINAL FILE:
-> name: /Users/pablocerve/Documents/FING/Proyecto/datasets-csv/[5]el-nino/el-nino.csv
-> size (bytes): 9,820,158
COMPRESSED FILE:
-> name: /Users/pablocerve/Documents/FING/Proyecto/pc-tesis/dataset_parser/scripts/compress/output/[5]el-nino/apca/el-nino.c.cpp.csv
-> size (bytes): 1,391,158
-> 14.17% of original


RESULTS
--------------------------(same file!)
CoderAPCA
ORIGINAL FILE:
-> name: /Users/pablocerve/Documents/FING/Proyecto/datasets-csv/[5]el-nino/el-nino.csv
-> size (bytes): 9,820,158
COMPRESSED FILE:
-> name: /Users/pablocerve/Documents/FING/Proyecto/pc-tesis/dataset_parser/scripts/compress/output/[5]el-nino/apca/el-nino.c.cpp.csv
-> size (bytes): 1,469,154
-> 14.96% of original


RESULTS
--------------------------(same file!)
CoderAPCA
ORIGINAL FILE:
-> name: /Users/pablocerve/Documents/FING/Proyecto/datasets-csv/[5]el-nino/el-nino.csv
-> size (bytes): 9,820,158
COMPRESSED FILE:
-> name: /Users/pablocerve/Documents/FING/Proyecto/pc-tesis/dataset_parser/scripts/compress/output/[5]el-nino/apca/el-nino.c.cpp.csv
-> size (bytes): 1,548,402
-> 15.77% of original


RESULTS
--------------------------(same file!)
CoderAPCA
ORIGINAL FILE:
-> name: /Users/pablocerve/Documents/FING/Proyecto/datasets-csv/[5]el-nino/el-nino.csv
-> size (bytes): 9,820,158
COMPRESSED FILE:
-> name: /Users/pablocerve/Documents/FING/Proyecto/pc-tesis/dataset_parser/scripts/compress/output/[5]el-nino/apca/el-nino.c.cpp.csv
-> size (bytes): 1,037,702
-> 10.57% of original


RESULTS
--------------------------(same file!)
CoderAPCA
ORIGINAL FILE:
-> name: /Users/pablocerve/Documents/FING/Proyecto/datasets-csv/[5]el-nino/el-nino.csv
-> size (bytes): 9,820,158
COMPRESSED FILE:
-> name: /Users/pablocerve/Documents/FING/Proyecto/pc-tesis/dataset_parser/scripts/compress/output/[5]el-nino/apca/el-nino.c.cpp.csv
-> size (bytes): 1,035,632
-> 10.55% of original


RESULTS
--------------------------(same file!)
CoderAPCA
ORIGINAL FILE:
-> name: /Users/pablocerve/Documents/FING/Proyecto/datasets-csv/[5]el-nino/el-nino.csv
-> size (bytes): 9,820,158
COMPRESSED FILE:
-> name: /Users/pablocerve/Documents/FING/Proyecto/pc-tesis/dataset_parser/scripts/compress/output/[5]el-nino/apca/el-nino.c.cpp.csv
-> size (bytes): 1,070,048
-> 10.9% of original


RESULTS
--------------------------(same file!)
CoderAPCA
ORIGINAL FILE:
-> name: /Users/pablocerve/Documents/FING/Proyecto/datasets-csv/[5]el-nino/el-nino.csv
-> size (bytes): 9,820,158
COMPRESSED FILE:
-> name: /Users/pablocerve/Documents/FING/Proyecto/pc-tesis/dataset_parser/scripts/compress/output/[5]el-nino/apca/el-nino.c.cpp.csv
-> size (bytes): 1,126,865
-> 11.48% of original


RESULTS
--------------------------(same file!)
CoderAPCA
ORIGINAL FILE:
-> name: /Users/pablocerve/Documents/FING/Proyecto/datasets-csv/[5]el-nino/el-nino.csv
-> size (bytes): 9,820,158
COMPRESSED FILE:
-> name: /Users/pablocerve/Documents/FING/Proyecto/pc-tesis/dataset_parser/scripts/compress/output/[5]el-nino/apca/el-nino.c.cpp.csv
-> size (bytes): 1,188,060
-> 12.1% of original


RESULTS
--------------------------(same file!)
CoderAPCA
ORIGINAL FILE:
-> name: /Users/pablocerve/Documents/FING/Proyecto/datasets-csv/[5]el-nino/el-nino.csv
-> size (bytes): 9,820,158
COMPRESSED FILE:
-> name: /Users/pablocerve/Documents/FING/Proyecto/pc-tesis/dataset_parser/scripts/compress/output/[5]el-nino/apca/el-nino.c.cpp.csv
-> size (bytes): 1,251,192
-> 12.74% of original


RESULTS
--------------------------(same file!)
CoderAPCA
ORIGINAL FILE:
-> name: /Users/pablocerve/Documents/FING/Proyecto/datasets-csv/[5]el-nino/el-nino.csv
-> size (bytes): 9,820,158
COMPRESSED FILE:
-> name: /Users/pablocerve/Documents/FING/Proyecto/pc-tesis/dataset_parser/scripts/compress/output/[5]el-nino/apca/el-nino.c.cpp.csv
-> size (bytes): 907,926
-> 9.25% of original


RESULTS
--------------------------(same file!)
CoderAPCA
ORIGINAL FILE:
-> name: /Users/pablocerve/Documents/FING/Proyecto/datasets-csv/[5]el-nino/el-nino.csv
-> size (bytes): 9,820,158
COMPRESSED FILE:
-> name: /Users/pablocerve/Documents/FING/Proyecto/pc-tesis/dataset_parser/scripts/compress/output/[5]el-nino/apca/el-nino.c.cpp.csv
-> size (bytes): 880,990
-> 8.97% of original


RESULTS
--------------------------(same file!)
CoderAPCA
ORIGINAL FILE:
-> name: /Users/pablocerve/Documents/FING/Proyecto/datasets-csv/[5]el-nino/el-nino.csv
-> size (bytes): 9,820,158
COMPRESSED FILE:
-> name: /Users/pablocerve/Documents/FING/Proyecto/pc-tesis/dataset_parser/scripts/compress/output/[5]el-nino/apca/el-nino.c.cpp.csv
-> size (bytes): 896,315
-> 9.13% of original


RESULTS
--------------------------(same file!)
CoderAPCA
ORIGINAL FILE:
-> name: /Users/pablocerve/Documents/FING/Proyecto/datasets-csv/[5]el-nino/el-nino.csv
-> size (bytes): 9,820,158
COMPRESSED FILE:
-> name: /Users/pablocerve/Documents/FING/Proyecto/pc-tesis/dataset_parser/scripts/compress/output/[5]el-nino/apca/el-nino.c.cpp.csv
-> size (bytes): 939,954
-> 9.57% of original


RESULTS
--------------------------(same file!)
CoderAPCA
ORIGINAL FILE:
-> name: /Users/pablocerve/Documents/FING/Proyecto/datasets-csv/[5]el-nino/el-nino.csv
-> size (bytes): 9,820,158
COMPRESSED FILE:
-> name: /Users/pablocerve/Documents/FING/Proyecto/pc-tesis/dataset_parser/scripts/compress/output/[5]el-nino/apca/el-nino.c.cpp.csv
-> size (bytes): 989,145
-> 10.07% of original


RESULTS
--------------------------(same file!)
CoderAPCA
ORIGINAL FILE:
-> name: /Users/pablocerve/Documents/FING/Proyecto/datasets-csv/[5]el-nino/el-nino.csv
-> size (bytes): 9,820,158
COMPRESSED FILE:
-> name: /Users/pablocerve/Documents/FING/Proyecto/pc-tesis/dataset_parser/scripts/compress/output/[5]el-nino/apca/el-nino.c.cpp.csv
-> size (bytes): 1,040,761
-> 10.6% of original


RESULTS
--------------------------(same file!)
CoderAPCA
ORIGINAL FILE:
-> name: /Users/pablocerve/Documents/FING/Proyecto/datasets-csv/[5]el-nino/el-nino.csv
-> size (bytes): 9,820,158
COMPRESSED FILE:
-> name: /Users/pablocerve/Documents/FING/Proyecto/pc-tesis/dataset_parser/scripts/compress/output/[5]el-nino/apca/el-nino.c.cpp.csv
-> size (bytes): 815,038
-> 8.3% of original


RESULTS
--------------------------(same file!)
CoderAPCA
ORIGINAL FILE:
-> name: /Users/pablocerve/Documents/FING/Proyecto/datasets-csv/[5]el-nino/el-nino.csv
-> size (bytes): 9,820,158
COMPRESSED FILE:
-> name: /Users/pablocerve/Documents/FING/Proyecto/pc-tesis/dataset_parser/scripts/compress/output/[5]el-nino/apca/el-nino.c.cpp.csv
-> size (bytes): 768,604
-> 7.83% of original


RESULTS
--------------------------(same file!)
CoderAPCA
ORIGINAL FILE:
-> name: /Users/pablocerve/Documents/FING/Proyecto/datasets-csv/[5]el-nino/el-nino.csv
-> size (bytes): 9,820,158
COMPRESSED FILE:
-> name: /Users/pablocerve/Documents/FING/Proyecto/pc-tesis/dataset_parser/scripts/compress/output/[5]el-nino/apca/el-nino.c.cpp.csv
-> size (bytes): 769,274
-> 7.83% of original


RESULTS
--------------------------(same file!)
CoderAPCA
ORIGINAL FILE:
-> name: /Users/pablocerve/Documents/FING/Proyecto/datasets-csv/[5]el-nino/el-nino.csv
-> size (bytes): 9,820,158
COMPRESSED FILE:
-> name: /Users/pablocerve/Documents/FING/Proyecto/pc-tesis/dataset_parser/scripts/compress/output/[5]el-nino/apca/el-nino.c.cpp.csv
-> size (bytes): 803,005
-> 8.18% of original


RESULTS
--------------------------(same file!)
CoderAPCA
ORIGINAL FILE:
-> name: /Users/pablocerve/Documents/FING/Proyecto/datasets-csv/[5]el-nino/el-nino.csv
-> size (bytes): 9,820,158
COMPRESSED FILE:
-> name: /Users/pablocerve/Documents/FING/Proyecto/pc-tesis/dataset_parser/scripts/compress/output/[5]el-nino/apca/el-nino.c.cpp.csv
-> size (bytes): 843,260
-> 8.59% of original


RESULTS
--------------------------(same file!)
CoderAPCA
ORIGINAL FILE:
-> name: /Users/pablocerve/Documents/FING/Proyecto/datasets-csv/[5]el-nino/el-nino.csv
-> size (bytes): 9,820,158
COMPRESSED FILE:
-> name: /Users/pablocerve/Documents/FING/Proyecto/pc-tesis/dataset_parser/scripts/compress/output/[5]el-nino/apca/el-nino.c.cpp.csv
-> size (bytes): 886,371
-> 9.03% of original


RESULTS
--------------------------(same file!)
CoderAPCA
ORIGINAL FILE:
-> name: /Users/pablocerve/Documents/FING/Proyecto/datasets-csv/[5]el-nino/el-nino.csv
-> size (bytes): 9,820,158
COMPRESSED FILE:
-> name: /Users/pablocerve/Documents/FING/Proyecto/pc-tesis/dataset_parser/scripts/compress/output/[5]el-nino/apca/el-nino.c.cpp.csv
-> size (bytes): 682,277
-> 6.95% of original


RESULTS
--------------------------(same file!)
CoderAPCA
ORIGINAL FILE:
-> name: /Users/pablocerve/Documents/FING/Proyecto/datasets-csv/[5]el-nino/el-nino.csv
-> size (bytes): 9,820,158
COMPRESSED FILE:
-> name: /Users/pablocerve/Documents/FING/Proyecto/pc-tesis/dataset_parser/scripts/compress/output/[5]el-nino/apca/el-nino.c.cpp.csv
-> size (bytes): 603,467
-> 6.15% of original


RESULTS
--------------------------(same file!)
CoderAPCA
ORIGINAL FILE:
-> name: /Users/pablocerve/Documents/FING/Proyecto/datasets-csv/[5]el-nino/el-nino.csv
-> size (bytes): 9,820,158
COMPRESSED FILE:
-> name: /Users/pablocerve/Documents/FING/Proyecto/pc-tesis/dataset_parser/scripts/compress/output/[5]el-nino/apca/el-nino.c.cpp.csv
-> size (bytes): 580,502
-> 5.91% of original


RESULTS
--------------------------(same file!)
CoderAPCA
ORIGINAL FILE:
-> name: /Users/pablocerve/Documents/FING/Proyecto/datasets-csv/[5]el-nino/el-nino.csv
-> size (bytes): 9,820,158
COMPRESSED FILE:
-> name: /Users/pablocerve/Documents/FING/Proyecto/pc-tesis/dataset_parser/scripts/compress/output/[5]el-nino/apca/el-nino.c.cpp.csv
-> size (bytes): 598,506
-> 6.09% of original


RESULTS
--------------------------(same file!)
CoderAPCA
ORIGINAL FILE:
-> name: /Users/pablocerve/Documents/FING/Proyecto/datasets-csv/[5]el-nino/el-nino.csv
-> size (bytes): 9,820,158
COMPRESSED FILE:
-> name: /Users/pablocerve/Documents/FING/Proyecto/pc-tesis/dataset_parser/scripts/compress/output/[5]el-nino/apca/el-nino.c.cpp.csv
-> size (bytes): 625,154
-> 6.37% of original


RESULTS
--------------------------(same file!)
CoderAPCA
ORIGINAL FILE:
-> name: /Users/pablocerve/Documents/FING/Proyecto/datasets-csv/[5]el-nino/el-nino.csv
-> size (bytes): 9,820,158
COMPRESSED FILE:
-> name: /Users/pablocerve/Documents/FING/Proyecto/pc-tesis/dataset_parser/scripts/compress/output/[5]el-nino/apca/el-nino.c.cpp.csv
-> size (bytes): 655,443
-> 6.67% of original


RESULTS
--------------------------(same file!)
CoderPWLH
ORIGINAL FILE:
-> name: /Users/pablocerve/Documents/FING/Proyecto/datasets-csv/[5]el-nino/el-nino.csv
-> size (bytes): 9,820,158
COMPRESSED FILE:
-> name: /Users/pablocerve/Documents/FING/Proyecto/pc-tesis/dataset_parser/scripts/compress/output/[5]el-nino/pwlh/el-nino.c.cpp.csv
-> size (bytes): 4,119,470
-> 41.95% of original


RESULTS
--------------------------(same file!)
CoderPWLH
ORIGINAL FILE:
-> name: /Users/pablocerve/Documents/FING/Proyecto/datasets-csv/[5]el-nino/el-nino.csv
-> size (bytes): 9,820,158
COMPRESSED FILE:
-> name: /Users/pablocerve/Documents/FING/Proyecto/pc-tesis/dataset_parser/scripts/compress/output/[5]el-nino/pwlh/el-nino.c.cpp.csv
-> size (bytes): 4,052,622
-> 41.27% of original


RESULTS
--------------------------(same file!)
CoderPWLH
ORIGINAL FILE:
-> name: /Users/pablocerve/Documents/FING/Proyecto/datasets-csv/[5]el-nino/el-nino.csv
-> size (bytes): 9,820,158
COMPRESSED FILE:
-> name: /Users/pablocerve/Documents/FING/Proyecto/pc-tesis/dataset_parser/scripts/compress/output/[5]el-nino/pwlh/el-nino.c.cpp.csv
-> size (bytes): 4,063,049
-> 41.37% of original


RESULTS
--------------------------(same file!)
CoderPWLH
ORIGINAL FILE:
-> name: /Users/pablocerve/Documents/FING/Proyecto/datasets-csv/[5]el-nino/el-nino.csv
-> size (bytes): 9,820,158
COMPRESSED FILE:
-> name: /Users/pablocerve/Documents/FING/Proyecto/pc-tesis/dataset_parser/scripts/compress/output/[5]el-nino/pwlh/el-nino.c.cpp.csv
-> size (bytes): 4,112,295
-> 41.88% of original


RESULTS
--------------------------(same file!)
CoderPWLH
ORIGINAL FILE:
-> name: /Users/pablocerve/Documents/FING/Proyecto/datasets-csv/[5]el-nino/el-nino.csv
-> size (bytes): 9,820,158
COMPRESSED FILE:
-> name: /Users/pablocerve/Documents/FING/Proyecto/pc-tesis/dataset_parser/scripts/compress/output/[5]el-nino/pwlh/el-nino.c.cpp.csv
-> size (bytes): 4,167,256
-> 42.44% of original


RESULTS
--------------------------(same file!)
CoderPWLH
ORIGINAL FILE:
-> name: /Users/pablocerve/Documents/FING/Proyecto/datasets-csv/[5]el-nino/el-nino.csv
-> size (bytes): 9,820,158
COMPRESSED FILE:
-> name: /Users/pablocerve/Documents/FING/Proyecto/pc-tesis/dataset_parser/scripts/compress/output/[5]el-nino/pwlh/el-nino.c.cpp.csv
-> size (bytes): 4,223,935
-> 43.01% of original


RESULTS
--------------------------(same file!)
CoderPWLH
ORIGINAL FILE:
-> name: /Users/pablocerve/Documents/FING/Proyecto/datasets-csv/[5]el-nino/el-nino.csv
-> size (bytes): 9,820,158
COMPRESSED FILE:
-> name: /Users/pablocerve/Documents/FING/Proyecto/pc-tesis/dataset_parser/scripts/compress/output/[5]el-nino/pwlh/el-nino.c.cpp.csv
-> size (bytes): 4,011,162
-> 40.85% of original


RESULTS
--------------------------(same file!)
CoderPWLH
ORIGINAL FILE:
-> name: /Users/pablocerve/Documents/FING/Proyecto/datasets-csv/[5]el-nino/el-nino.csv
-> size (bytes): 9,820,158
COMPRESSED FILE:
-> name: /Users/pablocerve/Documents/FING/Proyecto/pc-tesis/dataset_parser/scripts/compress/output/[5]el-nino/pwlh/el-nino.c.cpp.csv
-> size (bytes): 3,938,116
-> 40.1% of original


RESULTS
--------------------------(same file!)
CoderPWLH
ORIGINAL FILE:
-> name: /Users/pablocerve/Documents/FING/Proyecto/datasets-csv/[5]el-nino/el-nino.csv
-> size (bytes): 9,820,158
COMPRESSED FILE:
-> name: /Users/pablocerve/Documents/FING/Proyecto/pc-tesis/dataset_parser/scripts/compress/output/[5]el-nino/pwlh/el-nino.c.cpp.csv
-> size (bytes): 3,945,137
-> 40.17% of original


RESULTS
--------------------------(same file!)
CoderPWLH
ORIGINAL FILE:
-> name: /Users/pablocerve/Documents/FING/Proyecto/datasets-csv/[5]el-nino/el-nino.csv
-> size (bytes): 9,820,158
COMPRESSED FILE:
-> name: /Users/pablocerve/Documents/FING/Proyecto/pc-tesis/dataset_parser/scripts/compress/output/[5]el-nino/pwlh/el-nino.c.cpp.csv
-> size (bytes): 3,992,096
-> 40.65% of original


RESULTS
--------------------------(same file!)
CoderPWLH
ORIGINAL FILE:
-> name: /Users/pablocerve/Documents/FING/Proyecto/datasets-csv/[5]el-nino/el-nino.csv
-> size (bytes): 9,820,158
COMPRESSED FILE:
-> name: /Users/pablocerve/Documents/FING/Proyecto/pc-tesis/dataset_parser/scripts/compress/output/[5]el-nino/pwlh/el-nino.c.cpp.csv
-> size (bytes): 4,045,081
-> 41.19% of original


RESULTS
--------------------------(same file!)
CoderPWLH
ORIGINAL FILE:
-> name: /Users/pablocerve/Documents/FING/Proyecto/datasets-csv/[5]el-nino/el-nino.csv
-> size (bytes): 9,820,158
COMPRESSED FILE:
-> name: /Users/pablocerve/Documents/FING/Proyecto/pc-tesis/dataset_parser/scripts/compress/output/[5]el-nino/pwlh/el-nino.c.cpp.csv
-> size (bytes): 4,099,967
-> 41.75% of original


RESULTS
--------------------------(same file!)
CoderPWLH
ORIGINAL FILE:
-> name: /Users/pablocerve/Documents/FING/Proyecto/datasets-csv/[5]el-nino/el-nino.csv
-> size (bytes): 9,820,158
COMPRESSED FILE:
-> name: /Users/pablocerve/Documents/FING/Proyecto/pc-tesis/dataset_parser/scripts/compress/output/[5]el-nino/pwlh/el-nino.c.cpp.csv
-> size (bytes): 3,719,876
-> 37.88% of original


RESULTS
--------------------------(same file!)
CoderPWLH
ORIGINAL FILE:
-> name: /Users/pablocerve/Documents/FING/Proyecto/datasets-csv/[5]el-nino/el-nino.csv
-> size (bytes): 9,820,158
COMPRESSED FILE:
-> name: /Users/pablocerve/Documents/FING/Proyecto/pc-tesis/dataset_parser/scripts/compress/output/[5]el-nino/pwlh/el-nino.c.cpp.csv
-> size (bytes): 3,598,755
-> 36.65% of original


RESULTS
--------------------------(same file!)
CoderPWLH
ORIGINAL FILE:
-> name: /Users/pablocerve/Documents/FING/Proyecto/datasets-csv/[5]el-nino/el-nino.csv
-> size (bytes): 9,820,158
COMPRESSED FILE:
-> name: /Users/pablocerve/Documents/FING/Proyecto/pc-tesis/dataset_parser/scripts/compress/output/[5]el-nino/pwlh/el-nino.c.cpp.csv
-> size (bytes): 3,579,785
-> 36.45% of original


RESULTS
--------------------------(same file!)
CoderPWLH
ORIGINAL FILE:
-> name: /Users/pablocerve/Documents/FING/Proyecto/datasets-csv/[5]el-nino/el-nino.csv
-> size (bytes): 9,820,158
COMPRESSED FILE:
-> name: /Users/pablocerve/Documents/FING/Proyecto/pc-tesis/dataset_parser/scripts/compress/output/[5]el-nino/pwlh/el-nino.c.cpp.csv
-> size (bytes): 3,615,239
-> 36.81% of original


RESULTS
--------------------------(same file!)
CoderPWLH
ORIGINAL FILE:
-> name: /Users/pablocerve/Documents/FING/Proyecto/datasets-csv/[5]el-nino/el-nino.csv
-> size (bytes): 9,820,158
COMPRESSED FILE:
-> name: /Users/pablocerve/Documents/FING/Proyecto/pc-tesis/dataset_parser/scripts/compress/output/[5]el-nino/pwlh/el-nino.c.cpp.csv
-> size (bytes): 3,660,374
-> 37.27% of original


RESULTS
--------------------------(same file!)
CoderPWLH
ORIGINAL FILE:
-> name: /Users/pablocerve/Documents/FING/Proyecto/datasets-csv/[5]el-nino/el-nino.csv
-> size (bytes): 9,820,158
COMPRESSED FILE:
-> name: /Users/pablocerve/Documents/FING/Proyecto/pc-tesis/dataset_parser/scripts/compress/output/[5]el-nino/pwlh/el-nino.c.cpp.csv
-> size (bytes): 3,709,065
-> 37.77% of original


RESULTS
--------------------------(same file!)
CoderPWLH
ORIGINAL FILE:
-> name: /Users/pablocerve/Documents/FING/Proyecto/datasets-csv/[5]el-nino/el-nino.csv
-> size (bytes): 9,820,158
COMPRESSED FILE:
-> name: /Users/pablocerve/Documents/FING/Proyecto/pc-tesis/dataset_parser/scripts/compress/output/[5]el-nino/pwlh/el-nino.c.cpp.csv
-> size (bytes): 3,545,798
-> 36.11% of original


RESULTS
--------------------------(same file!)
CoderPWLH
ORIGINAL FILE:
-> name: /Users/pablocerve/Documents/FING/Proyecto/datasets-csv/[5]el-nino/el-nino.csv
-> size (bytes): 9,820,158
COMPRESSED FILE:
-> name: /Users/pablocerve/Documents/FING/Proyecto/pc-tesis/dataset_parser/scripts/compress/output/[5]el-nino/pwlh/el-nino.c.cpp.csv
-> size (bytes): 3,386,333
-> 34.48% of original


RESULTS
--------------------------(same file!)
CoderPWLH
ORIGINAL FILE:
-> name: /Users/pablocerve/Documents/FING/Proyecto/datasets-csv/[5]el-nino/el-nino.csv
-> size (bytes): 9,820,158
COMPRESSED FILE:
-> name: /Users/pablocerve/Documents/FING/Proyecto/pc-tesis/dataset_parser/scripts/compress/output/[5]el-nino/pwlh/el-nino.c.cpp.csv
-> size (bytes): 3,351,314
-> 34.13% of original


RESULTS
--------------------------(same file!)
CoderPWLH
ORIGINAL FILE:
-> name: /Users/pablocerve/Documents/FING/Proyecto/datasets-csv/[5]el-nino/el-nino.csv
-> size (bytes): 9,820,158
COMPRESSED FILE:
-> name: /Users/pablocerve/Documents/FING/Proyecto/pc-tesis/dataset_parser/scripts/compress/output/[5]el-nino/pwlh/el-nino.c.cpp.csv
-> size (bytes): 3,380,049
-> 34.42% of original


RESULTS
--------------------------(same file!)
CoderPWLH
ORIGINAL FILE:
-> name: /Users/pablocerve/Documents/FING/Proyecto/datasets-csv/[5]el-nino/el-nino.csv
-> size (bytes): 9,820,158
COMPRESSED FILE:
-> name: /Users/pablocerve/Documents/FING/Proyecto/pc-tesis/dataset_parser/scripts/compress/output/[5]el-nino/pwlh/el-nino.c.cpp.csv
-> size (bytes): 3,420,215
-> 34.83% of original


RESULTS
--------------------------(same file!)
CoderPWLH
ORIGINAL FILE:
-> name: /Users/pablocerve/Documents/FING/Proyecto/datasets-csv/[5]el-nino/el-nino.csv
-> size (bytes): 9,820,158
COMPRESSED FILE:
-> name: /Users/pablocerve/Documents/FING/Proyecto/pc-tesis/dataset_parser/scripts/compress/output/[5]el-nino/pwlh/el-nino.c.cpp.csv
-> size (bytes): 3,464,839
-> 35.28% of original


RESULTS
--------------------------(same file!)
CoderPWLH
ORIGINAL FILE:
-> name: /Users/pablocerve/Documents/FING/Proyecto/datasets-csv/[5]el-nino/el-nino.csv
-> size (bytes): 9,820,158
COMPRESSED FILE:
-> name: /Users/pablocerve/Documents/FING/Proyecto/pc-tesis/dataset_parser/scripts/compress/output/[5]el-nino/pwlh/el-nino.c.cpp.csv
-> size (bytes): 3,184,371
-> 32.43% of original


RESULTS
--------------------------(same file!)
CoderPWLH
ORIGINAL FILE:
-> name: /Users/pablocerve/Documents/FING/Proyecto/datasets-csv/[5]el-nino/el-nino.csv
-> size (bytes): 9,820,158
COMPRESSED FILE:
-> name: /Users/pablocerve/Documents/FING/Proyecto/pc-tesis/dataset_parser/scripts/compress/output/[5]el-nino/pwlh/el-nino.c.cpp.csv
-> size (bytes): 2,927,536
-> 29.81% of original


RESULTS
--------------------------(same file!)
CoderPWLH
ORIGINAL FILE:
-> name: /Users/pablocerve/Documents/FING/Proyecto/datasets-csv/[5]el-nino/el-nino.csv
-> size (bytes): 9,820,158
COMPRESSED FILE:
-> name: /Users/pablocerve/Documents/FING/Proyecto/pc-tesis/dataset_parser/scripts/compress/output/[5]el-nino/pwlh/el-nino.c.cpp.csv
-> size (bytes): 2,842,643
-> 28.95% of original


RESULTS
--------------------------(same file!)
CoderPWLH
ORIGINAL FILE:
-> name: /Users/pablocerve/Documents/FING/Proyecto/datasets-csv/[5]el-nino/el-nino.csv
-> size (bytes): 9,820,158
COMPRESSED FILE:
-> name: /Users/pablocerve/Documents/FING/Proyecto/pc-tesis/dataset_parser/scripts/compress/output/[5]el-nino/pwlh/el-nino.c.cpp.csv
-> size (bytes): 2,852,323
-> 29.05% of original


RESULTS
--------------------------(same file!)
CoderPWLH
ORIGINAL FILE:
-> name: /Users/pablocerve/Documents/FING/Proyecto/datasets-csv/[5]el-nino/el-nino.csv
-> size (bytes): 9,820,158
COMPRESSED FILE:
-> name: /Users/pablocerve/Documents/FING/Proyecto/pc-tesis/dataset_parser/scripts/compress/output/[5]el-nino/pwlh/el-nino.c.cpp.csv
-> size (bytes): 2,879,496
-> 29.32% of original


RESULTS
--------------------------(same file!)
CoderPWLH
ORIGINAL FILE:
-> name: /Users/pablocerve/Documents/FING/Proyecto/datasets-csv/[5]el-nino/el-nino.csv
-> size (bytes): 9,820,158
COMPRESSED FILE:
-> name: /Users/pablocerve/Documents/FING/Proyecto/pc-tesis/dataset_parser/scripts/compress/output/[5]el-nino/pwlh/el-nino.c.cpp.csv
-> size (bytes): 2,913,866
-> 29.67% of original


RESULTS
--------------------------(same file!)
CoderPWLH
ORIGINAL FILE:
-> name: /Users/pablocerve/Documents/FING/Proyecto/datasets-csv/[5]el-nino/el-nino.csv
-> size (bytes): 9,820,158
COMPRESSED FILE:
-> name: /Users/pablocerve/Documents/FING/Proyecto/pc-tesis/dataset_parser/scripts/compress/output/[5]el-nino/pwlh/el-nino.c.cpp.csv
-> size (bytes): 2,924,458
-> 29.78% of original


RESULTS
--------------------------(same file!)
CoderPWLH
ORIGINAL FILE:
-> name: /Users/pablocerve/Documents/FING/Proyecto/datasets-csv/[5]el-nino/el-nino.csv
-> size (bytes): 9,820,158
COMPRESSED FILE:
-> name: /Users/pablocerve/Documents/FING/Proyecto/pc-tesis/dataset_parser/scripts/compress/output/[5]el-nino/pwlh/el-nino.c.cpp.csv
-> size (bytes): 2,588,987
-> 26.36% of original


RESULTS
--------------------------(same file!)
CoderPWLH
ORIGINAL FILE:
-> name: /Users/pablocerve/Documents/FING/Proyecto/datasets-csv/[5]el-nino/el-nino.csv
-> size (bytes): 9,820,158
COMPRESSED FILE:
-> name: /Users/pablocerve/Documents/FING/Proyecto/pc-tesis/dataset_parser/scripts/compress/output/[5]el-nino/pwlh/el-nino.c.cpp.csv
-> size (bytes): 2,459,400
-> 25.04% of original


RESULTS
--------------------------(same file!)
CoderPWLH
ORIGINAL FILE:
-> name: /Users/pablocerve/Documents/FING/Proyecto/datasets-csv/[5]el-nino/el-nino.csv
-> size (bytes): 9,820,158
COMPRESSED FILE:
-> name: /Users/pablocerve/Documents/FING/Proyecto/pc-tesis/dataset_parser/scripts/compress/output/[5]el-nino/pwlh/el-nino.c.cpp.csv
-> size (bytes): 2,453,767
-> 24.99% of original


RESULTS
--------------------------(same file!)
CoderPWLH
ORIGINAL FILE:
-> name: /Users/pablocerve/Documents/FING/Proyecto/datasets-csv/[5]el-nino/el-nino.csv
-> size (bytes): 9,820,158
COMPRESSED FILE:
-> name: /Users/pablocerve/Documents/FING/Proyecto/pc-tesis/dataset_parser/scripts/compress/output/[5]el-nino/pwlh/el-nino.c.cpp.csv
-> size (bytes): 2,471,392
-> 25.17% of original


RESULTS
--------------------------(same file!)
CoderPWLH
ORIGINAL FILE:
-> name: /Users/pablocerve/Documents/FING/Proyecto/datasets-csv/[5]el-nino/el-nino.csv
-> size (bytes): 9,820,158
COMPRESSED FILE:
-> name: /Users/pablocerve/Documents/FING/Proyecto/pc-tesis/dataset_parser/scripts/compress/output/[5]el-nino/pwlh/el-nino.c.cpp.csv
-> size (bytes): 2,498,429
-> 25.44% of original


RESULTS
--------------------------(same file!)
CoderPWLH
ORIGINAL FILE:
-> name: /Users/pablocerve/Documents/FING/Proyecto/datasets-csv/[5]el-nino/el-nino.csv
-> size (bytes): 9,820,158
COMPRESSED FILE:
-> name: /Users/pablocerve/Documents/FING/Proyecto/pc-tesis/dataset_parser/scripts/compress/output/[5]el-nino/pwlh/el-nino.c.cpp.csv
-> size (bytes): 2,730,476
-> 27.8% of original


RESULTS
--------------------------(same file!)
CoderPWLH
ORIGINAL FILE:
-> name: /Users/pablocerve/Documents/FING/Proyecto/datasets-csv/[5]el-nino/el-nino.csv
-> size (bytes): 9,820,158
COMPRESSED FILE:
-> name: /Users/pablocerve/Documents/FING/Proyecto/pc-tesis/dataset_parser/scripts/compress/output/[5]el-nino/pwlh/el-nino.c.cpp.csv
-> size (bytes): 2,329,542
-> 23.72% of original


RESULTS
--------------------------(same file!)
CoderPWLH
ORIGINAL FILE:
-> name: /Users/pablocerve/Documents/FING/Proyecto/datasets-csv/[5]el-nino/el-nino.csv
-> size (bytes): 9,820,158
COMPRESSED FILE:
-> name: /Users/pablocerve/Documents/FING/Proyecto/pc-tesis/dataset_parser/scripts/compress/output/[5]el-nino/pwlh/el-nino.c.cpp.csv
-> size (bytes): 2,165,006
-> 22.05% of original


RESULTS
--------------------------(same file!)
CoderPWLH
ORIGINAL FILE:
-> name: /Users/pablocerve/Documents/FING/Proyecto/datasets-csv/[5]el-nino/el-nino.csv
-> size (bytes): 9,820,158
COMPRESSED FILE:
-> name: /Users/pablocerve/Documents/FING/Proyecto/pc-tesis/dataset_parser/scripts/compress/output/[5]el-nino/pwlh/el-nino.c.cpp.csv
-> size (bytes): 2,146,627
-> 21.86% of original


RESULTS
--------------------------(same file!)
CoderPWLH
ORIGINAL FILE:
-> name: /Users/pablocerve/Documents/FING/Proyecto/datasets-csv/[5]el-nino/el-nino.csv
-> size (bytes): 9,820,158
COMPRESSED FILE:
-> name: /Users/pablocerve/Documents/FING/Proyecto/pc-tesis/dataset_parser/scripts/compress/output/[5]el-nino/pwlh/el-nino.c.cpp.csv
-> size (bytes): 2,156,837
-> 21.96% of original


RESULTS
--------------------------(same file!)
CoderPWLH
ORIGINAL FILE:
-> name: /Users/pablocerve/Documents/FING/Proyecto/datasets-csv/[5]el-nino/el-nino.csv
-> size (bytes): 9,820,158
COMPRESSED FILE:
-> name: /Users/pablocerve/Documents/FING/Proyecto/pc-tesis/dataset_parser/scripts/compress/output/[5]el-nino/pwlh/el-nino.c.cpp.csv
-> size (bytes): 2,178,322
-> 22.18% of original


RESULTS
--------------------------(same file!)
CoderPWLH
ORIGINAL FILE:
-> name: /Users/pablocerve/Documents/FING/Proyecto/datasets-csv/[5]el-nino/el-nino.csv
-> size (bytes): 9,820,158
COMPRESSED FILE:
-> name: /Users/pablocerve/Documents/FING/Proyecto/pc-tesis/dataset_parser/scripts/compress/output/[5]el-nino/pwlh/el-nino.c.cpp.csv
-> size (bytes): 2,436,785
-> 24.81% of original


RESULTS
--------------------------(same file!)
CoderPWLH
ORIGINAL FILE:
-> name: /Users/pablocerve/Documents/FING/Proyecto/datasets-csv/[5]el-nino/el-nino.csv
-> size (bytes): 9,820,158
COMPRESSED FILE:
-> name: /Users/pablocerve/Documents/FING/Proyecto/pc-tesis/dataset_parser/scripts/compress/output/[5]el-nino/pwlh/el-nino.c.cpp.csv
-> size (bytes): 1,919,452
-> 19.55% of original


RESULTS
--------------------------(same file!)
CoderPWLH
ORIGINAL FILE:
-> name: /Users/pablocerve/Documents/FING/Proyecto/datasets-csv/[5]el-nino/el-nino.csv
-> size (bytes): 9,820,158
COMPRESSED FILE:
-> name: /Users/pablocerve/Documents/FING/Proyecto/pc-tesis/dataset_parser/scripts/compress/output/[5]el-nino/pwlh/el-nino.c.cpp.csv
-> size (bytes): 1,697,406
-> 17.28% of original


RESULTS
--------------------------(same file!)
CoderPWLH
ORIGINAL FILE:
-> name: /Users/pablocerve/Documents/FING/Proyecto/datasets-csv/[5]el-nino/el-nino.csv
-> size (bytes): 9,820,158
COMPRESSED FILE:
-> name: /Users/pablocerve/Documents/FING/Proyecto/pc-tesis/dataset_parser/scripts/compress/output/[5]el-nino/pwlh/el-nino.c.cpp.csv
-> size (bytes): 1,656,813
-> 16.87% of original


RESULTS
--------------------------(same file!)
CoderPWLH
ORIGINAL FILE:
-> name: /Users/pablocerve/Documents/FING/Proyecto/datasets-csv/[5]el-nino/el-nino.csv
-> size (bytes): 9,820,158
COMPRESSED FILE:
-> name: /Users/pablocerve/Documents/FING/Proyecto/pc-tesis/dataset_parser/scripts/compress/output/[5]el-nino/pwlh/el-nino.c.cpp.csv
-> size (bytes): 1,654,092
-> 16.84% of original


RESULTS
--------------------------(same file!)
CoderPWLH
ORIGINAL FILE:
-> name: /Users/pablocerve/Documents/FING/Proyecto/datasets-csv/[5]el-nino/el-nino.csv
-> size (bytes): 9,820,158
COMPRESSED FILE:
-> name: /Users/pablocerve/Documents/FING/Proyecto/pc-tesis/dataset_parser/scripts/compress/output/[5]el-nino/pwlh/el-nino.c.cpp.csv
-> size (bytes): 1,666,538
-> 16.97% of original


RESULTS
--------------------------(same file!)
CoderPWLHint
ORIGINAL FILE:
-> name: /Users/pablocerve/Documents/FING/Proyecto/datasets-csv/[5]el-nino/el-nino.csv
-> size (bytes): 9,820,158
COMPRESSED FILE:
-> name: /Users/pablocerve/Documents/FING/Proyecto/pc-tesis/dataset_parser/scripts/compress/output/[5]el-nino/pwlh-int/el-nino.c.cpp.csv
-> size (bytes): 1,597,730
-> 16.27% of original


RESULTS
--------------------------(same file!)
CoderPWLHint
ORIGINAL FILE:
-> name: /Users/pablocerve/Documents/FING/Proyecto/datasets-csv/[5]el-nino/el-nino.csv
-> size (bytes): 9,820,158
COMPRESSED FILE:
-> name: /Users/pablocerve/Documents/FING/Proyecto/pc-tesis/dataset_parser/scripts/compress/output/[5]el-nino/pwlh-int/el-nino.c.cpp.csv
-> size (bytes): 1,601,563
-> 16.31% of original


RESULTS
--------------------------(same file!)
CoderPWLHint
ORIGINAL FILE:
-> name: /Users/pablocerve/Documents/FING/Proyecto/datasets-csv/[5]el-nino/el-nino.csv
-> size (bytes): 9,820,158
COMPRESSED FILE:
-> name: /Users/pablocerve/Documents/FING/Proyecto/pc-tesis/dataset_parser/scripts/compress/output/[5]el-nino/pwlh-int/el-nino.c.cpp.csv
-> size (bytes): 1,638,604
-> 16.69% of original


RESULTS
--------------------------(same file!)
CoderPWLHint
ORIGINAL FILE:
-> name: /Users/pablocerve/Documents/FING/Proyecto/datasets-csv/[5]el-nino/el-nino.csv
-> size (bytes): 9,820,158
COMPRESSED FILE:
-> name: /Users/pablocerve/Documents/FING/Proyecto/pc-tesis/dataset_parser/scripts/compress/output/[5]el-nino/pwlh-int/el-nino.c.cpp.csv
-> size (bytes): 1,692,693
-> 17.24% of original


RESULTS
--------------------------(same file!)
CoderPWLHint
ORIGINAL FILE:
-> name: /Users/pablocerve/Documents/FING/Proyecto/datasets-csv/[5]el-nino/el-nino.csv
-> size (bytes): 9,820,158
COMPRESSED FILE:
-> name: /Users/pablocerve/Documents/FING/Proyecto/pc-tesis/dataset_parser/scripts/compress/output/[5]el-nino/pwlh-int/el-nino.c.cpp.csv
-> size (bytes): 1,749,285
-> 17.81% of original


RESULTS
--------------------------(same file!)
CoderPWLHint
ORIGINAL FILE:
-> name: /Users/pablocerve/Documents/FING/Proyecto/datasets-csv/[5]el-nino/el-nino.csv
-> size (bytes): 9,820,158
COMPRESSED FILE:
-> name: /Users/pablocerve/Documents/FING/Proyecto/pc-tesis/dataset_parser/scripts/compress/output/[5]el-nino/pwlh-int/el-nino.c.cpp.csv
-> size (bytes): 1,806,638
-> 18.4% of original


RESULTS
--------------------------(same file!)
CoderPWLHint
ORIGINAL FILE:
-> name: /Users/pablocerve/Documents/FING/Proyecto/datasets-csv/[5]el-nino/el-nino.csv
-> size (bytes): 9,820,158
COMPRESSED FILE:
-> name: /Users/pablocerve/Documents/FING/Proyecto/pc-tesis/dataset_parser/scripts/compress/output/[5]el-nino/pwlh-int/el-nino.c.cpp.csv
-> size (bytes): 1,587,882
-> 16.17% of original


RESULTS
--------------------------(same file!)
CoderPWLHint
ORIGINAL FILE:
-> name: /Users/pablocerve/Documents/FING/Proyecto/datasets-csv/[5]el-nino/el-nino.csv
-> size (bytes): 9,820,158
COMPRESSED FILE:
-> name: /Users/pablocerve/Documents/FING/Proyecto/pc-tesis/dataset_parser/scripts/compress/output/[5]el-nino/pwlh-int/el-nino.c.cpp.csv
-> size (bytes): 1,590,659
-> 16.2% of original


RESULTS
--------------------------(same file!)
CoderPWLHint
ORIGINAL FILE:
-> name: /Users/pablocerve/Documents/FING/Proyecto/datasets-csv/[5]el-nino/el-nino.csv
-> size (bytes): 9,820,158
COMPRESSED FILE:
-> name: /Users/pablocerve/Documents/FING/Proyecto/pc-tesis/dataset_parser/scripts/compress/output/[5]el-nino/pwlh-int/el-nino.c.cpp.csv
-> size (bytes): 1,626,941
-> 16.57% of original


RESULTS
--------------------------(same file!)
CoderPWLHint
ORIGINAL FILE:
-> name: /Users/pablocerve/Documents/FING/Proyecto/datasets-csv/[5]el-nino/el-nino.csv
-> size (bytes): 9,820,158
COMPRESSED FILE:
-> name: /Users/pablocerve/Documents/FING/Proyecto/pc-tesis/dataset_parser/scripts/compress/output/[5]el-nino/pwlh-int/el-nino.c.cpp.csv
-> size (bytes): 1,680,541
-> 17.11% of original


RESULTS
--------------------------(same file!)
CoderPWLHint
ORIGINAL FILE:
-> name: /Users/pablocerve/Documents/FING/Proyecto/datasets-csv/[5]el-nino/el-nino.csv
-> size (bytes): 9,820,158
COMPRESSED FILE:
-> name: /Users/pablocerve/Documents/FING/Proyecto/pc-tesis/dataset_parser/scripts/compress/output/[5]el-nino/pwlh-int/el-nino.c.cpp.csv
-> size (bytes): 1,736,730
-> 17.69% of original


RESULTS
--------------------------(same file!)
CoderPWLHint
ORIGINAL FILE:
-> name: /Users/pablocerve/Documents/FING/Proyecto/datasets-csv/[5]el-nino/el-nino.csv
-> size (bytes): 9,820,158
COMPRESSED FILE:
-> name: /Users/pablocerve/Documents/FING/Proyecto/pc-tesis/dataset_parser/scripts/compress/output/[5]el-nino/pwlh-int/el-nino.c.cpp.csv
-> size (bytes): 1,793,694
-> 18.27% of original


RESULTS
--------------------------(same file!)
CoderPWLHint
ORIGINAL FILE:
-> name: /Users/pablocerve/Documents/FING/Proyecto/datasets-csv/[5]el-nino/el-nino.csv
-> size (bytes): 9,820,158
COMPRESSED FILE:
-> name: /Users/pablocerve/Documents/FING/Proyecto/pc-tesis/dataset_parser/scripts/compress/output/[5]el-nino/pwlh-int/el-nino.c.cpp.csv
-> size (bytes): 1,523,663
-> 15.52% of original


RESULTS
--------------------------(same file!)
CoderPWLHint
ORIGINAL FILE:
-> name: /Users/pablocerve/Documents/FING/Proyecto/datasets-csv/[5]el-nino/el-nino.csv
-> size (bytes): 9,820,158
COMPRESSED FILE:
-> name: /Users/pablocerve/Documents/FING/Proyecto/pc-tesis/dataset_parser/scripts/compress/output/[5]el-nino/pwlh-int/el-nino.c.cpp.csv
-> size (bytes): 1,518,615
-> 15.46% of original


RESULTS
--------------------------(same file!)
CoderPWLHint
ORIGINAL FILE:
-> name: /Users/pablocerve/Documents/FING/Proyecto/datasets-csv/[5]el-nino/el-nino.csv
-> size (bytes): 9,820,158
COMPRESSED FILE:
-> name: /Users/pablocerve/Documents/FING/Proyecto/pc-tesis/dataset_parser/scripts/compress/output/[5]el-nino/pwlh-int/el-nino.c.cpp.csv
-> size (bytes): 1,551,446
-> 15.8% of original


RESULTS
--------------------------(same file!)
CoderPWLHint
ORIGINAL FILE:
-> name: /Users/pablocerve/Documents/FING/Proyecto/datasets-csv/[5]el-nino/el-nino.csv
-> size (bytes): 9,820,158
COMPRESSED FILE:
-> name: /Users/pablocerve/Documents/FING/Proyecto/pc-tesis/dataset_parser/scripts/compress/output/[5]el-nino/pwlh-int/el-nino.c.cpp.csv
-> size (bytes): 1,602,203
-> 16.32% of original


RESULTS
--------------------------(same file!)
CoderPWLHint
ORIGINAL FILE:
-> name: /Users/pablocerve/Documents/FING/Proyecto/datasets-csv/[5]el-nino/el-nino.csv
-> size (bytes): 9,820,158
COMPRESSED FILE:
-> name: /Users/pablocerve/Documents/FING/Proyecto/pc-tesis/dataset_parser/scripts/compress/output/[5]el-nino/pwlh-int/el-nino.c.cpp.csv
-> size (bytes): 1,655,650
-> 16.86% of original


RESULTS
--------------------------(same file!)
CoderPWLHint
ORIGINAL FILE:
-> name: /Users/pablocerve/Documents/FING/Proyecto/datasets-csv/[5]el-nino/el-nino.csv
-> size (bytes): 9,820,158
COMPRESSED FILE:
-> name: /Users/pablocerve/Documents/FING/Proyecto/pc-tesis/dataset_parser/scripts/compress/output/[5]el-nino/pwlh-int/el-nino.c.cpp.csv
-> size (bytes): 1,709,956
-> 17.41% of original


RESULTS
--------------------------(same file!)
CoderPWLHint
ORIGINAL FILE:
-> name: /Users/pablocerve/Documents/FING/Proyecto/datasets-csv/[5]el-nino/el-nino.csv
-> size (bytes): 9,820,158
COMPRESSED FILE:
-> name: /Users/pablocerve/Documents/FING/Proyecto/pc-tesis/dataset_parser/scripts/compress/output/[5]el-nino/pwlh-int/el-nino.c.cpp.csv
-> size (bytes): 1,453,232
-> 14.8% of original


RESULTS
--------------------------(same file!)
CoderPWLHint
ORIGINAL FILE:
-> name: /Users/pablocerve/Documents/FING/Proyecto/datasets-csv/[5]el-nino/el-nino.csv
-> size (bytes): 9,820,158
COMPRESSED FILE:
-> name: /Users/pablocerve/Documents/FING/Proyecto/pc-tesis/dataset_parser/scripts/compress/output/[5]el-nino/pwlh-int/el-nino.c.cpp.csv
-> size (bytes): 1,433,032
-> 14.59% of original


RESULTS
--------------------------(same file!)
CoderPWLHint
ORIGINAL FILE:
-> name: /Users/pablocerve/Documents/FING/Proyecto/datasets-csv/[5]el-nino/el-nino.csv
-> size (bytes): 9,820,158
COMPRESSED FILE:
-> name: /Users/pablocerve/Documents/FING/Proyecto/pc-tesis/dataset_parser/scripts/compress/output/[5]el-nino/pwlh-int/el-nino.c.cpp.csv
-> size (bytes): 1,458,151
-> 14.85% of original


RESULTS
--------------------------(same file!)
CoderPWLHint
ORIGINAL FILE:
-> name: /Users/pablocerve/Documents/FING/Proyecto/datasets-csv/[5]el-nino/el-nino.csv
-> size (bytes): 9,820,158
COMPRESSED FILE:
-> name: /Users/pablocerve/Documents/FING/Proyecto/pc-tesis/dataset_parser/scripts/compress/output/[5]el-nino/pwlh-int/el-nino.c.cpp.csv
-> size (bytes): 1,504,652
-> 15.32% of original


RESULTS
--------------------------(same file!)
CoderPWLHint
ORIGINAL FILE:
-> name: /Users/pablocerve/Documents/FING/Proyecto/datasets-csv/[5]el-nino/el-nino.csv
-> size (bytes): 9,820,158
COMPRESSED FILE:
-> name: /Users/pablocerve/Documents/FING/Proyecto/pc-tesis/dataset_parser/scripts/compress/output/[5]el-nino/pwlh-int/el-nino.c.cpp.csv
-> size (bytes): 1,554,432
-> 15.83% of original


RESULTS
--------------------------(same file!)
CoderPWLHint
ORIGINAL FILE:
-> name: /Users/pablocerve/Documents/FING/Proyecto/datasets-csv/[5]el-nino/el-nino.csv
-> size (bytes): 9,820,158
COMPRESSED FILE:
-> name: /Users/pablocerve/Documents/FING/Proyecto/pc-tesis/dataset_parser/scripts/compress/output/[5]el-nino/pwlh-int/el-nino.c.cpp.csv
-> size (bytes): 1,605,363
-> 16.35% of original


RESULTS
--------------------------(same file!)
CoderPWLHint
ORIGINAL FILE:
-> name: /Users/pablocerve/Documents/FING/Proyecto/datasets-csv/[5]el-nino/el-nino.csv
-> size (bytes): 9,820,158
COMPRESSED FILE:
-> name: /Users/pablocerve/Documents/FING/Proyecto/pc-tesis/dataset_parser/scripts/compress/output/[5]el-nino/pwlh-int/el-nino.c.cpp.csv
-> size (bytes): 1,317,622
-> 13.42% of original


RESULTS
--------------------------(same file!)
CoderPWLHint
ORIGINAL FILE:
-> name: /Users/pablocerve/Documents/FING/Proyecto/datasets-csv/[5]el-nino/el-nino.csv
-> size (bytes): 9,820,158
COMPRESSED FILE:
-> name: /Users/pablocerve/Documents/FING/Proyecto/pc-tesis/dataset_parser/scripts/compress/output/[5]el-nino/pwlh-int/el-nino.c.cpp.csv
-> size (bytes): 1,258,551
-> 12.82% of original


RESULTS
--------------------------(same file!)
CoderPWLHint
ORIGINAL FILE:
-> name: /Users/pablocerve/Documents/FING/Proyecto/datasets-csv/[5]el-nino/el-nino.csv
-> size (bytes): 9,820,158
COMPRESSED FILE:
-> name: /Users/pablocerve/Documents/FING/Proyecto/pc-tesis/dataset_parser/scripts/compress/output/[5]el-nino/pwlh-int/el-nino.c.cpp.csv
-> size (bytes): 1,262,804
-> 12.86% of original


RESULTS
--------------------------(same file!)
CoderPWLHint
ORIGINAL FILE:
-> name: /Users/pablocerve/Documents/FING/Proyecto/datasets-csv/[5]el-nino/el-nino.csv
-> size (bytes): 9,820,158
COMPRESSED FILE:
-> name: /Users/pablocerve/Documents/FING/Proyecto/pc-tesis/dataset_parser/scripts/compress/output/[5]el-nino/pwlh-int/el-nino.c.cpp.csv
-> size (bytes): 1,298,843
-> 13.23% of original


RESULTS
--------------------------(same file!)
CoderPWLHint
ORIGINAL FILE:
-> name: /Users/pablocerve/Documents/FING/Proyecto/datasets-csv/[5]el-nino/el-nino.csv
-> size (bytes): 9,820,158
COMPRESSED FILE:
-> name: /Users/pablocerve/Documents/FING/Proyecto/pc-tesis/dataset_parser/scripts/compress/output/[5]el-nino/pwlh-int/el-nino.c.cpp.csv
-> size (bytes): 1,340,148
-> 13.65% of original


RESULTS
--------------------------(same file!)
CoderPWLHint
ORIGINAL FILE:
-> name: /Users/pablocerve/Documents/FING/Proyecto/datasets-csv/[5]el-nino/el-nino.csv
-> size (bytes): 9,820,158
COMPRESSED FILE:
-> name: /Users/pablocerve/Documents/FING/Proyecto/pc-tesis/dataset_parser/scripts/compress/output/[5]el-nino/pwlh-int/el-nino.c.cpp.csv
-> size (bytes): 1,383,493
-> 14.09% of original


RESULTS
--------------------------(same file!)
CoderPWLHint
ORIGINAL FILE:
-> name: /Users/pablocerve/Documents/FING/Proyecto/datasets-csv/[5]el-nino/el-nino.csv
-> size (bytes): 9,820,158
COMPRESSED FILE:
-> name: /Users/pablocerve/Documents/FING/Proyecto/pc-tesis/dataset_parser/scripts/compress/output/[5]el-nino/pwlh-int/el-nino.c.cpp.csv
-> size (bytes): 1,228,037
-> 12.51% of original


RESULTS
--------------------------(same file!)
CoderPWLHint
ORIGINAL FILE:
-> name: /Users/pablocerve/Documents/FING/Proyecto/datasets-csv/[5]el-nino/el-nino.csv
-> size (bytes): 9,820,158
COMPRESSED FILE:
-> name: /Users/pablocerve/Documents/FING/Proyecto/pc-tesis/dataset_parser/scripts/compress/output/[5]el-nino/pwlh-int/el-nino.c.cpp.csv
-> size (bytes): 1,140,808
-> 11.62% of original


RESULTS
--------------------------(same file!)
CoderPWLHint
ORIGINAL FILE:
-> name: /Users/pablocerve/Documents/FING/Proyecto/datasets-csv/[5]el-nino/el-nino.csv
-> size (bytes): 9,820,158
COMPRESSED FILE:
-> name: /Users/pablocerve/Documents/FING/Proyecto/pc-tesis/dataset_parser/scripts/compress/output/[5]el-nino/pwlh-int/el-nino.c.cpp.csv
-> size (bytes): 1,128,576
-> 11.49% of original


RESULTS
--------------------------(same file!)
CoderPWLHint
ORIGINAL FILE:
-> name: /Users/pablocerve/Documents/FING/Proyecto/datasets-csv/[5]el-nino/el-nino.csv
-> size (bytes): 9,820,158
COMPRESSED FILE:
-> name: /Users/pablocerve/Documents/FING/Proyecto/pc-tesis/dataset_parser/scripts/compress/output/[5]el-nino/pwlh-int/el-nino.c.cpp.csv
-> size (bytes): 1,157,102
-> 11.78% of original


RESULTS
--------------------------(same file!)
CoderPWLHint
ORIGINAL FILE:
-> name: /Users/pablocerve/Documents/FING/Proyecto/datasets-csv/[5]el-nino/el-nino.csv
-> size (bytes): 9,820,158
COMPRESSED FILE:
-> name: /Users/pablocerve/Documents/FING/Proyecto/pc-tesis/dataset_parser/scripts/compress/output/[5]el-nino/pwlh-int/el-nino.c.cpp.csv
-> size (bytes): 1,192,334
-> 12.14% of original


RESULTS
--------------------------(same file!)
CoderPWLHint
ORIGINAL FILE:
-> name: /Users/pablocerve/Documents/FING/Proyecto/datasets-csv/[5]el-nino/el-nino.csv
-> size (bytes): 9,820,158
COMPRESSED FILE:
-> name: /Users/pablocerve/Documents/FING/Proyecto/pc-tesis/dataset_parser/scripts/compress/output/[5]el-nino/pwlh-int/el-nino.c.cpp.csv
-> size (bytes): 1,230,109
-> 12.53% of original


RESULTS
--------------------------(same file!)
CoderPWLHint
ORIGINAL FILE:
-> name: /Users/pablocerve/Documents/FING/Proyecto/datasets-csv/[5]el-nino/el-nino.csv
-> size (bytes): 9,820,158
COMPRESSED FILE:
-> name: /Users/pablocerve/Documents/FING/Proyecto/pc-tesis/dataset_parser/scripts/compress/output/[5]el-nino/pwlh-int/el-nino.c.cpp.csv
-> size (bytes): 1,151,582
-> 11.73% of original


RESULTS
--------------------------(same file!)
CoderPWLHint
ORIGINAL FILE:
-> name: /Users/pablocerve/Documents/FING/Proyecto/datasets-csv/[5]el-nino/el-nino.csv
-> size (bytes): 9,820,158
COMPRESSED FILE:
-> name: /Users/pablocerve/Documents/FING/Proyecto/pc-tesis/dataset_parser/scripts/compress/output/[5]el-nino/pwlh-int/el-nino.c.cpp.csv
-> size (bytes): 1,038,107
-> 10.57% of original


RESULTS
--------------------------(same file!)
CoderPWLHint
ORIGINAL FILE:
-> name: /Users/pablocerve/Documents/FING/Proyecto/datasets-csv/[5]el-nino/el-nino.csv
-> size (bytes): 9,820,158
COMPRESSED FILE:
-> name: /Users/pablocerve/Documents/FING/Proyecto/pc-tesis/dataset_parser/scripts/compress/output/[5]el-nino/pwlh-int/el-nino.c.cpp.csv
-> size (bytes): 1,008,805
-> 10.27% of original


RESULTS
--------------------------(same file!)
CoderPWLHint
ORIGINAL FILE:
-> name: /Users/pablocerve/Documents/FING/Proyecto/datasets-csv/[5]el-nino/el-nino.csv
-> size (bytes): 9,820,158
COMPRESSED FILE:
-> name: /Users/pablocerve/Documents/FING/Proyecto/pc-tesis/dataset_parser/scripts/compress/output/[5]el-nino/pwlh-int/el-nino.c.cpp.csv
-> size (bytes): 1,029,396
-> 10.48% of original


RESULTS
--------------------------(same file!)
CoderPWLHint
ORIGINAL FILE:
-> name: /Users/pablocerve/Documents/FING/Proyecto/datasets-csv/[5]el-nino/el-nino.csv
-> size (bytes): 9,820,158
COMPRESSED FILE:
-> name: /Users/pablocerve/Documents/FING/Proyecto/pc-tesis/dataset_parser/scripts/compress/output/[5]el-nino/pwlh-int/el-nino.c.cpp.csv
-> size (bytes): 1,058,897
-> 10.78% of original


RESULTS
--------------------------(same file!)
CoderPWLHint
ORIGINAL FILE:
-> name: /Users/pablocerve/Documents/FING/Proyecto/datasets-csv/[5]el-nino/el-nino.csv
-> size (bytes): 9,820,158
COMPRESSED FILE:
-> name: /Users/pablocerve/Documents/FING/Proyecto/pc-tesis/dataset_parser/scripts/compress/output/[5]el-nino/pwlh-int/el-nino.c.cpp.csv
-> size (bytes): 1,091,522
-> 11.12% of original


RESULTS
--------------------------(same file!)
CoderPWLHint
ORIGINAL FILE:
-> name: /Users/pablocerve/Documents/FING/Proyecto/datasets-csv/[5]el-nino/el-nino.csv
-> size (bytes): 9,820,158
COMPRESSED FILE:
-> name: /Users/pablocerve/Documents/FING/Proyecto/pc-tesis/dataset_parser/scripts/compress/output/[5]el-nino/pwlh-int/el-nino.c.cpp.csv
-> size (bytes): 1,042,576
-> 10.62% of original


RESULTS
--------------------------(same file!)
CoderPWLHint
ORIGINAL FILE:
-> name: /Users/pablocerve/Documents/FING/Proyecto/datasets-csv/[5]el-nino/el-nino.csv
-> size (bytes): 9,820,158
COMPRESSED FILE:
-> name: /Users/pablocerve/Documents/FING/Proyecto/pc-tesis/dataset_parser/scripts/compress/output/[5]el-nino/pwlh-int/el-nino.c.cpp.csv
-> size (bytes): 885,057
-> 9.01% of original


RESULTS
--------------------------(same file!)
CoderPWLHint
ORIGINAL FILE:
-> name: /Users/pablocerve/Documents/FING/Proyecto/datasets-csv/[5]el-nino/el-nino.csv
-> size (bytes): 9,820,158
COMPRESSED FILE:
-> name: /Users/pablocerve/Documents/FING/Proyecto/pc-tesis/dataset_parser/scripts/compress/output/[5]el-nino/pwlh-int/el-nino.c.cpp.csv
-> size (bytes): 829,473
-> 8.45% of original


RESULTS
--------------------------(same file!)
CoderPWLHint
ORIGINAL FILE:
-> name: /Users/pablocerve/Documents/FING/Proyecto/datasets-csv/[5]el-nino/el-nino.csv
-> size (bytes): 9,820,158
COMPRESSED FILE:
-> name: /Users/pablocerve/Documents/FING/Proyecto/pc-tesis/dataset_parser/scripts/compress/output/[5]el-nino/pwlh-int/el-nino.c.cpp.csv
-> size (bytes): 837,144
-> 8.52% of original


RESULTS
--------------------------(same file!)
CoderPWLHint
ORIGINAL FILE:
-> name: /Users/pablocerve/Documents/FING/Proyecto/datasets-csv/[5]el-nino/el-nino.csv
-> size (bytes): 9,820,158
COMPRESSED FILE:
-> name: /Users/pablocerve/Documents/FING/Proyecto/pc-tesis/dataset_parser/scripts/compress/output/[5]el-nino/pwlh-int/el-nino.c.cpp.csv
-> size (bytes): 857,215
-> 8.73% of original


RESULTS
--------------------------(same file!)
CoderPWLHint
ORIGINAL FILE:
-> name: /Users/pablocerve/Documents/FING/Proyecto/datasets-csv/[5]el-nino/el-nino.csv
-> size (bytes): 9,820,158
COMPRESSED FILE:
-> name: /Users/pablocerve/Documents/FING/Proyecto/pc-tesis/dataset_parser/scripts/compress/output/[5]el-nino/pwlh-int/el-nino.c.cpp.csv
-> size (bytes): 882,072
-> 8.98% of original


RESULTS
--------------------------(same file!)
CoderGAMPS
ORIGINAL FILE:
-> name: /Users/pablocerve/Documents/FING/Proyecto/datasets-csv/[5]el-nino/el-nino.csv
-> size (bytes): 9,820,158
COMPRESSED FILE:
-> name: /Users/pablocerve/Documents/FING/Proyecto/pc-tesis/dataset_parser/scripts/compress/output/[5]el-nino/gamps/el-nino.c.cpp.csv
-> size (bytes): 1,756,194
-> 17.88% of original


RESULTS
--------------------------(same file!)
CoderGAMPS
ORIGINAL FILE:
-> name: /Users/pablocerve/Documents/FING/Proyecto/datasets-csv/[5]el-nino/el-nino.csv
-> size (bytes): 9,820,158
COMPRESSED FILE:
-> name: /Users/pablocerve/Documents/FING/Proyecto/pc-tesis/dataset_parser/scripts/compress/output/[5]el-nino/gamps/el-nino.c.cpp.csv
-> size (bytes): 1,845,384
-> 18.79% of original


RESULTS
--------------------------(same file!)
CoderGAMPS
ORIGINAL FILE:
-> name: /Users/pablocerve/Documents/FING/Proyecto/datasets-csv/[5]el-nino/el-nino.csv
-> size (bytes): 9,820,158
COMPRESSED FILE:
-> name: /Users/pablocerve/Documents/FING/Proyecto/pc-tesis/dataset_parser/scripts/compress/output/[5]el-nino/gamps/el-nino.c.cpp.csv
-> size (bytes): 1,952,251
-> 19.88% of original


RESULTS
--------------------------(same file!)
CoderGAMPS
ORIGINAL FILE:
-> name: /Users/pablocerve/Documents/FING/Proyecto/datasets-csv/[5]el-nino/el-nino.csv
-> size (bytes): 9,820,158
COMPRESSED FILE:
-> name: /Users/pablocerve/Documents/FING/Proyecto/pc-tesis/dataset_parser/scripts/compress/output/[5]el-nino/gamps/el-nino.c.cpp.csv
-> size (bytes): 2,063,249
-> 21.01% of original


RESULTS
--------------------------(same file!)
CoderGAMPS
ORIGINAL FILE:
-> name: /Users/pablocerve/Documents/FING/Proyecto/datasets-csv/[5]el-nino/el-nino.csv
-> size (bytes): 9,820,158
COMPRESSED FILE:
-> name: /Users/pablocerve/Documents/FING/Proyecto/pc-tesis/dataset_parser/scripts/compress/output/[5]el-nino/gamps/el-nino.c.cpp.csv
-> size (bytes): 2,174,579
-> 22.14% of original


RESULTS
--------------------------(same file!)
CoderGAMPS
ORIGINAL FILE:
-> name: /Users/pablocerve/Documents/FING/Proyecto/datasets-csv/[5]el-nino/el-nino.csv
-> size (bytes): 9,820,158
COMPRESSED FILE:
-> name: /Users/pablocerve/Documents/FING/Proyecto/pc-tesis/dataset_parser/scripts/compress/output/[5]el-nino/gamps/el-nino.c.cpp.csv
-> size (bytes): 2,285,992
-> 23.28% of original


RESULTS
--------------------------(same file!)
CoderGAMPS
ORIGINAL FILE:
-> name: /Users/pablocerve/Documents/FING/Proyecto/datasets-csv/[5]el-nino/el-nino.csv
-> size (bytes): 9,820,158
COMPRESSED FILE:
-> name: /Users/pablocerve/Documents/FING/Proyecto/pc-tesis/dataset_parser/scripts/compress/output/[5]el-nino/gamps/el-nino.c.cpp.csv
-> size (bytes): 1,755,626
-> 17.88% of original


RESULTS
--------------------------(same file!)
CoderGAMPS
ORIGINAL FILE:
-> name: /Users/pablocerve/Documents/FING/Proyecto/datasets-csv/[5]el-nino/el-nino.csv
-> size (bytes): 9,820,158
COMPRESSED FILE:
-> name: /Users/pablocerve/Documents/FING/Proyecto/pc-tesis/dataset_parser/scripts/compress/output/[5]el-nino/gamps/el-nino.c.cpp.csv
-> size (bytes): 1,844,778
-> 18.79% of original


RESULTS
--------------------------(same file!)
CoderGAMPS
ORIGINAL FILE:
-> name: /Users/pablocerve/Documents/FING/Proyecto/datasets-csv/[5]el-nino/el-nino.csv
-> size (bytes): 9,820,158
COMPRESSED FILE:
-> name: /Users/pablocerve/Documents/FING/Proyecto/pc-tesis/dataset_parser/scripts/compress/output/[5]el-nino/gamps/el-nino.c.cpp.csv
-> size (bytes): 1,951,607
-> 19.87% of original


RESULTS
--------------------------(same file!)
CoderGAMPS
ORIGINAL FILE:
-> name: /Users/pablocerve/Documents/FING/Proyecto/datasets-csv/[5]el-nino/el-nino.csv
-> size (bytes): 9,820,158
COMPRESSED FILE:
-> name: /Users/pablocerve/Documents/FING/Proyecto/pc-tesis/dataset_parser/scripts/compress/output/[5]el-nino/gamps/el-nino.c.cpp.csv
-> size (bytes): 2,062,567
-> 21.0% of original


RESULTS
--------------------------(same file!)
CoderGAMPS
ORIGINAL FILE:
-> name: /Users/pablocerve/Documents/FING/Proyecto/datasets-csv/[5]el-nino/el-nino.csv
-> size (bytes): 9,820,158
COMPRESSED FILE:
-> name: /Users/pablocerve/Documents/FING/Proyecto/pc-tesis/dataset_parser/scripts/compress/output/[5]el-nino/gamps/el-nino.c.cpp.csv
-> size (bytes): 2,173,859
-> 22.14% of original


RESULTS
--------------------------(same file!)
CoderGAMPS
ORIGINAL FILE:
-> name: /Users/pablocerve/Documents/FING/Proyecto/datasets-csv/[5]el-nino/el-nino.csv
-> size (bytes): 9,820,158
COMPRESSED FILE:
-> name: /Users/pablocerve/Documents/FING/Proyecto/pc-tesis/dataset_parser/scripts/compress/output/[5]el-nino/gamps/el-nino.c.cpp.csv
-> size (bytes): 2,285,235
-> 23.27% of original


RESULTS
--------------------------(same file!)
CoderGAMPS
ORIGINAL FILE:
-> name: /Users/pablocerve/Documents/FING/Proyecto/datasets-csv/[5]el-nino/el-nino.csv
-> size (bytes): 9,820,158
COMPRESSED FILE:
-> name: /Users/pablocerve/Documents/FING/Proyecto/pc-tesis/dataset_parser/scripts/compress/output/[5]el-nino/gamps/el-nino.c.cpp.csv
-> size (bytes): 1,746,258
-> 17.78% of original


RESULTS
--------------------------(same file!)
CoderGAMPS
ORIGINAL FILE:
-> name: /Users/pablocerve/Documents/FING/Proyecto/datasets-csv/[5]el-nino/el-nino.csv
-> size (bytes): 9,820,158
COMPRESSED FILE:
-> name: /Users/pablocerve/Documents/FING/Proyecto/pc-tesis/dataset_parser/scripts/compress/output/[5]el-nino/gamps/el-nino.c.cpp.csv
-> size (bytes): 1,834,819
-> 18.68% of original


RESULTS
--------------------------(same file!)
CoderGAMPS
ORIGINAL FILE:
-> name: /Users/pablocerve/Documents/FING/Proyecto/datasets-csv/[5]el-nino/el-nino.csv
-> size (bytes): 9,820,158
COMPRESSED FILE:
-> name: /Users/pablocerve/Documents/FING/Proyecto/pc-tesis/dataset_parser/scripts/compress/output/[5]el-nino/gamps/el-nino.c.cpp.csv
-> size (bytes): 1,941,058
-> 19.77% of original


RESULTS
--------------------------(same file!)
CoderGAMPS
ORIGINAL FILE:
-> name: /Users/pablocerve/Documents/FING/Proyecto/datasets-csv/[5]el-nino/el-nino.csv
-> size (bytes): 9,820,158
COMPRESSED FILE:
-> name: /Users/pablocerve/Documents/FING/Proyecto/pc-tesis/dataset_parser/scripts/compress/output/[5]el-nino/gamps/el-nino.c.cpp.csv
-> size (bytes): 2,051,428
-> 20.89% of original


RESULTS
--------------------------(same file!)
CoderGAMPS
ORIGINAL FILE:
-> name: /Users/pablocerve/Documents/FING/Proyecto/datasets-csv/[5]el-nino/el-nino.csv
-> size (bytes): 9,820,158
COMPRESSED FILE:
-> name: /Users/pablocerve/Documents/FING/Proyecto/pc-tesis/dataset_parser/scripts/compress/output/[5]el-nino/gamps/el-nino.c.cpp.csv
-> size (bytes): 2,162,129
-> 22.02% of original


RESULTS
--------------------------(same file!)
CoderGAMPS
ORIGINAL FILE:
-> name: /Users/pablocerve/Documents/FING/Proyecto/datasets-csv/[5]el-nino/el-nino.csv
-> size (bytes): 9,820,158
COMPRESSED FILE:
-> name: /Users/pablocerve/Documents/FING/Proyecto/pc-tesis/dataset_parser/scripts/compress/output/[5]el-nino/gamps/el-nino.c.cpp.csv
-> size (bytes): 2,272,914
-> 23.15% of original


RESULTS
--------------------------(same file!)
CoderGAMPS
ORIGINAL FILE:
-> name: /Users/pablocerve/Documents/FING/Proyecto/datasets-csv/[5]el-nino/el-nino.csv
-> size (bytes): 9,820,158
COMPRESSED FILE:
-> name: /Users/pablocerve/Documents/FING/Proyecto/pc-tesis/dataset_parser/scripts/compress/output/[5]el-nino/gamps/el-nino.c.cpp.csv
-> size (bytes): 1,743,374
-> 17.75% of original


RESULTS
--------------------------(same file!)
CoderGAMPS
ORIGINAL FILE:
-> name: /Users/pablocerve/Documents/FING/Proyecto/datasets-csv/[5]el-nino/el-nino.csv
-> size (bytes): 9,820,158
COMPRESSED FILE:
-> name: /Users/pablocerve/Documents/FING/Proyecto/pc-tesis/dataset_parser/scripts/compress/output/[5]el-nino/gamps/el-nino.c.cpp.csv
-> size (bytes): 1,831,703
-> 18.65% of original


RESULTS
--------------------------(same file!)
CoderGAMPS
ORIGINAL FILE:
-> name: /Users/pablocerve/Documents/FING/Proyecto/datasets-csv/[5]el-nino/el-nino.csv
-> size (bytes): 9,820,158
COMPRESSED FILE:
-> name: /Users/pablocerve/Documents/FING/Proyecto/pc-tesis/dataset_parser/scripts/compress/output/[5]el-nino/gamps/el-nino.c.cpp.csv
-> size (bytes): 1,937,711
-> 19.73% of original


RESULTS
--------------------------(same file!)
CoderGAMPS
ORIGINAL FILE:
-> name: /Users/pablocerve/Documents/FING/Proyecto/datasets-csv/[5]el-nino/el-nino.csv
-> size (bytes): 9,820,158
COMPRESSED FILE:
-> name: /Users/pablocerve/Documents/FING/Proyecto/pc-tesis/dataset_parser/scripts/compress/output/[5]el-nino/gamps/el-nino.c.cpp.csv
-> size (bytes): 2,047,850
-> 20.85% of original


RESULTS
--------------------------(same file!)
CoderGAMPS
ORIGINAL FILE:
-> name: /Users/pablocerve/Documents/FING/Proyecto/datasets-csv/[5]el-nino/el-nino.csv
-> size (bytes): 9,820,158
COMPRESSED FILE:
-> name: /Users/pablocerve/Documents/FING/Proyecto/pc-tesis/dataset_parser/scripts/compress/output/[5]el-nino/gamps/el-nino.c.cpp.csv
-> size (bytes): 2,158,321
-> 21.98% of original


RESULTS
--------------------------(same file!)
CoderGAMPS
ORIGINAL FILE:
-> name: /Users/pablocerve/Documents/FING/Proyecto/datasets-csv/[5]el-nino/el-nino.csv
-> size (bytes): 9,820,158
COMPRESSED FILE:
-> name: /Users/pablocerve/Documents/FING/Proyecto/pc-tesis/dataset_parser/scripts/compress/output/[5]el-nino/gamps/el-nino.c.cpp.csv
-> size (bytes): 2,268,875
-> 23.1% of original


RESULTS
--------------------------(same file!)
CoderGAMPS
ORIGINAL FILE:
-> name: /Users/pablocerve/Documents/FING/Proyecto/datasets-csv/[5]el-nino/el-nino.csv
-> size (bytes): 9,820,158
COMPRESSED FILE:
-> name: /Users/pablocerve/Documents/FING/Proyecto/pc-tesis/dataset_parser/scripts/compress/output/[5]el-nino/gamps/el-nino.c.cpp.csv
-> size (bytes): 1,698,849
-> 17.3% of original


RESULTS
--------------------------(same file!)
CoderGAMPS
ORIGINAL FILE:
-> name: /Users/pablocerve/Documents/FING/Proyecto/datasets-csv/[5]el-nino/el-nino.csv
-> size (bytes): 9,820,158
COMPRESSED FILE:
-> name: /Users/pablocerve/Documents/FING/Proyecto/pc-tesis/dataset_parser/scripts/compress/output/[5]el-nino/gamps/el-nino.c.cpp.csv
-> size (bytes): 1,784,318
-> 18.17% of original


RESULTS
--------------------------(same file!)
CoderGAMPS
ORIGINAL FILE:
-> name: /Users/pablocerve/Documents/FING/Proyecto/datasets-csv/[5]el-nino/el-nino.csv
-> size (bytes): 9,820,158
COMPRESSED FILE:
-> name: /Users/pablocerve/Documents/FING/Proyecto/pc-tesis/dataset_parser/scripts/compress/output/[5]el-nino/gamps/el-nino.c.cpp.csv
-> size (bytes): 1,887,482
-> 19.22% of original


RESULTS
--------------------------(same file!)
CoderGAMPS
ORIGINAL FILE:
-> name: /Users/pablocerve/Documents/FING/Proyecto/datasets-csv/[5]el-nino/el-nino.csv
-> size (bytes): 9,820,158
COMPRESSED FILE:
-> name: /Users/pablocerve/Documents/FING/Proyecto/pc-tesis/dataset_parser/scripts/compress/output/[5]el-nino/gamps/el-nino.c.cpp.csv
-> size (bytes): 1,994,779
-> 20.31% of original


RESULTS
--------------------------(same file!)
CoderGAMPS
ORIGINAL FILE:
-> name: /Users/pablocerve/Documents/FING/Proyecto/datasets-csv/[5]el-nino/el-nino.csv
-> size (bytes): 9,820,158
COMPRESSED FILE:
-> name: /Users/pablocerve/Documents/FING/Proyecto/pc-tesis/dataset_parser/scripts/compress/output/[5]el-nino/gamps/el-nino.c.cpp.csv
-> size (bytes): 2,102,408
-> 21.41% of original


RESULTS
--------------------------(same file!)
CoderGAMPS
ORIGINAL FILE:
-> name: /Users/pablocerve/Documents/FING/Proyecto/datasets-csv/[5]el-nino/el-nino.csv
-> size (bytes): 9,820,158
COMPRESSED FILE:
-> name: /Users/pablocerve/Documents/FING/Proyecto/pc-tesis/dataset_parser/scripts/compress/output/[5]el-nino/gamps/el-nino.c.cpp.csv
-> size (bytes): 2,210,120
-> 22.51% of original


RESULTS
--------------------------(same file!)
CoderGAMPS
ORIGINAL FILE:
-> name: /Users/pablocerve/Documents/FING/Proyecto/datasets-csv/[5]el-nino/el-nino.csv
-> size (bytes): 9,820,158
COMPRESSED FILE:
-> name: /Users/pablocerve/Documents/FING/Proyecto/pc-tesis/dataset_parser/scripts/compress/output/[5]el-nino/gamps/el-nino.c.cpp.csv
-> size (bytes): 1,602,785
-> 16.32% of original


RESULTS
--------------------------(same file!)
CoderGAMPS
ORIGINAL FILE:
-> name: /Users/pablocerve/Documents/FING/Proyecto/datasets-csv/[5]el-nino/el-nino.csv
-> size (bytes): 9,820,158
COMPRESSED FILE:
-> name: /Users/pablocerve/Documents/FING/Proyecto/pc-tesis/dataset_parser/scripts/compress/output/[5]el-nino/gamps/el-nino.c.cpp.csv
-> size (bytes): 1,681,385
-> 17.12% of original


RESULTS
--------------------------(same file!)
CoderGAMPS
ORIGINAL FILE:
-> name: /Users/pablocerve/Documents/FING/Proyecto/datasets-csv/[5]el-nino/el-nino.csv
-> size (bytes): 9,820,158
COMPRESSED FILE:
-> name: /Users/pablocerve/Documents/FING/Proyecto/pc-tesis/dataset_parser/scripts/compress/output/[5]el-nino/gamps/el-nino.c.cpp.csv
-> size (bytes): 1,777,817
-> 18.1% of original


RESULTS
--------------------------(same file!)
CoderGAMPS
ORIGINAL FILE:
-> name: /Users/pablocerve/Documents/FING/Proyecto/datasets-csv/[5]el-nino/el-nino.csv
-> size (bytes): 9,820,158
COMPRESSED FILE:
-> name: /Users/pablocerve/Documents/FING/Proyecto/pc-tesis/dataset_parser/scripts/compress/output/[5]el-nino/gamps/el-nino.c.cpp.csv
-> size (bytes): 1,878,384
-> 19.13% of original


RESULTS
--------------------------(same file!)
CoderGAMPS
ORIGINAL FILE:
-> name: /Users/pablocerve/Documents/FING/Proyecto/datasets-csv/[5]el-nino/el-nino.csv
-> size (bytes): 9,820,158
COMPRESSED FILE:
-> name: /Users/pablocerve/Documents/FING/Proyecto/pc-tesis/dataset_parser/scripts/compress/output/[5]el-nino/gamps/el-nino.c.cpp.csv
-> size (bytes): 1,979,281
-> 20.16% of original


RESULTS
--------------------------(same file!)
CoderGAMPS
ORIGINAL FILE:
-> name: /Users/pablocerve/Documents/FING/Proyecto/datasets-csv/[5]el-nino/el-nino.csv
-> size (bytes): 9,820,158
COMPRESSED FILE:
-> name: /Users/pablocerve/Documents/FING/Proyecto/pc-tesis/dataset_parser/scripts/compress/output/[5]el-nino/gamps/el-nino.c.cpp.csv
-> size (bytes): 2,080,262
-> 21.18% of original


RESULTS
--------------------------(same file!)
CoderGAMPS
ORIGINAL FILE:
-> name: /Users/pablocerve/Documents/FING/Proyecto/datasets-csv/[5]el-nino/el-nino.csv
-> size (bytes): 9,820,158
COMPRESSED FILE:
-> name: /Users/pablocerve/Documents/FING/Proyecto/pc-tesis/dataset_parser/scripts/compress/output/[5]el-nino/gamps/el-nino.c.cpp.csv
-> size (bytes): 1,575,837
-> 16.05% of original


RESULTS
--------------------------(same file!)
CoderGAMPS
ORIGINAL FILE:
-> name: /Users/pablocerve/Documents/FING/Proyecto/datasets-csv/[5]el-nino/el-nino.csv
-> size (bytes): 9,820,158
COMPRESSED FILE:
-> name: /Users/pablocerve/Documents/FING/Proyecto/pc-tesis/dataset_parser/scripts/compress/output/[5]el-nino/gamps/el-nino.c.cpp.csv
-> size (bytes): 1,652,568
-> 16.83% of original


RESULTS
--------------------------(same file!)
CoderGAMPS
ORIGINAL FILE:
-> name: /Users/pablocerve/Documents/FING/Proyecto/datasets-csv/[5]el-nino/el-nino.csv
-> size (bytes): 9,820,158
COMPRESSED FILE:
-> name: /Users/pablocerve/Documents/FING/Proyecto/pc-tesis/dataset_parser/scripts/compress/output/[5]el-nino/gamps/el-nino.c.cpp.csv
-> size (bytes): 1,747,276
-> 17.79% of original


RESULTS
--------------------------(same file!)
CoderGAMPS
ORIGINAL FILE:
-> name: /Users/pablocerve/Documents/FING/Proyecto/datasets-csv/[5]el-nino/el-nino.csv
-> size (bytes): 9,820,158
COMPRESSED FILE:
-> name: /Users/pablocerve/Documents/FING/Proyecto/pc-tesis/dataset_parser/scripts/compress/output/[5]el-nino/gamps/el-nino.c.cpp.csv
-> size (bytes): 1,846,121
-> 18.8% of original


RESULTS
--------------------------(same file!)
CoderGAMPS
ORIGINAL FILE:
-> name: /Users/pablocerve/Documents/FING/Proyecto/datasets-csv/[5]el-nino/el-nino.csv
-> size (bytes): 9,820,158
COMPRESSED FILE:
-> name: /Users/pablocerve/Documents/FING/Proyecto/pc-tesis/dataset_parser/scripts/compress/output/[5]el-nino/gamps/el-nino.c.cpp.csv
-> size (bytes): 1,945,296
-> 19.81% of original


RESULTS
--------------------------(same file!)
CoderGAMPS
ORIGINAL FILE:
-> name: /Users/pablocerve/Documents/FING/Proyecto/datasets-csv/[5]el-nino/el-nino.csv
-> size (bytes): 9,820,158
COMPRESSED FILE:
-> name: /Users/pablocerve/Documents/FING/Proyecto/pc-tesis/dataset_parser/scripts/compress/output/[5]el-nino/gamps/el-nino.c.cpp.csv
-> size (bytes): 2,044,555
-> 20.82% of original


RESULTS
--------------------------(same file!)
CoderGAMPS
ORIGINAL FILE:
-> name: /Users/pablocerve/Documents/FING/Proyecto/datasets-csv/[5]el-nino/el-nino.csv
-> size (bytes): 9,820,158
COMPRESSED FILE:
-> name: /Users/pablocerve/Documents/FING/Proyecto/pc-tesis/dataset_parser/scripts/compress/output/[5]el-nino/gamps/el-nino.c.cpp.csv
-> size (bytes): 1,482,841
-> 15.1% of original


RESULTS
--------------------------(same file!)
CoderGAMPS
ORIGINAL FILE:
-> name: /Users/pablocerve/Documents/FING/Proyecto/datasets-csv/[5]el-nino/el-nino.csv
-> size (bytes): 9,820,158
COMPRESSED FILE:
-> name: /Users/pablocerve/Documents/FING/Proyecto/pc-tesis/dataset_parser/scripts/compress/output/[5]el-nino/gamps/el-nino.c.cpp.csv
-> size (bytes): 1,552,228
-> 15.81% of original


RESULTS
--------------------------(same file!)
CoderGAMPS
ORIGINAL FILE:
-> name: /Users/pablocerve/Documents/FING/Proyecto/datasets-csv/[5]el-nino/el-nino.csv
-> size (bytes): 9,820,158
COMPRESSED FILE:
-> name: /Users/pablocerve/Documents/FING/Proyecto/pc-tesis/dataset_parser/scripts/compress/output/[5]el-nino/gamps/el-nino.c.cpp.csv
-> size (bytes): 1,640,416
-> 16.7% of original


RESULTS
--------------------------(same file!)
CoderGAMPS
ORIGINAL FILE:
-> name: /Users/pablocerve/Documents/FING/Proyecto/datasets-csv/[5]el-nino/el-nino.csv
-> size (bytes): 9,820,158
COMPRESSED FILE:
-> name: /Users/pablocerve/Documents/FING/Proyecto/pc-tesis/dataset_parser/scripts/compress/output/[5]el-nino/gamps/el-nino.c.cpp.csv
-> size (bytes): 1,732,760
-> 17.64% of original


RESULTS
--------------------------(same file!)
CoderGAMPS
ORIGINAL FILE:
-> name: /Users/pablocerve/Documents/FING/Proyecto/datasets-csv/[5]el-nino/el-nino.csv
-> size (bytes): 9,820,158
COMPRESSED FILE:
-> name: /Users/pablocerve/Documents/FING/Proyecto/pc-tesis/dataset_parser/scripts/compress/output/[5]el-nino/gamps/el-nino.c.cpp.csv
-> size (bytes): 1,825,436
-> 18.59% of original


RESULTS
--------------------------(same file!)
CoderGAMPS
ORIGINAL FILE:
-> name: /Users/pablocerve/Documents/FING/Proyecto/datasets-csv/[5]el-nino/el-nino.csv
-> size (bytes): 9,820,158
COMPRESSED FILE:
-> name: /Users/pablocerve/Documents/FING/Proyecto/pc-tesis/dataset_parser/scripts/compress/output/[5]el-nino/gamps/el-nino.c.cpp.csv
-> size (bytes): 1,918,196
-> 19.53% of original

