
RESULTS
--------------------------(same file!)
CoderBasic
ORIGINAL FILE:
-> name: /home/pablo/Documents/FING/Proyecto/datasets-csv/[6]noaa-spc-reports/hail/noaa_spc-hail.csv
-> size (bytes): 322,005
COMPRESSED FILE:
-> name: /home/pablo/Documents/FING/Proyecto/pc-tesis/dataset_parser/scripts/compress/output/[6]noaa-spc-reports/basic/noaa_spc-hail.c.cpp.csv
-> size (bytes): 110,920
-> 34.45% of original


RESULTS
--------------------------(same file!)
CoderPCA
ORIGINAL FILE:
-> name: /home/pablo/Documents/FING/Proyecto/datasets-csv/[6]noaa-spc-reports/hail/noaa_spc-hail.csv
-> size (bytes): 322,005
COMPRESSED FILE:
-> name: /home/pablo/Documents/FING/Proyecto/pc-tesis/dataset_parser/scripts/compress/output/[6]noaa-spc-reports/pca/noaa_spc-hail.c.cpp.csv
-> size (bytes): 111,094
-> 34.5% of original


RESULTS
--------------------------(same file!)
CoderPCA
ORIGINAL FILE:
-> name: /home/pablo/Documents/FING/Proyecto/datasets-csv/[6]noaa-spc-reports/hail/noaa_spc-hail.csv
-> size (bytes): 322,005
COMPRESSED FILE:
-> name: /home/pablo/Documents/FING/Proyecto/pc-tesis/dataset_parser/scripts/compress/output/[6]noaa-spc-reports/pca/noaa_spc-hail.c.cpp.csv
-> size (bytes): 111,413
-> 34.6% of original


RESULTS
--------------------------(same file!)
CoderPCA
ORIGINAL FILE:
-> name: /home/pablo/Documents/FING/Proyecto/datasets-csv/[6]noaa-spc-reports/hail/noaa_spc-hail.csv
-> size (bytes): 322,005
COMPRESSED FILE:
-> name: /home/pablo/Documents/FING/Proyecto/pc-tesis/dataset_parser/scripts/compress/output/[6]noaa-spc-reports/pca/noaa_spc-hail.c.cpp.csv
-> size (bytes): 111,176
-> 34.53% of original


RESULTS
--------------------------(same file!)
CoderPCA
ORIGINAL FILE:
-> name: /home/pablo/Documents/FING/Proyecto/datasets-csv/[6]noaa-spc-reports/hail/noaa_spc-hail.csv
-> size (bytes): 322,005
COMPRESSED FILE:
-> name: /home/pablo/Documents/FING/Proyecto/pc-tesis/dataset_parser/scripts/compress/output/[6]noaa-spc-reports/pca/noaa_spc-hail.c.cpp.csv
-> size (bytes): 111,048
-> 34.49% of original


RESULTS
--------------------------(same file!)
CoderPCA
ORIGINAL FILE:
-> name: /home/pablo/Documents/FING/Proyecto/datasets-csv/[6]noaa-spc-reports/hail/noaa_spc-hail.csv
-> size (bytes): 322,005
COMPRESSED FILE:
-> name: /home/pablo/Documents/FING/Proyecto/pc-tesis/dataset_parser/scripts/compress/output/[6]noaa-spc-reports/pca/noaa_spc-hail.c.cpp.csv
-> size (bytes): 110,984
-> 34.47% of original


RESULTS
--------------------------(same file!)
CoderPCA
ORIGINAL FILE:
-> name: /home/pablo/Documents/FING/Proyecto/datasets-csv/[6]noaa-spc-reports/hail/noaa_spc-hail.csv
-> size (bytes): 322,005
COMPRESSED FILE:
-> name: /home/pablo/Documents/FING/Proyecto/pc-tesis/dataset_parser/scripts/compress/output/[6]noaa-spc-reports/pca/noaa_spc-hail.c.cpp.csv
-> size (bytes): 110,952
-> 34.46% of original


RESULTS
--------------------------(same file!)
CoderPCA
ORIGINAL FILE:
-> name: /home/pablo/Documents/FING/Proyecto/datasets-csv/[6]noaa-spc-reports/hail/noaa_spc-hail.csv
-> size (bytes): 322,005
COMPRESSED FILE:
-> name: /home/pablo/Documents/FING/Proyecto/pc-tesis/dataset_parser/scripts/compress/output/[6]noaa-spc-reports/pca/noaa_spc-hail.c.cpp.csv
-> size (bytes): 111,021
-> 34.48% of original


RESULTS
--------------------------(same file!)
CoderPCA
ORIGINAL FILE:
-> name: /home/pablo/Documents/FING/Proyecto/datasets-csv/[6]noaa-spc-reports/hail/noaa_spc-hail.csv
-> size (bytes): 322,005
COMPRESSED FILE:
-> name: /home/pablo/Documents/FING/Proyecto/pc-tesis/dataset_parser/scripts/compress/output/[6]noaa-spc-reports/pca/noaa_spc-hail.c.cpp.csv
-> size (bytes): 111,413
-> 34.6% of original


RESULTS
--------------------------(same file!)
CoderPCA
ORIGINAL FILE:
-> name: /home/pablo/Documents/FING/Proyecto/datasets-csv/[6]noaa-spc-reports/hail/noaa_spc-hail.csv
-> size (bytes): 322,005
COMPRESSED FILE:
-> name: /home/pablo/Documents/FING/Proyecto/pc-tesis/dataset_parser/scripts/compress/output/[6]noaa-spc-reports/pca/noaa_spc-hail.c.cpp.csv
-> size (bytes): 111,176
-> 34.53% of original


RESULTS
--------------------------(same file!)
CoderPCA
ORIGINAL FILE:
-> name: /home/pablo/Documents/FING/Proyecto/datasets-csv/[6]noaa-spc-reports/hail/noaa_spc-hail.csv
-> size (bytes): 322,005
COMPRESSED FILE:
-> name: /home/pablo/Documents/FING/Proyecto/pc-tesis/dataset_parser/scripts/compress/output/[6]noaa-spc-reports/pca/noaa_spc-hail.c.cpp.csv
-> size (bytes): 111,048
-> 34.49% of original


RESULTS
--------------------------(same file!)
CoderPCA
ORIGINAL FILE:
-> name: /home/pablo/Documents/FING/Proyecto/datasets-csv/[6]noaa-spc-reports/hail/noaa_spc-hail.csv
-> size (bytes): 322,005
COMPRESSED FILE:
-> name: /home/pablo/Documents/FING/Proyecto/pc-tesis/dataset_parser/scripts/compress/output/[6]noaa-spc-reports/pca/noaa_spc-hail.c.cpp.csv
-> size (bytes): 110,984
-> 34.47% of original


RESULTS
--------------------------(same file!)
CoderPCA
ORIGINAL FILE:
-> name: /home/pablo/Documents/FING/Proyecto/datasets-csv/[6]noaa-spc-reports/hail/noaa_spc-hail.csv
-> size (bytes): 322,005
COMPRESSED FILE:
-> name: /home/pablo/Documents/FING/Proyecto/pc-tesis/dataset_parser/scripts/compress/output/[6]noaa-spc-reports/pca/noaa_spc-hail.c.cpp.csv
-> size (bytes): 110,952
-> 34.46% of original


RESULTS
--------------------------(same file!)
CoderPCA
ORIGINAL FILE:
-> name: /home/pablo/Documents/FING/Proyecto/datasets-csv/[6]noaa-spc-reports/hail/noaa_spc-hail.csv
-> size (bytes): 322,005
COMPRESSED FILE:
-> name: /home/pablo/Documents/FING/Proyecto/pc-tesis/dataset_parser/scripts/compress/output/[6]noaa-spc-reports/pca/noaa_spc-hail.c.cpp.csv
-> size (bytes): 110,343
-> 34.27% of original


RESULTS
--------------------------(same file!)
CoderPCA
ORIGINAL FILE:
-> name: /home/pablo/Documents/FING/Proyecto/datasets-csv/[6]noaa-spc-reports/hail/noaa_spc-hail.csv
-> size (bytes): 322,005
COMPRESSED FILE:
-> name: /home/pablo/Documents/FING/Proyecto/pc-tesis/dataset_parser/scripts/compress/output/[6]noaa-spc-reports/pca/noaa_spc-hail.c.cpp.csv
-> size (bytes): 111,372
-> 34.59% of original


RESULTS
--------------------------(same file!)
CoderPCA
ORIGINAL FILE:
-> name: /home/pablo/Documents/FING/Proyecto/datasets-csv/[6]noaa-spc-reports/hail/noaa_spc-hail.csv
-> size (bytes): 322,005
COMPRESSED FILE:
-> name: /home/pablo/Documents/FING/Proyecto/pc-tesis/dataset_parser/scripts/compress/output/[6]noaa-spc-reports/pca/noaa_spc-hail.c.cpp.csv
-> size (bytes): 111,176
-> 34.53% of original


RESULTS
--------------------------(same file!)
CoderPCA
ORIGINAL FILE:
-> name: /home/pablo/Documents/FING/Proyecto/datasets-csv/[6]noaa-spc-reports/hail/noaa_spc-hail.csv
-> size (bytes): 322,005
COMPRESSED FILE:
-> name: /home/pablo/Documents/FING/Proyecto/pc-tesis/dataset_parser/scripts/compress/output/[6]noaa-spc-reports/pca/noaa_spc-hail.c.cpp.csv
-> size (bytes): 111,048
-> 34.49% of original


RESULTS
--------------------------(same file!)
CoderPCA
ORIGINAL FILE:
-> name: /home/pablo/Documents/FING/Proyecto/datasets-csv/[6]noaa-spc-reports/hail/noaa_spc-hail.csv
-> size (bytes): 322,005
COMPRESSED FILE:
-> name: /home/pablo/Documents/FING/Proyecto/pc-tesis/dataset_parser/scripts/compress/output/[6]noaa-spc-reports/pca/noaa_spc-hail.c.cpp.csv
-> size (bytes): 110,984
-> 34.47% of original


RESULTS
--------------------------(same file!)
CoderPCA
ORIGINAL FILE:
-> name: /home/pablo/Documents/FING/Proyecto/datasets-csv/[6]noaa-spc-reports/hail/noaa_spc-hail.csv
-> size (bytes): 322,005
COMPRESSED FILE:
-> name: /home/pablo/Documents/FING/Proyecto/pc-tesis/dataset_parser/scripts/compress/output/[6]noaa-spc-reports/pca/noaa_spc-hail.c.cpp.csv
-> size (bytes): 110,952
-> 34.46% of original


RESULTS
--------------------------(same file!)
CoderPCA
ORIGINAL FILE:
-> name: /home/pablo/Documents/FING/Proyecto/datasets-csv/[6]noaa-spc-reports/hail/noaa_spc-hail.csv
-> size (bytes): 322,005
COMPRESSED FILE:
-> name: /home/pablo/Documents/FING/Proyecto/pc-tesis/dataset_parser/scripts/compress/output/[6]noaa-spc-reports/pca/noaa_spc-hail.c.cpp.csv
-> size (bytes): 109,310
-> 33.95% of original


RESULTS
--------------------------(same file!)
CoderPCA
ORIGINAL FILE:
-> name: /home/pablo/Documents/FING/Proyecto/datasets-csv/[6]noaa-spc-reports/hail/noaa_spc-hail.csv
-> size (bytes): 322,005
COMPRESSED FILE:
-> name: /home/pablo/Documents/FING/Proyecto/pc-tesis/dataset_parser/scripts/compress/output/[6]noaa-spc-reports/pca/noaa_spc-hail.c.cpp.csv
-> size (bytes): 111,232
-> 34.54% of original


RESULTS
--------------------------(same file!)
CoderPCA
ORIGINAL FILE:
-> name: /home/pablo/Documents/FING/Proyecto/datasets-csv/[6]noaa-spc-reports/hail/noaa_spc-hail.csv
-> size (bytes): 322,005
COMPRESSED FILE:
-> name: /home/pablo/Documents/FING/Proyecto/pc-tesis/dataset_parser/scripts/compress/output/[6]noaa-spc-reports/pca/noaa_spc-hail.c.cpp.csv
-> size (bytes): 111,176
-> 34.53% of original


RESULTS
--------------------------(same file!)
CoderPCA
ORIGINAL FILE:
-> name: /home/pablo/Documents/FING/Proyecto/datasets-csv/[6]noaa-spc-reports/hail/noaa_spc-hail.csv
-> size (bytes): 322,005
COMPRESSED FILE:
-> name: /home/pablo/Documents/FING/Proyecto/pc-tesis/dataset_parser/scripts/compress/output/[6]noaa-spc-reports/pca/noaa_spc-hail.c.cpp.csv
-> size (bytes): 111,048
-> 34.49% of original


RESULTS
--------------------------(same file!)
CoderPCA
ORIGINAL FILE:
-> name: /home/pablo/Documents/FING/Proyecto/datasets-csv/[6]noaa-spc-reports/hail/noaa_spc-hail.csv
-> size (bytes): 322,005
COMPRESSED FILE:
-> name: /home/pablo/Documents/FING/Proyecto/pc-tesis/dataset_parser/scripts/compress/output/[6]noaa-spc-reports/pca/noaa_spc-hail.c.cpp.csv
-> size (bytes): 110,984
-> 34.47% of original


RESULTS
--------------------------(same file!)
CoderPCA
ORIGINAL FILE:
-> name: /home/pablo/Documents/FING/Proyecto/datasets-csv/[6]noaa-spc-reports/hail/noaa_spc-hail.csv
-> size (bytes): 322,005
COMPRESSED FILE:
-> name: /home/pablo/Documents/FING/Proyecto/pc-tesis/dataset_parser/scripts/compress/output/[6]noaa-spc-reports/pca/noaa_spc-hail.c.cpp.csv
-> size (bytes): 110,952
-> 34.46% of original


RESULTS
--------------------------(same file!)
CoderPCA
ORIGINAL FILE:
-> name: /home/pablo/Documents/FING/Proyecto/datasets-csv/[6]noaa-spc-reports/hail/noaa_spc-hail.csv
-> size (bytes): 322,005
COMPRESSED FILE:
-> name: /home/pablo/Documents/FING/Proyecto/pc-tesis/dataset_parser/scripts/compress/output/[6]noaa-spc-reports/pca/noaa_spc-hail.c.cpp.csv
-> size (bytes): 105,966
-> 32.91% of original


RESULTS
--------------------------(same file!)
CoderPCA
ORIGINAL FILE:
-> name: /home/pablo/Documents/FING/Proyecto/datasets-csv/[6]noaa-spc-reports/hail/noaa_spc-hail.csv
-> size (bytes): 322,005
COMPRESSED FILE:
-> name: /home/pablo/Documents/FING/Proyecto/pc-tesis/dataset_parser/scripts/compress/output/[6]noaa-spc-reports/pca/noaa_spc-hail.c.cpp.csv
-> size (bytes): 110,189
-> 34.22% of original


RESULTS
--------------------------(same file!)
CoderPCA
ORIGINAL FILE:
-> name: /home/pablo/Documents/FING/Proyecto/datasets-csv/[6]noaa-spc-reports/hail/noaa_spc-hail.csv
-> size (bytes): 322,005
COMPRESSED FILE:
-> name: /home/pablo/Documents/FING/Proyecto/pc-tesis/dataset_parser/scripts/compress/output/[6]noaa-spc-reports/pca/noaa_spc-hail.c.cpp.csv
-> size (bytes): 111,137
-> 34.51% of original


RESULTS
--------------------------(same file!)
CoderPCA
ORIGINAL FILE:
-> name: /home/pablo/Documents/FING/Proyecto/datasets-csv/[6]noaa-spc-reports/hail/noaa_spc-hail.csv
-> size (bytes): 322,005
COMPRESSED FILE:
-> name: /home/pablo/Documents/FING/Proyecto/pc-tesis/dataset_parser/scripts/compress/output/[6]noaa-spc-reports/pca/noaa_spc-hail.c.cpp.csv
-> size (bytes): 111,048
-> 34.49% of original


RESULTS
--------------------------(same file!)
CoderPCA
ORIGINAL FILE:
-> name: /home/pablo/Documents/FING/Proyecto/datasets-csv/[6]noaa-spc-reports/hail/noaa_spc-hail.csv
-> size (bytes): 322,005
COMPRESSED FILE:
-> name: /home/pablo/Documents/FING/Proyecto/pc-tesis/dataset_parser/scripts/compress/output/[6]noaa-spc-reports/pca/noaa_spc-hail.c.cpp.csv
-> size (bytes): 110,984
-> 34.47% of original


RESULTS
--------------------------(same file!)
CoderPCA
ORIGINAL FILE:
-> name: /home/pablo/Documents/FING/Proyecto/datasets-csv/[6]noaa-spc-reports/hail/noaa_spc-hail.csv
-> size (bytes): 322,005
COMPRESSED FILE:
-> name: /home/pablo/Documents/FING/Proyecto/pc-tesis/dataset_parser/scripts/compress/output/[6]noaa-spc-reports/pca/noaa_spc-hail.c.cpp.csv
-> size (bytes): 110,952
-> 34.46% of original


RESULTS
--------------------------(same file!)
CoderPCA
ORIGINAL FILE:
-> name: /home/pablo/Documents/FING/Proyecto/datasets-csv/[6]noaa-spc-reports/hail/noaa_spc-hail.csv
-> size (bytes): 322,005
COMPRESSED FILE:
-> name: /home/pablo/Documents/FING/Proyecto/pc-tesis/dataset_parser/scripts/compress/output/[6]noaa-spc-reports/pca/noaa_spc-hail.c.cpp.csv
-> size (bytes): 102,547
-> 31.85% of original


RESULTS
--------------------------(same file!)
CoderPCA
ORIGINAL FILE:
-> name: /home/pablo/Documents/FING/Proyecto/datasets-csv/[6]noaa-spc-reports/hail/noaa_spc-hail.csv
-> size (bytes): 322,005
COMPRESSED FILE:
-> name: /home/pablo/Documents/FING/Proyecto/pc-tesis/dataset_parser/scripts/compress/output/[6]noaa-spc-reports/pca/noaa_spc-hail.c.cpp.csv
-> size (bytes): 108,328
-> 33.64% of original


RESULTS
--------------------------(same file!)
CoderPCA
ORIGINAL FILE:
-> name: /home/pablo/Documents/FING/Proyecto/datasets-csv/[6]noaa-spc-reports/hail/noaa_spc-hail.csv
-> size (bytes): 322,005
COMPRESSED FILE:
-> name: /home/pablo/Documents/FING/Proyecto/pc-tesis/dataset_parser/scripts/compress/output/[6]noaa-spc-reports/pca/noaa_spc-hail.c.cpp.csv
-> size (bytes): 110,726
-> 34.39% of original


RESULTS
--------------------------(same file!)
CoderPCA
ORIGINAL FILE:
-> name: /home/pablo/Documents/FING/Proyecto/datasets-csv/[6]noaa-spc-reports/hail/noaa_spc-hail.csv
-> size (bytes): 322,005
COMPRESSED FILE:
-> name: /home/pablo/Documents/FING/Proyecto/pc-tesis/dataset_parser/scripts/compress/output/[6]noaa-spc-reports/pca/noaa_spc-hail.c.cpp.csv
-> size (bytes): 111,048
-> 34.49% of original


RESULTS
--------------------------(same file!)
CoderPCA
ORIGINAL FILE:
-> name: /home/pablo/Documents/FING/Proyecto/datasets-csv/[6]noaa-spc-reports/hail/noaa_spc-hail.csv
-> size (bytes): 322,005
COMPRESSED FILE:
-> name: /home/pablo/Documents/FING/Proyecto/pc-tesis/dataset_parser/scripts/compress/output/[6]noaa-spc-reports/pca/noaa_spc-hail.c.cpp.csv
-> size (bytes): 110,984
-> 34.47% of original


RESULTS
--------------------------(same file!)
CoderPCA
ORIGINAL FILE:
-> name: /home/pablo/Documents/FING/Proyecto/datasets-csv/[6]noaa-spc-reports/hail/noaa_spc-hail.csv
-> size (bytes): 322,005
COMPRESSED FILE:
-> name: /home/pablo/Documents/FING/Proyecto/pc-tesis/dataset_parser/scripts/compress/output/[6]noaa-spc-reports/pca/noaa_spc-hail.c.cpp.csv
-> size (bytes): 110,952
-> 34.46% of original


RESULTS
--------------------------(same file!)
CoderPCA
ORIGINAL FILE:
-> name: /home/pablo/Documents/FING/Proyecto/datasets-csv/[6]noaa-spc-reports/hail/noaa_spc-hail.csv
-> size (bytes): 322,005
COMPRESSED FILE:
-> name: /home/pablo/Documents/FING/Proyecto/pc-tesis/dataset_parser/scripts/compress/output/[6]noaa-spc-reports/pca/noaa_spc-hail.c.cpp.csv
-> size (bytes): 99,644
-> 30.94% of original


RESULTS
--------------------------(same file!)
CoderPCA
ORIGINAL FILE:
-> name: /home/pablo/Documents/FING/Proyecto/datasets-csv/[6]noaa-spc-reports/hail/noaa_spc-hail.csv
-> size (bytes): 322,005
COMPRESSED FILE:
-> name: /home/pablo/Documents/FING/Proyecto/pc-tesis/dataset_parser/scripts/compress/output/[6]noaa-spc-reports/pca/noaa_spc-hail.c.cpp.csv
-> size (bytes): 106,410
-> 33.05% of original


RESULTS
--------------------------(same file!)
CoderPCA
ORIGINAL FILE:
-> name: /home/pablo/Documents/FING/Proyecto/datasets-csv/[6]noaa-spc-reports/hail/noaa_spc-hail.csv
-> size (bytes): 322,005
COMPRESSED FILE:
-> name: /home/pablo/Documents/FING/Proyecto/pc-tesis/dataset_parser/scripts/compress/output/[6]noaa-spc-reports/pca/noaa_spc-hail.c.cpp.csv
-> size (bytes): 110,495
-> 34.31% of original


RESULTS
--------------------------(same file!)
CoderPCA
ORIGINAL FILE:
-> name: /home/pablo/Documents/FING/Proyecto/datasets-csv/[6]noaa-spc-reports/hail/noaa_spc-hail.csv
-> size (bytes): 322,005
COMPRESSED FILE:
-> name: /home/pablo/Documents/FING/Proyecto/pc-tesis/dataset_parser/scripts/compress/output/[6]noaa-spc-reports/pca/noaa_spc-hail.c.cpp.csv
-> size (bytes): 110,974
-> 34.46% of original


RESULTS
--------------------------(same file!)
CoderPCA
ORIGINAL FILE:
-> name: /home/pablo/Documents/FING/Proyecto/datasets-csv/[6]noaa-spc-reports/hail/noaa_spc-hail.csv
-> size (bytes): 322,005
COMPRESSED FILE:
-> name: /home/pablo/Documents/FING/Proyecto/pc-tesis/dataset_parser/scripts/compress/output/[6]noaa-spc-reports/pca/noaa_spc-hail.c.cpp.csv
-> size (bytes): 110,984
-> 34.47% of original


RESULTS
--------------------------(same file!)
CoderPCA
ORIGINAL FILE:
-> name: /home/pablo/Documents/FING/Proyecto/datasets-csv/[6]noaa-spc-reports/hail/noaa_spc-hail.csv
-> size (bytes): 322,005
COMPRESSED FILE:
-> name: /home/pablo/Documents/FING/Proyecto/pc-tesis/dataset_parser/scripts/compress/output/[6]noaa-spc-reports/pca/noaa_spc-hail.c.cpp.csv
-> size (bytes): 110,952
-> 34.46% of original


RESULTS
--------------------------(same file!)
CoderPCA
ORIGINAL FILE:
-> name: /home/pablo/Documents/FING/Proyecto/datasets-csv/[6]noaa-spc-reports/hail/noaa_spc-hail.csv
-> size (bytes): 322,005
COMPRESSED FILE:
-> name: /home/pablo/Documents/FING/Proyecto/pc-tesis/dataset_parser/scripts/compress/output/[6]noaa-spc-reports/pca/noaa_spc-hail.c.cpp.csv
-> size (bytes): 92,932
-> 28.86% of original


RESULTS
--------------------------(same file!)
CoderPCA
ORIGINAL FILE:
-> name: /home/pablo/Documents/FING/Proyecto/datasets-csv/[6]noaa-spc-reports/hail/noaa_spc-hail.csv
-> size (bytes): 322,005
COMPRESSED FILE:
-> name: /home/pablo/Documents/FING/Proyecto/pc-tesis/dataset_parser/scripts/compress/output/[6]noaa-spc-reports/pca/noaa_spc-hail.c.cpp.csv
-> size (bytes): 101,279
-> 31.45% of original


RESULTS
--------------------------(same file!)
CoderPCA
ORIGINAL FILE:
-> name: /home/pablo/Documents/FING/Proyecto/datasets-csv/[6]noaa-spc-reports/hail/noaa_spc-hail.csv
-> size (bytes): 322,005
COMPRESSED FILE:
-> name: /home/pablo/Documents/FING/Proyecto/pc-tesis/dataset_parser/scripts/compress/output/[6]noaa-spc-reports/pca/noaa_spc-hail.c.cpp.csv
-> size (bytes): 108,716
-> 33.76% of original


RESULTS
--------------------------(same file!)
CoderPCA
ORIGINAL FILE:
-> name: /home/pablo/Documents/FING/Proyecto/datasets-csv/[6]noaa-spc-reports/hail/noaa_spc-hail.csv
-> size (bytes): 322,005
COMPRESSED FILE:
-> name: /home/pablo/Documents/FING/Proyecto/pc-tesis/dataset_parser/scripts/compress/output/[6]noaa-spc-reports/pca/noaa_spc-hail.c.cpp.csv
-> size (bytes): 110,736
-> 34.39% of original


RESULTS
--------------------------(same file!)
CoderPCA
ORIGINAL FILE:
-> name: /home/pablo/Documents/FING/Proyecto/datasets-csv/[6]noaa-spc-reports/hail/noaa_spc-hail.csv
-> size (bytes): 322,005
COMPRESSED FILE:
-> name: /home/pablo/Documents/FING/Proyecto/pc-tesis/dataset_parser/scripts/compress/output/[6]noaa-spc-reports/pca/noaa_spc-hail.c.cpp.csv
-> size (bytes): 110,984
-> 34.47% of original


RESULTS
--------------------------(same file!)
CoderPCA
ORIGINAL FILE:
-> name: /home/pablo/Documents/FING/Proyecto/datasets-csv/[6]noaa-spc-reports/hail/noaa_spc-hail.csv
-> size (bytes): 322,005
COMPRESSED FILE:
-> name: /home/pablo/Documents/FING/Proyecto/pc-tesis/dataset_parser/scripts/compress/output/[6]noaa-spc-reports/pca/noaa_spc-hail.c.cpp.csv
-> size (bytes): 110,952
-> 34.46% of original


RESULTS
--------------------------(same file!)
CoderAPCA
ORIGINAL FILE:
-> name: /home/pablo/Documents/FING/Proyecto/datasets-csv/[6]noaa-spc-reports/hail/noaa_spc-hail.csv
-> size (bytes): 322,005
COMPRESSED FILE:
-> name: /home/pablo/Documents/FING/Proyecto/pc-tesis/dataset_parser/scripts/compress/output/[6]noaa-spc-reports/apca/noaa_spc-hail.c.cpp.csv
-> size (bytes): 119,748
-> 37.19% of original


RESULTS
--------------------------(same file!)
CoderAPCA
ORIGINAL FILE:
-> name: /home/pablo/Documents/FING/Proyecto/datasets-csv/[6]noaa-spc-reports/hail/noaa_spc-hail.csv
-> size (bytes): 322,005
COMPRESSED FILE:
-> name: /home/pablo/Documents/FING/Proyecto/pc-tesis/dataset_parser/scripts/compress/output/[6]noaa-spc-reports/apca/noaa_spc-hail.c.cpp.csv
-> size (bytes): 124,914
-> 38.79% of original


RESULTS
--------------------------(same file!)
CoderAPCA
ORIGINAL FILE:
-> name: /home/pablo/Documents/FING/Proyecto/datasets-csv/[6]noaa-spc-reports/hail/noaa_spc-hail.csv
-> size (bytes): 322,005
COMPRESSED FILE:
-> name: /home/pablo/Documents/FING/Proyecto/pc-tesis/dataset_parser/scripts/compress/output/[6]noaa-spc-reports/apca/noaa_spc-hail.c.cpp.csv
-> size (bytes): 130,448
-> 40.51% of original


RESULTS
--------------------------(same file!)
CoderAPCA
ORIGINAL FILE:
-> name: /home/pablo/Documents/FING/Proyecto/datasets-csv/[6]noaa-spc-reports/hail/noaa_spc-hail.csv
-> size (bytes): 322,005
COMPRESSED FILE:
-> name: /home/pablo/Documents/FING/Proyecto/pc-tesis/dataset_parser/scripts/compress/output/[6]noaa-spc-reports/apca/noaa_spc-hail.c.cpp.csv
-> size (bytes): 136,021
-> 42.24% of original


RESULTS
--------------------------(same file!)
CoderAPCA
ORIGINAL FILE:
-> name: /home/pablo/Documents/FING/Proyecto/datasets-csv/[6]noaa-spc-reports/hail/noaa_spc-hail.csv
-> size (bytes): 322,005
COMPRESSED FILE:
-> name: /home/pablo/Documents/FING/Proyecto/pc-tesis/dataset_parser/scripts/compress/output/[6]noaa-spc-reports/apca/noaa_spc-hail.c.cpp.csv
-> size (bytes): 141,597
-> 43.97% of original


RESULTS
--------------------------(same file!)
CoderAPCA
ORIGINAL FILE:
-> name: /home/pablo/Documents/FING/Proyecto/datasets-csv/[6]noaa-spc-reports/hail/noaa_spc-hail.csv
-> size (bytes): 322,005
COMPRESSED FILE:
-> name: /home/pablo/Documents/FING/Proyecto/pc-tesis/dataset_parser/scripts/compress/output/[6]noaa-spc-reports/apca/noaa_spc-hail.c.cpp.csv
-> size (bytes): 147,173
-> 45.71% of original


RESULTS
--------------------------(same file!)
CoderAPCA
ORIGINAL FILE:
-> name: /home/pablo/Documents/FING/Proyecto/datasets-csv/[6]noaa-spc-reports/hail/noaa_spc-hail.csv
-> size (bytes): 322,005
COMPRESSED FILE:
-> name: /home/pablo/Documents/FING/Proyecto/pc-tesis/dataset_parser/scripts/compress/output/[6]noaa-spc-reports/apca/noaa_spc-hail.c.cpp.csv
-> size (bytes): 112,300
-> 34.88% of original


RESULTS
--------------------------(same file!)
CoderAPCA
ORIGINAL FILE:
-> name: /home/pablo/Documents/FING/Proyecto/datasets-csv/[6]noaa-spc-reports/hail/noaa_spc-hail.csv
-> size (bytes): 322,005
COMPRESSED FILE:
-> name: /home/pablo/Documents/FING/Proyecto/pc-tesis/dataset_parser/scripts/compress/output/[6]noaa-spc-reports/apca/noaa_spc-hail.c.cpp.csv
-> size (bytes): 116,976
-> 36.33% of original


RESULTS
--------------------------(same file!)
CoderAPCA
ORIGINAL FILE:
-> name: /home/pablo/Documents/FING/Proyecto/datasets-csv/[6]noaa-spc-reports/hail/noaa_spc-hail.csv
-> size (bytes): 322,005
COMPRESSED FILE:
-> name: /home/pablo/Documents/FING/Proyecto/pc-tesis/dataset_parser/scripts/compress/output/[6]noaa-spc-reports/apca/noaa_spc-hail.c.cpp.csv
-> size (bytes): 122,027
-> 37.9% of original


RESULTS
--------------------------(same file!)
CoderAPCA
ORIGINAL FILE:
-> name: /home/pablo/Documents/FING/Proyecto/datasets-csv/[6]noaa-spc-reports/hail/noaa_spc-hail.csv
-> size (bytes): 322,005
COMPRESSED FILE:
-> name: /home/pablo/Documents/FING/Proyecto/pc-tesis/dataset_parser/scripts/compress/output/[6]noaa-spc-reports/apca/noaa_spc-hail.c.cpp.csv
-> size (bytes): 127,119
-> 39.48% of original


RESULTS
--------------------------(same file!)
CoderAPCA
ORIGINAL FILE:
-> name: /home/pablo/Documents/FING/Proyecto/datasets-csv/[6]noaa-spc-reports/hail/noaa_spc-hail.csv
-> size (bytes): 322,005
COMPRESSED FILE:
-> name: /home/pablo/Documents/FING/Proyecto/pc-tesis/dataset_parser/scripts/compress/output/[6]noaa-spc-reports/apca/noaa_spc-hail.c.cpp.csv
-> size (bytes): 132,214
-> 41.06% of original


RESULTS
--------------------------(same file!)
CoderAPCA
ORIGINAL FILE:
-> name: /home/pablo/Documents/FING/Proyecto/datasets-csv/[6]noaa-spc-reports/hail/noaa_spc-hail.csv
-> size (bytes): 322,005
COMPRESSED FILE:
-> name: /home/pablo/Documents/FING/Proyecto/pc-tesis/dataset_parser/scripts/compress/output/[6]noaa-spc-reports/apca/noaa_spc-hail.c.cpp.csv
-> size (bytes): 137,309
-> 42.64% of original


RESULTS
--------------------------(same file!)
CoderAPCA
ORIGINAL FILE:
-> name: /home/pablo/Documents/FING/Proyecto/datasets-csv/[6]noaa-spc-reports/hail/noaa_spc-hail.csv
-> size (bytes): 322,005
COMPRESSED FILE:
-> name: /home/pablo/Documents/FING/Proyecto/pc-tesis/dataset_parser/scripts/compress/output/[6]noaa-spc-reports/apca/noaa_spc-hail.c.cpp.csv
-> size (bytes): 104,318
-> 32.4% of original


RESULTS
--------------------------(same file!)
CoderAPCA
ORIGINAL FILE:
-> name: /home/pablo/Documents/FING/Proyecto/datasets-csv/[6]noaa-spc-reports/hail/noaa_spc-hail.csv
-> size (bytes): 322,005
COMPRESSED FILE:
-> name: /home/pablo/Documents/FING/Proyecto/pc-tesis/dataset_parser/scripts/compress/output/[6]noaa-spc-reports/apca/noaa_spc-hail.c.cpp.csv
-> size (bytes): 108,286
-> 33.63% of original


RESULTS
--------------------------(same file!)
CoderAPCA
ORIGINAL FILE:
-> name: /home/pablo/Documents/FING/Proyecto/datasets-csv/[6]noaa-spc-reports/hail/noaa_spc-hail.csv
-> size (bytes): 322,005
COMPRESSED FILE:
-> name: /home/pablo/Documents/FING/Proyecto/pc-tesis/dataset_parser/scripts/compress/output/[6]noaa-spc-reports/apca/noaa_spc-hail.c.cpp.csv
-> size (bytes): 112,807
-> 35.03% of original


RESULTS
--------------------------(same file!)
CoderAPCA
ORIGINAL FILE:
-> name: /home/pablo/Documents/FING/Proyecto/datasets-csv/[6]noaa-spc-reports/hail/noaa_spc-hail.csv
-> size (bytes): 322,005
COMPRESSED FILE:
-> name: /home/pablo/Documents/FING/Proyecto/pc-tesis/dataset_parser/scripts/compress/output/[6]noaa-spc-reports/apca/noaa_spc-hail.c.cpp.csv
-> size (bytes): 117,375
-> 36.45% of original


RESULTS
--------------------------(same file!)
CoderAPCA
ORIGINAL FILE:
-> name: /home/pablo/Documents/FING/Proyecto/datasets-csv/[6]noaa-spc-reports/hail/noaa_spc-hail.csv
-> size (bytes): 322,005
COMPRESSED FILE:
-> name: /home/pablo/Documents/FING/Proyecto/pc-tesis/dataset_parser/scripts/compress/output/[6]noaa-spc-reports/apca/noaa_spc-hail.c.cpp.csv
-> size (bytes): 121,945
-> 37.87% of original


RESULTS
--------------------------(same file!)
CoderAPCA
ORIGINAL FILE:
-> name: /home/pablo/Documents/FING/Proyecto/datasets-csv/[6]noaa-spc-reports/hail/noaa_spc-hail.csv
-> size (bytes): 322,005
COMPRESSED FILE:
-> name: /home/pablo/Documents/FING/Proyecto/pc-tesis/dataset_parser/scripts/compress/output/[6]noaa-spc-reports/apca/noaa_spc-hail.c.cpp.csv
-> size (bytes): 126,514
-> 39.29% of original


RESULTS
--------------------------(same file!)
CoderAPCA
ORIGINAL FILE:
-> name: /home/pablo/Documents/FING/Proyecto/datasets-csv/[6]noaa-spc-reports/hail/noaa_spc-hail.csv
-> size (bytes): 322,005
COMPRESSED FILE:
-> name: /home/pablo/Documents/FING/Proyecto/pc-tesis/dataset_parser/scripts/compress/output/[6]noaa-spc-reports/apca/noaa_spc-hail.c.cpp.csv
-> size (bytes): 99,617
-> 30.94% of original


RESULTS
--------------------------(same file!)
CoderAPCA
ORIGINAL FILE:
-> name: /home/pablo/Documents/FING/Proyecto/datasets-csv/[6]noaa-spc-reports/hail/noaa_spc-hail.csv
-> size (bytes): 322,005
COMPRESSED FILE:
-> name: /home/pablo/Documents/FING/Proyecto/pc-tesis/dataset_parser/scripts/compress/output/[6]noaa-spc-reports/apca/noaa_spc-hail.c.cpp.csv
-> size (bytes): 103,005
-> 31.99% of original


RESULTS
--------------------------(same file!)
CoderAPCA
ORIGINAL FILE:
-> name: /home/pablo/Documents/FING/Proyecto/datasets-csv/[6]noaa-spc-reports/hail/noaa_spc-hail.csv
-> size (bytes): 322,005
COMPRESSED FILE:
-> name: /home/pablo/Documents/FING/Proyecto/pc-tesis/dataset_parser/scripts/compress/output/[6]noaa-spc-reports/apca/noaa_spc-hail.c.cpp.csv
-> size (bytes): 107,190
-> 33.29% of original


RESULTS
--------------------------(same file!)
CoderAPCA
ORIGINAL FILE:
-> name: /home/pablo/Documents/FING/Proyecto/datasets-csv/[6]noaa-spc-reports/hail/noaa_spc-hail.csv
-> size (bytes): 322,005
COMPRESSED FILE:
-> name: /home/pablo/Documents/FING/Proyecto/pc-tesis/dataset_parser/scripts/compress/output/[6]noaa-spc-reports/apca/noaa_spc-hail.c.cpp.csv
-> size (bytes): 111,437
-> 34.61% of original


RESULTS
--------------------------(same file!)
CoderAPCA
ORIGINAL FILE:
-> name: /home/pablo/Documents/FING/Proyecto/datasets-csv/[6]noaa-spc-reports/hail/noaa_spc-hail.csv
-> size (bytes): 322,005
COMPRESSED FILE:
-> name: /home/pablo/Documents/FING/Proyecto/pc-tesis/dataset_parser/scripts/compress/output/[6]noaa-spc-reports/apca/noaa_spc-hail.c.cpp.csv
-> size (bytes): 115,687
-> 35.93% of original


RESULTS
--------------------------(same file!)
CoderAPCA
ORIGINAL FILE:
-> name: /home/pablo/Documents/FING/Proyecto/datasets-csv/[6]noaa-spc-reports/hail/noaa_spc-hail.csv
-> size (bytes): 322,005
COMPRESSED FILE:
-> name: /home/pablo/Documents/FING/Proyecto/pc-tesis/dataset_parser/scripts/compress/output/[6]noaa-spc-reports/apca/noaa_spc-hail.c.cpp.csv
-> size (bytes): 119,936
-> 37.25% of original


RESULTS
--------------------------(same file!)
CoderAPCA
ORIGINAL FILE:
-> name: /home/pablo/Documents/FING/Proyecto/datasets-csv/[6]noaa-spc-reports/hail/noaa_spc-hail.csv
-> size (bytes): 322,005
COMPRESSED FILE:
-> name: /home/pablo/Documents/FING/Proyecto/pc-tesis/dataset_parser/scripts/compress/output/[6]noaa-spc-reports/apca/noaa_spc-hail.c.cpp.csv
-> size (bytes): 92,411
-> 28.7% of original


RESULTS
--------------------------(same file!)
CoderAPCA
ORIGINAL FILE:
-> name: /home/pablo/Documents/FING/Proyecto/datasets-csv/[6]noaa-spc-reports/hail/noaa_spc-hail.csv
-> size (bytes): 322,005
COMPRESSED FILE:
-> name: /home/pablo/Documents/FING/Proyecto/pc-tesis/dataset_parser/scripts/compress/output/[6]noaa-spc-reports/apca/noaa_spc-hail.c.cpp.csv
-> size (bytes): 94,500
-> 29.35% of original


RESULTS
--------------------------(same file!)
CoderAPCA
ORIGINAL FILE:
-> name: /home/pablo/Documents/FING/Proyecto/datasets-csv/[6]noaa-spc-reports/hail/noaa_spc-hail.csv
-> size (bytes): 322,005
COMPRESSED FILE:
-> name: /home/pablo/Documents/FING/Proyecto/pc-tesis/dataset_parser/scripts/compress/output/[6]noaa-spc-reports/apca/noaa_spc-hail.c.cpp.csv
-> size (bytes): 97,974
-> 30.43% of original


RESULTS
--------------------------(same file!)
CoderAPCA
ORIGINAL FILE:
-> name: /home/pablo/Documents/FING/Proyecto/datasets-csv/[6]noaa-spc-reports/hail/noaa_spc-hail.csv
-> size (bytes): 322,005
COMPRESSED FILE:
-> name: /home/pablo/Documents/FING/Proyecto/pc-tesis/dataset_parser/scripts/compress/output/[6]noaa-spc-reports/apca/noaa_spc-hail.c.cpp.csv
-> size (bytes): 101,694
-> 31.58% of original


RESULTS
--------------------------(same file!)
CoderAPCA
ORIGINAL FILE:
-> name: /home/pablo/Documents/FING/Proyecto/datasets-csv/[6]noaa-spc-reports/hail/noaa_spc-hail.csv
-> size (bytes): 322,005
COMPRESSED FILE:
-> name: /home/pablo/Documents/FING/Proyecto/pc-tesis/dataset_parser/scripts/compress/output/[6]noaa-spc-reports/apca/noaa_spc-hail.c.cpp.csv
-> size (bytes): 105,417
-> 32.74% of original


RESULTS
--------------------------(same file!)
CoderAPCA
ORIGINAL FILE:
-> name: /home/pablo/Documents/FING/Proyecto/datasets-csv/[6]noaa-spc-reports/hail/noaa_spc-hail.csv
-> size (bytes): 322,005
COMPRESSED FILE:
-> name: /home/pablo/Documents/FING/Proyecto/pc-tesis/dataset_parser/scripts/compress/output/[6]noaa-spc-reports/apca/noaa_spc-hail.c.cpp.csv
-> size (bytes): 109,141
-> 33.89% of original


RESULTS
--------------------------(same file!)
CoderAPCA
ORIGINAL FILE:
-> name: /home/pablo/Documents/FING/Proyecto/datasets-csv/[6]noaa-spc-reports/hail/noaa_spc-hail.csv
-> size (bytes): 322,005
COMPRESSED FILE:
-> name: /home/pablo/Documents/FING/Proyecto/pc-tesis/dataset_parser/scripts/compress/output/[6]noaa-spc-reports/apca/noaa_spc-hail.c.cpp.csv
-> size (bytes): 87,968
-> 27.32% of original


RESULTS
--------------------------(same file!)
CoderAPCA
ORIGINAL FILE:
-> name: /home/pablo/Documents/FING/Proyecto/datasets-csv/[6]noaa-spc-reports/hail/noaa_spc-hail.csv
-> size (bytes): 322,005
COMPRESSED FILE:
-> name: /home/pablo/Documents/FING/Proyecto/pc-tesis/dataset_parser/scripts/compress/output/[6]noaa-spc-reports/apca/noaa_spc-hail.c.cpp.csv
-> size (bytes): 89,022
-> 27.65% of original


RESULTS
--------------------------(same file!)
CoderAPCA
ORIGINAL FILE:
-> name: /home/pablo/Documents/FING/Proyecto/datasets-csv/[6]noaa-spc-reports/hail/noaa_spc-hail.csv
-> size (bytes): 322,005
COMPRESSED FILE:
-> name: /home/pablo/Documents/FING/Proyecto/pc-tesis/dataset_parser/scripts/compress/output/[6]noaa-spc-reports/apca/noaa_spc-hail.c.cpp.csv
-> size (bytes): 91,895
-> 28.54% of original


RESULTS
--------------------------(same file!)
CoderAPCA
ORIGINAL FILE:
-> name: /home/pablo/Documents/FING/Proyecto/datasets-csv/[6]noaa-spc-reports/hail/noaa_spc-hail.csv
-> size (bytes): 322,005
COMPRESSED FILE:
-> name: /home/pablo/Documents/FING/Proyecto/pc-tesis/dataset_parser/scripts/compress/output/[6]noaa-spc-reports/apca/noaa_spc-hail.c.cpp.csv
-> size (bytes): 95,249
-> 29.58% of original


RESULTS
--------------------------(same file!)
CoderAPCA
ORIGINAL FILE:
-> name: /home/pablo/Documents/FING/Proyecto/datasets-csv/[6]noaa-spc-reports/hail/noaa_spc-hail.csv
-> size (bytes): 322,005
COMPRESSED FILE:
-> name: /home/pablo/Documents/FING/Proyecto/pc-tesis/dataset_parser/scripts/compress/output/[6]noaa-spc-reports/apca/noaa_spc-hail.c.cpp.csv
-> size (bytes): 98,623
-> 30.63% of original


RESULTS
--------------------------(same file!)
CoderAPCA
ORIGINAL FILE:
-> name: /home/pablo/Documents/FING/Proyecto/datasets-csv/[6]noaa-spc-reports/hail/noaa_spc-hail.csv
-> size (bytes): 322,005
COMPRESSED FILE:
-> name: /home/pablo/Documents/FING/Proyecto/pc-tesis/dataset_parser/scripts/compress/output/[6]noaa-spc-reports/apca/noaa_spc-hail.c.cpp.csv
-> size (bytes): 101,998
-> 31.68% of original


RESULTS
--------------------------(same file!)
CoderAPCA
ORIGINAL FILE:
-> name: /home/pablo/Documents/FING/Proyecto/datasets-csv/[6]noaa-spc-reports/hail/noaa_spc-hail.csv
-> size (bytes): 322,005
COMPRESSED FILE:
-> name: /home/pablo/Documents/FING/Proyecto/pc-tesis/dataset_parser/scripts/compress/output/[6]noaa-spc-reports/apca/noaa_spc-hail.c.cpp.csv
-> size (bytes): 84,640
-> 26.29% of original


RESULTS
--------------------------(same file!)
CoderAPCA
ORIGINAL FILE:
-> name: /home/pablo/Documents/FING/Proyecto/datasets-csv/[6]noaa-spc-reports/hail/noaa_spc-hail.csv
-> size (bytes): 322,005
COMPRESSED FILE:
-> name: /home/pablo/Documents/FING/Proyecto/pc-tesis/dataset_parser/scripts/compress/output/[6]noaa-spc-reports/apca/noaa_spc-hail.c.cpp.csv
-> size (bytes): 84,911
-> 26.37% of original


RESULTS
--------------------------(same file!)
CoderAPCA
ORIGINAL FILE:
-> name: /home/pablo/Documents/FING/Proyecto/datasets-csv/[6]noaa-spc-reports/hail/noaa_spc-hail.csv
-> size (bytes): 322,005
COMPRESSED FILE:
-> name: /home/pablo/Documents/FING/Proyecto/pc-tesis/dataset_parser/scripts/compress/output/[6]noaa-spc-reports/apca/noaa_spc-hail.c.cpp.csv
-> size (bytes): 87,278
-> 27.1% of original


RESULTS
--------------------------(same file!)
CoderAPCA
ORIGINAL FILE:
-> name: /home/pablo/Documents/FING/Proyecto/datasets-csv/[6]noaa-spc-reports/hail/noaa_spc-hail.csv
-> size (bytes): 322,005
COMPRESSED FILE:
-> name: /home/pablo/Documents/FING/Proyecto/pc-tesis/dataset_parser/scripts/compress/output/[6]noaa-spc-reports/apca/noaa_spc-hail.c.cpp.csv
-> size (bytes): 90,324
-> 28.05% of original


RESULTS
--------------------------(same file!)
CoderAPCA
ORIGINAL FILE:
-> name: /home/pablo/Documents/FING/Proyecto/datasets-csv/[6]noaa-spc-reports/hail/noaa_spc-hail.csv
-> size (bytes): 322,005
COMPRESSED FILE:
-> name: /home/pablo/Documents/FING/Proyecto/pc-tesis/dataset_parser/scripts/compress/output/[6]noaa-spc-reports/apca/noaa_spc-hail.c.cpp.csv
-> size (bytes): 93,431
-> 29.02% of original


RESULTS
--------------------------(same file!)
CoderAPCA
ORIGINAL FILE:
-> name: /home/pablo/Documents/FING/Proyecto/datasets-csv/[6]noaa-spc-reports/hail/noaa_spc-hail.csv
-> size (bytes): 322,005
COMPRESSED FILE:
-> name: /home/pablo/Documents/FING/Proyecto/pc-tesis/dataset_parser/scripts/compress/output/[6]noaa-spc-reports/apca/noaa_spc-hail.c.cpp.csv
-> size (bytes): 96,541
-> 29.98% of original


RESULTS
--------------------------(same file!)
CoderAPCA
ORIGINAL FILE:
-> name: /home/pablo/Documents/FING/Proyecto/datasets-csv/[6]noaa-spc-reports/hail/noaa_spc-hail.csv
-> size (bytes): 322,005
COMPRESSED FILE:
-> name: /home/pablo/Documents/FING/Proyecto/pc-tesis/dataset_parser/scripts/compress/output/[6]noaa-spc-reports/apca/noaa_spc-hail.c.cpp.csv
-> size (bytes): 76,160
-> 23.65% of original


RESULTS
--------------------------(same file!)
CoderAPCA
ORIGINAL FILE:
-> name: /home/pablo/Documents/FING/Proyecto/datasets-csv/[6]noaa-spc-reports/hail/noaa_spc-hail.csv
-> size (bytes): 322,005
COMPRESSED FILE:
-> name: /home/pablo/Documents/FING/Proyecto/pc-tesis/dataset_parser/scripts/compress/output/[6]noaa-spc-reports/apca/noaa_spc-hail.c.cpp.csv
-> size (bytes): 74,526
-> 23.14% of original


RESULTS
--------------------------(same file!)
CoderAPCA
ORIGINAL FILE:
-> name: /home/pablo/Documents/FING/Proyecto/datasets-csv/[6]noaa-spc-reports/hail/noaa_spc-hail.csv
-> size (bytes): 322,005
COMPRESSED FILE:
-> name: /home/pablo/Documents/FING/Proyecto/pc-tesis/dataset_parser/scripts/compress/output/[6]noaa-spc-reports/apca/noaa_spc-hail.c.cpp.csv
-> size (bytes): 75,550
-> 23.46% of original


RESULTS
--------------------------(same file!)
CoderAPCA
ORIGINAL FILE:
-> name: /home/pablo/Documents/FING/Proyecto/datasets-csv/[6]noaa-spc-reports/hail/noaa_spc-hail.csv
-> size (bytes): 322,005
COMPRESSED FILE:
-> name: /home/pablo/Documents/FING/Proyecto/pc-tesis/dataset_parser/scripts/compress/output/[6]noaa-spc-reports/apca/noaa_spc-hail.c.cpp.csv
-> size (bytes): 77,763
-> 24.15% of original


RESULTS
--------------------------(same file!)
CoderAPCA
ORIGINAL FILE:
-> name: /home/pablo/Documents/FING/Proyecto/datasets-csv/[6]noaa-spc-reports/hail/noaa_spc-hail.csv
-> size (bytes): 322,005
COMPRESSED FILE:
-> name: /home/pablo/Documents/FING/Proyecto/pc-tesis/dataset_parser/scripts/compress/output/[6]noaa-spc-reports/apca/noaa_spc-hail.c.cpp.csv
-> size (bytes): 80,135
-> 24.89% of original


RESULTS
--------------------------(same file!)
CoderAPCA
ORIGINAL FILE:
-> name: /home/pablo/Documents/FING/Proyecto/datasets-csv/[6]noaa-spc-reports/hail/noaa_spc-hail.csv
-> size (bytes): 322,005
COMPRESSED FILE:
-> name: /home/pablo/Documents/FING/Proyecto/pc-tesis/dataset_parser/scripts/compress/output/[6]noaa-spc-reports/apca/noaa_spc-hail.c.cpp.csv
-> size (bytes): 82,519
-> 25.63% of original


RESULTS
--------------------------(same file!)
CoderGAMPS
ORIGINAL FILE:
-> name: /home/pablo/Documents/FING/Proyecto/datasets-csv/[6]noaa-spc-reports/hail/noaa_spc-hail.csv
-> size (bytes): 322,005
COMPRESSED FILE:
-> name: /home/pablo/Documents/FING/Proyecto/pc-tesis/dataset_parser/scripts/compress/output/[6]noaa-spc-reports/gamps/noaa_spc-hail.c.cpp.csv
-> size (bytes): 119,748
-> 37.19% of original


RESULTS
--------------------------(same file!)
CoderGAMPS
ORIGINAL FILE:
-> name: /home/pablo/Documents/FING/Proyecto/datasets-csv/[6]noaa-spc-reports/hail/noaa_spc-hail.csv
-> size (bytes): 322,005
COMPRESSED FILE:
-> name: /home/pablo/Documents/FING/Proyecto/pc-tesis/dataset_parser/scripts/compress/output/[6]noaa-spc-reports/gamps/noaa_spc-hail.c.cpp.csv
-> size (bytes): 124,914
-> 38.79% of original


RESULTS
--------------------------(same file!)
CoderGAMPS
ORIGINAL FILE:
-> name: /home/pablo/Documents/FING/Proyecto/datasets-csv/[6]noaa-spc-reports/hail/noaa_spc-hail.csv
-> size (bytes): 322,005
COMPRESSED FILE:
-> name: /home/pablo/Documents/FING/Proyecto/pc-tesis/dataset_parser/scripts/compress/output/[6]noaa-spc-reports/gamps/noaa_spc-hail.c.cpp.csv
-> size (bytes): 130,448
-> 40.51% of original


RESULTS
--------------------------(same file!)
CoderGAMPS
ORIGINAL FILE:
-> name: /home/pablo/Documents/FING/Proyecto/datasets-csv/[6]noaa-spc-reports/hail/noaa_spc-hail.csv
-> size (bytes): 322,005
COMPRESSED FILE:
-> name: /home/pablo/Documents/FING/Proyecto/pc-tesis/dataset_parser/scripts/compress/output/[6]noaa-spc-reports/gamps/noaa_spc-hail.c.cpp.csv
-> size (bytes): 136,021
-> 42.24% of original


RESULTS
--------------------------(same file!)
CoderGAMPS
ORIGINAL FILE:
-> name: /home/pablo/Documents/FING/Proyecto/datasets-csv/[6]noaa-spc-reports/hail/noaa_spc-hail.csv
-> size (bytes): 322,005
COMPRESSED FILE:
-> name: /home/pablo/Documents/FING/Proyecto/pc-tesis/dataset_parser/scripts/compress/output/[6]noaa-spc-reports/gamps/noaa_spc-hail.c.cpp.csv
-> size (bytes): 141,597
-> 43.97% of original


RESULTS
--------------------------(same file!)
CoderGAMPS
ORIGINAL FILE:
-> name: /home/pablo/Documents/FING/Proyecto/datasets-csv/[6]noaa-spc-reports/hail/noaa_spc-hail.csv
-> size (bytes): 322,005
COMPRESSED FILE:
-> name: /home/pablo/Documents/FING/Proyecto/pc-tesis/dataset_parser/scripts/compress/output/[6]noaa-spc-reports/gamps/noaa_spc-hail.c.cpp.csv
-> size (bytes): 147,173
-> 45.71% of original


RESULTS
--------------------------(same file!)
CoderGAMPS
ORIGINAL FILE:
-> name: /home/pablo/Documents/FING/Proyecto/datasets-csv/[6]noaa-spc-reports/hail/noaa_spc-hail.csv
-> size (bytes): 322,005
COMPRESSED FILE:
-> name: /home/pablo/Documents/FING/Proyecto/pc-tesis/dataset_parser/scripts/compress/output/[6]noaa-spc-reports/gamps/noaa_spc-hail.c.cpp.csv
-> size (bytes): 115,277
-> 35.8% of original


RESULTS
--------------------------(same file!)
CoderGAMPS
ORIGINAL FILE:
-> name: /home/pablo/Documents/FING/Proyecto/datasets-csv/[6]noaa-spc-reports/hail/noaa_spc-hail.csv
-> size (bytes): 322,005
COMPRESSED FILE:
-> name: /home/pablo/Documents/FING/Proyecto/pc-tesis/dataset_parser/scripts/compress/output/[6]noaa-spc-reports/gamps/noaa_spc-hail.c.cpp.csv
-> size (bytes): 120,150
-> 37.31% of original


RESULTS
--------------------------(same file!)
CoderGAMPS
ORIGINAL FILE:
-> name: /home/pablo/Documents/FING/Proyecto/datasets-csv/[6]noaa-spc-reports/hail/noaa_spc-hail.csv
-> size (bytes): 322,005
COMPRESSED FILE:
-> name: /home/pablo/Documents/FING/Proyecto/pc-tesis/dataset_parser/scripts/compress/output/[6]noaa-spc-reports/gamps/noaa_spc-hail.c.cpp.csv
-> size (bytes): 125,392
-> 38.94% of original


RESULTS
--------------------------(same file!)
CoderGAMPS
ORIGINAL FILE:
-> name: /home/pablo/Documents/FING/Proyecto/datasets-csv/[6]noaa-spc-reports/hail/noaa_spc-hail.csv
-> size (bytes): 322,005
COMPRESSED FILE:
-> name: /home/pablo/Documents/FING/Proyecto/pc-tesis/dataset_parser/scripts/compress/output/[6]noaa-spc-reports/gamps/noaa_spc-hail.c.cpp.csv
-> size (bytes): 130,676
-> 40.58% of original


RESULTS
--------------------------(same file!)
CoderGAMPS
ORIGINAL FILE:
-> name: /home/pablo/Documents/FING/Proyecto/datasets-csv/[6]noaa-spc-reports/hail/noaa_spc-hail.csv
-> size (bytes): 322,005
COMPRESSED FILE:
-> name: /home/pablo/Documents/FING/Proyecto/pc-tesis/dataset_parser/scripts/compress/output/[6]noaa-spc-reports/gamps/noaa_spc-hail.c.cpp.csv
-> size (bytes): 135,962
-> 42.22% of original


RESULTS
--------------------------(same file!)
CoderGAMPS
ORIGINAL FILE:
-> name: /home/pablo/Documents/FING/Proyecto/datasets-csv/[6]noaa-spc-reports/hail/noaa_spc-hail.csv
-> size (bytes): 322,005
COMPRESSED FILE:
-> name: /home/pablo/Documents/FING/Proyecto/pc-tesis/dataset_parser/scripts/compress/output/[6]noaa-spc-reports/gamps/noaa_spc-hail.c.cpp.csv
-> size (bytes): 141,248
-> 43.87% of original


RESULTS
--------------------------(same file!)
CoderGAMPS
ORIGINAL FILE:
-> name: /home/pablo/Documents/FING/Proyecto/datasets-csv/[6]noaa-spc-reports/hail/noaa_spc-hail.csv
-> size (bytes): 322,005
COMPRESSED FILE:
-> name: /home/pablo/Documents/FING/Proyecto/pc-tesis/dataset_parser/scripts/compress/output/[6]noaa-spc-reports/gamps/noaa_spc-hail.c.cpp.csv
-> size (bytes): 109,489
-> 34.0% of original


RESULTS
--------------------------(same file!)
CoderGAMPS
ORIGINAL FILE:
-> name: /home/pablo/Documents/FING/Proyecto/datasets-csv/[6]noaa-spc-reports/hail/noaa_spc-hail.csv
-> size (bytes): 322,005
COMPRESSED FILE:
-> name: /home/pablo/Documents/FING/Proyecto/pc-tesis/dataset_parser/scripts/compress/output/[6]noaa-spc-reports/gamps/noaa_spc-hail.c.cpp.csv
-> size (bytes): 113,953
-> 35.39% of original


RESULTS
--------------------------(same file!)
CoderGAMPS
ORIGINAL FILE:
-> name: /home/pablo/Documents/FING/Proyecto/datasets-csv/[6]noaa-spc-reports/hail/noaa_spc-hail.csv
-> size (bytes): 322,005
COMPRESSED FILE:
-> name: /home/pablo/Documents/FING/Proyecto/pc-tesis/dataset_parser/scripts/compress/output/[6]noaa-spc-reports/gamps/noaa_spc-hail.c.cpp.csv
-> size (bytes): 118,822
-> 36.9% of original


RESULTS
--------------------------(same file!)
CoderGAMPS
ORIGINAL FILE:
-> name: /home/pablo/Documents/FING/Proyecto/datasets-csv/[6]noaa-spc-reports/hail/noaa_spc-hail.csv
-> size (bytes): 322,005
COMPRESSED FILE:
-> name: /home/pablo/Documents/FING/Proyecto/pc-tesis/dataset_parser/scripts/compress/output/[6]noaa-spc-reports/gamps/noaa_spc-hail.c.cpp.csv
-> size (bytes): 123,733
-> 38.43% of original


RESULTS
--------------------------(same file!)
CoderGAMPS
ORIGINAL FILE:
-> name: /home/pablo/Documents/FING/Proyecto/datasets-csv/[6]noaa-spc-reports/hail/noaa_spc-hail.csv
-> size (bytes): 322,005
COMPRESSED FILE:
-> name: /home/pablo/Documents/FING/Proyecto/pc-tesis/dataset_parser/scripts/compress/output/[6]noaa-spc-reports/gamps/noaa_spc-hail.c.cpp.csv
-> size (bytes): 128,646
-> 39.95% of original


RESULTS
--------------------------(same file!)
CoderGAMPS
ORIGINAL FILE:
-> name: /home/pablo/Documents/FING/Proyecto/datasets-csv/[6]noaa-spc-reports/hail/noaa_spc-hail.csv
-> size (bytes): 322,005
COMPRESSED FILE:
-> name: /home/pablo/Documents/FING/Proyecto/pc-tesis/dataset_parser/scripts/compress/output/[6]noaa-spc-reports/gamps/noaa_spc-hail.c.cpp.csv
-> size (bytes): 133,559
-> 41.48% of original


RESULTS
--------------------------(same file!)
CoderGAMPS
ORIGINAL FILE:
-> name: /home/pablo/Documents/FING/Proyecto/datasets-csv/[6]noaa-spc-reports/hail/noaa_spc-hail.csv
-> size (bytes): 322,005
COMPRESSED FILE:
-> name: /home/pablo/Documents/FING/Proyecto/pc-tesis/dataset_parser/scripts/compress/output/[6]noaa-spc-reports/gamps/noaa_spc-hail.c.cpp.csv
-> size (bytes): 105,663
-> 32.81% of original


RESULTS
--------------------------(same file!)
CoderGAMPS
ORIGINAL FILE:
-> name: /home/pablo/Documents/FING/Proyecto/datasets-csv/[6]noaa-spc-reports/hail/noaa_spc-hail.csv
-> size (bytes): 322,005
COMPRESSED FILE:
-> name: /home/pablo/Documents/FING/Proyecto/pc-tesis/dataset_parser/scripts/compress/output/[6]noaa-spc-reports/gamps/noaa_spc-hail.c.cpp.csv
-> size (bytes): 109,788
-> 34.1% of original


RESULTS
--------------------------(same file!)
CoderGAMPS
ORIGINAL FILE:
-> name: /home/pablo/Documents/FING/Proyecto/datasets-csv/[6]noaa-spc-reports/hail/noaa_spc-hail.csv
-> size (bytes): 322,005
COMPRESSED FILE:
-> name: /home/pablo/Documents/FING/Proyecto/pc-tesis/dataset_parser/scripts/compress/output/[6]noaa-spc-reports/gamps/noaa_spc-hail.c.cpp.csv
-> size (bytes): 114,405
-> 35.53% of original


RESULTS
--------------------------(same file!)
CoderGAMPS
ORIGINAL FILE:
-> name: /home/pablo/Documents/FING/Proyecto/datasets-csv/[6]noaa-spc-reports/hail/noaa_spc-hail.csv
-> size (bytes): 322,005
COMPRESSED FILE:
-> name: /home/pablo/Documents/FING/Proyecto/pc-tesis/dataset_parser/scripts/compress/output/[6]noaa-spc-reports/gamps/noaa_spc-hail.c.cpp.csv
-> size (bytes): 119,063
-> 36.98% of original


RESULTS
--------------------------(same file!)
CoderGAMPS
ORIGINAL FILE:
-> name: /home/pablo/Documents/FING/Proyecto/datasets-csv/[6]noaa-spc-reports/hail/noaa_spc-hail.csv
-> size (bytes): 322,005
COMPRESSED FILE:
-> name: /home/pablo/Documents/FING/Proyecto/pc-tesis/dataset_parser/scripts/compress/output/[6]noaa-spc-reports/gamps/noaa_spc-hail.c.cpp.csv
-> size (bytes): 123,724
-> 38.42% of original


RESULTS
--------------------------(same file!)
CoderGAMPS
ORIGINAL FILE:
-> name: /home/pablo/Documents/FING/Proyecto/datasets-csv/[6]noaa-spc-reports/hail/noaa_spc-hail.csv
-> size (bytes): 322,005
COMPRESSED FILE:
-> name: /home/pablo/Documents/FING/Proyecto/pc-tesis/dataset_parser/scripts/compress/output/[6]noaa-spc-reports/gamps/noaa_spc-hail.c.cpp.csv
-> size (bytes): 128,385
-> 39.87% of original


RESULTS
--------------------------(same file!)
CoderGAMPS
ORIGINAL FILE:
-> name: /home/pablo/Documents/FING/Proyecto/datasets-csv/[6]noaa-spc-reports/hail/noaa_spc-hail.csv
-> size (bytes): 322,005
COMPRESSED FILE:
-> name: /home/pablo/Documents/FING/Proyecto/pc-tesis/dataset_parser/scripts/compress/output/[6]noaa-spc-reports/gamps/noaa_spc-hail.c.cpp.csv
-> size (bytes): 99,617
-> 30.94% of original


RESULTS
--------------------------(same file!)
CoderGAMPS
ORIGINAL FILE:
-> name: /home/pablo/Documents/FING/Proyecto/datasets-csv/[6]noaa-spc-reports/hail/noaa_spc-hail.csv
-> size (bytes): 322,005
COMPRESSED FILE:
-> name: /home/pablo/Documents/FING/Proyecto/pc-tesis/dataset_parser/scripts/compress/output/[6]noaa-spc-reports/gamps/noaa_spc-hail.c.cpp.csv
-> size (bytes): 103,005
-> 31.99% of original


RESULTS
--------------------------(same file!)
CoderGAMPS
ORIGINAL FILE:
-> name: /home/pablo/Documents/FING/Proyecto/datasets-csv/[6]noaa-spc-reports/hail/noaa_spc-hail.csv
-> size (bytes): 322,005
COMPRESSED FILE:
-> name: /home/pablo/Documents/FING/Proyecto/pc-tesis/dataset_parser/scripts/compress/output/[6]noaa-spc-reports/gamps/noaa_spc-hail.c.cpp.csv
-> size (bytes): 107,190
-> 33.29% of original


RESULTS
--------------------------(same file!)
CoderGAMPS
ORIGINAL FILE:
-> name: /home/pablo/Documents/FING/Proyecto/datasets-csv/[6]noaa-spc-reports/hail/noaa_spc-hail.csv
-> size (bytes): 322,005
COMPRESSED FILE:
-> name: /home/pablo/Documents/FING/Proyecto/pc-tesis/dataset_parser/scripts/compress/output/[6]noaa-spc-reports/gamps/noaa_spc-hail.c.cpp.csv
-> size (bytes): 111,437
-> 34.61% of original


RESULTS
--------------------------(same file!)
CoderGAMPS
ORIGINAL FILE:
-> name: /home/pablo/Documents/FING/Proyecto/datasets-csv/[6]noaa-spc-reports/hail/noaa_spc-hail.csv
-> size (bytes): 322,005
COMPRESSED FILE:
-> name: /home/pablo/Documents/FING/Proyecto/pc-tesis/dataset_parser/scripts/compress/output/[6]noaa-spc-reports/gamps/noaa_spc-hail.c.cpp.csv
-> size (bytes): 115,687
-> 35.93% of original


RESULTS
--------------------------(same file!)
CoderGAMPS
ORIGINAL FILE:
-> name: /home/pablo/Documents/FING/Proyecto/datasets-csv/[6]noaa-spc-reports/hail/noaa_spc-hail.csv
-> size (bytes): 322,005
COMPRESSED FILE:
-> name: /home/pablo/Documents/FING/Proyecto/pc-tesis/dataset_parser/scripts/compress/output/[6]noaa-spc-reports/gamps/noaa_spc-hail.c.cpp.csv
-> size (bytes): 119,936
-> 37.25% of original


RESULTS
--------------------------(same file!)
CoderGAMPS
ORIGINAL FILE:
-> name: /home/pablo/Documents/FING/Proyecto/datasets-csv/[6]noaa-spc-reports/hail/noaa_spc-hail.csv
-> size (bytes): 322,005
COMPRESSED FILE:
-> name: /home/pablo/Documents/FING/Proyecto/pc-tesis/dataset_parser/scripts/compress/output/[6]noaa-spc-reports/gamps/noaa_spc-hail.c.cpp.csv
-> size (bytes): 95,454
-> 29.64% of original


RESULTS
--------------------------(same file!)
CoderGAMPS
ORIGINAL FILE:
-> name: /home/pablo/Documents/FING/Proyecto/datasets-csv/[6]noaa-spc-reports/hail/noaa_spc-hail.csv
-> size (bytes): 322,005
COMPRESSED FILE:
-> name: /home/pablo/Documents/FING/Proyecto/pc-tesis/dataset_parser/scripts/compress/output/[6]noaa-spc-reports/gamps/noaa_spc-hail.c.cpp.csv
-> size (bytes): 98,220
-> 30.5% of original


RESULTS
--------------------------(same file!)
CoderGAMPS
ORIGINAL FILE:
-> name: /home/pablo/Documents/FING/Proyecto/datasets-csv/[6]noaa-spc-reports/hail/noaa_spc-hail.csv
-> size (bytes): 322,005
COMPRESSED FILE:
-> name: /home/pablo/Documents/FING/Proyecto/pc-tesis/dataset_parser/scripts/compress/output/[6]noaa-spc-reports/gamps/noaa_spc-hail.c.cpp.csv
-> size (bytes): 102,023
-> 31.68% of original


RESULTS
--------------------------(same file!)
CoderGAMPS
ORIGINAL FILE:
-> name: /home/pablo/Documents/FING/Proyecto/datasets-csv/[6]noaa-spc-reports/hail/noaa_spc-hail.csv
-> size (bytes): 322,005
COMPRESSED FILE:
-> name: /home/pablo/Documents/FING/Proyecto/pc-tesis/dataset_parser/scripts/compress/output/[6]noaa-spc-reports/gamps/noaa_spc-hail.c.cpp.csv
-> size (bytes): 105,974
-> 32.91% of original


RESULTS
--------------------------(same file!)
CoderGAMPS
ORIGINAL FILE:
-> name: /home/pablo/Documents/FING/Proyecto/datasets-csv/[6]noaa-spc-reports/hail/noaa_spc-hail.csv
-> size (bytes): 322,005
COMPRESSED FILE:
-> name: /home/pablo/Documents/FING/Proyecto/pc-tesis/dataset_parser/scripts/compress/output/[6]noaa-spc-reports/gamps/noaa_spc-hail.c.cpp.csv
-> size (bytes): 109,928
-> 34.14% of original


RESULTS
--------------------------(same file!)
CoderGAMPS
ORIGINAL FILE:
-> name: /home/pablo/Documents/FING/Proyecto/datasets-csv/[6]noaa-spc-reports/hail/noaa_spc-hail.csv
-> size (bytes): 322,005
COMPRESSED FILE:
-> name: /home/pablo/Documents/FING/Proyecto/pc-tesis/dataset_parser/scripts/compress/output/[6]noaa-spc-reports/gamps/noaa_spc-hail.c.cpp.csv
-> size (bytes): 113,883
-> 35.37% of original


RESULTS
--------------------------(same file!)
CoderGAMPS
ORIGINAL FILE:
-> name: /home/pablo/Documents/FING/Proyecto/datasets-csv/[6]noaa-spc-reports/hail/noaa_spc-hail.csv
-> size (bytes): 322,005
COMPRESSED FILE:
-> name: /home/pablo/Documents/FING/Proyecto/pc-tesis/dataset_parser/scripts/compress/output/[6]noaa-spc-reports/gamps/noaa_spc-hail.c.cpp.csv
-> size (bytes): 92,411
-> 28.7% of original


RESULTS
--------------------------(same file!)
CoderGAMPS
ORIGINAL FILE:
-> name: /home/pablo/Documents/FING/Proyecto/datasets-csv/[6]noaa-spc-reports/hail/noaa_spc-hail.csv
-> size (bytes): 322,005
COMPRESSED FILE:
-> name: /home/pablo/Documents/FING/Proyecto/pc-tesis/dataset_parser/scripts/compress/output/[6]noaa-spc-reports/gamps/noaa_spc-hail.c.cpp.csv
-> size (bytes): 94,500
-> 29.35% of original


RESULTS
--------------------------(same file!)
CoderGAMPS
ORIGINAL FILE:
-> name: /home/pablo/Documents/FING/Proyecto/datasets-csv/[6]noaa-spc-reports/hail/noaa_spc-hail.csv
-> size (bytes): 322,005
COMPRESSED FILE:
-> name: /home/pablo/Documents/FING/Proyecto/pc-tesis/dataset_parser/scripts/compress/output/[6]noaa-spc-reports/gamps/noaa_spc-hail.c.cpp.csv
-> size (bytes): 97,974
-> 30.43% of original


RESULTS
--------------------------(same file!)
CoderGAMPS
ORIGINAL FILE:
-> name: /home/pablo/Documents/FING/Proyecto/datasets-csv/[6]noaa-spc-reports/hail/noaa_spc-hail.csv
-> size (bytes): 322,005
COMPRESSED FILE:
-> name: /home/pablo/Documents/FING/Proyecto/pc-tesis/dataset_parser/scripts/compress/output/[6]noaa-spc-reports/gamps/noaa_spc-hail.c.cpp.csv
-> size (bytes): 101,694
-> 31.58% of original


RESULTS
--------------------------(same file!)
CoderGAMPS
ORIGINAL FILE:
-> name: /home/pablo/Documents/FING/Proyecto/datasets-csv/[6]noaa-spc-reports/hail/noaa_spc-hail.csv
-> size (bytes): 322,005
COMPRESSED FILE:
-> name: /home/pablo/Documents/FING/Proyecto/pc-tesis/dataset_parser/scripts/compress/output/[6]noaa-spc-reports/gamps/noaa_spc-hail.c.cpp.csv
-> size (bytes): 105,417
-> 32.74% of original


RESULTS
--------------------------(same file!)
CoderGAMPS
ORIGINAL FILE:
-> name: /home/pablo/Documents/FING/Proyecto/datasets-csv/[6]noaa-spc-reports/hail/noaa_spc-hail.csv
-> size (bytes): 322,005
COMPRESSED FILE:
-> name: /home/pablo/Documents/FING/Proyecto/pc-tesis/dataset_parser/scripts/compress/output/[6]noaa-spc-reports/gamps/noaa_spc-hail.c.cpp.csv
-> size (bytes): 109,141
-> 33.89% of original


RESULTS
--------------------------(same file!)
CoderGAMPS
ORIGINAL FILE:
-> name: /home/pablo/Documents/FING/Proyecto/datasets-csv/[6]noaa-spc-reports/hail/noaa_spc-hail.csv
-> size (bytes): 322,005
COMPRESSED FILE:
-> name: /home/pablo/Documents/FING/Proyecto/pc-tesis/dataset_parser/scripts/compress/output/[6]noaa-spc-reports/gamps/noaa_spc-hail.c.cpp.csv
-> size (bytes): 87,884
-> 27.29% of original


RESULTS
--------------------------(same file!)
CoderGAMPS
ORIGINAL FILE:
-> name: /home/pablo/Documents/FING/Proyecto/datasets-csv/[6]noaa-spc-reports/hail/noaa_spc-hail.csv
-> size (bytes): 322,005
COMPRESSED FILE:
-> name: /home/pablo/Documents/FING/Proyecto/pc-tesis/dataset_parser/scripts/compress/output/[6]noaa-spc-reports/gamps/noaa_spc-hail.c.cpp.csv
-> size (bytes): 88,922
-> 27.62% of original


RESULTS
--------------------------(same file!)
CoderGAMPS
ORIGINAL FILE:
-> name: /home/pablo/Documents/FING/Proyecto/datasets-csv/[6]noaa-spc-reports/hail/noaa_spc-hail.csv
-> size (bytes): 322,005
COMPRESSED FILE:
-> name: /home/pablo/Documents/FING/Proyecto/pc-tesis/dataset_parser/scripts/compress/output/[6]noaa-spc-reports/gamps/noaa_spc-hail.c.cpp.csv
-> size (bytes): 91,791
-> 28.51% of original


RESULTS
--------------------------(same file!)
CoderGAMPS
ORIGINAL FILE:
-> name: /home/pablo/Documents/FING/Proyecto/datasets-csv/[6]noaa-spc-reports/hail/noaa_spc-hail.csv
-> size (bytes): 322,005
COMPRESSED FILE:
-> name: /home/pablo/Documents/FING/Proyecto/pc-tesis/dataset_parser/scripts/compress/output/[6]noaa-spc-reports/gamps/noaa_spc-hail.c.cpp.csv
-> size (bytes): 95,139
-> 29.55% of original


RESULTS
--------------------------(same file!)
CoderGAMPS
ORIGINAL FILE:
-> name: /home/pablo/Documents/FING/Proyecto/datasets-csv/[6]noaa-spc-reports/hail/noaa_spc-hail.csv
-> size (bytes): 322,005
COMPRESSED FILE:
-> name: /home/pablo/Documents/FING/Proyecto/pc-tesis/dataset_parser/scripts/compress/output/[6]noaa-spc-reports/gamps/noaa_spc-hail.c.cpp.csv
-> size (bytes): 98,506
-> 30.59% of original


RESULTS
--------------------------(same file!)
CoderGAMPS
ORIGINAL FILE:
-> name: /home/pablo/Documents/FING/Proyecto/datasets-csv/[6]noaa-spc-reports/hail/noaa_spc-hail.csv
-> size (bytes): 322,005
COMPRESSED FILE:
-> name: /home/pablo/Documents/FING/Proyecto/pc-tesis/dataset_parser/scripts/compress/output/[6]noaa-spc-reports/gamps/noaa_spc-hail.c.cpp.csv
-> size (bytes): 101,876
-> 31.64% of original

