
RESULTS
--------------------------(same file!)
CoderBasic
ORIGINAL FILE:
-> name: /Users/pablocerve/Documents/FING/Proyecto/datasets-csv/[6]noaa-spc-reports/hail/noaa_spc-hail.csv
-> size (bytes): 322,005
COMPRESSED FILE:
-> name: /Users/pablocerve/Documents/FING/Proyecto/pc-tesis/dataset_parser/scripts/compress/output/[6]noaa-spc-reports/basic/noaa_spc-hail.c.cpp.csv
-> size (bytes): 110,920
-> 34.45% of original


RESULTS
--------------------------(same file!)
CoderPWLH
ORIGINAL FILE:
-> name: /Users/pablocerve/Documents/FING/Proyecto/datasets-csv/[6]noaa-spc-reports/hail/noaa_spc-hail.csv
-> size (bytes): 322,005
COMPRESSED FILE:
-> name: /Users/pablocerve/Documents/FING/Proyecto/pc-tesis/dataset_parser/scripts/compress/output/[6]noaa-spc-reports/pwlh/noaa_spc-hail.c.cpp.csv
-> size (bytes): 243,102
-> 75.5% of original


RESULTS
--------------------------(same file!)
CoderPWLH
ORIGINAL FILE:
-> name: /Users/pablocerve/Documents/FING/Proyecto/datasets-csv/[6]noaa-spc-reports/hail/noaa_spc-hail.csv
-> size (bytes): 322,005
COMPRESSED FILE:
-> name: /Users/pablocerve/Documents/FING/Proyecto/pc-tesis/dataset_parser/scripts/compress/output/[6]noaa-spc-reports/pwlh/noaa_spc-hail.c.cpp.csv
-> size (bytes): 245,145
-> 76.13% of original


RESULTS
--------------------------(same file!)
CoderPWLH
ORIGINAL FILE:
-> name: /Users/pablocerve/Documents/FING/Proyecto/datasets-csv/[6]noaa-spc-reports/hail/noaa_spc-hail.csv
-> size (bytes): 322,005
COMPRESSED FILE:
-> name: /Users/pablocerve/Documents/FING/Proyecto/pc-tesis/dataset_parser/scripts/compress/output/[6]noaa-spc-reports/pwlh/noaa_spc-hail.c.cpp.csv
-> size (bytes): 248,254
-> 77.1% of original


RESULTS
--------------------------(same file!)
CoderPWLH
ORIGINAL FILE:
-> name: /Users/pablocerve/Documents/FING/Proyecto/datasets-csv/[6]noaa-spc-reports/hail/noaa_spc-hail.csv
-> size (bytes): 322,005
COMPRESSED FILE:
-> name: /Users/pablocerve/Documents/FING/Proyecto/pc-tesis/dataset_parser/scripts/compress/output/[6]noaa-spc-reports/pwlh/noaa_spc-hail.c.cpp.csv
-> size (bytes): 251,441
-> 78.09% of original


RESULTS
--------------------------(same file!)
CoderPWLH
ORIGINAL FILE:
-> name: /Users/pablocerve/Documents/FING/Proyecto/datasets-csv/[6]noaa-spc-reports/hail/noaa_spc-hail.csv
-> size (bytes): 322,005
COMPRESSED FILE:
-> name: /Users/pablocerve/Documents/FING/Proyecto/pc-tesis/dataset_parser/scripts/compress/output/[6]noaa-spc-reports/pwlh/noaa_spc-hail.c.cpp.csv
-> size (bytes): 254,627
-> 79.08% of original


RESULTS
--------------------------(same file!)
CoderPWLH
ORIGINAL FILE:
-> name: /Users/pablocerve/Documents/FING/Proyecto/datasets-csv/[6]noaa-spc-reports/hail/noaa_spc-hail.csv
-> size (bytes): 322,005
COMPRESSED FILE:
-> name: /Users/pablocerve/Documents/FING/Proyecto/pc-tesis/dataset_parser/scripts/compress/output/[6]noaa-spc-reports/pwlh/noaa_spc-hail.c.cpp.csv
-> size (bytes): 257,814
-> 80.07% of original


RESULTS
--------------------------(same file!)
CoderPWLH
ORIGINAL FILE:
-> name: /Users/pablocerve/Documents/FING/Proyecto/datasets-csv/[6]noaa-spc-reports/hail/noaa_spc-hail.csv
-> size (bytes): 322,005
COMPRESSED FILE:
-> name: /Users/pablocerve/Documents/FING/Proyecto/pc-tesis/dataset_parser/scripts/compress/output/[6]noaa-spc-reports/pwlh/noaa_spc-hail.c.cpp.csv
-> size (bytes): 235,563
-> 73.16% of original


RESULTS
--------------------------(same file!)
CoderPWLH
ORIGINAL FILE:
-> name: /Users/pablocerve/Documents/FING/Proyecto/datasets-csv/[6]noaa-spc-reports/hail/noaa_spc-hail.csv
-> size (bytes): 322,005
COMPRESSED FILE:
-> name: /Users/pablocerve/Documents/FING/Proyecto/pc-tesis/dataset_parser/scripts/compress/output/[6]noaa-spc-reports/pwlh/noaa_spc-hail.c.cpp.csv
-> size (bytes): 237,363
-> 73.71% of original


RESULTS
--------------------------(same file!)
CoderPWLH
ORIGINAL FILE:
-> name: /Users/pablocerve/Documents/FING/Proyecto/datasets-csv/[6]noaa-spc-reports/hail/noaa_spc-hail.csv
-> size (bytes): 322,005
COMPRESSED FILE:
-> name: /Users/pablocerve/Documents/FING/Proyecto/pc-tesis/dataset_parser/scripts/compress/output/[6]noaa-spc-reports/pwlh/noaa_spc-hail.c.cpp.csv
-> size (bytes): 240,352
-> 74.64% of original


RESULTS
--------------------------(same file!)
CoderPWLH
ORIGINAL FILE:
-> name: /Users/pablocerve/Documents/FING/Proyecto/datasets-csv/[6]noaa-spc-reports/hail/noaa_spc-hail.csv
-> size (bytes): 322,005
COMPRESSED FILE:
-> name: /Users/pablocerve/Documents/FING/Proyecto/pc-tesis/dataset_parser/scripts/compress/output/[6]noaa-spc-reports/pwlh/noaa_spc-hail.c.cpp.csv
-> size (bytes): 243,422
-> 75.6% of original


RESULTS
--------------------------(same file!)
CoderPWLH
ORIGINAL FILE:
-> name: /Users/pablocerve/Documents/FING/Proyecto/datasets-csv/[6]noaa-spc-reports/hail/noaa_spc-hail.csv
-> size (bytes): 322,005
COMPRESSED FILE:
-> name: /Users/pablocerve/Documents/FING/Proyecto/pc-tesis/dataset_parser/scripts/compress/output/[6]noaa-spc-reports/pwlh/noaa_spc-hail.c.cpp.csv
-> size (bytes): 246,492
-> 76.55% of original


RESULTS
--------------------------(same file!)
CoderPWLH
ORIGINAL FILE:
-> name: /Users/pablocerve/Documents/FING/Proyecto/datasets-csv/[6]noaa-spc-reports/hail/noaa_spc-hail.csv
-> size (bytes): 322,005
COMPRESSED FILE:
-> name: /Users/pablocerve/Documents/FING/Proyecto/pc-tesis/dataset_parser/scripts/compress/output/[6]noaa-spc-reports/pwlh/noaa_spc-hail.c.cpp.csv
-> size (bytes): 249,562
-> 77.5% of original


RESULTS
--------------------------(same file!)
CoderPWLH
ORIGINAL FILE:
-> name: /Users/pablocerve/Documents/FING/Proyecto/datasets-csv/[6]noaa-spc-reports/hail/noaa_spc-hail.csv
-> size (bytes): 322,005
COMPRESSED FILE:
-> name: /Users/pablocerve/Documents/FING/Proyecto/pc-tesis/dataset_parser/scripts/compress/output/[6]noaa-spc-reports/pwlh/noaa_spc-hail.c.cpp.csv
-> size (bytes): 226,375
-> 70.3% of original


RESULTS
--------------------------(same file!)
CoderPWLH
ORIGINAL FILE:
-> name: /Users/pablocerve/Documents/FING/Proyecto/datasets-csv/[6]noaa-spc-reports/hail/noaa_spc-hail.csv
-> size (bytes): 322,005
COMPRESSED FILE:
-> name: /Users/pablocerve/Documents/FING/Proyecto/pc-tesis/dataset_parser/scripts/compress/output/[6]noaa-spc-reports/pwlh/noaa_spc-hail.c.cpp.csv
-> size (bytes): 227,072
-> 70.52% of original


RESULTS
--------------------------(same file!)
CoderPWLH
ORIGINAL FILE:
-> name: /Users/pablocerve/Documents/FING/Proyecto/datasets-csv/[6]noaa-spc-reports/hail/noaa_spc-hail.csv
-> size (bytes): 322,005
COMPRESSED FILE:
-> name: /Users/pablocerve/Documents/FING/Proyecto/pc-tesis/dataset_parser/scripts/compress/output/[6]noaa-spc-reports/pwlh/noaa_spc-hail.c.cpp.csv
-> size (bytes): 229,866
-> 71.39% of original


RESULTS
--------------------------(same file!)
CoderPWLH
ORIGINAL FILE:
-> name: /Users/pablocerve/Documents/FING/Proyecto/datasets-csv/[6]noaa-spc-reports/hail/noaa_spc-hail.csv
-> size (bytes): 322,005
COMPRESSED FILE:
-> name: /Users/pablocerve/Documents/FING/Proyecto/pc-tesis/dataset_parser/scripts/compress/output/[6]noaa-spc-reports/pwlh/noaa_spc-hail.c.cpp.csv
-> size (bytes): 232,780
-> 72.29% of original


RESULTS
--------------------------(same file!)
CoderPWLH
ORIGINAL FILE:
-> name: /Users/pablocerve/Documents/FING/Proyecto/datasets-csv/[6]noaa-spc-reports/hail/noaa_spc-hail.csv
-> size (bytes): 322,005
COMPRESSED FILE:
-> name: /Users/pablocerve/Documents/FING/Proyecto/pc-tesis/dataset_parser/scripts/compress/output/[6]noaa-spc-reports/pwlh/noaa_spc-hail.c.cpp.csv
-> size (bytes): 235,693
-> 73.2% of original


RESULTS
--------------------------(same file!)
CoderPWLH
ORIGINAL FILE:
-> name: /Users/pablocerve/Documents/FING/Proyecto/datasets-csv/[6]noaa-spc-reports/hail/noaa_spc-hail.csv
-> size (bytes): 322,005
COMPRESSED FILE:
-> name: /Users/pablocerve/Documents/FING/Proyecto/pc-tesis/dataset_parser/scripts/compress/output/[6]noaa-spc-reports/pwlh/noaa_spc-hail.c.cpp.csv
-> size (bytes): 238,607
-> 74.1% of original


RESULTS
--------------------------(same file!)
CoderPWLH
ORIGINAL FILE:
-> name: /Users/pablocerve/Documents/FING/Proyecto/datasets-csv/[6]noaa-spc-reports/hail/noaa_spc-hail.csv
-> size (bytes): 322,005
COMPRESSED FILE:
-> name: /Users/pablocerve/Documents/FING/Proyecto/pc-tesis/dataset_parser/scripts/compress/output/[6]noaa-spc-reports/pwlh/noaa_spc-hail.c.cpp.csv
-> size (bytes): 219,377
-> 68.13% of original


RESULTS
--------------------------(same file!)
CoderPWLH
ORIGINAL FILE:
-> name: /Users/pablocerve/Documents/FING/Proyecto/datasets-csv/[6]noaa-spc-reports/hail/noaa_spc-hail.csv
-> size (bytes): 322,005
COMPRESSED FILE:
-> name: /Users/pablocerve/Documents/FING/Proyecto/pc-tesis/dataset_parser/scripts/compress/output/[6]noaa-spc-reports/pwlh/noaa_spc-hail.c.cpp.csv
-> size (bytes): 218,893
-> 67.98% of original


RESULTS
--------------------------(same file!)
CoderPWLH
ORIGINAL FILE:
-> name: /Users/pablocerve/Documents/FING/Proyecto/datasets-csv/[6]noaa-spc-reports/hail/noaa_spc-hail.csv
-> size (bytes): 322,005
COMPRESSED FILE:
-> name: /Users/pablocerve/Documents/FING/Proyecto/pc-tesis/dataset_parser/scripts/compress/output/[6]noaa-spc-reports/pwlh/noaa_spc-hail.c.cpp.csv
-> size (bytes): 221,395
-> 68.76% of original


RESULTS
--------------------------(same file!)
CoderPWLH
ORIGINAL FILE:
-> name: /Users/pablocerve/Documents/FING/Proyecto/datasets-csv/[6]noaa-spc-reports/hail/noaa_spc-hail.csv
-> size (bytes): 322,005
COMPRESSED FILE:
-> name: /Users/pablocerve/Documents/FING/Proyecto/pc-tesis/dataset_parser/scripts/compress/output/[6]noaa-spc-reports/pwlh/noaa_spc-hail.c.cpp.csv
-> size (bytes): 224,182
-> 69.62% of original


RESULTS
--------------------------(same file!)
CoderPWLH
ORIGINAL FILE:
-> name: /Users/pablocerve/Documents/FING/Proyecto/datasets-csv/[6]noaa-spc-reports/hail/noaa_spc-hail.csv
-> size (bytes): 322,005
COMPRESSED FILE:
-> name: /Users/pablocerve/Documents/FING/Proyecto/pc-tesis/dataset_parser/scripts/compress/output/[6]noaa-spc-reports/pwlh/noaa_spc-hail.c.cpp.csv
-> size (bytes): 226,969
-> 70.49% of original


RESULTS
--------------------------(same file!)
CoderPWLH
ORIGINAL FILE:
-> name: /Users/pablocerve/Documents/FING/Proyecto/datasets-csv/[6]noaa-spc-reports/hail/noaa_spc-hail.csv
-> size (bytes): 322,005
COMPRESSED FILE:
-> name: /Users/pablocerve/Documents/FING/Proyecto/pc-tesis/dataset_parser/scripts/compress/output/[6]noaa-spc-reports/pwlh/noaa_spc-hail.c.cpp.csv
-> size (bytes): 229,757
-> 71.35% of original


RESULTS
--------------------------(same file!)
CoderPWLH
ORIGINAL FILE:
-> name: /Users/pablocerve/Documents/FING/Proyecto/datasets-csv/[6]noaa-spc-reports/hail/noaa_spc-hail.csv
-> size (bytes): 322,005
COMPRESSED FILE:
-> name: /Users/pablocerve/Documents/FING/Proyecto/pc-tesis/dataset_parser/scripts/compress/output/[6]noaa-spc-reports/pwlh/noaa_spc-hail.c.cpp.csv
-> size (bytes): 207,109
-> 64.32% of original


RESULTS
--------------------------(same file!)
CoderPWLH
ORIGINAL FILE:
-> name: /Users/pablocerve/Documents/FING/Proyecto/datasets-csv/[6]noaa-spc-reports/hail/noaa_spc-hail.csv
-> size (bytes): 322,005
COMPRESSED FILE:
-> name: /Users/pablocerve/Documents/FING/Proyecto/pc-tesis/dataset_parser/scripts/compress/output/[6]noaa-spc-reports/pwlh/noaa_spc-hail.c.cpp.csv
-> size (bytes): 203,707
-> 63.26% of original


RESULTS
--------------------------(same file!)
CoderPWLH
ORIGINAL FILE:
-> name: /Users/pablocerve/Documents/FING/Proyecto/datasets-csv/[6]noaa-spc-reports/hail/noaa_spc-hail.csv
-> size (bytes): 322,005
COMPRESSED FILE:
-> name: /Users/pablocerve/Documents/FING/Proyecto/pc-tesis/dataset_parser/scripts/compress/output/[6]noaa-spc-reports/pwlh/noaa_spc-hail.c.cpp.csv
-> size (bytes): 205,410
-> 63.79% of original


RESULTS
--------------------------(same file!)
CoderPWLH
ORIGINAL FILE:
-> name: /Users/pablocerve/Documents/FING/Proyecto/datasets-csv/[6]noaa-spc-reports/hail/noaa_spc-hail.csv
-> size (bytes): 322,005
COMPRESSED FILE:
-> name: /Users/pablocerve/Documents/FING/Proyecto/pc-tesis/dataset_parser/scripts/compress/output/[6]noaa-spc-reports/pwlh/noaa_spc-hail.c.cpp.csv
-> size (bytes): 207,952
-> 64.58% of original


RESULTS
--------------------------(same file!)
CoderPWLH
ORIGINAL FILE:
-> name: /Users/pablocerve/Documents/FING/Proyecto/datasets-csv/[6]noaa-spc-reports/hail/noaa_spc-hail.csv
-> size (bytes): 322,005
COMPRESSED FILE:
-> name: /Users/pablocerve/Documents/FING/Proyecto/pc-tesis/dataset_parser/scripts/compress/output/[6]noaa-spc-reports/pwlh/noaa_spc-hail.c.cpp.csv
-> size (bytes): 210,498
-> 65.37% of original


RESULTS
--------------------------(same file!)
CoderPWLH
ORIGINAL FILE:
-> name: /Users/pablocerve/Documents/FING/Proyecto/datasets-csv/[6]noaa-spc-reports/hail/noaa_spc-hail.csv
-> size (bytes): 322,005
COMPRESSED FILE:
-> name: /Users/pablocerve/Documents/FING/Proyecto/pc-tesis/dataset_parser/scripts/compress/output/[6]noaa-spc-reports/pwlh/noaa_spc-hail.c.cpp.csv
-> size (bytes): 213,045
-> 66.16% of original


RESULTS
--------------------------(same file!)
CoderPWLH
ORIGINAL FILE:
-> name: /Users/pablocerve/Documents/FING/Proyecto/datasets-csv/[6]noaa-spc-reports/hail/noaa_spc-hail.csv
-> size (bytes): 322,005
COMPRESSED FILE:
-> name: /Users/pablocerve/Documents/FING/Proyecto/pc-tesis/dataset_parser/scripts/compress/output/[6]noaa-spc-reports/pwlh/noaa_spc-hail.c.cpp.csv
-> size (bytes): 197,772
-> 61.42% of original


RESULTS
--------------------------(same file!)
CoderPWLH
ORIGINAL FILE:
-> name: /Users/pablocerve/Documents/FING/Proyecto/datasets-csv/[6]noaa-spc-reports/hail/noaa_spc-hail.csv
-> size (bytes): 322,005
COMPRESSED FILE:
-> name: /Users/pablocerve/Documents/FING/Proyecto/pc-tesis/dataset_parser/scripts/compress/output/[6]noaa-spc-reports/pwlh/noaa_spc-hail.c.cpp.csv
-> size (bytes): 192,083
-> 59.65% of original


RESULTS
--------------------------(same file!)
CoderPWLH
ORIGINAL FILE:
-> name: /Users/pablocerve/Documents/FING/Proyecto/datasets-csv/[6]noaa-spc-reports/hail/noaa_spc-hail.csv
-> size (bytes): 322,005
COMPRESSED FILE:
-> name: /Users/pablocerve/Documents/FING/Proyecto/pc-tesis/dataset_parser/scripts/compress/output/[6]noaa-spc-reports/pwlh/noaa_spc-hail.c.cpp.csv
-> size (bytes): 192,963
-> 59.93% of original


RESULTS
--------------------------(same file!)
CoderPWLH
ORIGINAL FILE:
-> name: /Users/pablocerve/Documents/FING/Proyecto/datasets-csv/[6]noaa-spc-reports/hail/noaa_spc-hail.csv
-> size (bytes): 322,005
COMPRESSED FILE:
-> name: /Users/pablocerve/Documents/FING/Proyecto/pc-tesis/dataset_parser/scripts/compress/output/[6]noaa-spc-reports/pwlh/noaa_spc-hail.c.cpp.csv
-> size (bytes): 195,269
-> 60.64% of original


RESULTS
--------------------------(same file!)
CoderPWLH
ORIGINAL FILE:
-> name: /Users/pablocerve/Documents/FING/Proyecto/datasets-csv/[6]noaa-spc-reports/hail/noaa_spc-hail.csv
-> size (bytes): 322,005
COMPRESSED FILE:
-> name: /Users/pablocerve/Documents/FING/Proyecto/pc-tesis/dataset_parser/scripts/compress/output/[6]noaa-spc-reports/pwlh/noaa_spc-hail.c.cpp.csv
-> size (bytes): 197,627
-> 61.37% of original


RESULTS
--------------------------(same file!)
CoderPWLH
ORIGINAL FILE:
-> name: /Users/pablocerve/Documents/FING/Proyecto/datasets-csv/[6]noaa-spc-reports/hail/noaa_spc-hail.csv
-> size (bytes): 322,005
COMPRESSED FILE:
-> name: /Users/pablocerve/Documents/FING/Proyecto/pc-tesis/dataset_parser/scripts/compress/output/[6]noaa-spc-reports/pwlh/noaa_spc-hail.c.cpp.csv
-> size (bytes): 199,986
-> 62.11% of original


RESULTS
--------------------------(same file!)
CoderPWLH
ORIGINAL FILE:
-> name: /Users/pablocerve/Documents/FING/Proyecto/datasets-csv/[6]noaa-spc-reports/hail/noaa_spc-hail.csv
-> size (bytes): 322,005
COMPRESSED FILE:
-> name: /Users/pablocerve/Documents/FING/Proyecto/pc-tesis/dataset_parser/scripts/compress/output/[6]noaa-spc-reports/pwlh/noaa_spc-hail.c.cpp.csv
-> size (bytes): 190,881
-> 59.28% of original


RESULTS
--------------------------(same file!)
CoderPWLH
ORIGINAL FILE:
-> name: /Users/pablocerve/Documents/FING/Proyecto/datasets-csv/[6]noaa-spc-reports/hail/noaa_spc-hail.csv
-> size (bytes): 322,005
COMPRESSED FILE:
-> name: /Users/pablocerve/Documents/FING/Proyecto/pc-tesis/dataset_parser/scripts/compress/output/[6]noaa-spc-reports/pwlh/noaa_spc-hail.c.cpp.csv
-> size (bytes): 182,818
-> 56.77% of original


RESULTS
--------------------------(same file!)
CoderPWLH
ORIGINAL FILE:
-> name: /Users/pablocerve/Documents/FING/Proyecto/datasets-csv/[6]noaa-spc-reports/hail/noaa_spc-hail.csv
-> size (bytes): 322,005
COMPRESSED FILE:
-> name: /Users/pablocerve/Documents/FING/Proyecto/pc-tesis/dataset_parser/scripts/compress/output/[6]noaa-spc-reports/pwlh/noaa_spc-hail.c.cpp.csv
-> size (bytes): 182,780
-> 56.76% of original


RESULTS
--------------------------(same file!)
CoderPWLH
ORIGINAL FILE:
-> name: /Users/pablocerve/Documents/FING/Proyecto/datasets-csv/[6]noaa-spc-reports/hail/noaa_spc-hail.csv
-> size (bytes): 322,005
COMPRESSED FILE:
-> name: /Users/pablocerve/Documents/FING/Proyecto/pc-tesis/dataset_parser/scripts/compress/output/[6]noaa-spc-reports/pwlh/noaa_spc-hail.c.cpp.csv
-> size (bytes): 184,907
-> 57.42% of original


RESULTS
--------------------------(same file!)
CoderPWLH
ORIGINAL FILE:
-> name: /Users/pablocerve/Documents/FING/Proyecto/datasets-csv/[6]noaa-spc-reports/hail/noaa_spc-hail.csv
-> size (bytes): 322,005
COMPRESSED FILE:
-> name: /Users/pablocerve/Documents/FING/Proyecto/pc-tesis/dataset_parser/scripts/compress/output/[6]noaa-spc-reports/pwlh/noaa_spc-hail.c.cpp.csv
-> size (bytes): 187,112
-> 58.11% of original


RESULTS
--------------------------(same file!)
CoderPWLH
ORIGINAL FILE:
-> name: /Users/pablocerve/Documents/FING/Proyecto/datasets-csv/[6]noaa-spc-reports/hail/noaa_spc-hail.csv
-> size (bytes): 322,005
COMPRESSED FILE:
-> name: /Users/pablocerve/Documents/FING/Proyecto/pc-tesis/dataset_parser/scripts/compress/output/[6]noaa-spc-reports/pwlh/noaa_spc-hail.c.cpp.csv
-> size (bytes): 189,318
-> 58.79% of original


RESULTS
--------------------------(same file!)
CoderPWLH
ORIGINAL FILE:
-> name: /Users/pablocerve/Documents/FING/Proyecto/datasets-csv/[6]noaa-spc-reports/hail/noaa_spc-hail.csv
-> size (bytes): 322,005
COMPRESSED FILE:
-> name: /Users/pablocerve/Documents/FING/Proyecto/pc-tesis/dataset_parser/scripts/compress/output/[6]noaa-spc-reports/pwlh/noaa_spc-hail.c.cpp.csv
-> size (bytes): 178,523
-> 55.44% of original


RESULTS
--------------------------(same file!)
CoderPWLH
ORIGINAL FILE:
-> name: /Users/pablocerve/Documents/FING/Proyecto/datasets-csv/[6]noaa-spc-reports/hail/noaa_spc-hail.csv
-> size (bytes): 322,005
COMPRESSED FILE:
-> name: /Users/pablocerve/Documents/FING/Proyecto/pc-tesis/dataset_parser/scripts/compress/output/[6]noaa-spc-reports/pwlh/noaa_spc-hail.c.cpp.csv
-> size (bytes): 166,122
-> 51.59% of original


RESULTS
--------------------------(same file!)
CoderPWLH
ORIGINAL FILE:
-> name: /Users/pablocerve/Documents/FING/Proyecto/datasets-csv/[6]noaa-spc-reports/hail/noaa_spc-hail.csv
-> size (bytes): 322,005
COMPRESSED FILE:
-> name: /Users/pablocerve/Documents/FING/Proyecto/pc-tesis/dataset_parser/scripts/compress/output/[6]noaa-spc-reports/pwlh/noaa_spc-hail.c.cpp.csv
-> size (bytes): 163,889
-> 50.9% of original


RESULTS
--------------------------(same file!)
CoderPWLH
ORIGINAL FILE:
-> name: /Users/pablocerve/Documents/FING/Proyecto/datasets-csv/[6]noaa-spc-reports/hail/noaa_spc-hail.csv
-> size (bytes): 322,005
COMPRESSED FILE:
-> name: /Users/pablocerve/Documents/FING/Proyecto/pc-tesis/dataset_parser/scripts/compress/output/[6]noaa-spc-reports/pwlh/noaa_spc-hail.c.cpp.csv
-> size (bytes): 165,485
-> 51.39% of original


RESULTS
--------------------------(same file!)
CoderPWLH
ORIGINAL FILE:
-> name: /Users/pablocerve/Documents/FING/Proyecto/datasets-csv/[6]noaa-spc-reports/hail/noaa_spc-hail.csv
-> size (bytes): 322,005
COMPRESSED FILE:
-> name: /Users/pablocerve/Documents/FING/Proyecto/pc-tesis/dataset_parser/scripts/compress/output/[6]noaa-spc-reports/pwlh/noaa_spc-hail.c.cpp.csv
-> size (bytes): 167,383
-> 51.98% of original


RESULTS
--------------------------(same file!)
CoderPWLH
ORIGINAL FILE:
-> name: /Users/pablocerve/Documents/FING/Proyecto/datasets-csv/[6]noaa-spc-reports/hail/noaa_spc-hail.csv
-> size (bytes): 322,005
COMPRESSED FILE:
-> name: /Users/pablocerve/Documents/FING/Proyecto/pc-tesis/dataset_parser/scripts/compress/output/[6]noaa-spc-reports/pwlh/noaa_spc-hail.c.cpp.csv
-> size (bytes): 169,300
-> 52.58% of original


RESULTS
--------------------------(same file!)
CoderPWLHint
ORIGINAL FILE:
-> name: /Users/pablocerve/Documents/FING/Proyecto/datasets-csv/[6]noaa-spc-reports/hail/noaa_spc-hail.csv
-> size (bytes): 322,005
COMPRESSED FILE:
-> name: /Users/pablocerve/Documents/FING/Proyecto/pc-tesis/dataset_parser/scripts/compress/output/[6]noaa-spc-reports/pwlh-int/noaa_spc-hail.c.cpp.csv
-> size (bytes): 118,184
-> 36.7% of original


RESULTS
--------------------------(same file!)
CoderPWLHint
ORIGINAL FILE:
-> name: /Users/pablocerve/Documents/FING/Proyecto/datasets-csv/[6]noaa-spc-reports/hail/noaa_spc-hail.csv
-> size (bytes): 322,005
COMPRESSED FILE:
-> name: /Users/pablocerve/Documents/FING/Proyecto/pc-tesis/dataset_parser/scripts/compress/output/[6]noaa-spc-reports/pwlh-int/noaa_spc-hail.c.cpp.csv
-> size (bytes): 120,977
-> 37.57% of original


RESULTS
--------------------------(same file!)
CoderPWLHint
ORIGINAL FILE:
-> name: /Users/pablocerve/Documents/FING/Proyecto/datasets-csv/[6]noaa-spc-reports/hail/noaa_spc-hail.csv
-> size (bytes): 322,005
COMPRESSED FILE:
-> name: /Users/pablocerve/Documents/FING/Proyecto/pc-tesis/dataset_parser/scripts/compress/output/[6]noaa-spc-reports/pwlh-int/noaa_spc-hail.c.cpp.csv
-> size (bytes): 124,137
-> 38.55% of original


RESULTS
--------------------------(same file!)
CoderPWLHint
ORIGINAL FILE:
-> name: /Users/pablocerve/Documents/FING/Proyecto/datasets-csv/[6]noaa-spc-reports/hail/noaa_spc-hail.csv
-> size (bytes): 322,005
COMPRESSED FILE:
-> name: /Users/pablocerve/Documents/FING/Proyecto/pc-tesis/dataset_parser/scripts/compress/output/[6]noaa-spc-reports/pwlh-int/noaa_spc-hail.c.cpp.csv
-> size (bytes): 127,323
-> 39.54% of original


RESULTS
--------------------------(same file!)
CoderPWLHint
ORIGINAL FILE:
-> name: /Users/pablocerve/Documents/FING/Proyecto/datasets-csv/[6]noaa-spc-reports/hail/noaa_spc-hail.csv
-> size (bytes): 322,005
COMPRESSED FILE:
-> name: /Users/pablocerve/Documents/FING/Proyecto/pc-tesis/dataset_parser/scripts/compress/output/[6]noaa-spc-reports/pwlh-int/noaa_spc-hail.c.cpp.csv
-> size (bytes): 130,509
-> 40.53% of original


RESULTS
--------------------------(same file!)
CoderPWLHint
ORIGINAL FILE:
-> name: /Users/pablocerve/Documents/FING/Proyecto/datasets-csv/[6]noaa-spc-reports/hail/noaa_spc-hail.csv
-> size (bytes): 322,005
COMPRESSED FILE:
-> name: /Users/pablocerve/Documents/FING/Proyecto/pc-tesis/dataset_parser/scripts/compress/output/[6]noaa-spc-reports/pwlh-int/noaa_spc-hail.c.cpp.csv
-> size (bytes): 133,696
-> 41.52% of original


RESULTS
--------------------------(same file!)
CoderPWLHint
ORIGINAL FILE:
-> name: /Users/pablocerve/Documents/FING/Proyecto/datasets-csv/[6]noaa-spc-reports/hail/noaa_spc-hail.csv
-> size (bytes): 322,005
COMPRESSED FILE:
-> name: /Users/pablocerve/Documents/FING/Proyecto/pc-tesis/dataset_parser/scripts/compress/output/[6]noaa-spc-reports/pwlh-int/noaa_spc-hail.c.cpp.csv
-> size (bytes): 115,536
-> 35.88% of original


RESULTS
--------------------------(same file!)
CoderPWLHint
ORIGINAL FILE:
-> name: /Users/pablocerve/Documents/FING/Proyecto/datasets-csv/[6]noaa-spc-reports/hail/noaa_spc-hail.csv
-> size (bytes): 322,005
COMPRESSED FILE:
-> name: /Users/pablocerve/Documents/FING/Proyecto/pc-tesis/dataset_parser/scripts/compress/output/[6]noaa-spc-reports/pwlh-int/noaa_spc-hail.c.cpp.csv
-> size (bytes): 118,179
-> 36.7% of original


RESULTS
--------------------------(same file!)
CoderPWLHint
ORIGINAL FILE:
-> name: /Users/pablocerve/Documents/FING/Proyecto/datasets-csv/[6]noaa-spc-reports/hail/noaa_spc-hail.csv
-> size (bytes): 322,005
COMPRESSED FILE:
-> name: /Users/pablocerve/Documents/FING/Proyecto/pc-tesis/dataset_parser/scripts/compress/output/[6]noaa-spc-reports/pwlh-int/noaa_spc-hail.c.cpp.csv
-> size (bytes): 121,242
-> 37.65% of original


RESULTS
--------------------------(same file!)
CoderPWLHint
ORIGINAL FILE:
-> name: /Users/pablocerve/Documents/FING/Proyecto/datasets-csv/[6]noaa-spc-reports/hail/noaa_spc-hail.csv
-> size (bytes): 322,005
COMPRESSED FILE:
-> name: /Users/pablocerve/Documents/FING/Proyecto/pc-tesis/dataset_parser/scripts/compress/output/[6]noaa-spc-reports/pwlh-int/noaa_spc-hail.c.cpp.csv
-> size (bytes): 124,331
-> 38.61% of original


RESULTS
--------------------------(same file!)
CoderPWLHint
ORIGINAL FILE:
-> name: /Users/pablocerve/Documents/FING/Proyecto/datasets-csv/[6]noaa-spc-reports/hail/noaa_spc-hail.csv
-> size (bytes): 322,005
COMPRESSED FILE:
-> name: /Users/pablocerve/Documents/FING/Proyecto/pc-tesis/dataset_parser/scripts/compress/output/[6]noaa-spc-reports/pwlh-int/noaa_spc-hail.c.cpp.csv
-> size (bytes): 127,421
-> 39.57% of original


RESULTS
--------------------------(same file!)
CoderPWLHint
ORIGINAL FILE:
-> name: /Users/pablocerve/Documents/FING/Proyecto/datasets-csv/[6]noaa-spc-reports/hail/noaa_spc-hail.csv
-> size (bytes): 322,005
COMPRESSED FILE:
-> name: /Users/pablocerve/Documents/FING/Proyecto/pc-tesis/dataset_parser/scripts/compress/output/[6]noaa-spc-reports/pwlh-int/noaa_spc-hail.c.cpp.csv
-> size (bytes): 130,510
-> 40.53% of original


RESULTS
--------------------------(same file!)
CoderPWLHint
ORIGINAL FILE:
-> name: /Users/pablocerve/Documents/FING/Proyecto/datasets-csv/[6]noaa-spc-reports/hail/noaa_spc-hail.csv
-> size (bytes): 322,005
COMPRESSED FILE:
-> name: /Users/pablocerve/Documents/FING/Proyecto/pc-tesis/dataset_parser/scripts/compress/output/[6]noaa-spc-reports/pwlh-int/noaa_spc-hail.c.cpp.csv
-> size (bytes): 111,578
-> 34.65% of original


RESULTS
--------------------------(same file!)
CoderPWLHint
ORIGINAL FILE:
-> name: /Users/pablocerve/Documents/FING/Proyecto/datasets-csv/[6]noaa-spc-reports/hail/noaa_spc-hail.csv
-> size (bytes): 322,005
COMPRESSED FILE:
-> name: /Users/pablocerve/Documents/FING/Proyecto/pc-tesis/dataset_parser/scripts/compress/output/[6]noaa-spc-reports/pwlh-int/noaa_spc-hail.c.cpp.csv
-> size (bytes): 113,715
-> 35.31% of original


RESULTS
--------------------------(same file!)
CoderPWLHint
ORIGINAL FILE:
-> name: /Users/pablocerve/Documents/FING/Proyecto/datasets-csv/[6]noaa-spc-reports/hail/noaa_spc-hail.csv
-> size (bytes): 322,005
COMPRESSED FILE:
-> name: /Users/pablocerve/Documents/FING/Proyecto/pc-tesis/dataset_parser/scripts/compress/output/[6]noaa-spc-reports/pwlh-int/noaa_spc-hail.c.cpp.csv
-> size (bytes): 116,591
-> 36.21% of original


RESULTS
--------------------------(same file!)
CoderPWLHint
ORIGINAL FILE:
-> name: /Users/pablocerve/Documents/FING/Proyecto/datasets-csv/[6]noaa-spc-reports/hail/noaa_spc-hail.csv
-> size (bytes): 322,005
COMPRESSED FILE:
-> name: /Users/pablocerve/Documents/FING/Proyecto/pc-tesis/dataset_parser/scripts/compress/output/[6]noaa-spc-reports/pwlh-int/noaa_spc-hail.c.cpp.csv
-> size (bytes): 119,521
-> 37.12% of original


RESULTS
--------------------------(same file!)
CoderPWLHint
ORIGINAL FILE:
-> name: /Users/pablocerve/Documents/FING/Proyecto/datasets-csv/[6]noaa-spc-reports/hail/noaa_spc-hail.csv
-> size (bytes): 322,005
COMPRESSED FILE:
-> name: /Users/pablocerve/Documents/FING/Proyecto/pc-tesis/dataset_parser/scripts/compress/output/[6]noaa-spc-reports/pwlh-int/noaa_spc-hail.c.cpp.csv
-> size (bytes): 122,450
-> 38.03% of original


RESULTS
--------------------------(same file!)
CoderPWLHint
ORIGINAL FILE:
-> name: /Users/pablocerve/Documents/FING/Proyecto/datasets-csv/[6]noaa-spc-reports/hail/noaa_spc-hail.csv
-> size (bytes): 322,005
COMPRESSED FILE:
-> name: /Users/pablocerve/Documents/FING/Proyecto/pc-tesis/dataset_parser/scripts/compress/output/[6]noaa-spc-reports/pwlh-int/noaa_spc-hail.c.cpp.csv
-> size (bytes): 125,380
-> 38.94% of original


RESULTS
--------------------------(same file!)
CoderPWLHint
ORIGINAL FILE:
-> name: /Users/pablocerve/Documents/FING/Proyecto/datasets-csv/[6]noaa-spc-reports/hail/noaa_spc-hail.csv
-> size (bytes): 322,005
COMPRESSED FILE:
-> name: /Users/pablocerve/Documents/FING/Proyecto/pc-tesis/dataset_parser/scripts/compress/output/[6]noaa-spc-reports/pwlh-int/noaa_spc-hail.c.cpp.csv
-> size (bytes): 108,611
-> 33.73% of original


RESULTS
--------------------------(same file!)
CoderPWLHint
ORIGINAL FILE:
-> name: /Users/pablocerve/Documents/FING/Proyecto/datasets-csv/[6]noaa-spc-reports/hail/noaa_spc-hail.csv
-> size (bytes): 322,005
COMPRESSED FILE:
-> name: /Users/pablocerve/Documents/FING/Proyecto/pc-tesis/dataset_parser/scripts/compress/output/[6]noaa-spc-reports/pwlh-int/noaa_spc-hail.c.cpp.csv
-> size (bytes): 110,180
-> 34.22% of original


RESULTS
--------------------------(same file!)
CoderPWLHint
ORIGINAL FILE:
-> name: /Users/pablocerve/Documents/FING/Proyecto/datasets-csv/[6]noaa-spc-reports/hail/noaa_spc-hail.csv
-> size (bytes): 322,005
COMPRESSED FILE:
-> name: /Users/pablocerve/Documents/FING/Proyecto/pc-tesis/dataset_parser/scripts/compress/output/[6]noaa-spc-reports/pwlh-int/noaa_spc-hail.c.cpp.csv
-> size (bytes): 112,860
-> 35.05% of original


RESULTS
--------------------------(same file!)
CoderPWLHint
ORIGINAL FILE:
-> name: /Users/pablocerve/Documents/FING/Proyecto/datasets-csv/[6]noaa-spc-reports/hail/noaa_spc-hail.csv
-> size (bytes): 322,005
COMPRESSED FILE:
-> name: /Users/pablocerve/Documents/FING/Proyecto/pc-tesis/dataset_parser/scripts/compress/output/[6]noaa-spc-reports/pwlh-int/noaa_spc-hail.c.cpp.csv
-> size (bytes): 115,661
-> 35.92% of original


RESULTS
--------------------------(same file!)
CoderPWLHint
ORIGINAL FILE:
-> name: /Users/pablocerve/Documents/FING/Proyecto/datasets-csv/[6]noaa-spc-reports/hail/noaa_spc-hail.csv
-> size (bytes): 322,005
COMPRESSED FILE:
-> name: /Users/pablocerve/Documents/FING/Proyecto/pc-tesis/dataset_parser/scripts/compress/output/[6]noaa-spc-reports/pwlh-int/noaa_spc-hail.c.cpp.csv
-> size (bytes): 118,463
-> 36.79% of original


RESULTS
--------------------------(same file!)
CoderPWLHint
ORIGINAL FILE:
-> name: /Users/pablocerve/Documents/FING/Proyecto/datasets-csv/[6]noaa-spc-reports/hail/noaa_spc-hail.csv
-> size (bytes): 322,005
COMPRESSED FILE:
-> name: /Users/pablocerve/Documents/FING/Proyecto/pc-tesis/dataset_parser/scripts/compress/output/[6]noaa-spc-reports/pwlh-int/noaa_spc-hail.c.cpp.csv
-> size (bytes): 121,264
-> 37.66% of original


RESULTS
--------------------------(same file!)
CoderPWLHint
ORIGINAL FILE:
-> name: /Users/pablocerve/Documents/FING/Proyecto/datasets-csv/[6]noaa-spc-reports/hail/noaa_spc-hail.csv
-> size (bytes): 322,005
COMPRESSED FILE:
-> name: /Users/pablocerve/Documents/FING/Proyecto/pc-tesis/dataset_parser/scripts/compress/output/[6]noaa-spc-reports/pwlh-int/noaa_spc-hail.c.cpp.csv
-> size (bytes): 103,591
-> 32.17% of original


RESULTS
--------------------------(same file!)
CoderPWLHint
ORIGINAL FILE:
-> name: /Users/pablocerve/Documents/FING/Proyecto/datasets-csv/[6]noaa-spc-reports/hail/noaa_spc-hail.csv
-> size (bytes): 322,005
COMPRESSED FILE:
-> name: /Users/pablocerve/Documents/FING/Proyecto/pc-tesis/dataset_parser/scripts/compress/output/[6]noaa-spc-reports/pwlh-int/noaa_spc-hail.c.cpp.csv
-> size (bytes): 103,779
-> 32.23% of original


RESULTS
--------------------------(same file!)
CoderPWLHint
ORIGINAL FILE:
-> name: /Users/pablocerve/Documents/FING/Proyecto/datasets-csv/[6]noaa-spc-reports/hail/noaa_spc-hail.csv
-> size (bytes): 322,005
COMPRESSED FILE:
-> name: /Users/pablocerve/Documents/FING/Proyecto/pc-tesis/dataset_parser/scripts/compress/output/[6]noaa-spc-reports/pwlh-int/noaa_spc-hail.c.cpp.csv
-> size (bytes): 105,988
-> 32.92% of original


RESULTS
--------------------------(same file!)
CoderPWLHint
ORIGINAL FILE:
-> name: /Users/pablocerve/Documents/FING/Proyecto/datasets-csv/[6]noaa-spc-reports/hail/noaa_spc-hail.csv
-> size (bytes): 322,005
COMPRESSED FILE:
-> name: /Users/pablocerve/Documents/FING/Proyecto/pc-tesis/dataset_parser/scripts/compress/output/[6]noaa-spc-reports/pwlh-int/noaa_spc-hail.c.cpp.csv
-> size (bytes): 108,549
-> 33.71% of original


RESULTS
--------------------------(same file!)
CoderPWLHint
ORIGINAL FILE:
-> name: /Users/pablocerve/Documents/FING/Proyecto/datasets-csv/[6]noaa-spc-reports/hail/noaa_spc-hail.csv
-> size (bytes): 322,005
COMPRESSED FILE:
-> name: /Users/pablocerve/Documents/FING/Proyecto/pc-tesis/dataset_parser/scripts/compress/output/[6]noaa-spc-reports/pwlh-int/noaa_spc-hail.c.cpp.csv
-> size (bytes): 111,111
-> 34.51% of original


RESULTS
--------------------------(same file!)
CoderPWLHint
ORIGINAL FILE:
-> name: /Users/pablocerve/Documents/FING/Proyecto/datasets-csv/[6]noaa-spc-reports/hail/noaa_spc-hail.csv
-> size (bytes): 322,005
COMPRESSED FILE:
-> name: /Users/pablocerve/Documents/FING/Proyecto/pc-tesis/dataset_parser/scripts/compress/output/[6]noaa-spc-reports/pwlh-int/noaa_spc-hail.c.cpp.csv
-> size (bytes): 113,674
-> 35.3% of original


RESULTS
--------------------------(same file!)
CoderPWLHint
ORIGINAL FILE:
-> name: /Users/pablocerve/Documents/FING/Proyecto/datasets-csv/[6]noaa-spc-reports/hail/noaa_spc-hail.csv
-> size (bytes): 322,005
COMPRESSED FILE:
-> name: /Users/pablocerve/Documents/FING/Proyecto/pc-tesis/dataset_parser/scripts/compress/output/[6]noaa-spc-reports/pwlh-int/noaa_spc-hail.c.cpp.csv
-> size (bytes): 99,762
-> 30.98% of original


RESULTS
--------------------------(same file!)
CoderPWLHint
ORIGINAL FILE:
-> name: /Users/pablocerve/Documents/FING/Proyecto/datasets-csv/[6]noaa-spc-reports/hail/noaa_spc-hail.csv
-> size (bytes): 322,005
COMPRESSED FILE:
-> name: /Users/pablocerve/Documents/FING/Proyecto/pc-tesis/dataset_parser/scripts/compress/output/[6]noaa-spc-reports/pwlh-int/noaa_spc-hail.c.cpp.csv
-> size (bytes): 98,854
-> 30.7% of original


RESULTS
--------------------------(same file!)
CoderPWLHint
ORIGINAL FILE:
-> name: /Users/pablocerve/Documents/FING/Proyecto/datasets-csv/[6]noaa-spc-reports/hail/noaa_spc-hail.csv
-> size (bytes): 322,005
COMPRESSED FILE:
-> name: /Users/pablocerve/Documents/FING/Proyecto/pc-tesis/dataset_parser/scripts/compress/output/[6]noaa-spc-reports/pwlh-int/noaa_spc-hail.c.cpp.csv
-> size (bytes): 100,626
-> 31.25% of original


RESULTS
--------------------------(same file!)
CoderPWLHint
ORIGINAL FILE:
-> name: /Users/pablocerve/Documents/FING/Proyecto/datasets-csv/[6]noaa-spc-reports/hail/noaa_spc-hail.csv
-> size (bytes): 322,005
COMPRESSED FILE:
-> name: /Users/pablocerve/Documents/FING/Proyecto/pc-tesis/dataset_parser/scripts/compress/output/[6]noaa-spc-reports/pwlh-int/noaa_spc-hail.c.cpp.csv
-> size (bytes): 102,975
-> 31.98% of original


RESULTS
--------------------------(same file!)
CoderPWLHint
ORIGINAL FILE:
-> name: /Users/pablocerve/Documents/FING/Proyecto/datasets-csv/[6]noaa-spc-reports/hail/noaa_spc-hail.csv
-> size (bytes): 322,005
COMPRESSED FILE:
-> name: /Users/pablocerve/Documents/FING/Proyecto/pc-tesis/dataset_parser/scripts/compress/output/[6]noaa-spc-reports/pwlh-int/noaa_spc-hail.c.cpp.csv
-> size (bytes): 105,348
-> 32.72% of original


RESULTS
--------------------------(same file!)
CoderPWLHint
ORIGINAL FILE:
-> name: /Users/pablocerve/Documents/FING/Proyecto/datasets-csv/[6]noaa-spc-reports/hail/noaa_spc-hail.csv
-> size (bytes): 322,005
COMPRESSED FILE:
-> name: /Users/pablocerve/Documents/FING/Proyecto/pc-tesis/dataset_parser/scripts/compress/output/[6]noaa-spc-reports/pwlh-int/noaa_spc-hail.c.cpp.csv
-> size (bytes): 107,721
-> 33.45% of original


RESULTS
--------------------------(same file!)
CoderPWLHint
ORIGINAL FILE:
-> name: /Users/pablocerve/Documents/FING/Proyecto/datasets-csv/[6]noaa-spc-reports/hail/noaa_spc-hail.csv
-> size (bytes): 322,005
COMPRESSED FILE:
-> name: /Users/pablocerve/Documents/FING/Proyecto/pc-tesis/dataset_parser/scripts/compress/output/[6]noaa-spc-reports/pwlh-int/noaa_spc-hail.c.cpp.csv
-> size (bytes): 97,003
-> 30.12% of original


RESULTS
--------------------------(same file!)
CoderPWLHint
ORIGINAL FILE:
-> name: /Users/pablocerve/Documents/FING/Proyecto/datasets-csv/[6]noaa-spc-reports/hail/noaa_spc-hail.csv
-> size (bytes): 322,005
COMPRESSED FILE:
-> name: /Users/pablocerve/Documents/FING/Proyecto/pc-tesis/dataset_parser/scripts/compress/output/[6]noaa-spc-reports/pwlh-int/noaa_spc-hail.c.cpp.csv
-> size (bytes): 95,022
-> 29.51% of original


RESULTS
--------------------------(same file!)
CoderPWLHint
ORIGINAL FILE:
-> name: /Users/pablocerve/Documents/FING/Proyecto/datasets-csv/[6]noaa-spc-reports/hail/noaa_spc-hail.csv
-> size (bytes): 322,005
COMPRESSED FILE:
-> name: /Users/pablocerve/Documents/FING/Proyecto/pc-tesis/dataset_parser/scripts/compress/output/[6]noaa-spc-reports/pwlh-int/noaa_spc-hail.c.cpp.csv
-> size (bytes): 96,291
-> 29.9% of original


RESULTS
--------------------------(same file!)
CoderPWLHint
ORIGINAL FILE:
-> name: /Users/pablocerve/Documents/FING/Proyecto/datasets-csv/[6]noaa-spc-reports/hail/noaa_spc-hail.csv
-> size (bytes): 322,005
COMPRESSED FILE:
-> name: /Users/pablocerve/Documents/FING/Proyecto/pc-tesis/dataset_parser/scripts/compress/output/[6]noaa-spc-reports/pwlh-int/noaa_spc-hail.c.cpp.csv
-> size (bytes): 98,476
-> 30.58% of original


RESULTS
--------------------------(same file!)
CoderPWLHint
ORIGINAL FILE:
-> name: /Users/pablocerve/Documents/FING/Proyecto/datasets-csv/[6]noaa-spc-reports/hail/noaa_spc-hail.csv
-> size (bytes): 322,005
COMPRESSED FILE:
-> name: /Users/pablocerve/Documents/FING/Proyecto/pc-tesis/dataset_parser/scripts/compress/output/[6]noaa-spc-reports/pwlh-int/noaa_spc-hail.c.cpp.csv
-> size (bytes): 100,696
-> 31.27% of original


RESULTS
--------------------------(same file!)
CoderPWLHint
ORIGINAL FILE:
-> name: /Users/pablocerve/Documents/FING/Proyecto/datasets-csv/[6]noaa-spc-reports/hail/noaa_spc-hail.csv
-> size (bytes): 322,005
COMPRESSED FILE:
-> name: /Users/pablocerve/Documents/FING/Proyecto/pc-tesis/dataset_parser/scripts/compress/output/[6]noaa-spc-reports/pwlh-int/noaa_spc-hail.c.cpp.csv
-> size (bytes): 102,916
-> 31.96% of original


RESULTS
--------------------------(same file!)
CoderPWLHint
ORIGINAL FILE:
-> name: /Users/pablocerve/Documents/FING/Proyecto/datasets-csv/[6]noaa-spc-reports/hail/noaa_spc-hail.csv
-> size (bytes): 322,005
COMPRESSED FILE:
-> name: /Users/pablocerve/Documents/FING/Proyecto/pc-tesis/dataset_parser/scripts/compress/output/[6]noaa-spc-reports/pwlh-int/noaa_spc-hail.c.cpp.csv
-> size (bytes): 92,013
-> 28.58% of original


RESULTS
--------------------------(same file!)
CoderPWLHint
ORIGINAL FILE:
-> name: /Users/pablocerve/Documents/FING/Proyecto/datasets-csv/[6]noaa-spc-reports/hail/noaa_spc-hail.csv
-> size (bytes): 322,005
COMPRESSED FILE:
-> name: /Users/pablocerve/Documents/FING/Proyecto/pc-tesis/dataset_parser/scripts/compress/output/[6]noaa-spc-reports/pwlh-int/noaa_spc-hail.c.cpp.csv
-> size (bytes): 88,155
-> 27.38% of original


RESULTS
--------------------------(same file!)
CoderPWLHint
ORIGINAL FILE:
-> name: /Users/pablocerve/Documents/FING/Proyecto/datasets-csv/[6]noaa-spc-reports/hail/noaa_spc-hail.csv
-> size (bytes): 322,005
COMPRESSED FILE:
-> name: /Users/pablocerve/Documents/FING/Proyecto/pc-tesis/dataset_parser/scripts/compress/output/[6]noaa-spc-reports/pwlh-int/noaa_spc-hail.c.cpp.csv
-> size (bytes): 88,334
-> 27.43% of original


RESULTS
--------------------------(same file!)
CoderPWLHint
ORIGINAL FILE:
-> name: /Users/pablocerve/Documents/FING/Proyecto/datasets-csv/[6]noaa-spc-reports/hail/noaa_spc-hail.csv
-> size (bytes): 322,005
COMPRESSED FILE:
-> name: /Users/pablocerve/Documents/FING/Proyecto/pc-tesis/dataset_parser/scripts/compress/output/[6]noaa-spc-reports/pwlh-int/noaa_spc-hail.c.cpp.csv
-> size (bytes): 90,120
-> 27.99% of original


RESULTS
--------------------------(same file!)
CoderPWLHint
ORIGINAL FILE:
-> name: /Users/pablocerve/Documents/FING/Proyecto/datasets-csv/[6]noaa-spc-reports/hail/noaa_spc-hail.csv
-> size (bytes): 322,005
COMPRESSED FILE:
-> name: /Users/pablocerve/Documents/FING/Proyecto/pc-tesis/dataset_parser/scripts/compress/output/[6]noaa-spc-reports/pwlh-int/noaa_spc-hail.c.cpp.csv
-> size (bytes): 92,038
-> 28.58% of original


RESULTS
--------------------------(same file!)
CoderPWLHint
ORIGINAL FILE:
-> name: /Users/pablocerve/Documents/FING/Proyecto/datasets-csv/[6]noaa-spc-reports/hail/noaa_spc-hail.csv
-> size (bytes): 322,005
COMPRESSED FILE:
-> name: /Users/pablocerve/Documents/FING/Proyecto/pc-tesis/dataset_parser/scripts/compress/output/[6]noaa-spc-reports/pwlh-int/noaa_spc-hail.c.cpp.csv
-> size (bytes): 93,964
-> 29.18% of original

