
RESULTS
--------------------------(same file!)
CoderBasic
ORIGINAL FILE:
-> name: /Users/pablocerve/Documents/FING/Proyecto/datasets-csv/[6]noaa-spc-reports/wind/noaa_spc-wind.csv
-> size (bytes): 765,001
COMPRESSED FILE:
-> name: /Users/pablocerve/Documents/FING/Proyecto/pc-tesis/dataset_parser/scripts/compress/output/[6]noaa-spc-reports/basic/noaa_spc-wind.c.cpp.csv
-> size (bytes): 281,856
-> 36.84% of original


RESULTS
--------------------------(same file!)
CoderPWLH
ORIGINAL FILE:
-> name: /Users/pablocerve/Documents/FING/Proyecto/datasets-csv/[6]noaa-spc-reports/wind/noaa_spc-wind.csv
-> size (bytes): 765,001
COMPRESSED FILE:
-> name: /Users/pablocerve/Documents/FING/Proyecto/pc-tesis/dataset_parser/scripts/compress/output/[6]noaa-spc-reports/pwlh/noaa_spc-wind.c.cpp.csv
-> size (bytes): 535,906
-> 70.05% of original


RESULTS
--------------------------(same file!)
CoderPWLH
ORIGINAL FILE:
-> name: /Users/pablocerve/Documents/FING/Proyecto/datasets-csv/[6]noaa-spc-reports/wind/noaa_spc-wind.csv
-> size (bytes): 765,001
COMPRESSED FILE:
-> name: /Users/pablocerve/Documents/FING/Proyecto/pc-tesis/dataset_parser/scripts/compress/output/[6]noaa-spc-reports/pwlh/noaa_spc-wind.c.cpp.csv
-> size (bytes): 530,795
-> 69.38% of original


RESULTS
--------------------------(same file!)
CoderPWLH
ORIGINAL FILE:
-> name: /Users/pablocerve/Documents/FING/Proyecto/datasets-csv/[6]noaa-spc-reports/wind/noaa_spc-wind.csv
-> size (bytes): 765,001
COMPRESSED FILE:
-> name: /Users/pablocerve/Documents/FING/Proyecto/pc-tesis/dataset_parser/scripts/compress/output/[6]noaa-spc-reports/pwlh/noaa_spc-wind.c.cpp.csv
-> size (bytes): 536,830
-> 70.17% of original


RESULTS
--------------------------(same file!)
CoderPWLH
ORIGINAL FILE:
-> name: /Users/pablocerve/Documents/FING/Proyecto/datasets-csv/[6]noaa-spc-reports/wind/noaa_spc-wind.csv
-> size (bytes): 765,001
COMPRESSED FILE:
-> name: /Users/pablocerve/Documents/FING/Proyecto/pc-tesis/dataset_parser/scripts/compress/output/[6]noaa-spc-reports/pwlh/noaa_spc-wind.c.cpp.csv
-> size (bytes): 543,925
-> 71.1% of original


RESULTS
--------------------------(same file!)
CoderPWLH
ORIGINAL FILE:
-> name: /Users/pablocerve/Documents/FING/Proyecto/datasets-csv/[6]noaa-spc-reports/wind/noaa_spc-wind.csv
-> size (bytes): 765,001
COMPRESSED FILE:
-> name: /Users/pablocerve/Documents/FING/Proyecto/pc-tesis/dataset_parser/scripts/compress/output/[6]noaa-spc-reports/pwlh/noaa_spc-wind.c.cpp.csv
-> size (bytes): 551,019
-> 72.03% of original


RESULTS
--------------------------(same file!)
CoderPWLH
ORIGINAL FILE:
-> name: /Users/pablocerve/Documents/FING/Proyecto/datasets-csv/[6]noaa-spc-reports/wind/noaa_spc-wind.csv
-> size (bytes): 765,001
COMPRESSED FILE:
-> name: /Users/pablocerve/Documents/FING/Proyecto/pc-tesis/dataset_parser/scripts/compress/output/[6]noaa-spc-reports/pwlh/noaa_spc-wind.c.cpp.csv
-> size (bytes): 558,114
-> 72.96% of original


RESULTS
--------------------------(same file!)
CoderPWLH
ORIGINAL FILE:
-> name: /Users/pablocerve/Documents/FING/Proyecto/datasets-csv/[6]noaa-spc-reports/wind/noaa_spc-wind.csv
-> size (bytes): 765,001
COMPRESSED FILE:
-> name: /Users/pablocerve/Documents/FING/Proyecto/pc-tesis/dataset_parser/scripts/compress/output/[6]noaa-spc-reports/pwlh/noaa_spc-wind.c.cpp.csv
-> size (bytes): 508,026
-> 66.41% of original


RESULTS
--------------------------(same file!)
CoderPWLH
ORIGINAL FILE:
-> name: /Users/pablocerve/Documents/FING/Proyecto/datasets-csv/[6]noaa-spc-reports/wind/noaa_spc-wind.csv
-> size (bytes): 765,001
COMPRESSED FILE:
-> name: /Users/pablocerve/Documents/FING/Proyecto/pc-tesis/dataset_parser/scripts/compress/output/[6]noaa-spc-reports/pwlh/noaa_spc-wind.c.cpp.csv
-> size (bytes): 501,593
-> 65.57% of original


RESULTS
--------------------------(same file!)
CoderPWLH
ORIGINAL FILE:
-> name: /Users/pablocerve/Documents/FING/Proyecto/datasets-csv/[6]noaa-spc-reports/wind/noaa_spc-wind.csv
-> size (bytes): 765,001
COMPRESSED FILE:
-> name: /Users/pablocerve/Documents/FING/Proyecto/pc-tesis/dataset_parser/scripts/compress/output/[6]noaa-spc-reports/pwlh/noaa_spc-wind.c.cpp.csv
-> size (bytes): 507,228
-> 66.3% of original


RESULTS
--------------------------(same file!)
CoderPWLH
ORIGINAL FILE:
-> name: /Users/pablocerve/Documents/FING/Proyecto/datasets-csv/[6]noaa-spc-reports/wind/noaa_spc-wind.csv
-> size (bytes): 765,001
COMPRESSED FILE:
-> name: /Users/pablocerve/Documents/FING/Proyecto/pc-tesis/dataset_parser/scripts/compress/output/[6]noaa-spc-reports/pwlh/noaa_spc-wind.c.cpp.csv
-> size (bytes): 513,879
-> 67.17% of original


RESULTS
--------------------------(same file!)
CoderPWLH
ORIGINAL FILE:
-> name: /Users/pablocerve/Documents/FING/Proyecto/datasets-csv/[6]noaa-spc-reports/wind/noaa_spc-wind.csv
-> size (bytes): 765,001
COMPRESSED FILE:
-> name: /Users/pablocerve/Documents/FING/Proyecto/pc-tesis/dataset_parser/scripts/compress/output/[6]noaa-spc-reports/pwlh/noaa_spc-wind.c.cpp.csv
-> size (bytes): 520,530
-> 68.04% of original


RESULTS
--------------------------(same file!)
CoderPWLH
ORIGINAL FILE:
-> name: /Users/pablocerve/Documents/FING/Proyecto/datasets-csv/[6]noaa-spc-reports/wind/noaa_spc-wind.csv
-> size (bytes): 765,001
COMPRESSED FILE:
-> name: /Users/pablocerve/Documents/FING/Proyecto/pc-tesis/dataset_parser/scripts/compress/output/[6]noaa-spc-reports/pwlh/noaa_spc-wind.c.cpp.csv
-> size (bytes): 527,181
-> 68.91% of original


RESULTS
--------------------------(same file!)
CoderPWLH
ORIGINAL FILE:
-> name: /Users/pablocerve/Documents/FING/Proyecto/datasets-csv/[6]noaa-spc-reports/wind/noaa_spc-wind.csv
-> size (bytes): 765,001
COMPRESSED FILE:
-> name: /Users/pablocerve/Documents/FING/Proyecto/pc-tesis/dataset_parser/scripts/compress/output/[6]noaa-spc-reports/pwlh/noaa_spc-wind.c.cpp.csv
-> size (bytes): 476,594
-> 62.3% of original


RESULTS
--------------------------(same file!)
CoderPWLH
ORIGINAL FILE:
-> name: /Users/pablocerve/Documents/FING/Proyecto/datasets-csv/[6]noaa-spc-reports/wind/noaa_spc-wind.csv
-> size (bytes): 765,001
COMPRESSED FILE:
-> name: /Users/pablocerve/Documents/FING/Proyecto/pc-tesis/dataset_parser/scripts/compress/output/[6]noaa-spc-reports/pwlh/noaa_spc-wind.c.cpp.csv
-> size (bytes): 456,462
-> 59.67% of original


RESULTS
--------------------------(same file!)
CoderPWLH
ORIGINAL FILE:
-> name: /Users/pablocerve/Documents/FING/Proyecto/datasets-csv/[6]noaa-spc-reports/wind/noaa_spc-wind.csv
-> size (bytes): 765,001
COMPRESSED FILE:
-> name: /Users/pablocerve/Documents/FING/Proyecto/pc-tesis/dataset_parser/scripts/compress/output/[6]noaa-spc-reports/pwlh/noaa_spc-wind.c.cpp.csv
-> size (bytes): 452,294
-> 59.12% of original


RESULTS
--------------------------(same file!)
CoderPWLH
ORIGINAL FILE:
-> name: /Users/pablocerve/Documents/FING/Proyecto/datasets-csv/[6]noaa-spc-reports/wind/noaa_spc-wind.csv
-> size (bytes): 765,001
COMPRESSED FILE:
-> name: /Users/pablocerve/Documents/FING/Proyecto/pc-tesis/dataset_parser/scripts/compress/output/[6]noaa-spc-reports/pwlh/noaa_spc-wind.c.cpp.csv
-> size (bytes): 456,897
-> 59.73% of original


RESULTS
--------------------------(same file!)
CoderPWLH
ORIGINAL FILE:
-> name: /Users/pablocerve/Documents/FING/Proyecto/datasets-csv/[6]noaa-spc-reports/wind/noaa_spc-wind.csv
-> size (bytes): 765,001
COMPRESSED FILE:
-> name: /Users/pablocerve/Documents/FING/Proyecto/pc-tesis/dataset_parser/scripts/compress/output/[6]noaa-spc-reports/pwlh/noaa_spc-wind.c.cpp.csv
-> size (bytes): 462,658
-> 60.48% of original


RESULTS
--------------------------(same file!)
CoderPWLH
ORIGINAL FILE:
-> name: /Users/pablocerve/Documents/FING/Proyecto/datasets-csv/[6]noaa-spc-reports/wind/noaa_spc-wind.csv
-> size (bytes): 765,001
COMPRESSED FILE:
-> name: /Users/pablocerve/Documents/FING/Proyecto/pc-tesis/dataset_parser/scripts/compress/output/[6]noaa-spc-reports/pwlh/noaa_spc-wind.c.cpp.csv
-> size (bytes): 468,446
-> 61.23% of original


RESULTS
--------------------------(same file!)
CoderPWLH
ORIGINAL FILE:
-> name: /Users/pablocerve/Documents/FING/Proyecto/datasets-csv/[6]noaa-spc-reports/wind/noaa_spc-wind.csv
-> size (bytes): 765,001
COMPRESSED FILE:
-> name: /Users/pablocerve/Documents/FING/Proyecto/pc-tesis/dataset_parser/scripts/compress/output/[6]noaa-spc-reports/pwlh/noaa_spc-wind.c.cpp.csv
-> size (bytes): 464,054
-> 60.66% of original


RESULTS
--------------------------(same file!)
CoderPWLH
ORIGINAL FILE:
-> name: /Users/pablocerve/Documents/FING/Proyecto/datasets-csv/[6]noaa-spc-reports/wind/noaa_spc-wind.csv
-> size (bytes): 765,001
COMPRESSED FILE:
-> name: /Users/pablocerve/Documents/FING/Proyecto/pc-tesis/dataset_parser/scripts/compress/output/[6]noaa-spc-reports/pwlh/noaa_spc-wind.c.cpp.csv
-> size (bytes): 441,534
-> 57.72% of original


RESULTS
--------------------------(same file!)
CoderPWLH
ORIGINAL FILE:
-> name: /Users/pablocerve/Documents/FING/Proyecto/datasets-csv/[6]noaa-spc-reports/wind/noaa_spc-wind.csv
-> size (bytes): 765,001
COMPRESSED FILE:
-> name: /Users/pablocerve/Documents/FING/Proyecto/pc-tesis/dataset_parser/scripts/compress/output/[6]noaa-spc-reports/pwlh/noaa_spc-wind.c.cpp.csv
-> size (bytes): 436,739
-> 57.09% of original


RESULTS
--------------------------(same file!)
CoderPWLH
ORIGINAL FILE:
-> name: /Users/pablocerve/Documents/FING/Proyecto/datasets-csv/[6]noaa-spc-reports/wind/noaa_spc-wind.csv
-> size (bytes): 765,001
COMPRESSED FILE:
-> name: /Users/pablocerve/Documents/FING/Proyecto/pc-tesis/dataset_parser/scripts/compress/output/[6]noaa-spc-reports/pwlh/noaa_spc-wind.c.cpp.csv
-> size (bytes): 441,104
-> 57.66% of original


RESULTS
--------------------------(same file!)
CoderPWLH
ORIGINAL FILE:
-> name: /Users/pablocerve/Documents/FING/Proyecto/datasets-csv/[6]noaa-spc-reports/wind/noaa_spc-wind.csv
-> size (bytes): 765,001
COMPRESSED FILE:
-> name: /Users/pablocerve/Documents/FING/Proyecto/pc-tesis/dataset_parser/scripts/compress/output/[6]noaa-spc-reports/pwlh/noaa_spc-wind.c.cpp.csv
-> size (bytes): 446,626
-> 58.38% of original


RESULTS
--------------------------(same file!)
CoderPWLH
ORIGINAL FILE:
-> name: /Users/pablocerve/Documents/FING/Proyecto/datasets-csv/[6]noaa-spc-reports/wind/noaa_spc-wind.csv
-> size (bytes): 765,001
COMPRESSED FILE:
-> name: /Users/pablocerve/Documents/FING/Proyecto/pc-tesis/dataset_parser/scripts/compress/output/[6]noaa-spc-reports/pwlh/noaa_spc-wind.c.cpp.csv
-> size (bytes): 452,175
-> 59.11% of original


RESULTS
--------------------------(same file!)
CoderPWLH
ORIGINAL FILE:
-> name: /Users/pablocerve/Documents/FING/Proyecto/datasets-csv/[6]noaa-spc-reports/wind/noaa_spc-wind.csv
-> size (bytes): 765,001
COMPRESSED FILE:
-> name: /Users/pablocerve/Documents/FING/Proyecto/pc-tesis/dataset_parser/scripts/compress/output/[6]noaa-spc-reports/pwlh/noaa_spc-wind.c.cpp.csv
-> size (bytes): 442,742
-> 57.87% of original


RESULTS
--------------------------(same file!)
CoderPWLH
ORIGINAL FILE:
-> name: /Users/pablocerve/Documents/FING/Proyecto/datasets-csv/[6]noaa-spc-reports/wind/noaa_spc-wind.csv
-> size (bytes): 765,001
COMPRESSED FILE:
-> name: /Users/pablocerve/Documents/FING/Proyecto/pc-tesis/dataset_parser/scripts/compress/output/[6]noaa-spc-reports/pwlh/noaa_spc-wind.c.cpp.csv
-> size (bytes): 415,185
-> 54.27% of original


RESULTS
--------------------------(same file!)
CoderPWLH
ORIGINAL FILE:
-> name: /Users/pablocerve/Documents/FING/Proyecto/datasets-csv/[6]noaa-spc-reports/wind/noaa_spc-wind.csv
-> size (bytes): 765,001
COMPRESSED FILE:
-> name: /Users/pablocerve/Documents/FING/Proyecto/pc-tesis/dataset_parser/scripts/compress/output/[6]noaa-spc-reports/pwlh/noaa_spc-wind.c.cpp.csv
-> size (bytes): 408,960
-> 53.46% of original


RESULTS
--------------------------(same file!)
CoderPWLH
ORIGINAL FILE:
-> name: /Users/pablocerve/Documents/FING/Proyecto/datasets-csv/[6]noaa-spc-reports/wind/noaa_spc-wind.csv
-> size (bytes): 765,001
COMPRESSED FILE:
-> name: /Users/pablocerve/Documents/FING/Proyecto/pc-tesis/dataset_parser/scripts/compress/output/[6]noaa-spc-reports/pwlh/noaa_spc-wind.c.cpp.csv
-> size (bytes): 412,868
-> 53.97% of original


RESULTS
--------------------------(same file!)
CoderPWLH
ORIGINAL FILE:
-> name: /Users/pablocerve/Documents/FING/Proyecto/datasets-csv/[6]noaa-spc-reports/wind/noaa_spc-wind.csv
-> size (bytes): 765,001
COMPRESSED FILE:
-> name: /Users/pablocerve/Documents/FING/Proyecto/pc-tesis/dataset_parser/scripts/compress/output/[6]noaa-spc-reports/pwlh/noaa_spc-wind.c.cpp.csv
-> size (bytes): 417,960
-> 54.64% of original


RESULTS
--------------------------(same file!)
CoderPWLH
ORIGINAL FILE:
-> name: /Users/pablocerve/Documents/FING/Proyecto/datasets-csv/[6]noaa-spc-reports/wind/noaa_spc-wind.csv
-> size (bytes): 765,001
COMPRESSED FILE:
-> name: /Users/pablocerve/Documents/FING/Proyecto/pc-tesis/dataset_parser/scripts/compress/output/[6]noaa-spc-reports/pwlh/noaa_spc-wind.c.cpp.csv
-> size (bytes): 423,078
-> 55.3% of original


RESULTS
--------------------------(same file!)
CoderPWLH
ORIGINAL FILE:
-> name: /Users/pablocerve/Documents/FING/Proyecto/datasets-csv/[6]noaa-spc-reports/wind/noaa_spc-wind.csv
-> size (bytes): 765,001
COMPRESSED FILE:
-> name: /Users/pablocerve/Documents/FING/Proyecto/pc-tesis/dataset_parser/scripts/compress/output/[6]noaa-spc-reports/pwlh/noaa_spc-wind.c.cpp.csv
-> size (bytes): 428,483
-> 56.01% of original


RESULTS
--------------------------(same file!)
CoderPWLH
ORIGINAL FILE:
-> name: /Users/pablocerve/Documents/FING/Proyecto/datasets-csv/[6]noaa-spc-reports/wind/noaa_spc-wind.csv
-> size (bytes): 765,001
COMPRESSED FILE:
-> name: /Users/pablocerve/Documents/FING/Proyecto/pc-tesis/dataset_parser/scripts/compress/output/[6]noaa-spc-reports/pwlh/noaa_spc-wind.c.cpp.csv
-> size (bytes): 396,803
-> 51.87% of original


RESULTS
--------------------------(same file!)
CoderPWLH
ORIGINAL FILE:
-> name: /Users/pablocerve/Documents/FING/Proyecto/datasets-csv/[6]noaa-spc-reports/wind/noaa_spc-wind.csv
-> size (bytes): 765,001
COMPRESSED FILE:
-> name: /Users/pablocerve/Documents/FING/Proyecto/pc-tesis/dataset_parser/scripts/compress/output/[6]noaa-spc-reports/pwlh/noaa_spc-wind.c.cpp.csv
-> size (bytes): 389,059
-> 50.86% of original


RESULTS
--------------------------(same file!)
CoderPWLH
ORIGINAL FILE:
-> name: /Users/pablocerve/Documents/FING/Proyecto/datasets-csv/[6]noaa-spc-reports/wind/noaa_spc-wind.csv
-> size (bytes): 765,001
COMPRESSED FILE:
-> name: /Users/pablocerve/Documents/FING/Proyecto/pc-tesis/dataset_parser/scripts/compress/output/[6]noaa-spc-reports/pwlh/noaa_spc-wind.c.cpp.csv
-> size (bytes): 392,654
-> 51.33% of original


RESULTS
--------------------------(same file!)
CoderPWLH
ORIGINAL FILE:
-> name: /Users/pablocerve/Documents/FING/Proyecto/datasets-csv/[6]noaa-spc-reports/wind/noaa_spc-wind.csv
-> size (bytes): 765,001
COMPRESSED FILE:
-> name: /Users/pablocerve/Documents/FING/Proyecto/pc-tesis/dataset_parser/scripts/compress/output/[6]noaa-spc-reports/pwlh/noaa_spc-wind.c.cpp.csv
-> size (bytes): 397,433
-> 51.95% of original


RESULTS
--------------------------(same file!)
CoderPWLH
ORIGINAL FILE:
-> name: /Users/pablocerve/Documents/FING/Proyecto/datasets-csv/[6]noaa-spc-reports/wind/noaa_spc-wind.csv
-> size (bytes): 765,001
COMPRESSED FILE:
-> name: /Users/pablocerve/Documents/FING/Proyecto/pc-tesis/dataset_parser/scripts/compress/output/[6]noaa-spc-reports/pwlh/noaa_spc-wind.c.cpp.csv
-> size (bytes): 402,238
-> 52.58% of original


RESULTS
--------------------------(same file!)
CoderPWLH
ORIGINAL FILE:
-> name: /Users/pablocerve/Documents/FING/Proyecto/datasets-csv/[6]noaa-spc-reports/wind/noaa_spc-wind.csv
-> size (bytes): 765,001
COMPRESSED FILE:
-> name: /Users/pablocerve/Documents/FING/Proyecto/pc-tesis/dataset_parser/scripts/compress/output/[6]noaa-spc-reports/pwlh/noaa_spc-wind.c.cpp.csv
-> size (bytes): 417,760
-> 54.61% of original


RESULTS
--------------------------(same file!)
CoderPWLH
ORIGINAL FILE:
-> name: /Users/pablocerve/Documents/FING/Proyecto/datasets-csv/[6]noaa-spc-reports/wind/noaa_spc-wind.csv
-> size (bytes): 765,001
COMPRESSED FILE:
-> name: /Users/pablocerve/Documents/FING/Proyecto/pc-tesis/dataset_parser/scripts/compress/output/[6]noaa-spc-reports/pwlh/noaa_spc-wind.c.cpp.csv
-> size (bytes): 382,555
-> 50.01% of original


RESULTS
--------------------------(same file!)
CoderPWLH
ORIGINAL FILE:
-> name: /Users/pablocerve/Documents/FING/Proyecto/datasets-csv/[6]noaa-spc-reports/wind/noaa_spc-wind.csv
-> size (bytes): 765,001
COMPRESSED FILE:
-> name: /Users/pablocerve/Documents/FING/Proyecto/pc-tesis/dataset_parser/scripts/compress/output/[6]noaa-spc-reports/pwlh/noaa_spc-wind.c.cpp.csv
-> size (bytes): 373,356
-> 48.8% of original


RESULTS
--------------------------(same file!)
CoderPWLH
ORIGINAL FILE:
-> name: /Users/pablocerve/Documents/FING/Proyecto/datasets-csv/[6]noaa-spc-reports/wind/noaa_spc-wind.csv
-> size (bytes): 765,001
COMPRESSED FILE:
-> name: /Users/pablocerve/Documents/FING/Proyecto/pc-tesis/dataset_parser/scripts/compress/output/[6]noaa-spc-reports/pwlh/noaa_spc-wind.c.cpp.csv
-> size (bytes): 376,614
-> 49.23% of original


RESULTS
--------------------------(same file!)
CoderPWLH
ORIGINAL FILE:
-> name: /Users/pablocerve/Documents/FING/Proyecto/datasets-csv/[6]noaa-spc-reports/wind/noaa_spc-wind.csv
-> size (bytes): 765,001
COMPRESSED FILE:
-> name: /Users/pablocerve/Documents/FING/Proyecto/pc-tesis/dataset_parser/scripts/compress/output/[6]noaa-spc-reports/pwlh/noaa_spc-wind.c.cpp.csv
-> size (bytes): 381,144
-> 49.82% of original


RESULTS
--------------------------(same file!)
CoderPWLH
ORIGINAL FILE:
-> name: /Users/pablocerve/Documents/FING/Proyecto/datasets-csv/[6]noaa-spc-reports/wind/noaa_spc-wind.csv
-> size (bytes): 765,001
COMPRESSED FILE:
-> name: /Users/pablocerve/Documents/FING/Proyecto/pc-tesis/dataset_parser/scripts/compress/output/[6]noaa-spc-reports/pwlh/noaa_spc-wind.c.cpp.csv
-> size (bytes): 385,700
-> 50.42% of original


RESULTS
--------------------------(same file!)
CoderPWLH
ORIGINAL FILE:
-> name: /Users/pablocerve/Documents/FING/Proyecto/datasets-csv/[6]noaa-spc-reports/wind/noaa_spc-wind.csv
-> size (bytes): 765,001
COMPRESSED FILE:
-> name: /Users/pablocerve/Documents/FING/Proyecto/pc-tesis/dataset_parser/scripts/compress/output/[6]noaa-spc-reports/pwlh/noaa_spc-wind.c.cpp.csv
-> size (bytes): 401,640
-> 52.5% of original


RESULTS
--------------------------(same file!)
CoderPWLH
ORIGINAL FILE:
-> name: /Users/pablocerve/Documents/FING/Proyecto/datasets-csv/[6]noaa-spc-reports/wind/noaa_spc-wind.csv
-> size (bytes): 765,001
COMPRESSED FILE:
-> name: /Users/pablocerve/Documents/FING/Proyecto/pc-tesis/dataset_parser/scripts/compress/output/[6]noaa-spc-reports/pwlh/noaa_spc-wind.c.cpp.csv
-> size (bytes): 361,103
-> 47.2% of original


RESULTS
--------------------------(same file!)
CoderPWLH
ORIGINAL FILE:
-> name: /Users/pablocerve/Documents/FING/Proyecto/datasets-csv/[6]noaa-spc-reports/wind/noaa_spc-wind.csv
-> size (bytes): 765,001
COMPRESSED FILE:
-> name: /Users/pablocerve/Documents/FING/Proyecto/pc-tesis/dataset_parser/scripts/compress/output/[6]noaa-spc-reports/pwlh/noaa_spc-wind.c.cpp.csv
-> size (bytes): 349,639
-> 45.7% of original


RESULTS
--------------------------(same file!)
CoderPWLH
ORIGINAL FILE:
-> name: /Users/pablocerve/Documents/FING/Proyecto/datasets-csv/[6]noaa-spc-reports/wind/noaa_spc-wind.csv
-> size (bytes): 765,001
COMPRESSED FILE:
-> name: /Users/pablocerve/Documents/FING/Proyecto/pc-tesis/dataset_parser/scripts/compress/output/[6]noaa-spc-reports/pwlh/noaa_spc-wind.c.cpp.csv
-> size (bytes): 352,341
-> 46.06% of original


RESULTS
--------------------------(same file!)
CoderPWLH
ORIGINAL FILE:
-> name: /Users/pablocerve/Documents/FING/Proyecto/datasets-csv/[6]noaa-spc-reports/wind/noaa_spc-wind.csv
-> size (bytes): 765,001
COMPRESSED FILE:
-> name: /Users/pablocerve/Documents/FING/Proyecto/pc-tesis/dataset_parser/scripts/compress/output/[6]noaa-spc-reports/pwlh/noaa_spc-wind.c.cpp.csv
-> size (bytes): 356,500
-> 46.6% of original


RESULTS
--------------------------(same file!)
CoderPWLH
ORIGINAL FILE:
-> name: /Users/pablocerve/Documents/FING/Proyecto/datasets-csv/[6]noaa-spc-reports/wind/noaa_spc-wind.csv
-> size (bytes): 765,001
COMPRESSED FILE:
-> name: /Users/pablocerve/Documents/FING/Proyecto/pc-tesis/dataset_parser/scripts/compress/output/[6]noaa-spc-reports/pwlh/noaa_spc-wind.c.cpp.csv
-> size (bytes): 360,684
-> 47.15% of original


RESULTS
--------------------------(same file!)
CoderPWLHint
ORIGINAL FILE:
-> name: /Users/pablocerve/Documents/FING/Proyecto/datasets-csv/[6]noaa-spc-reports/wind/noaa_spc-wind.csv
-> size (bytes): 765,001
COMPRESSED FILE:
-> name: /Users/pablocerve/Documents/FING/Proyecto/pc-tesis/dataset_parser/scripts/compress/output/[6]noaa-spc-reports/pwlh-int/noaa_spc-wind.c.cpp.csv
-> size (bytes): 283,263
-> 37.03% of original


RESULTS
--------------------------(same file!)
CoderPWLHint
ORIGINAL FILE:
-> name: /Users/pablocerve/Documents/FING/Proyecto/datasets-csv/[6]noaa-spc-reports/wind/noaa_spc-wind.csv
-> size (bytes): 765,001
COMPRESSED FILE:
-> name: /Users/pablocerve/Documents/FING/Proyecto/pc-tesis/dataset_parser/scripts/compress/output/[6]noaa-spc-reports/pwlh-int/noaa_spc-wind.c.cpp.csv
-> size (bytes): 285,414
-> 37.31% of original


RESULTS
--------------------------(same file!)
CoderPWLHint
ORIGINAL FILE:
-> name: /Users/pablocerve/Documents/FING/Proyecto/datasets-csv/[6]noaa-spc-reports/wind/noaa_spc-wind.csv
-> size (bytes): 765,001
COMPRESSED FILE:
-> name: /Users/pablocerve/Documents/FING/Proyecto/pc-tesis/dataset_parser/scripts/compress/output/[6]noaa-spc-reports/pwlh-int/noaa_spc-wind.c.cpp.csv
-> size (bytes): 292,069
-> 38.18% of original


RESULTS
--------------------------(same file!)
CoderPWLHint
ORIGINAL FILE:
-> name: /Users/pablocerve/Documents/FING/Proyecto/datasets-csv/[6]noaa-spc-reports/wind/noaa_spc-wind.csv
-> size (bytes): 765,001
COMPRESSED FILE:
-> name: /Users/pablocerve/Documents/FING/Proyecto/pc-tesis/dataset_parser/scripts/compress/output/[6]noaa-spc-reports/pwlh-int/noaa_spc-wind.c.cpp.csv
-> size (bytes): 299,163
-> 39.11% of original


RESULTS
--------------------------(same file!)
CoderPWLHint
ORIGINAL FILE:
-> name: /Users/pablocerve/Documents/FING/Proyecto/datasets-csv/[6]noaa-spc-reports/wind/noaa_spc-wind.csv
-> size (bytes): 765,001
COMPRESSED FILE:
-> name: /Users/pablocerve/Documents/FING/Proyecto/pc-tesis/dataset_parser/scripts/compress/output/[6]noaa-spc-reports/pwlh-int/noaa_spc-wind.c.cpp.csv
-> size (bytes): 306,258
-> 40.03% of original


RESULTS
--------------------------(same file!)
CoderPWLHint
ORIGINAL FILE:
-> name: /Users/pablocerve/Documents/FING/Proyecto/datasets-csv/[6]noaa-spc-reports/wind/noaa_spc-wind.csv
-> size (bytes): 765,001
COMPRESSED FILE:
-> name: /Users/pablocerve/Documents/FING/Proyecto/pc-tesis/dataset_parser/scripts/compress/output/[6]noaa-spc-reports/pwlh-int/noaa_spc-wind.c.cpp.csv
-> size (bytes): 313,353
-> 40.96% of original


RESULTS
--------------------------(same file!)
CoderPWLHint
ORIGINAL FILE:
-> name: /Users/pablocerve/Documents/FING/Proyecto/datasets-csv/[6]noaa-spc-reports/wind/noaa_spc-wind.csv
-> size (bytes): 765,001
COMPRESSED FILE:
-> name: /Users/pablocerve/Documents/FING/Proyecto/pc-tesis/dataset_parser/scripts/compress/output/[6]noaa-spc-reports/pwlh-int/noaa_spc-wind.c.cpp.csv
-> size (bytes): 272,622
-> 35.64% of original


RESULTS
--------------------------(same file!)
CoderPWLHint
ORIGINAL FILE:
-> name: /Users/pablocerve/Documents/FING/Proyecto/datasets-csv/[6]noaa-spc-reports/wind/noaa_spc-wind.csv
-> size (bytes): 765,001
COMPRESSED FILE:
-> name: /Users/pablocerve/Documents/FING/Proyecto/pc-tesis/dataset_parser/scripts/compress/output/[6]noaa-spc-reports/pwlh-int/noaa_spc-wind.c.cpp.csv
-> size (bytes): 274,257
-> 35.85% of original


RESULTS
--------------------------(same file!)
CoderPWLHint
ORIGINAL FILE:
-> name: /Users/pablocerve/Documents/FING/Proyecto/datasets-csv/[6]noaa-spc-reports/wind/noaa_spc-wind.csv
-> size (bytes): 765,001
COMPRESSED FILE:
-> name: /Users/pablocerve/Documents/FING/Proyecto/pc-tesis/dataset_parser/scripts/compress/output/[6]noaa-spc-reports/pwlh-int/noaa_spc-wind.c.cpp.csv
-> size (bytes): 280,556
-> 36.67% of original


RESULTS
--------------------------(same file!)
CoderPWLHint
ORIGINAL FILE:
-> name: /Users/pablocerve/Documents/FING/Proyecto/datasets-csv/[6]noaa-spc-reports/wind/noaa_spc-wind.csv
-> size (bytes): 765,001
COMPRESSED FILE:
-> name: /Users/pablocerve/Documents/FING/Proyecto/pc-tesis/dataset_parser/scripts/compress/output/[6]noaa-spc-reports/pwlh-int/noaa_spc-wind.c.cpp.csv
-> size (bytes): 287,268
-> 37.55% of original


RESULTS
--------------------------(same file!)
CoderPWLHint
ORIGINAL FILE:
-> name: /Users/pablocerve/Documents/FING/Proyecto/datasets-csv/[6]noaa-spc-reports/wind/noaa_spc-wind.csv
-> size (bytes): 765,001
COMPRESSED FILE:
-> name: /Users/pablocerve/Documents/FING/Proyecto/pc-tesis/dataset_parser/scripts/compress/output/[6]noaa-spc-reports/pwlh-int/noaa_spc-wind.c.cpp.csv
-> size (bytes): 293,979
-> 38.43% of original


RESULTS
--------------------------(same file!)
CoderPWLHint
ORIGINAL FILE:
-> name: /Users/pablocerve/Documents/FING/Proyecto/datasets-csv/[6]noaa-spc-reports/wind/noaa_spc-wind.csv
-> size (bytes): 765,001
COMPRESSED FILE:
-> name: /Users/pablocerve/Documents/FING/Proyecto/pc-tesis/dataset_parser/scripts/compress/output/[6]noaa-spc-reports/pwlh-int/noaa_spc-wind.c.cpp.csv
-> size (bytes): 300,690
-> 39.31% of original


RESULTS
--------------------------(same file!)
CoderPWLHint
ORIGINAL FILE:
-> name: /Users/pablocerve/Documents/FING/Proyecto/datasets-csv/[6]noaa-spc-reports/wind/noaa_spc-wind.csv
-> size (bytes): 765,001
COMPRESSED FILE:
-> name: /Users/pablocerve/Documents/FING/Proyecto/pc-tesis/dataset_parser/scripts/compress/output/[6]noaa-spc-reports/pwlh-int/noaa_spc-wind.c.cpp.csv
-> size (bytes): 258,214
-> 33.75% of original


RESULTS
--------------------------(same file!)
CoderPWLHint
ORIGINAL FILE:
-> name: /Users/pablocerve/Documents/FING/Proyecto/datasets-csv/[6]noaa-spc-reports/wind/noaa_spc-wind.csv
-> size (bytes): 765,001
COMPRESSED FILE:
-> name: /Users/pablocerve/Documents/FING/Proyecto/pc-tesis/dataset_parser/scripts/compress/output/[6]noaa-spc-reports/pwlh-int/noaa_spc-wind.c.cpp.csv
-> size (bytes): 253,838
-> 33.18% of original


RESULTS
--------------------------(same file!)
CoderPWLHint
ORIGINAL FILE:
-> name: /Users/pablocerve/Documents/FING/Proyecto/datasets-csv/[6]noaa-spc-reports/wind/noaa_spc-wind.csv
-> size (bytes): 765,001
COMPRESSED FILE:
-> name: /Users/pablocerve/Documents/FING/Proyecto/pc-tesis/dataset_parser/scripts/compress/output/[6]noaa-spc-reports/pwlh-int/noaa_spc-wind.c.cpp.csv
-> size (bytes): 255,810
-> 33.44% of original


RESULTS
--------------------------(same file!)
CoderPWLHint
ORIGINAL FILE:
-> name: /Users/pablocerve/Documents/FING/Proyecto/datasets-csv/[6]noaa-spc-reports/wind/noaa_spc-wind.csv
-> size (bytes): 765,001
COMPRESSED FILE:
-> name: /Users/pablocerve/Documents/FING/Proyecto/pc-tesis/dataset_parser/scripts/compress/output/[6]noaa-spc-reports/pwlh-int/noaa_spc-wind.c.cpp.csv
-> size (bytes): 261,194
-> 34.14% of original


RESULTS
--------------------------(same file!)
CoderPWLHint
ORIGINAL FILE:
-> name: /Users/pablocerve/Documents/FING/Proyecto/datasets-csv/[6]noaa-spc-reports/wind/noaa_spc-wind.csv
-> size (bytes): 765,001
COMPRESSED FILE:
-> name: /Users/pablocerve/Documents/FING/Proyecto/pc-tesis/dataset_parser/scripts/compress/output/[6]noaa-spc-reports/pwlh-int/noaa_spc-wind.c.cpp.csv
-> size (bytes): 267,018
-> 34.9% of original


RESULTS
--------------------------(same file!)
CoderPWLHint
ORIGINAL FILE:
-> name: /Users/pablocerve/Documents/FING/Proyecto/datasets-csv/[6]noaa-spc-reports/wind/noaa_spc-wind.csv
-> size (bytes): 765,001
COMPRESSED FILE:
-> name: /Users/pablocerve/Documents/FING/Proyecto/pc-tesis/dataset_parser/scripts/compress/output/[6]noaa-spc-reports/pwlh-int/noaa_spc-wind.c.cpp.csv
-> size (bytes): 272,854
-> 35.67% of original


RESULTS
--------------------------(same file!)
CoderPWLHint
ORIGINAL FILE:
-> name: /Users/pablocerve/Documents/FING/Proyecto/datasets-csv/[6]noaa-spc-reports/wind/noaa_spc-wind.csv
-> size (bytes): 765,001
COMPRESSED FILE:
-> name: /Users/pablocerve/Documents/FING/Proyecto/pc-tesis/dataset_parser/scripts/compress/output/[6]noaa-spc-reports/pwlh-int/noaa_spc-wind.c.cpp.csv
-> size (bytes): 252,486
-> 33.0% of original


RESULTS
--------------------------(same file!)
CoderPWLHint
ORIGINAL FILE:
-> name: /Users/pablocerve/Documents/FING/Proyecto/datasets-csv/[6]noaa-spc-reports/wind/noaa_spc-wind.csv
-> size (bytes): 765,001
COMPRESSED FILE:
-> name: /Users/pablocerve/Documents/FING/Proyecto/pc-tesis/dataset_parser/scripts/compress/output/[6]noaa-spc-reports/pwlh-int/noaa_spc-wind.c.cpp.csv
-> size (bytes): 246,899
-> 32.27% of original


RESULTS
--------------------------(same file!)
CoderPWLHint
ORIGINAL FILE:
-> name: /Users/pablocerve/Documents/FING/Proyecto/datasets-csv/[6]noaa-spc-reports/wind/noaa_spc-wind.csv
-> size (bytes): 765,001
COMPRESSED FILE:
-> name: /Users/pablocerve/Documents/FING/Proyecto/pc-tesis/dataset_parser/scripts/compress/output/[6]noaa-spc-reports/pwlh-int/noaa_spc-wind.c.cpp.csv
-> size (bytes): 248,450
-> 32.48% of original


RESULTS
--------------------------(same file!)
CoderPWLHint
ORIGINAL FILE:
-> name: /Users/pablocerve/Documents/FING/Proyecto/datasets-csv/[6]noaa-spc-reports/wind/noaa_spc-wind.csv
-> size (bytes): 765,001
COMPRESSED FILE:
-> name: /Users/pablocerve/Documents/FING/Proyecto/pc-tesis/dataset_parser/scripts/compress/output/[6]noaa-spc-reports/pwlh-int/noaa_spc-wind.c.cpp.csv
-> size (bytes): 253,588
-> 33.15% of original


RESULTS
--------------------------(same file!)
CoderPWLHint
ORIGINAL FILE:
-> name: /Users/pablocerve/Documents/FING/Proyecto/datasets-csv/[6]noaa-spc-reports/wind/noaa_spc-wind.csv
-> size (bytes): 765,001
COMPRESSED FILE:
-> name: /Users/pablocerve/Documents/FING/Proyecto/pc-tesis/dataset_parser/scripts/compress/output/[6]noaa-spc-reports/pwlh-int/noaa_spc-wind.c.cpp.csv
-> size (bytes): 259,171
-> 33.88% of original


RESULTS
--------------------------(same file!)
CoderPWLHint
ORIGINAL FILE:
-> name: /Users/pablocerve/Documents/FING/Proyecto/datasets-csv/[6]noaa-spc-reports/wind/noaa_spc-wind.csv
-> size (bytes): 765,001
COMPRESSED FILE:
-> name: /Users/pablocerve/Documents/FING/Proyecto/pc-tesis/dataset_parser/scripts/compress/output/[6]noaa-spc-reports/pwlh-int/noaa_spc-wind.c.cpp.csv
-> size (bytes): 264,765
-> 34.61% of original


RESULTS
--------------------------(same file!)
CoderPWLHint
ORIGINAL FILE:
-> name: /Users/pablocerve/Documents/FING/Proyecto/datasets-csv/[6]noaa-spc-reports/wind/noaa_spc-wind.csv
-> size (bytes): 765,001
COMPRESSED FILE:
-> name: /Users/pablocerve/Documents/FING/Proyecto/pc-tesis/dataset_parser/scripts/compress/output/[6]noaa-spc-reports/pwlh-int/noaa_spc-wind.c.cpp.csv
-> size (bytes): 242,720
-> 31.73% of original


RESULTS
--------------------------(same file!)
CoderPWLHint
ORIGINAL FILE:
-> name: /Users/pablocerve/Documents/FING/Proyecto/datasets-csv/[6]noaa-spc-reports/wind/noaa_spc-wind.csv
-> size (bytes): 765,001
COMPRESSED FILE:
-> name: /Users/pablocerve/Documents/FING/Proyecto/pc-tesis/dataset_parser/scripts/compress/output/[6]noaa-spc-reports/pwlh-int/noaa_spc-wind.c.cpp.csv
-> size (bytes): 234,635
-> 30.67% of original


RESULTS
--------------------------(same file!)
CoderPWLHint
ORIGINAL FILE:
-> name: /Users/pablocerve/Documents/FING/Proyecto/datasets-csv/[6]noaa-spc-reports/wind/noaa_spc-wind.csv
-> size (bytes): 765,001
COMPRESSED FILE:
-> name: /Users/pablocerve/Documents/FING/Proyecto/pc-tesis/dataset_parser/scripts/compress/output/[6]noaa-spc-reports/pwlh-int/noaa_spc-wind.c.cpp.csv
-> size (bytes): 235,260
-> 30.75% of original


RESULTS
--------------------------(same file!)
CoderPWLHint
ORIGINAL FILE:
-> name: /Users/pablocerve/Documents/FING/Proyecto/datasets-csv/[6]noaa-spc-reports/wind/noaa_spc-wind.csv
-> size (bytes): 765,001
COMPRESSED FILE:
-> name: /Users/pablocerve/Documents/FING/Proyecto/pc-tesis/dataset_parser/scripts/compress/output/[6]noaa-spc-reports/pwlh-int/noaa_spc-wind.c.cpp.csv
-> size (bytes): 239,952
-> 31.37% of original


RESULTS
--------------------------(same file!)
CoderPWLHint
ORIGINAL FILE:
-> name: /Users/pablocerve/Documents/FING/Proyecto/datasets-csv/[6]noaa-spc-reports/wind/noaa_spc-wind.csv
-> size (bytes): 765,001
COMPRESSED FILE:
-> name: /Users/pablocerve/Documents/FING/Proyecto/pc-tesis/dataset_parser/scripts/compress/output/[6]noaa-spc-reports/pwlh-int/noaa_spc-wind.c.cpp.csv
-> size (bytes): 245,097
-> 32.04% of original


RESULTS
--------------------------(same file!)
CoderPWLHint
ORIGINAL FILE:
-> name: /Users/pablocerve/Documents/FING/Proyecto/datasets-csv/[6]noaa-spc-reports/wind/noaa_spc-wind.csv
-> size (bytes): 765,001
COMPRESSED FILE:
-> name: /Users/pablocerve/Documents/FING/Proyecto/pc-tesis/dataset_parser/scripts/compress/output/[6]noaa-spc-reports/pwlh-int/noaa_spc-wind.c.cpp.csv
-> size (bytes): 250,253
-> 32.71% of original


RESULTS
--------------------------(same file!)
CoderPWLHint
ORIGINAL FILE:
-> name: /Users/pablocerve/Documents/FING/Proyecto/datasets-csv/[6]noaa-spc-reports/wind/noaa_spc-wind.csv
-> size (bytes): 765,001
COMPRESSED FILE:
-> name: /Users/pablocerve/Documents/FING/Proyecto/pc-tesis/dataset_parser/scripts/compress/output/[6]noaa-spc-reports/pwlh-int/noaa_spc-wind.c.cpp.csv
-> size (bytes): 236,289
-> 30.89% of original


RESULTS
--------------------------(same file!)
CoderPWLHint
ORIGINAL FILE:
-> name: /Users/pablocerve/Documents/FING/Proyecto/datasets-csv/[6]noaa-spc-reports/wind/noaa_spc-wind.csv
-> size (bytes): 765,001
COMPRESSED FILE:
-> name: /Users/pablocerve/Documents/FING/Proyecto/pc-tesis/dataset_parser/scripts/compress/output/[6]noaa-spc-reports/pwlh-int/noaa_spc-wind.c.cpp.csv
-> size (bytes): 226,113
-> 29.56% of original


RESULTS
--------------------------(same file!)
CoderPWLHint
ORIGINAL FILE:
-> name: /Users/pablocerve/Documents/FING/Proyecto/datasets-csv/[6]noaa-spc-reports/wind/noaa_spc-wind.csv
-> size (bytes): 765,001
COMPRESSED FILE:
-> name: /Users/pablocerve/Documents/FING/Proyecto/pc-tesis/dataset_parser/scripts/compress/output/[6]noaa-spc-reports/pwlh-int/noaa_spc-wind.c.cpp.csv
-> size (bytes): 225,880
-> 29.53% of original


RESULTS
--------------------------(same file!)
CoderPWLHint
ORIGINAL FILE:
-> name: /Users/pablocerve/Documents/FING/Proyecto/datasets-csv/[6]noaa-spc-reports/wind/noaa_spc-wind.csv
-> size (bytes): 765,001
COMPRESSED FILE:
-> name: /Users/pablocerve/Documents/FING/Proyecto/pc-tesis/dataset_parser/scripts/compress/output/[6]noaa-spc-reports/pwlh-int/noaa_spc-wind.c.cpp.csv
-> size (bytes): 230,252
-> 30.1% of original


RESULTS
--------------------------(same file!)
CoderPWLHint
ORIGINAL FILE:
-> name: /Users/pablocerve/Documents/FING/Proyecto/datasets-csv/[6]noaa-spc-reports/wind/noaa_spc-wind.csv
-> size (bytes): 765,001
COMPRESSED FILE:
-> name: /Users/pablocerve/Documents/FING/Proyecto/pc-tesis/dataset_parser/scripts/compress/output/[6]noaa-spc-reports/pwlh-int/noaa_spc-wind.c.cpp.csv
-> size (bytes): 235,081
-> 30.73% of original


RESULTS
--------------------------(same file!)
CoderPWLHint
ORIGINAL FILE:
-> name: /Users/pablocerve/Documents/FING/Proyecto/datasets-csv/[6]noaa-spc-reports/wind/noaa_spc-wind.csv
-> size (bytes): 765,001
COMPRESSED FILE:
-> name: /Users/pablocerve/Documents/FING/Proyecto/pc-tesis/dataset_parser/scripts/compress/output/[6]noaa-spc-reports/pwlh-int/noaa_spc-wind.c.cpp.csv
-> size (bytes): 239,921
-> 31.36% of original


RESULTS
--------------------------(same file!)
CoderPWLHint
ORIGINAL FILE:
-> name: /Users/pablocerve/Documents/FING/Proyecto/datasets-csv/[6]noaa-spc-reports/wind/noaa_spc-wind.csv
-> size (bytes): 765,001
COMPRESSED FILE:
-> name: /Users/pablocerve/Documents/FING/Proyecto/pc-tesis/dataset_parser/scripts/compress/output/[6]noaa-spc-reports/pwlh-int/noaa_spc-wind.c.cpp.csv
-> size (bytes): 231,411
-> 30.25% of original


RESULTS
--------------------------(same file!)
CoderPWLHint
ORIGINAL FILE:
-> name: /Users/pablocerve/Documents/FING/Proyecto/datasets-csv/[6]noaa-spc-reports/wind/noaa_spc-wind.csv
-> size (bytes): 765,001
COMPRESSED FILE:
-> name: /Users/pablocerve/Documents/FING/Proyecto/pc-tesis/dataset_parser/scripts/compress/output/[6]noaa-spc-reports/pwlh-int/noaa_spc-wind.c.cpp.csv
-> size (bytes): 219,542
-> 28.7% of original


RESULTS
--------------------------(same file!)
CoderPWLHint
ORIGINAL FILE:
-> name: /Users/pablocerve/Documents/FING/Proyecto/datasets-csv/[6]noaa-spc-reports/wind/noaa_spc-wind.csv
-> size (bytes): 765,001
COMPRESSED FILE:
-> name: /Users/pablocerve/Documents/FING/Proyecto/pc-tesis/dataset_parser/scripts/compress/output/[6]noaa-spc-reports/pwlh-int/noaa_spc-wind.c.cpp.csv
-> size (bytes): 218,501
-> 28.56% of original


RESULTS
--------------------------(same file!)
CoderPWLHint
ORIGINAL FILE:
-> name: /Users/pablocerve/Documents/FING/Proyecto/datasets-csv/[6]noaa-spc-reports/wind/noaa_spc-wind.csv
-> size (bytes): 765,001
COMPRESSED FILE:
-> name: /Users/pablocerve/Documents/FING/Proyecto/pc-tesis/dataset_parser/scripts/compress/output/[6]noaa-spc-reports/pwlh-int/noaa_spc-wind.c.cpp.csv
-> size (bytes): 222,581
-> 29.1% of original


RESULTS
--------------------------(same file!)
CoderPWLHint
ORIGINAL FILE:
-> name: /Users/pablocerve/Documents/FING/Proyecto/datasets-csv/[6]noaa-spc-reports/wind/noaa_spc-wind.csv
-> size (bytes): 765,001
COMPRESSED FILE:
-> name: /Users/pablocerve/Documents/FING/Proyecto/pc-tesis/dataset_parser/scripts/compress/output/[6]noaa-spc-reports/pwlh-int/noaa_spc-wind.c.cpp.csv
-> size (bytes): 227,159
-> 29.69% of original


RESULTS
--------------------------(same file!)
CoderPWLHint
ORIGINAL FILE:
-> name: /Users/pablocerve/Documents/FING/Proyecto/datasets-csv/[6]noaa-spc-reports/wind/noaa_spc-wind.csv
-> size (bytes): 765,001
COMPRESSED FILE:
-> name: /Users/pablocerve/Documents/FING/Proyecto/pc-tesis/dataset_parser/scripts/compress/output/[6]noaa-spc-reports/pwlh-int/noaa_spc-wind.c.cpp.csv
-> size (bytes): 231,748
-> 30.29% of original


RESULTS
--------------------------(same file!)
CoderPWLHint
ORIGINAL FILE:
-> name: /Users/pablocerve/Documents/FING/Proyecto/datasets-csv/[6]noaa-spc-reports/wind/noaa_spc-wind.csv
-> size (bytes): 765,001
COMPRESSED FILE:
-> name: /Users/pablocerve/Documents/FING/Proyecto/pc-tesis/dataset_parser/scripts/compress/output/[6]noaa-spc-reports/pwlh-int/noaa_spc-wind.c.cpp.csv
-> size (bytes): 224,167
-> 29.3% of original


RESULTS
--------------------------(same file!)
CoderPWLHint
ORIGINAL FILE:
-> name: /Users/pablocerve/Documents/FING/Proyecto/datasets-csv/[6]noaa-spc-reports/wind/noaa_spc-wind.csv
-> size (bytes): 765,001
COMPRESSED FILE:
-> name: /Users/pablocerve/Documents/FING/Proyecto/pc-tesis/dataset_parser/scripts/compress/output/[6]noaa-spc-reports/pwlh-int/noaa_spc-wind.c.cpp.csv
-> size (bytes): 209,690
-> 27.41% of original


RESULTS
--------------------------(same file!)
CoderPWLHint
ORIGINAL FILE:
-> name: /Users/pablocerve/Documents/FING/Proyecto/datasets-csv/[6]noaa-spc-reports/wind/noaa_spc-wind.csv
-> size (bytes): 765,001
COMPRESSED FILE:
-> name: /Users/pablocerve/Documents/FING/Proyecto/pc-tesis/dataset_parser/scripts/compress/output/[6]noaa-spc-reports/pwlh-int/noaa_spc-wind.c.cpp.csv
-> size (bytes): 207,419
-> 27.11% of original


RESULTS
--------------------------(same file!)
CoderPWLHint
ORIGINAL FILE:
-> name: /Users/pablocerve/Documents/FING/Proyecto/datasets-csv/[6]noaa-spc-reports/wind/noaa_spc-wind.csv
-> size (bytes): 765,001
COMPRESSED FILE:
-> name: /Users/pablocerve/Documents/FING/Proyecto/pc-tesis/dataset_parser/scripts/compress/output/[6]noaa-spc-reports/pwlh-int/noaa_spc-wind.c.cpp.csv
-> size (bytes): 211,041
-> 27.59% of original


RESULTS
--------------------------(same file!)
CoderPWLHint
ORIGINAL FILE:
-> name: /Users/pablocerve/Documents/FING/Proyecto/datasets-csv/[6]noaa-spc-reports/wind/noaa_spc-wind.csv
-> size (bytes): 765,001
COMPRESSED FILE:
-> name: /Users/pablocerve/Documents/FING/Proyecto/pc-tesis/dataset_parser/scripts/compress/output/[6]noaa-spc-reports/pwlh-int/noaa_spc-wind.c.cpp.csv
-> size (bytes): 215,246
-> 28.14% of original


RESULTS
--------------------------(same file!)
CoderPWLHint
ORIGINAL FILE:
-> name: /Users/pablocerve/Documents/FING/Proyecto/datasets-csv/[6]noaa-spc-reports/wind/noaa_spc-wind.csv
-> size (bytes): 765,001
COMPRESSED FILE:
-> name: /Users/pablocerve/Documents/FING/Proyecto/pc-tesis/dataset_parser/scripts/compress/output/[6]noaa-spc-reports/pwlh-int/noaa_spc-wind.c.cpp.csv
-> size (bytes): 219,463
-> 28.69% of original

