
RESULTS
--------------------------(same file!)
CoderBasic
ORIGINAL FILE:
-> name: /Users/pablocerve/Documents/FING/Proyecto/datasets-csv/[6]noaa-spc-reports/wind/noaa_spc-wind.csv
-> size (bytes): 765,001
COMPRESSED FILE:
-> name: /Users/pablocerve/Documents/FING/Proyecto/pc-tesis/dataset_parser/scripts/compress/output/[6]noaa-spc-reports/basic/noaa_spc-wind.c.cpp.csv
-> size (bytes): 282,390
-> 36.91% of original


RESULTS
--------------------------(same file!)
CoderPWLH
ORIGINAL FILE:
-> name: /Users/pablocerve/Documents/FING/Proyecto/datasets-csv/[6]noaa-spc-reports/wind/noaa_spc-wind.csv
-> size (bytes): 765,001
COMPRESSED FILE:
-> name: /Users/pablocerve/Documents/FING/Proyecto/pc-tesis/dataset_parser/scripts/compress/output/[6]noaa-spc-reports/pwlh/noaa_spc-wind.c.cpp.csv
-> size (bytes): 536,440
-> 70.12% of original


RESULTS
--------------------------(same file!)
CoderPWLH
ORIGINAL FILE:
-> name: /Users/pablocerve/Documents/FING/Proyecto/datasets-csv/[6]noaa-spc-reports/wind/noaa_spc-wind.csv
-> size (bytes): 765,001
COMPRESSED FILE:
-> name: /Users/pablocerve/Documents/FING/Proyecto/pc-tesis/dataset_parser/scripts/compress/output/[6]noaa-spc-reports/pwlh/noaa_spc-wind.c.cpp.csv
-> size (bytes): 531,329
-> 69.45% of original


RESULTS
--------------------------(same file!)
CoderPWLH
ORIGINAL FILE:
-> name: /Users/pablocerve/Documents/FING/Proyecto/datasets-csv/[6]noaa-spc-reports/wind/noaa_spc-wind.csv
-> size (bytes): 765,001
COMPRESSED FILE:
-> name: /Users/pablocerve/Documents/FING/Proyecto/pc-tesis/dataset_parser/scripts/compress/output/[6]noaa-spc-reports/pwlh/noaa_spc-wind.c.cpp.csv
-> size (bytes): 537,363
-> 70.24% of original


RESULTS
--------------------------(same file!)
CoderPWLH
ORIGINAL FILE:
-> name: /Users/pablocerve/Documents/FING/Proyecto/datasets-csv/[6]noaa-spc-reports/wind/noaa_spc-wind.csv
-> size (bytes): 765,001
COMPRESSED FILE:
-> name: /Users/pablocerve/Documents/FING/Proyecto/pc-tesis/dataset_parser/scripts/compress/output/[6]noaa-spc-reports/pwlh/noaa_spc-wind.c.cpp.csv
-> size (bytes): 544,458
-> 71.17% of original


RESULTS
--------------------------(same file!)
CoderPWLH
ORIGINAL FILE:
-> name: /Users/pablocerve/Documents/FING/Proyecto/datasets-csv/[6]noaa-spc-reports/wind/noaa_spc-wind.csv
-> size (bytes): 765,001
COMPRESSED FILE:
-> name: /Users/pablocerve/Documents/FING/Proyecto/pc-tesis/dataset_parser/scripts/compress/output/[6]noaa-spc-reports/pwlh/noaa_spc-wind.c.cpp.csv
-> size (bytes): 551,553
-> 72.1% of original


RESULTS
--------------------------(same file!)
CoderPWLH
ORIGINAL FILE:
-> name: /Users/pablocerve/Documents/FING/Proyecto/datasets-csv/[6]noaa-spc-reports/wind/noaa_spc-wind.csv
-> size (bytes): 765,001
COMPRESSED FILE:
-> name: /Users/pablocerve/Documents/FING/Proyecto/pc-tesis/dataset_parser/scripts/compress/output/[6]noaa-spc-reports/pwlh/noaa_spc-wind.c.cpp.csv
-> size (bytes): 558,647
-> 73.03% of original


RESULTS
--------------------------(same file!)
CoderPWLH
ORIGINAL FILE:
-> name: /Users/pablocerve/Documents/FING/Proyecto/datasets-csv/[6]noaa-spc-reports/wind/noaa_spc-wind.csv
-> size (bytes): 765,001
COMPRESSED FILE:
-> name: /Users/pablocerve/Documents/FING/Proyecto/pc-tesis/dataset_parser/scripts/compress/output/[6]noaa-spc-reports/pwlh/noaa_spc-wind.c.cpp.csv
-> size (bytes): 508,559
-> 66.48% of original


RESULTS
--------------------------(same file!)
CoderPWLH
ORIGINAL FILE:
-> name: /Users/pablocerve/Documents/FING/Proyecto/datasets-csv/[6]noaa-spc-reports/wind/noaa_spc-wind.csv
-> size (bytes): 765,001
COMPRESSED FILE:
-> name: /Users/pablocerve/Documents/FING/Proyecto/pc-tesis/dataset_parser/scripts/compress/output/[6]noaa-spc-reports/pwlh/noaa_spc-wind.c.cpp.csv
-> size (bytes): 502,126
-> 65.64% of original


RESULTS
--------------------------(same file!)
CoderPWLH
ORIGINAL FILE:
-> name: /Users/pablocerve/Documents/FING/Proyecto/datasets-csv/[6]noaa-spc-reports/wind/noaa_spc-wind.csv
-> size (bytes): 765,001
COMPRESSED FILE:
-> name: /Users/pablocerve/Documents/FING/Proyecto/pc-tesis/dataset_parser/scripts/compress/output/[6]noaa-spc-reports/pwlh/noaa_spc-wind.c.cpp.csv
-> size (bytes): 507,761
-> 66.37% of original


RESULTS
--------------------------(same file!)
CoderPWLH
ORIGINAL FILE:
-> name: /Users/pablocerve/Documents/FING/Proyecto/datasets-csv/[6]noaa-spc-reports/wind/noaa_spc-wind.csv
-> size (bytes): 765,001
COMPRESSED FILE:
-> name: /Users/pablocerve/Documents/FING/Proyecto/pc-tesis/dataset_parser/scripts/compress/output/[6]noaa-spc-reports/pwlh/noaa_spc-wind.c.cpp.csv
-> size (bytes): 514,412
-> 67.24% of original


RESULTS
--------------------------(same file!)
CoderPWLH
ORIGINAL FILE:
-> name: /Users/pablocerve/Documents/FING/Proyecto/datasets-csv/[6]noaa-spc-reports/wind/noaa_spc-wind.csv
-> size (bytes): 765,001
COMPRESSED FILE:
-> name: /Users/pablocerve/Documents/FING/Proyecto/pc-tesis/dataset_parser/scripts/compress/output/[6]noaa-spc-reports/pwlh/noaa_spc-wind.c.cpp.csv
-> size (bytes): 521,063
-> 68.11% of original


RESULTS
--------------------------(same file!)
CoderPWLH
ORIGINAL FILE:
-> name: /Users/pablocerve/Documents/FING/Proyecto/datasets-csv/[6]noaa-spc-reports/wind/noaa_spc-wind.csv
-> size (bytes): 765,001
COMPRESSED FILE:
-> name: /Users/pablocerve/Documents/FING/Proyecto/pc-tesis/dataset_parser/scripts/compress/output/[6]noaa-spc-reports/pwlh/noaa_spc-wind.c.cpp.csv
-> size (bytes): 527,714
-> 68.98% of original


RESULTS
--------------------------(same file!)
CoderPWLH
ORIGINAL FILE:
-> name: /Users/pablocerve/Documents/FING/Proyecto/datasets-csv/[6]noaa-spc-reports/wind/noaa_spc-wind.csv
-> size (bytes): 765,001
COMPRESSED FILE:
-> name: /Users/pablocerve/Documents/FING/Proyecto/pc-tesis/dataset_parser/scripts/compress/output/[6]noaa-spc-reports/pwlh/noaa_spc-wind.c.cpp.csv
-> size (bytes): 477,128
-> 62.37% of original


RESULTS
--------------------------(same file!)
CoderPWLH
ORIGINAL FILE:
-> name: /Users/pablocerve/Documents/FING/Proyecto/datasets-csv/[6]noaa-spc-reports/wind/noaa_spc-wind.csv
-> size (bytes): 765,001
COMPRESSED FILE:
-> name: /Users/pablocerve/Documents/FING/Proyecto/pc-tesis/dataset_parser/scripts/compress/output/[6]noaa-spc-reports/pwlh/noaa_spc-wind.c.cpp.csv
-> size (bytes): 456,996
-> 59.74% of original


RESULTS
--------------------------(same file!)
CoderPWLH
ORIGINAL FILE:
-> name: /Users/pablocerve/Documents/FING/Proyecto/datasets-csv/[6]noaa-spc-reports/wind/noaa_spc-wind.csv
-> size (bytes): 765,001
COMPRESSED FILE:
-> name: /Users/pablocerve/Documents/FING/Proyecto/pc-tesis/dataset_parser/scripts/compress/output/[6]noaa-spc-reports/pwlh/noaa_spc-wind.c.cpp.csv
-> size (bytes): 452,827
-> 59.19% of original


RESULTS
--------------------------(same file!)
CoderPWLH
ORIGINAL FILE:
-> name: /Users/pablocerve/Documents/FING/Proyecto/datasets-csv/[6]noaa-spc-reports/wind/noaa_spc-wind.csv
-> size (bytes): 765,001
COMPRESSED FILE:
-> name: /Users/pablocerve/Documents/FING/Proyecto/pc-tesis/dataset_parser/scripts/compress/output/[6]noaa-spc-reports/pwlh/noaa_spc-wind.c.cpp.csv
-> size (bytes): 457,430
-> 59.79% of original


RESULTS
--------------------------(same file!)
CoderPWLH
ORIGINAL FILE:
-> name: /Users/pablocerve/Documents/FING/Proyecto/datasets-csv/[6]noaa-spc-reports/wind/noaa_spc-wind.csv
-> size (bytes): 765,001
COMPRESSED FILE:
-> name: /Users/pablocerve/Documents/FING/Proyecto/pc-tesis/dataset_parser/scripts/compress/output/[6]noaa-spc-reports/pwlh/noaa_spc-wind.c.cpp.csv
-> size (bytes): 463,192
-> 60.55% of original


RESULTS
--------------------------(same file!)
CoderPWLH
ORIGINAL FILE:
-> name: /Users/pablocerve/Documents/FING/Proyecto/datasets-csv/[6]noaa-spc-reports/wind/noaa_spc-wind.csv
-> size (bytes): 765,001
COMPRESSED FILE:
-> name: /Users/pablocerve/Documents/FING/Proyecto/pc-tesis/dataset_parser/scripts/compress/output/[6]noaa-spc-reports/pwlh/noaa_spc-wind.c.cpp.csv
-> size (bytes): 468,979
-> 61.3% of original


RESULTS
--------------------------(same file!)
CoderPWLH
ORIGINAL FILE:
-> name: /Users/pablocerve/Documents/FING/Proyecto/datasets-csv/[6]noaa-spc-reports/wind/noaa_spc-wind.csv
-> size (bytes): 765,001
COMPRESSED FILE:
-> name: /Users/pablocerve/Documents/FING/Proyecto/pc-tesis/dataset_parser/scripts/compress/output/[6]noaa-spc-reports/pwlh/noaa_spc-wind.c.cpp.csv
-> size (bytes): 464,588
-> 60.73% of original


RESULTS
--------------------------(same file!)
CoderPWLH
ORIGINAL FILE:
-> name: /Users/pablocerve/Documents/FING/Proyecto/datasets-csv/[6]noaa-spc-reports/wind/noaa_spc-wind.csv
-> size (bytes): 765,001
COMPRESSED FILE:
-> name: /Users/pablocerve/Documents/FING/Proyecto/pc-tesis/dataset_parser/scripts/compress/output/[6]noaa-spc-reports/pwlh/noaa_spc-wind.c.cpp.csv
-> size (bytes): 442,067
-> 57.79% of original


RESULTS
--------------------------(same file!)
CoderPWLH
ORIGINAL FILE:
-> name: /Users/pablocerve/Documents/FING/Proyecto/datasets-csv/[6]noaa-spc-reports/wind/noaa_spc-wind.csv
-> size (bytes): 765,001
COMPRESSED FILE:
-> name: /Users/pablocerve/Documents/FING/Proyecto/pc-tesis/dataset_parser/scripts/compress/output/[6]noaa-spc-reports/pwlh/noaa_spc-wind.c.cpp.csv
-> size (bytes): 437,273
-> 57.16% of original


RESULTS
--------------------------(same file!)
CoderPWLH
ORIGINAL FILE:
-> name: /Users/pablocerve/Documents/FING/Proyecto/datasets-csv/[6]noaa-spc-reports/wind/noaa_spc-wind.csv
-> size (bytes): 765,001
COMPRESSED FILE:
-> name: /Users/pablocerve/Documents/FING/Proyecto/pc-tesis/dataset_parser/scripts/compress/output/[6]noaa-spc-reports/pwlh/noaa_spc-wind.c.cpp.csv
-> size (bytes): 441,637
-> 57.73% of original


RESULTS
--------------------------(same file!)
CoderPWLH
ORIGINAL FILE:
-> name: /Users/pablocerve/Documents/FING/Proyecto/datasets-csv/[6]noaa-spc-reports/wind/noaa_spc-wind.csv
-> size (bytes): 765,001
COMPRESSED FILE:
-> name: /Users/pablocerve/Documents/FING/Proyecto/pc-tesis/dataset_parser/scripts/compress/output/[6]noaa-spc-reports/pwlh/noaa_spc-wind.c.cpp.csv
-> size (bytes): 447,159
-> 58.45% of original


RESULTS
--------------------------(same file!)
CoderPWLH
ORIGINAL FILE:
-> name: /Users/pablocerve/Documents/FING/Proyecto/datasets-csv/[6]noaa-spc-reports/wind/noaa_spc-wind.csv
-> size (bytes): 765,001
COMPRESSED FILE:
-> name: /Users/pablocerve/Documents/FING/Proyecto/pc-tesis/dataset_parser/scripts/compress/output/[6]noaa-spc-reports/pwlh/noaa_spc-wind.c.cpp.csv
-> size (bytes): 452,708
-> 59.18% of original


RESULTS
--------------------------(same file!)
CoderPWLH
ORIGINAL FILE:
-> name: /Users/pablocerve/Documents/FING/Proyecto/datasets-csv/[6]noaa-spc-reports/wind/noaa_spc-wind.csv
-> size (bytes): 765,001
COMPRESSED FILE:
-> name: /Users/pablocerve/Documents/FING/Proyecto/pc-tesis/dataset_parser/scripts/compress/output/[6]noaa-spc-reports/pwlh/noaa_spc-wind.c.cpp.csv
-> size (bytes): 443,275
-> 57.94% of original


RESULTS
--------------------------(same file!)
CoderPWLH
ORIGINAL FILE:
-> name: /Users/pablocerve/Documents/FING/Proyecto/datasets-csv/[6]noaa-spc-reports/wind/noaa_spc-wind.csv
-> size (bytes): 765,001
COMPRESSED FILE:
-> name: /Users/pablocerve/Documents/FING/Proyecto/pc-tesis/dataset_parser/scripts/compress/output/[6]noaa-spc-reports/pwlh/noaa_spc-wind.c.cpp.csv
-> size (bytes): 415,718
-> 54.34% of original


RESULTS
--------------------------(same file!)
CoderPWLH
ORIGINAL FILE:
-> name: /Users/pablocerve/Documents/FING/Proyecto/datasets-csv/[6]noaa-spc-reports/wind/noaa_spc-wind.csv
-> size (bytes): 765,001
COMPRESSED FILE:
-> name: /Users/pablocerve/Documents/FING/Proyecto/pc-tesis/dataset_parser/scripts/compress/output/[6]noaa-spc-reports/pwlh/noaa_spc-wind.c.cpp.csv
-> size (bytes): 409,493
-> 53.53% of original


RESULTS
--------------------------(same file!)
CoderPWLH
ORIGINAL FILE:
-> name: /Users/pablocerve/Documents/FING/Proyecto/datasets-csv/[6]noaa-spc-reports/wind/noaa_spc-wind.csv
-> size (bytes): 765,001
COMPRESSED FILE:
-> name: /Users/pablocerve/Documents/FING/Proyecto/pc-tesis/dataset_parser/scripts/compress/output/[6]noaa-spc-reports/pwlh/noaa_spc-wind.c.cpp.csv
-> size (bytes): 413,401
-> 54.04% of original


RESULTS
--------------------------(same file!)
CoderPWLH
ORIGINAL FILE:
-> name: /Users/pablocerve/Documents/FING/Proyecto/datasets-csv/[6]noaa-spc-reports/wind/noaa_spc-wind.csv
-> size (bytes): 765,001
COMPRESSED FILE:
-> name: /Users/pablocerve/Documents/FING/Proyecto/pc-tesis/dataset_parser/scripts/compress/output/[6]noaa-spc-reports/pwlh/noaa_spc-wind.c.cpp.csv
-> size (bytes): 418,493
-> 54.7% of original


RESULTS
--------------------------(same file!)
CoderPWLH
ORIGINAL FILE:
-> name: /Users/pablocerve/Documents/FING/Proyecto/datasets-csv/[6]noaa-spc-reports/wind/noaa_spc-wind.csv
-> size (bytes): 765,001
COMPRESSED FILE:
-> name: /Users/pablocerve/Documents/FING/Proyecto/pc-tesis/dataset_parser/scripts/compress/output/[6]noaa-spc-reports/pwlh/noaa_spc-wind.c.cpp.csv
-> size (bytes): 423,611
-> 55.37% of original


RESULTS
--------------------------(same file!)
CoderPWLH
ORIGINAL FILE:
-> name: /Users/pablocerve/Documents/FING/Proyecto/datasets-csv/[6]noaa-spc-reports/wind/noaa_spc-wind.csv
-> size (bytes): 765,001
COMPRESSED FILE:
-> name: /Users/pablocerve/Documents/FING/Proyecto/pc-tesis/dataset_parser/scripts/compress/output/[6]noaa-spc-reports/pwlh/noaa_spc-wind.c.cpp.csv
-> size (bytes): 429,016
-> 56.08% of original


RESULTS
--------------------------(same file!)
CoderPWLH
ORIGINAL FILE:
-> name: /Users/pablocerve/Documents/FING/Proyecto/datasets-csv/[6]noaa-spc-reports/wind/noaa_spc-wind.csv
-> size (bytes): 765,001
COMPRESSED FILE:
-> name: /Users/pablocerve/Documents/FING/Proyecto/pc-tesis/dataset_parser/scripts/compress/output/[6]noaa-spc-reports/pwlh/noaa_spc-wind.c.cpp.csv
-> size (bytes): 397,337
-> 51.94% of original


RESULTS
--------------------------(same file!)
CoderPWLH
ORIGINAL FILE:
-> name: /Users/pablocerve/Documents/FING/Proyecto/datasets-csv/[6]noaa-spc-reports/wind/noaa_spc-wind.csv
-> size (bytes): 765,001
COMPRESSED FILE:
-> name: /Users/pablocerve/Documents/FING/Proyecto/pc-tesis/dataset_parser/scripts/compress/output/[6]noaa-spc-reports/pwlh/noaa_spc-wind.c.cpp.csv
-> size (bytes): 389,592
-> 50.93% of original


RESULTS
--------------------------(same file!)
CoderPWLH
ORIGINAL FILE:
-> name: /Users/pablocerve/Documents/FING/Proyecto/datasets-csv/[6]noaa-spc-reports/wind/noaa_spc-wind.csv
-> size (bytes): 765,001
COMPRESSED FILE:
-> name: /Users/pablocerve/Documents/FING/Proyecto/pc-tesis/dataset_parser/scripts/compress/output/[6]noaa-spc-reports/pwlh/noaa_spc-wind.c.cpp.csv
-> size (bytes): 393,187
-> 51.4% of original


RESULTS
--------------------------(same file!)
CoderPWLH
ORIGINAL FILE:
-> name: /Users/pablocerve/Documents/FING/Proyecto/datasets-csv/[6]noaa-spc-reports/wind/noaa_spc-wind.csv
-> size (bytes): 765,001
COMPRESSED FILE:
-> name: /Users/pablocerve/Documents/FING/Proyecto/pc-tesis/dataset_parser/scripts/compress/output/[6]noaa-spc-reports/pwlh/noaa_spc-wind.c.cpp.csv
-> size (bytes): 397,966
-> 52.02% of original


RESULTS
--------------------------(same file!)
CoderPWLH
ORIGINAL FILE:
-> name: /Users/pablocerve/Documents/FING/Proyecto/datasets-csv/[6]noaa-spc-reports/wind/noaa_spc-wind.csv
-> size (bytes): 765,001
COMPRESSED FILE:
-> name: /Users/pablocerve/Documents/FING/Proyecto/pc-tesis/dataset_parser/scripts/compress/output/[6]noaa-spc-reports/pwlh/noaa_spc-wind.c.cpp.csv
-> size (bytes): 402,771
-> 52.65% of original


RESULTS
--------------------------(same file!)
CoderPWLH
ORIGINAL FILE:
-> name: /Users/pablocerve/Documents/FING/Proyecto/datasets-csv/[6]noaa-spc-reports/wind/noaa_spc-wind.csv
-> size (bytes): 765,001
COMPRESSED FILE:
-> name: /Users/pablocerve/Documents/FING/Proyecto/pc-tesis/dataset_parser/scripts/compress/output/[6]noaa-spc-reports/pwlh/noaa_spc-wind.c.cpp.csv
-> size (bytes): 418,293
-> 54.68% of original


RESULTS
--------------------------(same file!)
CoderPWLH
ORIGINAL FILE:
-> name: /Users/pablocerve/Documents/FING/Proyecto/datasets-csv/[6]noaa-spc-reports/wind/noaa_spc-wind.csv
-> size (bytes): 765,001
COMPRESSED FILE:
-> name: /Users/pablocerve/Documents/FING/Proyecto/pc-tesis/dataset_parser/scripts/compress/output/[6]noaa-spc-reports/pwlh/noaa_spc-wind.c.cpp.csv
-> size (bytes): 383,089
-> 50.08% of original


RESULTS
--------------------------(same file!)
CoderPWLH
ORIGINAL FILE:
-> name: /Users/pablocerve/Documents/FING/Proyecto/datasets-csv/[6]noaa-spc-reports/wind/noaa_spc-wind.csv
-> size (bytes): 765,001
COMPRESSED FILE:
-> name: /Users/pablocerve/Documents/FING/Proyecto/pc-tesis/dataset_parser/scripts/compress/output/[6]noaa-spc-reports/pwlh/noaa_spc-wind.c.cpp.csv
-> size (bytes): 373,889
-> 48.87% of original


RESULTS
--------------------------(same file!)
CoderPWLH
ORIGINAL FILE:
-> name: /Users/pablocerve/Documents/FING/Proyecto/datasets-csv/[6]noaa-spc-reports/wind/noaa_spc-wind.csv
-> size (bytes): 765,001
COMPRESSED FILE:
-> name: /Users/pablocerve/Documents/FING/Proyecto/pc-tesis/dataset_parser/scripts/compress/output/[6]noaa-spc-reports/pwlh/noaa_spc-wind.c.cpp.csv
-> size (bytes): 377,148
-> 49.3% of original


RESULTS
--------------------------(same file!)
CoderPWLH
ORIGINAL FILE:
-> name: /Users/pablocerve/Documents/FING/Proyecto/datasets-csv/[6]noaa-spc-reports/wind/noaa_spc-wind.csv
-> size (bytes): 765,001
COMPRESSED FILE:
-> name: /Users/pablocerve/Documents/FING/Proyecto/pc-tesis/dataset_parser/scripts/compress/output/[6]noaa-spc-reports/pwlh/noaa_spc-wind.c.cpp.csv
-> size (bytes): 381,677
-> 49.89% of original


RESULTS
--------------------------(same file!)
CoderPWLH
ORIGINAL FILE:
-> name: /Users/pablocerve/Documents/FING/Proyecto/datasets-csv/[6]noaa-spc-reports/wind/noaa_spc-wind.csv
-> size (bytes): 765,001
COMPRESSED FILE:
-> name: /Users/pablocerve/Documents/FING/Proyecto/pc-tesis/dataset_parser/scripts/compress/output/[6]noaa-spc-reports/pwlh/noaa_spc-wind.c.cpp.csv
-> size (bytes): 386,233
-> 50.49% of original


RESULTS
--------------------------(same file!)
CoderPWLH
ORIGINAL FILE:
-> name: /Users/pablocerve/Documents/FING/Proyecto/datasets-csv/[6]noaa-spc-reports/wind/noaa_spc-wind.csv
-> size (bytes): 765,001
COMPRESSED FILE:
-> name: /Users/pablocerve/Documents/FING/Proyecto/pc-tesis/dataset_parser/scripts/compress/output/[6]noaa-spc-reports/pwlh/noaa_spc-wind.c.cpp.csv
-> size (bytes): 402,174
-> 52.57% of original


RESULTS
--------------------------(same file!)
CoderPWLH
ORIGINAL FILE:
-> name: /Users/pablocerve/Documents/FING/Proyecto/datasets-csv/[6]noaa-spc-reports/wind/noaa_spc-wind.csv
-> size (bytes): 765,001
COMPRESSED FILE:
-> name: /Users/pablocerve/Documents/FING/Proyecto/pc-tesis/dataset_parser/scripts/compress/output/[6]noaa-spc-reports/pwlh/noaa_spc-wind.c.cpp.csv
-> size (bytes): 361,636
-> 47.27% of original


RESULTS
--------------------------(same file!)
CoderPWLH
ORIGINAL FILE:
-> name: /Users/pablocerve/Documents/FING/Proyecto/datasets-csv/[6]noaa-spc-reports/wind/noaa_spc-wind.csv
-> size (bytes): 765,001
COMPRESSED FILE:
-> name: /Users/pablocerve/Documents/FING/Proyecto/pc-tesis/dataset_parser/scripts/compress/output/[6]noaa-spc-reports/pwlh/noaa_spc-wind.c.cpp.csv
-> size (bytes): 350,173
-> 45.77% of original


RESULTS
--------------------------(same file!)
CoderPWLH
ORIGINAL FILE:
-> name: /Users/pablocerve/Documents/FING/Proyecto/datasets-csv/[6]noaa-spc-reports/wind/noaa_spc-wind.csv
-> size (bytes): 765,001
COMPRESSED FILE:
-> name: /Users/pablocerve/Documents/FING/Proyecto/pc-tesis/dataset_parser/scripts/compress/output/[6]noaa-spc-reports/pwlh/noaa_spc-wind.c.cpp.csv
-> size (bytes): 352,875
-> 46.13% of original


RESULTS
--------------------------(same file!)
CoderPWLH
ORIGINAL FILE:
-> name: /Users/pablocerve/Documents/FING/Proyecto/datasets-csv/[6]noaa-spc-reports/wind/noaa_spc-wind.csv
-> size (bytes): 765,001
COMPRESSED FILE:
-> name: /Users/pablocerve/Documents/FING/Proyecto/pc-tesis/dataset_parser/scripts/compress/output/[6]noaa-spc-reports/pwlh/noaa_spc-wind.c.cpp.csv
-> size (bytes): 357,033
-> 46.67% of original


RESULTS
--------------------------(same file!)
CoderPWLH
ORIGINAL FILE:
-> name: /Users/pablocerve/Documents/FING/Proyecto/datasets-csv/[6]noaa-spc-reports/wind/noaa_spc-wind.csv
-> size (bytes): 765,001
COMPRESSED FILE:
-> name: /Users/pablocerve/Documents/FING/Proyecto/pc-tesis/dataset_parser/scripts/compress/output/[6]noaa-spc-reports/pwlh/noaa_spc-wind.c.cpp.csv
-> size (bytes): 361,217
-> 47.22% of original


RESULTS
--------------------------(same file!)
CoderPWLHint
ORIGINAL FILE:
-> name: /Users/pablocerve/Documents/FING/Proyecto/datasets-csv/[6]noaa-spc-reports/wind/noaa_spc-wind.csv
-> size (bytes): 765,001
COMPRESSED FILE:
-> name: /Users/pablocerve/Documents/FING/Proyecto/pc-tesis/dataset_parser/scripts/compress/output/[6]noaa-spc-reports/pwlh-int/noaa_spc-wind.c.cpp.csv
-> size (bytes): 283,796
-> 37.1% of original


RESULTS
--------------------------(same file!)
CoderPWLHint
ORIGINAL FILE:
-> name: /Users/pablocerve/Documents/FING/Proyecto/datasets-csv/[6]noaa-spc-reports/wind/noaa_spc-wind.csv
-> size (bytes): 765,001
COMPRESSED FILE:
-> name: /Users/pablocerve/Documents/FING/Proyecto/pc-tesis/dataset_parser/scripts/compress/output/[6]noaa-spc-reports/pwlh-int/noaa_spc-wind.c.cpp.csv
-> size (bytes): 285,947
-> 37.38% of original


RESULTS
--------------------------(same file!)
CoderPWLHint
ORIGINAL FILE:
-> name: /Users/pablocerve/Documents/FING/Proyecto/datasets-csv/[6]noaa-spc-reports/wind/noaa_spc-wind.csv
-> size (bytes): 765,001
COMPRESSED FILE:
-> name: /Users/pablocerve/Documents/FING/Proyecto/pc-tesis/dataset_parser/scripts/compress/output/[6]noaa-spc-reports/pwlh-int/noaa_spc-wind.c.cpp.csv
-> size (bytes): 292,602
-> 38.25% of original


RESULTS
--------------------------(same file!)
CoderPWLHint
ORIGINAL FILE:
-> name: /Users/pablocerve/Documents/FING/Proyecto/datasets-csv/[6]noaa-spc-reports/wind/noaa_spc-wind.csv
-> size (bytes): 765,001
COMPRESSED FILE:
-> name: /Users/pablocerve/Documents/FING/Proyecto/pc-tesis/dataset_parser/scripts/compress/output/[6]noaa-spc-reports/pwlh-int/noaa_spc-wind.c.cpp.csv
-> size (bytes): 299,697
-> 39.18% of original


RESULTS
--------------------------(same file!)
CoderPWLHint
ORIGINAL FILE:
-> name: /Users/pablocerve/Documents/FING/Proyecto/datasets-csv/[6]noaa-spc-reports/wind/noaa_spc-wind.csv
-> size (bytes): 765,001
COMPRESSED FILE:
-> name: /Users/pablocerve/Documents/FING/Proyecto/pc-tesis/dataset_parser/scripts/compress/output/[6]noaa-spc-reports/pwlh-int/noaa_spc-wind.c.cpp.csv
-> size (bytes): 306,791
-> 40.1% of original


RESULTS
--------------------------(same file!)
CoderPWLHint
ORIGINAL FILE:
-> name: /Users/pablocerve/Documents/FING/Proyecto/datasets-csv/[6]noaa-spc-reports/wind/noaa_spc-wind.csv
-> size (bytes): 765,001
COMPRESSED FILE:
-> name: /Users/pablocerve/Documents/FING/Proyecto/pc-tesis/dataset_parser/scripts/compress/output/[6]noaa-spc-reports/pwlh-int/noaa_spc-wind.c.cpp.csv
-> size (bytes): 313,886
-> 41.03% of original


RESULTS
--------------------------(same file!)
CoderPWLHint
ORIGINAL FILE:
-> name: /Users/pablocerve/Documents/FING/Proyecto/datasets-csv/[6]noaa-spc-reports/wind/noaa_spc-wind.csv
-> size (bytes): 765,001
COMPRESSED FILE:
-> name: /Users/pablocerve/Documents/FING/Proyecto/pc-tesis/dataset_parser/scripts/compress/output/[6]noaa-spc-reports/pwlh-int/noaa_spc-wind.c.cpp.csv
-> size (bytes): 273,156
-> 35.71% of original


RESULTS
--------------------------(same file!)
CoderPWLHint
ORIGINAL FILE:
-> name: /Users/pablocerve/Documents/FING/Proyecto/datasets-csv/[6]noaa-spc-reports/wind/noaa_spc-wind.csv
-> size (bytes): 765,001
COMPRESSED FILE:
-> name: /Users/pablocerve/Documents/FING/Proyecto/pc-tesis/dataset_parser/scripts/compress/output/[6]noaa-spc-reports/pwlh-int/noaa_spc-wind.c.cpp.csv
-> size (bytes): 274,790
-> 35.92% of original


RESULTS
--------------------------(same file!)
CoderPWLHint
ORIGINAL FILE:
-> name: /Users/pablocerve/Documents/FING/Proyecto/datasets-csv/[6]noaa-spc-reports/wind/noaa_spc-wind.csv
-> size (bytes): 765,001
COMPRESSED FILE:
-> name: /Users/pablocerve/Documents/FING/Proyecto/pc-tesis/dataset_parser/scripts/compress/output/[6]noaa-spc-reports/pwlh-int/noaa_spc-wind.c.cpp.csv
-> size (bytes): 281,090
-> 36.74% of original


RESULTS
--------------------------(same file!)
CoderPWLHint
ORIGINAL FILE:
-> name: /Users/pablocerve/Documents/FING/Proyecto/datasets-csv/[6]noaa-spc-reports/wind/noaa_spc-wind.csv
-> size (bytes): 765,001
COMPRESSED FILE:
-> name: /Users/pablocerve/Documents/FING/Proyecto/pc-tesis/dataset_parser/scripts/compress/output/[6]noaa-spc-reports/pwlh-int/noaa_spc-wind.c.cpp.csv
-> size (bytes): 287,801
-> 37.62% of original


RESULTS
--------------------------(same file!)
CoderPWLHint
ORIGINAL FILE:
-> name: /Users/pablocerve/Documents/FING/Proyecto/datasets-csv/[6]noaa-spc-reports/wind/noaa_spc-wind.csv
-> size (bytes): 765,001
COMPRESSED FILE:
-> name: /Users/pablocerve/Documents/FING/Proyecto/pc-tesis/dataset_parser/scripts/compress/output/[6]noaa-spc-reports/pwlh-int/noaa_spc-wind.c.cpp.csv
-> size (bytes): 294,512
-> 38.5% of original


RESULTS
--------------------------(same file!)
CoderPWLHint
ORIGINAL FILE:
-> name: /Users/pablocerve/Documents/FING/Proyecto/datasets-csv/[6]noaa-spc-reports/wind/noaa_spc-wind.csv
-> size (bytes): 765,001
COMPRESSED FILE:
-> name: /Users/pablocerve/Documents/FING/Proyecto/pc-tesis/dataset_parser/scripts/compress/output/[6]noaa-spc-reports/pwlh-int/noaa_spc-wind.c.cpp.csv
-> size (bytes): 301,223
-> 39.38% of original


RESULTS
--------------------------(same file!)
CoderPWLHint
ORIGINAL FILE:
-> name: /Users/pablocerve/Documents/FING/Proyecto/datasets-csv/[6]noaa-spc-reports/wind/noaa_spc-wind.csv
-> size (bytes): 765,001
COMPRESSED FILE:
-> name: /Users/pablocerve/Documents/FING/Proyecto/pc-tesis/dataset_parser/scripts/compress/output/[6]noaa-spc-reports/pwlh-int/noaa_spc-wind.c.cpp.csv
-> size (bytes): 258,747
-> 33.82% of original


RESULTS
--------------------------(same file!)
CoderPWLHint
ORIGINAL FILE:
-> name: /Users/pablocerve/Documents/FING/Proyecto/datasets-csv/[6]noaa-spc-reports/wind/noaa_spc-wind.csv
-> size (bytes): 765,001
COMPRESSED FILE:
-> name: /Users/pablocerve/Documents/FING/Proyecto/pc-tesis/dataset_parser/scripts/compress/output/[6]noaa-spc-reports/pwlh-int/noaa_spc-wind.c.cpp.csv
-> size (bytes): 254,371
-> 33.25% of original


RESULTS
--------------------------(same file!)
CoderPWLHint
ORIGINAL FILE:
-> name: /Users/pablocerve/Documents/FING/Proyecto/datasets-csv/[6]noaa-spc-reports/wind/noaa_spc-wind.csv
-> size (bytes): 765,001
COMPRESSED FILE:
-> name: /Users/pablocerve/Documents/FING/Proyecto/pc-tesis/dataset_parser/scripts/compress/output/[6]noaa-spc-reports/pwlh-int/noaa_spc-wind.c.cpp.csv
-> size (bytes): 256,343
-> 33.51% of original


RESULTS
--------------------------(same file!)
CoderPWLHint
ORIGINAL FILE:
-> name: /Users/pablocerve/Documents/FING/Proyecto/datasets-csv/[6]noaa-spc-reports/wind/noaa_spc-wind.csv
-> size (bytes): 765,001
COMPRESSED FILE:
-> name: /Users/pablocerve/Documents/FING/Proyecto/pc-tesis/dataset_parser/scripts/compress/output/[6]noaa-spc-reports/pwlh-int/noaa_spc-wind.c.cpp.csv
-> size (bytes): 261,727
-> 34.21% of original


RESULTS
--------------------------(same file!)
CoderPWLHint
ORIGINAL FILE:
-> name: /Users/pablocerve/Documents/FING/Proyecto/datasets-csv/[6]noaa-spc-reports/wind/noaa_spc-wind.csv
-> size (bytes): 765,001
COMPRESSED FILE:
-> name: /Users/pablocerve/Documents/FING/Proyecto/pc-tesis/dataset_parser/scripts/compress/output/[6]noaa-spc-reports/pwlh-int/noaa_spc-wind.c.cpp.csv
-> size (bytes): 267,552
-> 34.97% of original


RESULTS
--------------------------(same file!)
CoderPWLHint
ORIGINAL FILE:
-> name: /Users/pablocerve/Documents/FING/Proyecto/datasets-csv/[6]noaa-spc-reports/wind/noaa_spc-wind.csv
-> size (bytes): 765,001
COMPRESSED FILE:
-> name: /Users/pablocerve/Documents/FING/Proyecto/pc-tesis/dataset_parser/scripts/compress/output/[6]noaa-spc-reports/pwlh-int/noaa_spc-wind.c.cpp.csv
-> size (bytes): 273,387
-> 35.74% of original


RESULTS
--------------------------(same file!)
CoderPWLHint
ORIGINAL FILE:
-> name: /Users/pablocerve/Documents/FING/Proyecto/datasets-csv/[6]noaa-spc-reports/wind/noaa_spc-wind.csv
-> size (bytes): 765,001
COMPRESSED FILE:
-> name: /Users/pablocerve/Documents/FING/Proyecto/pc-tesis/dataset_parser/scripts/compress/output/[6]noaa-spc-reports/pwlh-int/noaa_spc-wind.c.cpp.csv
-> size (bytes): 253,019
-> 33.07% of original


RESULTS
--------------------------(same file!)
CoderPWLHint
ORIGINAL FILE:
-> name: /Users/pablocerve/Documents/FING/Proyecto/datasets-csv/[6]noaa-spc-reports/wind/noaa_spc-wind.csv
-> size (bytes): 765,001
COMPRESSED FILE:
-> name: /Users/pablocerve/Documents/FING/Proyecto/pc-tesis/dataset_parser/scripts/compress/output/[6]noaa-spc-reports/pwlh-int/noaa_spc-wind.c.cpp.csv
-> size (bytes): 247,432
-> 32.34% of original


RESULTS
--------------------------(same file!)
CoderPWLHint
ORIGINAL FILE:
-> name: /Users/pablocerve/Documents/FING/Proyecto/datasets-csv/[6]noaa-spc-reports/wind/noaa_spc-wind.csv
-> size (bytes): 765,001
COMPRESSED FILE:
-> name: /Users/pablocerve/Documents/FING/Proyecto/pc-tesis/dataset_parser/scripts/compress/output/[6]noaa-spc-reports/pwlh-int/noaa_spc-wind.c.cpp.csv
-> size (bytes): 248,983
-> 32.55% of original


RESULTS
--------------------------(same file!)
CoderPWLHint
ORIGINAL FILE:
-> name: /Users/pablocerve/Documents/FING/Proyecto/datasets-csv/[6]noaa-spc-reports/wind/noaa_spc-wind.csv
-> size (bytes): 765,001
COMPRESSED FILE:
-> name: /Users/pablocerve/Documents/FING/Proyecto/pc-tesis/dataset_parser/scripts/compress/output/[6]noaa-spc-reports/pwlh-int/noaa_spc-wind.c.cpp.csv
-> size (bytes): 254,122
-> 33.22% of original


RESULTS
--------------------------(same file!)
CoderPWLHint
ORIGINAL FILE:
-> name: /Users/pablocerve/Documents/FING/Proyecto/datasets-csv/[6]noaa-spc-reports/wind/noaa_spc-wind.csv
-> size (bytes): 765,001
COMPRESSED FILE:
-> name: /Users/pablocerve/Documents/FING/Proyecto/pc-tesis/dataset_parser/scripts/compress/output/[6]noaa-spc-reports/pwlh-int/noaa_spc-wind.c.cpp.csv
-> size (bytes): 259,704
-> 33.95% of original


RESULTS
--------------------------(same file!)
CoderPWLHint
ORIGINAL FILE:
-> name: /Users/pablocerve/Documents/FING/Proyecto/datasets-csv/[6]noaa-spc-reports/wind/noaa_spc-wind.csv
-> size (bytes): 765,001
COMPRESSED FILE:
-> name: /Users/pablocerve/Documents/FING/Proyecto/pc-tesis/dataset_parser/scripts/compress/output/[6]noaa-spc-reports/pwlh-int/noaa_spc-wind.c.cpp.csv
-> size (bytes): 265,299
-> 34.68% of original


RESULTS
--------------------------(same file!)
CoderPWLHint
ORIGINAL FILE:
-> name: /Users/pablocerve/Documents/FING/Proyecto/datasets-csv/[6]noaa-spc-reports/wind/noaa_spc-wind.csv
-> size (bytes): 765,001
COMPRESSED FILE:
-> name: /Users/pablocerve/Documents/FING/Proyecto/pc-tesis/dataset_parser/scripts/compress/output/[6]noaa-spc-reports/pwlh-int/noaa_spc-wind.c.cpp.csv
-> size (bytes): 243,254
-> 31.8% of original


RESULTS
--------------------------(same file!)
CoderPWLHint
ORIGINAL FILE:
-> name: /Users/pablocerve/Documents/FING/Proyecto/datasets-csv/[6]noaa-spc-reports/wind/noaa_spc-wind.csv
-> size (bytes): 765,001
COMPRESSED FILE:
-> name: /Users/pablocerve/Documents/FING/Proyecto/pc-tesis/dataset_parser/scripts/compress/output/[6]noaa-spc-reports/pwlh-int/noaa_spc-wind.c.cpp.csv
-> size (bytes): 235,168
-> 30.74% of original


RESULTS
--------------------------(same file!)
CoderPWLHint
ORIGINAL FILE:
-> name: /Users/pablocerve/Documents/FING/Proyecto/datasets-csv/[6]noaa-spc-reports/wind/noaa_spc-wind.csv
-> size (bytes): 765,001
COMPRESSED FILE:
-> name: /Users/pablocerve/Documents/FING/Proyecto/pc-tesis/dataset_parser/scripts/compress/output/[6]noaa-spc-reports/pwlh-int/noaa_spc-wind.c.cpp.csv
-> size (bytes): 235,794
-> 30.82% of original


RESULTS
--------------------------(same file!)
CoderPWLHint
ORIGINAL FILE:
-> name: /Users/pablocerve/Documents/FING/Proyecto/datasets-csv/[6]noaa-spc-reports/wind/noaa_spc-wind.csv
-> size (bytes): 765,001
COMPRESSED FILE:
-> name: /Users/pablocerve/Documents/FING/Proyecto/pc-tesis/dataset_parser/scripts/compress/output/[6]noaa-spc-reports/pwlh-int/noaa_spc-wind.c.cpp.csv
-> size (bytes): 240,486
-> 31.44% of original


RESULTS
--------------------------(same file!)
CoderPWLHint
ORIGINAL FILE:
-> name: /Users/pablocerve/Documents/FING/Proyecto/datasets-csv/[6]noaa-spc-reports/wind/noaa_spc-wind.csv
-> size (bytes): 765,001
COMPRESSED FILE:
-> name: /Users/pablocerve/Documents/FING/Proyecto/pc-tesis/dataset_parser/scripts/compress/output/[6]noaa-spc-reports/pwlh-int/noaa_spc-wind.c.cpp.csv
-> size (bytes): 245,631
-> 32.11% of original


RESULTS
--------------------------(same file!)
CoderPWLHint
ORIGINAL FILE:
-> name: /Users/pablocerve/Documents/FING/Proyecto/datasets-csv/[6]noaa-spc-reports/wind/noaa_spc-wind.csv
-> size (bytes): 765,001
COMPRESSED FILE:
-> name: /Users/pablocerve/Documents/FING/Proyecto/pc-tesis/dataset_parser/scripts/compress/output/[6]noaa-spc-reports/pwlh-int/noaa_spc-wind.c.cpp.csv
-> size (bytes): 250,787
-> 32.78% of original


RESULTS
--------------------------(same file!)
CoderPWLHint
ORIGINAL FILE:
-> name: /Users/pablocerve/Documents/FING/Proyecto/datasets-csv/[6]noaa-spc-reports/wind/noaa_spc-wind.csv
-> size (bytes): 765,001
COMPRESSED FILE:
-> name: /Users/pablocerve/Documents/FING/Proyecto/pc-tesis/dataset_parser/scripts/compress/output/[6]noaa-spc-reports/pwlh-int/noaa_spc-wind.c.cpp.csv
-> size (bytes): 236,823
-> 30.96% of original


RESULTS
--------------------------(same file!)
CoderPWLHint
ORIGINAL FILE:
-> name: /Users/pablocerve/Documents/FING/Proyecto/datasets-csv/[6]noaa-spc-reports/wind/noaa_spc-wind.csv
-> size (bytes): 765,001
COMPRESSED FILE:
-> name: /Users/pablocerve/Documents/FING/Proyecto/pc-tesis/dataset_parser/scripts/compress/output/[6]noaa-spc-reports/pwlh-int/noaa_spc-wind.c.cpp.csv
-> size (bytes): 226,647
-> 29.63% of original


RESULTS
--------------------------(same file!)
CoderPWLHint
ORIGINAL FILE:
-> name: /Users/pablocerve/Documents/FING/Proyecto/datasets-csv/[6]noaa-spc-reports/wind/noaa_spc-wind.csv
-> size (bytes): 765,001
COMPRESSED FILE:
-> name: /Users/pablocerve/Documents/FING/Proyecto/pc-tesis/dataset_parser/scripts/compress/output/[6]noaa-spc-reports/pwlh-int/noaa_spc-wind.c.cpp.csv
-> size (bytes): 226,414
-> 29.6% of original


RESULTS
--------------------------(same file!)
CoderPWLHint
ORIGINAL FILE:
-> name: /Users/pablocerve/Documents/FING/Proyecto/datasets-csv/[6]noaa-spc-reports/wind/noaa_spc-wind.csv
-> size (bytes): 765,001
COMPRESSED FILE:
-> name: /Users/pablocerve/Documents/FING/Proyecto/pc-tesis/dataset_parser/scripts/compress/output/[6]noaa-spc-reports/pwlh-int/noaa_spc-wind.c.cpp.csv
-> size (bytes): 230,786
-> 30.17% of original


RESULTS
--------------------------(same file!)
CoderPWLHint
ORIGINAL FILE:
-> name: /Users/pablocerve/Documents/FING/Proyecto/datasets-csv/[6]noaa-spc-reports/wind/noaa_spc-wind.csv
-> size (bytes): 765,001
COMPRESSED FILE:
-> name: /Users/pablocerve/Documents/FING/Proyecto/pc-tesis/dataset_parser/scripts/compress/output/[6]noaa-spc-reports/pwlh-int/noaa_spc-wind.c.cpp.csv
-> size (bytes): 235,614
-> 30.8% of original


RESULTS
--------------------------(same file!)
CoderPWLHint
ORIGINAL FILE:
-> name: /Users/pablocerve/Documents/FING/Proyecto/datasets-csv/[6]noaa-spc-reports/wind/noaa_spc-wind.csv
-> size (bytes): 765,001
COMPRESSED FILE:
-> name: /Users/pablocerve/Documents/FING/Proyecto/pc-tesis/dataset_parser/scripts/compress/output/[6]noaa-spc-reports/pwlh-int/noaa_spc-wind.c.cpp.csv
-> size (bytes): 240,454
-> 31.43% of original


RESULTS
--------------------------(same file!)
CoderPWLHint
ORIGINAL FILE:
-> name: /Users/pablocerve/Documents/FING/Proyecto/datasets-csv/[6]noaa-spc-reports/wind/noaa_spc-wind.csv
-> size (bytes): 765,001
COMPRESSED FILE:
-> name: /Users/pablocerve/Documents/FING/Proyecto/pc-tesis/dataset_parser/scripts/compress/output/[6]noaa-spc-reports/pwlh-int/noaa_spc-wind.c.cpp.csv
-> size (bytes): 231,945
-> 30.32% of original


RESULTS
--------------------------(same file!)
CoderPWLHint
ORIGINAL FILE:
-> name: /Users/pablocerve/Documents/FING/Proyecto/datasets-csv/[6]noaa-spc-reports/wind/noaa_spc-wind.csv
-> size (bytes): 765,001
COMPRESSED FILE:
-> name: /Users/pablocerve/Documents/FING/Proyecto/pc-tesis/dataset_parser/scripts/compress/output/[6]noaa-spc-reports/pwlh-int/noaa_spc-wind.c.cpp.csv
-> size (bytes): 220,075
-> 28.77% of original


RESULTS
--------------------------(same file!)
CoderPWLHint
ORIGINAL FILE:
-> name: /Users/pablocerve/Documents/FING/Proyecto/datasets-csv/[6]noaa-spc-reports/wind/noaa_spc-wind.csv
-> size (bytes): 765,001
COMPRESSED FILE:
-> name: /Users/pablocerve/Documents/FING/Proyecto/pc-tesis/dataset_parser/scripts/compress/output/[6]noaa-spc-reports/pwlh-int/noaa_spc-wind.c.cpp.csv
-> size (bytes): 219,034
-> 28.63% of original


RESULTS
--------------------------(same file!)
CoderPWLHint
ORIGINAL FILE:
-> name: /Users/pablocerve/Documents/FING/Proyecto/datasets-csv/[6]noaa-spc-reports/wind/noaa_spc-wind.csv
-> size (bytes): 765,001
COMPRESSED FILE:
-> name: /Users/pablocerve/Documents/FING/Proyecto/pc-tesis/dataset_parser/scripts/compress/output/[6]noaa-spc-reports/pwlh-int/noaa_spc-wind.c.cpp.csv
-> size (bytes): 223,114
-> 29.17% of original


RESULTS
--------------------------(same file!)
CoderPWLHint
ORIGINAL FILE:
-> name: /Users/pablocerve/Documents/FING/Proyecto/datasets-csv/[6]noaa-spc-reports/wind/noaa_spc-wind.csv
-> size (bytes): 765,001
COMPRESSED FILE:
-> name: /Users/pablocerve/Documents/FING/Proyecto/pc-tesis/dataset_parser/scripts/compress/output/[6]noaa-spc-reports/pwlh-int/noaa_spc-wind.c.cpp.csv
-> size (bytes): 227,692
-> 29.76% of original


RESULTS
--------------------------(same file!)
CoderPWLHint
ORIGINAL FILE:
-> name: /Users/pablocerve/Documents/FING/Proyecto/datasets-csv/[6]noaa-spc-reports/wind/noaa_spc-wind.csv
-> size (bytes): 765,001
COMPRESSED FILE:
-> name: /Users/pablocerve/Documents/FING/Proyecto/pc-tesis/dataset_parser/scripts/compress/output/[6]noaa-spc-reports/pwlh-int/noaa_spc-wind.c.cpp.csv
-> size (bytes): 232,282
-> 30.36% of original


RESULTS
--------------------------(same file!)
CoderPWLHint
ORIGINAL FILE:
-> name: /Users/pablocerve/Documents/FING/Proyecto/datasets-csv/[6]noaa-spc-reports/wind/noaa_spc-wind.csv
-> size (bytes): 765,001
COMPRESSED FILE:
-> name: /Users/pablocerve/Documents/FING/Proyecto/pc-tesis/dataset_parser/scripts/compress/output/[6]noaa-spc-reports/pwlh-int/noaa_spc-wind.c.cpp.csv
-> size (bytes): 224,700
-> 29.37% of original


RESULTS
--------------------------(same file!)
CoderPWLHint
ORIGINAL FILE:
-> name: /Users/pablocerve/Documents/FING/Proyecto/datasets-csv/[6]noaa-spc-reports/wind/noaa_spc-wind.csv
-> size (bytes): 765,001
COMPRESSED FILE:
-> name: /Users/pablocerve/Documents/FING/Proyecto/pc-tesis/dataset_parser/scripts/compress/output/[6]noaa-spc-reports/pwlh-int/noaa_spc-wind.c.cpp.csv
-> size (bytes): 210,223
-> 27.48% of original


RESULTS
--------------------------(same file!)
CoderPWLHint
ORIGINAL FILE:
-> name: /Users/pablocerve/Documents/FING/Proyecto/datasets-csv/[6]noaa-spc-reports/wind/noaa_spc-wind.csv
-> size (bytes): 765,001
COMPRESSED FILE:
-> name: /Users/pablocerve/Documents/FING/Proyecto/pc-tesis/dataset_parser/scripts/compress/output/[6]noaa-spc-reports/pwlh-int/noaa_spc-wind.c.cpp.csv
-> size (bytes): 207,952
-> 27.18% of original


RESULTS
--------------------------(same file!)
CoderPWLHint
ORIGINAL FILE:
-> name: /Users/pablocerve/Documents/FING/Proyecto/datasets-csv/[6]noaa-spc-reports/wind/noaa_spc-wind.csv
-> size (bytes): 765,001
COMPRESSED FILE:
-> name: /Users/pablocerve/Documents/FING/Proyecto/pc-tesis/dataset_parser/scripts/compress/output/[6]noaa-spc-reports/pwlh-int/noaa_spc-wind.c.cpp.csv
-> size (bytes): 211,574
-> 27.66% of original


RESULTS
--------------------------(same file!)
CoderPWLHint
ORIGINAL FILE:
-> name: /Users/pablocerve/Documents/FING/Proyecto/datasets-csv/[6]noaa-spc-reports/wind/noaa_spc-wind.csv
-> size (bytes): 765,001
COMPRESSED FILE:
-> name: /Users/pablocerve/Documents/FING/Proyecto/pc-tesis/dataset_parser/scripts/compress/output/[6]noaa-spc-reports/pwlh-int/noaa_spc-wind.c.cpp.csv
-> size (bytes): 215,780
-> 28.21% of original


RESULTS
--------------------------(same file!)
CoderPWLHint
ORIGINAL FILE:
-> name: /Users/pablocerve/Documents/FING/Proyecto/datasets-csv/[6]noaa-spc-reports/wind/noaa_spc-wind.csv
-> size (bytes): 765,001
COMPRESSED FILE:
-> name: /Users/pablocerve/Documents/FING/Proyecto/pc-tesis/dataset_parser/scripts/compress/output/[6]noaa-spc-reports/pwlh-int/noaa_spc-wind.c.cpp.csv
-> size (bytes): 219,996
-> 28.76% of original

