
RESULTS
--------------------------(same file!)
CoderBase
ORIGINAL FILE:
-> name: /Users/pablocerve/Documents/FING/Proyecto/datasets-csv/[2]noaa-sst/months/2017/noaa-buoy-201701.csv
-> size (bytes): 1,098,682
COMPRESSED FILE:
-> name: /Users/pablocerve/Documents/FING/Proyecto/pc-tesis/dataset_parser/scripts/output/[2]noaa-sst/basic/noaa-buoy-201701.c.cpp.csv
-> size (bytes): 492,948
-> 44.87% of original


RESULTS
--------------------------(same file!)
CoderBase
ORIGINAL FILE:
-> name: /Users/pablocerve/Documents/FING/Proyecto/datasets-csv/[2]noaa-sst/months/2017/noaa-buoy-201702.csv
-> size (bytes): 996,619
COMPRESSED FILE:
-> name: /Users/pablocerve/Documents/FING/Proyecto/pc-tesis/dataset_parser/scripts/output/[2]noaa-sst/basic/noaa-buoy-201702.c.cpp.csv
-> size (bytes): 447,201
-> 44.87% of original


RESULTS
--------------------------(same file!)
CoderBase
ORIGINAL FILE:
-> name: /Users/pablocerve/Documents/FING/Proyecto/datasets-csv/[2]noaa-sst/months/2017/noaa-buoy-201703.csv
-> size (bytes): 1,062,338
COMPRESSED FILE:
-> name: /Users/pablocerve/Documents/FING/Proyecto/pc-tesis/dataset_parser/scripts/output/[2]noaa-sst/basic/noaa-buoy-201703.c.cpp.csv
-> size (bytes): 489,585
-> 46.09% of original


RESULTS
--------------------------(same file!)
CoderBase
ORIGINAL FILE:
-> name: /Users/pablocerve/Documents/FING/Proyecto/datasets-csv/[2]noaa-sst/months/2017/noaa-buoy-201704.csv
-> size (bytes): 1,002,356
COMPRESSED FILE:
-> name: /Users/pablocerve/Documents/FING/Proyecto/pc-tesis/dataset_parser/scripts/output/[2]noaa-sst/basic/noaa-buoy-201704.c.cpp.csv
-> size (bytes): 481,512
-> 48.04% of original


RESULTS
--------------------------(same file!)
CoderBase
ORIGINAL FILE:
-> name: /Users/pablocerve/Documents/FING/Proyecto/datasets-csv/[2]noaa-sst/months/2017/noaa-buoy-201705.csv
-> size (bytes): 945,522
COMPRESSED FILE:
-> name: /Users/pablocerve/Documents/FING/Proyecto/pc-tesis/dataset_parser/scripts/output/[2]noaa-sst/basic/noaa-buoy-201705.c.cpp.csv
-> size (bytes): 479,493
-> 50.71% of original


RESULTS
--------------------------(same file!)
CoderBase
ORIGINAL FILE:
-> name: /Users/pablocerve/Documents/FING/Proyecto/datasets-csv/[2]noaa-sst/months/2017/noaa-buoy-201706.csv
-> size (bytes): 1,012,760
COMPRESSED FILE:
-> name: /Users/pablocerve/Documents/FING/Proyecto/pc-tesis/dataset_parser/scripts/output/[2]noaa-sst/basic/noaa-buoy-201706.c.cpp.csv
-> size (bytes): 476,802
-> 47.08% of original


RESULTS
--------------------------(same file!)
CoderBase
ORIGINAL FILE:
-> name: /Users/pablocerve/Documents/FING/Proyecto/datasets-csv/[2]noaa-sst/months/2017/noaa-buoy-201707.csv
-> size (bytes): 1,144,786
COMPRESSED FILE:
-> name: /Users/pablocerve/Documents/FING/Proyecto/pc-tesis/dataset_parser/scripts/output/[2]noaa-sst/basic/noaa-buoy-201707.c.cpp.csv
-> size (bytes): 490,930
-> 42.88% of original


RESULTS
--------------------------(same file!)
CoderBase
ORIGINAL FILE:
-> name: /Users/pablocerve/Documents/FING/Proyecto/datasets-csv/[2]noaa-sst/months/2017/noaa-buoy-201708.csv
-> size (bytes): 1,194,205
COMPRESSED FILE:
-> name: /Users/pablocerve/Documents/FING/Proyecto/pc-tesis/dataset_parser/scripts/output/[2]noaa-sst/basic/noaa-buoy-201708.c.cpp.csv
-> size (bytes): 495,639
-> 41.5% of original


RESULTS
--------------------------(same file!)
CoderBase
ORIGINAL FILE:
-> name: /Users/pablocerve/Documents/FING/Proyecto/datasets-csv/[2]noaa-sst/months/2017/noaa-buoy-201709.csv
-> size (bytes): 1,260,347
COMPRESSED FILE:
-> name: /Users/pablocerve/Documents/FING/Proyecto/pc-tesis/dataset_parser/scripts/output/[2]noaa-sst/basic/noaa-buoy-201709.c.cpp.csv
-> size (bytes): 481,512
-> 38.2% of original


RESULTS
--------------------------(same file!)
CoderBase
ORIGINAL FILE:
-> name: /Users/pablocerve/Documents/FING/Proyecto/datasets-csv/[2]noaa-sst/months/2017/noaa-buoy-201710.csv
-> size (bytes): 1,327,577
COMPRESSED FILE:
-> name: /Users/pablocerve/Documents/FING/Proyecto/pc-tesis/dataset_parser/scripts/output/[2]noaa-sst/basic/noaa-buoy-201710.c.cpp.csv
-> size (bytes): 492,948
-> 37.13% of original


RESULTS
--------------------------(same file!)
CoderBase
ORIGINAL FILE:
-> name: /Users/pablocerve/Documents/FING/Proyecto/datasets-csv/[2]noaa-sst/months/2017/noaa-buoy-201711.csv
-> size (bytes): 1,264,641
COMPRESSED FILE:
-> name: /Users/pablocerve/Documents/FING/Proyecto/pc-tesis/dataset_parser/scripts/output/[2]noaa-sst/basic/noaa-buoy-201711.c.cpp.csv
-> size (bytes): 481,512
-> 38.07% of original


RESULTS
--------------------------(same file!)
CoderBase
ORIGINAL FILE:
-> name: /Users/pablocerve/Documents/FING/Proyecto/datasets-csv/[2]noaa-sst/months/2017/noaa-buoy-201712.csv
-> size (bytes): 1,202,859
COMPRESSED FILE:
-> name: /Users/pablocerve/Documents/FING/Proyecto/pc-tesis/dataset_parser/scripts/output/[2]noaa-sst/basic/noaa-buoy-201712.c.cpp.csv
-> size (bytes): 494,967
-> 41.15% of original

