
RESULTS
--------------------------(same file!)
CoderBasic
ORIGINAL FILE:
-> name: /home/pablo/Documents/FING/Proyecto/datasets-csv/[6]noaa-spc-reports/hail/noaa_spc-hail.csv
-> size (bytes): 322,005
COMPRESSED FILE:
-> name: /home/pablo/Documents/FING/Proyecto/pc-tesis/dataset_parser/scripts/compress/output/[6]noaa-spc-reports/basic/noaa_spc-hail.c.cpp.csv
-> size (bytes): 110,920
-> 34.45% of original


RESULTS
--------------------------(same file!)
CoderPCA
ORIGINAL FILE:
-> name: /home/pablo/Documents/FING/Proyecto/datasets-csv/[6]noaa-spc-reports/hail/noaa_spc-hail.csv
-> size (bytes): 322,005
COMPRESSED FILE:
-> name: /home/pablo/Documents/FING/Proyecto/pc-tesis/dataset_parser/scripts/compress/output/[6]noaa-spc-reports/pca/noaa_spc-hail.c.cpp.csv
-> size (bytes): 111,094
-> 34.5% of original


RESULTS
--------------------------(same file!)
CoderPCA
ORIGINAL FILE:
-> name: /home/pablo/Documents/FING/Proyecto/datasets-csv/[6]noaa-spc-reports/hail/noaa_spc-hail.csv
-> size (bytes): 322,005
COMPRESSED FILE:
-> name: /home/pablo/Documents/FING/Proyecto/pc-tesis/dataset_parser/scripts/compress/output/[6]noaa-spc-reports/pca/noaa_spc-hail.c.cpp.csv
-> size (bytes): 111,413
-> 34.6% of original


RESULTS
--------------------------(same file!)
CoderPCA
ORIGINAL FILE:
-> name: /home/pablo/Documents/FING/Proyecto/datasets-csv/[6]noaa-spc-reports/hail/noaa_spc-hail.csv
-> size (bytes): 322,005
COMPRESSED FILE:
-> name: /home/pablo/Documents/FING/Proyecto/pc-tesis/dataset_parser/scripts/compress/output/[6]noaa-spc-reports/pca/noaa_spc-hail.c.cpp.csv
-> size (bytes): 111,176
-> 34.53% of original


RESULTS
--------------------------(same file!)
CoderPCA
ORIGINAL FILE:
-> name: /home/pablo/Documents/FING/Proyecto/datasets-csv/[6]noaa-spc-reports/hail/noaa_spc-hail.csv
-> size (bytes): 322,005
COMPRESSED FILE:
-> name: /home/pablo/Documents/FING/Proyecto/pc-tesis/dataset_parser/scripts/compress/output/[6]noaa-spc-reports/pca/noaa_spc-hail.c.cpp.csv
-> size (bytes): 111,048
-> 34.49% of original


RESULTS
--------------------------(same file!)
CoderPCA
ORIGINAL FILE:
-> name: /home/pablo/Documents/FING/Proyecto/datasets-csv/[6]noaa-spc-reports/hail/noaa_spc-hail.csv
-> size (bytes): 322,005
COMPRESSED FILE:
-> name: /home/pablo/Documents/FING/Proyecto/pc-tesis/dataset_parser/scripts/compress/output/[6]noaa-spc-reports/pca/noaa_spc-hail.c.cpp.csv
-> size (bytes): 110,984
-> 34.47% of original


RESULTS
--------------------------(same file!)
CoderPCA
ORIGINAL FILE:
-> name: /home/pablo/Documents/FING/Proyecto/datasets-csv/[6]noaa-spc-reports/hail/noaa_spc-hail.csv
-> size (bytes): 322,005
COMPRESSED FILE:
-> name: /home/pablo/Documents/FING/Proyecto/pc-tesis/dataset_parser/scripts/compress/output/[6]noaa-spc-reports/pca/noaa_spc-hail.c.cpp.csv
-> size (bytes): 110,952
-> 34.46% of original


RESULTS
--------------------------(same file!)
CoderPCA
ORIGINAL FILE:
-> name: /home/pablo/Documents/FING/Proyecto/datasets-csv/[6]noaa-spc-reports/hail/noaa_spc-hail.csv
-> size (bytes): 322,005
COMPRESSED FILE:
-> name: /home/pablo/Documents/FING/Proyecto/pc-tesis/dataset_parser/scripts/compress/output/[6]noaa-spc-reports/pca/noaa_spc-hail.c.cpp.csv
-> size (bytes): 111,021
-> 34.48% of original


RESULTS
--------------------------(same file!)
CoderPCA
ORIGINAL FILE:
-> name: /home/pablo/Documents/FING/Proyecto/datasets-csv/[6]noaa-spc-reports/hail/noaa_spc-hail.csv
-> size (bytes): 322,005
COMPRESSED FILE:
-> name: /home/pablo/Documents/FING/Proyecto/pc-tesis/dataset_parser/scripts/compress/output/[6]noaa-spc-reports/pca/noaa_spc-hail.c.cpp.csv
-> size (bytes): 111,413
-> 34.6% of original


RESULTS
--------------------------(same file!)
CoderPCA
ORIGINAL FILE:
-> name: /home/pablo/Documents/FING/Proyecto/datasets-csv/[6]noaa-spc-reports/hail/noaa_spc-hail.csv
-> size (bytes): 322,005
COMPRESSED FILE:
-> name: /home/pablo/Documents/FING/Proyecto/pc-tesis/dataset_parser/scripts/compress/output/[6]noaa-spc-reports/pca/noaa_spc-hail.c.cpp.csv
-> size (bytes): 111,176
-> 34.53% of original


RESULTS
--------------------------(same file!)
CoderPCA
ORIGINAL FILE:
-> name: /home/pablo/Documents/FING/Proyecto/datasets-csv/[6]noaa-spc-reports/hail/noaa_spc-hail.csv
-> size (bytes): 322,005
COMPRESSED FILE:
-> name: /home/pablo/Documents/FING/Proyecto/pc-tesis/dataset_parser/scripts/compress/output/[6]noaa-spc-reports/pca/noaa_spc-hail.c.cpp.csv
-> size (bytes): 111,048
-> 34.49% of original


RESULTS
--------------------------(same file!)
CoderPCA
ORIGINAL FILE:
-> name: /home/pablo/Documents/FING/Proyecto/datasets-csv/[6]noaa-spc-reports/hail/noaa_spc-hail.csv
-> size (bytes): 322,005
COMPRESSED FILE:
-> name: /home/pablo/Documents/FING/Proyecto/pc-tesis/dataset_parser/scripts/compress/output/[6]noaa-spc-reports/pca/noaa_spc-hail.c.cpp.csv
-> size (bytes): 110,984
-> 34.47% of original


RESULTS
--------------------------(same file!)
CoderPCA
ORIGINAL FILE:
-> name: /home/pablo/Documents/FING/Proyecto/datasets-csv/[6]noaa-spc-reports/hail/noaa_spc-hail.csv
-> size (bytes): 322,005
COMPRESSED FILE:
-> name: /home/pablo/Documents/FING/Proyecto/pc-tesis/dataset_parser/scripts/compress/output/[6]noaa-spc-reports/pca/noaa_spc-hail.c.cpp.csv
-> size (bytes): 110,952
-> 34.46% of original


RESULTS
--------------------------(same file!)
CoderPCA
ORIGINAL FILE:
-> name: /home/pablo/Documents/FING/Proyecto/datasets-csv/[6]noaa-spc-reports/hail/noaa_spc-hail.csv
-> size (bytes): 322,005
COMPRESSED FILE:
-> name: /home/pablo/Documents/FING/Proyecto/pc-tesis/dataset_parser/scripts/compress/output/[6]noaa-spc-reports/pca/noaa_spc-hail.c.cpp.csv
-> size (bytes): 110,343
-> 34.27% of original


RESULTS
--------------------------(same file!)
CoderPCA
ORIGINAL FILE:
-> name: /home/pablo/Documents/FING/Proyecto/datasets-csv/[6]noaa-spc-reports/hail/noaa_spc-hail.csv
-> size (bytes): 322,005
COMPRESSED FILE:
-> name: /home/pablo/Documents/FING/Proyecto/pc-tesis/dataset_parser/scripts/compress/output/[6]noaa-spc-reports/pca/noaa_spc-hail.c.cpp.csv
-> size (bytes): 111,372
-> 34.59% of original


RESULTS
--------------------------(same file!)
CoderPCA
ORIGINAL FILE:
-> name: /home/pablo/Documents/FING/Proyecto/datasets-csv/[6]noaa-spc-reports/hail/noaa_spc-hail.csv
-> size (bytes): 322,005
COMPRESSED FILE:
-> name: /home/pablo/Documents/FING/Proyecto/pc-tesis/dataset_parser/scripts/compress/output/[6]noaa-spc-reports/pca/noaa_spc-hail.c.cpp.csv
-> size (bytes): 111,176
-> 34.53% of original


RESULTS
--------------------------(same file!)
CoderPCA
ORIGINAL FILE:
-> name: /home/pablo/Documents/FING/Proyecto/datasets-csv/[6]noaa-spc-reports/hail/noaa_spc-hail.csv
-> size (bytes): 322,005
COMPRESSED FILE:
-> name: /home/pablo/Documents/FING/Proyecto/pc-tesis/dataset_parser/scripts/compress/output/[6]noaa-spc-reports/pca/noaa_spc-hail.c.cpp.csv
-> size (bytes): 111,048
-> 34.49% of original


RESULTS
--------------------------(same file!)
CoderPCA
ORIGINAL FILE:
-> name: /home/pablo/Documents/FING/Proyecto/datasets-csv/[6]noaa-spc-reports/hail/noaa_spc-hail.csv
-> size (bytes): 322,005
COMPRESSED FILE:
-> name: /home/pablo/Documents/FING/Proyecto/pc-tesis/dataset_parser/scripts/compress/output/[6]noaa-spc-reports/pca/noaa_spc-hail.c.cpp.csv
-> size (bytes): 110,984
-> 34.47% of original


RESULTS
--------------------------(same file!)
CoderPCA
ORIGINAL FILE:
-> name: /home/pablo/Documents/FING/Proyecto/datasets-csv/[6]noaa-spc-reports/hail/noaa_spc-hail.csv
-> size (bytes): 322,005
COMPRESSED FILE:
-> name: /home/pablo/Documents/FING/Proyecto/pc-tesis/dataset_parser/scripts/compress/output/[6]noaa-spc-reports/pca/noaa_spc-hail.c.cpp.csv
-> size (bytes): 110,952
-> 34.46% of original


RESULTS
--------------------------(same file!)
CoderPCA
ORIGINAL FILE:
-> name: /home/pablo/Documents/FING/Proyecto/datasets-csv/[6]noaa-spc-reports/hail/noaa_spc-hail.csv
-> size (bytes): 322,005
COMPRESSED FILE:
-> name: /home/pablo/Documents/FING/Proyecto/pc-tesis/dataset_parser/scripts/compress/output/[6]noaa-spc-reports/pca/noaa_spc-hail.c.cpp.csv
-> size (bytes): 109,310
-> 33.95% of original


RESULTS
--------------------------(same file!)
CoderPCA
ORIGINAL FILE:
-> name: /home/pablo/Documents/FING/Proyecto/datasets-csv/[6]noaa-spc-reports/hail/noaa_spc-hail.csv
-> size (bytes): 322,005
COMPRESSED FILE:
-> name: /home/pablo/Documents/FING/Proyecto/pc-tesis/dataset_parser/scripts/compress/output/[6]noaa-spc-reports/pca/noaa_spc-hail.c.cpp.csv
-> size (bytes): 111,232
-> 34.54% of original


RESULTS
--------------------------(same file!)
CoderPCA
ORIGINAL FILE:
-> name: /home/pablo/Documents/FING/Proyecto/datasets-csv/[6]noaa-spc-reports/hail/noaa_spc-hail.csv
-> size (bytes): 322,005
COMPRESSED FILE:
-> name: /home/pablo/Documents/FING/Proyecto/pc-tesis/dataset_parser/scripts/compress/output/[6]noaa-spc-reports/pca/noaa_spc-hail.c.cpp.csv
-> size (bytes): 111,176
-> 34.53% of original


RESULTS
--------------------------(same file!)
CoderPCA
ORIGINAL FILE:
-> name: /home/pablo/Documents/FING/Proyecto/datasets-csv/[6]noaa-spc-reports/hail/noaa_spc-hail.csv
-> size (bytes): 322,005
COMPRESSED FILE:
-> name: /home/pablo/Documents/FING/Proyecto/pc-tesis/dataset_parser/scripts/compress/output/[6]noaa-spc-reports/pca/noaa_spc-hail.c.cpp.csv
-> size (bytes): 111,048
-> 34.49% of original


RESULTS
--------------------------(same file!)
CoderPCA
ORIGINAL FILE:
-> name: /home/pablo/Documents/FING/Proyecto/datasets-csv/[6]noaa-spc-reports/hail/noaa_spc-hail.csv
-> size (bytes): 322,005
COMPRESSED FILE:
-> name: /home/pablo/Documents/FING/Proyecto/pc-tesis/dataset_parser/scripts/compress/output/[6]noaa-spc-reports/pca/noaa_spc-hail.c.cpp.csv
-> size (bytes): 110,984
-> 34.47% of original


RESULTS
--------------------------(same file!)
CoderPCA
ORIGINAL FILE:
-> name: /home/pablo/Documents/FING/Proyecto/datasets-csv/[6]noaa-spc-reports/hail/noaa_spc-hail.csv
-> size (bytes): 322,005
COMPRESSED FILE:
-> name: /home/pablo/Documents/FING/Proyecto/pc-tesis/dataset_parser/scripts/compress/output/[6]noaa-spc-reports/pca/noaa_spc-hail.c.cpp.csv
-> size (bytes): 110,952
-> 34.46% of original


RESULTS
--------------------------(same file!)
CoderPCA
ORIGINAL FILE:
-> name: /home/pablo/Documents/FING/Proyecto/datasets-csv/[6]noaa-spc-reports/hail/noaa_spc-hail.csv
-> size (bytes): 322,005
COMPRESSED FILE:
-> name: /home/pablo/Documents/FING/Proyecto/pc-tesis/dataset_parser/scripts/compress/output/[6]noaa-spc-reports/pca/noaa_spc-hail.c.cpp.csv
-> size (bytes): 105,966
-> 32.91% of original


RESULTS
--------------------------(same file!)
CoderPCA
ORIGINAL FILE:
-> name: /home/pablo/Documents/FING/Proyecto/datasets-csv/[6]noaa-spc-reports/hail/noaa_spc-hail.csv
-> size (bytes): 322,005
COMPRESSED FILE:
-> name: /home/pablo/Documents/FING/Proyecto/pc-tesis/dataset_parser/scripts/compress/output/[6]noaa-spc-reports/pca/noaa_spc-hail.c.cpp.csv
-> size (bytes): 110,189
-> 34.22% of original


RESULTS
--------------------------(same file!)
CoderPCA
ORIGINAL FILE:
-> name: /home/pablo/Documents/FING/Proyecto/datasets-csv/[6]noaa-spc-reports/hail/noaa_spc-hail.csv
-> size (bytes): 322,005
COMPRESSED FILE:
-> name: /home/pablo/Documents/FING/Proyecto/pc-tesis/dataset_parser/scripts/compress/output/[6]noaa-spc-reports/pca/noaa_spc-hail.c.cpp.csv
-> size (bytes): 111,137
-> 34.51% of original


RESULTS
--------------------------(same file!)
CoderPCA
ORIGINAL FILE:
-> name: /home/pablo/Documents/FING/Proyecto/datasets-csv/[6]noaa-spc-reports/hail/noaa_spc-hail.csv
-> size (bytes): 322,005
COMPRESSED FILE:
-> name: /home/pablo/Documents/FING/Proyecto/pc-tesis/dataset_parser/scripts/compress/output/[6]noaa-spc-reports/pca/noaa_spc-hail.c.cpp.csv
-> size (bytes): 111,048
-> 34.49% of original


RESULTS
--------------------------(same file!)
CoderPCA
ORIGINAL FILE:
-> name: /home/pablo/Documents/FING/Proyecto/datasets-csv/[6]noaa-spc-reports/hail/noaa_spc-hail.csv
-> size (bytes): 322,005
COMPRESSED FILE:
-> name: /home/pablo/Documents/FING/Proyecto/pc-tesis/dataset_parser/scripts/compress/output/[6]noaa-spc-reports/pca/noaa_spc-hail.c.cpp.csv
-> size (bytes): 110,984
-> 34.47% of original


RESULTS
--------------------------(same file!)
CoderPCA
ORIGINAL FILE:
-> name: /home/pablo/Documents/FING/Proyecto/datasets-csv/[6]noaa-spc-reports/hail/noaa_spc-hail.csv
-> size (bytes): 322,005
COMPRESSED FILE:
-> name: /home/pablo/Documents/FING/Proyecto/pc-tesis/dataset_parser/scripts/compress/output/[6]noaa-spc-reports/pca/noaa_spc-hail.c.cpp.csv
-> size (bytes): 110,952
-> 34.46% of original


RESULTS
--------------------------(same file!)
CoderPCA
ORIGINAL FILE:
-> name: /home/pablo/Documents/FING/Proyecto/datasets-csv/[6]noaa-spc-reports/hail/noaa_spc-hail.csv
-> size (bytes): 322,005
COMPRESSED FILE:
-> name: /home/pablo/Documents/FING/Proyecto/pc-tesis/dataset_parser/scripts/compress/output/[6]noaa-spc-reports/pca/noaa_spc-hail.c.cpp.csv
-> size (bytes): 102,547
-> 31.85% of original


RESULTS
--------------------------(same file!)
CoderPCA
ORIGINAL FILE:
-> name: /home/pablo/Documents/FING/Proyecto/datasets-csv/[6]noaa-spc-reports/hail/noaa_spc-hail.csv
-> size (bytes): 322,005
COMPRESSED FILE:
-> name: /home/pablo/Documents/FING/Proyecto/pc-tesis/dataset_parser/scripts/compress/output/[6]noaa-spc-reports/pca/noaa_spc-hail.c.cpp.csv
-> size (bytes): 108,328
-> 33.64% of original


RESULTS
--------------------------(same file!)
CoderPCA
ORIGINAL FILE:
-> name: /home/pablo/Documents/FING/Proyecto/datasets-csv/[6]noaa-spc-reports/hail/noaa_spc-hail.csv
-> size (bytes): 322,005
COMPRESSED FILE:
-> name: /home/pablo/Documents/FING/Proyecto/pc-tesis/dataset_parser/scripts/compress/output/[6]noaa-spc-reports/pca/noaa_spc-hail.c.cpp.csv
-> size (bytes): 110,726
-> 34.39% of original


RESULTS
--------------------------(same file!)
CoderPCA
ORIGINAL FILE:
-> name: /home/pablo/Documents/FING/Proyecto/datasets-csv/[6]noaa-spc-reports/hail/noaa_spc-hail.csv
-> size (bytes): 322,005
COMPRESSED FILE:
-> name: /home/pablo/Documents/FING/Proyecto/pc-tesis/dataset_parser/scripts/compress/output/[6]noaa-spc-reports/pca/noaa_spc-hail.c.cpp.csv
-> size (bytes): 111,048
-> 34.49% of original


RESULTS
--------------------------(same file!)
CoderPCA
ORIGINAL FILE:
-> name: /home/pablo/Documents/FING/Proyecto/datasets-csv/[6]noaa-spc-reports/hail/noaa_spc-hail.csv
-> size (bytes): 322,005
COMPRESSED FILE:
-> name: /home/pablo/Documents/FING/Proyecto/pc-tesis/dataset_parser/scripts/compress/output/[6]noaa-spc-reports/pca/noaa_spc-hail.c.cpp.csv
-> size (bytes): 110,984
-> 34.47% of original


RESULTS
--------------------------(same file!)
CoderPCA
ORIGINAL FILE:
-> name: /home/pablo/Documents/FING/Proyecto/datasets-csv/[6]noaa-spc-reports/hail/noaa_spc-hail.csv
-> size (bytes): 322,005
COMPRESSED FILE:
-> name: /home/pablo/Documents/FING/Proyecto/pc-tesis/dataset_parser/scripts/compress/output/[6]noaa-spc-reports/pca/noaa_spc-hail.c.cpp.csv
-> size (bytes): 110,952
-> 34.46% of original


RESULTS
--------------------------(same file!)
CoderPCA
ORIGINAL FILE:
-> name: /home/pablo/Documents/FING/Proyecto/datasets-csv/[6]noaa-spc-reports/hail/noaa_spc-hail.csv
-> size (bytes): 322,005
COMPRESSED FILE:
-> name: /home/pablo/Documents/FING/Proyecto/pc-tesis/dataset_parser/scripts/compress/output/[6]noaa-spc-reports/pca/noaa_spc-hail.c.cpp.csv
-> size (bytes): 99,644
-> 30.94% of original


RESULTS
--------------------------(same file!)
CoderPCA
ORIGINAL FILE:
-> name: /home/pablo/Documents/FING/Proyecto/datasets-csv/[6]noaa-spc-reports/hail/noaa_spc-hail.csv
-> size (bytes): 322,005
COMPRESSED FILE:
-> name: /home/pablo/Documents/FING/Proyecto/pc-tesis/dataset_parser/scripts/compress/output/[6]noaa-spc-reports/pca/noaa_spc-hail.c.cpp.csv
-> size (bytes): 106,410
-> 33.05% of original


RESULTS
--------------------------(same file!)
CoderPCA
ORIGINAL FILE:
-> name: /home/pablo/Documents/FING/Proyecto/datasets-csv/[6]noaa-spc-reports/hail/noaa_spc-hail.csv
-> size (bytes): 322,005
COMPRESSED FILE:
-> name: /home/pablo/Documents/FING/Proyecto/pc-tesis/dataset_parser/scripts/compress/output/[6]noaa-spc-reports/pca/noaa_spc-hail.c.cpp.csv
-> size (bytes): 110,495
-> 34.31% of original


RESULTS
--------------------------(same file!)
CoderPCA
ORIGINAL FILE:
-> name: /home/pablo/Documents/FING/Proyecto/datasets-csv/[6]noaa-spc-reports/hail/noaa_spc-hail.csv
-> size (bytes): 322,005
COMPRESSED FILE:
-> name: /home/pablo/Documents/FING/Proyecto/pc-tesis/dataset_parser/scripts/compress/output/[6]noaa-spc-reports/pca/noaa_spc-hail.c.cpp.csv
-> size (bytes): 110,974
-> 34.46% of original


RESULTS
--------------------------(same file!)
CoderPCA
ORIGINAL FILE:
-> name: /home/pablo/Documents/FING/Proyecto/datasets-csv/[6]noaa-spc-reports/hail/noaa_spc-hail.csv
-> size (bytes): 322,005
COMPRESSED FILE:
-> name: /home/pablo/Documents/FING/Proyecto/pc-tesis/dataset_parser/scripts/compress/output/[6]noaa-spc-reports/pca/noaa_spc-hail.c.cpp.csv
-> size (bytes): 110,984
-> 34.47% of original


RESULTS
--------------------------(same file!)
CoderPCA
ORIGINAL FILE:
-> name: /home/pablo/Documents/FING/Proyecto/datasets-csv/[6]noaa-spc-reports/hail/noaa_spc-hail.csv
-> size (bytes): 322,005
COMPRESSED FILE:
-> name: /home/pablo/Documents/FING/Proyecto/pc-tesis/dataset_parser/scripts/compress/output/[6]noaa-spc-reports/pca/noaa_spc-hail.c.cpp.csv
-> size (bytes): 110,952
-> 34.46% of original


RESULTS
--------------------------(same file!)
CoderPCA
ORIGINAL FILE:
-> name: /home/pablo/Documents/FING/Proyecto/datasets-csv/[6]noaa-spc-reports/hail/noaa_spc-hail.csv
-> size (bytes): 322,005
COMPRESSED FILE:
-> name: /home/pablo/Documents/FING/Proyecto/pc-tesis/dataset_parser/scripts/compress/output/[6]noaa-spc-reports/pca/noaa_spc-hail.c.cpp.csv
-> size (bytes): 92,932
-> 28.86% of original


RESULTS
--------------------------(same file!)
CoderPCA
ORIGINAL FILE:
-> name: /home/pablo/Documents/FING/Proyecto/datasets-csv/[6]noaa-spc-reports/hail/noaa_spc-hail.csv
-> size (bytes): 322,005
COMPRESSED FILE:
-> name: /home/pablo/Documents/FING/Proyecto/pc-tesis/dataset_parser/scripts/compress/output/[6]noaa-spc-reports/pca/noaa_spc-hail.c.cpp.csv
-> size (bytes): 101,279
-> 31.45% of original


RESULTS
--------------------------(same file!)
CoderPCA
ORIGINAL FILE:
-> name: /home/pablo/Documents/FING/Proyecto/datasets-csv/[6]noaa-spc-reports/hail/noaa_spc-hail.csv
-> size (bytes): 322,005
COMPRESSED FILE:
-> name: /home/pablo/Documents/FING/Proyecto/pc-tesis/dataset_parser/scripts/compress/output/[6]noaa-spc-reports/pca/noaa_spc-hail.c.cpp.csv
-> size (bytes): 108,716
-> 33.76% of original


RESULTS
--------------------------(same file!)
CoderPCA
ORIGINAL FILE:
-> name: /home/pablo/Documents/FING/Proyecto/datasets-csv/[6]noaa-spc-reports/hail/noaa_spc-hail.csv
-> size (bytes): 322,005
COMPRESSED FILE:
-> name: /home/pablo/Documents/FING/Proyecto/pc-tesis/dataset_parser/scripts/compress/output/[6]noaa-spc-reports/pca/noaa_spc-hail.c.cpp.csv
-> size (bytes): 110,736
-> 34.39% of original


RESULTS
--------------------------(same file!)
CoderPCA
ORIGINAL FILE:
-> name: /home/pablo/Documents/FING/Proyecto/datasets-csv/[6]noaa-spc-reports/hail/noaa_spc-hail.csv
-> size (bytes): 322,005
COMPRESSED FILE:
-> name: /home/pablo/Documents/FING/Proyecto/pc-tesis/dataset_parser/scripts/compress/output/[6]noaa-spc-reports/pca/noaa_spc-hail.c.cpp.csv
-> size (bytes): 110,984
-> 34.47% of original


RESULTS
--------------------------(same file!)
CoderPCA
ORIGINAL FILE:
-> name: /home/pablo/Documents/FING/Proyecto/datasets-csv/[6]noaa-spc-reports/hail/noaa_spc-hail.csv
-> size (bytes): 322,005
COMPRESSED FILE:
-> name: /home/pablo/Documents/FING/Proyecto/pc-tesis/dataset_parser/scripts/compress/output/[6]noaa-spc-reports/pca/noaa_spc-hail.c.cpp.csv
-> size (bytes): 110,952
-> 34.46% of original


RESULTS
--------------------------(same file!)
CoderAPCA
ORIGINAL FILE:
-> name: /home/pablo/Documents/FING/Proyecto/datasets-csv/[6]noaa-spc-reports/hail/noaa_spc-hail.csv
-> size (bytes): 322,005
COMPRESSED FILE:
-> name: /home/pablo/Documents/FING/Proyecto/pc-tesis/dataset_parser/scripts/compress/output/[6]noaa-spc-reports/apca/noaa_spc-hail.c.cpp.csv
-> size (bytes): 119,748
-> 37.19% of original


RESULTS
--------------------------(same file!)
CoderAPCA
ORIGINAL FILE:
-> name: /home/pablo/Documents/FING/Proyecto/datasets-csv/[6]noaa-spc-reports/hail/noaa_spc-hail.csv
-> size (bytes): 322,005
COMPRESSED FILE:
-> name: /home/pablo/Documents/FING/Proyecto/pc-tesis/dataset_parser/scripts/compress/output/[6]noaa-spc-reports/apca/noaa_spc-hail.c.cpp.csv
-> size (bytes): 124,914
-> 38.79% of original


RESULTS
--------------------------(same file!)
CoderAPCA
ORIGINAL FILE:
-> name: /home/pablo/Documents/FING/Proyecto/datasets-csv/[6]noaa-spc-reports/hail/noaa_spc-hail.csv
-> size (bytes): 322,005
COMPRESSED FILE:
-> name: /home/pablo/Documents/FING/Proyecto/pc-tesis/dataset_parser/scripts/compress/output/[6]noaa-spc-reports/apca/noaa_spc-hail.c.cpp.csv
-> size (bytes): 130,448
-> 40.51% of original


RESULTS
--------------------------(same file!)
CoderAPCA
ORIGINAL FILE:
-> name: /home/pablo/Documents/FING/Proyecto/datasets-csv/[6]noaa-spc-reports/hail/noaa_spc-hail.csv
-> size (bytes): 322,005
COMPRESSED FILE:
-> name: /home/pablo/Documents/FING/Proyecto/pc-tesis/dataset_parser/scripts/compress/output/[6]noaa-spc-reports/apca/noaa_spc-hail.c.cpp.csv
-> size (bytes): 136,021
-> 42.24% of original


RESULTS
--------------------------(same file!)
CoderAPCA
ORIGINAL FILE:
-> name: /home/pablo/Documents/FING/Proyecto/datasets-csv/[6]noaa-spc-reports/hail/noaa_spc-hail.csv
-> size (bytes): 322,005
COMPRESSED FILE:
-> name: /home/pablo/Documents/FING/Proyecto/pc-tesis/dataset_parser/scripts/compress/output/[6]noaa-spc-reports/apca/noaa_spc-hail.c.cpp.csv
-> size (bytes): 141,597
-> 43.97% of original


RESULTS
--------------------------(same file!)
CoderAPCA
ORIGINAL FILE:
-> name: /home/pablo/Documents/FING/Proyecto/datasets-csv/[6]noaa-spc-reports/hail/noaa_spc-hail.csv
-> size (bytes): 322,005
COMPRESSED FILE:
-> name: /home/pablo/Documents/FING/Proyecto/pc-tesis/dataset_parser/scripts/compress/output/[6]noaa-spc-reports/apca/noaa_spc-hail.c.cpp.csv
-> size (bytes): 147,173
-> 45.71% of original


RESULTS
--------------------------(same file!)
CoderAPCA
ORIGINAL FILE:
-> name: /home/pablo/Documents/FING/Proyecto/datasets-csv/[6]noaa-spc-reports/hail/noaa_spc-hail.csv
-> size (bytes): 322,005
COMPRESSED FILE:
-> name: /home/pablo/Documents/FING/Proyecto/pc-tesis/dataset_parser/scripts/compress/output/[6]noaa-spc-reports/apca/noaa_spc-hail.c.cpp.csv
-> size (bytes): 112,300
-> 34.88% of original


RESULTS
--------------------------(same file!)
CoderAPCA
ORIGINAL FILE:
-> name: /home/pablo/Documents/FING/Proyecto/datasets-csv/[6]noaa-spc-reports/hail/noaa_spc-hail.csv
-> size (bytes): 322,005
COMPRESSED FILE:
-> name: /home/pablo/Documents/FING/Proyecto/pc-tesis/dataset_parser/scripts/compress/output/[6]noaa-spc-reports/apca/noaa_spc-hail.c.cpp.csv
-> size (bytes): 116,976
-> 36.33% of original


RESULTS
--------------------------(same file!)
CoderAPCA
ORIGINAL FILE:
-> name: /home/pablo/Documents/FING/Proyecto/datasets-csv/[6]noaa-spc-reports/hail/noaa_spc-hail.csv
-> size (bytes): 322,005
COMPRESSED FILE:
-> name: /home/pablo/Documents/FING/Proyecto/pc-tesis/dataset_parser/scripts/compress/output/[6]noaa-spc-reports/apca/noaa_spc-hail.c.cpp.csv
-> size (bytes): 122,027
-> 37.9% of original


RESULTS
--------------------------(same file!)
CoderAPCA
ORIGINAL FILE:
-> name: /home/pablo/Documents/FING/Proyecto/datasets-csv/[6]noaa-spc-reports/hail/noaa_spc-hail.csv
-> size (bytes): 322,005
COMPRESSED FILE:
-> name: /home/pablo/Documents/FING/Proyecto/pc-tesis/dataset_parser/scripts/compress/output/[6]noaa-spc-reports/apca/noaa_spc-hail.c.cpp.csv
-> size (bytes): 127,119
-> 39.48% of original


RESULTS
--------------------------(same file!)
CoderAPCA
ORIGINAL FILE:
-> name: /home/pablo/Documents/FING/Proyecto/datasets-csv/[6]noaa-spc-reports/hail/noaa_spc-hail.csv
-> size (bytes): 322,005
COMPRESSED FILE:
-> name: /home/pablo/Documents/FING/Proyecto/pc-tesis/dataset_parser/scripts/compress/output/[6]noaa-spc-reports/apca/noaa_spc-hail.c.cpp.csv
-> size (bytes): 132,214
-> 41.06% of original


RESULTS
--------------------------(same file!)
CoderAPCA
ORIGINAL FILE:
-> name: /home/pablo/Documents/FING/Proyecto/datasets-csv/[6]noaa-spc-reports/hail/noaa_spc-hail.csv
-> size (bytes): 322,005
COMPRESSED FILE:
-> name: /home/pablo/Documents/FING/Proyecto/pc-tesis/dataset_parser/scripts/compress/output/[6]noaa-spc-reports/apca/noaa_spc-hail.c.cpp.csv
-> size (bytes): 137,309
-> 42.64% of original


RESULTS
--------------------------(same file!)
CoderAPCA
ORIGINAL FILE:
-> name: /home/pablo/Documents/FING/Proyecto/datasets-csv/[6]noaa-spc-reports/hail/noaa_spc-hail.csv
-> size (bytes): 322,005
COMPRESSED FILE:
-> name: /home/pablo/Documents/FING/Proyecto/pc-tesis/dataset_parser/scripts/compress/output/[6]noaa-spc-reports/apca/noaa_spc-hail.c.cpp.csv
-> size (bytes): 104,318
-> 32.4% of original


RESULTS
--------------------------(same file!)
CoderAPCA
ORIGINAL FILE:
-> name: /home/pablo/Documents/FING/Proyecto/datasets-csv/[6]noaa-spc-reports/hail/noaa_spc-hail.csv
-> size (bytes): 322,005
COMPRESSED FILE:
-> name: /home/pablo/Documents/FING/Proyecto/pc-tesis/dataset_parser/scripts/compress/output/[6]noaa-spc-reports/apca/noaa_spc-hail.c.cpp.csv
-> size (bytes): 108,286
-> 33.63% of original


RESULTS
--------------------------(same file!)
CoderAPCA
ORIGINAL FILE:
-> name: /home/pablo/Documents/FING/Proyecto/datasets-csv/[6]noaa-spc-reports/hail/noaa_spc-hail.csv
-> size (bytes): 322,005
COMPRESSED FILE:
-> name: /home/pablo/Documents/FING/Proyecto/pc-tesis/dataset_parser/scripts/compress/output/[6]noaa-spc-reports/apca/noaa_spc-hail.c.cpp.csv
-> size (bytes): 112,807
-> 35.03% of original


RESULTS
--------------------------(same file!)
CoderAPCA
ORIGINAL FILE:
-> name: /home/pablo/Documents/FING/Proyecto/datasets-csv/[6]noaa-spc-reports/hail/noaa_spc-hail.csv
-> size (bytes): 322,005
COMPRESSED FILE:
-> name: /home/pablo/Documents/FING/Proyecto/pc-tesis/dataset_parser/scripts/compress/output/[6]noaa-spc-reports/apca/noaa_spc-hail.c.cpp.csv
-> size (bytes): 117,375
-> 36.45% of original


RESULTS
--------------------------(same file!)
CoderAPCA
ORIGINAL FILE:
-> name: /home/pablo/Documents/FING/Proyecto/datasets-csv/[6]noaa-spc-reports/hail/noaa_spc-hail.csv
-> size (bytes): 322,005
COMPRESSED FILE:
-> name: /home/pablo/Documents/FING/Proyecto/pc-tesis/dataset_parser/scripts/compress/output/[6]noaa-spc-reports/apca/noaa_spc-hail.c.cpp.csv
-> size (bytes): 121,945
-> 37.87% of original


RESULTS
--------------------------(same file!)
CoderAPCA
ORIGINAL FILE:
-> name: /home/pablo/Documents/FING/Proyecto/datasets-csv/[6]noaa-spc-reports/hail/noaa_spc-hail.csv
-> size (bytes): 322,005
COMPRESSED FILE:
-> name: /home/pablo/Documents/FING/Proyecto/pc-tesis/dataset_parser/scripts/compress/output/[6]noaa-spc-reports/apca/noaa_spc-hail.c.cpp.csv
-> size (bytes): 126,514
-> 39.29% of original


RESULTS
--------------------------(same file!)
CoderAPCA
ORIGINAL FILE:
-> name: /home/pablo/Documents/FING/Proyecto/datasets-csv/[6]noaa-spc-reports/hail/noaa_spc-hail.csv
-> size (bytes): 322,005
COMPRESSED FILE:
-> name: /home/pablo/Documents/FING/Proyecto/pc-tesis/dataset_parser/scripts/compress/output/[6]noaa-spc-reports/apca/noaa_spc-hail.c.cpp.csv
-> size (bytes): 99,617
-> 30.94% of original


RESULTS
--------------------------(same file!)
CoderAPCA
ORIGINAL FILE:
-> name: /home/pablo/Documents/FING/Proyecto/datasets-csv/[6]noaa-spc-reports/hail/noaa_spc-hail.csv
-> size (bytes): 322,005
COMPRESSED FILE:
-> name: /home/pablo/Documents/FING/Proyecto/pc-tesis/dataset_parser/scripts/compress/output/[6]noaa-spc-reports/apca/noaa_spc-hail.c.cpp.csv
-> size (bytes): 103,005
-> 31.99% of original


RESULTS
--------------------------(same file!)
CoderAPCA
ORIGINAL FILE:
-> name: /home/pablo/Documents/FING/Proyecto/datasets-csv/[6]noaa-spc-reports/hail/noaa_spc-hail.csv
-> size (bytes): 322,005
COMPRESSED FILE:
-> name: /home/pablo/Documents/FING/Proyecto/pc-tesis/dataset_parser/scripts/compress/output/[6]noaa-spc-reports/apca/noaa_spc-hail.c.cpp.csv
-> size (bytes): 107,190
-> 33.29% of original


RESULTS
--------------------------(same file!)
CoderAPCA
ORIGINAL FILE:
-> name: /home/pablo/Documents/FING/Proyecto/datasets-csv/[6]noaa-spc-reports/hail/noaa_spc-hail.csv
-> size (bytes): 322,005
COMPRESSED FILE:
-> name: /home/pablo/Documents/FING/Proyecto/pc-tesis/dataset_parser/scripts/compress/output/[6]noaa-spc-reports/apca/noaa_spc-hail.c.cpp.csv
-> size (bytes): 111,437
-> 34.61% of original


RESULTS
--------------------------(same file!)
CoderAPCA
ORIGINAL FILE:
-> name: /home/pablo/Documents/FING/Proyecto/datasets-csv/[6]noaa-spc-reports/hail/noaa_spc-hail.csv
-> size (bytes): 322,005
COMPRESSED FILE:
-> name: /home/pablo/Documents/FING/Proyecto/pc-tesis/dataset_parser/scripts/compress/output/[6]noaa-spc-reports/apca/noaa_spc-hail.c.cpp.csv
-> size (bytes): 115,687
-> 35.93% of original


RESULTS
--------------------------(same file!)
CoderAPCA
ORIGINAL FILE:
-> name: /home/pablo/Documents/FING/Proyecto/datasets-csv/[6]noaa-spc-reports/hail/noaa_spc-hail.csv
-> size (bytes): 322,005
COMPRESSED FILE:
-> name: /home/pablo/Documents/FING/Proyecto/pc-tesis/dataset_parser/scripts/compress/output/[6]noaa-spc-reports/apca/noaa_spc-hail.c.cpp.csv
-> size (bytes): 119,936
-> 37.25% of original


RESULTS
--------------------------(same file!)
CoderAPCA
ORIGINAL FILE:
-> name: /home/pablo/Documents/FING/Proyecto/datasets-csv/[6]noaa-spc-reports/hail/noaa_spc-hail.csv
-> size (bytes): 322,005
COMPRESSED FILE:
-> name: /home/pablo/Documents/FING/Proyecto/pc-tesis/dataset_parser/scripts/compress/output/[6]noaa-spc-reports/apca/noaa_spc-hail.c.cpp.csv
-> size (bytes): 92,411
-> 28.7% of original


RESULTS
--------------------------(same file!)
CoderAPCA
ORIGINAL FILE:
-> name: /home/pablo/Documents/FING/Proyecto/datasets-csv/[6]noaa-spc-reports/hail/noaa_spc-hail.csv
-> size (bytes): 322,005
COMPRESSED FILE:
-> name: /home/pablo/Documents/FING/Proyecto/pc-tesis/dataset_parser/scripts/compress/output/[6]noaa-spc-reports/apca/noaa_spc-hail.c.cpp.csv
-> size (bytes): 94,500
-> 29.35% of original


RESULTS
--------------------------(same file!)
CoderAPCA
ORIGINAL FILE:
-> name: /home/pablo/Documents/FING/Proyecto/datasets-csv/[6]noaa-spc-reports/hail/noaa_spc-hail.csv
-> size (bytes): 322,005
COMPRESSED FILE:
-> name: /home/pablo/Documents/FING/Proyecto/pc-tesis/dataset_parser/scripts/compress/output/[6]noaa-spc-reports/apca/noaa_spc-hail.c.cpp.csv
-> size (bytes): 97,974
-> 30.43% of original


RESULTS
--------------------------(same file!)
CoderAPCA
ORIGINAL FILE:
-> name: /home/pablo/Documents/FING/Proyecto/datasets-csv/[6]noaa-spc-reports/hail/noaa_spc-hail.csv
-> size (bytes): 322,005
COMPRESSED FILE:
-> name: /home/pablo/Documents/FING/Proyecto/pc-tesis/dataset_parser/scripts/compress/output/[6]noaa-spc-reports/apca/noaa_spc-hail.c.cpp.csv
-> size (bytes): 101,694
-> 31.58% of original


RESULTS
--------------------------(same file!)
CoderAPCA
ORIGINAL FILE:
-> name: /home/pablo/Documents/FING/Proyecto/datasets-csv/[6]noaa-spc-reports/hail/noaa_spc-hail.csv
-> size (bytes): 322,005
COMPRESSED FILE:
-> name: /home/pablo/Documents/FING/Proyecto/pc-tesis/dataset_parser/scripts/compress/output/[6]noaa-spc-reports/apca/noaa_spc-hail.c.cpp.csv
-> size (bytes): 105,417
-> 32.74% of original


RESULTS
--------------------------(same file!)
CoderAPCA
ORIGINAL FILE:
-> name: /home/pablo/Documents/FING/Proyecto/datasets-csv/[6]noaa-spc-reports/hail/noaa_spc-hail.csv
-> size (bytes): 322,005
COMPRESSED FILE:
-> name: /home/pablo/Documents/FING/Proyecto/pc-tesis/dataset_parser/scripts/compress/output/[6]noaa-spc-reports/apca/noaa_spc-hail.c.cpp.csv
-> size (bytes): 109,141
-> 33.89% of original


RESULTS
--------------------------(same file!)
CoderAPCA
ORIGINAL FILE:
-> name: /home/pablo/Documents/FING/Proyecto/datasets-csv/[6]noaa-spc-reports/hail/noaa_spc-hail.csv
-> size (bytes): 322,005
COMPRESSED FILE:
-> name: /home/pablo/Documents/FING/Proyecto/pc-tesis/dataset_parser/scripts/compress/output/[6]noaa-spc-reports/apca/noaa_spc-hail.c.cpp.csv
-> size (bytes): 87,968
-> 27.32% of original


RESULTS
--------------------------(same file!)
CoderAPCA
ORIGINAL FILE:
-> name: /home/pablo/Documents/FING/Proyecto/datasets-csv/[6]noaa-spc-reports/hail/noaa_spc-hail.csv
-> size (bytes): 322,005
COMPRESSED FILE:
-> name: /home/pablo/Documents/FING/Proyecto/pc-tesis/dataset_parser/scripts/compress/output/[6]noaa-spc-reports/apca/noaa_spc-hail.c.cpp.csv
-> size (bytes): 89,022
-> 27.65% of original


RESULTS
--------------------------(same file!)
CoderAPCA
ORIGINAL FILE:
-> name: /home/pablo/Documents/FING/Proyecto/datasets-csv/[6]noaa-spc-reports/hail/noaa_spc-hail.csv
-> size (bytes): 322,005
COMPRESSED FILE:
-> name: /home/pablo/Documents/FING/Proyecto/pc-tesis/dataset_parser/scripts/compress/output/[6]noaa-spc-reports/apca/noaa_spc-hail.c.cpp.csv
-> size (bytes): 91,895
-> 28.54% of original


RESULTS
--------------------------(same file!)
CoderAPCA
ORIGINAL FILE:
-> name: /home/pablo/Documents/FING/Proyecto/datasets-csv/[6]noaa-spc-reports/hail/noaa_spc-hail.csv
-> size (bytes): 322,005
COMPRESSED FILE:
-> name: /home/pablo/Documents/FING/Proyecto/pc-tesis/dataset_parser/scripts/compress/output/[6]noaa-spc-reports/apca/noaa_spc-hail.c.cpp.csv
-> size (bytes): 95,249
-> 29.58% of original


RESULTS
--------------------------(same file!)
CoderAPCA
ORIGINAL FILE:
-> name: /home/pablo/Documents/FING/Proyecto/datasets-csv/[6]noaa-spc-reports/hail/noaa_spc-hail.csv
-> size (bytes): 322,005
COMPRESSED FILE:
-> name: /home/pablo/Documents/FING/Proyecto/pc-tesis/dataset_parser/scripts/compress/output/[6]noaa-spc-reports/apca/noaa_spc-hail.c.cpp.csv
-> size (bytes): 98,623
-> 30.63% of original


RESULTS
--------------------------(same file!)
CoderAPCA
ORIGINAL FILE:
-> name: /home/pablo/Documents/FING/Proyecto/datasets-csv/[6]noaa-spc-reports/hail/noaa_spc-hail.csv
-> size (bytes): 322,005
COMPRESSED FILE:
-> name: /home/pablo/Documents/FING/Proyecto/pc-tesis/dataset_parser/scripts/compress/output/[6]noaa-spc-reports/apca/noaa_spc-hail.c.cpp.csv
-> size (bytes): 101,998
-> 31.68% of original


RESULTS
--------------------------(same file!)
CoderAPCA
ORIGINAL FILE:
-> name: /home/pablo/Documents/FING/Proyecto/datasets-csv/[6]noaa-spc-reports/hail/noaa_spc-hail.csv
-> size (bytes): 322,005
COMPRESSED FILE:
-> name: /home/pablo/Documents/FING/Proyecto/pc-tesis/dataset_parser/scripts/compress/output/[6]noaa-spc-reports/apca/noaa_spc-hail.c.cpp.csv
-> size (bytes): 84,640
-> 26.29% of original


RESULTS
--------------------------(same file!)
CoderAPCA
ORIGINAL FILE:
-> name: /home/pablo/Documents/FING/Proyecto/datasets-csv/[6]noaa-spc-reports/hail/noaa_spc-hail.csv
-> size (bytes): 322,005
COMPRESSED FILE:
-> name: /home/pablo/Documents/FING/Proyecto/pc-tesis/dataset_parser/scripts/compress/output/[6]noaa-spc-reports/apca/noaa_spc-hail.c.cpp.csv
-> size (bytes): 84,911
-> 26.37% of original


RESULTS
--------------------------(same file!)
CoderAPCA
ORIGINAL FILE:
-> name: /home/pablo/Documents/FING/Proyecto/datasets-csv/[6]noaa-spc-reports/hail/noaa_spc-hail.csv
-> size (bytes): 322,005
COMPRESSED FILE:
-> name: /home/pablo/Documents/FING/Proyecto/pc-tesis/dataset_parser/scripts/compress/output/[6]noaa-spc-reports/apca/noaa_spc-hail.c.cpp.csv
-> size (bytes): 87,278
-> 27.1% of original


RESULTS
--------------------------(same file!)
CoderAPCA
ORIGINAL FILE:
-> name: /home/pablo/Documents/FING/Proyecto/datasets-csv/[6]noaa-spc-reports/hail/noaa_spc-hail.csv
-> size (bytes): 322,005
COMPRESSED FILE:
-> name: /home/pablo/Documents/FING/Proyecto/pc-tesis/dataset_parser/scripts/compress/output/[6]noaa-spc-reports/apca/noaa_spc-hail.c.cpp.csv
-> size (bytes): 90,324
-> 28.05% of original


RESULTS
--------------------------(same file!)
CoderAPCA
ORIGINAL FILE:
-> name: /home/pablo/Documents/FING/Proyecto/datasets-csv/[6]noaa-spc-reports/hail/noaa_spc-hail.csv
-> size (bytes): 322,005
COMPRESSED FILE:
-> name: /home/pablo/Documents/FING/Proyecto/pc-tesis/dataset_parser/scripts/compress/output/[6]noaa-spc-reports/apca/noaa_spc-hail.c.cpp.csv
-> size (bytes): 93,431
-> 29.02% of original


RESULTS
--------------------------(same file!)
CoderAPCA
ORIGINAL FILE:
-> name: /home/pablo/Documents/FING/Proyecto/datasets-csv/[6]noaa-spc-reports/hail/noaa_spc-hail.csv
-> size (bytes): 322,005
COMPRESSED FILE:
-> name: /home/pablo/Documents/FING/Proyecto/pc-tesis/dataset_parser/scripts/compress/output/[6]noaa-spc-reports/apca/noaa_spc-hail.c.cpp.csv
-> size (bytes): 96,541
-> 29.98% of original


RESULTS
--------------------------(same file!)
CoderAPCA
ORIGINAL FILE:
-> name: /home/pablo/Documents/FING/Proyecto/datasets-csv/[6]noaa-spc-reports/hail/noaa_spc-hail.csv
-> size (bytes): 322,005
COMPRESSED FILE:
-> name: /home/pablo/Documents/FING/Proyecto/pc-tesis/dataset_parser/scripts/compress/output/[6]noaa-spc-reports/apca/noaa_spc-hail.c.cpp.csv
-> size (bytes): 76,160
-> 23.65% of original


RESULTS
--------------------------(same file!)
CoderAPCA
ORIGINAL FILE:
-> name: /home/pablo/Documents/FING/Proyecto/datasets-csv/[6]noaa-spc-reports/hail/noaa_spc-hail.csv
-> size (bytes): 322,005
COMPRESSED FILE:
-> name: /home/pablo/Documents/FING/Proyecto/pc-tesis/dataset_parser/scripts/compress/output/[6]noaa-spc-reports/apca/noaa_spc-hail.c.cpp.csv
-> size (bytes): 74,526
-> 23.14% of original


RESULTS
--------------------------(same file!)
CoderAPCA
ORIGINAL FILE:
-> name: /home/pablo/Documents/FING/Proyecto/datasets-csv/[6]noaa-spc-reports/hail/noaa_spc-hail.csv
-> size (bytes): 322,005
COMPRESSED FILE:
-> name: /home/pablo/Documents/FING/Proyecto/pc-tesis/dataset_parser/scripts/compress/output/[6]noaa-spc-reports/apca/noaa_spc-hail.c.cpp.csv
-> size (bytes): 75,550
-> 23.46% of original


RESULTS
--------------------------(same file!)
CoderAPCA
ORIGINAL FILE:
-> name: /home/pablo/Documents/FING/Proyecto/datasets-csv/[6]noaa-spc-reports/hail/noaa_spc-hail.csv
-> size (bytes): 322,005
COMPRESSED FILE:
-> name: /home/pablo/Documents/FING/Proyecto/pc-tesis/dataset_parser/scripts/compress/output/[6]noaa-spc-reports/apca/noaa_spc-hail.c.cpp.csv
-> size (bytes): 77,763
-> 24.15% of original


RESULTS
--------------------------(same file!)
CoderAPCA
ORIGINAL FILE:
-> name: /home/pablo/Documents/FING/Proyecto/datasets-csv/[6]noaa-spc-reports/hail/noaa_spc-hail.csv
-> size (bytes): 322,005
COMPRESSED FILE:
-> name: /home/pablo/Documents/FING/Proyecto/pc-tesis/dataset_parser/scripts/compress/output/[6]noaa-spc-reports/apca/noaa_spc-hail.c.cpp.csv
-> size (bytes): 80,135
-> 24.89% of original


RESULTS
--------------------------(same file!)
CoderAPCA
ORIGINAL FILE:
-> name: /home/pablo/Documents/FING/Proyecto/datasets-csv/[6]noaa-spc-reports/hail/noaa_spc-hail.csv
-> size (bytes): 322,005
COMPRESSED FILE:
-> name: /home/pablo/Documents/FING/Proyecto/pc-tesis/dataset_parser/scripts/compress/output/[6]noaa-spc-reports/apca/noaa_spc-hail.c.cpp.csv
-> size (bytes): 82,519
-> 25.63% of original


RESULTS
ERROR: DIFFERENT FILES!
CoderCA
ORIGINAL FILE:
-> name: /home/pablo/Documents/FING/Proyecto/datasets-csv/[6]noaa-spc-reports/hail/noaa_spc-hail.csv
-> size (bytes): 322,005
COMPRESSED FILE:
-> name: /home/pablo/Documents/FING/Proyecto/pc-tesis/dataset_parser/scripts/compress/output/[6]noaa-spc-reports/ca/noaa_spc-hail.c.cpp.csv
-> size (bytes): 123,647
-> 38.4% of original


RESULTS
ERROR: DIFFERENT FILES!
CoderCA
ORIGINAL FILE:
-> name: /home/pablo/Documents/FING/Proyecto/datasets-csv/[6]noaa-spc-reports/hail/noaa_spc-hail.csv
-> size (bytes): 322,005
COMPRESSED FILE:
-> name: /home/pablo/Documents/FING/Proyecto/pc-tesis/dataset_parser/scripts/compress/output/[6]noaa-spc-reports/ca/noaa_spc-hail.c.cpp.csv
-> size (bytes): 129,076
-> 40.09% of original


RESULTS
ERROR: DIFFERENT FILES!
CoderCA
ORIGINAL FILE:
-> name: /home/pablo/Documents/FING/Proyecto/datasets-csv/[6]noaa-spc-reports/hail/noaa_spc-hail.csv
-> size (bytes): 322,005
COMPRESSED FILE:
-> name: /home/pablo/Documents/FING/Proyecto/pc-tesis/dataset_parser/scripts/compress/output/[6]noaa-spc-reports/ca/noaa_spc-hail.c.cpp.csv
-> size (bytes): 134,902
-> 41.89% of original


RESULTS
ERROR: DIFFERENT FILES!
CoderCA
ORIGINAL FILE:
-> name: /home/pablo/Documents/FING/Proyecto/datasets-csv/[6]noaa-spc-reports/hail/noaa_spc-hail.csv
-> size (bytes): 322,005
COMPRESSED FILE:
-> name: /home/pablo/Documents/FING/Proyecto/pc-tesis/dataset_parser/scripts/compress/output/[6]noaa-spc-reports/ca/noaa_spc-hail.c.cpp.csv
-> size (bytes): 140,769
-> 43.72% of original


RESULTS
ERROR: DIFFERENT FILES!
CoderCA
ORIGINAL FILE:
-> name: /home/pablo/Documents/FING/Proyecto/datasets-csv/[6]noaa-spc-reports/hail/noaa_spc-hail.csv
-> size (bytes): 322,005
COMPRESSED FILE:
-> name: /home/pablo/Documents/FING/Proyecto/pc-tesis/dataset_parser/scripts/compress/output/[6]noaa-spc-reports/ca/noaa_spc-hail.c.cpp.csv
-> size (bytes): 146,637
-> 45.54% of original


RESULTS
ERROR: DIFFERENT FILES!
CoderCA
ORIGINAL FILE:
-> name: /home/pablo/Documents/FING/Proyecto/datasets-csv/[6]noaa-spc-reports/hail/noaa_spc-hail.csv
-> size (bytes): 322,005
COMPRESSED FILE:
-> name: /home/pablo/Documents/FING/Proyecto/pc-tesis/dataset_parser/scripts/compress/output/[6]noaa-spc-reports/ca/noaa_spc-hail.c.cpp.csv
-> size (bytes): 152,504
-> 47.36% of original


RESULTS
ERROR: DIFFERENT FILES!
CoderCA
ORIGINAL FILE:
-> name: /home/pablo/Documents/FING/Proyecto/datasets-csv/[6]noaa-spc-reports/hail/noaa_spc-hail.csv
-> size (bytes): 322,005
COMPRESSED FILE:
-> name: /home/pablo/Documents/FING/Proyecto/pc-tesis/dataset_parser/scripts/compress/output/[6]noaa-spc-reports/ca/noaa_spc-hail.c.cpp.csv
-> size (bytes): 121,435
-> 37.71% of original


RESULTS
ERROR: DIFFERENT FILES!
CoderCA
ORIGINAL FILE:
-> name: /home/pablo/Documents/FING/Proyecto/datasets-csv/[6]noaa-spc-reports/hail/noaa_spc-hail.csv
-> size (bytes): 322,005
COMPRESSED FILE:
-> name: /home/pablo/Documents/FING/Proyecto/pc-tesis/dataset_parser/scripts/compress/output/[6]noaa-spc-reports/ca/noaa_spc-hail.c.cpp.csv
-> size (bytes): 126,721
-> 39.35% of original


RESULTS
ERROR: DIFFERENT FILES!
CoderCA
ORIGINAL FILE:
-> name: /home/pablo/Documents/FING/Proyecto/datasets-csv/[6]noaa-spc-reports/hail/noaa_spc-hail.csv
-> size (bytes): 322,005
COMPRESSED FILE:
-> name: /home/pablo/Documents/FING/Proyecto/pc-tesis/dataset_parser/scripts/compress/output/[6]noaa-spc-reports/ca/noaa_spc-hail.c.cpp.csv
-> size (bytes): 132,404
-> 41.12% of original


RESULTS
ERROR: DIFFERENT FILES!
CoderCA
ORIGINAL FILE:
-> name: /home/pablo/Documents/FING/Proyecto/datasets-csv/[6]noaa-spc-reports/hail/noaa_spc-hail.csv
-> size (bytes): 322,005
COMPRESSED FILE:
-> name: /home/pablo/Documents/FING/Proyecto/pc-tesis/dataset_parser/scripts/compress/output/[6]noaa-spc-reports/ca/noaa_spc-hail.c.cpp.csv
-> size (bytes): 138,128
-> 42.9% of original


RESULTS
ERROR: DIFFERENT FILES!
CoderCA
ORIGINAL FILE:
-> name: /home/pablo/Documents/FING/Proyecto/datasets-csv/[6]noaa-spc-reports/hail/noaa_spc-hail.csv
-> size (bytes): 322,005
COMPRESSED FILE:
-> name: /home/pablo/Documents/FING/Proyecto/pc-tesis/dataset_parser/scripts/compress/output/[6]noaa-spc-reports/ca/noaa_spc-hail.c.cpp.csv
-> size (bytes): 143,853
-> 44.67% of original


RESULTS
ERROR: DIFFERENT FILES!
CoderCA
ORIGINAL FILE:
-> name: /home/pablo/Documents/FING/Proyecto/datasets-csv/[6]noaa-spc-reports/hail/noaa_spc-hail.csv
-> size (bytes): 322,005
COMPRESSED FILE:
-> name: /home/pablo/Documents/FING/Proyecto/pc-tesis/dataset_parser/scripts/compress/output/[6]noaa-spc-reports/ca/noaa_spc-hail.c.cpp.csv
-> size (bytes): 149,578
-> 46.45% of original


RESULTS
ERROR: DIFFERENT FILES!
CoderCA
ORIGINAL FILE:
-> name: /home/pablo/Documents/FING/Proyecto/datasets-csv/[6]noaa-spc-reports/hail/noaa_spc-hail.csv
-> size (bytes): 322,005
COMPRESSED FILE:
-> name: /home/pablo/Documents/FING/Proyecto/pc-tesis/dataset_parser/scripts/compress/output/[6]noaa-spc-reports/ca/noaa_spc-hail.c.cpp.csv
-> size (bytes): 117,970
-> 36.64% of original


RESULTS
ERROR: DIFFERENT FILES!
CoderCA
ORIGINAL FILE:
-> name: /home/pablo/Documents/FING/Proyecto/datasets-csv/[6]noaa-spc-reports/hail/noaa_spc-hail.csv
-> size (bytes): 322,005
COMPRESSED FILE:
-> name: /home/pablo/Documents/FING/Proyecto/pc-tesis/dataset_parser/scripts/compress/output/[6]noaa-spc-reports/ca/noaa_spc-hail.c.cpp.csv
-> size (bytes): 122,980
-> 38.19% of original


RESULTS
ERROR: DIFFERENT FILES!
CoderCA
ORIGINAL FILE:
-> name: /home/pablo/Documents/FING/Proyecto/datasets-csv/[6]noaa-spc-reports/hail/noaa_spc-hail.csv
-> size (bytes): 322,005
COMPRESSED FILE:
-> name: /home/pablo/Documents/FING/Proyecto/pc-tesis/dataset_parser/scripts/compress/output/[6]noaa-spc-reports/ca/noaa_spc-hail.c.cpp.csv
-> size (bytes): 128,437
-> 39.89% of original


RESULTS
ERROR: DIFFERENT FILES!
CoderCA
ORIGINAL FILE:
-> name: /home/pablo/Documents/FING/Proyecto/datasets-csv/[6]noaa-spc-reports/hail/noaa_spc-hail.csv
-> size (bytes): 322,005
COMPRESSED FILE:
-> name: /home/pablo/Documents/FING/Proyecto/pc-tesis/dataset_parser/scripts/compress/output/[6]noaa-spc-reports/ca/noaa_spc-hail.c.cpp.csv
-> size (bytes): 133,936
-> 41.59% of original


RESULTS
ERROR: DIFFERENT FILES!
CoderCA
ORIGINAL FILE:
-> name: /home/pablo/Documents/FING/Proyecto/datasets-csv/[6]noaa-spc-reports/hail/noaa_spc-hail.csv
-> size (bytes): 322,005
COMPRESSED FILE:
-> name: /home/pablo/Documents/FING/Proyecto/pc-tesis/dataset_parser/scripts/compress/output/[6]noaa-spc-reports/ca/noaa_spc-hail.c.cpp.csv
-> size (bytes): 139,434
-> 43.3% of original


RESULTS
ERROR: DIFFERENT FILES!
CoderCA
ORIGINAL FILE:
-> name: /home/pablo/Documents/FING/Proyecto/datasets-csv/[6]noaa-spc-reports/hail/noaa_spc-hail.csv
-> size (bytes): 322,005
COMPRESSED FILE:
-> name: /home/pablo/Documents/FING/Proyecto/pc-tesis/dataset_parser/scripts/compress/output/[6]noaa-spc-reports/ca/noaa_spc-hail.c.cpp.csv
-> size (bytes): 144,933
-> 45.01% of original


RESULTS
ERROR: DIFFERENT FILES!
CoderCA
ORIGINAL FILE:
-> name: /home/pablo/Documents/FING/Proyecto/datasets-csv/[6]noaa-spc-reports/hail/noaa_spc-hail.csv
-> size (bytes): 322,005
COMPRESSED FILE:
-> name: /home/pablo/Documents/FING/Proyecto/pc-tesis/dataset_parser/scripts/compress/output/[6]noaa-spc-reports/ca/noaa_spc-hail.c.cpp.csv
-> size (bytes): 115,174
-> 35.77% of original


RESULTS
ERROR: DIFFERENT FILES!
CoderCA
ORIGINAL FILE:
-> name: /home/pablo/Documents/FING/Proyecto/datasets-csv/[6]noaa-spc-reports/hail/noaa_spc-hail.csv
-> size (bytes): 322,005
COMPRESSED FILE:
-> name: /home/pablo/Documents/FING/Proyecto/pc-tesis/dataset_parser/scripts/compress/output/[6]noaa-spc-reports/ca/noaa_spc-hail.c.cpp.csv
-> size (bytes): 119,882
-> 37.23% of original


RESULTS
ERROR: DIFFERENT FILES!
CoderCA
ORIGINAL FILE:
-> name: /home/pablo/Documents/FING/Proyecto/datasets-csv/[6]noaa-spc-reports/hail/noaa_spc-hail.csv
-> size (bytes): 322,005
COMPRESSED FILE:
-> name: /home/pablo/Documents/FING/Proyecto/pc-tesis/dataset_parser/scripts/compress/output/[6]noaa-spc-reports/ca/noaa_spc-hail.c.cpp.csv
-> size (bytes): 125,143
-> 38.86% of original


RESULTS
ERROR: DIFFERENT FILES!
CoderCA
ORIGINAL FILE:
-> name: /home/pablo/Documents/FING/Proyecto/datasets-csv/[6]noaa-spc-reports/hail/noaa_spc-hail.csv
-> size (bytes): 322,005
COMPRESSED FILE:
-> name: /home/pablo/Documents/FING/Proyecto/pc-tesis/dataset_parser/scripts/compress/output/[6]noaa-spc-reports/ca/noaa_spc-hail.c.cpp.csv
-> size (bytes): 130,454
-> 40.51% of original


RESULTS
ERROR: DIFFERENT FILES!
CoderCA
ORIGINAL FILE:
-> name: /home/pablo/Documents/FING/Proyecto/datasets-csv/[6]noaa-spc-reports/hail/noaa_spc-hail.csv
-> size (bytes): 322,005
COMPRESSED FILE:
-> name: /home/pablo/Documents/FING/Proyecto/pc-tesis/dataset_parser/scripts/compress/output/[6]noaa-spc-reports/ca/noaa_spc-hail.c.cpp.csv
-> size (bytes): 135,765
-> 42.16% of original


RESULTS
ERROR: DIFFERENT FILES!
CoderCA
ORIGINAL FILE:
-> name: /home/pablo/Documents/FING/Proyecto/datasets-csv/[6]noaa-spc-reports/hail/noaa_spc-hail.csv
-> size (bytes): 322,005
COMPRESSED FILE:
-> name: /home/pablo/Documents/FING/Proyecto/pc-tesis/dataset_parser/scripts/compress/output/[6]noaa-spc-reports/ca/noaa_spc-hail.c.cpp.csv
-> size (bytes): 141,076
-> 43.81% of original


RESULTS
ERROR: DIFFERENT FILES!
CoderCA
ORIGINAL FILE:
-> name: /home/pablo/Documents/FING/Proyecto/datasets-csv/[6]noaa-spc-reports/hail/noaa_spc-hail.csv
-> size (bytes): 322,005
COMPRESSED FILE:
-> name: /home/pablo/Documents/FING/Proyecto/pc-tesis/dataset_parser/scripts/compress/output/[6]noaa-spc-reports/ca/noaa_spc-hail.c.cpp.csv
-> size (bytes): 110,770
-> 34.4% of original


RESULTS
ERROR: DIFFERENT FILES!
CoderCA
ORIGINAL FILE:
-> name: /home/pablo/Documents/FING/Proyecto/datasets-csv/[6]noaa-spc-reports/hail/noaa_spc-hail.csv
-> size (bytes): 322,005
COMPRESSED FILE:
-> name: /home/pablo/Documents/FING/Proyecto/pc-tesis/dataset_parser/scripts/compress/output/[6]noaa-spc-reports/ca/noaa_spc-hail.c.cpp.csv
-> size (bytes): 114,690
-> 35.62% of original


RESULTS
ERROR: DIFFERENT FILES!
CoderCA
ORIGINAL FILE:
-> name: /home/pablo/Documents/FING/Proyecto/datasets-csv/[6]noaa-spc-reports/hail/noaa_spc-hail.csv
-> size (bytes): 322,005
COMPRESSED FILE:
-> name: /home/pablo/Documents/FING/Proyecto/pc-tesis/dataset_parser/scripts/compress/output/[6]noaa-spc-reports/ca/noaa_spc-hail.c.cpp.csv
-> size (bytes): 119,543
-> 37.12% of original


RESULTS
ERROR: DIFFERENT FILES!
CoderCA
ORIGINAL FILE:
-> name: /home/pablo/Documents/FING/Proyecto/datasets-csv/[6]noaa-spc-reports/hail/noaa_spc-hail.csv
-> size (bytes): 322,005
COMPRESSED FILE:
-> name: /home/pablo/Documents/FING/Proyecto/pc-tesis/dataset_parser/scripts/compress/output/[6]noaa-spc-reports/ca/noaa_spc-hail.c.cpp.csv
-> size (bytes): 124,535
-> 38.67% of original


RESULTS
ERROR: DIFFERENT FILES!
CoderCA
ORIGINAL FILE:
-> name: /home/pablo/Documents/FING/Proyecto/datasets-csv/[6]noaa-spc-reports/hail/noaa_spc-hail.csv
-> size (bytes): 322,005
COMPRESSED FILE:
-> name: /home/pablo/Documents/FING/Proyecto/pc-tesis/dataset_parser/scripts/compress/output/[6]noaa-spc-reports/ca/noaa_spc-hail.c.cpp.csv
-> size (bytes): 129,527
-> 40.23% of original


RESULTS
ERROR: DIFFERENT FILES!
CoderCA
ORIGINAL FILE:
-> name: /home/pablo/Documents/FING/Proyecto/datasets-csv/[6]noaa-spc-reports/hail/noaa_spc-hail.csv
-> size (bytes): 322,005
COMPRESSED FILE:
-> name: /home/pablo/Documents/FING/Proyecto/pc-tesis/dataset_parser/scripts/compress/output/[6]noaa-spc-reports/ca/noaa_spc-hail.c.cpp.csv
-> size (bytes): 134,519
-> 41.78% of original


RESULTS
ERROR: DIFFERENT FILES!
CoderCA
ORIGINAL FILE:
-> name: /home/pablo/Documents/FING/Proyecto/datasets-csv/[6]noaa-spc-reports/hail/noaa_spc-hail.csv
-> size (bytes): 322,005
COMPRESSED FILE:
-> name: /home/pablo/Documents/FING/Proyecto/pc-tesis/dataset_parser/scripts/compress/output/[6]noaa-spc-reports/ca/noaa_spc-hail.c.cpp.csv
-> size (bytes): 107,668
-> 33.44% of original


RESULTS
ERROR: DIFFERENT FILES!
CoderCA
ORIGINAL FILE:
-> name: /home/pablo/Documents/FING/Proyecto/datasets-csv/[6]noaa-spc-reports/hail/noaa_spc-hail.csv
-> size (bytes): 322,005
COMPRESSED FILE:
-> name: /home/pablo/Documents/FING/Proyecto/pc-tesis/dataset_parser/scripts/compress/output/[6]noaa-spc-reports/ca/noaa_spc-hail.c.cpp.csv
-> size (bytes): 110,704
-> 34.38% of original


RESULTS
ERROR: DIFFERENT FILES!
CoderCA
ORIGINAL FILE:
-> name: /home/pablo/Documents/FING/Proyecto/datasets-csv/[6]noaa-spc-reports/hail/noaa_spc-hail.csv
-> size (bytes): 322,005
COMPRESSED FILE:
-> name: /home/pablo/Documents/FING/Proyecto/pc-tesis/dataset_parser/scripts/compress/output/[6]noaa-spc-reports/ca/noaa_spc-hail.c.cpp.csv
-> size (bytes): 115,181
-> 35.77% of original


RESULTS
ERROR: DIFFERENT FILES!
CoderCA
ORIGINAL FILE:
-> name: /home/pablo/Documents/FING/Proyecto/datasets-csv/[6]noaa-spc-reports/hail/noaa_spc-hail.csv
-> size (bytes): 322,005
COMPRESSED FILE:
-> name: /home/pablo/Documents/FING/Proyecto/pc-tesis/dataset_parser/scripts/compress/output/[6]noaa-spc-reports/ca/noaa_spc-hail.c.cpp.csv
-> size (bytes): 119,921
-> 37.24% of original


RESULTS
ERROR: DIFFERENT FILES!
CoderCA
ORIGINAL FILE:
-> name: /home/pablo/Documents/FING/Proyecto/datasets-csv/[6]noaa-spc-reports/hail/noaa_spc-hail.csv
-> size (bytes): 322,005
COMPRESSED FILE:
-> name: /home/pablo/Documents/FING/Proyecto/pc-tesis/dataset_parser/scripts/compress/output/[6]noaa-spc-reports/ca/noaa_spc-hail.c.cpp.csv
-> size (bytes): 124,664
-> 38.71% of original


RESULTS
ERROR: DIFFERENT FILES!
CoderCA
ORIGINAL FILE:
-> name: /home/pablo/Documents/FING/Proyecto/datasets-csv/[6]noaa-spc-reports/hail/noaa_spc-hail.csv
-> size (bytes): 322,005
COMPRESSED FILE:
-> name: /home/pablo/Documents/FING/Proyecto/pc-tesis/dataset_parser/scripts/compress/output/[6]noaa-spc-reports/ca/noaa_spc-hail.c.cpp.csv
-> size (bytes): 129,408
-> 40.19% of original


RESULTS
ERROR: DIFFERENT FILES!
CoderCA
ORIGINAL FILE:
-> name: /home/pablo/Documents/FING/Proyecto/datasets-csv/[6]noaa-spc-reports/hail/noaa_spc-hail.csv
-> size (bytes): 322,005
COMPRESSED FILE:
-> name: /home/pablo/Documents/FING/Proyecto/pc-tesis/dataset_parser/scripts/compress/output/[6]noaa-spc-reports/ca/noaa_spc-hail.c.cpp.csv
-> size (bytes): 105,154
-> 32.66% of original


RESULTS
ERROR: DIFFERENT FILES!
CoderCA
ORIGINAL FILE:
-> name: /home/pablo/Documents/FING/Proyecto/datasets-csv/[6]noaa-spc-reports/hail/noaa_spc-hail.csv
-> size (bytes): 322,005
COMPRESSED FILE:
-> name: /home/pablo/Documents/FING/Proyecto/pc-tesis/dataset_parser/scripts/compress/output/[6]noaa-spc-reports/ca/noaa_spc-hail.c.cpp.csv
-> size (bytes): 107,312
-> 33.33% of original


RESULTS
ERROR: DIFFERENT FILES!
CoderCA
ORIGINAL FILE:
-> name: /home/pablo/Documents/FING/Proyecto/datasets-csv/[6]noaa-spc-reports/hail/noaa_spc-hail.csv
-> size (bytes): 322,005
COMPRESSED FILE:
-> name: /home/pablo/Documents/FING/Proyecto/pc-tesis/dataset_parser/scripts/compress/output/[6]noaa-spc-reports/ca/noaa_spc-hail.c.cpp.csv
-> size (bytes): 111,414
-> 34.6% of original


RESULTS
ERROR: DIFFERENT FILES!
CoderCA
ORIGINAL FILE:
-> name: /home/pablo/Documents/FING/Proyecto/datasets-csv/[6]noaa-spc-reports/hail/noaa_spc-hail.csv
-> size (bytes): 322,005
COMPRESSED FILE:
-> name: /home/pablo/Documents/FING/Proyecto/pc-tesis/dataset_parser/scripts/compress/output/[6]noaa-spc-reports/ca/noaa_spc-hail.c.cpp.csv
-> size (bytes): 115,936
-> 36.0% of original


RESULTS
ERROR: DIFFERENT FILES!
CoderCA
ORIGINAL FILE:
-> name: /home/pablo/Documents/FING/Proyecto/datasets-csv/[6]noaa-spc-reports/hail/noaa_spc-hail.csv
-> size (bytes): 322,005
COMPRESSED FILE:
-> name: /home/pablo/Documents/FING/Proyecto/pc-tesis/dataset_parser/scripts/compress/output/[6]noaa-spc-reports/ca/noaa_spc-hail.c.cpp.csv
-> size (bytes): 120,465
-> 37.41% of original


RESULTS
ERROR: DIFFERENT FILES!
CoderCA
ORIGINAL FILE:
-> name: /home/pablo/Documents/FING/Proyecto/datasets-csv/[6]noaa-spc-reports/hail/noaa_spc-hail.csv
-> size (bytes): 322,005
COMPRESSED FILE:
-> name: /home/pablo/Documents/FING/Proyecto/pc-tesis/dataset_parser/scripts/compress/output/[6]noaa-spc-reports/ca/noaa_spc-hail.c.cpp.csv
-> size (bytes): 124,994
-> 38.82% of original


RESULTS
ERROR: DIFFERENT FILES!
CoderCA
ORIGINAL FILE:
-> name: /home/pablo/Documents/FING/Proyecto/datasets-csv/[6]noaa-spc-reports/hail/noaa_spc-hail.csv
-> size (bytes): 322,005
COMPRESSED FILE:
-> name: /home/pablo/Documents/FING/Proyecto/pc-tesis/dataset_parser/scripts/compress/output/[6]noaa-spc-reports/ca/noaa_spc-hail.c.cpp.csv
-> size (bytes): 101,389
-> 31.49% of original


RESULTS
ERROR: DIFFERENT FILES!
CoderCA
ORIGINAL FILE:
-> name: /home/pablo/Documents/FING/Proyecto/datasets-csv/[6]noaa-spc-reports/hail/noaa_spc-hail.csv
-> size (bytes): 322,005
COMPRESSED FILE:
-> name: /home/pablo/Documents/FING/Proyecto/pc-tesis/dataset_parser/scripts/compress/output/[6]noaa-spc-reports/ca/noaa_spc-hail.c.cpp.csv
-> size (bytes): 102,315
-> 31.77% of original


RESULTS
ERROR: DIFFERENT FILES!
CoderCA
ORIGINAL FILE:
-> name: /home/pablo/Documents/FING/Proyecto/datasets-csv/[6]noaa-spc-reports/hail/noaa_spc-hail.csv
-> size (bytes): 322,005
COMPRESSED FILE:
-> name: /home/pablo/Documents/FING/Proyecto/pc-tesis/dataset_parser/scripts/compress/output/[6]noaa-spc-reports/ca/noaa_spc-hail.c.cpp.csv
-> size (bytes): 105,662
-> 32.81% of original


RESULTS
ERROR: DIFFERENT FILES!
CoderCA
ORIGINAL FILE:
-> name: /home/pablo/Documents/FING/Proyecto/datasets-csv/[6]noaa-spc-reports/hail/noaa_spc-hail.csv
-> size (bytes): 322,005
COMPRESSED FILE:
-> name: /home/pablo/Documents/FING/Proyecto/pc-tesis/dataset_parser/scripts/compress/output/[6]noaa-spc-reports/ca/noaa_spc-hail.c.cpp.csv
-> size (bytes): 109,852
-> 34.11% of original


RESULTS
ERROR: DIFFERENT FILES!
CoderCA
ORIGINAL FILE:
-> name: /home/pablo/Documents/FING/Proyecto/datasets-csv/[6]noaa-spc-reports/hail/noaa_spc-hail.csv
-> size (bytes): 322,005
COMPRESSED FILE:
-> name: /home/pablo/Documents/FING/Proyecto/pc-tesis/dataset_parser/scripts/compress/output/[6]noaa-spc-reports/ca/noaa_spc-hail.c.cpp.csv
-> size (bytes): 114,052
-> 35.42% of original


RESULTS
ERROR: DIFFERENT FILES!
CoderCA
ORIGINAL FILE:
-> name: /home/pablo/Documents/FING/Proyecto/datasets-csv/[6]noaa-spc-reports/hail/noaa_spc-hail.csv
-> size (bytes): 322,005
COMPRESSED FILE:
-> name: /home/pablo/Documents/FING/Proyecto/pc-tesis/dataset_parser/scripts/compress/output/[6]noaa-spc-reports/ca/noaa_spc-hail.c.cpp.csv
-> size (bytes): 118,253
-> 36.72% of original


RESULTS
--------------------------(same file!)
CoderPWLH
ORIGINAL FILE:
-> name: /home/pablo/Documents/FING/Proyecto/datasets-csv/[6]noaa-spc-reports/hail/noaa_spc-hail.csv
-> size (bytes): 322,005
COMPRESSED FILE:
-> name: /home/pablo/Documents/FING/Proyecto/pc-tesis/dataset_parser/scripts/compress/output/[6]noaa-spc-reports/pwlh/noaa_spc-hail.c.cpp.csv
-> size (bytes): 243,102
-> 75.5% of original


RESULTS
--------------------------(same file!)
CoderPWLH
ORIGINAL FILE:
-> name: /home/pablo/Documents/FING/Proyecto/datasets-csv/[6]noaa-spc-reports/hail/noaa_spc-hail.csv
-> size (bytes): 322,005
COMPRESSED FILE:
-> name: /home/pablo/Documents/FING/Proyecto/pc-tesis/dataset_parser/scripts/compress/output/[6]noaa-spc-reports/pwlh/noaa_spc-hail.c.cpp.csv
-> size (bytes): 245,145
-> 76.13% of original


RESULTS
--------------------------(same file!)
CoderPWLH
ORIGINAL FILE:
-> name: /home/pablo/Documents/FING/Proyecto/datasets-csv/[6]noaa-spc-reports/hail/noaa_spc-hail.csv
-> size (bytes): 322,005
COMPRESSED FILE:
-> name: /home/pablo/Documents/FING/Proyecto/pc-tesis/dataset_parser/scripts/compress/output/[6]noaa-spc-reports/pwlh/noaa_spc-hail.c.cpp.csv
-> size (bytes): 248,254
-> 77.1% of original


RESULTS
--------------------------(same file!)
CoderPWLH
ORIGINAL FILE:
-> name: /home/pablo/Documents/FING/Proyecto/datasets-csv/[6]noaa-spc-reports/hail/noaa_spc-hail.csv
-> size (bytes): 322,005
COMPRESSED FILE:
-> name: /home/pablo/Documents/FING/Proyecto/pc-tesis/dataset_parser/scripts/compress/output/[6]noaa-spc-reports/pwlh/noaa_spc-hail.c.cpp.csv
-> size (bytes): 251,441
-> 78.09% of original


RESULTS
--------------------------(same file!)
CoderPWLH
ORIGINAL FILE:
-> name: /home/pablo/Documents/FING/Proyecto/datasets-csv/[6]noaa-spc-reports/hail/noaa_spc-hail.csv
-> size (bytes): 322,005
COMPRESSED FILE:
-> name: /home/pablo/Documents/FING/Proyecto/pc-tesis/dataset_parser/scripts/compress/output/[6]noaa-spc-reports/pwlh/noaa_spc-hail.c.cpp.csv
-> size (bytes): 254,627
-> 79.08% of original


RESULTS
--------------------------(same file!)
CoderPWLH
ORIGINAL FILE:
-> name: /home/pablo/Documents/FING/Proyecto/datasets-csv/[6]noaa-spc-reports/hail/noaa_spc-hail.csv
-> size (bytes): 322,005
COMPRESSED FILE:
-> name: /home/pablo/Documents/FING/Proyecto/pc-tesis/dataset_parser/scripts/compress/output/[6]noaa-spc-reports/pwlh/noaa_spc-hail.c.cpp.csv
-> size (bytes): 257,814
-> 80.07% of original


RESULTS
--------------------------(same file!)
CoderPWLH
ORIGINAL FILE:
-> name: /home/pablo/Documents/FING/Proyecto/datasets-csv/[6]noaa-spc-reports/hail/noaa_spc-hail.csv
-> size (bytes): 322,005
COMPRESSED FILE:
-> name: /home/pablo/Documents/FING/Proyecto/pc-tesis/dataset_parser/scripts/compress/output/[6]noaa-spc-reports/pwlh/noaa_spc-hail.c.cpp.csv
-> size (bytes): 235,563
-> 73.16% of original


RESULTS
--------------------------(same file!)
CoderPWLH
ORIGINAL FILE:
-> name: /home/pablo/Documents/FING/Proyecto/datasets-csv/[6]noaa-spc-reports/hail/noaa_spc-hail.csv
-> size (bytes): 322,005
COMPRESSED FILE:
-> name: /home/pablo/Documents/FING/Proyecto/pc-tesis/dataset_parser/scripts/compress/output/[6]noaa-spc-reports/pwlh/noaa_spc-hail.c.cpp.csv
-> size (bytes): 237,363
-> 73.71% of original


RESULTS
--------------------------(same file!)
CoderPWLH
ORIGINAL FILE:
-> name: /home/pablo/Documents/FING/Proyecto/datasets-csv/[6]noaa-spc-reports/hail/noaa_spc-hail.csv
-> size (bytes): 322,005
COMPRESSED FILE:
-> name: /home/pablo/Documents/FING/Proyecto/pc-tesis/dataset_parser/scripts/compress/output/[6]noaa-spc-reports/pwlh/noaa_spc-hail.c.cpp.csv
-> size (bytes): 240,352
-> 74.64% of original


RESULTS
--------------------------(same file!)
CoderPWLH
ORIGINAL FILE:
-> name: /home/pablo/Documents/FING/Proyecto/datasets-csv/[6]noaa-spc-reports/hail/noaa_spc-hail.csv
-> size (bytes): 322,005
COMPRESSED FILE:
-> name: /home/pablo/Documents/FING/Proyecto/pc-tesis/dataset_parser/scripts/compress/output/[6]noaa-spc-reports/pwlh/noaa_spc-hail.c.cpp.csv
-> size (bytes): 243,422
-> 75.6% of original


RESULTS
--------------------------(same file!)
CoderPWLH
ORIGINAL FILE:
-> name: /home/pablo/Documents/FING/Proyecto/datasets-csv/[6]noaa-spc-reports/hail/noaa_spc-hail.csv
-> size (bytes): 322,005
COMPRESSED FILE:
-> name: /home/pablo/Documents/FING/Proyecto/pc-tesis/dataset_parser/scripts/compress/output/[6]noaa-spc-reports/pwlh/noaa_spc-hail.c.cpp.csv
-> size (bytes): 246,492
-> 76.55% of original


RESULTS
--------------------------(same file!)
CoderPWLH
ORIGINAL FILE:
-> name: /home/pablo/Documents/FING/Proyecto/datasets-csv/[6]noaa-spc-reports/hail/noaa_spc-hail.csv
-> size (bytes): 322,005
COMPRESSED FILE:
-> name: /home/pablo/Documents/FING/Proyecto/pc-tesis/dataset_parser/scripts/compress/output/[6]noaa-spc-reports/pwlh/noaa_spc-hail.c.cpp.csv
-> size (bytes): 249,562
-> 77.5% of original


RESULTS
--------------------------(same file!)
CoderPWLH
ORIGINAL FILE:
-> name: /home/pablo/Documents/FING/Proyecto/datasets-csv/[6]noaa-spc-reports/hail/noaa_spc-hail.csv
-> size (bytes): 322,005
COMPRESSED FILE:
-> name: /home/pablo/Documents/FING/Proyecto/pc-tesis/dataset_parser/scripts/compress/output/[6]noaa-spc-reports/pwlh/noaa_spc-hail.c.cpp.csv
-> size (bytes): 226,375
-> 70.3% of original


RESULTS
--------------------------(same file!)
CoderPWLH
ORIGINAL FILE:
-> name: /home/pablo/Documents/FING/Proyecto/datasets-csv/[6]noaa-spc-reports/hail/noaa_spc-hail.csv
-> size (bytes): 322,005
COMPRESSED FILE:
-> name: /home/pablo/Documents/FING/Proyecto/pc-tesis/dataset_parser/scripts/compress/output/[6]noaa-spc-reports/pwlh/noaa_spc-hail.c.cpp.csv
-> size (bytes): 227,072
-> 70.52% of original


RESULTS
--------------------------(same file!)
CoderPWLH
ORIGINAL FILE:
-> name: /home/pablo/Documents/FING/Proyecto/datasets-csv/[6]noaa-spc-reports/hail/noaa_spc-hail.csv
-> size (bytes): 322,005
COMPRESSED FILE:
-> name: /home/pablo/Documents/FING/Proyecto/pc-tesis/dataset_parser/scripts/compress/output/[6]noaa-spc-reports/pwlh/noaa_spc-hail.c.cpp.csv
-> size (bytes): 229,866
-> 71.39% of original


RESULTS
--------------------------(same file!)
CoderPWLH
ORIGINAL FILE:
-> name: /home/pablo/Documents/FING/Proyecto/datasets-csv/[6]noaa-spc-reports/hail/noaa_spc-hail.csv
-> size (bytes): 322,005
COMPRESSED FILE:
-> name: /home/pablo/Documents/FING/Proyecto/pc-tesis/dataset_parser/scripts/compress/output/[6]noaa-spc-reports/pwlh/noaa_spc-hail.c.cpp.csv
-> size (bytes): 232,780
-> 72.29% of original


RESULTS
--------------------------(same file!)
CoderPWLH
ORIGINAL FILE:
-> name: /home/pablo/Documents/FING/Proyecto/datasets-csv/[6]noaa-spc-reports/hail/noaa_spc-hail.csv
-> size (bytes): 322,005
COMPRESSED FILE:
-> name: /home/pablo/Documents/FING/Proyecto/pc-tesis/dataset_parser/scripts/compress/output/[6]noaa-spc-reports/pwlh/noaa_spc-hail.c.cpp.csv
-> size (bytes): 235,693
-> 73.2% of original


RESULTS
--------------------------(same file!)
CoderPWLH
ORIGINAL FILE:
-> name: /home/pablo/Documents/FING/Proyecto/datasets-csv/[6]noaa-spc-reports/hail/noaa_spc-hail.csv
-> size (bytes): 322,005
COMPRESSED FILE:
-> name: /home/pablo/Documents/FING/Proyecto/pc-tesis/dataset_parser/scripts/compress/output/[6]noaa-spc-reports/pwlh/noaa_spc-hail.c.cpp.csv
-> size (bytes): 238,607
-> 74.1% of original


RESULTS
--------------------------(same file!)
CoderPWLH
ORIGINAL FILE:
-> name: /home/pablo/Documents/FING/Proyecto/datasets-csv/[6]noaa-spc-reports/hail/noaa_spc-hail.csv
-> size (bytes): 322,005
COMPRESSED FILE:
-> name: /home/pablo/Documents/FING/Proyecto/pc-tesis/dataset_parser/scripts/compress/output/[6]noaa-spc-reports/pwlh/noaa_spc-hail.c.cpp.csv
-> size (bytes): 219,377
-> 68.13% of original


RESULTS
--------------------------(same file!)
CoderPWLH
ORIGINAL FILE:
-> name: /home/pablo/Documents/FING/Proyecto/datasets-csv/[6]noaa-spc-reports/hail/noaa_spc-hail.csv
-> size (bytes): 322,005
COMPRESSED FILE:
-> name: /home/pablo/Documents/FING/Proyecto/pc-tesis/dataset_parser/scripts/compress/output/[6]noaa-spc-reports/pwlh/noaa_spc-hail.c.cpp.csv
-> size (bytes): 218,893
-> 67.98% of original


RESULTS
--------------------------(same file!)
CoderPWLH
ORIGINAL FILE:
-> name: /home/pablo/Documents/FING/Proyecto/datasets-csv/[6]noaa-spc-reports/hail/noaa_spc-hail.csv
-> size (bytes): 322,005
COMPRESSED FILE:
-> name: /home/pablo/Documents/FING/Proyecto/pc-tesis/dataset_parser/scripts/compress/output/[6]noaa-spc-reports/pwlh/noaa_spc-hail.c.cpp.csv
-> size (bytes): 221,395
-> 68.76% of original


RESULTS
--------------------------(same file!)
CoderPWLH
ORIGINAL FILE:
-> name: /home/pablo/Documents/FING/Proyecto/datasets-csv/[6]noaa-spc-reports/hail/noaa_spc-hail.csv
-> size (bytes): 322,005
COMPRESSED FILE:
-> name: /home/pablo/Documents/FING/Proyecto/pc-tesis/dataset_parser/scripts/compress/output/[6]noaa-spc-reports/pwlh/noaa_spc-hail.c.cpp.csv
-> size (bytes): 224,182
-> 69.62% of original


RESULTS
--------------------------(same file!)
CoderPWLH
ORIGINAL FILE:
-> name: /home/pablo/Documents/FING/Proyecto/datasets-csv/[6]noaa-spc-reports/hail/noaa_spc-hail.csv
-> size (bytes): 322,005
COMPRESSED FILE:
-> name: /home/pablo/Documents/FING/Proyecto/pc-tesis/dataset_parser/scripts/compress/output/[6]noaa-spc-reports/pwlh/noaa_spc-hail.c.cpp.csv
-> size (bytes): 226,969
-> 70.49% of original


RESULTS
--------------------------(same file!)
CoderPWLH
ORIGINAL FILE:
-> name: /home/pablo/Documents/FING/Proyecto/datasets-csv/[6]noaa-spc-reports/hail/noaa_spc-hail.csv
-> size (bytes): 322,005
COMPRESSED FILE:
-> name: /home/pablo/Documents/FING/Proyecto/pc-tesis/dataset_parser/scripts/compress/output/[6]noaa-spc-reports/pwlh/noaa_spc-hail.c.cpp.csv
-> size (bytes): 229,757
-> 71.35% of original


RESULTS
--------------------------(same file!)
CoderPWLH
ORIGINAL FILE:
-> name: /home/pablo/Documents/FING/Proyecto/datasets-csv/[6]noaa-spc-reports/hail/noaa_spc-hail.csv
-> size (bytes): 322,005
COMPRESSED FILE:
-> name: /home/pablo/Documents/FING/Proyecto/pc-tesis/dataset_parser/scripts/compress/output/[6]noaa-spc-reports/pwlh/noaa_spc-hail.c.cpp.csv
-> size (bytes): 207,109
-> 64.32% of original


RESULTS
--------------------------(same file!)
CoderPWLH
ORIGINAL FILE:
-> name: /home/pablo/Documents/FING/Proyecto/datasets-csv/[6]noaa-spc-reports/hail/noaa_spc-hail.csv
-> size (bytes): 322,005
COMPRESSED FILE:
-> name: /home/pablo/Documents/FING/Proyecto/pc-tesis/dataset_parser/scripts/compress/output/[6]noaa-spc-reports/pwlh/noaa_spc-hail.c.cpp.csv
-> size (bytes): 203,707
-> 63.26% of original


RESULTS
--------------------------(same file!)
CoderPWLH
ORIGINAL FILE:
-> name: /home/pablo/Documents/FING/Proyecto/datasets-csv/[6]noaa-spc-reports/hail/noaa_spc-hail.csv
-> size (bytes): 322,005
COMPRESSED FILE:
-> name: /home/pablo/Documents/FING/Proyecto/pc-tesis/dataset_parser/scripts/compress/output/[6]noaa-spc-reports/pwlh/noaa_spc-hail.c.cpp.csv
-> size (bytes): 205,410
-> 63.79% of original


RESULTS
--------------------------(same file!)
CoderPWLH
ORIGINAL FILE:
-> name: /home/pablo/Documents/FING/Proyecto/datasets-csv/[6]noaa-spc-reports/hail/noaa_spc-hail.csv
-> size (bytes): 322,005
COMPRESSED FILE:
-> name: /home/pablo/Documents/FING/Proyecto/pc-tesis/dataset_parser/scripts/compress/output/[6]noaa-spc-reports/pwlh/noaa_spc-hail.c.cpp.csv
-> size (bytes): 207,952
-> 64.58% of original


RESULTS
--------------------------(same file!)
CoderPWLH
ORIGINAL FILE:
-> name: /home/pablo/Documents/FING/Proyecto/datasets-csv/[6]noaa-spc-reports/hail/noaa_spc-hail.csv
-> size (bytes): 322,005
COMPRESSED FILE:
-> name: /home/pablo/Documents/FING/Proyecto/pc-tesis/dataset_parser/scripts/compress/output/[6]noaa-spc-reports/pwlh/noaa_spc-hail.c.cpp.csv
-> size (bytes): 210,498
-> 65.37% of original


RESULTS
--------------------------(same file!)
CoderPWLH
ORIGINAL FILE:
-> name: /home/pablo/Documents/FING/Proyecto/datasets-csv/[6]noaa-spc-reports/hail/noaa_spc-hail.csv
-> size (bytes): 322,005
COMPRESSED FILE:
-> name: /home/pablo/Documents/FING/Proyecto/pc-tesis/dataset_parser/scripts/compress/output/[6]noaa-spc-reports/pwlh/noaa_spc-hail.c.cpp.csv
-> size (bytes): 213,045
-> 66.16% of original


RESULTS
--------------------------(same file!)
CoderPWLH
ORIGINAL FILE:
-> name: /home/pablo/Documents/FING/Proyecto/datasets-csv/[6]noaa-spc-reports/hail/noaa_spc-hail.csv
-> size (bytes): 322,005
COMPRESSED FILE:
-> name: /home/pablo/Documents/FING/Proyecto/pc-tesis/dataset_parser/scripts/compress/output/[6]noaa-spc-reports/pwlh/noaa_spc-hail.c.cpp.csv
-> size (bytes): 197,772
-> 61.42% of original


RESULTS
--------------------------(same file!)
CoderPWLH
ORIGINAL FILE:
-> name: /home/pablo/Documents/FING/Proyecto/datasets-csv/[6]noaa-spc-reports/hail/noaa_spc-hail.csv
-> size (bytes): 322,005
COMPRESSED FILE:
-> name: /home/pablo/Documents/FING/Proyecto/pc-tesis/dataset_parser/scripts/compress/output/[6]noaa-spc-reports/pwlh/noaa_spc-hail.c.cpp.csv
-> size (bytes): 192,083
-> 59.65% of original


RESULTS
--------------------------(same file!)
CoderPWLH
ORIGINAL FILE:
-> name: /home/pablo/Documents/FING/Proyecto/datasets-csv/[6]noaa-spc-reports/hail/noaa_spc-hail.csv
-> size (bytes): 322,005
COMPRESSED FILE:
-> name: /home/pablo/Documents/FING/Proyecto/pc-tesis/dataset_parser/scripts/compress/output/[6]noaa-spc-reports/pwlh/noaa_spc-hail.c.cpp.csv
-> size (bytes): 192,963
-> 59.93% of original


RESULTS
--------------------------(same file!)
CoderPWLH
ORIGINAL FILE:
-> name: /home/pablo/Documents/FING/Proyecto/datasets-csv/[6]noaa-spc-reports/hail/noaa_spc-hail.csv
-> size (bytes): 322,005
COMPRESSED FILE:
-> name: /home/pablo/Documents/FING/Proyecto/pc-tesis/dataset_parser/scripts/compress/output/[6]noaa-spc-reports/pwlh/noaa_spc-hail.c.cpp.csv
-> size (bytes): 195,269
-> 60.64% of original


RESULTS
--------------------------(same file!)
CoderPWLH
ORIGINAL FILE:
-> name: /home/pablo/Documents/FING/Proyecto/datasets-csv/[6]noaa-spc-reports/hail/noaa_spc-hail.csv
-> size (bytes): 322,005
COMPRESSED FILE:
-> name: /home/pablo/Documents/FING/Proyecto/pc-tesis/dataset_parser/scripts/compress/output/[6]noaa-spc-reports/pwlh/noaa_spc-hail.c.cpp.csv
-> size (bytes): 197,627
-> 61.37% of original


RESULTS
--------------------------(same file!)
CoderPWLH
ORIGINAL FILE:
-> name: /home/pablo/Documents/FING/Proyecto/datasets-csv/[6]noaa-spc-reports/hail/noaa_spc-hail.csv
-> size (bytes): 322,005
COMPRESSED FILE:
-> name: /home/pablo/Documents/FING/Proyecto/pc-tesis/dataset_parser/scripts/compress/output/[6]noaa-spc-reports/pwlh/noaa_spc-hail.c.cpp.csv
-> size (bytes): 199,986
-> 62.11% of original


RESULTS
--------------------------(same file!)
CoderPWLH
ORIGINAL FILE:
-> name: /home/pablo/Documents/FING/Proyecto/datasets-csv/[6]noaa-spc-reports/hail/noaa_spc-hail.csv
-> size (bytes): 322,005
COMPRESSED FILE:
-> name: /home/pablo/Documents/FING/Proyecto/pc-tesis/dataset_parser/scripts/compress/output/[6]noaa-spc-reports/pwlh/noaa_spc-hail.c.cpp.csv
-> size (bytes): 190,881
-> 59.28% of original


RESULTS
--------------------------(same file!)
CoderPWLH
ORIGINAL FILE:
-> name: /home/pablo/Documents/FING/Proyecto/datasets-csv/[6]noaa-spc-reports/hail/noaa_spc-hail.csv
-> size (bytes): 322,005
COMPRESSED FILE:
-> name: /home/pablo/Documents/FING/Proyecto/pc-tesis/dataset_parser/scripts/compress/output/[6]noaa-spc-reports/pwlh/noaa_spc-hail.c.cpp.csv
-> size (bytes): 182,818
-> 56.77% of original


RESULTS
--------------------------(same file!)
CoderPWLH
ORIGINAL FILE:
-> name: /home/pablo/Documents/FING/Proyecto/datasets-csv/[6]noaa-spc-reports/hail/noaa_spc-hail.csv
-> size (bytes): 322,005
COMPRESSED FILE:
-> name: /home/pablo/Documents/FING/Proyecto/pc-tesis/dataset_parser/scripts/compress/output/[6]noaa-spc-reports/pwlh/noaa_spc-hail.c.cpp.csv
-> size (bytes): 182,780
-> 56.76% of original


RESULTS
--------------------------(same file!)
CoderPWLH
ORIGINAL FILE:
-> name: /home/pablo/Documents/FING/Proyecto/datasets-csv/[6]noaa-spc-reports/hail/noaa_spc-hail.csv
-> size (bytes): 322,005
COMPRESSED FILE:
-> name: /home/pablo/Documents/FING/Proyecto/pc-tesis/dataset_parser/scripts/compress/output/[6]noaa-spc-reports/pwlh/noaa_spc-hail.c.cpp.csv
-> size (bytes): 184,907
-> 57.42% of original


RESULTS
--------------------------(same file!)
CoderPWLH
ORIGINAL FILE:
-> name: /home/pablo/Documents/FING/Proyecto/datasets-csv/[6]noaa-spc-reports/hail/noaa_spc-hail.csv
-> size (bytes): 322,005
COMPRESSED FILE:
-> name: /home/pablo/Documents/FING/Proyecto/pc-tesis/dataset_parser/scripts/compress/output/[6]noaa-spc-reports/pwlh/noaa_spc-hail.c.cpp.csv
-> size (bytes): 187,112
-> 58.11% of original


RESULTS
--------------------------(same file!)
CoderPWLH
ORIGINAL FILE:
-> name: /home/pablo/Documents/FING/Proyecto/datasets-csv/[6]noaa-spc-reports/hail/noaa_spc-hail.csv
-> size (bytes): 322,005
COMPRESSED FILE:
-> name: /home/pablo/Documents/FING/Proyecto/pc-tesis/dataset_parser/scripts/compress/output/[6]noaa-spc-reports/pwlh/noaa_spc-hail.c.cpp.csv
-> size (bytes): 189,318
-> 58.79% of original


RESULTS
--------------------------(same file!)
CoderPWLH
ORIGINAL FILE:
-> name: /home/pablo/Documents/FING/Proyecto/datasets-csv/[6]noaa-spc-reports/hail/noaa_spc-hail.csv
-> size (bytes): 322,005
COMPRESSED FILE:
-> name: /home/pablo/Documents/FING/Proyecto/pc-tesis/dataset_parser/scripts/compress/output/[6]noaa-spc-reports/pwlh/noaa_spc-hail.c.cpp.csv
-> size (bytes): 178,523
-> 55.44% of original


RESULTS
--------------------------(same file!)
CoderPWLH
ORIGINAL FILE:
-> name: /home/pablo/Documents/FING/Proyecto/datasets-csv/[6]noaa-spc-reports/hail/noaa_spc-hail.csv
-> size (bytes): 322,005
COMPRESSED FILE:
-> name: /home/pablo/Documents/FING/Proyecto/pc-tesis/dataset_parser/scripts/compress/output/[6]noaa-spc-reports/pwlh/noaa_spc-hail.c.cpp.csv
-> size (bytes): 166,122
-> 51.59% of original


RESULTS
--------------------------(same file!)
CoderPWLH
ORIGINAL FILE:
-> name: /home/pablo/Documents/FING/Proyecto/datasets-csv/[6]noaa-spc-reports/hail/noaa_spc-hail.csv
-> size (bytes): 322,005
COMPRESSED FILE:
-> name: /home/pablo/Documents/FING/Proyecto/pc-tesis/dataset_parser/scripts/compress/output/[6]noaa-spc-reports/pwlh/noaa_spc-hail.c.cpp.csv
-> size (bytes): 163,889
-> 50.9% of original


RESULTS
--------------------------(same file!)
CoderPWLH
ORIGINAL FILE:
-> name: /home/pablo/Documents/FING/Proyecto/datasets-csv/[6]noaa-spc-reports/hail/noaa_spc-hail.csv
-> size (bytes): 322,005
COMPRESSED FILE:
-> name: /home/pablo/Documents/FING/Proyecto/pc-tesis/dataset_parser/scripts/compress/output/[6]noaa-spc-reports/pwlh/noaa_spc-hail.c.cpp.csv
-> size (bytes): 165,485
-> 51.39% of original


RESULTS
--------------------------(same file!)
CoderPWLH
ORIGINAL FILE:
-> name: /home/pablo/Documents/FING/Proyecto/datasets-csv/[6]noaa-spc-reports/hail/noaa_spc-hail.csv
-> size (bytes): 322,005
COMPRESSED FILE:
-> name: /home/pablo/Documents/FING/Proyecto/pc-tesis/dataset_parser/scripts/compress/output/[6]noaa-spc-reports/pwlh/noaa_spc-hail.c.cpp.csv
-> size (bytes): 167,383
-> 51.98% of original


RESULTS
--------------------------(same file!)
CoderPWLH
ORIGINAL FILE:
-> name: /home/pablo/Documents/FING/Proyecto/datasets-csv/[6]noaa-spc-reports/hail/noaa_spc-hail.csv
-> size (bytes): 322,005
COMPRESSED FILE:
-> name: /home/pablo/Documents/FING/Proyecto/pc-tesis/dataset_parser/scripts/compress/output/[6]noaa-spc-reports/pwlh/noaa_spc-hail.c.cpp.csv
-> size (bytes): 169,300
-> 52.58% of original


RESULTS
--------------------------(same file!)
CoderPWLHint
ORIGINAL FILE:
-> name: /home/pablo/Documents/FING/Proyecto/datasets-csv/[6]noaa-spc-reports/hail/noaa_spc-hail.csv
-> size (bytes): 322,005
COMPRESSED FILE:
-> name: /home/pablo/Documents/FING/Proyecto/pc-tesis/dataset_parser/scripts/compress/output/[6]noaa-spc-reports/pwlh-int/noaa_spc-hail.c.cpp.csv
-> size (bytes): 118,184
-> 36.7% of original


RESULTS
--------------------------(same file!)
CoderPWLHint
ORIGINAL FILE:
-> name: /home/pablo/Documents/FING/Proyecto/datasets-csv/[6]noaa-spc-reports/hail/noaa_spc-hail.csv
-> size (bytes): 322,005
COMPRESSED FILE:
-> name: /home/pablo/Documents/FING/Proyecto/pc-tesis/dataset_parser/scripts/compress/output/[6]noaa-spc-reports/pwlh-int/noaa_spc-hail.c.cpp.csv
-> size (bytes): 120,977
-> 37.57% of original


RESULTS
--------------------------(same file!)
CoderPWLHint
ORIGINAL FILE:
-> name: /home/pablo/Documents/FING/Proyecto/datasets-csv/[6]noaa-spc-reports/hail/noaa_spc-hail.csv
-> size (bytes): 322,005
COMPRESSED FILE:
-> name: /home/pablo/Documents/FING/Proyecto/pc-tesis/dataset_parser/scripts/compress/output/[6]noaa-spc-reports/pwlh-int/noaa_spc-hail.c.cpp.csv
-> size (bytes): 124,137
-> 38.55% of original


RESULTS
--------------------------(same file!)
CoderPWLHint
ORIGINAL FILE:
-> name: /home/pablo/Documents/FING/Proyecto/datasets-csv/[6]noaa-spc-reports/hail/noaa_spc-hail.csv
-> size (bytes): 322,005
COMPRESSED FILE:
-> name: /home/pablo/Documents/FING/Proyecto/pc-tesis/dataset_parser/scripts/compress/output/[6]noaa-spc-reports/pwlh-int/noaa_spc-hail.c.cpp.csv
-> size (bytes): 127,323
-> 39.54% of original


RESULTS
--------------------------(same file!)
CoderPWLHint
ORIGINAL FILE:
-> name: /home/pablo/Documents/FING/Proyecto/datasets-csv/[6]noaa-spc-reports/hail/noaa_spc-hail.csv
-> size (bytes): 322,005
COMPRESSED FILE:
-> name: /home/pablo/Documents/FING/Proyecto/pc-tesis/dataset_parser/scripts/compress/output/[6]noaa-spc-reports/pwlh-int/noaa_spc-hail.c.cpp.csv
-> size (bytes): 130,509
-> 40.53% of original


RESULTS
--------------------------(same file!)
CoderPWLHint
ORIGINAL FILE:
-> name: /home/pablo/Documents/FING/Proyecto/datasets-csv/[6]noaa-spc-reports/hail/noaa_spc-hail.csv
-> size (bytes): 322,005
COMPRESSED FILE:
-> name: /home/pablo/Documents/FING/Proyecto/pc-tesis/dataset_parser/scripts/compress/output/[6]noaa-spc-reports/pwlh-int/noaa_spc-hail.c.cpp.csv
-> size (bytes): 133,696
-> 41.52% of original


RESULTS
--------------------------(same file!)
CoderPWLHint
ORIGINAL FILE:
-> name: /home/pablo/Documents/FING/Proyecto/datasets-csv/[6]noaa-spc-reports/hail/noaa_spc-hail.csv
-> size (bytes): 322,005
COMPRESSED FILE:
-> name: /home/pablo/Documents/FING/Proyecto/pc-tesis/dataset_parser/scripts/compress/output/[6]noaa-spc-reports/pwlh-int/noaa_spc-hail.c.cpp.csv
-> size (bytes): 115,536
-> 35.88% of original


RESULTS
--------------------------(same file!)
CoderPWLHint
ORIGINAL FILE:
-> name: /home/pablo/Documents/FING/Proyecto/datasets-csv/[6]noaa-spc-reports/hail/noaa_spc-hail.csv
-> size (bytes): 322,005
COMPRESSED FILE:
-> name: /home/pablo/Documents/FING/Proyecto/pc-tesis/dataset_parser/scripts/compress/output/[6]noaa-spc-reports/pwlh-int/noaa_spc-hail.c.cpp.csv
-> size (bytes): 118,179
-> 36.7% of original


RESULTS
--------------------------(same file!)
CoderPWLHint
ORIGINAL FILE:
-> name: /home/pablo/Documents/FING/Proyecto/datasets-csv/[6]noaa-spc-reports/hail/noaa_spc-hail.csv
-> size (bytes): 322,005
COMPRESSED FILE:
-> name: /home/pablo/Documents/FING/Proyecto/pc-tesis/dataset_parser/scripts/compress/output/[6]noaa-spc-reports/pwlh-int/noaa_spc-hail.c.cpp.csv
-> size (bytes): 121,242
-> 37.65% of original


RESULTS
--------------------------(same file!)
CoderPWLHint
ORIGINAL FILE:
-> name: /home/pablo/Documents/FING/Proyecto/datasets-csv/[6]noaa-spc-reports/hail/noaa_spc-hail.csv
-> size (bytes): 322,005
COMPRESSED FILE:
-> name: /home/pablo/Documents/FING/Proyecto/pc-tesis/dataset_parser/scripts/compress/output/[6]noaa-spc-reports/pwlh-int/noaa_spc-hail.c.cpp.csv
-> size (bytes): 124,331
-> 38.61% of original


RESULTS
--------------------------(same file!)
CoderPWLHint
ORIGINAL FILE:
-> name: /home/pablo/Documents/FING/Proyecto/datasets-csv/[6]noaa-spc-reports/hail/noaa_spc-hail.csv
-> size (bytes): 322,005
COMPRESSED FILE:
-> name: /home/pablo/Documents/FING/Proyecto/pc-tesis/dataset_parser/scripts/compress/output/[6]noaa-spc-reports/pwlh-int/noaa_spc-hail.c.cpp.csv
-> size (bytes): 127,421
-> 39.57% of original


RESULTS
--------------------------(same file!)
CoderPWLHint
ORIGINAL FILE:
-> name: /home/pablo/Documents/FING/Proyecto/datasets-csv/[6]noaa-spc-reports/hail/noaa_spc-hail.csv
-> size (bytes): 322,005
COMPRESSED FILE:
-> name: /home/pablo/Documents/FING/Proyecto/pc-tesis/dataset_parser/scripts/compress/output/[6]noaa-spc-reports/pwlh-int/noaa_spc-hail.c.cpp.csv
-> size (bytes): 130,510
-> 40.53% of original


RESULTS
--------------------------(same file!)
CoderPWLHint
ORIGINAL FILE:
-> name: /home/pablo/Documents/FING/Proyecto/datasets-csv/[6]noaa-spc-reports/hail/noaa_spc-hail.csv
-> size (bytes): 322,005
COMPRESSED FILE:
-> name: /home/pablo/Documents/FING/Proyecto/pc-tesis/dataset_parser/scripts/compress/output/[6]noaa-spc-reports/pwlh-int/noaa_spc-hail.c.cpp.csv
-> size (bytes): 111,578
-> 34.65% of original


RESULTS
--------------------------(same file!)
CoderPWLHint
ORIGINAL FILE:
-> name: /home/pablo/Documents/FING/Proyecto/datasets-csv/[6]noaa-spc-reports/hail/noaa_spc-hail.csv
-> size (bytes): 322,005
COMPRESSED FILE:
-> name: /home/pablo/Documents/FING/Proyecto/pc-tesis/dataset_parser/scripts/compress/output/[6]noaa-spc-reports/pwlh-int/noaa_spc-hail.c.cpp.csv
-> size (bytes): 113,715
-> 35.31% of original


RESULTS
--------------------------(same file!)
CoderPWLHint
ORIGINAL FILE:
-> name: /home/pablo/Documents/FING/Proyecto/datasets-csv/[6]noaa-spc-reports/hail/noaa_spc-hail.csv
-> size (bytes): 322,005
COMPRESSED FILE:
-> name: /home/pablo/Documents/FING/Proyecto/pc-tesis/dataset_parser/scripts/compress/output/[6]noaa-spc-reports/pwlh-int/noaa_spc-hail.c.cpp.csv
-> size (bytes): 116,591
-> 36.21% of original


RESULTS
--------------------------(same file!)
CoderPWLHint
ORIGINAL FILE:
-> name: /home/pablo/Documents/FING/Proyecto/datasets-csv/[6]noaa-spc-reports/hail/noaa_spc-hail.csv
-> size (bytes): 322,005
COMPRESSED FILE:
-> name: /home/pablo/Documents/FING/Proyecto/pc-tesis/dataset_parser/scripts/compress/output/[6]noaa-spc-reports/pwlh-int/noaa_spc-hail.c.cpp.csv
-> size (bytes): 119,521
-> 37.12% of original


RESULTS
--------------------------(same file!)
CoderPWLHint
ORIGINAL FILE:
-> name: /home/pablo/Documents/FING/Proyecto/datasets-csv/[6]noaa-spc-reports/hail/noaa_spc-hail.csv
-> size (bytes): 322,005
COMPRESSED FILE:
-> name: /home/pablo/Documents/FING/Proyecto/pc-tesis/dataset_parser/scripts/compress/output/[6]noaa-spc-reports/pwlh-int/noaa_spc-hail.c.cpp.csv
-> size (bytes): 122,450
-> 38.03% of original


RESULTS
--------------------------(same file!)
CoderPWLHint
ORIGINAL FILE:
-> name: /home/pablo/Documents/FING/Proyecto/datasets-csv/[6]noaa-spc-reports/hail/noaa_spc-hail.csv
-> size (bytes): 322,005
COMPRESSED FILE:
-> name: /home/pablo/Documents/FING/Proyecto/pc-tesis/dataset_parser/scripts/compress/output/[6]noaa-spc-reports/pwlh-int/noaa_spc-hail.c.cpp.csv
-> size (bytes): 125,380
-> 38.94% of original


RESULTS
--------------------------(same file!)
CoderPWLHint
ORIGINAL FILE:
-> name: /home/pablo/Documents/FING/Proyecto/datasets-csv/[6]noaa-spc-reports/hail/noaa_spc-hail.csv
-> size (bytes): 322,005
COMPRESSED FILE:
-> name: /home/pablo/Documents/FING/Proyecto/pc-tesis/dataset_parser/scripts/compress/output/[6]noaa-spc-reports/pwlh-int/noaa_spc-hail.c.cpp.csv
-> size (bytes): 108,611
-> 33.73% of original


RESULTS
--------------------------(same file!)
CoderPWLHint
ORIGINAL FILE:
-> name: /home/pablo/Documents/FING/Proyecto/datasets-csv/[6]noaa-spc-reports/hail/noaa_spc-hail.csv
-> size (bytes): 322,005
COMPRESSED FILE:
-> name: /home/pablo/Documents/FING/Proyecto/pc-tesis/dataset_parser/scripts/compress/output/[6]noaa-spc-reports/pwlh-int/noaa_spc-hail.c.cpp.csv
-> size (bytes): 110,180
-> 34.22% of original


RESULTS
--------------------------(same file!)
CoderPWLHint
ORIGINAL FILE:
-> name: /home/pablo/Documents/FING/Proyecto/datasets-csv/[6]noaa-spc-reports/hail/noaa_spc-hail.csv
-> size (bytes): 322,005
COMPRESSED FILE:
-> name: /home/pablo/Documents/FING/Proyecto/pc-tesis/dataset_parser/scripts/compress/output/[6]noaa-spc-reports/pwlh-int/noaa_spc-hail.c.cpp.csv
-> size (bytes): 112,860
-> 35.05% of original


RESULTS
--------------------------(same file!)
CoderPWLHint
ORIGINAL FILE:
-> name: /home/pablo/Documents/FING/Proyecto/datasets-csv/[6]noaa-spc-reports/hail/noaa_spc-hail.csv
-> size (bytes): 322,005
COMPRESSED FILE:
-> name: /home/pablo/Documents/FING/Proyecto/pc-tesis/dataset_parser/scripts/compress/output/[6]noaa-spc-reports/pwlh-int/noaa_spc-hail.c.cpp.csv
-> size (bytes): 115,661
-> 35.92% of original


RESULTS
--------------------------(same file!)
CoderPWLHint
ORIGINAL FILE:
-> name: /home/pablo/Documents/FING/Proyecto/datasets-csv/[6]noaa-spc-reports/hail/noaa_spc-hail.csv
-> size (bytes): 322,005
COMPRESSED FILE:
-> name: /home/pablo/Documents/FING/Proyecto/pc-tesis/dataset_parser/scripts/compress/output/[6]noaa-spc-reports/pwlh-int/noaa_spc-hail.c.cpp.csv
-> size (bytes): 118,463
-> 36.79% of original


RESULTS
--------------------------(same file!)
CoderPWLHint
ORIGINAL FILE:
-> name: /home/pablo/Documents/FING/Proyecto/datasets-csv/[6]noaa-spc-reports/hail/noaa_spc-hail.csv
-> size (bytes): 322,005
COMPRESSED FILE:
-> name: /home/pablo/Documents/FING/Proyecto/pc-tesis/dataset_parser/scripts/compress/output/[6]noaa-spc-reports/pwlh-int/noaa_spc-hail.c.cpp.csv
-> size (bytes): 121,264
-> 37.66% of original


RESULTS
--------------------------(same file!)
CoderPWLHint
ORIGINAL FILE:
-> name: /home/pablo/Documents/FING/Proyecto/datasets-csv/[6]noaa-spc-reports/hail/noaa_spc-hail.csv
-> size (bytes): 322,005
COMPRESSED FILE:
-> name: /home/pablo/Documents/FING/Proyecto/pc-tesis/dataset_parser/scripts/compress/output/[6]noaa-spc-reports/pwlh-int/noaa_spc-hail.c.cpp.csv
-> size (bytes): 103,591
-> 32.17% of original


RESULTS
--------------------------(same file!)
CoderPWLHint
ORIGINAL FILE:
-> name: /home/pablo/Documents/FING/Proyecto/datasets-csv/[6]noaa-spc-reports/hail/noaa_spc-hail.csv
-> size (bytes): 322,005
COMPRESSED FILE:
-> name: /home/pablo/Documents/FING/Proyecto/pc-tesis/dataset_parser/scripts/compress/output/[6]noaa-spc-reports/pwlh-int/noaa_spc-hail.c.cpp.csv
-> size (bytes): 103,779
-> 32.23% of original


RESULTS
--------------------------(same file!)
CoderPWLHint
ORIGINAL FILE:
-> name: /home/pablo/Documents/FING/Proyecto/datasets-csv/[6]noaa-spc-reports/hail/noaa_spc-hail.csv
-> size (bytes): 322,005
COMPRESSED FILE:
-> name: /home/pablo/Documents/FING/Proyecto/pc-tesis/dataset_parser/scripts/compress/output/[6]noaa-spc-reports/pwlh-int/noaa_spc-hail.c.cpp.csv
-> size (bytes): 105,988
-> 32.92% of original


RESULTS
--------------------------(same file!)
CoderPWLHint
ORIGINAL FILE:
-> name: /home/pablo/Documents/FING/Proyecto/datasets-csv/[6]noaa-spc-reports/hail/noaa_spc-hail.csv
-> size (bytes): 322,005
COMPRESSED FILE:
-> name: /home/pablo/Documents/FING/Proyecto/pc-tesis/dataset_parser/scripts/compress/output/[6]noaa-spc-reports/pwlh-int/noaa_spc-hail.c.cpp.csv
-> size (bytes): 108,549
-> 33.71% of original


RESULTS
--------------------------(same file!)
CoderPWLHint
ORIGINAL FILE:
-> name: /home/pablo/Documents/FING/Proyecto/datasets-csv/[6]noaa-spc-reports/hail/noaa_spc-hail.csv
-> size (bytes): 322,005
COMPRESSED FILE:
-> name: /home/pablo/Documents/FING/Proyecto/pc-tesis/dataset_parser/scripts/compress/output/[6]noaa-spc-reports/pwlh-int/noaa_spc-hail.c.cpp.csv
-> size (bytes): 111,111
-> 34.51% of original


RESULTS
--------------------------(same file!)
CoderPWLHint
ORIGINAL FILE:
-> name: /home/pablo/Documents/FING/Proyecto/datasets-csv/[6]noaa-spc-reports/hail/noaa_spc-hail.csv
-> size (bytes): 322,005
COMPRESSED FILE:
-> name: /home/pablo/Documents/FING/Proyecto/pc-tesis/dataset_parser/scripts/compress/output/[6]noaa-spc-reports/pwlh-int/noaa_spc-hail.c.cpp.csv
-> size (bytes): 113,674
-> 35.3% of original


RESULTS
--------------------------(same file!)
CoderPWLHint
ORIGINAL FILE:
-> name: /home/pablo/Documents/FING/Proyecto/datasets-csv/[6]noaa-spc-reports/hail/noaa_spc-hail.csv
-> size (bytes): 322,005
COMPRESSED FILE:
-> name: /home/pablo/Documents/FING/Proyecto/pc-tesis/dataset_parser/scripts/compress/output/[6]noaa-spc-reports/pwlh-int/noaa_spc-hail.c.cpp.csv
-> size (bytes): 99,762
-> 30.98% of original


RESULTS
--------------------------(same file!)
CoderPWLHint
ORIGINAL FILE:
-> name: /home/pablo/Documents/FING/Proyecto/datasets-csv/[6]noaa-spc-reports/hail/noaa_spc-hail.csv
-> size (bytes): 322,005
COMPRESSED FILE:
-> name: /home/pablo/Documents/FING/Proyecto/pc-tesis/dataset_parser/scripts/compress/output/[6]noaa-spc-reports/pwlh-int/noaa_spc-hail.c.cpp.csv
-> size (bytes): 98,854
-> 30.7% of original


RESULTS
--------------------------(same file!)
CoderPWLHint
ORIGINAL FILE:
-> name: /home/pablo/Documents/FING/Proyecto/datasets-csv/[6]noaa-spc-reports/hail/noaa_spc-hail.csv
-> size (bytes): 322,005
COMPRESSED FILE:
-> name: /home/pablo/Documents/FING/Proyecto/pc-tesis/dataset_parser/scripts/compress/output/[6]noaa-spc-reports/pwlh-int/noaa_spc-hail.c.cpp.csv
-> size (bytes): 100,626
-> 31.25% of original


RESULTS
--------------------------(same file!)
CoderPWLHint
ORIGINAL FILE:
-> name: /home/pablo/Documents/FING/Proyecto/datasets-csv/[6]noaa-spc-reports/hail/noaa_spc-hail.csv
-> size (bytes): 322,005
COMPRESSED FILE:
-> name: /home/pablo/Documents/FING/Proyecto/pc-tesis/dataset_parser/scripts/compress/output/[6]noaa-spc-reports/pwlh-int/noaa_spc-hail.c.cpp.csv
-> size (bytes): 102,975
-> 31.98% of original


RESULTS
--------------------------(same file!)
CoderPWLHint
ORIGINAL FILE:
-> name: /home/pablo/Documents/FING/Proyecto/datasets-csv/[6]noaa-spc-reports/hail/noaa_spc-hail.csv
-> size (bytes): 322,005
COMPRESSED FILE:
-> name: /home/pablo/Documents/FING/Proyecto/pc-tesis/dataset_parser/scripts/compress/output/[6]noaa-spc-reports/pwlh-int/noaa_spc-hail.c.cpp.csv
-> size (bytes): 105,348
-> 32.72% of original


RESULTS
--------------------------(same file!)
CoderPWLHint
ORIGINAL FILE:
-> name: /home/pablo/Documents/FING/Proyecto/datasets-csv/[6]noaa-spc-reports/hail/noaa_spc-hail.csv
-> size (bytes): 322,005
COMPRESSED FILE:
-> name: /home/pablo/Documents/FING/Proyecto/pc-tesis/dataset_parser/scripts/compress/output/[6]noaa-spc-reports/pwlh-int/noaa_spc-hail.c.cpp.csv
-> size (bytes): 107,721
-> 33.45% of original


RESULTS
--------------------------(same file!)
CoderPWLHint
ORIGINAL FILE:
-> name: /home/pablo/Documents/FING/Proyecto/datasets-csv/[6]noaa-spc-reports/hail/noaa_spc-hail.csv
-> size (bytes): 322,005
COMPRESSED FILE:
-> name: /home/pablo/Documents/FING/Proyecto/pc-tesis/dataset_parser/scripts/compress/output/[6]noaa-spc-reports/pwlh-int/noaa_spc-hail.c.cpp.csv
-> size (bytes): 97,003
-> 30.12% of original


RESULTS
--------------------------(same file!)
CoderPWLHint
ORIGINAL FILE:
-> name: /home/pablo/Documents/FING/Proyecto/datasets-csv/[6]noaa-spc-reports/hail/noaa_spc-hail.csv
-> size (bytes): 322,005
COMPRESSED FILE:
-> name: /home/pablo/Documents/FING/Proyecto/pc-tesis/dataset_parser/scripts/compress/output/[6]noaa-spc-reports/pwlh-int/noaa_spc-hail.c.cpp.csv
-> size (bytes): 95,022
-> 29.51% of original


RESULTS
--------------------------(same file!)
CoderPWLHint
ORIGINAL FILE:
-> name: /home/pablo/Documents/FING/Proyecto/datasets-csv/[6]noaa-spc-reports/hail/noaa_spc-hail.csv
-> size (bytes): 322,005
COMPRESSED FILE:
-> name: /home/pablo/Documents/FING/Proyecto/pc-tesis/dataset_parser/scripts/compress/output/[6]noaa-spc-reports/pwlh-int/noaa_spc-hail.c.cpp.csv
-> size (bytes): 96,291
-> 29.9% of original


RESULTS
--------------------------(same file!)
CoderPWLHint
ORIGINAL FILE:
-> name: /home/pablo/Documents/FING/Proyecto/datasets-csv/[6]noaa-spc-reports/hail/noaa_spc-hail.csv
-> size (bytes): 322,005
COMPRESSED FILE:
-> name: /home/pablo/Documents/FING/Proyecto/pc-tesis/dataset_parser/scripts/compress/output/[6]noaa-spc-reports/pwlh-int/noaa_spc-hail.c.cpp.csv
-> size (bytes): 98,476
-> 30.58% of original


RESULTS
--------------------------(same file!)
CoderPWLHint
ORIGINAL FILE:
-> name: /home/pablo/Documents/FING/Proyecto/datasets-csv/[6]noaa-spc-reports/hail/noaa_spc-hail.csv
-> size (bytes): 322,005
COMPRESSED FILE:
-> name: /home/pablo/Documents/FING/Proyecto/pc-tesis/dataset_parser/scripts/compress/output/[6]noaa-spc-reports/pwlh-int/noaa_spc-hail.c.cpp.csv
-> size (bytes): 100,696
-> 31.27% of original


RESULTS
--------------------------(same file!)
CoderPWLHint
ORIGINAL FILE:
-> name: /home/pablo/Documents/FING/Proyecto/datasets-csv/[6]noaa-spc-reports/hail/noaa_spc-hail.csv
-> size (bytes): 322,005
COMPRESSED FILE:
-> name: /home/pablo/Documents/FING/Proyecto/pc-tesis/dataset_parser/scripts/compress/output/[6]noaa-spc-reports/pwlh-int/noaa_spc-hail.c.cpp.csv
-> size (bytes): 102,916
-> 31.96% of original


RESULTS
--------------------------(same file!)
CoderPWLHint
ORIGINAL FILE:
-> name: /home/pablo/Documents/FING/Proyecto/datasets-csv/[6]noaa-spc-reports/hail/noaa_spc-hail.csv
-> size (bytes): 322,005
COMPRESSED FILE:
-> name: /home/pablo/Documents/FING/Proyecto/pc-tesis/dataset_parser/scripts/compress/output/[6]noaa-spc-reports/pwlh-int/noaa_spc-hail.c.cpp.csv
-> size (bytes): 92,013
-> 28.58% of original


RESULTS
--------------------------(same file!)
CoderPWLHint
ORIGINAL FILE:
-> name: /home/pablo/Documents/FING/Proyecto/datasets-csv/[6]noaa-spc-reports/hail/noaa_spc-hail.csv
-> size (bytes): 322,005
COMPRESSED FILE:
-> name: /home/pablo/Documents/FING/Proyecto/pc-tesis/dataset_parser/scripts/compress/output/[6]noaa-spc-reports/pwlh-int/noaa_spc-hail.c.cpp.csv
-> size (bytes): 88,155
-> 27.38% of original


RESULTS
--------------------------(same file!)
CoderPWLHint
ORIGINAL FILE:
-> name: /home/pablo/Documents/FING/Proyecto/datasets-csv/[6]noaa-spc-reports/hail/noaa_spc-hail.csv
-> size (bytes): 322,005
COMPRESSED FILE:
-> name: /home/pablo/Documents/FING/Proyecto/pc-tesis/dataset_parser/scripts/compress/output/[6]noaa-spc-reports/pwlh-int/noaa_spc-hail.c.cpp.csv
-> size (bytes): 88,334
-> 27.43% of original


RESULTS
--------------------------(same file!)
CoderPWLHint
ORIGINAL FILE:
-> name: /home/pablo/Documents/FING/Proyecto/datasets-csv/[6]noaa-spc-reports/hail/noaa_spc-hail.csv
-> size (bytes): 322,005
COMPRESSED FILE:
-> name: /home/pablo/Documents/FING/Proyecto/pc-tesis/dataset_parser/scripts/compress/output/[6]noaa-spc-reports/pwlh-int/noaa_spc-hail.c.cpp.csv
-> size (bytes): 90,120
-> 27.99% of original


RESULTS
--------------------------(same file!)
CoderPWLHint
ORIGINAL FILE:
-> name: /home/pablo/Documents/FING/Proyecto/datasets-csv/[6]noaa-spc-reports/hail/noaa_spc-hail.csv
-> size (bytes): 322,005
COMPRESSED FILE:
-> name: /home/pablo/Documents/FING/Proyecto/pc-tesis/dataset_parser/scripts/compress/output/[6]noaa-spc-reports/pwlh-int/noaa_spc-hail.c.cpp.csv
-> size (bytes): 92,038
-> 28.58% of original


RESULTS
--------------------------(same file!)
CoderPWLHint
ORIGINAL FILE:
-> name: /home/pablo/Documents/FING/Proyecto/datasets-csv/[6]noaa-spc-reports/hail/noaa_spc-hail.csv
-> size (bytes): 322,005
COMPRESSED FILE:
-> name: /home/pablo/Documents/FING/Proyecto/pc-tesis/dataset_parser/scripts/compress/output/[6]noaa-spc-reports/pwlh-int/noaa_spc-hail.c.cpp.csv
-> size (bytes): 93,964
-> 29.18% of original

