
RESULTS
--------------------------(same file!)
CoderBasic
ORIGINAL FILE:
-> name: /home/pablo/Documents/FING/Proyecto/datasets-csv/[6]noaa-spc-reports/tornado/noaa_spc-tornado.csv
-> size (bytes): 58,251
COMPRESSED FILE:
-> name: /home/pablo/Documents/FING/Proyecto/pc-tesis/dataset_parser/scripts/compress/output/[6]noaa-spc-reports/basic/noaa_spc-tornado.c.cpp.csv
-> size (bytes): 20,195
-> 34.67% of original


RESULTS
--------------------------(same file!)
CoderPCA
ORIGINAL FILE:
-> name: /home/pablo/Documents/FING/Proyecto/datasets-csv/[6]noaa-spc-reports/tornado/noaa_spc-tornado.csv
-> size (bytes): 58,251
COMPRESSED FILE:
-> name: /home/pablo/Documents/FING/Proyecto/pc-tesis/dataset_parser/scripts/compress/output/[6]noaa-spc-reports/pca/noaa_spc-tornado.c.cpp.csv
-> size (bytes): 20,387
-> 35.0% of original


RESULTS
--------------------------(same file!)
CoderPCA
ORIGINAL FILE:
-> name: /home/pablo/Documents/FING/Proyecto/datasets-csv/[6]noaa-spc-reports/tornado/noaa_spc-tornado.csv
-> size (bytes): 58,251
COMPRESSED FILE:
-> name: /home/pablo/Documents/FING/Proyecto/pc-tesis/dataset_parser/scripts/compress/output/[6]noaa-spc-reports/pca/noaa_spc-tornado.c.cpp.csv
-> size (bytes): 20,291
-> 34.83% of original


RESULTS
--------------------------(same file!)
CoderPCA
ORIGINAL FILE:
-> name: /home/pablo/Documents/FING/Proyecto/datasets-csv/[6]noaa-spc-reports/tornado/noaa_spc-tornado.csv
-> size (bytes): 58,251
COMPRESSED FILE:
-> name: /home/pablo/Documents/FING/Proyecto/pc-tesis/dataset_parser/scripts/compress/output/[6]noaa-spc-reports/pca/noaa_spc-tornado.c.cpp.csv
-> size (bytes): 20,234
-> 34.74% of original


RESULTS
--------------------------(same file!)
CoderPCA
ORIGINAL FILE:
-> name: /home/pablo/Documents/FING/Proyecto/datasets-csv/[6]noaa-spc-reports/tornado/noaa_spc-tornado.csv
-> size (bytes): 58,251
COMPRESSED FILE:
-> name: /home/pablo/Documents/FING/Proyecto/pc-tesis/dataset_parser/scripts/compress/output/[6]noaa-spc-reports/pca/noaa_spc-tornado.c.cpp.csv
-> size (bytes): 20,214
-> 34.7% of original


RESULTS
--------------------------(same file!)
CoderPCA
ORIGINAL FILE:
-> name: /home/pablo/Documents/FING/Proyecto/datasets-csv/[6]noaa-spc-reports/tornado/noaa_spc-tornado.csv
-> size (bytes): 58,251
COMPRESSED FILE:
-> name: /home/pablo/Documents/FING/Proyecto/pc-tesis/dataset_parser/scripts/compress/output/[6]noaa-spc-reports/pca/noaa_spc-tornado.c.cpp.csv
-> size (bytes): 20,205
-> 34.69% of original


RESULTS
--------------------------(same file!)
CoderPCA
ORIGINAL FILE:
-> name: /home/pablo/Documents/FING/Proyecto/datasets-csv/[6]noaa-spc-reports/tornado/noaa_spc-tornado.csv
-> size (bytes): 58,251
COMPRESSED FILE:
-> name: /home/pablo/Documents/FING/Proyecto/pc-tesis/dataset_parser/scripts/compress/output/[6]noaa-spc-reports/pca/noaa_spc-tornado.c.cpp.csv
-> size (bytes): 20,200
-> 34.68% of original


RESULTS
--------------------------(same file!)
CoderPCA
ORIGINAL FILE:
-> name: /home/pablo/Documents/FING/Proyecto/datasets-csv/[6]noaa-spc-reports/tornado/noaa_spc-tornado.csv
-> size (bytes): 58,251
COMPRESSED FILE:
-> name: /home/pablo/Documents/FING/Proyecto/pc-tesis/dataset_parser/scripts/compress/output/[6]noaa-spc-reports/pca/noaa_spc-tornado.c.cpp.csv
-> size (bytes): 20,243
-> 34.75% of original


RESULTS
--------------------------(same file!)
CoderPCA
ORIGINAL FILE:
-> name: /home/pablo/Documents/FING/Proyecto/datasets-csv/[6]noaa-spc-reports/tornado/noaa_spc-tornado.csv
-> size (bytes): 58,251
COMPRESSED FILE:
-> name: /home/pablo/Documents/FING/Proyecto/pc-tesis/dataset_parser/scripts/compress/output/[6]noaa-spc-reports/pca/noaa_spc-tornado.c.cpp.csv
-> size (bytes): 20,291
-> 34.83% of original


RESULTS
--------------------------(same file!)
CoderPCA
ORIGINAL FILE:
-> name: /home/pablo/Documents/FING/Proyecto/datasets-csv/[6]noaa-spc-reports/tornado/noaa_spc-tornado.csv
-> size (bytes): 58,251
COMPRESSED FILE:
-> name: /home/pablo/Documents/FING/Proyecto/pc-tesis/dataset_parser/scripts/compress/output/[6]noaa-spc-reports/pca/noaa_spc-tornado.c.cpp.csv
-> size (bytes): 20,234
-> 34.74% of original


RESULTS
--------------------------(same file!)
CoderPCA
ORIGINAL FILE:
-> name: /home/pablo/Documents/FING/Proyecto/datasets-csv/[6]noaa-spc-reports/tornado/noaa_spc-tornado.csv
-> size (bytes): 58,251
COMPRESSED FILE:
-> name: /home/pablo/Documents/FING/Proyecto/pc-tesis/dataset_parser/scripts/compress/output/[6]noaa-spc-reports/pca/noaa_spc-tornado.c.cpp.csv
-> size (bytes): 20,214
-> 34.7% of original


RESULTS
--------------------------(same file!)
CoderPCA
ORIGINAL FILE:
-> name: /home/pablo/Documents/FING/Proyecto/datasets-csv/[6]noaa-spc-reports/tornado/noaa_spc-tornado.csv
-> size (bytes): 58,251
COMPRESSED FILE:
-> name: /home/pablo/Documents/FING/Proyecto/pc-tesis/dataset_parser/scripts/compress/output/[6]noaa-spc-reports/pca/noaa_spc-tornado.c.cpp.csv
-> size (bytes): 20,205
-> 34.69% of original


RESULTS
--------------------------(same file!)
CoderPCA
ORIGINAL FILE:
-> name: /home/pablo/Documents/FING/Proyecto/datasets-csv/[6]noaa-spc-reports/tornado/noaa_spc-tornado.csv
-> size (bytes): 58,251
COMPRESSED FILE:
-> name: /home/pablo/Documents/FING/Proyecto/pc-tesis/dataset_parser/scripts/compress/output/[6]noaa-spc-reports/pca/noaa_spc-tornado.c.cpp.csv
-> size (bytes): 20,200
-> 34.68% of original


RESULTS
--------------------------(same file!)
CoderPCA
ORIGINAL FILE:
-> name: /home/pablo/Documents/FING/Proyecto/datasets-csv/[6]noaa-spc-reports/tornado/noaa_spc-tornado.csv
-> size (bytes): 58,251
COMPRESSED FILE:
-> name: /home/pablo/Documents/FING/Proyecto/pc-tesis/dataset_parser/scripts/compress/output/[6]noaa-spc-reports/pca/noaa_spc-tornado.c.cpp.csv
-> size (bytes): 19,719
-> 33.85% of original


RESULTS
--------------------------(same file!)
CoderPCA
ORIGINAL FILE:
-> name: /home/pablo/Documents/FING/Proyecto/datasets-csv/[6]noaa-spc-reports/tornado/noaa_spc-tornado.csv
-> size (bytes): 58,251
COMPRESSED FILE:
-> name: /home/pablo/Documents/FING/Proyecto/pc-tesis/dataset_parser/scripts/compress/output/[6]noaa-spc-reports/pca/noaa_spc-tornado.c.cpp.csv
-> size (bytes): 20,221
-> 34.71% of original


RESULTS
--------------------------(same file!)
CoderPCA
ORIGINAL FILE:
-> name: /home/pablo/Documents/FING/Proyecto/datasets-csv/[6]noaa-spc-reports/tornado/noaa_spc-tornado.csv
-> size (bytes): 58,251
COMPRESSED FILE:
-> name: /home/pablo/Documents/FING/Proyecto/pc-tesis/dataset_parser/scripts/compress/output/[6]noaa-spc-reports/pca/noaa_spc-tornado.c.cpp.csv
-> size (bytes): 20,234
-> 34.74% of original


RESULTS
--------------------------(same file!)
CoderPCA
ORIGINAL FILE:
-> name: /home/pablo/Documents/FING/Proyecto/datasets-csv/[6]noaa-spc-reports/tornado/noaa_spc-tornado.csv
-> size (bytes): 58,251
COMPRESSED FILE:
-> name: /home/pablo/Documents/FING/Proyecto/pc-tesis/dataset_parser/scripts/compress/output/[6]noaa-spc-reports/pca/noaa_spc-tornado.c.cpp.csv
-> size (bytes): 20,214
-> 34.7% of original


RESULTS
--------------------------(same file!)
CoderPCA
ORIGINAL FILE:
-> name: /home/pablo/Documents/FING/Proyecto/datasets-csv/[6]noaa-spc-reports/tornado/noaa_spc-tornado.csv
-> size (bytes): 58,251
COMPRESSED FILE:
-> name: /home/pablo/Documents/FING/Proyecto/pc-tesis/dataset_parser/scripts/compress/output/[6]noaa-spc-reports/pca/noaa_spc-tornado.c.cpp.csv
-> size (bytes): 20,205
-> 34.69% of original


RESULTS
--------------------------(same file!)
CoderPCA
ORIGINAL FILE:
-> name: /home/pablo/Documents/FING/Proyecto/datasets-csv/[6]noaa-spc-reports/tornado/noaa_spc-tornado.csv
-> size (bytes): 58,251
COMPRESSED FILE:
-> name: /home/pablo/Documents/FING/Proyecto/pc-tesis/dataset_parser/scripts/compress/output/[6]noaa-spc-reports/pca/noaa_spc-tornado.c.cpp.csv
-> size (bytes): 20,200
-> 34.68% of original


RESULTS
--------------------------(same file!)
CoderPCA
ORIGINAL FILE:
-> name: /home/pablo/Documents/FING/Proyecto/datasets-csv/[6]noaa-spc-reports/tornado/noaa_spc-tornado.csv
-> size (bytes): 58,251
COMPRESSED FILE:
-> name: /home/pablo/Documents/FING/Proyecto/pc-tesis/dataset_parser/scripts/compress/output/[6]noaa-spc-reports/pca/noaa_spc-tornado.c.cpp.csv
-> size (bytes): 19,068
-> 32.73% of original


RESULTS
--------------------------(same file!)
CoderPCA
ORIGINAL FILE:
-> name: /home/pablo/Documents/FING/Proyecto/datasets-csv/[6]noaa-spc-reports/tornado/noaa_spc-tornado.csv
-> size (bytes): 58,251
COMPRESSED FILE:
-> name: /home/pablo/Documents/FING/Proyecto/pc-tesis/dataset_parser/scripts/compress/output/[6]noaa-spc-reports/pca/noaa_spc-tornado.c.cpp.csv
-> size (bytes): 20,151
-> 34.59% of original


RESULTS
--------------------------(same file!)
CoderPCA
ORIGINAL FILE:
-> name: /home/pablo/Documents/FING/Proyecto/datasets-csv/[6]noaa-spc-reports/tornado/noaa_spc-tornado.csv
-> size (bytes): 58,251
COMPRESSED FILE:
-> name: /home/pablo/Documents/FING/Proyecto/pc-tesis/dataset_parser/scripts/compress/output/[6]noaa-spc-reports/pca/noaa_spc-tornado.c.cpp.csv
-> size (bytes): 20,234
-> 34.74% of original


RESULTS
--------------------------(same file!)
CoderPCA
ORIGINAL FILE:
-> name: /home/pablo/Documents/FING/Proyecto/datasets-csv/[6]noaa-spc-reports/tornado/noaa_spc-tornado.csv
-> size (bytes): 58,251
COMPRESSED FILE:
-> name: /home/pablo/Documents/FING/Proyecto/pc-tesis/dataset_parser/scripts/compress/output/[6]noaa-spc-reports/pca/noaa_spc-tornado.c.cpp.csv
-> size (bytes): 20,214
-> 34.7% of original


RESULTS
--------------------------(same file!)
CoderPCA
ORIGINAL FILE:
-> name: /home/pablo/Documents/FING/Proyecto/datasets-csv/[6]noaa-spc-reports/tornado/noaa_spc-tornado.csv
-> size (bytes): 58,251
COMPRESSED FILE:
-> name: /home/pablo/Documents/FING/Proyecto/pc-tesis/dataset_parser/scripts/compress/output/[6]noaa-spc-reports/pca/noaa_spc-tornado.c.cpp.csv
-> size (bytes): 20,205
-> 34.69% of original


RESULTS
--------------------------(same file!)
CoderPCA
ORIGINAL FILE:
-> name: /home/pablo/Documents/FING/Proyecto/datasets-csv/[6]noaa-spc-reports/tornado/noaa_spc-tornado.csv
-> size (bytes): 58,251
COMPRESSED FILE:
-> name: /home/pablo/Documents/FING/Proyecto/pc-tesis/dataset_parser/scripts/compress/output/[6]noaa-spc-reports/pca/noaa_spc-tornado.c.cpp.csv
-> size (bytes): 20,200
-> 34.68% of original


RESULTS
--------------------------(same file!)
CoderPCA
ORIGINAL FILE:
-> name: /home/pablo/Documents/FING/Proyecto/datasets-csv/[6]noaa-spc-reports/tornado/noaa_spc-tornado.csv
-> size (bytes): 58,251
COMPRESSED FILE:
-> name: /home/pablo/Documents/FING/Proyecto/pc-tesis/dataset_parser/scripts/compress/output/[6]noaa-spc-reports/pca/noaa_spc-tornado.c.cpp.csv
-> size (bytes): 17,958
-> 30.83% of original


RESULTS
--------------------------(same file!)
CoderPCA
ORIGINAL FILE:
-> name: /home/pablo/Documents/FING/Proyecto/datasets-csv/[6]noaa-spc-reports/tornado/noaa_spc-tornado.csv
-> size (bytes): 58,251
COMPRESSED FILE:
-> name: /home/pablo/Documents/FING/Proyecto/pc-tesis/dataset_parser/scripts/compress/output/[6]noaa-spc-reports/pca/noaa_spc-tornado.c.cpp.csv
-> size (bytes): 19,409
-> 33.32% of original


RESULTS
--------------------------(same file!)
CoderPCA
ORIGINAL FILE:
-> name: /home/pablo/Documents/FING/Proyecto/datasets-csv/[6]noaa-spc-reports/tornado/noaa_spc-tornado.csv
-> size (bytes): 58,251
COMPRESSED FILE:
-> name: /home/pablo/Documents/FING/Proyecto/pc-tesis/dataset_parser/scripts/compress/output/[6]noaa-spc-reports/pca/noaa_spc-tornado.c.cpp.csv
-> size (bytes): 20,156
-> 34.6% of original


RESULTS
--------------------------(same file!)
CoderPCA
ORIGINAL FILE:
-> name: /home/pablo/Documents/FING/Proyecto/datasets-csv/[6]noaa-spc-reports/tornado/noaa_spc-tornado.csv
-> size (bytes): 58,251
COMPRESSED FILE:
-> name: /home/pablo/Documents/FING/Proyecto/pc-tesis/dataset_parser/scripts/compress/output/[6]noaa-spc-reports/pca/noaa_spc-tornado.c.cpp.csv
-> size (bytes): 20,214
-> 34.7% of original


RESULTS
--------------------------(same file!)
CoderPCA
ORIGINAL FILE:
-> name: /home/pablo/Documents/FING/Proyecto/datasets-csv/[6]noaa-spc-reports/tornado/noaa_spc-tornado.csv
-> size (bytes): 58,251
COMPRESSED FILE:
-> name: /home/pablo/Documents/FING/Proyecto/pc-tesis/dataset_parser/scripts/compress/output/[6]noaa-spc-reports/pca/noaa_spc-tornado.c.cpp.csv
-> size (bytes): 20,205
-> 34.69% of original


RESULTS
--------------------------(same file!)
CoderPCA
ORIGINAL FILE:
-> name: /home/pablo/Documents/FING/Proyecto/datasets-csv/[6]noaa-spc-reports/tornado/noaa_spc-tornado.csv
-> size (bytes): 58,251
COMPRESSED FILE:
-> name: /home/pablo/Documents/FING/Proyecto/pc-tesis/dataset_parser/scripts/compress/output/[6]noaa-spc-reports/pca/noaa_spc-tornado.c.cpp.csv
-> size (bytes): 20,200
-> 34.68% of original


RESULTS
--------------------------(same file!)
CoderPCA
ORIGINAL FILE:
-> name: /home/pablo/Documents/FING/Proyecto/datasets-csv/[6]noaa-spc-reports/tornado/noaa_spc-tornado.csv
-> size (bytes): 58,251
COMPRESSED FILE:
-> name: /home/pablo/Documents/FING/Proyecto/pc-tesis/dataset_parser/scripts/compress/output/[6]noaa-spc-reports/pca/noaa_spc-tornado.c.cpp.csv
-> size (bytes): 17,174
-> 29.48% of original


RESULTS
--------------------------(same file!)
CoderPCA
ORIGINAL FILE:
-> name: /home/pablo/Documents/FING/Proyecto/datasets-csv/[6]noaa-spc-reports/tornado/noaa_spc-tornado.csv
-> size (bytes): 58,251
COMPRESSED FILE:
-> name: /home/pablo/Documents/FING/Proyecto/pc-tesis/dataset_parser/scripts/compress/output/[6]noaa-spc-reports/pca/noaa_spc-tornado.c.cpp.csv
-> size (bytes): 18,757
-> 32.2% of original


RESULTS
--------------------------(same file!)
CoderPCA
ORIGINAL FILE:
-> name: /home/pablo/Documents/FING/Proyecto/datasets-csv/[6]noaa-spc-reports/tornado/noaa_spc-tornado.csv
-> size (bytes): 58,251
COMPRESSED FILE:
-> name: /home/pablo/Documents/FING/Proyecto/pc-tesis/dataset_parser/scripts/compress/output/[6]noaa-spc-reports/pca/noaa_spc-tornado.c.cpp.csv
-> size (bytes): 20,045
-> 34.41% of original


RESULTS
--------------------------(same file!)
CoderPCA
ORIGINAL FILE:
-> name: /home/pablo/Documents/FING/Proyecto/datasets-csv/[6]noaa-spc-reports/tornado/noaa_spc-tornado.csv
-> size (bytes): 58,251
COMPRESSED FILE:
-> name: /home/pablo/Documents/FING/Proyecto/pc-tesis/dataset_parser/scripts/compress/output/[6]noaa-spc-reports/pca/noaa_spc-tornado.c.cpp.csv
-> size (bytes): 20,214
-> 34.7% of original


RESULTS
--------------------------(same file!)
CoderPCA
ORIGINAL FILE:
-> name: /home/pablo/Documents/FING/Proyecto/datasets-csv/[6]noaa-spc-reports/tornado/noaa_spc-tornado.csv
-> size (bytes): 58,251
COMPRESSED FILE:
-> name: /home/pablo/Documents/FING/Proyecto/pc-tesis/dataset_parser/scripts/compress/output/[6]noaa-spc-reports/pca/noaa_spc-tornado.c.cpp.csv
-> size (bytes): 20,205
-> 34.69% of original


RESULTS
--------------------------(same file!)
CoderPCA
ORIGINAL FILE:
-> name: /home/pablo/Documents/FING/Proyecto/datasets-csv/[6]noaa-spc-reports/tornado/noaa_spc-tornado.csv
-> size (bytes): 58,251
COMPRESSED FILE:
-> name: /home/pablo/Documents/FING/Proyecto/pc-tesis/dataset_parser/scripts/compress/output/[6]noaa-spc-reports/pca/noaa_spc-tornado.c.cpp.csv
-> size (bytes): 20,200
-> 34.68% of original


RESULTS
--------------------------(same file!)
CoderPCA
ORIGINAL FILE:
-> name: /home/pablo/Documents/FING/Proyecto/datasets-csv/[6]noaa-spc-reports/tornado/noaa_spc-tornado.csv
-> size (bytes): 58,251
COMPRESSED FILE:
-> name: /home/pablo/Documents/FING/Proyecto/pc-tesis/dataset_parser/scripts/compress/output/[6]noaa-spc-reports/pca/noaa_spc-tornado.c.cpp.csv
-> size (bytes): 16,589
-> 28.48% of original


RESULTS
--------------------------(same file!)
CoderPCA
ORIGINAL FILE:
-> name: /home/pablo/Documents/FING/Proyecto/datasets-csv/[6]noaa-spc-reports/tornado/noaa_spc-tornado.csv
-> size (bytes): 58,251
COMPRESSED FILE:
-> name: /home/pablo/Documents/FING/Proyecto/pc-tesis/dataset_parser/scripts/compress/output/[6]noaa-spc-reports/pca/noaa_spc-tornado.c.cpp.csv
-> size (bytes): 18,194
-> 31.23% of original


RESULTS
--------------------------(same file!)
CoderPCA
ORIGINAL FILE:
-> name: /home/pablo/Documents/FING/Proyecto/datasets-csv/[6]noaa-spc-reports/tornado/noaa_spc-tornado.csv
-> size (bytes): 58,251
COMPRESSED FILE:
-> name: /home/pablo/Documents/FING/Proyecto/pc-tesis/dataset_parser/scripts/compress/output/[6]noaa-spc-reports/pca/noaa_spc-tornado.c.cpp.csv
-> size (bytes): 19,895
-> 34.15% of original


RESULTS
--------------------------(same file!)
CoderPCA
ORIGINAL FILE:
-> name: /home/pablo/Documents/FING/Proyecto/datasets-csv/[6]noaa-spc-reports/tornado/noaa_spc-tornado.csv
-> size (bytes): 58,251
COMPRESSED FILE:
-> name: /home/pablo/Documents/FING/Proyecto/pc-tesis/dataset_parser/scripts/compress/output/[6]noaa-spc-reports/pca/noaa_spc-tornado.c.cpp.csv
-> size (bytes): 20,214
-> 34.7% of original


RESULTS
--------------------------(same file!)
CoderPCA
ORIGINAL FILE:
-> name: /home/pablo/Documents/FING/Proyecto/datasets-csv/[6]noaa-spc-reports/tornado/noaa_spc-tornado.csv
-> size (bytes): 58,251
COMPRESSED FILE:
-> name: /home/pablo/Documents/FING/Proyecto/pc-tesis/dataset_parser/scripts/compress/output/[6]noaa-spc-reports/pca/noaa_spc-tornado.c.cpp.csv
-> size (bytes): 20,205
-> 34.69% of original


RESULTS
--------------------------(same file!)
CoderPCA
ORIGINAL FILE:
-> name: /home/pablo/Documents/FING/Proyecto/datasets-csv/[6]noaa-spc-reports/tornado/noaa_spc-tornado.csv
-> size (bytes): 58,251
COMPRESSED FILE:
-> name: /home/pablo/Documents/FING/Proyecto/pc-tesis/dataset_parser/scripts/compress/output/[6]noaa-spc-reports/pca/noaa_spc-tornado.c.cpp.csv
-> size (bytes): 20,200
-> 34.68% of original


RESULTS
--------------------------(same file!)
CoderPCA
ORIGINAL FILE:
-> name: /home/pablo/Documents/FING/Proyecto/datasets-csv/[6]noaa-spc-reports/tornado/noaa_spc-tornado.csv
-> size (bytes): 58,251
COMPRESSED FILE:
-> name: /home/pablo/Documents/FING/Proyecto/pc-tesis/dataset_parser/scripts/compress/output/[6]noaa-spc-reports/pca/noaa_spc-tornado.c.cpp.csv
-> size (bytes): 15,520
-> 26.64% of original


RESULTS
--------------------------(same file!)
CoderPCA
ORIGINAL FILE:
-> name: /home/pablo/Documents/FING/Proyecto/datasets-csv/[6]noaa-spc-reports/tornado/noaa_spc-tornado.csv
-> size (bytes): 58,251
COMPRESSED FILE:
-> name: /home/pablo/Documents/FING/Proyecto/pc-tesis/dataset_parser/scripts/compress/output/[6]noaa-spc-reports/pca/noaa_spc-tornado.c.cpp.csv
-> size (bytes): 17,365
-> 29.81% of original


RESULTS
--------------------------(same file!)
CoderPCA
ORIGINAL FILE:
-> name: /home/pablo/Documents/FING/Proyecto/datasets-csv/[6]noaa-spc-reports/tornado/noaa_spc-tornado.csv
-> size (bytes): 58,251
COMPRESSED FILE:
-> name: /home/pablo/Documents/FING/Proyecto/pc-tesis/dataset_parser/scripts/compress/output/[6]noaa-spc-reports/pca/noaa_spc-tornado.c.cpp.csv
-> size (bytes): 19,439
-> 33.37% of original


RESULTS
--------------------------(same file!)
CoderPCA
ORIGINAL FILE:
-> name: /home/pablo/Documents/FING/Proyecto/datasets-csv/[6]noaa-spc-reports/tornado/noaa_spc-tornado.csv
-> size (bytes): 58,251
COMPRESSED FILE:
-> name: /home/pablo/Documents/FING/Proyecto/pc-tesis/dataset_parser/scripts/compress/output/[6]noaa-spc-reports/pca/noaa_spc-tornado.c.cpp.csv
-> size (bytes): 20,214
-> 34.7% of original


RESULTS
--------------------------(same file!)
CoderPCA
ORIGINAL FILE:
-> name: /home/pablo/Documents/FING/Proyecto/datasets-csv/[6]noaa-spc-reports/tornado/noaa_spc-tornado.csv
-> size (bytes): 58,251
COMPRESSED FILE:
-> name: /home/pablo/Documents/FING/Proyecto/pc-tesis/dataset_parser/scripts/compress/output/[6]noaa-spc-reports/pca/noaa_spc-tornado.c.cpp.csv
-> size (bytes): 20,205
-> 34.69% of original


RESULTS
--------------------------(same file!)
CoderPCA
ORIGINAL FILE:
-> name: /home/pablo/Documents/FING/Proyecto/datasets-csv/[6]noaa-spc-reports/tornado/noaa_spc-tornado.csv
-> size (bytes): 58,251
COMPRESSED FILE:
-> name: /home/pablo/Documents/FING/Proyecto/pc-tesis/dataset_parser/scripts/compress/output/[6]noaa-spc-reports/pca/noaa_spc-tornado.c.cpp.csv
-> size (bytes): 20,200
-> 34.68% of original


RESULTS
--------------------------(same file!)
CoderAPCA
ORIGINAL FILE:
-> name: /home/pablo/Documents/FING/Proyecto/datasets-csv/[6]noaa-spc-reports/tornado/noaa_spc-tornado.csv
-> size (bytes): 58,251
COMPRESSED FILE:
-> name: /home/pablo/Documents/FING/Proyecto/pc-tesis/dataset_parser/scripts/compress/output/[6]noaa-spc-reports/apca/noaa_spc-tornado.c.cpp.csv
-> size (bytes): 22,489
-> 38.61% of original


RESULTS
--------------------------(same file!)
CoderAPCA
ORIGINAL FILE:
-> name: /home/pablo/Documents/FING/Proyecto/datasets-csv/[6]noaa-spc-reports/tornado/noaa_spc-tornado.csv
-> size (bytes): 58,251
COMPRESSED FILE:
-> name: /home/pablo/Documents/FING/Proyecto/pc-tesis/dataset_parser/scripts/compress/output/[6]noaa-spc-reports/apca/noaa_spc-tornado.c.cpp.csv
-> size (bytes): 23,410
-> 40.19% of original


RESULTS
--------------------------(same file!)
CoderAPCA
ORIGINAL FILE:
-> name: /home/pablo/Documents/FING/Proyecto/datasets-csv/[6]noaa-spc-reports/tornado/noaa_spc-tornado.csv
-> size (bytes): 58,251
COMPRESSED FILE:
-> name: /home/pablo/Documents/FING/Proyecto/pc-tesis/dataset_parser/scripts/compress/output/[6]noaa-spc-reports/apca/noaa_spc-tornado.c.cpp.csv
-> size (bytes): 24,332
-> 41.77% of original


RESULTS
--------------------------(same file!)
CoderAPCA
ORIGINAL FILE:
-> name: /home/pablo/Documents/FING/Proyecto/datasets-csv/[6]noaa-spc-reports/tornado/noaa_spc-tornado.csv
-> size (bytes): 58,251
COMPRESSED FILE:
-> name: /home/pablo/Documents/FING/Proyecto/pc-tesis/dataset_parser/scripts/compress/output/[6]noaa-spc-reports/apca/noaa_spc-tornado.c.cpp.csv
-> size (bytes): 25,254
-> 43.35% of original


RESULTS
--------------------------(same file!)
CoderAPCA
ORIGINAL FILE:
-> name: /home/pablo/Documents/FING/Proyecto/datasets-csv/[6]noaa-spc-reports/tornado/noaa_spc-tornado.csv
-> size (bytes): 58,251
COMPRESSED FILE:
-> name: /home/pablo/Documents/FING/Proyecto/pc-tesis/dataset_parser/scripts/compress/output/[6]noaa-spc-reports/apca/noaa_spc-tornado.c.cpp.csv
-> size (bytes): 26,176
-> 44.94% of original


RESULTS
--------------------------(same file!)
CoderAPCA
ORIGINAL FILE:
-> name: /home/pablo/Documents/FING/Proyecto/datasets-csv/[6]noaa-spc-reports/tornado/noaa_spc-tornado.csv
-> size (bytes): 58,251
COMPRESSED FILE:
-> name: /home/pablo/Documents/FING/Proyecto/pc-tesis/dataset_parser/scripts/compress/output/[6]noaa-spc-reports/apca/noaa_spc-tornado.c.cpp.csv
-> size (bytes): 27,099
-> 46.52% of original


RESULTS
--------------------------(same file!)
CoderAPCA
ORIGINAL FILE:
-> name: /home/pablo/Documents/FING/Proyecto/datasets-csv/[6]noaa-spc-reports/tornado/noaa_spc-tornado.csv
-> size (bytes): 58,251
COMPRESSED FILE:
-> name: /home/pablo/Documents/FING/Proyecto/pc-tesis/dataset_parser/scripts/compress/output/[6]noaa-spc-reports/apca/noaa_spc-tornado.c.cpp.csv
-> size (bytes): 18,882
-> 32.41% of original


RESULTS
--------------------------(same file!)
CoderAPCA
ORIGINAL FILE:
-> name: /home/pablo/Documents/FING/Proyecto/datasets-csv/[6]noaa-spc-reports/tornado/noaa_spc-tornado.csv
-> size (bytes): 58,251
COMPRESSED FILE:
-> name: /home/pablo/Documents/FING/Proyecto/pc-tesis/dataset_parser/scripts/compress/output/[6]noaa-spc-reports/apca/noaa_spc-tornado.c.cpp.csv
-> size (bytes): 19,537
-> 33.54% of original


RESULTS
--------------------------(same file!)
CoderAPCA
ORIGINAL FILE:
-> name: /home/pablo/Documents/FING/Proyecto/datasets-csv/[6]noaa-spc-reports/tornado/noaa_spc-tornado.csv
-> size (bytes): 58,251
COMPRESSED FILE:
-> name: /home/pablo/Documents/FING/Proyecto/pc-tesis/dataset_parser/scripts/compress/output/[6]noaa-spc-reports/apca/noaa_spc-tornado.c.cpp.csv
-> size (bytes): 20,222
-> 34.72% of original


RESULTS
--------------------------(same file!)
CoderAPCA
ORIGINAL FILE:
-> name: /home/pablo/Documents/FING/Proyecto/datasets-csv/[6]noaa-spc-reports/tornado/noaa_spc-tornado.csv
-> size (bytes): 58,251
COMPRESSED FILE:
-> name: /home/pablo/Documents/FING/Proyecto/pc-tesis/dataset_parser/scripts/compress/output/[6]noaa-spc-reports/apca/noaa_spc-tornado.c.cpp.csv
-> size (bytes): 20,910
-> 35.9% of original


RESULTS
--------------------------(same file!)
CoderAPCA
ORIGINAL FILE:
-> name: /home/pablo/Documents/FING/Proyecto/datasets-csv/[6]noaa-spc-reports/tornado/noaa_spc-tornado.csv
-> size (bytes): 58,251
COMPRESSED FILE:
-> name: /home/pablo/Documents/FING/Proyecto/pc-tesis/dataset_parser/scripts/compress/output/[6]noaa-spc-reports/apca/noaa_spc-tornado.c.cpp.csv
-> size (bytes): 21,598
-> 37.08% of original


RESULTS
--------------------------(same file!)
CoderAPCA
ORIGINAL FILE:
-> name: /home/pablo/Documents/FING/Proyecto/datasets-csv/[6]noaa-spc-reports/tornado/noaa_spc-tornado.csv
-> size (bytes): 58,251
COMPRESSED FILE:
-> name: /home/pablo/Documents/FING/Proyecto/pc-tesis/dataset_parser/scripts/compress/output/[6]noaa-spc-reports/apca/noaa_spc-tornado.c.cpp.csv
-> size (bytes): 22,286
-> 38.26% of original


RESULTS
--------------------------(same file!)
CoderAPCA
ORIGINAL FILE:
-> name: /home/pablo/Documents/FING/Proyecto/datasets-csv/[6]noaa-spc-reports/tornado/noaa_spc-tornado.csv
-> size (bytes): 58,251
COMPRESSED FILE:
-> name: /home/pablo/Documents/FING/Proyecto/pc-tesis/dataset_parser/scripts/compress/output/[6]noaa-spc-reports/apca/noaa_spc-tornado.c.cpp.csv
-> size (bytes): 16,698
-> 28.67% of original


RESULTS
--------------------------(same file!)
CoderAPCA
ORIGINAL FILE:
-> name: /home/pablo/Documents/FING/Proyecto/datasets-csv/[6]noaa-spc-reports/tornado/noaa_spc-tornado.csv
-> size (bytes): 58,251
COMPRESSED FILE:
-> name: /home/pablo/Documents/FING/Proyecto/pc-tesis/dataset_parser/scripts/compress/output/[6]noaa-spc-reports/apca/noaa_spc-tornado.c.cpp.csv
-> size (bytes): 17,056
-> 29.28% of original


RESULTS
--------------------------(same file!)
CoderAPCA
ORIGINAL FILE:
-> name: /home/pablo/Documents/FING/Proyecto/datasets-csv/[6]noaa-spc-reports/tornado/noaa_spc-tornado.csv
-> size (bytes): 58,251
COMPRESSED FILE:
-> name: /home/pablo/Documents/FING/Proyecto/pc-tesis/dataset_parser/scripts/compress/output/[6]noaa-spc-reports/apca/noaa_spc-tornado.c.cpp.csv
-> size (bytes): 17,579
-> 30.18% of original


RESULTS
--------------------------(same file!)
CoderAPCA
ORIGINAL FILE:
-> name: /home/pablo/Documents/FING/Proyecto/datasets-csv/[6]noaa-spc-reports/tornado/noaa_spc-tornado.csv
-> size (bytes): 58,251
COMPRESSED FILE:
-> name: /home/pablo/Documents/FING/Proyecto/pc-tesis/dataset_parser/scripts/compress/output/[6]noaa-spc-reports/apca/noaa_spc-tornado.c.cpp.csv
-> size (bytes): 18,116
-> 31.1% of original


RESULTS
--------------------------(same file!)
CoderAPCA
ORIGINAL FILE:
-> name: /home/pablo/Documents/FING/Proyecto/datasets-csv/[6]noaa-spc-reports/tornado/noaa_spc-tornado.csv
-> size (bytes): 58,251
COMPRESSED FILE:
-> name: /home/pablo/Documents/FING/Proyecto/pc-tesis/dataset_parser/scripts/compress/output/[6]noaa-spc-reports/apca/noaa_spc-tornado.c.cpp.csv
-> size (bytes): 18,653
-> 32.02% of original


RESULTS
--------------------------(same file!)
CoderAPCA
ORIGINAL FILE:
-> name: /home/pablo/Documents/FING/Proyecto/datasets-csv/[6]noaa-spc-reports/tornado/noaa_spc-tornado.csv
-> size (bytes): 58,251
COMPRESSED FILE:
-> name: /home/pablo/Documents/FING/Proyecto/pc-tesis/dataset_parser/scripts/compress/output/[6]noaa-spc-reports/apca/noaa_spc-tornado.c.cpp.csv
-> size (bytes): 19,190
-> 32.94% of original


RESULTS
--------------------------(same file!)
CoderAPCA
ORIGINAL FILE:
-> name: /home/pablo/Documents/FING/Proyecto/datasets-csv/[6]noaa-spc-reports/tornado/noaa_spc-tornado.csv
-> size (bytes): 58,251
COMPRESSED FILE:
-> name: /home/pablo/Documents/FING/Proyecto/pc-tesis/dataset_parser/scripts/compress/output/[6]noaa-spc-reports/apca/noaa_spc-tornado.c.cpp.csv
-> size (bytes): 15,856
-> 27.22% of original


RESULTS
--------------------------(same file!)
CoderAPCA
ORIGINAL FILE:
-> name: /home/pablo/Documents/FING/Proyecto/datasets-csv/[6]noaa-spc-reports/tornado/noaa_spc-tornado.csv
-> size (bytes): 58,251
COMPRESSED FILE:
-> name: /home/pablo/Documents/FING/Proyecto/pc-tesis/dataset_parser/scripts/compress/output/[6]noaa-spc-reports/apca/noaa_spc-tornado.c.cpp.csv
-> size (bytes): 16,017
-> 27.5% of original


RESULTS
--------------------------(same file!)
CoderAPCA
ORIGINAL FILE:
-> name: /home/pablo/Documents/FING/Proyecto/datasets-csv/[6]noaa-spc-reports/tornado/noaa_spc-tornado.csv
-> size (bytes): 58,251
COMPRESSED FILE:
-> name: /home/pablo/Documents/FING/Proyecto/pc-tesis/dataset_parser/scripts/compress/output/[6]noaa-spc-reports/apca/noaa_spc-tornado.c.cpp.csv
-> size (bytes): 16,457
-> 28.25% of original


RESULTS
--------------------------(same file!)
CoderAPCA
ORIGINAL FILE:
-> name: /home/pablo/Documents/FING/Proyecto/datasets-csv/[6]noaa-spc-reports/tornado/noaa_spc-tornado.csv
-> size (bytes): 58,251
COMPRESSED FILE:
-> name: /home/pablo/Documents/FING/Proyecto/pc-tesis/dataset_parser/scripts/compress/output/[6]noaa-spc-reports/apca/noaa_spc-tornado.c.cpp.csv
-> size (bytes): 16,930
-> 29.06% of original


RESULTS
--------------------------(same file!)
CoderAPCA
ORIGINAL FILE:
-> name: /home/pablo/Documents/FING/Proyecto/datasets-csv/[6]noaa-spc-reports/tornado/noaa_spc-tornado.csv
-> size (bytes): 58,251
COMPRESSED FILE:
-> name: /home/pablo/Documents/FING/Proyecto/pc-tesis/dataset_parser/scripts/compress/output/[6]noaa-spc-reports/apca/noaa_spc-tornado.c.cpp.csv
-> size (bytes): 17,403
-> 29.88% of original


RESULTS
--------------------------(same file!)
CoderAPCA
ORIGINAL FILE:
-> name: /home/pablo/Documents/FING/Proyecto/datasets-csv/[6]noaa-spc-reports/tornado/noaa_spc-tornado.csv
-> size (bytes): 58,251
COMPRESSED FILE:
-> name: /home/pablo/Documents/FING/Proyecto/pc-tesis/dataset_parser/scripts/compress/output/[6]noaa-spc-reports/apca/noaa_spc-tornado.c.cpp.csv
-> size (bytes): 17,876
-> 30.69% of original


RESULTS
--------------------------(same file!)
CoderAPCA
ORIGINAL FILE:
-> name: /home/pablo/Documents/FING/Proyecto/datasets-csv/[6]noaa-spc-reports/tornado/noaa_spc-tornado.csv
-> size (bytes): 58,251
COMPRESSED FILE:
-> name: /home/pablo/Documents/FING/Proyecto/pc-tesis/dataset_parser/scripts/compress/output/[6]noaa-spc-reports/apca/noaa_spc-tornado.c.cpp.csv
-> size (bytes): 14,613
-> 25.09% of original


RESULTS
--------------------------(same file!)
CoderAPCA
ORIGINAL FILE:
-> name: /home/pablo/Documents/FING/Proyecto/datasets-csv/[6]noaa-spc-reports/tornado/noaa_spc-tornado.csv
-> size (bytes): 58,251
COMPRESSED FILE:
-> name: /home/pablo/Documents/FING/Proyecto/pc-tesis/dataset_parser/scripts/compress/output/[6]noaa-spc-reports/apca/noaa_spc-tornado.c.cpp.csv
-> size (bytes): 14,421
-> 24.76% of original


RESULTS
--------------------------(same file!)
CoderAPCA
ORIGINAL FILE:
-> name: /home/pablo/Documents/FING/Proyecto/datasets-csv/[6]noaa-spc-reports/tornado/noaa_spc-tornado.csv
-> size (bytes): 58,251
COMPRESSED FILE:
-> name: /home/pablo/Documents/FING/Proyecto/pc-tesis/dataset_parser/scripts/compress/output/[6]noaa-spc-reports/apca/noaa_spc-tornado.c.cpp.csv
-> size (bytes): 14,668
-> 25.18% of original


RESULTS
--------------------------(same file!)
CoderAPCA
ORIGINAL FILE:
-> name: /home/pablo/Documents/FING/Proyecto/datasets-csv/[6]noaa-spc-reports/tornado/noaa_spc-tornado.csv
-> size (bytes): 58,251
COMPRESSED FILE:
-> name: /home/pablo/Documents/FING/Proyecto/pc-tesis/dataset_parser/scripts/compress/output/[6]noaa-spc-reports/apca/noaa_spc-tornado.c.cpp.csv
-> size (bytes): 15,034
-> 25.81% of original


RESULTS
--------------------------(same file!)
CoderAPCA
ORIGINAL FILE:
-> name: /home/pablo/Documents/FING/Proyecto/datasets-csv/[6]noaa-spc-reports/tornado/noaa_spc-tornado.csv
-> size (bytes): 58,251
COMPRESSED FILE:
-> name: /home/pablo/Documents/FING/Proyecto/pc-tesis/dataset_parser/scripts/compress/output/[6]noaa-spc-reports/apca/noaa_spc-tornado.c.cpp.csv
-> size (bytes): 15,405
-> 26.45% of original


RESULTS
--------------------------(same file!)
CoderAPCA
ORIGINAL FILE:
-> name: /home/pablo/Documents/FING/Proyecto/datasets-csv/[6]noaa-spc-reports/tornado/noaa_spc-tornado.csv
-> size (bytes): 58,251
COMPRESSED FILE:
-> name: /home/pablo/Documents/FING/Proyecto/pc-tesis/dataset_parser/scripts/compress/output/[6]noaa-spc-reports/apca/noaa_spc-tornado.c.cpp.csv
-> size (bytes): 15,776
-> 27.08% of original


RESULTS
--------------------------(same file!)
CoderAPCA
ORIGINAL FILE:
-> name: /home/pablo/Documents/FING/Proyecto/datasets-csv/[6]noaa-spc-reports/tornado/noaa_spc-tornado.csv
-> size (bytes): 58,251
COMPRESSED FILE:
-> name: /home/pablo/Documents/FING/Proyecto/pc-tesis/dataset_parser/scripts/compress/output/[6]noaa-spc-reports/apca/noaa_spc-tornado.c.cpp.csv
-> size (bytes): 13,962
-> 23.97% of original


RESULTS
--------------------------(same file!)
CoderAPCA
ORIGINAL FILE:
-> name: /home/pablo/Documents/FING/Proyecto/datasets-csv/[6]noaa-spc-reports/tornado/noaa_spc-tornado.csv
-> size (bytes): 58,251
COMPRESSED FILE:
-> name: /home/pablo/Documents/FING/Proyecto/pc-tesis/dataset_parser/scripts/compress/output/[6]noaa-spc-reports/apca/noaa_spc-tornado.c.cpp.csv
-> size (bytes): 13,575
-> 23.3% of original


RESULTS
--------------------------(same file!)
CoderAPCA
ORIGINAL FILE:
-> name: /home/pablo/Documents/FING/Proyecto/datasets-csv/[6]noaa-spc-reports/tornado/noaa_spc-tornado.csv
-> size (bytes): 58,251
COMPRESSED FILE:
-> name: /home/pablo/Documents/FING/Proyecto/pc-tesis/dataset_parser/scripts/compress/output/[6]noaa-spc-reports/apca/noaa_spc-tornado.c.cpp.csv
-> size (bytes): 13,670
-> 23.47% of original


RESULTS
--------------------------(same file!)
CoderAPCA
ORIGINAL FILE:
-> name: /home/pablo/Documents/FING/Proyecto/datasets-csv/[6]noaa-spc-reports/tornado/noaa_spc-tornado.csv
-> size (bytes): 58,251
COMPRESSED FILE:
-> name: /home/pablo/Documents/FING/Proyecto/pc-tesis/dataset_parser/scripts/compress/output/[6]noaa-spc-reports/apca/noaa_spc-tornado.c.cpp.csv
-> size (bytes): 13,974
-> 23.99% of original


RESULTS
--------------------------(same file!)
CoderAPCA
ORIGINAL FILE:
-> name: /home/pablo/Documents/FING/Proyecto/datasets-csv/[6]noaa-spc-reports/tornado/noaa_spc-tornado.csv
-> size (bytes): 58,251
COMPRESSED FILE:
-> name: /home/pablo/Documents/FING/Proyecto/pc-tesis/dataset_parser/scripts/compress/output/[6]noaa-spc-reports/apca/noaa_spc-tornado.c.cpp.csv
-> size (bytes): 14,288
-> 24.53% of original


RESULTS
--------------------------(same file!)
CoderAPCA
ORIGINAL FILE:
-> name: /home/pablo/Documents/FING/Proyecto/datasets-csv/[6]noaa-spc-reports/tornado/noaa_spc-tornado.csv
-> size (bytes): 58,251
COMPRESSED FILE:
-> name: /home/pablo/Documents/FING/Proyecto/pc-tesis/dataset_parser/scripts/compress/output/[6]noaa-spc-reports/apca/noaa_spc-tornado.c.cpp.csv
-> size (bytes): 14,601
-> 25.07% of original


RESULTS
--------------------------(same file!)
CoderAPCA
ORIGINAL FILE:
-> name: /home/pablo/Documents/FING/Proyecto/datasets-csv/[6]noaa-spc-reports/tornado/noaa_spc-tornado.csv
-> size (bytes): 58,251
COMPRESSED FILE:
-> name: /home/pablo/Documents/FING/Proyecto/pc-tesis/dataset_parser/scripts/compress/output/[6]noaa-spc-reports/apca/noaa_spc-tornado.c.cpp.csv
-> size (bytes): 13,520
-> 23.21% of original


RESULTS
--------------------------(same file!)
CoderAPCA
ORIGINAL FILE:
-> name: /home/pablo/Documents/FING/Proyecto/datasets-csv/[6]noaa-spc-reports/tornado/noaa_spc-tornado.csv
-> size (bytes): 58,251
COMPRESSED FILE:
-> name: /home/pablo/Documents/FING/Proyecto/pc-tesis/dataset_parser/scripts/compress/output/[6]noaa-spc-reports/apca/noaa_spc-tornado.c.cpp.csv
-> size (bytes): 12,989
-> 22.3% of original


RESULTS
--------------------------(same file!)
CoderAPCA
ORIGINAL FILE:
-> name: /home/pablo/Documents/FING/Proyecto/datasets-csv/[6]noaa-spc-reports/tornado/noaa_spc-tornado.csv
-> size (bytes): 58,251
COMPRESSED FILE:
-> name: /home/pablo/Documents/FING/Proyecto/pc-tesis/dataset_parser/scripts/compress/output/[6]noaa-spc-reports/apca/noaa_spc-tornado.c.cpp.csv
-> size (bytes): 12,977
-> 22.28% of original


RESULTS
--------------------------(same file!)
CoderAPCA
ORIGINAL FILE:
-> name: /home/pablo/Documents/FING/Proyecto/datasets-csv/[6]noaa-spc-reports/tornado/noaa_spc-tornado.csv
-> size (bytes): 58,251
COMPRESSED FILE:
-> name: /home/pablo/Documents/FING/Proyecto/pc-tesis/dataset_parser/scripts/compress/output/[6]noaa-spc-reports/apca/noaa_spc-tornado.c.cpp.csv
-> size (bytes): 13,228
-> 22.71% of original


RESULTS
--------------------------(same file!)
CoderAPCA
ORIGINAL FILE:
-> name: /home/pablo/Documents/FING/Proyecto/datasets-csv/[6]noaa-spc-reports/tornado/noaa_spc-tornado.csv
-> size (bytes): 58,251
COMPRESSED FILE:
-> name: /home/pablo/Documents/FING/Proyecto/pc-tesis/dataset_parser/scripts/compress/output/[6]noaa-spc-reports/apca/noaa_spc-tornado.c.cpp.csv
-> size (bytes): 13,501
-> 23.18% of original


RESULTS
--------------------------(same file!)
CoderAPCA
ORIGINAL FILE:
-> name: /home/pablo/Documents/FING/Proyecto/datasets-csv/[6]noaa-spc-reports/tornado/noaa_spc-tornado.csv
-> size (bytes): 58,251
COMPRESSED FILE:
-> name: /home/pablo/Documents/FING/Proyecto/pc-tesis/dataset_parser/scripts/compress/output/[6]noaa-spc-reports/apca/noaa_spc-tornado.c.cpp.csv
-> size (bytes): 13,774
-> 23.65% of original


RESULTS
--------------------------(same file!)
CoderAPCA
ORIGINAL FILE:
-> name: /home/pablo/Documents/FING/Proyecto/datasets-csv/[6]noaa-spc-reports/tornado/noaa_spc-tornado.csv
-> size (bytes): 58,251
COMPRESSED FILE:
-> name: /home/pablo/Documents/FING/Proyecto/pc-tesis/dataset_parser/scripts/compress/output/[6]noaa-spc-reports/apca/noaa_spc-tornado.c.cpp.csv
-> size (bytes): 12,916
-> 22.17% of original


RESULTS
--------------------------(same file!)
CoderAPCA
ORIGINAL FILE:
-> name: /home/pablo/Documents/FING/Proyecto/datasets-csv/[6]noaa-spc-reports/tornado/noaa_spc-tornado.csv
-> size (bytes): 58,251
COMPRESSED FILE:
-> name: /home/pablo/Documents/FING/Proyecto/pc-tesis/dataset_parser/scripts/compress/output/[6]noaa-spc-reports/apca/noaa_spc-tornado.c.cpp.csv
-> size (bytes): 12,159
-> 20.87% of original


RESULTS
--------------------------(same file!)
CoderAPCA
ORIGINAL FILE:
-> name: /home/pablo/Documents/FING/Proyecto/datasets-csv/[6]noaa-spc-reports/tornado/noaa_spc-tornado.csv
-> size (bytes): 58,251
COMPRESSED FILE:
-> name: /home/pablo/Documents/FING/Proyecto/pc-tesis/dataset_parser/scripts/compress/output/[6]noaa-spc-reports/apca/noaa_spc-tornado.c.cpp.csv
-> size (bytes): 11,996
-> 20.59% of original


RESULTS
--------------------------(same file!)
CoderAPCA
ORIGINAL FILE:
-> name: /home/pablo/Documents/FING/Proyecto/datasets-csv/[6]noaa-spc-reports/tornado/noaa_spc-tornado.csv
-> size (bytes): 58,251
COMPRESSED FILE:
-> name: /home/pablo/Documents/FING/Proyecto/pc-tesis/dataset_parser/scripts/compress/output/[6]noaa-spc-reports/apca/noaa_spc-tornado.c.cpp.csv
-> size (bytes): 12,163
-> 20.88% of original


RESULTS
--------------------------(same file!)
CoderAPCA
ORIGINAL FILE:
-> name: /home/pablo/Documents/FING/Proyecto/datasets-csv/[6]noaa-spc-reports/tornado/noaa_spc-tornado.csv
-> size (bytes): 58,251
COMPRESSED FILE:
-> name: /home/pablo/Documents/FING/Proyecto/pc-tesis/dataset_parser/scripts/compress/output/[6]noaa-spc-reports/apca/noaa_spc-tornado.c.cpp.csv
-> size (bytes): 12,376
-> 21.25% of original


RESULTS
--------------------------(same file!)
CoderAPCA
ORIGINAL FILE:
-> name: /home/pablo/Documents/FING/Proyecto/datasets-csv/[6]noaa-spc-reports/tornado/noaa_spc-tornado.csv
-> size (bytes): 58,251
COMPRESSED FILE:
-> name: /home/pablo/Documents/FING/Proyecto/pc-tesis/dataset_parser/scripts/compress/output/[6]noaa-spc-reports/apca/noaa_spc-tornado.c.cpp.csv
-> size (bytes): 12,591
-> 21.62% of original


RESULTS
ERROR: DIFFERENT FILES!
CoderCA
ORIGINAL FILE:
-> name: /home/pablo/Documents/FING/Proyecto/datasets-csv/[6]noaa-spc-reports/tornado/noaa_spc-tornado.csv
-> size (bytes): 58,251
COMPRESSED FILE:
-> name: /home/pablo/Documents/FING/Proyecto/pc-tesis/dataset_parser/scripts/compress/output/[6]noaa-spc-reports/ca/noaa_spc-tornado.c.cpp.csv
-> size (bytes): 22,774
-> 39.1% of original


RESULTS
ERROR: DIFFERENT FILES!
CoderCA
ORIGINAL FILE:
-> name: /home/pablo/Documents/FING/Proyecto/datasets-csv/[6]noaa-spc-reports/tornado/noaa_spc-tornado.csv
-> size (bytes): 58,251
COMPRESSED FILE:
-> name: /home/pablo/Documents/FING/Proyecto/pc-tesis/dataset_parser/scripts/compress/output/[6]noaa-spc-reports/ca/noaa_spc-tornado.c.cpp.csv
-> size (bytes): 23,714
-> 40.71% of original


RESULTS
ERROR: DIFFERENT FILES!
CoderCA
ORIGINAL FILE:
-> name: /home/pablo/Documents/FING/Proyecto/datasets-csv/[6]noaa-spc-reports/tornado/noaa_spc-tornado.csv
-> size (bytes): 58,251
COMPRESSED FILE:
-> name: /home/pablo/Documents/FING/Proyecto/pc-tesis/dataset_parser/scripts/compress/output/[6]noaa-spc-reports/ca/noaa_spc-tornado.c.cpp.csv
-> size (bytes): 24,655
-> 42.33% of original


RESULTS
ERROR: DIFFERENT FILES!
CoderCA
ORIGINAL FILE:
-> name: /home/pablo/Documents/FING/Proyecto/datasets-csv/[6]noaa-spc-reports/tornado/noaa_spc-tornado.csv
-> size (bytes): 58,251
COMPRESSED FILE:
-> name: /home/pablo/Documents/FING/Proyecto/pc-tesis/dataset_parser/scripts/compress/output/[6]noaa-spc-reports/ca/noaa_spc-tornado.c.cpp.csv
-> size (bytes): 25,596
-> 43.94% of original


RESULTS
ERROR: DIFFERENT FILES!
CoderCA
ORIGINAL FILE:
-> name: /home/pablo/Documents/FING/Proyecto/datasets-csv/[6]noaa-spc-reports/tornado/noaa_spc-tornado.csv
-> size (bytes): 58,251
COMPRESSED FILE:
-> name: /home/pablo/Documents/FING/Proyecto/pc-tesis/dataset_parser/scripts/compress/output/[6]noaa-spc-reports/ca/noaa_spc-tornado.c.cpp.csv
-> size (bytes): 26,537
-> 45.56% of original


RESULTS
ERROR: DIFFERENT FILES!
CoderCA
ORIGINAL FILE:
-> name: /home/pablo/Documents/FING/Proyecto/datasets-csv/[6]noaa-spc-reports/tornado/noaa_spc-tornado.csv
-> size (bytes): 58,251
COMPRESSED FILE:
-> name: /home/pablo/Documents/FING/Proyecto/pc-tesis/dataset_parser/scripts/compress/output/[6]noaa-spc-reports/ca/noaa_spc-tornado.c.cpp.csv
-> size (bytes): 27,477
-> 47.17% of original


RESULTS
ERROR: DIFFERENT FILES!
CoderCA
ORIGINAL FILE:
-> name: /home/pablo/Documents/FING/Proyecto/datasets-csv/[6]noaa-spc-reports/tornado/noaa_spc-tornado.csv
-> size (bytes): 58,251
COMPRESSED FILE:
-> name: /home/pablo/Documents/FING/Proyecto/pc-tesis/dataset_parser/scripts/compress/output/[6]noaa-spc-reports/ca/noaa_spc-tornado.c.cpp.csv
-> size (bytes): 21,531
-> 36.96% of original


RESULTS
ERROR: DIFFERENT FILES!
CoderCA
ORIGINAL FILE:
-> name: /home/pablo/Documents/FING/Proyecto/datasets-csv/[6]noaa-spc-reports/tornado/noaa_spc-tornado.csv
-> size (bytes): 58,251
COMPRESSED FILE:
-> name: /home/pablo/Documents/FING/Proyecto/pc-tesis/dataset_parser/scripts/compress/output/[6]noaa-spc-reports/ca/noaa_spc-tornado.c.cpp.csv
-> size (bytes): 22,379
-> 38.42% of original


RESULTS
ERROR: DIFFERENT FILES!
CoderCA
ORIGINAL FILE:
-> name: /home/pablo/Documents/FING/Proyecto/datasets-csv/[6]noaa-spc-reports/tornado/noaa_spc-tornado.csv
-> size (bytes): 58,251
COMPRESSED FILE:
-> name: /home/pablo/Documents/FING/Proyecto/pc-tesis/dataset_parser/scripts/compress/output/[6]noaa-spc-reports/ca/noaa_spc-tornado.c.cpp.csv
-> size (bytes): 23,235
-> 39.89% of original


RESULTS
ERROR: DIFFERENT FILES!
CoderCA
ORIGINAL FILE:
-> name: /home/pablo/Documents/FING/Proyecto/datasets-csv/[6]noaa-spc-reports/tornado/noaa_spc-tornado.csv
-> size (bytes): 58,251
COMPRESSED FILE:
-> name: /home/pablo/Documents/FING/Proyecto/pc-tesis/dataset_parser/scripts/compress/output/[6]noaa-spc-reports/ca/noaa_spc-tornado.c.cpp.csv
-> size (bytes): 24,094
-> 41.36% of original


RESULTS
ERROR: DIFFERENT FILES!
CoderCA
ORIGINAL FILE:
-> name: /home/pablo/Documents/FING/Proyecto/datasets-csv/[6]noaa-spc-reports/tornado/noaa_spc-tornado.csv
-> size (bytes): 58,251
COMPRESSED FILE:
-> name: /home/pablo/Documents/FING/Proyecto/pc-tesis/dataset_parser/scripts/compress/output/[6]noaa-spc-reports/ca/noaa_spc-tornado.c.cpp.csv
-> size (bytes): 24,954
-> 42.84% of original


RESULTS
ERROR: DIFFERENT FILES!
CoderCA
ORIGINAL FILE:
-> name: /home/pablo/Documents/FING/Proyecto/datasets-csv/[6]noaa-spc-reports/tornado/noaa_spc-tornado.csv
-> size (bytes): 58,251
COMPRESSED FILE:
-> name: /home/pablo/Documents/FING/Proyecto/pc-tesis/dataset_parser/scripts/compress/output/[6]noaa-spc-reports/ca/noaa_spc-tornado.c.cpp.csv
-> size (bytes): 25,814
-> 44.32% of original


RESULTS
ERROR: DIFFERENT FILES!
CoderCA
ORIGINAL FILE:
-> name: /home/pablo/Documents/FING/Proyecto/datasets-csv/[6]noaa-spc-reports/tornado/noaa_spc-tornado.csv
-> size (bytes): 58,251
COMPRESSED FILE:
-> name: /home/pablo/Documents/FING/Proyecto/pc-tesis/dataset_parser/scripts/compress/output/[6]noaa-spc-reports/ca/noaa_spc-tornado.c.cpp.csv
-> size (bytes): 20,100
-> 34.51% of original


RESULTS
ERROR: DIFFERENT FILES!
CoderCA
ORIGINAL FILE:
-> name: /home/pablo/Documents/FING/Proyecto/datasets-csv/[6]noaa-spc-reports/tornado/noaa_spc-tornado.csv
-> size (bytes): 58,251
COMPRESSED FILE:
-> name: /home/pablo/Documents/FING/Proyecto/pc-tesis/dataset_parser/scripts/compress/output/[6]noaa-spc-reports/ca/noaa_spc-tornado.c.cpp.csv
-> size (bytes): 20,805
-> 35.72% of original


RESULTS
ERROR: DIFFERENT FILES!
CoderCA
ORIGINAL FILE:
-> name: /home/pablo/Documents/FING/Proyecto/datasets-csv/[6]noaa-spc-reports/tornado/noaa_spc-tornado.csv
-> size (bytes): 58,251
COMPRESSED FILE:
-> name: /home/pablo/Documents/FING/Proyecto/pc-tesis/dataset_parser/scripts/compress/output/[6]noaa-spc-reports/ca/noaa_spc-tornado.c.cpp.csv
-> size (bytes): 21,561
-> 37.01% of original


RESULTS
ERROR: DIFFERENT FILES!
CoderCA
ORIGINAL FILE:
-> name: /home/pablo/Documents/FING/Proyecto/datasets-csv/[6]noaa-spc-reports/tornado/noaa_spc-tornado.csv
-> size (bytes): 58,251
COMPRESSED FILE:
-> name: /home/pablo/Documents/FING/Proyecto/pc-tesis/dataset_parser/scripts/compress/output/[6]noaa-spc-reports/ca/noaa_spc-tornado.c.cpp.csv
-> size (bytes): 22,325
-> 38.33% of original


RESULTS
ERROR: DIFFERENT FILES!
CoderCA
ORIGINAL FILE:
-> name: /home/pablo/Documents/FING/Proyecto/datasets-csv/[6]noaa-spc-reports/tornado/noaa_spc-tornado.csv
-> size (bytes): 58,251
COMPRESSED FILE:
-> name: /home/pablo/Documents/FING/Proyecto/pc-tesis/dataset_parser/scripts/compress/output/[6]noaa-spc-reports/ca/noaa_spc-tornado.c.cpp.csv
-> size (bytes): 23,090
-> 39.64% of original


RESULTS
ERROR: DIFFERENT FILES!
CoderCA
ORIGINAL FILE:
-> name: /home/pablo/Documents/FING/Proyecto/datasets-csv/[6]noaa-spc-reports/tornado/noaa_spc-tornado.csv
-> size (bytes): 58,251
COMPRESSED FILE:
-> name: /home/pablo/Documents/FING/Proyecto/pc-tesis/dataset_parser/scripts/compress/output/[6]noaa-spc-reports/ca/noaa_spc-tornado.c.cpp.csv
-> size (bytes): 23,854
-> 40.95% of original


RESULTS
ERROR: DIFFERENT FILES!
CoderCA
ORIGINAL FILE:
-> name: /home/pablo/Documents/FING/Proyecto/datasets-csv/[6]noaa-spc-reports/tornado/noaa_spc-tornado.csv
-> size (bytes): 58,251
COMPRESSED FILE:
-> name: /home/pablo/Documents/FING/Proyecto/pc-tesis/dataset_parser/scripts/compress/output/[6]noaa-spc-reports/ca/noaa_spc-tornado.c.cpp.csv
-> size (bytes): 19,285
-> 33.11% of original


RESULTS
ERROR: DIFFERENT FILES!
CoderCA
ORIGINAL FILE:
-> name: /home/pablo/Documents/FING/Proyecto/datasets-csv/[6]noaa-spc-reports/tornado/noaa_spc-tornado.csv
-> size (bytes): 58,251
COMPRESSED FILE:
-> name: /home/pablo/Documents/FING/Proyecto/pc-tesis/dataset_parser/scripts/compress/output/[6]noaa-spc-reports/ca/noaa_spc-tornado.c.cpp.csv
-> size (bytes): 19,847
-> 34.07% of original


RESULTS
ERROR: DIFFERENT FILES!
CoderCA
ORIGINAL FILE:
-> name: /home/pablo/Documents/FING/Proyecto/datasets-csv/[6]noaa-spc-reports/tornado/noaa_spc-tornado.csv
-> size (bytes): 58,251
COMPRESSED FILE:
-> name: /home/pablo/Documents/FING/Proyecto/pc-tesis/dataset_parser/scripts/compress/output/[6]noaa-spc-reports/ca/noaa_spc-tornado.c.cpp.csv
-> size (bytes): 20,530
-> 35.24% of original


RESULTS
ERROR: DIFFERENT FILES!
CoderCA
ORIGINAL FILE:
-> name: /home/pablo/Documents/FING/Proyecto/datasets-csv/[6]noaa-spc-reports/tornado/noaa_spc-tornado.csv
-> size (bytes): 58,251
COMPRESSED FILE:
-> name: /home/pablo/Documents/FING/Proyecto/pc-tesis/dataset_parser/scripts/compress/output/[6]noaa-spc-reports/ca/noaa_spc-tornado.c.cpp.csv
-> size (bytes): 21,235
-> 36.45% of original


RESULTS
ERROR: DIFFERENT FILES!
CoderCA
ORIGINAL FILE:
-> name: /home/pablo/Documents/FING/Proyecto/datasets-csv/[6]noaa-spc-reports/tornado/noaa_spc-tornado.csv
-> size (bytes): 58,251
COMPRESSED FILE:
-> name: /home/pablo/Documents/FING/Proyecto/pc-tesis/dataset_parser/scripts/compress/output/[6]noaa-spc-reports/ca/noaa_spc-tornado.c.cpp.csv
-> size (bytes): 21,941
-> 37.67% of original


RESULTS
ERROR: DIFFERENT FILES!
CoderCA
ORIGINAL FILE:
-> name: /home/pablo/Documents/FING/Proyecto/datasets-csv/[6]noaa-spc-reports/tornado/noaa_spc-tornado.csv
-> size (bytes): 58,251
COMPRESSED FILE:
-> name: /home/pablo/Documents/FING/Proyecto/pc-tesis/dataset_parser/scripts/compress/output/[6]noaa-spc-reports/ca/noaa_spc-tornado.c.cpp.csv
-> size (bytes): 22,646
-> 38.88% of original


RESULTS
ERROR: DIFFERENT FILES!
CoderCA
ORIGINAL FILE:
-> name: /home/pablo/Documents/FING/Proyecto/datasets-csv/[6]noaa-spc-reports/tornado/noaa_spc-tornado.csv
-> size (bytes): 58,251
COMPRESSED FILE:
-> name: /home/pablo/Documents/FING/Proyecto/pc-tesis/dataset_parser/scripts/compress/output/[6]noaa-spc-reports/ca/noaa_spc-tornado.c.cpp.csv
-> size (bytes): 18,188
-> 31.22% of original


RESULTS
ERROR: DIFFERENT FILES!
CoderCA
ORIGINAL FILE:
-> name: /home/pablo/Documents/FING/Proyecto/datasets-csv/[6]noaa-spc-reports/tornado/noaa_spc-tornado.csv
-> size (bytes): 58,251
COMPRESSED FILE:
-> name: /home/pablo/Documents/FING/Proyecto/pc-tesis/dataset_parser/scripts/compress/output/[6]noaa-spc-reports/ca/noaa_spc-tornado.c.cpp.csv
-> size (bytes): 18,375
-> 31.54% of original


RESULTS
ERROR: DIFFERENT FILES!
CoderCA
ORIGINAL FILE:
-> name: /home/pablo/Documents/FING/Proyecto/datasets-csv/[6]noaa-spc-reports/tornado/noaa_spc-tornado.csv
-> size (bytes): 58,251
COMPRESSED FILE:
-> name: /home/pablo/Documents/FING/Proyecto/pc-tesis/dataset_parser/scripts/compress/output/[6]noaa-spc-reports/ca/noaa_spc-tornado.c.cpp.csv
-> size (bytes): 18,938
-> 32.51% of original


RESULTS
ERROR: DIFFERENT FILES!
CoderCA
ORIGINAL FILE:
-> name: /home/pablo/Documents/FING/Proyecto/datasets-csv/[6]noaa-spc-reports/tornado/noaa_spc-tornado.csv
-> size (bytes): 58,251
COMPRESSED FILE:
-> name: /home/pablo/Documents/FING/Proyecto/pc-tesis/dataset_parser/scripts/compress/output/[6]noaa-spc-reports/ca/noaa_spc-tornado.c.cpp.csv
-> size (bytes): 19,553
-> 33.57% of original


RESULTS
ERROR: DIFFERENT FILES!
CoderCA
ORIGINAL FILE:
-> name: /home/pablo/Documents/FING/Proyecto/datasets-csv/[6]noaa-spc-reports/tornado/noaa_spc-tornado.csv
-> size (bytes): 58,251
COMPRESSED FILE:
-> name: /home/pablo/Documents/FING/Proyecto/pc-tesis/dataset_parser/scripts/compress/output/[6]noaa-spc-reports/ca/noaa_spc-tornado.c.cpp.csv
-> size (bytes): 20,168
-> 34.62% of original


RESULTS
ERROR: DIFFERENT FILES!
CoderCA
ORIGINAL FILE:
-> name: /home/pablo/Documents/FING/Proyecto/datasets-csv/[6]noaa-spc-reports/tornado/noaa_spc-tornado.csv
-> size (bytes): 58,251
COMPRESSED FILE:
-> name: /home/pablo/Documents/FING/Proyecto/pc-tesis/dataset_parser/scripts/compress/output/[6]noaa-spc-reports/ca/noaa_spc-tornado.c.cpp.csv
-> size (bytes): 20,783
-> 35.68% of original


RESULTS
ERROR: DIFFERENT FILES!
CoderCA
ORIGINAL FILE:
-> name: /home/pablo/Documents/FING/Proyecto/datasets-csv/[6]noaa-spc-reports/tornado/noaa_spc-tornado.csv
-> size (bytes): 58,251
COMPRESSED FILE:
-> name: /home/pablo/Documents/FING/Proyecto/pc-tesis/dataset_parser/scripts/compress/output/[6]noaa-spc-reports/ca/noaa_spc-tornado.c.cpp.csv
-> size (bytes): 17,502
-> 30.05% of original


RESULTS
ERROR: DIFFERENT FILES!
CoderCA
ORIGINAL FILE:
-> name: /home/pablo/Documents/FING/Proyecto/datasets-csv/[6]noaa-spc-reports/tornado/noaa_spc-tornado.csv
-> size (bytes): 58,251
COMPRESSED FILE:
-> name: /home/pablo/Documents/FING/Proyecto/pc-tesis/dataset_parser/scripts/compress/output/[6]noaa-spc-reports/ca/noaa_spc-tornado.c.cpp.csv
-> size (bytes): 17,425
-> 29.91% of original


RESULTS
ERROR: DIFFERENT FILES!
CoderCA
ORIGINAL FILE:
-> name: /home/pablo/Documents/FING/Proyecto/datasets-csv/[6]noaa-spc-reports/tornado/noaa_spc-tornado.csv
-> size (bytes): 58,251
COMPRESSED FILE:
-> name: /home/pablo/Documents/FING/Proyecto/pc-tesis/dataset_parser/scripts/compress/output/[6]noaa-spc-reports/ca/noaa_spc-tornado.c.cpp.csv
-> size (bytes): 17,843
-> 30.63% of original


RESULTS
ERROR: DIFFERENT FILES!
CoderCA
ORIGINAL FILE:
-> name: /home/pablo/Documents/FING/Proyecto/datasets-csv/[6]noaa-spc-reports/tornado/noaa_spc-tornado.csv
-> size (bytes): 58,251
COMPRESSED FILE:
-> name: /home/pablo/Documents/FING/Proyecto/pc-tesis/dataset_parser/scripts/compress/output/[6]noaa-spc-reports/ca/noaa_spc-tornado.c.cpp.csv
-> size (bytes): 18,396
-> 31.58% of original


RESULTS
ERROR: DIFFERENT FILES!
CoderCA
ORIGINAL FILE:
-> name: /home/pablo/Documents/FING/Proyecto/datasets-csv/[6]noaa-spc-reports/tornado/noaa_spc-tornado.csv
-> size (bytes): 58,251
COMPRESSED FILE:
-> name: /home/pablo/Documents/FING/Proyecto/pc-tesis/dataset_parser/scripts/compress/output/[6]noaa-spc-reports/ca/noaa_spc-tornado.c.cpp.csv
-> size (bytes): 18,948
-> 32.53% of original


RESULTS
ERROR: DIFFERENT FILES!
CoderCA
ORIGINAL FILE:
-> name: /home/pablo/Documents/FING/Proyecto/datasets-csv/[6]noaa-spc-reports/tornado/noaa_spc-tornado.csv
-> size (bytes): 58,251
COMPRESSED FILE:
-> name: /home/pablo/Documents/FING/Proyecto/pc-tesis/dataset_parser/scripts/compress/output/[6]noaa-spc-reports/ca/noaa_spc-tornado.c.cpp.csv
-> size (bytes): 19,500
-> 33.48% of original


RESULTS
ERROR: DIFFERENT FILES!
CoderCA
ORIGINAL FILE:
-> name: /home/pablo/Documents/FING/Proyecto/datasets-csv/[6]noaa-spc-reports/tornado/noaa_spc-tornado.csv
-> size (bytes): 58,251
COMPRESSED FILE:
-> name: /home/pablo/Documents/FING/Proyecto/pc-tesis/dataset_parser/scripts/compress/output/[6]noaa-spc-reports/ca/noaa_spc-tornado.c.cpp.csv
-> size (bytes): 17,027
-> 29.23% of original


RESULTS
ERROR: DIFFERENT FILES!
CoderCA
ORIGINAL FILE:
-> name: /home/pablo/Documents/FING/Proyecto/datasets-csv/[6]noaa-spc-reports/tornado/noaa_spc-tornado.csv
-> size (bytes): 58,251
COMPRESSED FILE:
-> name: /home/pablo/Documents/FING/Proyecto/pc-tesis/dataset_parser/scripts/compress/output/[6]noaa-spc-reports/ca/noaa_spc-tornado.c.cpp.csv
-> size (bytes): 16,752
-> 28.76% of original


RESULTS
ERROR: DIFFERENT FILES!
CoderCA
ORIGINAL FILE:
-> name: /home/pablo/Documents/FING/Proyecto/datasets-csv/[6]noaa-spc-reports/tornado/noaa_spc-tornado.csv
-> size (bytes): 58,251
COMPRESSED FILE:
-> name: /home/pablo/Documents/FING/Proyecto/pc-tesis/dataset_parser/scripts/compress/output/[6]noaa-spc-reports/ca/noaa_spc-tornado.c.cpp.csv
-> size (bytes): 17,090
-> 29.34% of original


RESULTS
ERROR: DIFFERENT FILES!
CoderCA
ORIGINAL FILE:
-> name: /home/pablo/Documents/FING/Proyecto/datasets-csv/[6]noaa-spc-reports/tornado/noaa_spc-tornado.csv
-> size (bytes): 58,251
COMPRESSED FILE:
-> name: /home/pablo/Documents/FING/Proyecto/pc-tesis/dataset_parser/scripts/compress/output/[6]noaa-spc-reports/ca/noaa_spc-tornado.c.cpp.csv
-> size (bytes): 17,600
-> 30.21% of original


RESULTS
ERROR: DIFFERENT FILES!
CoderCA
ORIGINAL FILE:
-> name: /home/pablo/Documents/FING/Proyecto/datasets-csv/[6]noaa-spc-reports/tornado/noaa_spc-tornado.csv
-> size (bytes): 58,251
COMPRESSED FILE:
-> name: /home/pablo/Documents/FING/Proyecto/pc-tesis/dataset_parser/scripts/compress/output/[6]noaa-spc-reports/ca/noaa_spc-tornado.c.cpp.csv
-> size (bytes): 18,109
-> 31.09% of original


RESULTS
ERROR: DIFFERENT FILES!
CoderCA
ORIGINAL FILE:
-> name: /home/pablo/Documents/FING/Proyecto/datasets-csv/[6]noaa-spc-reports/tornado/noaa_spc-tornado.csv
-> size (bytes): 58,251
COMPRESSED FILE:
-> name: /home/pablo/Documents/FING/Proyecto/pc-tesis/dataset_parser/scripts/compress/output/[6]noaa-spc-reports/ca/noaa_spc-tornado.c.cpp.csv
-> size (bytes): 18,618
-> 31.96% of original


RESULTS
ERROR: DIFFERENT FILES!
CoderCA
ORIGINAL FILE:
-> name: /home/pablo/Documents/FING/Proyecto/datasets-csv/[6]noaa-spc-reports/tornado/noaa_spc-tornado.csv
-> size (bytes): 58,251
COMPRESSED FILE:
-> name: /home/pablo/Documents/FING/Proyecto/pc-tesis/dataset_parser/scripts/compress/output/[6]noaa-spc-reports/ca/noaa_spc-tornado.c.cpp.csv
-> size (bytes): 16,444
-> 28.23% of original


RESULTS
ERROR: DIFFERENT FILES!
CoderCA
ORIGINAL FILE:
-> name: /home/pablo/Documents/FING/Proyecto/datasets-csv/[6]noaa-spc-reports/tornado/noaa_spc-tornado.csv
-> size (bytes): 58,251
COMPRESSED FILE:
-> name: /home/pablo/Documents/FING/Proyecto/pc-tesis/dataset_parser/scripts/compress/output/[6]noaa-spc-reports/ca/noaa_spc-tornado.c.cpp.csv
-> size (bytes): 15,866
-> 27.24% of original


RESULTS
ERROR: DIFFERENT FILES!
CoderCA
ORIGINAL FILE:
-> name: /home/pablo/Documents/FING/Proyecto/datasets-csv/[6]noaa-spc-reports/tornado/noaa_spc-tornado.csv
-> size (bytes): 58,251
COMPRESSED FILE:
-> name: /home/pablo/Documents/FING/Proyecto/pc-tesis/dataset_parser/scripts/compress/output/[6]noaa-spc-reports/ca/noaa_spc-tornado.c.cpp.csv
-> size (bytes): 16,007
-> 27.48% of original


RESULTS
ERROR: DIFFERENT FILES!
CoderCA
ORIGINAL FILE:
-> name: /home/pablo/Documents/FING/Proyecto/datasets-csv/[6]noaa-spc-reports/tornado/noaa_spc-tornado.csv
-> size (bytes): 58,251
COMPRESSED FILE:
-> name: /home/pablo/Documents/FING/Proyecto/pc-tesis/dataset_parser/scripts/compress/output/[6]noaa-spc-reports/ca/noaa_spc-tornado.c.cpp.csv
-> size (bytes): 16,449
-> 28.24% of original


RESULTS
ERROR: DIFFERENT FILES!
CoderCA
ORIGINAL FILE:
-> name: /home/pablo/Documents/FING/Proyecto/datasets-csv/[6]noaa-spc-reports/tornado/noaa_spc-tornado.csv
-> size (bytes): 58,251
COMPRESSED FILE:
-> name: /home/pablo/Documents/FING/Proyecto/pc-tesis/dataset_parser/scripts/compress/output/[6]noaa-spc-reports/ca/noaa_spc-tornado.c.cpp.csv
-> size (bytes): 16,896
-> 29.01% of original


RESULTS
ERROR: DIFFERENT FILES!
CoderCA
ORIGINAL FILE:
-> name: /home/pablo/Documents/FING/Proyecto/datasets-csv/[6]noaa-spc-reports/tornado/noaa_spc-tornado.csv
-> size (bytes): 58,251
COMPRESSED FILE:
-> name: /home/pablo/Documents/FING/Proyecto/pc-tesis/dataset_parser/scripts/compress/output/[6]noaa-spc-reports/ca/noaa_spc-tornado.c.cpp.csv
-> size (bytes): 17,344
-> 29.77% of original


RESULTS
--------------------------(same file!)
CoderPWLH
ORIGINAL FILE:
-> name: /home/pablo/Documents/FING/Proyecto/datasets-csv/[6]noaa-spc-reports/tornado/noaa_spc-tornado.csv
-> size (bytes): 58,251
COMPRESSED FILE:
-> name: /home/pablo/Documents/FING/Proyecto/pc-tesis/dataset_parser/scripts/compress/output/[6]noaa-spc-reports/pwlh/noaa_spc-tornado.c.cpp.csv
-> size (bytes): 40,301
-> 69.19% of original


RESULTS
--------------------------(same file!)
CoderPWLH
ORIGINAL FILE:
-> name: /home/pablo/Documents/FING/Proyecto/datasets-csv/[6]noaa-spc-reports/tornado/noaa_spc-tornado.csv
-> size (bytes): 58,251
COMPRESSED FILE:
-> name: /home/pablo/Documents/FING/Proyecto/pc-tesis/dataset_parser/scripts/compress/output/[6]noaa-spc-reports/pwlh/noaa_spc-tornado.c.cpp.csv
-> size (bytes): 40,790
-> 70.02% of original


RESULTS
--------------------------(same file!)
CoderPWLH
ORIGINAL FILE:
-> name: /home/pablo/Documents/FING/Proyecto/datasets-csv/[6]noaa-spc-reports/tornado/noaa_spc-tornado.csv
-> size (bytes): 58,251
COMPRESSED FILE:
-> name: /home/pablo/Documents/FING/Proyecto/pc-tesis/dataset_parser/scripts/compress/output/[6]noaa-spc-reports/pwlh/noaa_spc-tornado.c.cpp.csv
-> size (bytes): 41,278
-> 70.86% of original


RESULTS
--------------------------(same file!)
CoderPWLH
ORIGINAL FILE:
-> name: /home/pablo/Documents/FING/Proyecto/datasets-csv/[6]noaa-spc-reports/tornado/noaa_spc-tornado.csv
-> size (bytes): 58,251
COMPRESSED FILE:
-> name: /home/pablo/Documents/FING/Proyecto/pc-tesis/dataset_parser/scripts/compress/output/[6]noaa-spc-reports/pwlh/noaa_spc-tornado.c.cpp.csv
-> size (bytes): 41,766
-> 71.7% of original


RESULTS
--------------------------(same file!)
CoderPWLH
ORIGINAL FILE:
-> name: /home/pablo/Documents/FING/Proyecto/datasets-csv/[6]noaa-spc-reports/tornado/noaa_spc-tornado.csv
-> size (bytes): 58,251
COMPRESSED FILE:
-> name: /home/pablo/Documents/FING/Proyecto/pc-tesis/dataset_parser/scripts/compress/output/[6]noaa-spc-reports/pwlh/noaa_spc-tornado.c.cpp.csv
-> size (bytes): 42,255
-> 72.54% of original


RESULTS
--------------------------(same file!)
CoderPWLH
ORIGINAL FILE:
-> name: /home/pablo/Documents/FING/Proyecto/datasets-csv/[6]noaa-spc-reports/tornado/noaa_spc-tornado.csv
-> size (bytes): 58,251
COMPRESSED FILE:
-> name: /home/pablo/Documents/FING/Proyecto/pc-tesis/dataset_parser/scripts/compress/output/[6]noaa-spc-reports/pwlh/noaa_spc-tornado.c.cpp.csv
-> size (bytes): 42,743
-> 73.38% of original


RESULTS
--------------------------(same file!)
CoderPWLH
ORIGINAL FILE:
-> name: /home/pablo/Documents/FING/Proyecto/datasets-csv/[6]noaa-spc-reports/tornado/noaa_spc-tornado.csv
-> size (bytes): 58,251
COMPRESSED FILE:
-> name: /home/pablo/Documents/FING/Proyecto/pc-tesis/dataset_parser/scripts/compress/output/[6]noaa-spc-reports/pwlh/noaa_spc-tornado.c.cpp.csv
-> size (bytes): 34,974
-> 60.04% of original


RESULTS
--------------------------(same file!)
CoderPWLH
ORIGINAL FILE:
-> name: /home/pablo/Documents/FING/Proyecto/datasets-csv/[6]noaa-spc-reports/tornado/noaa_spc-tornado.csv
-> size (bytes): 58,251
COMPRESSED FILE:
-> name: /home/pablo/Documents/FING/Proyecto/pc-tesis/dataset_parser/scripts/compress/output/[6]noaa-spc-reports/pwlh/noaa_spc-tornado.c.cpp.csv
-> size (bytes): 34,906
-> 59.92% of original


RESULTS
--------------------------(same file!)
CoderPWLH
ORIGINAL FILE:
-> name: /home/pablo/Documents/FING/Proyecto/datasets-csv/[6]noaa-spc-reports/tornado/noaa_spc-tornado.csv
-> size (bytes): 58,251
COMPRESSED FILE:
-> name: /home/pablo/Documents/FING/Proyecto/pc-tesis/dataset_parser/scripts/compress/output/[6]noaa-spc-reports/pwlh/noaa_spc-tornado.c.cpp.csv
-> size (bytes): 35,290
-> 60.58% of original


RESULTS
--------------------------(same file!)
CoderPWLH
ORIGINAL FILE:
-> name: /home/pablo/Documents/FING/Proyecto/datasets-csv/[6]noaa-spc-reports/tornado/noaa_spc-tornado.csv
-> size (bytes): 58,251
COMPRESSED FILE:
-> name: /home/pablo/Documents/FING/Proyecto/pc-tesis/dataset_parser/scripts/compress/output/[6]noaa-spc-reports/pwlh/noaa_spc-tornado.c.cpp.csv
-> size (bytes): 35,692
-> 61.27% of original


RESULTS
--------------------------(same file!)
CoderPWLH
ORIGINAL FILE:
-> name: /home/pablo/Documents/FING/Proyecto/datasets-csv/[6]noaa-spc-reports/tornado/noaa_spc-tornado.csv
-> size (bytes): 58,251
COMPRESSED FILE:
-> name: /home/pablo/Documents/FING/Proyecto/pc-tesis/dataset_parser/scripts/compress/output/[6]noaa-spc-reports/pwlh/noaa_spc-tornado.c.cpp.csv
-> size (bytes): 36,093
-> 61.96% of original


RESULTS
--------------------------(same file!)
CoderPWLH
ORIGINAL FILE:
-> name: /home/pablo/Documents/FING/Proyecto/datasets-csv/[6]noaa-spc-reports/tornado/noaa_spc-tornado.csv
-> size (bytes): 58,251
COMPRESSED FILE:
-> name: /home/pablo/Documents/FING/Proyecto/pc-tesis/dataset_parser/scripts/compress/output/[6]noaa-spc-reports/pwlh/noaa_spc-tornado.c.cpp.csv
-> size (bytes): 36,494
-> 62.65% of original


RESULTS
--------------------------(same file!)
CoderPWLH
ORIGINAL FILE:
-> name: /home/pablo/Documents/FING/Proyecto/datasets-csv/[6]noaa-spc-reports/tornado/noaa_spc-tornado.csv
-> size (bytes): 58,251
COMPRESSED FILE:
-> name: /home/pablo/Documents/FING/Proyecto/pc-tesis/dataset_parser/scripts/compress/output/[6]noaa-spc-reports/pwlh/noaa_spc-tornado.c.cpp.csv
-> size (bytes): 31,633
-> 54.3% of original


RESULTS
--------------------------(same file!)
CoderPWLH
ORIGINAL FILE:
-> name: /home/pablo/Documents/FING/Proyecto/datasets-csv/[6]noaa-spc-reports/tornado/noaa_spc-tornado.csv
-> size (bytes): 58,251
COMPRESSED FILE:
-> name: /home/pablo/Documents/FING/Proyecto/pc-tesis/dataset_parser/scripts/compress/output/[6]noaa-spc-reports/pwlh/noaa_spc-tornado.c.cpp.csv
-> size (bytes): 30,872
-> 53.0% of original


RESULTS
--------------------------(same file!)
CoderPWLH
ORIGINAL FILE:
-> name: /home/pablo/Documents/FING/Proyecto/datasets-csv/[6]noaa-spc-reports/tornado/noaa_spc-tornado.csv
-> size (bytes): 58,251
COMPRESSED FILE:
-> name: /home/pablo/Documents/FING/Proyecto/pc-tesis/dataset_parser/scripts/compress/output/[6]noaa-spc-reports/pwlh/noaa_spc-tornado.c.cpp.csv
-> size (bytes): 31,079
-> 53.35% of original


RESULTS
--------------------------(same file!)
CoderPWLH
ORIGINAL FILE:
-> name: /home/pablo/Documents/FING/Proyecto/datasets-csv/[6]noaa-spc-reports/tornado/noaa_spc-tornado.csv
-> size (bytes): 58,251
COMPRESSED FILE:
-> name: /home/pablo/Documents/FING/Proyecto/pc-tesis/dataset_parser/scripts/compress/output/[6]noaa-spc-reports/pwlh/noaa_spc-tornado.c.cpp.csv
-> size (bytes): 31,409
-> 53.92% of original


RESULTS
--------------------------(same file!)
CoderPWLH
ORIGINAL FILE:
-> name: /home/pablo/Documents/FING/Proyecto/datasets-csv/[6]noaa-spc-reports/tornado/noaa_spc-tornado.csv
-> size (bytes): 58,251
COMPRESSED FILE:
-> name: /home/pablo/Documents/FING/Proyecto/pc-tesis/dataset_parser/scripts/compress/output/[6]noaa-spc-reports/pwlh/noaa_spc-tornado.c.cpp.csv
-> size (bytes): 31,748
-> 54.5% of original


RESULTS
--------------------------(same file!)
CoderPWLH
ORIGINAL FILE:
-> name: /home/pablo/Documents/FING/Proyecto/datasets-csv/[6]noaa-spc-reports/tornado/noaa_spc-tornado.csv
-> size (bytes): 58,251
COMPRESSED FILE:
-> name: /home/pablo/Documents/FING/Proyecto/pc-tesis/dataset_parser/scripts/compress/output/[6]noaa-spc-reports/pwlh/noaa_spc-tornado.c.cpp.csv
-> size (bytes): 32,087
-> 55.08% of original


RESULTS
--------------------------(same file!)
CoderPWLH
ORIGINAL FILE:
-> name: /home/pablo/Documents/FING/Proyecto/datasets-csv/[6]noaa-spc-reports/tornado/noaa_spc-tornado.csv
-> size (bytes): 58,251
COMPRESSED FILE:
-> name: /home/pablo/Documents/FING/Proyecto/pc-tesis/dataset_parser/scripts/compress/output/[6]noaa-spc-reports/pwlh/noaa_spc-tornado.c.cpp.csv
-> size (bytes): 30,171
-> 51.79% of original


RESULTS
--------------------------(same file!)
CoderPWLH
ORIGINAL FILE:
-> name: /home/pablo/Documents/FING/Proyecto/datasets-csv/[6]noaa-spc-reports/tornado/noaa_spc-tornado.csv
-> size (bytes): 58,251
COMPRESSED FILE:
-> name: /home/pablo/Documents/FING/Proyecto/pc-tesis/dataset_parser/scripts/compress/output/[6]noaa-spc-reports/pwlh/noaa_spc-tornado.c.cpp.csv
-> size (bytes): 28,858
-> 49.54% of original


RESULTS
--------------------------(same file!)
CoderPWLH
ORIGINAL FILE:
-> name: /home/pablo/Documents/FING/Proyecto/datasets-csv/[6]noaa-spc-reports/tornado/noaa_spc-tornado.csv
-> size (bytes): 58,251
COMPRESSED FILE:
-> name: /home/pablo/Documents/FING/Proyecto/pc-tesis/dataset_parser/scripts/compress/output/[6]noaa-spc-reports/pwlh/noaa_spc-tornado.c.cpp.csv
-> size (bytes): 28,890
-> 49.6% of original


RESULTS
--------------------------(same file!)
CoderPWLH
ORIGINAL FILE:
-> name: /home/pablo/Documents/FING/Proyecto/datasets-csv/[6]noaa-spc-reports/tornado/noaa_spc-tornado.csv
-> size (bytes): 58,251
COMPRESSED FILE:
-> name: /home/pablo/Documents/FING/Proyecto/pc-tesis/dataset_parser/scripts/compress/output/[6]noaa-spc-reports/pwlh/noaa_spc-tornado.c.cpp.csv
-> size (bytes): 29,187
-> 50.11% of original


RESULTS
--------------------------(same file!)
CoderPWLH
ORIGINAL FILE:
-> name: /home/pablo/Documents/FING/Proyecto/datasets-csv/[6]noaa-spc-reports/tornado/noaa_spc-tornado.csv
-> size (bytes): 58,251
COMPRESSED FILE:
-> name: /home/pablo/Documents/FING/Proyecto/pc-tesis/dataset_parser/scripts/compress/output/[6]noaa-spc-reports/pwlh/noaa_spc-tornado.c.cpp.csv
-> size (bytes): 29,493
-> 50.63% of original


RESULTS
--------------------------(same file!)
CoderPWLH
ORIGINAL FILE:
-> name: /home/pablo/Documents/FING/Proyecto/datasets-csv/[6]noaa-spc-reports/tornado/noaa_spc-tornado.csv
-> size (bytes): 58,251
COMPRESSED FILE:
-> name: /home/pablo/Documents/FING/Proyecto/pc-tesis/dataset_parser/scripts/compress/output/[6]noaa-spc-reports/pwlh/noaa_spc-tornado.c.cpp.csv
-> size (bytes): 29,799
-> 51.16% of original


RESULTS
--------------------------(same file!)
CoderPWLH
ORIGINAL FILE:
-> name: /home/pablo/Documents/FING/Proyecto/datasets-csv/[6]noaa-spc-reports/tornado/noaa_spc-tornado.csv
-> size (bytes): 58,251
COMPRESSED FILE:
-> name: /home/pablo/Documents/FING/Proyecto/pc-tesis/dataset_parser/scripts/compress/output/[6]noaa-spc-reports/pwlh/noaa_spc-tornado.c.cpp.csv
-> size (bytes): 27,965
-> 48.01% of original


RESULTS
--------------------------(same file!)
CoderPWLH
ORIGINAL FILE:
-> name: /home/pablo/Documents/FING/Proyecto/datasets-csv/[6]noaa-spc-reports/tornado/noaa_spc-tornado.csv
-> size (bytes): 58,251
COMPRESSED FILE:
-> name: /home/pablo/Documents/FING/Proyecto/pc-tesis/dataset_parser/scripts/compress/output/[6]noaa-spc-reports/pwlh/noaa_spc-tornado.c.cpp.csv
-> size (bytes): 25,735
-> 44.18% of original


RESULTS
--------------------------(same file!)
CoderPWLH
ORIGINAL FILE:
-> name: /home/pablo/Documents/FING/Proyecto/datasets-csv/[6]noaa-spc-reports/tornado/noaa_spc-tornado.csv
-> size (bytes): 58,251
COMPRESSED FILE:
-> name: /home/pablo/Documents/FING/Proyecto/pc-tesis/dataset_parser/scripts/compress/output/[6]noaa-spc-reports/pwlh/noaa_spc-tornado.c.cpp.csv
-> size (bytes): 25,344
-> 43.51% of original


RESULTS
--------------------------(same file!)
CoderPWLH
ORIGINAL FILE:
-> name: /home/pablo/Documents/FING/Proyecto/datasets-csv/[6]noaa-spc-reports/tornado/noaa_spc-tornado.csv
-> size (bytes): 58,251
COMPRESSED FILE:
-> name: /home/pablo/Documents/FING/Proyecto/pc-tesis/dataset_parser/scripts/compress/output/[6]noaa-spc-reports/pwlh/noaa_spc-tornado.c.cpp.csv
-> size (bytes): 25,589
-> 43.93% of original


RESULTS
--------------------------(same file!)
CoderPWLH
ORIGINAL FILE:
-> name: /home/pablo/Documents/FING/Proyecto/datasets-csv/[6]noaa-spc-reports/tornado/noaa_spc-tornado.csv
-> size (bytes): 58,251
COMPRESSED FILE:
-> name: /home/pablo/Documents/FING/Proyecto/pc-tesis/dataset_parser/scripts/compress/output/[6]noaa-spc-reports/pwlh/noaa_spc-tornado.c.cpp.csv
-> size (bytes): 25,843
-> 44.36% of original


RESULTS
--------------------------(same file!)
CoderPWLH
ORIGINAL FILE:
-> name: /home/pablo/Documents/FING/Proyecto/datasets-csv/[6]noaa-spc-reports/tornado/noaa_spc-tornado.csv
-> size (bytes): 58,251
COMPRESSED FILE:
-> name: /home/pablo/Documents/FING/Proyecto/pc-tesis/dataset_parser/scripts/compress/output/[6]noaa-spc-reports/pwlh/noaa_spc-tornado.c.cpp.csv
-> size (bytes): 26,096
-> 44.8% of original


RESULTS
--------------------------(same file!)
CoderPWLH
ORIGINAL FILE:
-> name: /home/pablo/Documents/FING/Proyecto/datasets-csv/[6]noaa-spc-reports/tornado/noaa_spc-tornado.csv
-> size (bytes): 58,251
COMPRESSED FILE:
-> name: /home/pablo/Documents/FING/Proyecto/pc-tesis/dataset_parser/scripts/compress/output/[6]noaa-spc-reports/pwlh/noaa_spc-tornado.c.cpp.csv
-> size (bytes): 26,689
-> 45.82% of original


RESULTS
--------------------------(same file!)
CoderPWLH
ORIGINAL FILE:
-> name: /home/pablo/Documents/FING/Proyecto/datasets-csv/[6]noaa-spc-reports/tornado/noaa_spc-tornado.csv
-> size (bytes): 58,251
COMPRESSED FILE:
-> name: /home/pablo/Documents/FING/Proyecto/pc-tesis/dataset_parser/scripts/compress/output/[6]noaa-spc-reports/pwlh/noaa_spc-tornado.c.cpp.csv
-> size (bytes): 23,887
-> 41.01% of original


RESULTS
--------------------------(same file!)
CoderPWLH
ORIGINAL FILE:
-> name: /home/pablo/Documents/FING/Proyecto/datasets-csv/[6]noaa-spc-reports/tornado/noaa_spc-tornado.csv
-> size (bytes): 58,251
COMPRESSED FILE:
-> name: /home/pablo/Documents/FING/Proyecto/pc-tesis/dataset_parser/scripts/compress/output/[6]noaa-spc-reports/pwlh/noaa_spc-tornado.c.cpp.csv
-> size (bytes): 23,249
-> 39.91% of original


RESULTS
--------------------------(same file!)
CoderPWLH
ORIGINAL FILE:
-> name: /home/pablo/Documents/FING/Proyecto/datasets-csv/[6]noaa-spc-reports/tornado/noaa_spc-tornado.csv
-> size (bytes): 58,251
COMPRESSED FILE:
-> name: /home/pablo/Documents/FING/Proyecto/pc-tesis/dataset_parser/scripts/compress/output/[6]noaa-spc-reports/pwlh/noaa_spc-tornado.c.cpp.csv
-> size (bytes): 23,437
-> 40.23% of original


RESULTS
--------------------------(same file!)
CoderPWLH
ORIGINAL FILE:
-> name: /home/pablo/Documents/FING/Proyecto/datasets-csv/[6]noaa-spc-reports/tornado/noaa_spc-tornado.csv
-> size (bytes): 58,251
COMPRESSED FILE:
-> name: /home/pablo/Documents/FING/Proyecto/pc-tesis/dataset_parser/scripts/compress/output/[6]noaa-spc-reports/pwlh/noaa_spc-tornado.c.cpp.csv
-> size (bytes): 23,659
-> 40.62% of original


RESULTS
--------------------------(same file!)
CoderPWLH
ORIGINAL FILE:
-> name: /home/pablo/Documents/FING/Proyecto/datasets-csv/[6]noaa-spc-reports/tornado/noaa_spc-tornado.csv
-> size (bytes): 58,251
COMPRESSED FILE:
-> name: /home/pablo/Documents/FING/Proyecto/pc-tesis/dataset_parser/scripts/compress/output/[6]noaa-spc-reports/pwlh/noaa_spc-tornado.c.cpp.csv
-> size (bytes): 23,881
-> 41.0% of original


RESULTS
--------------------------(same file!)
CoderPWLH
ORIGINAL FILE:
-> name: /home/pablo/Documents/FING/Proyecto/datasets-csv/[6]noaa-spc-reports/tornado/noaa_spc-tornado.csv
-> size (bytes): 58,251
COMPRESSED FILE:
-> name: /home/pablo/Documents/FING/Proyecto/pc-tesis/dataset_parser/scripts/compress/output/[6]noaa-spc-reports/pwlh/noaa_spc-tornado.c.cpp.csv
-> size (bytes): 25,989
-> 44.62% of original


RESULTS
--------------------------(same file!)
CoderPWLH
ORIGINAL FILE:
-> name: /home/pablo/Documents/FING/Proyecto/datasets-csv/[6]noaa-spc-reports/tornado/noaa_spc-tornado.csv
-> size (bytes): 58,251
COMPRESSED FILE:
-> name: /home/pablo/Documents/FING/Proyecto/pc-tesis/dataset_parser/scripts/compress/output/[6]noaa-spc-reports/pwlh/noaa_spc-tornado.c.cpp.csv
-> size (bytes): 22,777
-> 39.1% of original


RESULTS
--------------------------(same file!)
CoderPWLH
ORIGINAL FILE:
-> name: /home/pablo/Documents/FING/Proyecto/datasets-csv/[6]noaa-spc-reports/tornado/noaa_spc-tornado.csv
-> size (bytes): 58,251
COMPRESSED FILE:
-> name: /home/pablo/Documents/FING/Proyecto/pc-tesis/dataset_parser/scripts/compress/output/[6]noaa-spc-reports/pwlh/noaa_spc-tornado.c.cpp.csv
-> size (bytes): 21,803
-> 37.43% of original


RESULTS
--------------------------(same file!)
CoderPWLH
ORIGINAL FILE:
-> name: /home/pablo/Documents/FING/Proyecto/datasets-csv/[6]noaa-spc-reports/tornado/noaa_spc-tornado.csv
-> size (bytes): 58,251
COMPRESSED FILE:
-> name: /home/pablo/Documents/FING/Proyecto/pc-tesis/dataset_parser/scripts/compress/output/[6]noaa-spc-reports/pwlh/noaa_spc-tornado.c.cpp.csv
-> size (bytes): 21,930
-> 37.65% of original


RESULTS
--------------------------(same file!)
CoderPWLH
ORIGINAL FILE:
-> name: /home/pablo/Documents/FING/Proyecto/datasets-csv/[6]noaa-spc-reports/tornado/noaa_spc-tornado.csv
-> size (bytes): 58,251
COMPRESSED FILE:
-> name: /home/pablo/Documents/FING/Proyecto/pc-tesis/dataset_parser/scripts/compress/output/[6]noaa-spc-reports/pwlh/noaa_spc-tornado.c.cpp.csv
-> size (bytes): 22,130
-> 37.99% of original


RESULTS
--------------------------(same file!)
CoderPWLH
ORIGINAL FILE:
-> name: /home/pablo/Documents/FING/Proyecto/datasets-csv/[6]noaa-spc-reports/tornado/noaa_spc-tornado.csv
-> size (bytes): 58,251
COMPRESSED FILE:
-> name: /home/pablo/Documents/FING/Proyecto/pc-tesis/dataset_parser/scripts/compress/output/[6]noaa-spc-reports/pwlh/noaa_spc-tornado.c.cpp.csv
-> size (bytes): 22,330
-> 38.33% of original


RESULTS
--------------------------(same file!)
CoderPWLH
ORIGINAL FILE:
-> name: /home/pablo/Documents/FING/Proyecto/datasets-csv/[6]noaa-spc-reports/tornado/noaa_spc-tornado.csv
-> size (bytes): 58,251
COMPRESSED FILE:
-> name: /home/pablo/Documents/FING/Proyecto/pc-tesis/dataset_parser/scripts/compress/output/[6]noaa-spc-reports/pwlh/noaa_spc-tornado.c.cpp.csv
-> size (bytes): 24,939
-> 42.81% of original


RESULTS
--------------------------(same file!)
CoderPWLH
ORIGINAL FILE:
-> name: /home/pablo/Documents/FING/Proyecto/datasets-csv/[6]noaa-spc-reports/tornado/noaa_spc-tornado.csv
-> size (bytes): 58,251
COMPRESSED FILE:
-> name: /home/pablo/Documents/FING/Proyecto/pc-tesis/dataset_parser/scripts/compress/output/[6]noaa-spc-reports/pwlh/noaa_spc-tornado.c.cpp.csv
-> size (bytes): 21,169
-> 36.34% of original


RESULTS
--------------------------(same file!)
CoderPWLH
ORIGINAL FILE:
-> name: /home/pablo/Documents/FING/Proyecto/datasets-csv/[6]noaa-spc-reports/tornado/noaa_spc-tornado.csv
-> size (bytes): 58,251
COMPRESSED FILE:
-> name: /home/pablo/Documents/FING/Proyecto/pc-tesis/dataset_parser/scripts/compress/output/[6]noaa-spc-reports/pwlh/noaa_spc-tornado.c.cpp.csv
-> size (bytes): 19,705
-> 33.83% of original


RESULTS
--------------------------(same file!)
CoderPWLH
ORIGINAL FILE:
-> name: /home/pablo/Documents/FING/Proyecto/datasets-csv/[6]noaa-spc-reports/tornado/noaa_spc-tornado.csv
-> size (bytes): 58,251
COMPRESSED FILE:
-> name: /home/pablo/Documents/FING/Proyecto/pc-tesis/dataset_parser/scripts/compress/output/[6]noaa-spc-reports/pwlh/noaa_spc-tornado.c.cpp.csv
-> size (bytes): 19,739
-> 33.89% of original


RESULTS
--------------------------(same file!)
CoderPWLH
ORIGINAL FILE:
-> name: /home/pablo/Documents/FING/Proyecto/datasets-csv/[6]noaa-spc-reports/tornado/noaa_spc-tornado.csv
-> size (bytes): 58,251
COMPRESSED FILE:
-> name: /home/pablo/Documents/FING/Proyecto/pc-tesis/dataset_parser/scripts/compress/output/[6]noaa-spc-reports/pwlh/noaa_spc-tornado.c.cpp.csv
-> size (bytes): 19,899
-> 34.16% of original


RESULTS
--------------------------(same file!)
CoderPWLH
ORIGINAL FILE:
-> name: /home/pablo/Documents/FING/Proyecto/datasets-csv/[6]noaa-spc-reports/tornado/noaa_spc-tornado.csv
-> size (bytes): 58,251
COMPRESSED FILE:
-> name: /home/pablo/Documents/FING/Proyecto/pc-tesis/dataset_parser/scripts/compress/output/[6]noaa-spc-reports/pwlh/noaa_spc-tornado.c.cpp.csv
-> size (bytes): 20,067
-> 34.45% of original


RESULTS
--------------------------(same file!)
CoderPWLHint
ORIGINAL FILE:
-> name: /home/pablo/Documents/FING/Proyecto/datasets-csv/[6]noaa-spc-reports/tornado/noaa_spc-tornado.csv
-> size (bytes): 58,251
COMPRESSED FILE:
-> name: /home/pablo/Documents/FING/Proyecto/pc-tesis/dataset_parser/scripts/compress/output/[6]noaa-spc-reports/pwlh-int/noaa_spc-tornado.c.cpp.csv
-> size (bytes): 21,628
-> 37.13% of original


RESULTS
--------------------------(same file!)
CoderPWLHint
ORIGINAL FILE:
-> name: /home/pablo/Documents/FING/Proyecto/datasets-csv/[6]noaa-spc-reports/tornado/noaa_spc-tornado.csv
-> size (bytes): 58,251
COMPRESSED FILE:
-> name: /home/pablo/Documents/FING/Proyecto/pc-tesis/dataset_parser/scripts/compress/output/[6]noaa-spc-reports/pwlh-int/noaa_spc-tornado.c.cpp.csv
-> size (bytes): 22,116
-> 37.97% of original


RESULTS
--------------------------(same file!)
CoderPWLHint
ORIGINAL FILE:
-> name: /home/pablo/Documents/FING/Proyecto/datasets-csv/[6]noaa-spc-reports/tornado/noaa_spc-tornado.csv
-> size (bytes): 58,251
COMPRESSED FILE:
-> name: /home/pablo/Documents/FING/Proyecto/pc-tesis/dataset_parser/scripts/compress/output/[6]noaa-spc-reports/pwlh-int/noaa_spc-tornado.c.cpp.csv
-> size (bytes): 22,604
-> 38.8% of original


RESULTS
--------------------------(same file!)
CoderPWLHint
ORIGINAL FILE:
-> name: /home/pablo/Documents/FING/Proyecto/datasets-csv/[6]noaa-spc-reports/tornado/noaa_spc-tornado.csv
-> size (bytes): 58,251
COMPRESSED FILE:
-> name: /home/pablo/Documents/FING/Proyecto/pc-tesis/dataset_parser/scripts/compress/output/[6]noaa-spc-reports/pwlh-int/noaa_spc-tornado.c.cpp.csv
-> size (bytes): 23,093
-> 39.64% of original


RESULTS
--------------------------(same file!)
CoderPWLHint
ORIGINAL FILE:
-> name: /home/pablo/Documents/FING/Proyecto/datasets-csv/[6]noaa-spc-reports/tornado/noaa_spc-tornado.csv
-> size (bytes): 58,251
COMPRESSED FILE:
-> name: /home/pablo/Documents/FING/Proyecto/pc-tesis/dataset_parser/scripts/compress/output/[6]noaa-spc-reports/pwlh-int/noaa_spc-tornado.c.cpp.csv
-> size (bytes): 23,581
-> 40.48% of original


RESULTS
--------------------------(same file!)
CoderPWLHint
ORIGINAL FILE:
-> name: /home/pablo/Documents/FING/Proyecto/datasets-csv/[6]noaa-spc-reports/tornado/noaa_spc-tornado.csv
-> size (bytes): 58,251
COMPRESSED FILE:
-> name: /home/pablo/Documents/FING/Proyecto/pc-tesis/dataset_parser/scripts/compress/output/[6]noaa-spc-reports/pwlh-int/noaa_spc-tornado.c.cpp.csv
-> size (bytes): 24,069
-> 41.32% of original


RESULTS
--------------------------(same file!)
CoderPWLHint
ORIGINAL FILE:
-> name: /home/pablo/Documents/FING/Proyecto/datasets-csv/[6]noaa-spc-reports/tornado/noaa_spc-tornado.csv
-> size (bytes): 58,251
COMPRESSED FILE:
-> name: /home/pablo/Documents/FING/Proyecto/pc-tesis/dataset_parser/scripts/compress/output/[6]noaa-spc-reports/pwlh-int/noaa_spc-tornado.c.cpp.csv
-> size (bytes): 19,596
-> 33.64% of original


RESULTS
--------------------------(same file!)
CoderPWLHint
ORIGINAL FILE:
-> name: /home/pablo/Documents/FING/Proyecto/datasets-csv/[6]noaa-spc-reports/tornado/noaa_spc-tornado.csv
-> size (bytes): 58,251
COMPRESSED FILE:
-> name: /home/pablo/Documents/FING/Proyecto/pc-tesis/dataset_parser/scripts/compress/output/[6]noaa-spc-reports/pwlh-int/noaa_spc-tornado.c.cpp.csv
-> size (bytes): 19,869
-> 34.11% of original


RESULTS
--------------------------(same file!)
CoderPWLHint
ORIGINAL FILE:
-> name: /home/pablo/Documents/FING/Proyecto/datasets-csv/[6]noaa-spc-reports/tornado/noaa_spc-tornado.csv
-> size (bytes): 58,251
COMPRESSED FILE:
-> name: /home/pablo/Documents/FING/Proyecto/pc-tesis/dataset_parser/scripts/compress/output/[6]noaa-spc-reports/pwlh-int/noaa_spc-tornado.c.cpp.csv
-> size (bytes): 20,273
-> 34.8% of original


RESULTS
--------------------------(same file!)
CoderPWLHint
ORIGINAL FILE:
-> name: /home/pablo/Documents/FING/Proyecto/datasets-csv/[6]noaa-spc-reports/tornado/noaa_spc-tornado.csv
-> size (bytes): 58,251
COMPRESSED FILE:
-> name: /home/pablo/Documents/FING/Proyecto/pc-tesis/dataset_parser/scripts/compress/output/[6]noaa-spc-reports/pwlh-int/noaa_spc-tornado.c.cpp.csv
-> size (bytes): 20,683
-> 35.51% of original


RESULTS
--------------------------(same file!)
CoderPWLHint
ORIGINAL FILE:
-> name: /home/pablo/Documents/FING/Proyecto/datasets-csv/[6]noaa-spc-reports/tornado/noaa_spc-tornado.csv
-> size (bytes): 58,251
COMPRESSED FILE:
-> name: /home/pablo/Documents/FING/Proyecto/pc-tesis/dataset_parser/scripts/compress/output/[6]noaa-spc-reports/pwlh-int/noaa_spc-tornado.c.cpp.csv
-> size (bytes): 21,094
-> 36.21% of original


RESULTS
--------------------------(same file!)
CoderPWLHint
ORIGINAL FILE:
-> name: /home/pablo/Documents/FING/Proyecto/datasets-csv/[6]noaa-spc-reports/tornado/noaa_spc-tornado.csv
-> size (bytes): 58,251
COMPRESSED FILE:
-> name: /home/pablo/Documents/FING/Proyecto/pc-tesis/dataset_parser/scripts/compress/output/[6]noaa-spc-reports/pwlh-int/noaa_spc-tornado.c.cpp.csv
-> size (bytes): 21,505
-> 36.92% of original


RESULTS
--------------------------(same file!)
CoderPWLHint
ORIGINAL FILE:
-> name: /home/pablo/Documents/FING/Proyecto/datasets-csv/[6]noaa-spc-reports/tornado/noaa_spc-tornado.csv
-> size (bytes): 58,251
COMPRESSED FILE:
-> name: /home/pablo/Documents/FING/Proyecto/pc-tesis/dataset_parser/scripts/compress/output/[6]noaa-spc-reports/pwlh-int/noaa_spc-tornado.c.cpp.csv
-> size (bytes): 18,066
-> 31.01% of original


RESULTS
--------------------------(same file!)
CoderPWLHint
ORIGINAL FILE:
-> name: /home/pablo/Documents/FING/Proyecto/datasets-csv/[6]noaa-spc-reports/tornado/noaa_spc-tornado.csv
-> size (bytes): 58,251
COMPRESSED FILE:
-> name: /home/pablo/Documents/FING/Proyecto/pc-tesis/dataset_parser/scripts/compress/output/[6]noaa-spc-reports/pwlh-int/noaa_spc-tornado.c.cpp.csv
-> size (bytes): 17,969
-> 30.85% of original


RESULTS
--------------------------(same file!)
CoderPWLHint
ORIGINAL FILE:
-> name: /home/pablo/Documents/FING/Proyecto/datasets-csv/[6]noaa-spc-reports/tornado/noaa_spc-tornado.csv
-> size (bytes): 58,251
COMPRESSED FILE:
-> name: /home/pablo/Documents/FING/Proyecto/pc-tesis/dataset_parser/scripts/compress/output/[6]noaa-spc-reports/pwlh-int/noaa_spc-tornado.c.cpp.csv
-> size (bytes): 18,266
-> 31.36% of original


RESULTS
--------------------------(same file!)
CoderPWLHint
ORIGINAL FILE:
-> name: /home/pablo/Documents/FING/Proyecto/datasets-csv/[6]noaa-spc-reports/tornado/noaa_spc-tornado.csv
-> size (bytes): 58,251
COMPRESSED FILE:
-> name: /home/pablo/Documents/FING/Proyecto/pc-tesis/dataset_parser/scripts/compress/output/[6]noaa-spc-reports/pwlh-int/noaa_spc-tornado.c.cpp.csv
-> size (bytes): 18,604
-> 31.94% of original


RESULTS
--------------------------(same file!)
CoderPWLHint
ORIGINAL FILE:
-> name: /home/pablo/Documents/FING/Proyecto/datasets-csv/[6]noaa-spc-reports/tornado/noaa_spc-tornado.csv
-> size (bytes): 58,251
COMPRESSED FILE:
-> name: /home/pablo/Documents/FING/Proyecto/pc-tesis/dataset_parser/scripts/compress/output/[6]noaa-spc-reports/pwlh-int/noaa_spc-tornado.c.cpp.csv
-> size (bytes): 18,947
-> 32.53% of original


RESULTS
--------------------------(same file!)
CoderPWLHint
ORIGINAL FILE:
-> name: /home/pablo/Documents/FING/Proyecto/datasets-csv/[6]noaa-spc-reports/tornado/noaa_spc-tornado.csv
-> size (bytes): 58,251
COMPRESSED FILE:
-> name: /home/pablo/Documents/FING/Proyecto/pc-tesis/dataset_parser/scripts/compress/output/[6]noaa-spc-reports/pwlh-int/noaa_spc-tornado.c.cpp.csv
-> size (bytes): 19,290
-> 33.12% of original


RESULTS
--------------------------(same file!)
CoderPWLHint
ORIGINAL FILE:
-> name: /home/pablo/Documents/FING/Proyecto/datasets-csv/[6]noaa-spc-reports/tornado/noaa_spc-tornado.csv
-> size (bytes): 58,251
COMPRESSED FILE:
-> name: /home/pablo/Documents/FING/Proyecto/pc-tesis/dataset_parser/scripts/compress/output/[6]noaa-spc-reports/pwlh-int/noaa_spc-tornado.c.cpp.csv
-> size (bytes): 17,436
-> 29.93% of original


RESULTS
--------------------------(same file!)
CoderPWLHint
ORIGINAL FILE:
-> name: /home/pablo/Documents/FING/Proyecto/datasets-csv/[6]noaa-spc-reports/tornado/noaa_spc-tornado.csv
-> size (bytes): 58,251
COMPRESSED FILE:
-> name: /home/pablo/Documents/FING/Proyecto/pc-tesis/dataset_parser/scripts/compress/output/[6]noaa-spc-reports/pwlh-int/noaa_spc-tornado.c.cpp.csv
-> size (bytes): 17,079
-> 29.32% of original


RESULTS
--------------------------(same file!)
CoderPWLHint
ORIGINAL FILE:
-> name: /home/pablo/Documents/FING/Proyecto/datasets-csv/[6]noaa-spc-reports/tornado/noaa_spc-tornado.csv
-> size (bytes): 58,251
COMPRESSED FILE:
-> name: /home/pablo/Documents/FING/Proyecto/pc-tesis/dataset_parser/scripts/compress/output/[6]noaa-spc-reports/pwlh-int/noaa_spc-tornado.c.cpp.csv
-> size (bytes): 17,274
-> 29.65% of original


RESULTS
--------------------------(same file!)
CoderPWLHint
ORIGINAL FILE:
-> name: /home/pablo/Documents/FING/Proyecto/datasets-csv/[6]noaa-spc-reports/tornado/noaa_spc-tornado.csv
-> size (bytes): 58,251
COMPRESSED FILE:
-> name: /home/pablo/Documents/FING/Proyecto/pc-tesis/dataset_parser/scripts/compress/output/[6]noaa-spc-reports/pwlh-int/noaa_spc-tornado.c.cpp.csv
-> size (bytes): 17,578
-> 30.18% of original


RESULTS
--------------------------(same file!)
CoderPWLHint
ORIGINAL FILE:
-> name: /home/pablo/Documents/FING/Proyecto/datasets-csv/[6]noaa-spc-reports/tornado/noaa_spc-tornado.csv
-> size (bytes): 58,251
COMPRESSED FILE:
-> name: /home/pablo/Documents/FING/Proyecto/pc-tesis/dataset_parser/scripts/compress/output/[6]noaa-spc-reports/pwlh-int/noaa_spc-tornado.c.cpp.csv
-> size (bytes): 17,887
-> 30.71% of original


RESULTS
--------------------------(same file!)
CoderPWLHint
ORIGINAL FILE:
-> name: /home/pablo/Documents/FING/Proyecto/datasets-csv/[6]noaa-spc-reports/tornado/noaa_spc-tornado.csv
-> size (bytes): 58,251
COMPRESSED FILE:
-> name: /home/pablo/Documents/FING/Proyecto/pc-tesis/dataset_parser/scripts/compress/output/[6]noaa-spc-reports/pwlh-int/noaa_spc-tornado.c.cpp.csv
-> size (bytes): 18,196
-> 31.24% of original


RESULTS
--------------------------(same file!)
CoderPWLHint
ORIGINAL FILE:
-> name: /home/pablo/Documents/FING/Proyecto/datasets-csv/[6]noaa-spc-reports/tornado/noaa_spc-tornado.csv
-> size (bytes): 58,251
COMPRESSED FILE:
-> name: /home/pablo/Documents/FING/Proyecto/pc-tesis/dataset_parser/scripts/compress/output/[6]noaa-spc-reports/pwlh-int/noaa_spc-tornado.c.cpp.csv
-> size (bytes): 16,477
-> 28.29% of original


RESULTS
--------------------------(same file!)
CoderPWLHint
ORIGINAL FILE:
-> name: /home/pablo/Documents/FING/Proyecto/datasets-csv/[6]noaa-spc-reports/tornado/noaa_spc-tornado.csv
-> size (bytes): 58,251
COMPRESSED FILE:
-> name: /home/pablo/Documents/FING/Proyecto/pc-tesis/dataset_parser/scripts/compress/output/[6]noaa-spc-reports/pwlh-int/noaa_spc-tornado.c.cpp.csv
-> size (bytes): 15,680
-> 26.92% of original


RESULTS
--------------------------(same file!)
CoderPWLHint
ORIGINAL FILE:
-> name: /home/pablo/Documents/FING/Proyecto/datasets-csv/[6]noaa-spc-reports/tornado/noaa_spc-tornado.csv
-> size (bytes): 58,251
COMPRESSED FILE:
-> name: /home/pablo/Documents/FING/Proyecto/pc-tesis/dataset_parser/scripts/compress/output/[6]noaa-spc-reports/pwlh-int/noaa_spc-tornado.c.cpp.csv
-> size (bytes): 15,663
-> 26.89% of original


RESULTS
--------------------------(same file!)
CoderPWLHint
ORIGINAL FILE:
-> name: /home/pablo/Documents/FING/Proyecto/datasets-csv/[6]noaa-spc-reports/tornado/noaa_spc-tornado.csv
-> size (bytes): 58,251
COMPRESSED FILE:
-> name: /home/pablo/Documents/FING/Proyecto/pc-tesis/dataset_parser/scripts/compress/output/[6]noaa-spc-reports/pwlh-int/noaa_spc-tornado.c.cpp.csv
-> size (bytes): 15,914
-> 27.32% of original


RESULTS
--------------------------(same file!)
CoderPWLHint
ORIGINAL FILE:
-> name: /home/pablo/Documents/FING/Proyecto/datasets-csv/[6]noaa-spc-reports/tornado/noaa_spc-tornado.csv
-> size (bytes): 58,251
COMPRESSED FILE:
-> name: /home/pablo/Documents/FING/Proyecto/pc-tesis/dataset_parser/scripts/compress/output/[6]noaa-spc-reports/pwlh-int/noaa_spc-tornado.c.cpp.csv
-> size (bytes): 16,168
-> 27.76% of original


RESULTS
--------------------------(same file!)
CoderPWLHint
ORIGINAL FILE:
-> name: /home/pablo/Documents/FING/Proyecto/datasets-csv/[6]noaa-spc-reports/tornado/noaa_spc-tornado.csv
-> size (bytes): 58,251
COMPRESSED FILE:
-> name: /home/pablo/Documents/FING/Proyecto/pc-tesis/dataset_parser/scripts/compress/output/[6]noaa-spc-reports/pwlh-int/noaa_spc-tornado.c.cpp.csv
-> size (bytes): 16,422
-> 28.19% of original


RESULTS
--------------------------(same file!)
CoderPWLHint
ORIGINAL FILE:
-> name: /home/pablo/Documents/FING/Proyecto/datasets-csv/[6]noaa-spc-reports/tornado/noaa_spc-tornado.csv
-> size (bytes): 58,251
COMPRESSED FILE:
-> name: /home/pablo/Documents/FING/Proyecto/pc-tesis/dataset_parser/scripts/compress/output/[6]noaa-spc-reports/pwlh-int/noaa_spc-tornado.c.cpp.csv
-> size (bytes): 15,932
-> 27.35% of original


RESULTS
--------------------------(same file!)
CoderPWLHint
ORIGINAL FILE:
-> name: /home/pablo/Documents/FING/Proyecto/datasets-csv/[6]noaa-spc-reports/tornado/noaa_spc-tornado.csv
-> size (bytes): 58,251
COMPRESSED FILE:
-> name: /home/pablo/Documents/FING/Proyecto/pc-tesis/dataset_parser/scripts/compress/output/[6]noaa-spc-reports/pwlh-int/noaa_spc-tornado.c.cpp.csv
-> size (bytes): 14,890
-> 25.56% of original


RESULTS
--------------------------(same file!)
CoderPWLHint
ORIGINAL FILE:
-> name: /home/pablo/Documents/FING/Proyecto/datasets-csv/[6]noaa-spc-reports/tornado/noaa_spc-tornado.csv
-> size (bytes): 58,251
COMPRESSED FILE:
-> name: /home/pablo/Documents/FING/Proyecto/pc-tesis/dataset_parser/scripts/compress/output/[6]noaa-spc-reports/pwlh-int/noaa_spc-tornado.c.cpp.csv
-> size (bytes): 14,746
-> 25.31% of original


RESULTS
--------------------------(same file!)
CoderPWLHint
ORIGINAL FILE:
-> name: /home/pablo/Documents/FING/Proyecto/datasets-csv/[6]noaa-spc-reports/tornado/noaa_spc-tornado.csv
-> size (bytes): 58,251
COMPRESSED FILE:
-> name: /home/pablo/Documents/FING/Proyecto/pc-tesis/dataset_parser/scripts/compress/output/[6]noaa-spc-reports/pwlh-int/noaa_spc-tornado.c.cpp.csv
-> size (bytes): 14,953
-> 25.67% of original


RESULTS
--------------------------(same file!)
CoderPWLHint
ORIGINAL FILE:
-> name: /home/pablo/Documents/FING/Proyecto/datasets-csv/[6]noaa-spc-reports/tornado/noaa_spc-tornado.csv
-> size (bytes): 58,251
COMPRESSED FILE:
-> name: /home/pablo/Documents/FING/Proyecto/pc-tesis/dataset_parser/scripts/compress/output/[6]noaa-spc-reports/pwlh-int/noaa_spc-tornado.c.cpp.csv
-> size (bytes): 15,176
-> 26.05% of original


RESULTS
--------------------------(same file!)
CoderPWLHint
ORIGINAL FILE:
-> name: /home/pablo/Documents/FING/Proyecto/datasets-csv/[6]noaa-spc-reports/tornado/noaa_spc-tornado.csv
-> size (bytes): 58,251
COMPRESSED FILE:
-> name: /home/pablo/Documents/FING/Proyecto/pc-tesis/dataset_parser/scripts/compress/output/[6]noaa-spc-reports/pwlh-int/noaa_spc-tornado.c.cpp.csv
-> size (bytes): 15,398
-> 26.43% of original


RESULTS
--------------------------(same file!)
CoderPWLHint
ORIGINAL FILE:
-> name: /home/pablo/Documents/FING/Proyecto/datasets-csv/[6]noaa-spc-reports/tornado/noaa_spc-tornado.csv
-> size (bytes): 58,251
COMPRESSED FILE:
-> name: /home/pablo/Documents/FING/Proyecto/pc-tesis/dataset_parser/scripts/compress/output/[6]noaa-spc-reports/pwlh-int/noaa_spc-tornado.c.cpp.csv
-> size (bytes): 15,641
-> 26.85% of original


RESULTS
--------------------------(same file!)
CoderPWLHint
ORIGINAL FILE:
-> name: /home/pablo/Documents/FING/Proyecto/datasets-csv/[6]noaa-spc-reports/tornado/noaa_spc-tornado.csv
-> size (bytes): 58,251
COMPRESSED FILE:
-> name: /home/pablo/Documents/FING/Proyecto/pc-tesis/dataset_parser/scripts/compress/output/[6]noaa-spc-reports/pwlh-int/noaa_spc-tornado.c.cpp.csv
-> size (bytes): 14,418
-> 24.75% of original


RESULTS
--------------------------(same file!)
CoderPWLHint
ORIGINAL FILE:
-> name: /home/pablo/Documents/FING/Proyecto/datasets-csv/[6]noaa-spc-reports/tornado/noaa_spc-tornado.csv
-> size (bytes): 58,251
COMPRESSED FILE:
-> name: /home/pablo/Documents/FING/Proyecto/pc-tesis/dataset_parser/scripts/compress/output/[6]noaa-spc-reports/pwlh-int/noaa_spc-tornado.c.cpp.csv
-> size (bytes): 14,135
-> 24.27% of original


RESULTS
--------------------------(same file!)
CoderPWLHint
ORIGINAL FILE:
-> name: /home/pablo/Documents/FING/Proyecto/datasets-csv/[6]noaa-spc-reports/tornado/noaa_spc-tornado.csv
-> size (bytes): 58,251
COMPRESSED FILE:
-> name: /home/pablo/Documents/FING/Proyecto/pc-tesis/dataset_parser/scripts/compress/output/[6]noaa-spc-reports/pwlh-int/noaa_spc-tornado.c.cpp.csv
-> size (bytes): 14,301
-> 24.55% of original


RESULTS
--------------------------(same file!)
CoderPWLHint
ORIGINAL FILE:
-> name: /home/pablo/Documents/FING/Proyecto/datasets-csv/[6]noaa-spc-reports/tornado/noaa_spc-tornado.csv
-> size (bytes): 58,251
COMPRESSED FILE:
-> name: /home/pablo/Documents/FING/Proyecto/pc-tesis/dataset_parser/scripts/compress/output/[6]noaa-spc-reports/pwlh-int/noaa_spc-tornado.c.cpp.csv
-> size (bytes): 14,503
-> 24.9% of original


RESULTS
--------------------------(same file!)
CoderPWLHint
ORIGINAL FILE:
-> name: /home/pablo/Documents/FING/Proyecto/datasets-csv/[6]noaa-spc-reports/tornado/noaa_spc-tornado.csv
-> size (bytes): 58,251
COMPRESSED FILE:
-> name: /home/pablo/Documents/FING/Proyecto/pc-tesis/dataset_parser/scripts/compress/output/[6]noaa-spc-reports/pwlh-int/noaa_spc-tornado.c.cpp.csv
-> size (bytes): 14,704
-> 25.24% of original


RESULTS
--------------------------(same file!)
CoderPWLHint
ORIGINAL FILE:
-> name: /home/pablo/Documents/FING/Proyecto/datasets-csv/[6]noaa-spc-reports/tornado/noaa_spc-tornado.csv
-> size (bytes): 58,251
COMPRESSED FILE:
-> name: /home/pablo/Documents/FING/Proyecto/pc-tesis/dataset_parser/scripts/compress/output/[6]noaa-spc-reports/pwlh-int/noaa_spc-tornado.c.cpp.csv
-> size (bytes): 15,201
-> 26.1% of original


RESULTS
--------------------------(same file!)
CoderPWLHint
ORIGINAL FILE:
-> name: /home/pablo/Documents/FING/Proyecto/datasets-csv/[6]noaa-spc-reports/tornado/noaa_spc-tornado.csv
-> size (bytes): 58,251
COMPRESSED FILE:
-> name: /home/pablo/Documents/FING/Proyecto/pc-tesis/dataset_parser/scripts/compress/output/[6]noaa-spc-reports/pwlh-int/noaa_spc-tornado.c.cpp.csv
-> size (bytes): 13,731
-> 23.57% of original


RESULTS
--------------------------(same file!)
CoderPWLHint
ORIGINAL FILE:
-> name: /home/pablo/Documents/FING/Proyecto/datasets-csv/[6]noaa-spc-reports/tornado/noaa_spc-tornado.csv
-> size (bytes): 58,251
COMPRESSED FILE:
-> name: /home/pablo/Documents/FING/Proyecto/pc-tesis/dataset_parser/scripts/compress/output/[6]noaa-spc-reports/pwlh-int/noaa_spc-tornado.c.cpp.csv
-> size (bytes): 13,207
-> 22.67% of original


RESULTS
--------------------------(same file!)
CoderPWLHint
ORIGINAL FILE:
-> name: /home/pablo/Documents/FING/Proyecto/datasets-csv/[6]noaa-spc-reports/tornado/noaa_spc-tornado.csv
-> size (bytes): 58,251
COMPRESSED FILE:
-> name: /home/pablo/Documents/FING/Proyecto/pc-tesis/dataset_parser/scripts/compress/output/[6]noaa-spc-reports/pwlh-int/noaa_spc-tornado.c.cpp.csv
-> size (bytes): 13,317
-> 22.86% of original


RESULTS
--------------------------(same file!)
CoderPWLHint
ORIGINAL FILE:
-> name: /home/pablo/Documents/FING/Proyecto/datasets-csv/[6]noaa-spc-reports/tornado/noaa_spc-tornado.csv
-> size (bytes): 58,251
COMPRESSED FILE:
-> name: /home/pablo/Documents/FING/Proyecto/pc-tesis/dataset_parser/scripts/compress/output/[6]noaa-spc-reports/pwlh-int/noaa_spc-tornado.c.cpp.csv
-> size (bytes): 13,482
-> 23.14% of original


RESULTS
--------------------------(same file!)
CoderPWLHint
ORIGINAL FILE:
-> name: /home/pablo/Documents/FING/Proyecto/datasets-csv/[6]noaa-spc-reports/tornado/noaa_spc-tornado.csv
-> size (bytes): 58,251
COMPRESSED FILE:
-> name: /home/pablo/Documents/FING/Proyecto/pc-tesis/dataset_parser/scripts/compress/output/[6]noaa-spc-reports/pwlh-int/noaa_spc-tornado.c.cpp.csv
-> size (bytes): 13,651
-> 23.43% of original

