
RESULTS
--------------------------(same file!)
CoderCA
-> error_threshold = [0, 0, 0, 0, 0, 0, 0, 0, 0, 0, 0, 0, 0, 0, 0, 0, 0, 0, 0, 0, 0, 0, 0, 0, 0, 0, 0, 0, 0, 0, 0, 0, 0, 0, 0, 0, 0, 0, 0, 0, 0, 0, 0, 0, 0, 0, 0, 0, 0, 0, 0, 0, 0, 0, 0, 0, 0, 0, 0, 0, 0, 0, 0, 0, 0, 0, 0, 0, 0, 0, 0, 0, 0, 0, 0, 0, 0, 0, 0, 0, 0, 0, 0, 0, 0, 0, 0, 0, 0, 0, 0, 0, 0, 0, 0, 0, 0, 0, 0, 0, 0, 0, 0, 0, 0, 0, 0, 0, 0, 0, 'N', 0, 'N', 0, 0, 0, 0, 'N', 0, 'N', 0, 0, 0, 0, 0, 0, 0, 0, 0, 0, 0, 0, 0, 0, 0, 0, 0, 0, 0, 0, 0, 0, 0, 0, 0, 0, 0, 0, 0, 0, 0, 0, 0, 0, 0, 0, 0, 0, 0, 0, 0, 0, 0, 0, 0, 0, 0, 0, 0, 0, 0, 0, 0, 'N', 0, 'N', 0, 0, 0, 0, 0, 0, 0, 0, 0, 0, 0, 0, 0, 0, 0, 0, 0, 0, 0, 0, 0, 0, 0, 0, 0, 0, 0, 0, 0, 0, 0, 0, 0, 0, 0, 0, 0, 0, 0, 0, 0, 0, 0, 0, 0, 0, 0, 0, 0, 0, 0, 0, 0, 0, 0, 0, 0, 0, 0, 0, 0, 0, 0, 0, 0, 0, 0, 0, 0, 0, 0, 0, 0, 0, 0, 0, 0, 0, 0, 0, 0, 0, 0, 0, 0, 0, 0, 0, 0, 0, 0, 0, 0, 0, 0, 0, 0, 0, 0, 0, 0, 0, 0, 0, 0, 0, 0, 0, 0, 0, 0, 0, 0, 0, 0, 0, 0, 0, 0, 0, 0, 0, 0, 0, 0, 0, 0, 0, 0, 0, 0, 0, 0, 0, 0, 0, 0, 0, 0, 0, 0, 0, 0, 0, 0, 0, 0, 0, 0, 0, 0, 0, 0, 0, 0, 0, 0, 0, 0, 0, 0, 0, 0, 0, 0, 0, 0, 0, 0, 0, 0, 0, 0, 0, 0, 0, 0, 0, 0, 0, 0, 0, 0, 0, 0, 0, 0, 0, 0, 0, 0, 0, 0, 0, 0, 0, 0, 0, 0, 0, 0, 0, 0, 0, 0, 0, 0, 0, 0, 0, 0, 0, 0, 0, 0, 0, 0, 0, 0, 0, 0, 0, 0, 0, 0, 0, 0, 0, 0, 0, 0, 0, 0, 0, 0, 'N', 0, 0, 0, 0, 0, 0, 0, 0, 0, 0, 0, 0, 0, 'N', 0, 0, 0, 0, 0, 0, 0, 0, 0, 0, 0, 0, 0, 0, 0, 0, 0, 0, 0, 0, 0, 0, 0, 0, 0, 0, 0, 0, 0, 0, 0, 0, 0, 0, 0, 0, 0, 0, 0, 0, 0, 0, 0, 0, 0, 0, 0, 0, 0, 0, 0, 0, 0, 0, 0, 0, 0, 0, 0, 0, 0, 0, 0, 0, 0, 0, 0, 0, 0, 0, 0, 0, 0, 0, 0, 0, 0, 0, 0, 0, 0, 0, 0, 0, 0, 0, 0, 0, 0, 0, 0, 0, 0, 0, 0, 0, 0, 0, 0, 0, 0, 0, 0, 0, 0, 0, 0, 0, 0, 0, 0, 0, 0, 0, 0, 0, 0, 0, 0, 0, 0]
-> max_window_size = 5
ORIGINAL FILE:
-> name: /Users/pablocerve/Documents/FING/Proyecto/datasets-csv/[5]el-nino/el-nino.csv
-> size (bytes): 9,820,158
COMPRESSED FILE:
-> name: /Users/pablocerve/Documents/FING/Proyecto/pc-tesis/dataset_parser/scripts/output/[5]el-nino/ca/el-nino.c.cpp.csv
-> size (bytes): 2,573,665
-> 26.21% of original


RESULTS
--------------------------(same file!)
CoderCA
-> error_threshold = [0, 0, 0, 0, 0, 0, 0, 0, 0, 0, 0, 0, 0, 0, 0, 0, 0, 0, 0, 0, 0, 0, 0, 0, 0, 0, 0, 0, 0, 0, 0, 0, 0, 0, 0, 0, 0, 0, 0, 0, 0, 0, 0, 0, 0, 0, 0, 0, 0, 0, 0, 0, 0, 0, 0, 0, 0, 0, 0, 0, 0, 0, 0, 0, 0, 0, 0, 0, 0, 0, 0, 0, 0, 0, 0, 0, 0, 0, 0, 0, 0, 0, 0, 0, 0, 0, 0, 0, 0, 0, 0, 0, 0, 0, 0, 0, 0, 0, 0, 0, 0, 0, 0, 0, 0, 0, 0, 0, 0, 0, 'N', 0, 'N', 0, 0, 0, 0, 'N', 0, 'N', 0, 0, 0, 0, 0, 0, 0, 0, 0, 0, 0, 0, 0, 0, 0, 0, 0, 0, 0, 0, 0, 0, 0, 0, 0, 0, 0, 0, 0, 0, 0, 0, 0, 0, 0, 0, 0, 0, 0, 0, 0, 0, 0, 0, 0, 0, 0, 0, 0, 0, 0, 0, 0, 'N', 0, 'N', 0, 0, 0, 0, 0, 0, 0, 0, 0, 0, 0, 0, 0, 0, 0, 0, 0, 0, 0, 0, 0, 0, 0, 0, 0, 0, 0, 0, 0, 0, 0, 0, 0, 0, 0, 0, 0, 0, 0, 0, 0, 0, 0, 0, 0, 0, 0, 0, 0, 0, 0, 0, 0, 0, 0, 0, 0, 0, 0, 0, 0, 0, 0, 0, 0, 0, 0, 0, 0, 0, 0, 0, 0, 0, 0, 0, 0, 0, 0, 0, 0, 0, 0, 0, 0, 0, 0, 0, 0, 0, 0, 0, 0, 0, 0, 0, 0, 0, 0, 0, 0, 0, 0, 0, 0, 0, 0, 0, 0, 0, 0, 0, 0, 0, 0, 0, 0, 0, 0, 0, 0, 0, 0, 0, 0, 0, 0, 0, 0, 0, 0, 0, 0, 0, 0, 0, 0, 0, 0, 0, 0, 0, 0, 0, 0, 0, 0, 0, 0, 0, 0, 0, 0, 0, 0, 0, 0, 0, 0, 0, 0, 0, 0, 0, 0, 0, 0, 0, 0, 0, 0, 0, 0, 0, 0, 0, 0, 0, 0, 0, 0, 0, 0, 0, 0, 0, 0, 0, 0, 0, 0, 0, 0, 0, 0, 0, 0, 0, 0, 0, 0, 0, 0, 0, 0, 0, 0, 0, 0, 0, 0, 0, 0, 0, 0, 0, 0, 0, 0, 0, 0, 0, 0, 0, 0, 0, 0, 0, 0, 0, 0, 0, 0, 0, 0, 'N', 0, 0, 0, 0, 0, 0, 0, 0, 0, 0, 0, 0, 0, 'N', 0, 0, 0, 0, 0, 0, 0, 0, 0, 0, 0, 0, 0, 0, 0, 0, 0, 0, 0, 0, 0, 0, 0, 0, 0, 0, 0, 0, 0, 0, 0, 0, 0, 0, 0, 0, 0, 0, 0, 0, 0, 0, 0, 0, 0, 0, 0, 0, 0, 0, 0, 0, 0, 0, 0, 0, 0, 0, 0, 0, 0, 0, 0, 0, 0, 0, 0, 0, 0, 0, 0, 0, 0, 0, 0, 0, 0, 0, 0, 0, 0, 0, 0, 0, 0, 0, 0, 0, 0, 0, 0, 0, 0, 0, 0, 0, 0, 0, 0, 0, 0, 0, 0, 0, 0, 0, 0, 0, 0, 0, 0, 0, 0, 0, 0, 0, 0, 0, 0, 0, 0]
-> max_window_size = 10
ORIGINAL FILE:
-> name: /Users/pablocerve/Documents/FING/Proyecto/datasets-csv/[5]el-nino/el-nino.csv
-> size (bytes): 9,820,158
COMPRESSED FILE:
-> name: /Users/pablocerve/Documents/FING/Proyecto/pc-tesis/dataset_parser/scripts/output/[5]el-nino/ca/el-nino.c.cpp.csv
-> size (bytes): 2,255,682
-> 22.97% of original


RESULTS
--------------------------(same file!)
CoderCA
-> error_threshold = [0, 0, 0, 0, 0, 0, 0, 0, 0, 0, 0, 0, 0, 0, 0, 0, 0, 0, 0, 0, 0, 0, 0, 0, 0, 0, 0, 0, 0, 0, 0, 0, 0, 0, 0, 0, 0, 0, 0, 0, 0, 0, 0, 0, 0, 0, 0, 0, 0, 0, 0, 0, 0, 0, 0, 0, 0, 0, 0, 0, 0, 0, 0, 0, 0, 0, 0, 0, 0, 0, 0, 0, 0, 0, 0, 0, 0, 0, 0, 0, 0, 0, 0, 0, 0, 0, 0, 0, 0, 0, 0, 0, 0, 0, 0, 0, 0, 0, 0, 0, 0, 0, 0, 0, 0, 0, 0, 0, 0, 0, 'N', 0, 'N', 0, 0, 0, 0, 'N', 0, 'N', 0, 0, 0, 0, 0, 0, 0, 0, 0, 0, 0, 0, 0, 0, 0, 0, 0, 0, 0, 0, 0, 0, 0, 0, 0, 0, 0, 0, 0, 0, 0, 0, 0, 0, 0, 0, 0, 0, 0, 0, 0, 0, 0, 0, 0, 0, 0, 0, 0, 0, 0, 0, 0, 'N', 0, 'N', 0, 0, 0, 0, 0, 0, 0, 0, 0, 0, 0, 0, 0, 0, 0, 0, 0, 0, 0, 0, 0, 0, 0, 0, 0, 0, 0, 0, 0, 0, 0, 0, 0, 0, 0, 0, 0, 0, 0, 0, 0, 0, 0, 0, 0, 0, 0, 0, 0, 0, 0, 0, 0, 0, 0, 0, 0, 0, 0, 0, 0, 0, 0, 0, 0, 0, 0, 0, 0, 0, 0, 0, 0, 0, 0, 0, 0, 0, 0, 0, 0, 0, 0, 0, 0, 0, 0, 0, 0, 0, 0, 0, 0, 0, 0, 0, 0, 0, 0, 0, 0, 0, 0, 0, 0, 0, 0, 0, 0, 0, 0, 0, 0, 0, 0, 0, 0, 0, 0, 0, 0, 0, 0, 0, 0, 0, 0, 0, 0, 0, 0, 0, 0, 0, 0, 0, 0, 0, 0, 0, 0, 0, 0, 0, 0, 0, 0, 0, 0, 0, 0, 0, 0, 0, 0, 0, 0, 0, 0, 0, 0, 0, 0, 0, 0, 0, 0, 0, 0, 0, 0, 0, 0, 0, 0, 0, 0, 0, 0, 0, 0, 0, 0, 0, 0, 0, 0, 0, 0, 0, 0, 0, 0, 0, 0, 0, 0, 0, 0, 0, 0, 0, 0, 0, 0, 0, 0, 0, 0, 0, 0, 0, 0, 0, 0, 0, 0, 0, 0, 0, 0, 0, 0, 0, 0, 0, 0, 0, 0, 0, 0, 0, 0, 0, 0, 'N', 0, 0, 0, 0, 0, 0, 0, 0, 0, 0, 0, 0, 0, 'N', 0, 0, 0, 0, 0, 0, 0, 0, 0, 0, 0, 0, 0, 0, 0, 0, 0, 0, 0, 0, 0, 0, 0, 0, 0, 0, 0, 0, 0, 0, 0, 0, 0, 0, 0, 0, 0, 0, 0, 0, 0, 0, 0, 0, 0, 0, 0, 0, 0, 0, 0, 0, 0, 0, 0, 0, 0, 0, 0, 0, 0, 0, 0, 0, 0, 0, 0, 0, 0, 0, 0, 0, 0, 0, 0, 0, 0, 0, 0, 0, 0, 0, 0, 0, 0, 0, 0, 0, 0, 0, 0, 0, 0, 0, 0, 0, 0, 0, 0, 0, 0, 0, 0, 0, 0, 0, 0, 0, 0, 0, 0, 0, 0, 0, 0, 0, 0, 0, 0, 0, 0]
-> max_window_size = 25
ORIGINAL FILE:
-> name: /Users/pablocerve/Documents/FING/Proyecto/datasets-csv/[5]el-nino/el-nino.csv
-> size (bytes): 9,820,158
COMPRESSED FILE:
-> name: /Users/pablocerve/Documents/FING/Proyecto/pc-tesis/dataset_parser/scripts/output/[5]el-nino/ca/el-nino.c.cpp.csv
-> size (bytes): 2,092,879
-> 21.31% of original


RESULTS
--------------------------(same file!)
CoderCA
-> error_threshold = [0, 0, 0, 0, 0, 0, 0, 0, 0, 0, 0, 0, 0, 0, 0, 0, 0, 0, 0, 0, 0, 0, 0, 0, 0, 0, 0, 0, 0, 0, 0, 0, 0, 0, 0, 0, 0, 0, 0, 0, 0, 0, 0, 0, 0, 0, 0, 0, 0, 0, 0, 0, 0, 0, 0, 0, 0, 0, 0, 0, 0, 0, 0, 0, 0, 0, 0, 0, 0, 0, 0, 0, 0, 0, 0, 0, 0, 0, 0, 0, 0, 0, 0, 0, 0, 0, 0, 0, 0, 0, 0, 0, 0, 0, 0, 0, 0, 0, 0, 0, 0, 0, 0, 0, 0, 0, 0, 0, 0, 0, 'N', 0, 'N', 0, 0, 0, 0, 'N', 0, 'N', 0, 0, 0, 0, 0, 0, 0, 0, 0, 0, 0, 0, 0, 0, 0, 0, 0, 0, 0, 0, 0, 0, 0, 0, 0, 0, 0, 0, 0, 0, 0, 0, 0, 0, 0, 0, 0, 0, 0, 0, 0, 0, 0, 0, 0, 0, 0, 0, 0, 0, 0, 0, 0, 'N', 0, 'N', 0, 0, 0, 0, 0, 0, 0, 0, 0, 0, 0, 0, 0, 0, 0, 0, 0, 0, 0, 0, 0, 0, 0, 0, 0, 0, 0, 0, 0, 0, 0, 0, 0, 0, 0, 0, 0, 0, 0, 0, 0, 0, 0, 0, 0, 0, 0, 0, 0, 0, 0, 0, 0, 0, 0, 0, 0, 0, 0, 0, 0, 0, 0, 0, 0, 0, 0, 0, 0, 0, 0, 0, 0, 0, 0, 0, 0, 0, 0, 0, 0, 0, 0, 0, 0, 0, 0, 0, 0, 0, 0, 0, 0, 0, 0, 0, 0, 0, 0, 0, 0, 0, 0, 0, 0, 0, 0, 0, 0, 0, 0, 0, 0, 0, 0, 0, 0, 0, 0, 0, 0, 0, 0, 0, 0, 0, 0, 0, 0, 0, 0, 0, 0, 0, 0, 0, 0, 0, 0, 0, 0, 0, 0, 0, 0, 0, 0, 0, 0, 0, 0, 0, 0, 0, 0, 0, 0, 0, 0, 0, 0, 0, 0, 0, 0, 0, 0, 0, 0, 0, 0, 0, 0, 0, 0, 0, 0, 0, 0, 0, 0, 0, 0, 0, 0, 0, 0, 0, 0, 0, 0, 0, 0, 0, 0, 0, 0, 0, 0, 0, 0, 0, 0, 0, 0, 0, 0, 0, 0, 0, 0, 0, 0, 0, 0, 0, 0, 0, 0, 0, 0, 0, 0, 0, 0, 0, 0, 0, 0, 0, 0, 0, 0, 0, 0, 'N', 0, 0, 0, 0, 0, 0, 0, 0, 0, 0, 0, 0, 0, 'N', 0, 0, 0, 0, 0, 0, 0, 0, 0, 0, 0, 0, 0, 0, 0, 0, 0, 0, 0, 0, 0, 0, 0, 0, 0, 0, 0, 0, 0, 0, 0, 0, 0, 0, 0, 0, 0, 0, 0, 0, 0, 0, 0, 0, 0, 0, 0, 0, 0, 0, 0, 0, 0, 0, 0, 0, 0, 0, 0, 0, 0, 0, 0, 0, 0, 0, 0, 0, 0, 0, 0, 0, 0, 0, 0, 0, 0, 0, 0, 0, 0, 0, 0, 0, 0, 0, 0, 0, 0, 0, 0, 0, 0, 0, 0, 0, 0, 0, 0, 0, 0, 0, 0, 0, 0, 0, 0, 0, 0, 0, 0, 0, 0, 0, 0, 0, 0, 0, 0, 0, 0]
-> max_window_size = 50
ORIGINAL FILE:
-> name: /Users/pablocerve/Documents/FING/Proyecto/datasets-csv/[5]el-nino/el-nino.csv
-> size (bytes): 9,820,158
COMPRESSED FILE:
-> name: /Users/pablocerve/Documents/FING/Proyecto/pc-tesis/dataset_parser/scripts/output/[5]el-nino/ca/el-nino.c.cpp.csv
-> size (bytes): 2,115,028
-> 21.54% of original


RESULTS
--------------------------(same file!)
CoderCA
-> error_threshold = [0, 0, 0, 0, 0, 0, 0, 0, 0, 0, 0, 0, 0, 0, 0, 0, 0, 0, 0, 0, 0, 0, 0, 0, 0, 0, 0, 0, 0, 0, 0, 0, 0, 0, 0, 0, 0, 0, 0, 0, 0, 0, 0, 0, 0, 0, 0, 0, 0, 0, 0, 0, 0, 0, 0, 0, 0, 0, 0, 0, 0, 0, 0, 0, 0, 0, 0, 0, 0, 0, 0, 0, 0, 0, 0, 0, 0, 0, 0, 0, 0, 0, 0, 0, 0, 0, 0, 0, 0, 0, 0, 0, 0, 0, 0, 0, 0, 0, 0, 0, 0, 0, 0, 0, 0, 0, 0, 0, 0, 0, 'N', 0, 'N', 0, 0, 0, 0, 'N', 0, 'N', 0, 0, 0, 0, 0, 0, 0, 0, 0, 0, 0, 0, 0, 0, 0, 0, 0, 0, 0, 0, 0, 0, 0, 0, 0, 0, 0, 0, 0, 0, 0, 0, 0, 0, 0, 0, 0, 0, 0, 0, 0, 0, 0, 0, 0, 0, 0, 0, 0, 0, 0, 0, 0, 'N', 0, 'N', 0, 0, 0, 0, 0, 0, 0, 0, 0, 0, 0, 0, 0, 0, 0, 0, 0, 0, 0, 0, 0, 0, 0, 0, 0, 0, 0, 0, 0, 0, 0, 0, 0, 0, 0, 0, 0, 0, 0, 0, 0, 0, 0, 0, 0, 0, 0, 0, 0, 0, 0, 0, 0, 0, 0, 0, 0, 0, 0, 0, 0, 0, 0, 0, 0, 0, 0, 0, 0, 0, 0, 0, 0, 0, 0, 0, 0, 0, 0, 0, 0, 0, 0, 0, 0, 0, 0, 0, 0, 0, 0, 0, 0, 0, 0, 0, 0, 0, 0, 0, 0, 0, 0, 0, 0, 0, 0, 0, 0, 0, 0, 0, 0, 0, 0, 0, 0, 0, 0, 0, 0, 0, 0, 0, 0, 0, 0, 0, 0, 0, 0, 0, 0, 0, 0, 0, 0, 0, 0, 0, 0, 0, 0, 0, 0, 0, 0, 0, 0, 0, 0, 0, 0, 0, 0, 0, 0, 0, 0, 0, 0, 0, 0, 0, 0, 0, 0, 0, 0, 0, 0, 0, 0, 0, 0, 0, 0, 0, 0, 0, 0, 0, 0, 0, 0, 0, 0, 0, 0, 0, 0, 0, 0, 0, 0, 0, 0, 0, 0, 0, 0, 0, 0, 0, 0, 0, 0, 0, 0, 0, 0, 0, 0, 0, 0, 0, 0, 0, 0, 0, 0, 0, 0, 0, 0, 0, 0, 0, 0, 0, 0, 0, 0, 0, 0, 'N', 0, 0, 0, 0, 0, 0, 0, 0, 0, 0, 0, 0, 0, 'N', 0, 0, 0, 0, 0, 0, 0, 0, 0, 0, 0, 0, 0, 0, 0, 0, 0, 0, 0, 0, 0, 0, 0, 0, 0, 0, 0, 0, 0, 0, 0, 0, 0, 0, 0, 0, 0, 0, 0, 0, 0, 0, 0, 0, 0, 0, 0, 0, 0, 0, 0, 0, 0, 0, 0, 0, 0, 0, 0, 0, 0, 0, 0, 0, 0, 0, 0, 0, 0, 0, 0, 0, 0, 0, 0, 0, 0, 0, 0, 0, 0, 0, 0, 0, 0, 0, 0, 0, 0, 0, 0, 0, 0, 0, 0, 0, 0, 0, 0, 0, 0, 0, 0, 0, 0, 0, 0, 0, 0, 0, 0, 0, 0, 0, 0, 0, 0, 0, 0, 0, 0]
-> max_window_size = 100
ORIGINAL FILE:
-> name: /Users/pablocerve/Documents/FING/Proyecto/datasets-csv/[5]el-nino/el-nino.csv
-> size (bytes): 9,820,158
COMPRESSED FILE:
-> name: /Users/pablocerve/Documents/FING/Proyecto/pc-tesis/dataset_parser/scripts/output/[5]el-nino/ca/el-nino.c.cpp.csv
-> size (bytes): 2,182,257
-> 22.22% of original


RESULTS
--------------------------(same file!)
CoderCA
-> error_threshold = [0, 0, 0, 0, 0, 0, 0, 0, 0, 0, 0, 0, 0, 0, 0, 0, 0, 0, 0, 0, 0, 0, 0, 0, 0, 0, 0, 0, 0, 0, 0, 0, 0, 0, 0, 0, 0, 0, 0, 0, 0, 0, 0, 0, 0, 0, 0, 0, 0, 0, 0, 0, 0, 0, 0, 0, 0, 0, 0, 0, 0, 0, 0, 0, 0, 0, 0, 0, 0, 0, 0, 0, 0, 0, 0, 0, 0, 0, 0, 0, 0, 0, 0, 0, 0, 0, 0, 0, 0, 0, 0, 0, 0, 0, 0, 0, 0, 0, 0, 0, 0, 0, 0, 0, 0, 0, 0, 0, 0, 0, 'N', 0, 'N', 0, 0, 0, 0, 'N', 0, 'N', 0, 0, 0, 0, 0, 0, 0, 0, 0, 0, 0, 0, 0, 0, 0, 0, 0, 0, 0, 0, 0, 0, 0, 0, 0, 0, 0, 0, 0, 0, 0, 0, 0, 0, 0, 0, 0, 0, 0, 0, 0, 0, 0, 0, 0, 0, 0, 0, 0, 0, 0, 0, 0, 'N', 0, 'N', 0, 0, 0, 0, 0, 0, 0, 0, 0, 0, 0, 0, 0, 0, 0, 0, 0, 0, 0, 0, 0, 0, 0, 0, 0, 0, 0, 0, 0, 0, 0, 0, 0, 0, 0, 0, 0, 0, 0, 0, 0, 0, 0, 0, 0, 0, 0, 0, 0, 0, 0, 0, 0, 0, 0, 0, 0, 0, 0, 0, 0, 0, 0, 0, 0, 0, 0, 0, 0, 0, 0, 0, 0, 0, 0, 0, 0, 0, 0, 0, 0, 0, 0, 0, 0, 0, 0, 0, 0, 0, 0, 0, 0, 0, 0, 0, 0, 0, 0, 0, 0, 0, 0, 0, 0, 0, 0, 0, 0, 0, 0, 0, 0, 0, 0, 0, 0, 0, 0, 0, 0, 0, 0, 0, 0, 0, 0, 0, 0, 0, 0, 0, 0, 0, 0, 0, 0, 0, 0, 0, 0, 0, 0, 0, 0, 0, 0, 0, 0, 0, 0, 0, 0, 0, 0, 0, 0, 0, 0, 0, 0, 0, 0, 0, 0, 0, 0, 0, 0, 0, 0, 0, 0, 0, 0, 0, 0, 0, 0, 0, 0, 0, 0, 0, 0, 0, 0, 0, 0, 0, 0, 0, 0, 0, 0, 0, 0, 0, 0, 0, 0, 0, 0, 0, 0, 0, 0, 0, 0, 0, 0, 0, 0, 0, 0, 0, 0, 0, 0, 0, 0, 0, 0, 0, 0, 0, 0, 0, 0, 0, 0, 0, 0, 0, 0, 'N', 0, 0, 0, 0, 0, 0, 0, 0, 0, 0, 0, 0, 0, 'N', 0, 0, 0, 0, 0, 0, 0, 0, 0, 0, 0, 0, 0, 0, 0, 0, 0, 0, 0, 0, 0, 0, 0, 0, 0, 0, 0, 0, 0, 0, 0, 0, 0, 0, 0, 0, 0, 0, 0, 0, 0, 0, 0, 0, 0, 0, 0, 0, 0, 0, 0, 0, 0, 0, 0, 0, 0, 0, 0, 0, 0, 0, 0, 0, 0, 0, 0, 0, 0, 0, 0, 0, 0, 0, 0, 0, 0, 0, 0, 0, 0, 0, 0, 0, 0, 0, 0, 0, 0, 0, 0, 0, 0, 0, 0, 0, 0, 0, 0, 0, 0, 0, 0, 0, 0, 0, 0, 0, 0, 0, 0, 0, 0, 0, 0, 0, 0, 0, 0, 0, 0]
-> max_window_size = 200
ORIGINAL FILE:
-> name: /Users/pablocerve/Documents/FING/Proyecto/datasets-csv/[5]el-nino/el-nino.csv
-> size (bytes): 9,820,158
COMPRESSED FILE:
-> name: /Users/pablocerve/Documents/FING/Proyecto/pc-tesis/dataset_parser/scripts/output/[5]el-nino/ca/el-nino.c.cpp.csv
-> size (bytes): 2,273,021
-> 23.15% of original


RESULTS
--------------------------(same file!)
CoderCA
-> error_threshold = [0, 0, 1, 1, 1, 1, 6, 7, 0, 0, 1, 1, 2, 5, 6, 0, 0, 1, 1, 1, 4, 5, 0, 0, 1, 1, 1, 2, 2, 0, 1, 1, 1, 1, 2, 2, 0, 3, 1, 1, 1, 2, 1, 0, 0, 1, 1, 1, 3, 4, 0, 0, 1, 1, 1, 2, 2, 0, 0, 1, 1, 1, 2, 1, 0, 0, 1, 1, 1, 2, 1, 0, 1, 1, 1, 1, 2, 2, 1, 1, 1, 1, 2, 2, 1, 0, 1, 1, 1, 1, 3, 3, 0, 5, 1, 1, 1, 2, 3, 0, 1, 1, 1, 2, 8, 9, 0, 0, 1, 1, 'N', 2, 'N', 0, 0, 1, 0, 'N', 2, 'N', 0, 1, 1, 1, 1, 5, 5, 0, 1, 1, 1, 1, 4, 5, 1, 1, 1, 1, 1, 2, 2, 0, 1, 1, 1, 1, 4, 4, 0, 0, 1, 1, 1, 2, 1, 0, 0, 1, 1, 1, 3, 3, 0, 2, 1, 1, 1, 2, 2, 0, 0, 1, 1, 'N', 3, 'N', 0, 0, 1, 1, 1, 2, 2, 0, 1, 1, 1, 2, 2, 3, 0, 0, 1, 1, 1, 2, 2, 0, 1, 1, 1, 1, 6, 5, 0, 1, 1, 1, 1, 6, 6, 0, 0, 1, 1, 1, 4, 5, 0, 1, 1, 1, 2, 4, 4, 0, 0, 1, 1, 1, 3, 3, 0, 0, 1, 1, 2, 2, 2, 0, 1, 1, 1, 1, 2, 2, 0, 1, 1, 1, 1, 2, 3, 0, 0, 1, 1, 1, 2, 2, 0, 0, 1, 1, 1, 7, 8, 0, 1, 1, 1, 2, 4, 3, 0, 0, 1, 1, 2, 3, 3, 0, 0, 1, 1, 1, 2, 2, 0, 0, 1, 1, 1, 3, 3, 0, 0, 1, 1, 1, 2, 2, 0, 0, 1, 1, 1, 2, 2, 0, 0, 1, 1, 1, 2, 2, 0, 0, 1, 1, 1, 2, 2, 0, 0, 1, 1, 2, 2, 2, 0, 0, 1, 1, 1, 2, 1, 0, 0, 1, 1, 2, 4, 3, 0, 0, 0, 0, 1, 5, 5, 0, 0, 1, 1, 1, 4, 4, 0, 0, 1, 0, 1, 2, 3, 0, 0, 1, 1, 1, 2, 2, 0, 0, 1, 1, 1, 2, 2, 0, 1, 1, 1, 2, 2, 1, 0, 0, 1, 1, 1, 2, 2, 0, 0, 1, 1, 1, 2, 1, 0, 0, 0, 0, 2, 7, 8, 0, 0, 1, 1, 'N', 2, 2, 0, 0, 1, 1, 1, 2, 2, 0, 0, 1, 1, 'N', 2, 2, 0, 0, 1, 1, 1, 2, 2, 0, 0, 1, 1, 2, 3, 2, 0, 0, 1, 1, 2, 2, 2, 0, 0, 1, 1, 1, 2, 2, 0, 0, 1, 1, 1, 2, 2, 0, 0, 1, 1, 1, 2, 2, 0, 0, 1, 1, 1, 2, 2, 0, 0, 1, 1, 1, 2, 2, 0, 1, 1, 1, 2, 3, 3, 0, 0, 0, 0, 1, 4, 4, 0, 0, 0, 0, 1, 3, 3, 0, 0, 1, 1, 1, 2, 2, 0, 0, 1, 1, 2, 2, 2, 0, 0, 1, 1, 1, 2, 1, 0, 0, 1, 1, 1, 2, 1, 0, 0, 0, 0, 2, 6, 7, 0, 0, 1, 1, 1, 3, 2]
-> max_window_size = 5
ORIGINAL FILE:
-> name: /Users/pablocerve/Documents/FING/Proyecto/datasets-csv/[5]el-nino/el-nino.csv
-> size (bytes): 9,820,158
COMPRESSED FILE:
-> name: /Users/pablocerve/Documents/FING/Proyecto/pc-tesis/dataset_parser/scripts/output/[5]el-nino/ca/el-nino.c.cpp.csv
-> size (bytes): 2,438,775
-> 24.83% of original


RESULTS
--------------------------(same file!)
CoderCA
-> error_threshold = [0, 0, 1, 1, 1, 1, 6, 7, 0, 0, 1, 1, 2, 5, 6, 0, 0, 1, 1, 1, 4, 5, 0, 0, 1, 1, 1, 2, 2, 0, 1, 1, 1, 1, 2, 2, 0, 3, 1, 1, 1, 2, 1, 0, 0, 1, 1, 1, 3, 4, 0, 0, 1, 1, 1, 2, 2, 0, 0, 1, 1, 1, 2, 1, 0, 0, 1, 1, 1, 2, 1, 0, 1, 1, 1, 1, 2, 2, 1, 1, 1, 1, 2, 2, 1, 0, 1, 1, 1, 1, 3, 3, 0, 5, 1, 1, 1, 2, 3, 0, 1, 1, 1, 2, 8, 9, 0, 0, 1, 1, 'N', 2, 'N', 0, 0, 1, 0, 'N', 2, 'N', 0, 1, 1, 1, 1, 5, 5, 0, 1, 1, 1, 1, 4, 5, 1, 1, 1, 1, 1, 2, 2, 0, 1, 1, 1, 1, 4, 4, 0, 0, 1, 1, 1, 2, 1, 0, 0, 1, 1, 1, 3, 3, 0, 2, 1, 1, 1, 2, 2, 0, 0, 1, 1, 'N', 3, 'N', 0, 0, 1, 1, 1, 2, 2, 0, 1, 1, 1, 2, 2, 3, 0, 0, 1, 1, 1, 2, 2, 0, 1, 1, 1, 1, 6, 5, 0, 1, 1, 1, 1, 6, 6, 0, 0, 1, 1, 1, 4, 5, 0, 1, 1, 1, 2, 4, 4, 0, 0, 1, 1, 1, 3, 3, 0, 0, 1, 1, 2, 2, 2, 0, 1, 1, 1, 1, 2, 2, 0, 1, 1, 1, 1, 2, 3, 0, 0, 1, 1, 1, 2, 2, 0, 0, 1, 1, 1, 7, 8, 0, 1, 1, 1, 2, 4, 3, 0, 0, 1, 1, 2, 3, 3, 0, 0, 1, 1, 1, 2, 2, 0, 0, 1, 1, 1, 3, 3, 0, 0, 1, 1, 1, 2, 2, 0, 0, 1, 1, 1, 2, 2, 0, 0, 1, 1, 1, 2, 2, 0, 0, 1, 1, 1, 2, 2, 0, 0, 1, 1, 2, 2, 2, 0, 0, 1, 1, 1, 2, 1, 0, 0, 1, 1, 2, 4, 3, 0, 0, 0, 0, 1, 5, 5, 0, 0, 1, 1, 1, 4, 4, 0, 0, 1, 0, 1, 2, 3, 0, 0, 1, 1, 1, 2, 2, 0, 0, 1, 1, 1, 2, 2, 0, 1, 1, 1, 2, 2, 1, 0, 0, 1, 1, 1, 2, 2, 0, 0, 1, 1, 1, 2, 1, 0, 0, 0, 0, 2, 7, 8, 0, 0, 1, 1, 'N', 2, 2, 0, 0, 1, 1, 1, 2, 2, 0, 0, 1, 1, 'N', 2, 2, 0, 0, 1, 1, 1, 2, 2, 0, 0, 1, 1, 2, 3, 2, 0, 0, 1, 1, 2, 2, 2, 0, 0, 1, 1, 1, 2, 2, 0, 0, 1, 1, 1, 2, 2, 0, 0, 1, 1, 1, 2, 2, 0, 0, 1, 1, 1, 2, 2, 0, 0, 1, 1, 1, 2, 2, 0, 1, 1, 1, 2, 3, 3, 0, 0, 0, 0, 1, 4, 4, 0, 0, 0, 0, 1, 3, 3, 0, 0, 1, 1, 1, 2, 2, 0, 0, 1, 1, 2, 2, 2, 0, 0, 1, 1, 1, 2, 1, 0, 0, 1, 1, 1, 2, 1, 0, 0, 0, 0, 2, 6, 7, 0, 0, 1, 1, 1, 3, 2]
-> max_window_size = 10
ORIGINAL FILE:
-> name: /Users/pablocerve/Documents/FING/Proyecto/datasets-csv/[5]el-nino/el-nino.csv
-> size (bytes): 9,820,158
COMPRESSED FILE:
-> name: /Users/pablocerve/Documents/FING/Proyecto/pc-tesis/dataset_parser/scripts/output/[5]el-nino/ca/el-nino.c.cpp.csv
-> size (bytes): 2,100,772
-> 21.39% of original


RESULTS
--------------------------(same file!)
CoderCA
-> error_threshold = [0, 0, 1, 1, 1, 1, 6, 7, 0, 0, 1, 1, 2, 5, 6, 0, 0, 1, 1, 1, 4, 5, 0, 0, 1, 1, 1, 2, 2, 0, 1, 1, 1, 1, 2, 2, 0, 3, 1, 1, 1, 2, 1, 0, 0, 1, 1, 1, 3, 4, 0, 0, 1, 1, 1, 2, 2, 0, 0, 1, 1, 1, 2, 1, 0, 0, 1, 1, 1, 2, 1, 0, 1, 1, 1, 1, 2, 2, 1, 1, 1, 1, 2, 2, 1, 0, 1, 1, 1, 1, 3, 3, 0, 5, 1, 1, 1, 2, 3, 0, 1, 1, 1, 2, 8, 9, 0, 0, 1, 1, 'N', 2, 'N', 0, 0, 1, 0, 'N', 2, 'N', 0, 1, 1, 1, 1, 5, 5, 0, 1, 1, 1, 1, 4, 5, 1, 1, 1, 1, 1, 2, 2, 0, 1, 1, 1, 1, 4, 4, 0, 0, 1, 1, 1, 2, 1, 0, 0, 1, 1, 1, 3, 3, 0, 2, 1, 1, 1, 2, 2, 0, 0, 1, 1, 'N', 3, 'N', 0, 0, 1, 1, 1, 2, 2, 0, 1, 1, 1, 2, 2, 3, 0, 0, 1, 1, 1, 2, 2, 0, 1, 1, 1, 1, 6, 5, 0, 1, 1, 1, 1, 6, 6, 0, 0, 1, 1, 1, 4, 5, 0, 1, 1, 1, 2, 4, 4, 0, 0, 1, 1, 1, 3, 3, 0, 0, 1, 1, 2, 2, 2, 0, 1, 1, 1, 1, 2, 2, 0, 1, 1, 1, 1, 2, 3, 0, 0, 1, 1, 1, 2, 2, 0, 0, 1, 1, 1, 7, 8, 0, 1, 1, 1, 2, 4, 3, 0, 0, 1, 1, 2, 3, 3, 0, 0, 1, 1, 1, 2, 2, 0, 0, 1, 1, 1, 3, 3, 0, 0, 1, 1, 1, 2, 2, 0, 0, 1, 1, 1, 2, 2, 0, 0, 1, 1, 1, 2, 2, 0, 0, 1, 1, 1, 2, 2, 0, 0, 1, 1, 2, 2, 2, 0, 0, 1, 1, 1, 2, 1, 0, 0, 1, 1, 2, 4, 3, 0, 0, 0, 0, 1, 5, 5, 0, 0, 1, 1, 1, 4, 4, 0, 0, 1, 0, 1, 2, 3, 0, 0, 1, 1, 1, 2, 2, 0, 0, 1, 1, 1, 2, 2, 0, 1, 1, 1, 2, 2, 1, 0, 0, 1, 1, 1, 2, 2, 0, 0, 1, 1, 1, 2, 1, 0, 0, 0, 0, 2, 7, 8, 0, 0, 1, 1, 'N', 2, 2, 0, 0, 1, 1, 1, 2, 2, 0, 0, 1, 1, 'N', 2, 2, 0, 0, 1, 1, 1, 2, 2, 0, 0, 1, 1, 2, 3, 2, 0, 0, 1, 1, 2, 2, 2, 0, 0, 1, 1, 1, 2, 2, 0, 0, 1, 1, 1, 2, 2, 0, 0, 1, 1, 1, 2, 2, 0, 0, 1, 1, 1, 2, 2, 0, 0, 1, 1, 1, 2, 2, 0, 1, 1, 1, 2, 3, 3, 0, 0, 0, 0, 1, 4, 4, 0, 0, 0, 0, 1, 3, 3, 0, 0, 1, 1, 1, 2, 2, 0, 0, 1, 1, 2, 2, 2, 0, 0, 1, 1, 1, 2, 1, 0, 0, 1, 1, 1, 2, 1, 0, 0, 0, 0, 2, 6, 7, 0, 0, 1, 1, 1, 3, 2]
-> max_window_size = 25
ORIGINAL FILE:
-> name: /Users/pablocerve/Documents/FING/Proyecto/datasets-csv/[5]el-nino/el-nino.csv
-> size (bytes): 9,820,158
COMPRESSED FILE:
-> name: /Users/pablocerve/Documents/FING/Proyecto/pc-tesis/dataset_parser/scripts/output/[5]el-nino/ca/el-nino.c.cpp.csv
-> size (bytes): 1,921,528
-> 19.57% of original


RESULTS
--------------------------(same file!)
CoderCA
-> error_threshold = [0, 0, 1, 1, 1, 1, 6, 7, 0, 0, 1, 1, 2, 5, 6, 0, 0, 1, 1, 1, 4, 5, 0, 0, 1, 1, 1, 2, 2, 0, 1, 1, 1, 1, 2, 2, 0, 3, 1, 1, 1, 2, 1, 0, 0, 1, 1, 1, 3, 4, 0, 0, 1, 1, 1, 2, 2, 0, 0, 1, 1, 1, 2, 1, 0, 0, 1, 1, 1, 2, 1, 0, 1, 1, 1, 1, 2, 2, 1, 1, 1, 1, 2, 2, 1, 0, 1, 1, 1, 1, 3, 3, 0, 5, 1, 1, 1, 2, 3, 0, 1, 1, 1, 2, 8, 9, 0, 0, 1, 1, 'N', 2, 'N', 0, 0, 1, 0, 'N', 2, 'N', 0, 1, 1, 1, 1, 5, 5, 0, 1, 1, 1, 1, 4, 5, 1, 1, 1, 1, 1, 2, 2, 0, 1, 1, 1, 1, 4, 4, 0, 0, 1, 1, 1, 2, 1, 0, 0, 1, 1, 1, 3, 3, 0, 2, 1, 1, 1, 2, 2, 0, 0, 1, 1, 'N', 3, 'N', 0, 0, 1, 1, 1, 2, 2, 0, 1, 1, 1, 2, 2, 3, 0, 0, 1, 1, 1, 2, 2, 0, 1, 1, 1, 1, 6, 5, 0, 1, 1, 1, 1, 6, 6, 0, 0, 1, 1, 1, 4, 5, 0, 1, 1, 1, 2, 4, 4, 0, 0, 1, 1, 1, 3, 3, 0, 0, 1, 1, 2, 2, 2, 0, 1, 1, 1, 1, 2, 2, 0, 1, 1, 1, 1, 2, 3, 0, 0, 1, 1, 1, 2, 2, 0, 0, 1, 1, 1, 7, 8, 0, 1, 1, 1, 2, 4, 3, 0, 0, 1, 1, 2, 3, 3, 0, 0, 1, 1, 1, 2, 2, 0, 0, 1, 1, 1, 3, 3, 0, 0, 1, 1, 1, 2, 2, 0, 0, 1, 1, 1, 2, 2, 0, 0, 1, 1, 1, 2, 2, 0, 0, 1, 1, 1, 2, 2, 0, 0, 1, 1, 2, 2, 2, 0, 0, 1, 1, 1, 2, 1, 0, 0, 1, 1, 2, 4, 3, 0, 0, 0, 0, 1, 5, 5, 0, 0, 1, 1, 1, 4, 4, 0, 0, 1, 0, 1, 2, 3, 0, 0, 1, 1, 1, 2, 2, 0, 0, 1, 1, 1, 2, 2, 0, 1, 1, 1, 2, 2, 1, 0, 0, 1, 1, 1, 2, 2, 0, 0, 1, 1, 1, 2, 1, 0, 0, 0, 0, 2, 7, 8, 0, 0, 1, 1, 'N', 2, 2, 0, 0, 1, 1, 1, 2, 2, 0, 0, 1, 1, 'N', 2, 2, 0, 0, 1, 1, 1, 2, 2, 0, 0, 1, 1, 2, 3, 2, 0, 0, 1, 1, 2, 2, 2, 0, 0, 1, 1, 1, 2, 2, 0, 0, 1, 1, 1, 2, 2, 0, 0, 1, 1, 1, 2, 2, 0, 0, 1, 1, 1, 2, 2, 0, 0, 1, 1, 1, 2, 2, 0, 1, 1, 1, 2, 3, 3, 0, 0, 0, 0, 1, 4, 4, 0, 0, 0, 0, 1, 3, 3, 0, 0, 1, 1, 1, 2, 2, 0, 0, 1, 1, 2, 2, 2, 0, 0, 1, 1, 1, 2, 1, 0, 0, 1, 1, 1, 2, 1, 0, 0, 0, 0, 2, 6, 7, 0, 0, 1, 1, 1, 3, 2]
-> max_window_size = 50
ORIGINAL FILE:
-> name: /Users/pablocerve/Documents/FING/Proyecto/datasets-csv/[5]el-nino/el-nino.csv
-> size (bytes): 9,820,158
COMPRESSED FILE:
-> name: /Users/pablocerve/Documents/FING/Proyecto/pc-tesis/dataset_parser/scripts/output/[5]el-nino/ca/el-nino.c.cpp.csv
-> size (bytes): 1,932,079
-> 19.67% of original


RESULTS
--------------------------(same file!)
CoderCA
-> error_threshold = [0, 0, 1, 1, 1, 1, 6, 7, 0, 0, 1, 1, 2, 5, 6, 0, 0, 1, 1, 1, 4, 5, 0, 0, 1, 1, 1, 2, 2, 0, 1, 1, 1, 1, 2, 2, 0, 3, 1, 1, 1, 2, 1, 0, 0, 1, 1, 1, 3, 4, 0, 0, 1, 1, 1, 2, 2, 0, 0, 1, 1, 1, 2, 1, 0, 0, 1, 1, 1, 2, 1, 0, 1, 1, 1, 1, 2, 2, 1, 1, 1, 1, 2, 2, 1, 0, 1, 1, 1, 1, 3, 3, 0, 5, 1, 1, 1, 2, 3, 0, 1, 1, 1, 2, 8, 9, 0, 0, 1, 1, 'N', 2, 'N', 0, 0, 1, 0, 'N', 2, 'N', 0, 1, 1, 1, 1, 5, 5, 0, 1, 1, 1, 1, 4, 5, 1, 1, 1, 1, 1, 2, 2, 0, 1, 1, 1, 1, 4, 4, 0, 0, 1, 1, 1, 2, 1, 0, 0, 1, 1, 1, 3, 3, 0, 2, 1, 1, 1, 2, 2, 0, 0, 1, 1, 'N', 3, 'N', 0, 0, 1, 1, 1, 2, 2, 0, 1, 1, 1, 2, 2, 3, 0, 0, 1, 1, 1, 2, 2, 0, 1, 1, 1, 1, 6, 5, 0, 1, 1, 1, 1, 6, 6, 0, 0, 1, 1, 1, 4, 5, 0, 1, 1, 1, 2, 4, 4, 0, 0, 1, 1, 1, 3, 3, 0, 0, 1, 1, 2, 2, 2, 0, 1, 1, 1, 1, 2, 2, 0, 1, 1, 1, 1, 2, 3, 0, 0, 1, 1, 1, 2, 2, 0, 0, 1, 1, 1, 7, 8, 0, 1, 1, 1, 2, 4, 3, 0, 0, 1, 1, 2, 3, 3, 0, 0, 1, 1, 1, 2, 2, 0, 0, 1, 1, 1, 3, 3, 0, 0, 1, 1, 1, 2, 2, 0, 0, 1, 1, 1, 2, 2, 0, 0, 1, 1, 1, 2, 2, 0, 0, 1, 1, 1, 2, 2, 0, 0, 1, 1, 2, 2, 2, 0, 0, 1, 1, 1, 2, 1, 0, 0, 1, 1, 2, 4, 3, 0, 0, 0, 0, 1, 5, 5, 0, 0, 1, 1, 1, 4, 4, 0, 0, 1, 0, 1, 2, 3, 0, 0, 1, 1, 1, 2, 2, 0, 0, 1, 1, 1, 2, 2, 0, 1, 1, 1, 2, 2, 1, 0, 0, 1, 1, 1, 2, 2, 0, 0, 1, 1, 1, 2, 1, 0, 0, 0, 0, 2, 7, 8, 0, 0, 1, 1, 'N', 2, 2, 0, 0, 1, 1, 1, 2, 2, 0, 0, 1, 1, 'N', 2, 2, 0, 0, 1, 1, 1, 2, 2, 0, 0, 1, 1, 2, 3, 2, 0, 0, 1, 1, 2, 2, 2, 0, 0, 1, 1, 1, 2, 2, 0, 0, 1, 1, 1, 2, 2, 0, 0, 1, 1, 1, 2, 2, 0, 0, 1, 1, 1, 2, 2, 0, 0, 1, 1, 1, 2, 2, 0, 1, 1, 1, 2, 3, 3, 0, 0, 0, 0, 1, 4, 4, 0, 0, 0, 0, 1, 3, 3, 0, 0, 1, 1, 1, 2, 2, 0, 0, 1, 1, 2, 2, 2, 0, 0, 1, 1, 1, 2, 1, 0, 0, 1, 1, 1, 2, 1, 0, 0, 0, 0, 2, 6, 7, 0, 0, 1, 1, 1, 3, 2]
-> max_window_size = 100
ORIGINAL FILE:
-> name: /Users/pablocerve/Documents/FING/Proyecto/datasets-csv/[5]el-nino/el-nino.csv
-> size (bytes): 9,820,158
COMPRESSED FILE:
-> name: /Users/pablocerve/Documents/FING/Proyecto/pc-tesis/dataset_parser/scripts/output/[5]el-nino/ca/el-nino.c.cpp.csv
-> size (bytes): 1,988,916
-> 20.25% of original


RESULTS
--------------------------(same file!)
CoderCA
-> error_threshold = [0, 0, 1, 1, 1, 1, 6, 7, 0, 0, 1, 1, 2, 5, 6, 0, 0, 1, 1, 1, 4, 5, 0, 0, 1, 1, 1, 2, 2, 0, 1, 1, 1, 1, 2, 2, 0, 3, 1, 1, 1, 2, 1, 0, 0, 1, 1, 1, 3, 4, 0, 0, 1, 1, 1, 2, 2, 0, 0, 1, 1, 1, 2, 1, 0, 0, 1, 1, 1, 2, 1, 0, 1, 1, 1, 1, 2, 2, 1, 1, 1, 1, 2, 2, 1, 0, 1, 1, 1, 1, 3, 3, 0, 5, 1, 1, 1, 2, 3, 0, 1, 1, 1, 2, 8, 9, 0, 0, 1, 1, 'N', 2, 'N', 0, 0, 1, 0, 'N', 2, 'N', 0, 1, 1, 1, 1, 5, 5, 0, 1, 1, 1, 1, 4, 5, 1, 1, 1, 1, 1, 2, 2, 0, 1, 1, 1, 1, 4, 4, 0, 0, 1, 1, 1, 2, 1, 0, 0, 1, 1, 1, 3, 3, 0, 2, 1, 1, 1, 2, 2, 0, 0, 1, 1, 'N', 3, 'N', 0, 0, 1, 1, 1, 2, 2, 0, 1, 1, 1, 2, 2, 3, 0, 0, 1, 1, 1, 2, 2, 0, 1, 1, 1, 1, 6, 5, 0, 1, 1, 1, 1, 6, 6, 0, 0, 1, 1, 1, 4, 5, 0, 1, 1, 1, 2, 4, 4, 0, 0, 1, 1, 1, 3, 3, 0, 0, 1, 1, 2, 2, 2, 0, 1, 1, 1, 1, 2, 2, 0, 1, 1, 1, 1, 2, 3, 0, 0, 1, 1, 1, 2, 2, 0, 0, 1, 1, 1, 7, 8, 0, 1, 1, 1, 2, 4, 3, 0, 0, 1, 1, 2, 3, 3, 0, 0, 1, 1, 1, 2, 2, 0, 0, 1, 1, 1, 3, 3, 0, 0, 1, 1, 1, 2, 2, 0, 0, 1, 1, 1, 2, 2, 0, 0, 1, 1, 1, 2, 2, 0, 0, 1, 1, 1, 2, 2, 0, 0, 1, 1, 2, 2, 2, 0, 0, 1, 1, 1, 2, 1, 0, 0, 1, 1, 2, 4, 3, 0, 0, 0, 0, 1, 5, 5, 0, 0, 1, 1, 1, 4, 4, 0, 0, 1, 0, 1, 2, 3, 0, 0, 1, 1, 1, 2, 2, 0, 0, 1, 1, 1, 2, 2, 0, 1, 1, 1, 2, 2, 1, 0, 0, 1, 1, 1, 2, 2, 0, 0, 1, 1, 1, 2, 1, 0, 0, 0, 0, 2, 7, 8, 0, 0, 1, 1, 'N', 2, 2, 0, 0, 1, 1, 1, 2, 2, 0, 0, 1, 1, 'N', 2, 2, 0, 0, 1, 1, 1, 2, 2, 0, 0, 1, 1, 2, 3, 2, 0, 0, 1, 1, 2, 2, 2, 0, 0, 1, 1, 1, 2, 2, 0, 0, 1, 1, 1, 2, 2, 0, 0, 1, 1, 1, 2, 2, 0, 0, 1, 1, 1, 2, 2, 0, 0, 1, 1, 1, 2, 2, 0, 1, 1, 1, 2, 3, 3, 0, 0, 0, 0, 1, 4, 4, 0, 0, 0, 0, 1, 3, 3, 0, 0, 1, 1, 1, 2, 2, 0, 0, 1, 1, 2, 2, 2, 0, 0, 1, 1, 1, 2, 1, 0, 0, 1, 1, 1, 2, 1, 0, 0, 0, 0, 2, 6, 7, 0, 0, 1, 1, 1, 3, 2]
-> max_window_size = 200
ORIGINAL FILE:
-> name: /Users/pablocerve/Documents/FING/Proyecto/datasets-csv/[5]el-nino/el-nino.csv
-> size (bytes): 9,820,158
COMPRESSED FILE:
-> name: /Users/pablocerve/Documents/FING/Proyecto/pc-tesis/dataset_parser/scripts/output/[5]el-nino/ca/el-nino.c.cpp.csv
-> size (bytes): 2,069,782
-> 21.08% of original


RESULTS
--------------------------(same file!)
CoderCA
-> error_threshold = [0, 0, 1, 1, 1, 2, 11, 12, 1, 0, 1, 1, 3, 9, 10, 0, 0, 1, 1, 2, 7, 8, 0, 0, 2, 1, 2, 3, 3, 1, 2, 2, 1, 2, 3, 3, 0, 4, 1, 1, 1, 3, 1, 0, 0, 1, 1, 2, 5, 6, 0, 1, 2, 1, 2, 3, 3, 0, 0, 1, 1, 2, 3, 2, 0, 0, 1, 1, 2, 3, 2, 0, 2, 2, 1, 2, 4, 3, 1, 2, 1, 1, 3, 3, 2, 0, 1, 2, 1, 2, 5, 6, 0, 8, 2, 1, 2, 4, 4, 1, 2, 1, 1, 3, 13, 15, 0, 0, 1, 1, 'N', 3, 'N', 0, 0, 1, 1, 'N', 4, 'N', 0, 1, 1, 1, 2, 9, 9, 0, 1, 1, 1, 2, 7, 8, 1, 1, 2, 1, 2, 3, 3, 0, 1, 1, 1, 2, 6, 7, 0, 0, 1, 1, 2, 3, 2, 0, 1, 1, 1, 2, 5, 5, 1, 3, 2, 2, 2, 4, 3, 0, 0, 1, 1, 'N', 5, 'N', 0, 0, 2, 1, 2, 3, 3, 0, 1, 2, 1, 3, 4, 5, 0, 0, 2, 1, 2, 4, 4, 0, 1, 1, 1, 2, 10, 8, 0, 2, 1, 1, 2, 10, 11, 0, 0, 1, 1, 2, 7, 9, 0, 2, 1, 1, 3, 6, 7, 0, 0, 1, 1, 2, 5, 6, 0, 0, 2, 1, 3, 4, 3, 0, 1, 2, 1, 2, 3, 3, 0, 1, 1, 1, 2, 4, 4, 0, 0, 2, 1, 2, 3, 4, 0, 1, 1, 1, 2, 12, 14, 0, 1, 1, 2, 3, 6, 5, 0, 0, 1, 2, 3, 6, 5, 0, 0, 1, 1, 2, 3, 3, 0, 0, 1, 2, 2, 5, 5, 0, 1, 2, 1, 2, 4, 3, 0, 0, 1, 2, 2, 4, 4, 0, 0, 2, 1, 2, 4, 3, 0, 0, 2, 1, 2, 3, 3, 0, 0, 1, 1, 3, 4, 3, 0, 0, 2, 1, 2, 3, 2, 1, 0, 1, 2, 3, 7, 5, 0, 0, 1, 1, 2, 8, 8, 0, 0, 1, 1, 2, 6, 6, 0, 0, 1, 1, 2, 4, 5, 0, 0, 1, 1, 2, 4, 4, 0, 0, 2, 1, 2, 4, 3, 0, 2, 2, 1, 3, 4, 2, 0, 0, 2, 1, 2, 3, 3, 0, 0, 2, 1, 2, 3, 2, 0, 0, 1, 1, 3, 12, 13, 0, 1, 2, 2, 'N', 4, 3, 0, 0, 2, 1, 2, 3, 3, 0, 0, 2, 2, 'N', 4, 3, 0, 1, 1, 2, 2, 4, 3, 0, 0, 2, 2, 3, 5, 4, 0, 0, 2, 2, 3, 4, 3, 0, 1, 1, 2, 2, 4, 3, 0, 0, 2, 1, 2, 3, 3, 0, 0, 2, 1, 2, 3, 3, 0, 0, 1, 1, 2, 3, 3, 0, 0, 1, 1, 2, 4, 3, 0, 1, 2, 2, 3, 5, 5, 0, 0, 1, 1, 2, 6, 7, 0, 0, 1, 1, 2, 5, 5, 0, 0, 2, 1, 2, 4, 3, 0, 1, 2, 2, 3, 4, 3, 0, 0, 2, 1, 2, 3, 2, 0, 0, 2, 1, 2, 3, 2, 0, 0, 1, 1, 3, 11, 11, 0, 0, 2, 2, 2, 4, 4]
-> max_window_size = 5
ORIGINAL FILE:
-> name: /Users/pablocerve/Documents/FING/Proyecto/datasets-csv/[5]el-nino/el-nino.csv
-> size (bytes): 9,820,158
COMPRESSED FILE:
-> name: /Users/pablocerve/Documents/FING/Proyecto/pc-tesis/dataset_parser/scripts/output/[5]el-nino/ca/el-nino.c.cpp.csv
-> size (bytes): 2,372,766
-> 24.16% of original


RESULTS
--------------------------(same file!)
CoderCA
-> error_threshold = [0, 0, 1, 1, 1, 2, 11, 12, 1, 0, 1, 1, 3, 9, 10, 0, 0, 1, 1, 2, 7, 8, 0, 0, 2, 1, 2, 3, 3, 1, 2, 2, 1, 2, 3, 3, 0, 4, 1, 1, 1, 3, 1, 0, 0, 1, 1, 2, 5, 6, 0, 1, 2, 1, 2, 3, 3, 0, 0, 1, 1, 2, 3, 2, 0, 0, 1, 1, 2, 3, 2, 0, 2, 2, 1, 2, 4, 3, 1, 2, 1, 1, 3, 3, 2, 0, 1, 2, 1, 2, 5, 6, 0, 8, 2, 1, 2, 4, 4, 1, 2, 1, 1, 3, 13, 15, 0, 0, 1, 1, 'N', 3, 'N', 0, 0, 1, 1, 'N', 4, 'N', 0, 1, 1, 1, 2, 9, 9, 0, 1, 1, 1, 2, 7, 8, 1, 1, 2, 1, 2, 3, 3, 0, 1, 1, 1, 2, 6, 7, 0, 0, 1, 1, 2, 3, 2, 0, 1, 1, 1, 2, 5, 5, 1, 3, 2, 2, 2, 4, 3, 0, 0, 1, 1, 'N', 5, 'N', 0, 0, 2, 1, 2, 3, 3, 0, 1, 2, 1, 3, 4, 5, 0, 0, 2, 1, 2, 4, 4, 0, 1, 1, 1, 2, 10, 8, 0, 2, 1, 1, 2, 10, 11, 0, 0, 1, 1, 2, 7, 9, 0, 2, 1, 1, 3, 6, 7, 0, 0, 1, 1, 2, 5, 6, 0, 0, 2, 1, 3, 4, 3, 0, 1, 2, 1, 2, 3, 3, 0, 1, 1, 1, 2, 4, 4, 0, 0, 2, 1, 2, 3, 4, 0, 1, 1, 1, 2, 12, 14, 0, 1, 1, 2, 3, 6, 5, 0, 0, 1, 2, 3, 6, 5, 0, 0, 1, 1, 2, 3, 3, 0, 0, 1, 2, 2, 5, 5, 0, 1, 2, 1, 2, 4, 3, 0, 0, 1, 2, 2, 4, 4, 0, 0, 2, 1, 2, 4, 3, 0, 0, 2, 1, 2, 3, 3, 0, 0, 1, 1, 3, 4, 3, 0, 0, 2, 1, 2, 3, 2, 1, 0, 1, 2, 3, 7, 5, 0, 0, 1, 1, 2, 8, 8, 0, 0, 1, 1, 2, 6, 6, 0, 0, 1, 1, 2, 4, 5, 0, 0, 1, 1, 2, 4, 4, 0, 0, 2, 1, 2, 4, 3, 0, 2, 2, 1, 3, 4, 2, 0, 0, 2, 1, 2, 3, 3, 0, 0, 2, 1, 2, 3, 2, 0, 0, 1, 1, 3, 12, 13, 0, 1, 2, 2, 'N', 4, 3, 0, 0, 2, 1, 2, 3, 3, 0, 0, 2, 2, 'N', 4, 3, 0, 1, 1, 2, 2, 4, 3, 0, 0, 2, 2, 3, 5, 4, 0, 0, 2, 2, 3, 4, 3, 0, 1, 1, 2, 2, 4, 3, 0, 0, 2, 1, 2, 3, 3, 0, 0, 2, 1, 2, 3, 3, 0, 0, 1, 1, 2, 3, 3, 0, 0, 1, 1, 2, 4, 3, 0, 1, 2, 2, 3, 5, 5, 0, 0, 1, 1, 2, 6, 7, 0, 0, 1, 1, 2, 5, 5, 0, 0, 2, 1, 2, 4, 3, 0, 1, 2, 2, 3, 4, 3, 0, 0, 2, 1, 2, 3, 2, 0, 0, 2, 1, 2, 3, 2, 0, 0, 1, 1, 3, 11, 11, 0, 0, 2, 2, 2, 4, 4]
-> max_window_size = 10
ORIGINAL FILE:
-> name: /Users/pablocerve/Documents/FING/Proyecto/datasets-csv/[5]el-nino/el-nino.csv
-> size (bytes): 9,820,158
COMPRESSED FILE:
-> name: /Users/pablocerve/Documents/FING/Proyecto/pc-tesis/dataset_parser/scripts/output/[5]el-nino/ca/el-nino.c.cpp.csv
-> size (bytes): 2,023,157
-> 20.6% of original


RESULTS
--------------------------(same file!)
CoderCA
-> error_threshold = [0, 0, 1, 1, 1, 2, 11, 12, 1, 0, 1, 1, 3, 9, 10, 0, 0, 1, 1, 2, 7, 8, 0, 0, 2, 1, 2, 3, 3, 1, 2, 2, 1, 2, 3, 3, 0, 4, 1, 1, 1, 3, 1, 0, 0, 1, 1, 2, 5, 6, 0, 1, 2, 1, 2, 3, 3, 0, 0, 1, 1, 2, 3, 2, 0, 0, 1, 1, 2, 3, 2, 0, 2, 2, 1, 2, 4, 3, 1, 2, 1, 1, 3, 3, 2, 0, 1, 2, 1, 2, 5, 6, 0, 8, 2, 1, 2, 4, 4, 1, 2, 1, 1, 3, 13, 15, 0, 0, 1, 1, 'N', 3, 'N', 0, 0, 1, 1, 'N', 4, 'N', 0, 1, 1, 1, 2, 9, 9, 0, 1, 1, 1, 2, 7, 8, 1, 1, 2, 1, 2, 3, 3, 0, 1, 1, 1, 2, 6, 7, 0, 0, 1, 1, 2, 3, 2, 0, 1, 1, 1, 2, 5, 5, 1, 3, 2, 2, 2, 4, 3, 0, 0, 1, 1, 'N', 5, 'N', 0, 0, 2, 1, 2, 3, 3, 0, 1, 2, 1, 3, 4, 5, 0, 0, 2, 1, 2, 4, 4, 0, 1, 1, 1, 2, 10, 8, 0, 2, 1, 1, 2, 10, 11, 0, 0, 1, 1, 2, 7, 9, 0, 2, 1, 1, 3, 6, 7, 0, 0, 1, 1, 2, 5, 6, 0, 0, 2, 1, 3, 4, 3, 0, 1, 2, 1, 2, 3, 3, 0, 1, 1, 1, 2, 4, 4, 0, 0, 2, 1, 2, 3, 4, 0, 1, 1, 1, 2, 12, 14, 0, 1, 1, 2, 3, 6, 5, 0, 0, 1, 2, 3, 6, 5, 0, 0, 1, 1, 2, 3, 3, 0, 0, 1, 2, 2, 5, 5, 0, 1, 2, 1, 2, 4, 3, 0, 0, 1, 2, 2, 4, 4, 0, 0, 2, 1, 2, 4, 3, 0, 0, 2, 1, 2, 3, 3, 0, 0, 1, 1, 3, 4, 3, 0, 0, 2, 1, 2, 3, 2, 1, 0, 1, 2, 3, 7, 5, 0, 0, 1, 1, 2, 8, 8, 0, 0, 1, 1, 2, 6, 6, 0, 0, 1, 1, 2, 4, 5, 0, 0, 1, 1, 2, 4, 4, 0, 0, 2, 1, 2, 4, 3, 0, 2, 2, 1, 3, 4, 2, 0, 0, 2, 1, 2, 3, 3, 0, 0, 2, 1, 2, 3, 2, 0, 0, 1, 1, 3, 12, 13, 0, 1, 2, 2, 'N', 4, 3, 0, 0, 2, 1, 2, 3, 3, 0, 0, 2, 2, 'N', 4, 3, 0, 1, 1, 2, 2, 4, 3, 0, 0, 2, 2, 3, 5, 4, 0, 0, 2, 2, 3, 4, 3, 0, 1, 1, 2, 2, 4, 3, 0, 0, 2, 1, 2, 3, 3, 0, 0, 2, 1, 2, 3, 3, 0, 0, 1, 1, 2, 3, 3, 0, 0, 1, 1, 2, 4, 3, 0, 1, 2, 2, 3, 5, 5, 0, 0, 1, 1, 2, 6, 7, 0, 0, 1, 1, 2, 5, 5, 0, 0, 2, 1, 2, 4, 3, 0, 1, 2, 2, 3, 4, 3, 0, 0, 2, 1, 2, 3, 2, 0, 0, 2, 1, 2, 3, 2, 0, 0, 1, 1, 3, 11, 11, 0, 0, 2, 2, 2, 4, 4]
-> max_window_size = 25
ORIGINAL FILE:
-> name: /Users/pablocerve/Documents/FING/Proyecto/datasets-csv/[5]el-nino/el-nino.csv
-> size (bytes): 9,820,158
COMPRESSED FILE:
-> name: /Users/pablocerve/Documents/FING/Proyecto/pc-tesis/dataset_parser/scripts/output/[5]el-nino/ca/el-nino.c.cpp.csv
-> size (bytes): 1,835,077
-> 18.69% of original


RESULTS
--------------------------(same file!)
CoderCA
-> error_threshold = [0, 0, 1, 1, 1, 2, 11, 12, 1, 0, 1, 1, 3, 9, 10, 0, 0, 1, 1, 2, 7, 8, 0, 0, 2, 1, 2, 3, 3, 1, 2, 2, 1, 2, 3, 3, 0, 4, 1, 1, 1, 3, 1, 0, 0, 1, 1, 2, 5, 6, 0, 1, 2, 1, 2, 3, 3, 0, 0, 1, 1, 2, 3, 2, 0, 0, 1, 1, 2, 3, 2, 0, 2, 2, 1, 2, 4, 3, 1, 2, 1, 1, 3, 3, 2, 0, 1, 2, 1, 2, 5, 6, 0, 8, 2, 1, 2, 4, 4, 1, 2, 1, 1, 3, 13, 15, 0, 0, 1, 1, 'N', 3, 'N', 0, 0, 1, 1, 'N', 4, 'N', 0, 1, 1, 1, 2, 9, 9, 0, 1, 1, 1, 2, 7, 8, 1, 1, 2, 1, 2, 3, 3, 0, 1, 1, 1, 2, 6, 7, 0, 0, 1, 1, 2, 3, 2, 0, 1, 1, 1, 2, 5, 5, 1, 3, 2, 2, 2, 4, 3, 0, 0, 1, 1, 'N', 5, 'N', 0, 0, 2, 1, 2, 3, 3, 0, 1, 2, 1, 3, 4, 5, 0, 0, 2, 1, 2, 4, 4, 0, 1, 1, 1, 2, 10, 8, 0, 2, 1, 1, 2, 10, 11, 0, 0, 1, 1, 2, 7, 9, 0, 2, 1, 1, 3, 6, 7, 0, 0, 1, 1, 2, 5, 6, 0, 0, 2, 1, 3, 4, 3, 0, 1, 2, 1, 2, 3, 3, 0, 1, 1, 1, 2, 4, 4, 0, 0, 2, 1, 2, 3, 4, 0, 1, 1, 1, 2, 12, 14, 0, 1, 1, 2, 3, 6, 5, 0, 0, 1, 2, 3, 6, 5, 0, 0, 1, 1, 2, 3, 3, 0, 0, 1, 2, 2, 5, 5, 0, 1, 2, 1, 2, 4, 3, 0, 0, 1, 2, 2, 4, 4, 0, 0, 2, 1, 2, 4, 3, 0, 0, 2, 1, 2, 3, 3, 0, 0, 1, 1, 3, 4, 3, 0, 0, 2, 1, 2, 3, 2, 1, 0, 1, 2, 3, 7, 5, 0, 0, 1, 1, 2, 8, 8, 0, 0, 1, 1, 2, 6, 6, 0, 0, 1, 1, 2, 4, 5, 0, 0, 1, 1, 2, 4, 4, 0, 0, 2, 1, 2, 4, 3, 0, 2, 2, 1, 3, 4, 2, 0, 0, 2, 1, 2, 3, 3, 0, 0, 2, 1, 2, 3, 2, 0, 0, 1, 1, 3, 12, 13, 0, 1, 2, 2, 'N', 4, 3, 0, 0, 2, 1, 2, 3, 3, 0, 0, 2, 2, 'N', 4, 3, 0, 1, 1, 2, 2, 4, 3, 0, 0, 2, 2, 3, 5, 4, 0, 0, 2, 2, 3, 4, 3, 0, 1, 1, 2, 2, 4, 3, 0, 0, 2, 1, 2, 3, 3, 0, 0, 2, 1, 2, 3, 3, 0, 0, 1, 1, 2, 3, 3, 0, 0, 1, 1, 2, 4, 3, 0, 1, 2, 2, 3, 5, 5, 0, 0, 1, 1, 2, 6, 7, 0, 0, 1, 1, 2, 5, 5, 0, 0, 2, 1, 2, 4, 3, 0, 1, 2, 2, 3, 4, 3, 0, 0, 2, 1, 2, 3, 2, 0, 0, 2, 1, 2, 3, 2, 0, 0, 1, 1, 3, 11, 11, 0, 0, 2, 2, 2, 4, 4]
-> max_window_size = 50
ORIGINAL FILE:
-> name: /Users/pablocerve/Documents/FING/Proyecto/datasets-csv/[5]el-nino/el-nino.csv
-> size (bytes): 9,820,158
COMPRESSED FILE:
-> name: /Users/pablocerve/Documents/FING/Proyecto/pc-tesis/dataset_parser/scripts/output/[5]el-nino/ca/el-nino.c.cpp.csv
-> size (bytes): 1,839,327
-> 18.73% of original


RESULTS
--------------------------(same file!)
CoderCA
-> error_threshold = [0, 0, 1, 1, 1, 2, 11, 12, 1, 0, 1, 1, 3, 9, 10, 0, 0, 1, 1, 2, 7, 8, 0, 0, 2, 1, 2, 3, 3, 1, 2, 2, 1, 2, 3, 3, 0, 4, 1, 1, 1, 3, 1, 0, 0, 1, 1, 2, 5, 6, 0, 1, 2, 1, 2, 3, 3, 0, 0, 1, 1, 2, 3, 2, 0, 0, 1, 1, 2, 3, 2, 0, 2, 2, 1, 2, 4, 3, 1, 2, 1, 1, 3, 3, 2, 0, 1, 2, 1, 2, 5, 6, 0, 8, 2, 1, 2, 4, 4, 1, 2, 1, 1, 3, 13, 15, 0, 0, 1, 1, 'N', 3, 'N', 0, 0, 1, 1, 'N', 4, 'N', 0, 1, 1, 1, 2, 9, 9, 0, 1, 1, 1, 2, 7, 8, 1, 1, 2, 1, 2, 3, 3, 0, 1, 1, 1, 2, 6, 7, 0, 0, 1, 1, 2, 3, 2, 0, 1, 1, 1, 2, 5, 5, 1, 3, 2, 2, 2, 4, 3, 0, 0, 1, 1, 'N', 5, 'N', 0, 0, 2, 1, 2, 3, 3, 0, 1, 2, 1, 3, 4, 5, 0, 0, 2, 1, 2, 4, 4, 0, 1, 1, 1, 2, 10, 8, 0, 2, 1, 1, 2, 10, 11, 0, 0, 1, 1, 2, 7, 9, 0, 2, 1, 1, 3, 6, 7, 0, 0, 1, 1, 2, 5, 6, 0, 0, 2, 1, 3, 4, 3, 0, 1, 2, 1, 2, 3, 3, 0, 1, 1, 1, 2, 4, 4, 0, 0, 2, 1, 2, 3, 4, 0, 1, 1, 1, 2, 12, 14, 0, 1, 1, 2, 3, 6, 5, 0, 0, 1, 2, 3, 6, 5, 0, 0, 1, 1, 2, 3, 3, 0, 0, 1, 2, 2, 5, 5, 0, 1, 2, 1, 2, 4, 3, 0, 0, 1, 2, 2, 4, 4, 0, 0, 2, 1, 2, 4, 3, 0, 0, 2, 1, 2, 3, 3, 0, 0, 1, 1, 3, 4, 3, 0, 0, 2, 1, 2, 3, 2, 1, 0, 1, 2, 3, 7, 5, 0, 0, 1, 1, 2, 8, 8, 0, 0, 1, 1, 2, 6, 6, 0, 0, 1, 1, 2, 4, 5, 0, 0, 1, 1, 2, 4, 4, 0, 0, 2, 1, 2, 4, 3, 0, 2, 2, 1, 3, 4, 2, 0, 0, 2, 1, 2, 3, 3, 0, 0, 2, 1, 2, 3, 2, 0, 0, 1, 1, 3, 12, 13, 0, 1, 2, 2, 'N', 4, 3, 0, 0, 2, 1, 2, 3, 3, 0, 0, 2, 2, 'N', 4, 3, 0, 1, 1, 2, 2, 4, 3, 0, 0, 2, 2, 3, 5, 4, 0, 0, 2, 2, 3, 4, 3, 0, 1, 1, 2, 2, 4, 3, 0, 0, 2, 1, 2, 3, 3, 0, 0, 2, 1, 2, 3, 3, 0, 0, 1, 1, 2, 3, 3, 0, 0, 1, 1, 2, 4, 3, 0, 1, 2, 2, 3, 5, 5, 0, 0, 1, 1, 2, 6, 7, 0, 0, 1, 1, 2, 5, 5, 0, 0, 2, 1, 2, 4, 3, 0, 1, 2, 2, 3, 4, 3, 0, 0, 2, 1, 2, 3, 2, 0, 0, 2, 1, 2, 3, 2, 0, 0, 1, 1, 3, 11, 11, 0, 0, 2, 2, 2, 4, 4]
-> max_window_size = 100
ORIGINAL FILE:
-> name: /Users/pablocerve/Documents/FING/Proyecto/datasets-csv/[5]el-nino/el-nino.csv
-> size (bytes): 9,820,158
COMPRESSED FILE:
-> name: /Users/pablocerve/Documents/FING/Proyecto/pc-tesis/dataset_parser/scripts/output/[5]el-nino/ca/el-nino.c.cpp.csv
-> size (bytes): 1,890,500
-> 19.25% of original


RESULTS
--------------------------(same file!)
CoderCA
-> error_threshold = [0, 0, 1, 1, 1, 2, 11, 12, 1, 0, 1, 1, 3, 9, 10, 0, 0, 1, 1, 2, 7, 8, 0, 0, 2, 1, 2, 3, 3, 1, 2, 2, 1, 2, 3, 3, 0, 4, 1, 1, 1, 3, 1, 0, 0, 1, 1, 2, 5, 6, 0, 1, 2, 1, 2, 3, 3, 0, 0, 1, 1, 2, 3, 2, 0, 0, 1, 1, 2, 3, 2, 0, 2, 2, 1, 2, 4, 3, 1, 2, 1, 1, 3, 3, 2, 0, 1, 2, 1, 2, 5, 6, 0, 8, 2, 1, 2, 4, 4, 1, 2, 1, 1, 3, 13, 15, 0, 0, 1, 1, 'N', 3, 'N', 0, 0, 1, 1, 'N', 4, 'N', 0, 1, 1, 1, 2, 9, 9, 0, 1, 1, 1, 2, 7, 8, 1, 1, 2, 1, 2, 3, 3, 0, 1, 1, 1, 2, 6, 7, 0, 0, 1, 1, 2, 3, 2, 0, 1, 1, 1, 2, 5, 5, 1, 3, 2, 2, 2, 4, 3, 0, 0, 1, 1, 'N', 5, 'N', 0, 0, 2, 1, 2, 3, 3, 0, 1, 2, 1, 3, 4, 5, 0, 0, 2, 1, 2, 4, 4, 0, 1, 1, 1, 2, 10, 8, 0, 2, 1, 1, 2, 10, 11, 0, 0, 1, 1, 2, 7, 9, 0, 2, 1, 1, 3, 6, 7, 0, 0, 1, 1, 2, 5, 6, 0, 0, 2, 1, 3, 4, 3, 0, 1, 2, 1, 2, 3, 3, 0, 1, 1, 1, 2, 4, 4, 0, 0, 2, 1, 2, 3, 4, 0, 1, 1, 1, 2, 12, 14, 0, 1, 1, 2, 3, 6, 5, 0, 0, 1, 2, 3, 6, 5, 0, 0, 1, 1, 2, 3, 3, 0, 0, 1, 2, 2, 5, 5, 0, 1, 2, 1, 2, 4, 3, 0, 0, 1, 2, 2, 4, 4, 0, 0, 2, 1, 2, 4, 3, 0, 0, 2, 1, 2, 3, 3, 0, 0, 1, 1, 3, 4, 3, 0, 0, 2, 1, 2, 3, 2, 1, 0, 1, 2, 3, 7, 5, 0, 0, 1, 1, 2, 8, 8, 0, 0, 1, 1, 2, 6, 6, 0, 0, 1, 1, 2, 4, 5, 0, 0, 1, 1, 2, 4, 4, 0, 0, 2, 1, 2, 4, 3, 0, 2, 2, 1, 3, 4, 2, 0, 0, 2, 1, 2, 3, 3, 0, 0, 2, 1, 2, 3, 2, 0, 0, 1, 1, 3, 12, 13, 0, 1, 2, 2, 'N', 4, 3, 0, 0, 2, 1, 2, 3, 3, 0, 0, 2, 2, 'N', 4, 3, 0, 1, 1, 2, 2, 4, 3, 0, 0, 2, 2, 3, 5, 4, 0, 0, 2, 2, 3, 4, 3, 0, 1, 1, 2, 2, 4, 3, 0, 0, 2, 1, 2, 3, 3, 0, 0, 2, 1, 2, 3, 3, 0, 0, 1, 1, 2, 3, 3, 0, 0, 1, 1, 2, 4, 3, 0, 1, 2, 2, 3, 5, 5, 0, 0, 1, 1, 2, 6, 7, 0, 0, 1, 1, 2, 5, 5, 0, 0, 2, 1, 2, 4, 3, 0, 1, 2, 2, 3, 4, 3, 0, 0, 2, 1, 2, 3, 2, 0, 0, 2, 1, 2, 3, 2, 0, 0, 1, 1, 3, 11, 11, 0, 0, 2, 2, 2, 4, 4]
-> max_window_size = 200
ORIGINAL FILE:
-> name: /Users/pablocerve/Documents/FING/Proyecto/datasets-csv/[5]el-nino/el-nino.csv
-> size (bytes): 9,820,158
COMPRESSED FILE:
-> name: /Users/pablocerve/Documents/FING/Proyecto/pc-tesis/dataset_parser/scripts/output/[5]el-nino/ca/el-nino.c.cpp.csv
-> size (bytes): 1,966,022
-> 20.02% of original


RESULTS
--------------------------(same file!)
CoderCA
-> error_threshold = [0, 0, 3, 2, 2, 5, 21, 24, 1, 1, 2, 2, 5, 17, 20, 0, 1, 2, 2, 4, 14, 16, 0, 0, 4, 2, 4, 7, 5, 1, 4, 3, 2, 5, 6, 5, 1, 9, 2, 3, 2, 5, 3, 0, 1, 3, 2, 4, 10, 13, 1, 2, 3, 3, 5, 7, 5, 0, 0, 3, 3, 4, 6, 4, 0, 0, 3, 2, 3, 6, 3, 1, 4, 4, 2, 4, 7, 7, 2, 3, 2, 2, 5, 7, 4, 0, 3, 3, 2, 5, 10, 12, 1, 17, 3, 2, 5, 7, 9, 1, 4, 2, 2, 6, 26, 30, 0, 0, 3, 2, 'N', 6, 'N', 0, 0, 3, 2, 'N', 8, 'N', 1, 2, 2, 2, 4, 18, 18, 0, 2, 2, 3, 5, 15, 16, 2, 3, 3, 2, 4, 7, 6, 1, 2, 2, 2, 4, 13, 14, 1, 0, 3, 3, 5, 7, 4, 0, 1, 2, 2, 4, 9, 10, 1, 5, 3, 3, 5, 8, 6, 0, 0, 2, 2, 'N', 10, 'N', 0, 1, 4, 3, 5, 7, 6, 0, 2, 3, 2, 6, 8, 9, 0, 0, 3, 2, 5, 7, 7, 1, 3, 2, 3, 4, 20, 17, 1, 3, 2, 2, 5, 19, 21, 0, 0, 2, 2, 5, 14, 17, 1, 4, 2, 2, 5, 12, 14, 0, 0, 3, 2, 4, 10, 12, 0, 1, 3, 3, 6, 8, 6, 0, 3, 4, 3, 5, 7, 6, 1, 3, 3, 2, 5, 8, 8, 0, 0, 3, 2, 4, 6, 7, 0, 1, 2, 2, 5, 24, 28, 0, 2, 2, 3, 6, 12, 10, 1, 0, 2, 4, 5, 12, 10, 0, 0, 3, 2, 4, 7, 6, 1, 1, 2, 3, 5, 9, 10, 0, 1, 3, 3, 4, 8, 5, 0, 0, 3, 3, 5, 7, 8, 0, 1, 3, 3, 4, 7, 5, 0, 0, 4, 3, 5, 7, 6, 0, 0, 3, 3, 5, 7, 6, 0, 0, 3, 3, 5, 6, 5, 1, 0, 3, 4, 5, 13, 10, 0, 1, 1, 2, 4, 15, 16, 0, 1, 2, 2, 4, 12, 12, 0, 0, 2, 2, 4, 8, 10, 0, 0, 3, 2, 5, 8, 8, 0, 0, 3, 3, 4, 8, 7, 1, 3, 4, 2, 5, 8, 5, 0, 0, 3, 2, 5, 6, 6, 0, 0, 4, 2, 5, 6, 4, 0, 1, 1, 1, 6, 23, 25, 0, 1, 3, 4, 'N', 8, 6, 0, 1, 3, 3, 4, 7, 7, 0, 1, 3, 4, 'N', 7, 7, 0, 2, 2, 4, 4, 8, 7, 0, 0, 4, 4, 5, 10, 7, 0, 0, 3, 4, 6, 8, 6, 1, 1, 3, 3, 5, 8, 6, 0, 0, 3, 3, 4, 6, 6, 0, 0, 3, 3, 4, 7, 7, 0, 0, 3, 3, 4, 7, 7, 0, 0, 3, 3, 4, 7, 7, 0, 2, 4, 3, 5, 11, 10, 0, 0, 1, 2, 4, 12, 13, 1, 0, 1, 2, 4, 9, 9, 0, 0, 3, 2, 5, 7, 5, 0, 1, 4, 3, 6, 7, 6, 0, 0, 4, 2, 5, 6, 4, 0, 1, 4, 2, 5, 7, 4, 0, 0, 1, 1, 5, 22, 22, 0, 0, 3, 4, 5, 8, 8]
-> max_window_size = 5
ORIGINAL FILE:
-> name: /Users/pablocerve/Documents/FING/Proyecto/datasets-csv/[5]el-nino/el-nino.csv
-> size (bytes): 9,820,158
COMPRESSED FILE:
-> name: /Users/pablocerve/Documents/FING/Proyecto/pc-tesis/dataset_parser/scripts/output/[5]el-nino/ca/el-nino.c.cpp.csv
-> size (bytes): 2,230,753
-> 22.72% of original


RESULTS
--------------------------(same file!)
CoderCA
-> error_threshold = [0, 0, 3, 2, 2, 5, 21, 24, 1, 1, 2, 2, 5, 17, 20, 0, 1, 2, 2, 4, 14, 16, 0, 0, 4, 2, 4, 7, 5, 1, 4, 3, 2, 5, 6, 5, 1, 9, 2, 3, 2, 5, 3, 0, 1, 3, 2, 4, 10, 13, 1, 2, 3, 3, 5, 7, 5, 0, 0, 3, 3, 4, 6, 4, 0, 0, 3, 2, 3, 6, 3, 1, 4, 4, 2, 4, 7, 7, 2, 3, 2, 2, 5, 7, 4, 0, 3, 3, 2, 5, 10, 12, 1, 17, 3, 2, 5, 7, 9, 1, 4, 2, 2, 6, 26, 30, 0, 0, 3, 2, 'N', 6, 'N', 0, 0, 3, 2, 'N', 8, 'N', 1, 2, 2, 2, 4, 18, 18, 0, 2, 2, 3, 5, 15, 16, 2, 3, 3, 2, 4, 7, 6, 1, 2, 2, 2, 4, 13, 14, 1, 0, 3, 3, 5, 7, 4, 0, 1, 2, 2, 4, 9, 10, 1, 5, 3, 3, 5, 8, 6, 0, 0, 2, 2, 'N', 10, 'N', 0, 1, 4, 3, 5, 7, 6, 0, 2, 3, 2, 6, 8, 9, 0, 0, 3, 2, 5, 7, 7, 1, 3, 2, 3, 4, 20, 17, 1, 3, 2, 2, 5, 19, 21, 0, 0, 2, 2, 5, 14, 17, 1, 4, 2, 2, 5, 12, 14, 0, 0, 3, 2, 4, 10, 12, 0, 1, 3, 3, 6, 8, 6, 0, 3, 4, 3, 5, 7, 6, 1, 3, 3, 2, 5, 8, 8, 0, 0, 3, 2, 4, 6, 7, 0, 1, 2, 2, 5, 24, 28, 0, 2, 2, 3, 6, 12, 10, 1, 0, 2, 4, 5, 12, 10, 0, 0, 3, 2, 4, 7, 6, 1, 1, 2, 3, 5, 9, 10, 0, 1, 3, 3, 4, 8, 5, 0, 0, 3, 3, 5, 7, 8, 0, 1, 3, 3, 4, 7, 5, 0, 0, 4, 3, 5, 7, 6, 0, 0, 3, 3, 5, 7, 6, 0, 0, 3, 3, 5, 6, 5, 1, 0, 3, 4, 5, 13, 10, 0, 1, 1, 2, 4, 15, 16, 0, 1, 2, 2, 4, 12, 12, 0, 0, 2, 2, 4, 8, 10, 0, 0, 3, 2, 5, 8, 8, 0, 0, 3, 3, 4, 8, 7, 1, 3, 4, 2, 5, 8, 5, 0, 0, 3, 2, 5, 6, 6, 0, 0, 4, 2, 5, 6, 4, 0, 1, 1, 1, 6, 23, 25, 0, 1, 3, 4, 'N', 8, 6, 0, 1, 3, 3, 4, 7, 7, 0, 1, 3, 4, 'N', 7, 7, 0, 2, 2, 4, 4, 8, 7, 0, 0, 4, 4, 5, 10, 7, 0, 0, 3, 4, 6, 8, 6, 1, 1, 3, 3, 5, 8, 6, 0, 0, 3, 3, 4, 6, 6, 0, 0, 3, 3, 4, 7, 7, 0, 0, 3, 3, 4, 7, 7, 0, 0, 3, 3, 4, 7, 7, 0, 2, 4, 3, 5, 11, 10, 0, 0, 1, 2, 4, 12, 13, 1, 0, 1, 2, 4, 9, 9, 0, 0, 3, 2, 5, 7, 5, 0, 1, 4, 3, 6, 7, 6, 0, 0, 4, 2, 5, 6, 4, 0, 1, 4, 2, 5, 7, 4, 0, 0, 1, 1, 5, 22, 22, 0, 0, 3, 4, 5, 8, 8]
-> max_window_size = 10
ORIGINAL FILE:
-> name: /Users/pablocerve/Documents/FING/Proyecto/datasets-csv/[5]el-nino/el-nino.csv
-> size (bytes): 9,820,158
COMPRESSED FILE:
-> name: /Users/pablocerve/Documents/FING/Proyecto/pc-tesis/dataset_parser/scripts/output/[5]el-nino/ca/el-nino.c.cpp.csv
-> size (bytes): 1,850,008
-> 18.84% of original


RESULTS
--------------------------(same file!)
CoderCA
-> error_threshold = [0, 0, 3, 2, 2, 5, 21, 24, 1, 1, 2, 2, 5, 17, 20, 0, 1, 2, 2, 4, 14, 16, 0, 0, 4, 2, 4, 7, 5, 1, 4, 3, 2, 5, 6, 5, 1, 9, 2, 3, 2, 5, 3, 0, 1, 3, 2, 4, 10, 13, 1, 2, 3, 3, 5, 7, 5, 0, 0, 3, 3, 4, 6, 4, 0, 0, 3, 2, 3, 6, 3, 1, 4, 4, 2, 4, 7, 7, 2, 3, 2, 2, 5, 7, 4, 0, 3, 3, 2, 5, 10, 12, 1, 17, 3, 2, 5, 7, 9, 1, 4, 2, 2, 6, 26, 30, 0, 0, 3, 2, 'N', 6, 'N', 0, 0, 3, 2, 'N', 8, 'N', 1, 2, 2, 2, 4, 18, 18, 0, 2, 2, 3, 5, 15, 16, 2, 3, 3, 2, 4, 7, 6, 1, 2, 2, 2, 4, 13, 14, 1, 0, 3, 3, 5, 7, 4, 0, 1, 2, 2, 4, 9, 10, 1, 5, 3, 3, 5, 8, 6, 0, 0, 2, 2, 'N', 10, 'N', 0, 1, 4, 3, 5, 7, 6, 0, 2, 3, 2, 6, 8, 9, 0, 0, 3, 2, 5, 7, 7, 1, 3, 2, 3, 4, 20, 17, 1, 3, 2, 2, 5, 19, 21, 0, 0, 2, 2, 5, 14, 17, 1, 4, 2, 2, 5, 12, 14, 0, 0, 3, 2, 4, 10, 12, 0, 1, 3, 3, 6, 8, 6, 0, 3, 4, 3, 5, 7, 6, 1, 3, 3, 2, 5, 8, 8, 0, 0, 3, 2, 4, 6, 7, 0, 1, 2, 2, 5, 24, 28, 0, 2, 2, 3, 6, 12, 10, 1, 0, 2, 4, 5, 12, 10, 0, 0, 3, 2, 4, 7, 6, 1, 1, 2, 3, 5, 9, 10, 0, 1, 3, 3, 4, 8, 5, 0, 0, 3, 3, 5, 7, 8, 0, 1, 3, 3, 4, 7, 5, 0, 0, 4, 3, 5, 7, 6, 0, 0, 3, 3, 5, 7, 6, 0, 0, 3, 3, 5, 6, 5, 1, 0, 3, 4, 5, 13, 10, 0, 1, 1, 2, 4, 15, 16, 0, 1, 2, 2, 4, 12, 12, 0, 0, 2, 2, 4, 8, 10, 0, 0, 3, 2, 5, 8, 8, 0, 0, 3, 3, 4, 8, 7, 1, 3, 4, 2, 5, 8, 5, 0, 0, 3, 2, 5, 6, 6, 0, 0, 4, 2, 5, 6, 4, 0, 1, 1, 1, 6, 23, 25, 0, 1, 3, 4, 'N', 8, 6, 0, 1, 3, 3, 4, 7, 7, 0, 1, 3, 4, 'N', 7, 7, 0, 2, 2, 4, 4, 8, 7, 0, 0, 4, 4, 5, 10, 7, 0, 0, 3, 4, 6, 8, 6, 1, 1, 3, 3, 5, 8, 6, 0, 0, 3, 3, 4, 6, 6, 0, 0, 3, 3, 4, 7, 7, 0, 0, 3, 3, 4, 7, 7, 0, 0, 3, 3, 4, 7, 7, 0, 2, 4, 3, 5, 11, 10, 0, 0, 1, 2, 4, 12, 13, 1, 0, 1, 2, 4, 9, 9, 0, 0, 3, 2, 5, 7, 5, 0, 1, 4, 3, 6, 7, 6, 0, 0, 4, 2, 5, 6, 4, 0, 1, 4, 2, 5, 7, 4, 0, 0, 1, 1, 5, 22, 22, 0, 0, 3, 4, 5, 8, 8]
-> max_window_size = 25
ORIGINAL FILE:
-> name: /Users/pablocerve/Documents/FING/Proyecto/datasets-csv/[5]el-nino/el-nino.csv
-> size (bytes): 9,820,158
COMPRESSED FILE:
-> name: /Users/pablocerve/Documents/FING/Proyecto/pc-tesis/dataset_parser/scripts/output/[5]el-nino/ca/el-nino.c.cpp.csv
-> size (bytes): 1,638,398
-> 16.68% of original


RESULTS
--------------------------(same file!)
CoderCA
-> error_threshold = [0, 0, 3, 2, 2, 5, 21, 24, 1, 1, 2, 2, 5, 17, 20, 0, 1, 2, 2, 4, 14, 16, 0, 0, 4, 2, 4, 7, 5, 1, 4, 3, 2, 5, 6, 5, 1, 9, 2, 3, 2, 5, 3, 0, 1, 3, 2, 4, 10, 13, 1, 2, 3, 3, 5, 7, 5, 0, 0, 3, 3, 4, 6, 4, 0, 0, 3, 2, 3, 6, 3, 1, 4, 4, 2, 4, 7, 7, 2, 3, 2, 2, 5, 7, 4, 0, 3, 3, 2, 5, 10, 12, 1, 17, 3, 2, 5, 7, 9, 1, 4, 2, 2, 6, 26, 30, 0, 0, 3, 2, 'N', 6, 'N', 0, 0, 3, 2, 'N', 8, 'N', 1, 2, 2, 2, 4, 18, 18, 0, 2, 2, 3, 5, 15, 16, 2, 3, 3, 2, 4, 7, 6, 1, 2, 2, 2, 4, 13, 14, 1, 0, 3, 3, 5, 7, 4, 0, 1, 2, 2, 4, 9, 10, 1, 5, 3, 3, 5, 8, 6, 0, 0, 2, 2, 'N', 10, 'N', 0, 1, 4, 3, 5, 7, 6, 0, 2, 3, 2, 6, 8, 9, 0, 0, 3, 2, 5, 7, 7, 1, 3, 2, 3, 4, 20, 17, 1, 3, 2, 2, 5, 19, 21, 0, 0, 2, 2, 5, 14, 17, 1, 4, 2, 2, 5, 12, 14, 0, 0, 3, 2, 4, 10, 12, 0, 1, 3, 3, 6, 8, 6, 0, 3, 4, 3, 5, 7, 6, 1, 3, 3, 2, 5, 8, 8, 0, 0, 3, 2, 4, 6, 7, 0, 1, 2, 2, 5, 24, 28, 0, 2, 2, 3, 6, 12, 10, 1, 0, 2, 4, 5, 12, 10, 0, 0, 3, 2, 4, 7, 6, 1, 1, 2, 3, 5, 9, 10, 0, 1, 3, 3, 4, 8, 5, 0, 0, 3, 3, 5, 7, 8, 0, 1, 3, 3, 4, 7, 5, 0, 0, 4, 3, 5, 7, 6, 0, 0, 3, 3, 5, 7, 6, 0, 0, 3, 3, 5, 6, 5, 1, 0, 3, 4, 5, 13, 10, 0, 1, 1, 2, 4, 15, 16, 0, 1, 2, 2, 4, 12, 12, 0, 0, 2, 2, 4, 8, 10, 0, 0, 3, 2, 5, 8, 8, 0, 0, 3, 3, 4, 8, 7, 1, 3, 4, 2, 5, 8, 5, 0, 0, 3, 2, 5, 6, 6, 0, 0, 4, 2, 5, 6, 4, 0, 1, 1, 1, 6, 23, 25, 0, 1, 3, 4, 'N', 8, 6, 0, 1, 3, 3, 4, 7, 7, 0, 1, 3, 4, 'N', 7, 7, 0, 2, 2, 4, 4, 8, 7, 0, 0, 4, 4, 5, 10, 7, 0, 0, 3, 4, 6, 8, 6, 1, 1, 3, 3, 5, 8, 6, 0, 0, 3, 3, 4, 6, 6, 0, 0, 3, 3, 4, 7, 7, 0, 0, 3, 3, 4, 7, 7, 0, 0, 3, 3, 4, 7, 7, 0, 2, 4, 3, 5, 11, 10, 0, 0, 1, 2, 4, 12, 13, 1, 0, 1, 2, 4, 9, 9, 0, 0, 3, 2, 5, 7, 5, 0, 1, 4, 3, 6, 7, 6, 0, 0, 4, 2, 5, 6, 4, 0, 1, 4, 2, 5, 7, 4, 0, 0, 1, 1, 5, 22, 22, 0, 0, 3, 4, 5, 8, 8]
-> max_window_size = 50
ORIGINAL FILE:
-> name: /Users/pablocerve/Documents/FING/Proyecto/datasets-csv/[5]el-nino/el-nino.csv
-> size (bytes): 9,820,158
COMPRESSED FILE:
-> name: /Users/pablocerve/Documents/FING/Proyecto/pc-tesis/dataset_parser/scripts/output/[5]el-nino/ca/el-nino.c.cpp.csv
-> size (bytes): 1,626,568
-> 16.56% of original


RESULTS
--------------------------(same file!)
CoderCA
-> error_threshold = [0, 0, 3, 2, 2, 5, 21, 24, 1, 1, 2, 2, 5, 17, 20, 0, 1, 2, 2, 4, 14, 16, 0, 0, 4, 2, 4, 7, 5, 1, 4, 3, 2, 5, 6, 5, 1, 9, 2, 3, 2, 5, 3, 0, 1, 3, 2, 4, 10, 13, 1, 2, 3, 3, 5, 7, 5, 0, 0, 3, 3, 4, 6, 4, 0, 0, 3, 2, 3, 6, 3, 1, 4, 4, 2, 4, 7, 7, 2, 3, 2, 2, 5, 7, 4, 0, 3, 3, 2, 5, 10, 12, 1, 17, 3, 2, 5, 7, 9, 1, 4, 2, 2, 6, 26, 30, 0, 0, 3, 2, 'N', 6, 'N', 0, 0, 3, 2, 'N', 8, 'N', 1, 2, 2, 2, 4, 18, 18, 0, 2, 2, 3, 5, 15, 16, 2, 3, 3, 2, 4, 7, 6, 1, 2, 2, 2, 4, 13, 14, 1, 0, 3, 3, 5, 7, 4, 0, 1, 2, 2, 4, 9, 10, 1, 5, 3, 3, 5, 8, 6, 0, 0, 2, 2, 'N', 10, 'N', 0, 1, 4, 3, 5, 7, 6, 0, 2, 3, 2, 6, 8, 9, 0, 0, 3, 2, 5, 7, 7, 1, 3, 2, 3, 4, 20, 17, 1, 3, 2, 2, 5, 19, 21, 0, 0, 2, 2, 5, 14, 17, 1, 4, 2, 2, 5, 12, 14, 0, 0, 3, 2, 4, 10, 12, 0, 1, 3, 3, 6, 8, 6, 0, 3, 4, 3, 5, 7, 6, 1, 3, 3, 2, 5, 8, 8, 0, 0, 3, 2, 4, 6, 7, 0, 1, 2, 2, 5, 24, 28, 0, 2, 2, 3, 6, 12, 10, 1, 0, 2, 4, 5, 12, 10, 0, 0, 3, 2, 4, 7, 6, 1, 1, 2, 3, 5, 9, 10, 0, 1, 3, 3, 4, 8, 5, 0, 0, 3, 3, 5, 7, 8, 0, 1, 3, 3, 4, 7, 5, 0, 0, 4, 3, 5, 7, 6, 0, 0, 3, 3, 5, 7, 6, 0, 0, 3, 3, 5, 6, 5, 1, 0, 3, 4, 5, 13, 10, 0, 1, 1, 2, 4, 15, 16, 0, 1, 2, 2, 4, 12, 12, 0, 0, 2, 2, 4, 8, 10, 0, 0, 3, 2, 5, 8, 8, 0, 0, 3, 3, 4, 8, 7, 1, 3, 4, 2, 5, 8, 5, 0, 0, 3, 2, 5, 6, 6, 0, 0, 4, 2, 5, 6, 4, 0, 1, 1, 1, 6, 23, 25, 0, 1, 3, 4, 'N', 8, 6, 0, 1, 3, 3, 4, 7, 7, 0, 1, 3, 4, 'N', 7, 7, 0, 2, 2, 4, 4, 8, 7, 0, 0, 4, 4, 5, 10, 7, 0, 0, 3, 4, 6, 8, 6, 1, 1, 3, 3, 5, 8, 6, 0, 0, 3, 3, 4, 6, 6, 0, 0, 3, 3, 4, 7, 7, 0, 0, 3, 3, 4, 7, 7, 0, 0, 3, 3, 4, 7, 7, 0, 2, 4, 3, 5, 11, 10, 0, 0, 1, 2, 4, 12, 13, 1, 0, 1, 2, 4, 9, 9, 0, 0, 3, 2, 5, 7, 5, 0, 1, 4, 3, 6, 7, 6, 0, 0, 4, 2, 5, 6, 4, 0, 1, 4, 2, 5, 7, 4, 0, 0, 1, 1, 5, 22, 22, 0, 0, 3, 4, 5, 8, 8]
-> max_window_size = 100
ORIGINAL FILE:
-> name: /Users/pablocerve/Documents/FING/Proyecto/datasets-csv/[5]el-nino/el-nino.csv
-> size (bytes): 9,820,158
COMPRESSED FILE:
-> name: /Users/pablocerve/Documents/FING/Proyecto/pc-tesis/dataset_parser/scripts/output/[5]el-nino/ca/el-nino.c.cpp.csv
-> size (bytes): 1,663,913
-> 16.94% of original


RESULTS
--------------------------(same file!)
CoderCA
-> error_threshold = [0, 0, 3, 2, 2, 5, 21, 24, 1, 1, 2, 2, 5, 17, 20, 0, 1, 2, 2, 4, 14, 16, 0, 0, 4, 2, 4, 7, 5, 1, 4, 3, 2, 5, 6, 5, 1, 9, 2, 3, 2, 5, 3, 0, 1, 3, 2, 4, 10, 13, 1, 2, 3, 3, 5, 7, 5, 0, 0, 3, 3, 4, 6, 4, 0, 0, 3, 2, 3, 6, 3, 1, 4, 4, 2, 4, 7, 7, 2, 3, 2, 2, 5, 7, 4, 0, 3, 3, 2, 5, 10, 12, 1, 17, 3, 2, 5, 7, 9, 1, 4, 2, 2, 6, 26, 30, 0, 0, 3, 2, 'N', 6, 'N', 0, 0, 3, 2, 'N', 8, 'N', 1, 2, 2, 2, 4, 18, 18, 0, 2, 2, 3, 5, 15, 16, 2, 3, 3, 2, 4, 7, 6, 1, 2, 2, 2, 4, 13, 14, 1, 0, 3, 3, 5, 7, 4, 0, 1, 2, 2, 4, 9, 10, 1, 5, 3, 3, 5, 8, 6, 0, 0, 2, 2, 'N', 10, 'N', 0, 1, 4, 3, 5, 7, 6, 0, 2, 3, 2, 6, 8, 9, 0, 0, 3, 2, 5, 7, 7, 1, 3, 2, 3, 4, 20, 17, 1, 3, 2, 2, 5, 19, 21, 0, 0, 2, 2, 5, 14, 17, 1, 4, 2, 2, 5, 12, 14, 0, 0, 3, 2, 4, 10, 12, 0, 1, 3, 3, 6, 8, 6, 0, 3, 4, 3, 5, 7, 6, 1, 3, 3, 2, 5, 8, 8, 0, 0, 3, 2, 4, 6, 7, 0, 1, 2, 2, 5, 24, 28, 0, 2, 2, 3, 6, 12, 10, 1, 0, 2, 4, 5, 12, 10, 0, 0, 3, 2, 4, 7, 6, 1, 1, 2, 3, 5, 9, 10, 0, 1, 3, 3, 4, 8, 5, 0, 0, 3, 3, 5, 7, 8, 0, 1, 3, 3, 4, 7, 5, 0, 0, 4, 3, 5, 7, 6, 0, 0, 3, 3, 5, 7, 6, 0, 0, 3, 3, 5, 6, 5, 1, 0, 3, 4, 5, 13, 10, 0, 1, 1, 2, 4, 15, 16, 0, 1, 2, 2, 4, 12, 12, 0, 0, 2, 2, 4, 8, 10, 0, 0, 3, 2, 5, 8, 8, 0, 0, 3, 3, 4, 8, 7, 1, 3, 4, 2, 5, 8, 5, 0, 0, 3, 2, 5, 6, 6, 0, 0, 4, 2, 5, 6, 4, 0, 1, 1, 1, 6, 23, 25, 0, 1, 3, 4, 'N', 8, 6, 0, 1, 3, 3, 4, 7, 7, 0, 1, 3, 4, 'N', 7, 7, 0, 2, 2, 4, 4, 8, 7, 0, 0, 4, 4, 5, 10, 7, 0, 0, 3, 4, 6, 8, 6, 1, 1, 3, 3, 5, 8, 6, 0, 0, 3, 3, 4, 6, 6, 0, 0, 3, 3, 4, 7, 7, 0, 0, 3, 3, 4, 7, 7, 0, 0, 3, 3, 4, 7, 7, 0, 2, 4, 3, 5, 11, 10, 0, 0, 1, 2, 4, 12, 13, 1, 0, 1, 2, 4, 9, 9, 0, 0, 3, 2, 5, 7, 5, 0, 1, 4, 3, 6, 7, 6, 0, 0, 4, 2, 5, 6, 4, 0, 1, 4, 2, 5, 7, 4, 0, 0, 1, 1, 5, 22, 22, 0, 0, 3, 4, 5, 8, 8]
-> max_window_size = 200
ORIGINAL FILE:
-> name: /Users/pablocerve/Documents/FING/Proyecto/datasets-csv/[5]el-nino/el-nino.csv
-> size (bytes): 9,820,158
COMPRESSED FILE:
-> name: /Users/pablocerve/Documents/FING/Proyecto/pc-tesis/dataset_parser/scripts/output/[5]el-nino/ca/el-nino.c.cpp.csv
-> size (bytes): 1,726,720
-> 17.58% of original


RESULTS
--------------------------(same file!)
CoderCA
-> error_threshold = [0, 1, 4, 3, 3, 7, 32, 35, 2, 1, 3, 3, 8, 26, 29, 1, 1, 3, 3, 6, 21, 25, 0, 0, 5, 3, 6, 10, 8, 2, 5, 5, 4, 7, 10, 8, 1, 13, 4, 4, 4, 8, 4, 0, 1, 4, 3, 6, 16, 19, 1, 2, 5, 4, 7, 10, 8, 0, 0, 4, 4, 5, 9, 6, 0, 0, 4, 3, 5, 9, 5, 1, 6, 6, 4, 7, 11, 10, 3, 5, 3, 3, 8, 10, 6, 0, 4, 5, 3, 7, 15, 17, 1, 25, 5, 3, 7, 11, 13, 2, 6, 3, 3, 9, 39, 45, 0, 0, 4, 3, 'N', 10, 'N', 0, 0, 4, 2, 'N', 12, 'N', 1, 3, 3, 4, 6, 27, 26, 0, 3, 3, 4, 7, 22, 24, 3, 4, 5, 3, 6, 10, 9, 1, 4, 3, 4, 7, 19, 20, 1, 1, 4, 4, 7, 10, 6, 1, 2, 4, 4, 6, 14, 15, 2, 8, 5, 5, 7, 11, 8, 0, 0, 3, 3, 'N', 15, 'N', 0, 1, 5, 4, 7, 10, 8, 1, 3, 5, 4, 8, 11, 14, 0, 0, 5, 3, 7, 11, 11, 1, 4, 3, 4, 6, 31, 25, 1, 5, 3, 3, 7, 29, 32, 0, 0, 3, 3, 7, 22, 26, 1, 6, 3, 3, 8, 18, 22, 0, 0, 4, 3, 6, 15, 17, 0, 1, 5, 4, 9, 11, 8, 1, 4, 6, 4, 7, 10, 9, 1, 4, 4, 3, 7, 12, 13, 0, 1, 5, 3, 6, 10, 11, 1, 2, 3, 3, 7, 36, 42, 0, 3, 3, 5, 9, 19, 15, 1, 1, 3, 6, 8, 17, 15, 0, 0, 4, 3, 6, 10, 10, 1, 1, 3, 5, 7, 14, 16, 1, 2, 5, 4, 7, 12, 8, 0, 0, 4, 5, 7, 11, 12, 0, 1, 5, 4, 6, 11, 8, 0, 0, 5, 4, 7, 10, 8, 0, 0, 4, 4, 8, 11, 9, 0, 0, 5, 4, 7, 9, 7, 2, 1, 4, 6, 8, 20, 15, 0, 1, 2, 2, 6, 23, 24, 1, 1, 3, 3, 5, 18, 18, 0, 0, 4, 2, 6, 12, 15, 0, 0, 4, 3, 7, 12, 12, 0, 0, 5, 4, 7, 11, 10, 1, 5, 6, 4, 8, 11, 7, 0, 0, 5, 4, 7, 9, 8, 0, 0, 6, 4, 7, 10, 7, 0, 1, 2, 2, 9, 35, 38, 1, 2, 5, 6, 'N', 12, 9, 1, 1, 5, 4, 6, 10, 10, 1, 1, 5, 5, 'N', 11, 10, 0, 2, 4, 6, 7, 12, 10, 0, 1, 5, 6, 8, 16, 11, 1, 1, 5, 7, 8, 11, 9, 1, 2, 4, 5, 7, 11, 10, 0, 0, 5, 4, 6, 9, 9, 0, 1, 5, 4, 6, 10, 10, 0, 0, 4, 4, 6, 10, 10, 0, 0, 4, 4, 7, 11, 10, 1, 4, 6, 5, 8, 16, 16, 0, 0, 2, 2, 6, 18, 20, 1, 0, 2, 2, 5, 14, 14, 0, 0, 5, 4, 7, 11, 8, 1, 2, 6, 5, 9, 11, 10, 0, 0, 5, 4, 7, 9, 6, 0, 1, 6, 3, 7, 10, 6, 0, 0, 2, 2, 8, 32, 33, 0, 1, 5, 6, 7, 13, 12]
-> max_window_size = 5
ORIGINAL FILE:
-> name: /Users/pablocerve/Documents/FING/Proyecto/datasets-csv/[5]el-nino/el-nino.csv
-> size (bytes): 9,820,158
COMPRESSED FILE:
-> name: /Users/pablocerve/Documents/FING/Proyecto/pc-tesis/dataset_parser/scripts/output/[5]el-nino/ca/el-nino.c.cpp.csv
-> size (bytes): 2,126,769
-> 21.66% of original


RESULTS
--------------------------(same file!)
CoderCA
-> error_threshold = [0, 1, 4, 3, 3, 7, 32, 35, 2, 1, 3, 3, 8, 26, 29, 1, 1, 3, 3, 6, 21, 25, 0, 0, 5, 3, 6, 10, 8, 2, 5, 5, 4, 7, 10, 8, 1, 13, 4, 4, 4, 8, 4, 0, 1, 4, 3, 6, 16, 19, 1, 2, 5, 4, 7, 10, 8, 0, 0, 4, 4, 5, 9, 6, 0, 0, 4, 3, 5, 9, 5, 1, 6, 6, 4, 7, 11, 10, 3, 5, 3, 3, 8, 10, 6, 0, 4, 5, 3, 7, 15, 17, 1, 25, 5, 3, 7, 11, 13, 2, 6, 3, 3, 9, 39, 45, 0, 0, 4, 3, 'N', 10, 'N', 0, 0, 4, 2, 'N', 12, 'N', 1, 3, 3, 4, 6, 27, 26, 0, 3, 3, 4, 7, 22, 24, 3, 4, 5, 3, 6, 10, 9, 1, 4, 3, 4, 7, 19, 20, 1, 1, 4, 4, 7, 10, 6, 1, 2, 4, 4, 6, 14, 15, 2, 8, 5, 5, 7, 11, 8, 0, 0, 3, 3, 'N', 15, 'N', 0, 1, 5, 4, 7, 10, 8, 1, 3, 5, 4, 8, 11, 14, 0, 0, 5, 3, 7, 11, 11, 1, 4, 3, 4, 6, 31, 25, 1, 5, 3, 3, 7, 29, 32, 0, 0, 3, 3, 7, 22, 26, 1, 6, 3, 3, 8, 18, 22, 0, 0, 4, 3, 6, 15, 17, 0, 1, 5, 4, 9, 11, 8, 1, 4, 6, 4, 7, 10, 9, 1, 4, 4, 3, 7, 12, 13, 0, 1, 5, 3, 6, 10, 11, 1, 2, 3, 3, 7, 36, 42, 0, 3, 3, 5, 9, 19, 15, 1, 1, 3, 6, 8, 17, 15, 0, 0, 4, 3, 6, 10, 10, 1, 1, 3, 5, 7, 14, 16, 1, 2, 5, 4, 7, 12, 8, 0, 0, 4, 5, 7, 11, 12, 0, 1, 5, 4, 6, 11, 8, 0, 0, 5, 4, 7, 10, 8, 0, 0, 4, 4, 8, 11, 9, 0, 0, 5, 4, 7, 9, 7, 2, 1, 4, 6, 8, 20, 15, 0, 1, 2, 2, 6, 23, 24, 1, 1, 3, 3, 5, 18, 18, 0, 0, 4, 2, 6, 12, 15, 0, 0, 4, 3, 7, 12, 12, 0, 0, 5, 4, 7, 11, 10, 1, 5, 6, 4, 8, 11, 7, 0, 0, 5, 4, 7, 9, 8, 0, 0, 6, 4, 7, 10, 7, 0, 1, 2, 2, 9, 35, 38, 1, 2, 5, 6, 'N', 12, 9, 1, 1, 5, 4, 6, 10, 10, 1, 1, 5, 5, 'N', 11, 10, 0, 2, 4, 6, 7, 12, 10, 0, 1, 5, 6, 8, 16, 11, 1, 1, 5, 7, 8, 11, 9, 1, 2, 4, 5, 7, 11, 10, 0, 0, 5, 4, 6, 9, 9, 0, 1, 5, 4, 6, 10, 10, 0, 0, 4, 4, 6, 10, 10, 0, 0, 4, 4, 7, 11, 10, 1, 4, 6, 5, 8, 16, 16, 0, 0, 2, 2, 6, 18, 20, 1, 0, 2, 2, 5, 14, 14, 0, 0, 5, 4, 7, 11, 8, 1, 2, 6, 5, 9, 11, 10, 0, 0, 5, 4, 7, 9, 6, 0, 1, 6, 3, 7, 10, 6, 0, 0, 2, 2, 8, 32, 33, 0, 1, 5, 6, 7, 13, 12]
-> max_window_size = 10
ORIGINAL FILE:
-> name: /Users/pablocerve/Documents/FING/Proyecto/datasets-csv/[5]el-nino/el-nino.csv
-> size (bytes): 9,820,158
COMPRESSED FILE:
-> name: /Users/pablocerve/Documents/FING/Proyecto/pc-tesis/dataset_parser/scripts/output/[5]el-nino/ca/el-nino.c.cpp.csv
-> size (bytes): 1,719,495
-> 17.51% of original


RESULTS
--------------------------(same file!)
CoderCA
-> error_threshold = [0, 1, 4, 3, 3, 7, 32, 35, 2, 1, 3, 3, 8, 26, 29, 1, 1, 3, 3, 6, 21, 25, 0, 0, 5, 3, 6, 10, 8, 2, 5, 5, 4, 7, 10, 8, 1, 13, 4, 4, 4, 8, 4, 0, 1, 4, 3, 6, 16, 19, 1, 2, 5, 4, 7, 10, 8, 0, 0, 4, 4, 5, 9, 6, 0, 0, 4, 3, 5, 9, 5, 1, 6, 6, 4, 7, 11, 10, 3, 5, 3, 3, 8, 10, 6, 0, 4, 5, 3, 7, 15, 17, 1, 25, 5, 3, 7, 11, 13, 2, 6, 3, 3, 9, 39, 45, 0, 0, 4, 3, 'N', 10, 'N', 0, 0, 4, 2, 'N', 12, 'N', 1, 3, 3, 4, 6, 27, 26, 0, 3, 3, 4, 7, 22, 24, 3, 4, 5, 3, 6, 10, 9, 1, 4, 3, 4, 7, 19, 20, 1, 1, 4, 4, 7, 10, 6, 1, 2, 4, 4, 6, 14, 15, 2, 8, 5, 5, 7, 11, 8, 0, 0, 3, 3, 'N', 15, 'N', 0, 1, 5, 4, 7, 10, 8, 1, 3, 5, 4, 8, 11, 14, 0, 0, 5, 3, 7, 11, 11, 1, 4, 3, 4, 6, 31, 25, 1, 5, 3, 3, 7, 29, 32, 0, 0, 3, 3, 7, 22, 26, 1, 6, 3, 3, 8, 18, 22, 0, 0, 4, 3, 6, 15, 17, 0, 1, 5, 4, 9, 11, 8, 1, 4, 6, 4, 7, 10, 9, 1, 4, 4, 3, 7, 12, 13, 0, 1, 5, 3, 6, 10, 11, 1, 2, 3, 3, 7, 36, 42, 0, 3, 3, 5, 9, 19, 15, 1, 1, 3, 6, 8, 17, 15, 0, 0, 4, 3, 6, 10, 10, 1, 1, 3, 5, 7, 14, 16, 1, 2, 5, 4, 7, 12, 8, 0, 0, 4, 5, 7, 11, 12, 0, 1, 5, 4, 6, 11, 8, 0, 0, 5, 4, 7, 10, 8, 0, 0, 4, 4, 8, 11, 9, 0, 0, 5, 4, 7, 9, 7, 2, 1, 4, 6, 8, 20, 15, 0, 1, 2, 2, 6, 23, 24, 1, 1, 3, 3, 5, 18, 18, 0, 0, 4, 2, 6, 12, 15, 0, 0, 4, 3, 7, 12, 12, 0, 0, 5, 4, 7, 11, 10, 1, 5, 6, 4, 8, 11, 7, 0, 0, 5, 4, 7, 9, 8, 0, 0, 6, 4, 7, 10, 7, 0, 1, 2, 2, 9, 35, 38, 1, 2, 5, 6, 'N', 12, 9, 1, 1, 5, 4, 6, 10, 10, 1, 1, 5, 5, 'N', 11, 10, 0, 2, 4, 6, 7, 12, 10, 0, 1, 5, 6, 8, 16, 11, 1, 1, 5, 7, 8, 11, 9, 1, 2, 4, 5, 7, 11, 10, 0, 0, 5, 4, 6, 9, 9, 0, 1, 5, 4, 6, 10, 10, 0, 0, 4, 4, 6, 10, 10, 0, 0, 4, 4, 7, 11, 10, 1, 4, 6, 5, 8, 16, 16, 0, 0, 2, 2, 6, 18, 20, 1, 0, 2, 2, 5, 14, 14, 0, 0, 5, 4, 7, 11, 8, 1, 2, 6, 5, 9, 11, 10, 0, 0, 5, 4, 7, 9, 6, 0, 1, 6, 3, 7, 10, 6, 0, 0, 2, 2, 8, 32, 33, 0, 1, 5, 6, 7, 13, 12]
-> max_window_size = 25
ORIGINAL FILE:
-> name: /Users/pablocerve/Documents/FING/Proyecto/datasets-csv/[5]el-nino/el-nino.csv
-> size (bytes): 9,820,158
COMPRESSED FILE:
-> name: /Users/pablocerve/Documents/FING/Proyecto/pc-tesis/dataset_parser/scripts/output/[5]el-nino/ca/el-nino.c.cpp.csv
-> size (bytes): 1,489,121
-> 15.16% of original


RESULTS
--------------------------(same file!)
CoderCA
-> error_threshold = [0, 1, 4, 3, 3, 7, 32, 35, 2, 1, 3, 3, 8, 26, 29, 1, 1, 3, 3, 6, 21, 25, 0, 0, 5, 3, 6, 10, 8, 2, 5, 5, 4, 7, 10, 8, 1, 13, 4, 4, 4, 8, 4, 0, 1, 4, 3, 6, 16, 19, 1, 2, 5, 4, 7, 10, 8, 0, 0, 4, 4, 5, 9, 6, 0, 0, 4, 3, 5, 9, 5, 1, 6, 6, 4, 7, 11, 10, 3, 5, 3, 3, 8, 10, 6, 0, 4, 5, 3, 7, 15, 17, 1, 25, 5, 3, 7, 11, 13, 2, 6, 3, 3, 9, 39, 45, 0, 0, 4, 3, 'N', 10, 'N', 0, 0, 4, 2, 'N', 12, 'N', 1, 3, 3, 4, 6, 27, 26, 0, 3, 3, 4, 7, 22, 24, 3, 4, 5, 3, 6, 10, 9, 1, 4, 3, 4, 7, 19, 20, 1, 1, 4, 4, 7, 10, 6, 1, 2, 4, 4, 6, 14, 15, 2, 8, 5, 5, 7, 11, 8, 0, 0, 3, 3, 'N', 15, 'N', 0, 1, 5, 4, 7, 10, 8, 1, 3, 5, 4, 8, 11, 14, 0, 0, 5, 3, 7, 11, 11, 1, 4, 3, 4, 6, 31, 25, 1, 5, 3, 3, 7, 29, 32, 0, 0, 3, 3, 7, 22, 26, 1, 6, 3, 3, 8, 18, 22, 0, 0, 4, 3, 6, 15, 17, 0, 1, 5, 4, 9, 11, 8, 1, 4, 6, 4, 7, 10, 9, 1, 4, 4, 3, 7, 12, 13, 0, 1, 5, 3, 6, 10, 11, 1, 2, 3, 3, 7, 36, 42, 0, 3, 3, 5, 9, 19, 15, 1, 1, 3, 6, 8, 17, 15, 0, 0, 4, 3, 6, 10, 10, 1, 1, 3, 5, 7, 14, 16, 1, 2, 5, 4, 7, 12, 8, 0, 0, 4, 5, 7, 11, 12, 0, 1, 5, 4, 6, 11, 8, 0, 0, 5, 4, 7, 10, 8, 0, 0, 4, 4, 8, 11, 9, 0, 0, 5, 4, 7, 9, 7, 2, 1, 4, 6, 8, 20, 15, 0, 1, 2, 2, 6, 23, 24, 1, 1, 3, 3, 5, 18, 18, 0, 0, 4, 2, 6, 12, 15, 0, 0, 4, 3, 7, 12, 12, 0, 0, 5, 4, 7, 11, 10, 1, 5, 6, 4, 8, 11, 7, 0, 0, 5, 4, 7, 9, 8, 0, 0, 6, 4, 7, 10, 7, 0, 1, 2, 2, 9, 35, 38, 1, 2, 5, 6, 'N', 12, 9, 1, 1, 5, 4, 6, 10, 10, 1, 1, 5, 5, 'N', 11, 10, 0, 2, 4, 6, 7, 12, 10, 0, 1, 5, 6, 8, 16, 11, 1, 1, 5, 7, 8, 11, 9, 1, 2, 4, 5, 7, 11, 10, 0, 0, 5, 4, 6, 9, 9, 0, 1, 5, 4, 6, 10, 10, 0, 0, 4, 4, 6, 10, 10, 0, 0, 4, 4, 7, 11, 10, 1, 4, 6, 5, 8, 16, 16, 0, 0, 2, 2, 6, 18, 20, 1, 0, 2, 2, 5, 14, 14, 0, 0, 5, 4, 7, 11, 8, 1, 2, 6, 5, 9, 11, 10, 0, 0, 5, 4, 7, 9, 6, 0, 1, 6, 3, 7, 10, 6, 0, 0, 2, 2, 8, 32, 33, 0, 1, 5, 6, 7, 13, 12]
-> max_window_size = 50
ORIGINAL FILE:
-> name: /Users/pablocerve/Documents/FING/Proyecto/datasets-csv/[5]el-nino/el-nino.csv
-> size (bytes): 9,820,158
COMPRESSED FILE:
-> name: /Users/pablocerve/Documents/FING/Proyecto/pc-tesis/dataset_parser/scripts/output/[5]el-nino/ca/el-nino.c.cpp.csv
-> size (bytes): 1,465,403
-> 14.92% of original


RESULTS
--------------------------(same file!)
CoderCA
-> error_threshold = [0, 1, 4, 3, 3, 7, 32, 35, 2, 1, 3, 3, 8, 26, 29, 1, 1, 3, 3, 6, 21, 25, 0, 0, 5, 3, 6, 10, 8, 2, 5, 5, 4, 7, 10, 8, 1, 13, 4, 4, 4, 8, 4, 0, 1, 4, 3, 6, 16, 19, 1, 2, 5, 4, 7, 10, 8, 0, 0, 4, 4, 5, 9, 6, 0, 0, 4, 3, 5, 9, 5, 1, 6, 6, 4, 7, 11, 10, 3, 5, 3, 3, 8, 10, 6, 0, 4, 5, 3, 7, 15, 17, 1, 25, 5, 3, 7, 11, 13, 2, 6, 3, 3, 9, 39, 45, 0, 0, 4, 3, 'N', 10, 'N', 0, 0, 4, 2, 'N', 12, 'N', 1, 3, 3, 4, 6, 27, 26, 0, 3, 3, 4, 7, 22, 24, 3, 4, 5, 3, 6, 10, 9, 1, 4, 3, 4, 7, 19, 20, 1, 1, 4, 4, 7, 10, 6, 1, 2, 4, 4, 6, 14, 15, 2, 8, 5, 5, 7, 11, 8, 0, 0, 3, 3, 'N', 15, 'N', 0, 1, 5, 4, 7, 10, 8, 1, 3, 5, 4, 8, 11, 14, 0, 0, 5, 3, 7, 11, 11, 1, 4, 3, 4, 6, 31, 25, 1, 5, 3, 3, 7, 29, 32, 0, 0, 3, 3, 7, 22, 26, 1, 6, 3, 3, 8, 18, 22, 0, 0, 4, 3, 6, 15, 17, 0, 1, 5, 4, 9, 11, 8, 1, 4, 6, 4, 7, 10, 9, 1, 4, 4, 3, 7, 12, 13, 0, 1, 5, 3, 6, 10, 11, 1, 2, 3, 3, 7, 36, 42, 0, 3, 3, 5, 9, 19, 15, 1, 1, 3, 6, 8, 17, 15, 0, 0, 4, 3, 6, 10, 10, 1, 1, 3, 5, 7, 14, 16, 1, 2, 5, 4, 7, 12, 8, 0, 0, 4, 5, 7, 11, 12, 0, 1, 5, 4, 6, 11, 8, 0, 0, 5, 4, 7, 10, 8, 0, 0, 4, 4, 8, 11, 9, 0, 0, 5, 4, 7, 9, 7, 2, 1, 4, 6, 8, 20, 15, 0, 1, 2, 2, 6, 23, 24, 1, 1, 3, 3, 5, 18, 18, 0, 0, 4, 2, 6, 12, 15, 0, 0, 4, 3, 7, 12, 12, 0, 0, 5, 4, 7, 11, 10, 1, 5, 6, 4, 8, 11, 7, 0, 0, 5, 4, 7, 9, 8, 0, 0, 6, 4, 7, 10, 7, 0, 1, 2, 2, 9, 35, 38, 1, 2, 5, 6, 'N', 12, 9, 1, 1, 5, 4, 6, 10, 10, 1, 1, 5, 5, 'N', 11, 10, 0, 2, 4, 6, 7, 12, 10, 0, 1, 5, 6, 8, 16, 11, 1, 1, 5, 7, 8, 11, 9, 1, 2, 4, 5, 7, 11, 10, 0, 0, 5, 4, 6, 9, 9, 0, 1, 5, 4, 6, 10, 10, 0, 0, 4, 4, 6, 10, 10, 0, 0, 4, 4, 7, 11, 10, 1, 4, 6, 5, 8, 16, 16, 0, 0, 2, 2, 6, 18, 20, 1, 0, 2, 2, 5, 14, 14, 0, 0, 5, 4, 7, 11, 8, 1, 2, 6, 5, 9, 11, 10, 0, 0, 5, 4, 7, 9, 6, 0, 1, 6, 3, 7, 10, 6, 0, 0, 2, 2, 8, 32, 33, 0, 1, 5, 6, 7, 13, 12]
-> max_window_size = 100
ORIGINAL FILE:
-> name: /Users/pablocerve/Documents/FING/Proyecto/datasets-csv/[5]el-nino/el-nino.csv
-> size (bytes): 9,820,158
COMPRESSED FILE:
-> name: /Users/pablocerve/Documents/FING/Proyecto/pc-tesis/dataset_parser/scripts/output/[5]el-nino/ca/el-nino.c.cpp.csv
-> size (bytes): 1,492,360
-> 15.2% of original


RESULTS
--------------------------(same file!)
CoderCA
-> error_threshold = [0, 1, 4, 3, 3, 7, 32, 35, 2, 1, 3, 3, 8, 26, 29, 1, 1, 3, 3, 6, 21, 25, 0, 0, 5, 3, 6, 10, 8, 2, 5, 5, 4, 7, 10, 8, 1, 13, 4, 4, 4, 8, 4, 0, 1, 4, 3, 6, 16, 19, 1, 2, 5, 4, 7, 10, 8, 0, 0, 4, 4, 5, 9, 6, 0, 0, 4, 3, 5, 9, 5, 1, 6, 6, 4, 7, 11, 10, 3, 5, 3, 3, 8, 10, 6, 0, 4, 5, 3, 7, 15, 17, 1, 25, 5, 3, 7, 11, 13, 2, 6, 3, 3, 9, 39, 45, 0, 0, 4, 3, 'N', 10, 'N', 0, 0, 4, 2, 'N', 12, 'N', 1, 3, 3, 4, 6, 27, 26, 0, 3, 3, 4, 7, 22, 24, 3, 4, 5, 3, 6, 10, 9, 1, 4, 3, 4, 7, 19, 20, 1, 1, 4, 4, 7, 10, 6, 1, 2, 4, 4, 6, 14, 15, 2, 8, 5, 5, 7, 11, 8, 0, 0, 3, 3, 'N', 15, 'N', 0, 1, 5, 4, 7, 10, 8, 1, 3, 5, 4, 8, 11, 14, 0, 0, 5, 3, 7, 11, 11, 1, 4, 3, 4, 6, 31, 25, 1, 5, 3, 3, 7, 29, 32, 0, 0, 3, 3, 7, 22, 26, 1, 6, 3, 3, 8, 18, 22, 0, 0, 4, 3, 6, 15, 17, 0, 1, 5, 4, 9, 11, 8, 1, 4, 6, 4, 7, 10, 9, 1, 4, 4, 3, 7, 12, 13, 0, 1, 5, 3, 6, 10, 11, 1, 2, 3, 3, 7, 36, 42, 0, 3, 3, 5, 9, 19, 15, 1, 1, 3, 6, 8, 17, 15, 0, 0, 4, 3, 6, 10, 10, 1, 1, 3, 5, 7, 14, 16, 1, 2, 5, 4, 7, 12, 8, 0, 0, 4, 5, 7, 11, 12, 0, 1, 5, 4, 6, 11, 8, 0, 0, 5, 4, 7, 10, 8, 0, 0, 4, 4, 8, 11, 9, 0, 0, 5, 4, 7, 9, 7, 2, 1, 4, 6, 8, 20, 15, 0, 1, 2, 2, 6, 23, 24, 1, 1, 3, 3, 5, 18, 18, 0, 0, 4, 2, 6, 12, 15, 0, 0, 4, 3, 7, 12, 12, 0, 0, 5, 4, 7, 11, 10, 1, 5, 6, 4, 8, 11, 7, 0, 0, 5, 4, 7, 9, 8, 0, 0, 6, 4, 7, 10, 7, 0, 1, 2, 2, 9, 35, 38, 1, 2, 5, 6, 'N', 12, 9, 1, 1, 5, 4, 6, 10, 10, 1, 1, 5, 5, 'N', 11, 10, 0, 2, 4, 6, 7, 12, 10, 0, 1, 5, 6, 8, 16, 11, 1, 1, 5, 7, 8, 11, 9, 1, 2, 4, 5, 7, 11, 10, 0, 0, 5, 4, 6, 9, 9, 0, 1, 5, 4, 6, 10, 10, 0, 0, 4, 4, 6, 10, 10, 0, 0, 4, 4, 7, 11, 10, 1, 4, 6, 5, 8, 16, 16, 0, 0, 2, 2, 6, 18, 20, 1, 0, 2, 2, 5, 14, 14, 0, 0, 5, 4, 7, 11, 8, 1, 2, 6, 5, 9, 11, 10, 0, 0, 5, 4, 7, 9, 6, 0, 1, 6, 3, 7, 10, 6, 0, 0, 2, 2, 8, 32, 33, 0, 1, 5, 6, 7, 13, 12]
-> max_window_size = 200
ORIGINAL FILE:
-> name: /Users/pablocerve/Documents/FING/Proyecto/datasets-csv/[5]el-nino/el-nino.csv
-> size (bytes): 9,820,158
COMPRESSED FILE:
-> name: /Users/pablocerve/Documents/FING/Proyecto/pc-tesis/dataset_parser/scripts/output/[5]el-nino/ca/el-nino.c.cpp.csv
-> size (bytes): 1,545,465
-> 15.74% of original


RESULTS
--------------------------(same file!)
CoderCA
-> error_threshold = [0, 1, 5, 4, 3, 9, 42, 47, 3, 2, 4, 3, 11, 34, 39, 1, 2, 4, 3, 8, 28, 33, 0, 0, 7, 4, 8, 14, 10, 2, 7, 7, 5, 9, 13, 11, 1, 18, 5, 5, 5, 11, 6, 0, 1, 5, 4, 9, 21, 26, 1, 3, 6, 6, 10, 13, 11, 0, 0, 6, 6, 7, 13, 8, 0, 0, 6, 4, 7, 12, 7, 2, 9, 8, 5, 9, 14, 13, 4, 6, 4, 4, 11, 14, 8, 0, 5, 6, 4, 10, 21, 23, 2, 33, 7, 4, 10, 15, 18, 2, 7, 4, 4, 12, 52, 60, 0, 0, 6, 5, 'N', 13, 'N', 0, 0, 6, 3, 'N', 16, 'N', 1, 4, 4, 5, 9, 36, 35, 1, 4, 4, 5, 9, 30, 32, 4, 5, 7, 4, 8, 14, 13, 1, 5, 4, 5, 9, 26, 27, 1, 1, 6, 6, 9, 14, 8, 1, 3, 5, 5, 8, 18, 21, 2, 11, 7, 6, 9, 15, 11, 0, 0, 4, 4, 'N', 20, 'N', 1, 1, 7, 5, 10, 14, 11, 1, 4, 6, 5, 11, 15, 19, 0, 1, 7, 5, 10, 15, 15, 2, 6, 3, 6, 9, 41, 34, 2, 7, 4, 4, 9, 38, 43, 1, 1, 4, 3, 10, 29, 34, 1, 9, 4, 4, 11, 25, 29, 0, 1, 5, 4, 9, 19, 23, 1, 2, 7, 6, 12, 15, 11, 1, 6, 7, 5, 9, 14, 11, 1, 6, 6, 4, 10, 15, 17, 0, 1, 7, 4, 8, 13, 15, 1, 2, 3, 4, 10, 49, 56, 1, 4, 5, 7, 12, 25, 20, 2, 1, 4, 8, 10, 23, 20, 0, 0, 6, 5, 7, 13, 13, 1, 2, 5, 7, 9, 18, 21, 1, 2, 7, 5, 9, 16, 11, 0, 0, 5, 7, 10, 15, 15, 0, 1, 7, 6, 8, 14, 10, 0, 0, 7, 5, 10, 14, 11, 0, 0, 6, 6, 11, 14, 12, 0, 0, 6, 5, 10, 13, 10, 3, 1, 5, 8, 11, 27, 20, 0, 1, 3, 3, 8, 30, 33, 1, 1, 3, 4, 7, 24, 24, 0, 1, 5, 3, 8, 16, 20, 0, 0, 6, 4, 9, 15, 16, 0, 0, 6, 6, 9, 15, 13, 2, 6, 7, 5, 11, 15, 10, 0, 0, 7, 5, 9, 12, 11, 0, 1, 7, 5, 10, 13, 9, 0, 1, 3, 3, 12, 47, 50, 1, 2, 6, 9, 'N', 16, 12, 1, 1, 7, 6, 7, 13, 14, 1, 2, 7, 7, 'N', 15, 13, 1, 3, 5, 7, 9, 16, 14, 0, 1, 7, 8, 10, 21, 15, 1, 1, 6, 9, 11, 15, 12, 2, 3, 6, 6, 9, 15, 13, 1, 0, 7, 5, 8, 12, 11, 0, 1, 7, 6, 8, 13, 14, 0, 0, 5, 6, 8, 13, 13, 0, 1, 6, 5, 9, 15, 14, 1, 5, 9, 6, 10, 21, 21, 0, 0, 3, 3, 8, 25, 26, 1, 1, 3, 3, 7, 18, 19, 0, 0, 6, 5, 9, 15, 11, 1, 2, 8, 6, 12, 15, 13, 0, 0, 7, 5, 9, 13, 8, 0, 1, 8, 5, 9, 13, 8, 0, 0, 3, 2, 11, 43, 44, 0, 1, 7, 8, 9, 17, 17]
-> max_window_size = 5
ORIGINAL FILE:
-> name: /Users/pablocerve/Documents/FING/Proyecto/datasets-csv/[5]el-nino/el-nino.csv
-> size (bytes): 9,820,158
COMPRESSED FILE:
-> name: /Users/pablocerve/Documents/FING/Proyecto/pc-tesis/dataset_parser/scripts/output/[5]el-nino/ca/el-nino.c.cpp.csv
-> size (bytes): 2,047,474
-> 20.85% of original


RESULTS
--------------------------(same file!)
CoderCA
-> error_threshold = [0, 1, 5, 4, 3, 9, 42, 47, 3, 2, 4, 3, 11, 34, 39, 1, 2, 4, 3, 8, 28, 33, 0, 0, 7, 4, 8, 14, 10, 2, 7, 7, 5, 9, 13, 11, 1, 18, 5, 5, 5, 11, 6, 0, 1, 5, 4, 9, 21, 26, 1, 3, 6, 6, 10, 13, 11, 0, 0, 6, 6, 7, 13, 8, 0, 0, 6, 4, 7, 12, 7, 2, 9, 8, 5, 9, 14, 13, 4, 6, 4, 4, 11, 14, 8, 0, 5, 6, 4, 10, 21, 23, 2, 33, 7, 4, 10, 15, 18, 2, 7, 4, 4, 12, 52, 60, 0, 0, 6, 5, 'N', 13, 'N', 0, 0, 6, 3, 'N', 16, 'N', 1, 4, 4, 5, 9, 36, 35, 1, 4, 4, 5, 9, 30, 32, 4, 5, 7, 4, 8, 14, 13, 1, 5, 4, 5, 9, 26, 27, 1, 1, 6, 6, 9, 14, 8, 1, 3, 5, 5, 8, 18, 21, 2, 11, 7, 6, 9, 15, 11, 0, 0, 4, 4, 'N', 20, 'N', 1, 1, 7, 5, 10, 14, 11, 1, 4, 6, 5, 11, 15, 19, 0, 1, 7, 5, 10, 15, 15, 2, 6, 3, 6, 9, 41, 34, 2, 7, 4, 4, 9, 38, 43, 1, 1, 4, 3, 10, 29, 34, 1, 9, 4, 4, 11, 25, 29, 0, 1, 5, 4, 9, 19, 23, 1, 2, 7, 6, 12, 15, 11, 1, 6, 7, 5, 9, 14, 11, 1, 6, 6, 4, 10, 15, 17, 0, 1, 7, 4, 8, 13, 15, 1, 2, 3, 4, 10, 49, 56, 1, 4, 5, 7, 12, 25, 20, 2, 1, 4, 8, 10, 23, 20, 0, 0, 6, 5, 7, 13, 13, 1, 2, 5, 7, 9, 18, 21, 1, 2, 7, 5, 9, 16, 11, 0, 0, 5, 7, 10, 15, 15, 0, 1, 7, 6, 8, 14, 10, 0, 0, 7, 5, 10, 14, 11, 0, 0, 6, 6, 11, 14, 12, 0, 0, 6, 5, 10, 13, 10, 3, 1, 5, 8, 11, 27, 20, 0, 1, 3, 3, 8, 30, 33, 1, 1, 3, 4, 7, 24, 24, 0, 1, 5, 3, 8, 16, 20, 0, 0, 6, 4, 9, 15, 16, 0, 0, 6, 6, 9, 15, 13, 2, 6, 7, 5, 11, 15, 10, 0, 0, 7, 5, 9, 12, 11, 0, 1, 7, 5, 10, 13, 9, 0, 1, 3, 3, 12, 47, 50, 1, 2, 6, 9, 'N', 16, 12, 1, 1, 7, 6, 7, 13, 14, 1, 2, 7, 7, 'N', 15, 13, 1, 3, 5, 7, 9, 16, 14, 0, 1, 7, 8, 10, 21, 15, 1, 1, 6, 9, 11, 15, 12, 2, 3, 6, 6, 9, 15, 13, 1, 0, 7, 5, 8, 12, 11, 0, 1, 7, 6, 8, 13, 14, 0, 0, 5, 6, 8, 13, 13, 0, 1, 6, 5, 9, 15, 14, 1, 5, 9, 6, 10, 21, 21, 0, 0, 3, 3, 8, 25, 26, 1, 1, 3, 3, 7, 18, 19, 0, 0, 6, 5, 9, 15, 11, 1, 2, 8, 6, 12, 15, 13, 0, 0, 7, 5, 9, 13, 8, 0, 1, 8, 5, 9, 13, 8, 0, 0, 3, 2, 11, 43, 44, 0, 1, 7, 8, 9, 17, 17]
-> max_window_size = 10
ORIGINAL FILE:
-> name: /Users/pablocerve/Documents/FING/Proyecto/datasets-csv/[5]el-nino/el-nino.csv
-> size (bytes): 9,820,158
COMPRESSED FILE:
-> name: /Users/pablocerve/Documents/FING/Proyecto/pc-tesis/dataset_parser/scripts/output/[5]el-nino/ca/el-nino.c.cpp.csv
-> size (bytes): 1,619,327
-> 16.49% of original


RESULTS
--------------------------(same file!)
CoderCA
-> error_threshold = [0, 1, 5, 4, 3, 9, 42, 47, 3, 2, 4, 3, 11, 34, 39, 1, 2, 4, 3, 8, 28, 33, 0, 0, 7, 4, 8, 14, 10, 2, 7, 7, 5, 9, 13, 11, 1, 18, 5, 5, 5, 11, 6, 0, 1, 5, 4, 9, 21, 26, 1, 3, 6, 6, 10, 13, 11, 0, 0, 6, 6, 7, 13, 8, 0, 0, 6, 4, 7, 12, 7, 2, 9, 8, 5, 9, 14, 13, 4, 6, 4, 4, 11, 14, 8, 0, 5, 6, 4, 10, 21, 23, 2, 33, 7, 4, 10, 15, 18, 2, 7, 4, 4, 12, 52, 60, 0, 0, 6, 5, 'N', 13, 'N', 0, 0, 6, 3, 'N', 16, 'N', 1, 4, 4, 5, 9, 36, 35, 1, 4, 4, 5, 9, 30, 32, 4, 5, 7, 4, 8, 14, 13, 1, 5, 4, 5, 9, 26, 27, 1, 1, 6, 6, 9, 14, 8, 1, 3, 5, 5, 8, 18, 21, 2, 11, 7, 6, 9, 15, 11, 0, 0, 4, 4, 'N', 20, 'N', 1, 1, 7, 5, 10, 14, 11, 1, 4, 6, 5, 11, 15, 19, 0, 1, 7, 5, 10, 15, 15, 2, 6, 3, 6, 9, 41, 34, 2, 7, 4, 4, 9, 38, 43, 1, 1, 4, 3, 10, 29, 34, 1, 9, 4, 4, 11, 25, 29, 0, 1, 5, 4, 9, 19, 23, 1, 2, 7, 6, 12, 15, 11, 1, 6, 7, 5, 9, 14, 11, 1, 6, 6, 4, 10, 15, 17, 0, 1, 7, 4, 8, 13, 15, 1, 2, 3, 4, 10, 49, 56, 1, 4, 5, 7, 12, 25, 20, 2, 1, 4, 8, 10, 23, 20, 0, 0, 6, 5, 7, 13, 13, 1, 2, 5, 7, 9, 18, 21, 1, 2, 7, 5, 9, 16, 11, 0, 0, 5, 7, 10, 15, 15, 0, 1, 7, 6, 8, 14, 10, 0, 0, 7, 5, 10, 14, 11, 0, 0, 6, 6, 11, 14, 12, 0, 0, 6, 5, 10, 13, 10, 3, 1, 5, 8, 11, 27, 20, 0, 1, 3, 3, 8, 30, 33, 1, 1, 3, 4, 7, 24, 24, 0, 1, 5, 3, 8, 16, 20, 0, 0, 6, 4, 9, 15, 16, 0, 0, 6, 6, 9, 15, 13, 2, 6, 7, 5, 11, 15, 10, 0, 0, 7, 5, 9, 12, 11, 0, 1, 7, 5, 10, 13, 9, 0, 1, 3, 3, 12, 47, 50, 1, 2, 6, 9, 'N', 16, 12, 1, 1, 7, 6, 7, 13, 14, 1, 2, 7, 7, 'N', 15, 13, 1, 3, 5, 7, 9, 16, 14, 0, 1, 7, 8, 10, 21, 15, 1, 1, 6, 9, 11, 15, 12, 2, 3, 6, 6, 9, 15, 13, 1, 0, 7, 5, 8, 12, 11, 0, 1, 7, 6, 8, 13, 14, 0, 0, 5, 6, 8, 13, 13, 0, 1, 6, 5, 9, 15, 14, 1, 5, 9, 6, 10, 21, 21, 0, 0, 3, 3, 8, 25, 26, 1, 1, 3, 3, 7, 18, 19, 0, 0, 6, 5, 9, 15, 11, 1, 2, 8, 6, 12, 15, 13, 0, 0, 7, 5, 9, 13, 8, 0, 1, 8, 5, 9, 13, 8, 0, 0, 3, 2, 11, 43, 44, 0, 1, 7, 8, 9, 17, 17]
-> max_window_size = 25
ORIGINAL FILE:
-> name: /Users/pablocerve/Documents/FING/Proyecto/datasets-csv/[5]el-nino/el-nino.csv
-> size (bytes): 9,820,158
COMPRESSED FILE:
-> name: /Users/pablocerve/Documents/FING/Proyecto/pc-tesis/dataset_parser/scripts/output/[5]el-nino/ca/el-nino.c.cpp.csv
-> size (bytes): 1,372,700
-> 13.98% of original


RESULTS
--------------------------(same file!)
CoderCA
-> error_threshold = [0, 1, 5, 4, 3, 9, 42, 47, 3, 2, 4, 3, 11, 34, 39, 1, 2, 4, 3, 8, 28, 33, 0, 0, 7, 4, 8, 14, 10, 2, 7, 7, 5, 9, 13, 11, 1, 18, 5, 5, 5, 11, 6, 0, 1, 5, 4, 9, 21, 26, 1, 3, 6, 6, 10, 13, 11, 0, 0, 6, 6, 7, 13, 8, 0, 0, 6, 4, 7, 12, 7, 2, 9, 8, 5, 9, 14, 13, 4, 6, 4, 4, 11, 14, 8, 0, 5, 6, 4, 10, 21, 23, 2, 33, 7, 4, 10, 15, 18, 2, 7, 4, 4, 12, 52, 60, 0, 0, 6, 5, 'N', 13, 'N', 0, 0, 6, 3, 'N', 16, 'N', 1, 4, 4, 5, 9, 36, 35, 1, 4, 4, 5, 9, 30, 32, 4, 5, 7, 4, 8, 14, 13, 1, 5, 4, 5, 9, 26, 27, 1, 1, 6, 6, 9, 14, 8, 1, 3, 5, 5, 8, 18, 21, 2, 11, 7, 6, 9, 15, 11, 0, 0, 4, 4, 'N', 20, 'N', 1, 1, 7, 5, 10, 14, 11, 1, 4, 6, 5, 11, 15, 19, 0, 1, 7, 5, 10, 15, 15, 2, 6, 3, 6, 9, 41, 34, 2, 7, 4, 4, 9, 38, 43, 1, 1, 4, 3, 10, 29, 34, 1, 9, 4, 4, 11, 25, 29, 0, 1, 5, 4, 9, 19, 23, 1, 2, 7, 6, 12, 15, 11, 1, 6, 7, 5, 9, 14, 11, 1, 6, 6, 4, 10, 15, 17, 0, 1, 7, 4, 8, 13, 15, 1, 2, 3, 4, 10, 49, 56, 1, 4, 5, 7, 12, 25, 20, 2, 1, 4, 8, 10, 23, 20, 0, 0, 6, 5, 7, 13, 13, 1, 2, 5, 7, 9, 18, 21, 1, 2, 7, 5, 9, 16, 11, 0, 0, 5, 7, 10, 15, 15, 0, 1, 7, 6, 8, 14, 10, 0, 0, 7, 5, 10, 14, 11, 0, 0, 6, 6, 11, 14, 12, 0, 0, 6, 5, 10, 13, 10, 3, 1, 5, 8, 11, 27, 20, 0, 1, 3, 3, 8, 30, 33, 1, 1, 3, 4, 7, 24, 24, 0, 1, 5, 3, 8, 16, 20, 0, 0, 6, 4, 9, 15, 16, 0, 0, 6, 6, 9, 15, 13, 2, 6, 7, 5, 11, 15, 10, 0, 0, 7, 5, 9, 12, 11, 0, 1, 7, 5, 10, 13, 9, 0, 1, 3, 3, 12, 47, 50, 1, 2, 6, 9, 'N', 16, 12, 1, 1, 7, 6, 7, 13, 14, 1, 2, 7, 7, 'N', 15, 13, 1, 3, 5, 7, 9, 16, 14, 0, 1, 7, 8, 10, 21, 15, 1, 1, 6, 9, 11, 15, 12, 2, 3, 6, 6, 9, 15, 13, 1, 0, 7, 5, 8, 12, 11, 0, 1, 7, 6, 8, 13, 14, 0, 0, 5, 6, 8, 13, 13, 0, 1, 6, 5, 9, 15, 14, 1, 5, 9, 6, 10, 21, 21, 0, 0, 3, 3, 8, 25, 26, 1, 1, 3, 3, 7, 18, 19, 0, 0, 6, 5, 9, 15, 11, 1, 2, 8, 6, 12, 15, 13, 0, 0, 7, 5, 9, 13, 8, 0, 1, 8, 5, 9, 13, 8, 0, 0, 3, 2, 11, 43, 44, 0, 1, 7, 8, 9, 17, 17]
-> max_window_size = 50
ORIGINAL FILE:
-> name: /Users/pablocerve/Documents/FING/Proyecto/datasets-csv/[5]el-nino/el-nino.csv
-> size (bytes): 9,820,158
COMPRESSED FILE:
-> name: /Users/pablocerve/Documents/FING/Proyecto/pc-tesis/dataset_parser/scripts/output/[5]el-nino/ca/el-nino.c.cpp.csv
-> size (bytes): 1,339,422
-> 13.64% of original


RESULTS
--------------------------(same file!)
CoderCA
-> error_threshold = [0, 1, 5, 4, 3, 9, 42, 47, 3, 2, 4, 3, 11, 34, 39, 1, 2, 4, 3, 8, 28, 33, 0, 0, 7, 4, 8, 14, 10, 2, 7, 7, 5, 9, 13, 11, 1, 18, 5, 5, 5, 11, 6, 0, 1, 5, 4, 9, 21, 26, 1, 3, 6, 6, 10, 13, 11, 0, 0, 6, 6, 7, 13, 8, 0, 0, 6, 4, 7, 12, 7, 2, 9, 8, 5, 9, 14, 13, 4, 6, 4, 4, 11, 14, 8, 0, 5, 6, 4, 10, 21, 23, 2, 33, 7, 4, 10, 15, 18, 2, 7, 4, 4, 12, 52, 60, 0, 0, 6, 5, 'N', 13, 'N', 0, 0, 6, 3, 'N', 16, 'N', 1, 4, 4, 5, 9, 36, 35, 1, 4, 4, 5, 9, 30, 32, 4, 5, 7, 4, 8, 14, 13, 1, 5, 4, 5, 9, 26, 27, 1, 1, 6, 6, 9, 14, 8, 1, 3, 5, 5, 8, 18, 21, 2, 11, 7, 6, 9, 15, 11, 0, 0, 4, 4, 'N', 20, 'N', 1, 1, 7, 5, 10, 14, 11, 1, 4, 6, 5, 11, 15, 19, 0, 1, 7, 5, 10, 15, 15, 2, 6, 3, 6, 9, 41, 34, 2, 7, 4, 4, 9, 38, 43, 1, 1, 4, 3, 10, 29, 34, 1, 9, 4, 4, 11, 25, 29, 0, 1, 5, 4, 9, 19, 23, 1, 2, 7, 6, 12, 15, 11, 1, 6, 7, 5, 9, 14, 11, 1, 6, 6, 4, 10, 15, 17, 0, 1, 7, 4, 8, 13, 15, 1, 2, 3, 4, 10, 49, 56, 1, 4, 5, 7, 12, 25, 20, 2, 1, 4, 8, 10, 23, 20, 0, 0, 6, 5, 7, 13, 13, 1, 2, 5, 7, 9, 18, 21, 1, 2, 7, 5, 9, 16, 11, 0, 0, 5, 7, 10, 15, 15, 0, 1, 7, 6, 8, 14, 10, 0, 0, 7, 5, 10, 14, 11, 0, 0, 6, 6, 11, 14, 12, 0, 0, 6, 5, 10, 13, 10, 3, 1, 5, 8, 11, 27, 20, 0, 1, 3, 3, 8, 30, 33, 1, 1, 3, 4, 7, 24, 24, 0, 1, 5, 3, 8, 16, 20, 0, 0, 6, 4, 9, 15, 16, 0, 0, 6, 6, 9, 15, 13, 2, 6, 7, 5, 11, 15, 10, 0, 0, 7, 5, 9, 12, 11, 0, 1, 7, 5, 10, 13, 9, 0, 1, 3, 3, 12, 47, 50, 1, 2, 6, 9, 'N', 16, 12, 1, 1, 7, 6, 7, 13, 14, 1, 2, 7, 7, 'N', 15, 13, 1, 3, 5, 7, 9, 16, 14, 0, 1, 7, 8, 10, 21, 15, 1, 1, 6, 9, 11, 15, 12, 2, 3, 6, 6, 9, 15, 13, 1, 0, 7, 5, 8, 12, 11, 0, 1, 7, 6, 8, 13, 14, 0, 0, 5, 6, 8, 13, 13, 0, 1, 6, 5, 9, 15, 14, 1, 5, 9, 6, 10, 21, 21, 0, 0, 3, 3, 8, 25, 26, 1, 1, 3, 3, 7, 18, 19, 0, 0, 6, 5, 9, 15, 11, 1, 2, 8, 6, 12, 15, 13, 0, 0, 7, 5, 9, 13, 8, 0, 1, 8, 5, 9, 13, 8, 0, 0, 3, 2, 11, 43, 44, 0, 1, 7, 8, 9, 17, 17]
-> max_window_size = 100
ORIGINAL FILE:
-> name: /Users/pablocerve/Documents/FING/Proyecto/datasets-csv/[5]el-nino/el-nino.csv
-> size (bytes): 9,820,158
COMPRESSED FILE:
-> name: /Users/pablocerve/Documents/FING/Proyecto/pc-tesis/dataset_parser/scripts/output/[5]el-nino/ca/el-nino.c.cpp.csv
-> size (bytes): 1,357,935
-> 13.83% of original


RESULTS
--------------------------(same file!)
CoderCA
-> error_threshold = [0, 1, 5, 4, 3, 9, 42, 47, 3, 2, 4, 3, 11, 34, 39, 1, 2, 4, 3, 8, 28, 33, 0, 0, 7, 4, 8, 14, 10, 2, 7, 7, 5, 9, 13, 11, 1, 18, 5, 5, 5, 11, 6, 0, 1, 5, 4, 9, 21, 26, 1, 3, 6, 6, 10, 13, 11, 0, 0, 6, 6, 7, 13, 8, 0, 0, 6, 4, 7, 12, 7, 2, 9, 8, 5, 9, 14, 13, 4, 6, 4, 4, 11, 14, 8, 0, 5, 6, 4, 10, 21, 23, 2, 33, 7, 4, 10, 15, 18, 2, 7, 4, 4, 12, 52, 60, 0, 0, 6, 5, 'N', 13, 'N', 0, 0, 6, 3, 'N', 16, 'N', 1, 4, 4, 5, 9, 36, 35, 1, 4, 4, 5, 9, 30, 32, 4, 5, 7, 4, 8, 14, 13, 1, 5, 4, 5, 9, 26, 27, 1, 1, 6, 6, 9, 14, 8, 1, 3, 5, 5, 8, 18, 21, 2, 11, 7, 6, 9, 15, 11, 0, 0, 4, 4, 'N', 20, 'N', 1, 1, 7, 5, 10, 14, 11, 1, 4, 6, 5, 11, 15, 19, 0, 1, 7, 5, 10, 15, 15, 2, 6, 3, 6, 9, 41, 34, 2, 7, 4, 4, 9, 38, 43, 1, 1, 4, 3, 10, 29, 34, 1, 9, 4, 4, 11, 25, 29, 0, 1, 5, 4, 9, 19, 23, 1, 2, 7, 6, 12, 15, 11, 1, 6, 7, 5, 9, 14, 11, 1, 6, 6, 4, 10, 15, 17, 0, 1, 7, 4, 8, 13, 15, 1, 2, 3, 4, 10, 49, 56, 1, 4, 5, 7, 12, 25, 20, 2, 1, 4, 8, 10, 23, 20, 0, 0, 6, 5, 7, 13, 13, 1, 2, 5, 7, 9, 18, 21, 1, 2, 7, 5, 9, 16, 11, 0, 0, 5, 7, 10, 15, 15, 0, 1, 7, 6, 8, 14, 10, 0, 0, 7, 5, 10, 14, 11, 0, 0, 6, 6, 11, 14, 12, 0, 0, 6, 5, 10, 13, 10, 3, 1, 5, 8, 11, 27, 20, 0, 1, 3, 3, 8, 30, 33, 1, 1, 3, 4, 7, 24, 24, 0, 1, 5, 3, 8, 16, 20, 0, 0, 6, 4, 9, 15, 16, 0, 0, 6, 6, 9, 15, 13, 2, 6, 7, 5, 11, 15, 10, 0, 0, 7, 5, 9, 12, 11, 0, 1, 7, 5, 10, 13, 9, 0, 1, 3, 3, 12, 47, 50, 1, 2, 6, 9, 'N', 16, 12, 1, 1, 7, 6, 7, 13, 14, 1, 2, 7, 7, 'N', 15, 13, 1, 3, 5, 7, 9, 16, 14, 0, 1, 7, 8, 10, 21, 15, 1, 1, 6, 9, 11, 15, 12, 2, 3, 6, 6, 9, 15, 13, 1, 0, 7, 5, 8, 12, 11, 0, 1, 7, 6, 8, 13, 14, 0, 0, 5, 6, 8, 13, 13, 0, 1, 6, 5, 9, 15, 14, 1, 5, 9, 6, 10, 21, 21, 0, 0, 3, 3, 8, 25, 26, 1, 1, 3, 3, 7, 18, 19, 0, 0, 6, 5, 9, 15, 11, 1, 2, 8, 6, 12, 15, 13, 0, 0, 7, 5, 9, 13, 8, 0, 1, 8, 5, 9, 13, 8, 0, 0, 3, 2, 11, 43, 44, 0, 1, 7, 8, 9, 17, 17]
-> max_window_size = 200
ORIGINAL FILE:
-> name: /Users/pablocerve/Documents/FING/Proyecto/datasets-csv/[5]el-nino/el-nino.csv
-> size (bytes): 9,820,158
COMPRESSED FILE:
-> name: /Users/pablocerve/Documents/FING/Proyecto/pc-tesis/dataset_parser/scripts/output/[5]el-nino/ca/el-nino.c.cpp.csv
-> size (bytes): 1,403,180
-> 14.29% of original


RESULTS
--------------------------(same file!)
CoderCA
-> error_threshold = [0, 1, 8, 5, 5, 14, 64, 71, 4, 2, 6, 5, 16, 51, 59, 1, 3, 6, 5, 12, 41, 49, 0, 1, 11, 6, 12, 20, 16, 3, 11, 10, 7, 14, 19, 16, 2, 27, 7, 8, 7, 16, 8, 0, 2, 8, 6, 13, 31, 39, 2, 5, 9, 9, 15, 20, 16, 0, 0, 9, 9, 11, 19, 12, 0, 0, 9, 5, 10, 19, 10, 2, 13, 12, 7, 13, 21, 20, 6, 9, 6, 6, 16, 20, 12, 1, 8, 9, 6, 15, 31, 35, 3, 50, 10, 6, 15, 22, 27, 3, 11, 6, 6, 19, 78, 90, 0, 0, 9, 7, 'N', 19, 'N', 0, 0, 9, 5, 'N', 24, 'N', 2, 6, 6, 7, 13, 53, 53, 1, 7, 6, 8, 14, 45, 48, 6, 8, 10, 6, 11, 20, 19, 2, 7, 7, 7, 13, 39, 41, 2, 1, 9, 8, 14, 20, 13, 1, 4, 7, 7, 13, 27, 31, 3, 16, 10, 9, 14, 23, 17, 0, 0, 6, 6, 'N', 30, 'N', 1, 2, 11, 8, 15, 20, 17, 1, 6, 9, 7, 17, 23, 28, 0, 1, 10, 7, 14, 22, 22, 3, 9, 5, 8, 13, 61, 51, 3, 10, 5, 6, 14, 58, 64, 1, 1, 6, 5, 15, 43, 51, 2, 13, 6, 7, 16, 37, 43, 0, 1, 8, 6, 13, 29, 35, 1, 3, 10, 9, 17, 23, 17, 1, 9, 11, 8, 14, 21, 17, 2, 9, 9, 6, 15, 23, 25, 1, 1, 10, 7, 12, 19, 22, 1, 3, 5, 5, 15, 73, 84, 1, 6, 7, 10, 18, 37, 31, 3, 1, 7, 12, 15, 35, 30, 1, 0, 9, 7, 11, 20, 19, 2, 2, 7, 10, 14, 27, 31, 1, 3, 10, 8, 13, 24, 16, 0, 1, 8, 10, 15, 22, 23, 0, 2, 10, 9, 12, 21, 16, 1, 1, 11, 8, 15, 21, 17, 0, 1, 9, 9, 16, 21, 18, 0, 1, 9, 8, 15, 19, 14, 4, 1, 8, 11, 16, 40, 30, 1, 2, 4, 5, 12, 45, 49, 1, 2, 5, 5, 11, 35, 36, 0, 1, 7, 5, 12, 24, 30, 0, 1, 9, 6, 14, 23, 23, 0, 1, 10, 9, 13, 23, 20, 3, 10, 11, 7, 16, 23, 15, 0, 1, 10, 7, 14, 19, 17, 1, 1, 11, 7, 15, 19, 13, 1, 2, 4, 4, 18, 70, 75, 1, 3, 10, 13, 'N', 24, 19, 1, 2, 10, 8, 11, 20, 21, 1, 3, 10, 11, 'N', 22, 20, 1, 5, 7, 11, 13, 23, 20, 0, 1, 11, 12, 15, 31, 22, 1, 1, 9, 13, 17, 23, 18, 2, 4, 9, 9, 14, 23, 19, 1, 1, 10, 8, 12, 17, 17, 1, 1, 10, 9, 12, 20, 20, 0, 0, 8, 8, 13, 20, 20, 0, 1, 9, 8, 13, 22, 20, 1, 7, 13, 10, 15, 32, 31, 1, 0, 4, 5, 13, 37, 39, 2, 1, 4, 5, 11, 27, 28, 0, 1, 9, 7, 14, 22, 16, 1, 3, 12, 9, 18, 22, 19, 0, 0, 11, 7, 14, 19, 12, 0, 2, 11, 7, 14, 20, 13, 0, 1, 4, 4, 16, 65, 66, 1, 1, 10, 11, 14, 25, 25]
-> max_window_size = 5
ORIGINAL FILE:
-> name: /Users/pablocerve/Documents/FING/Proyecto/datasets-csv/[5]el-nino/el-nino.csv
-> size (bytes): 9,820,158
COMPRESSED FILE:
-> name: /Users/pablocerve/Documents/FING/Proyecto/pc-tesis/dataset_parser/scripts/output/[5]el-nino/ca/el-nino.c.cpp.csv
-> size (bytes): 1,922,753
-> 19.58% of original


RESULTS
--------------------------(same file!)
CoderCA
-> error_threshold = [0, 1, 8, 5, 5, 14, 64, 71, 4, 2, 6, 5, 16, 51, 59, 1, 3, 6, 5, 12, 41, 49, 0, 1, 11, 6, 12, 20, 16, 3, 11, 10, 7, 14, 19, 16, 2, 27, 7, 8, 7, 16, 8, 0, 2, 8, 6, 13, 31, 39, 2, 5, 9, 9, 15, 20, 16, 0, 0, 9, 9, 11, 19, 12, 0, 0, 9, 5, 10, 19, 10, 2, 13, 12, 7, 13, 21, 20, 6, 9, 6, 6, 16, 20, 12, 1, 8, 9, 6, 15, 31, 35, 3, 50, 10, 6, 15, 22, 27, 3, 11, 6, 6, 19, 78, 90, 0, 0, 9, 7, 'N', 19, 'N', 0, 0, 9, 5, 'N', 24, 'N', 2, 6, 6, 7, 13, 53, 53, 1, 7, 6, 8, 14, 45, 48, 6, 8, 10, 6, 11, 20, 19, 2, 7, 7, 7, 13, 39, 41, 2, 1, 9, 8, 14, 20, 13, 1, 4, 7, 7, 13, 27, 31, 3, 16, 10, 9, 14, 23, 17, 0, 0, 6, 6, 'N', 30, 'N', 1, 2, 11, 8, 15, 20, 17, 1, 6, 9, 7, 17, 23, 28, 0, 1, 10, 7, 14, 22, 22, 3, 9, 5, 8, 13, 61, 51, 3, 10, 5, 6, 14, 58, 64, 1, 1, 6, 5, 15, 43, 51, 2, 13, 6, 7, 16, 37, 43, 0, 1, 8, 6, 13, 29, 35, 1, 3, 10, 9, 17, 23, 17, 1, 9, 11, 8, 14, 21, 17, 2, 9, 9, 6, 15, 23, 25, 1, 1, 10, 7, 12, 19, 22, 1, 3, 5, 5, 15, 73, 84, 1, 6, 7, 10, 18, 37, 31, 3, 1, 7, 12, 15, 35, 30, 1, 0, 9, 7, 11, 20, 19, 2, 2, 7, 10, 14, 27, 31, 1, 3, 10, 8, 13, 24, 16, 0, 1, 8, 10, 15, 22, 23, 0, 2, 10, 9, 12, 21, 16, 1, 1, 11, 8, 15, 21, 17, 0, 1, 9, 9, 16, 21, 18, 0, 1, 9, 8, 15, 19, 14, 4, 1, 8, 11, 16, 40, 30, 1, 2, 4, 5, 12, 45, 49, 1, 2, 5, 5, 11, 35, 36, 0, 1, 7, 5, 12, 24, 30, 0, 1, 9, 6, 14, 23, 23, 0, 1, 10, 9, 13, 23, 20, 3, 10, 11, 7, 16, 23, 15, 0, 1, 10, 7, 14, 19, 17, 1, 1, 11, 7, 15, 19, 13, 1, 2, 4, 4, 18, 70, 75, 1, 3, 10, 13, 'N', 24, 19, 1, 2, 10, 8, 11, 20, 21, 1, 3, 10, 11, 'N', 22, 20, 1, 5, 7, 11, 13, 23, 20, 0, 1, 11, 12, 15, 31, 22, 1, 1, 9, 13, 17, 23, 18, 2, 4, 9, 9, 14, 23, 19, 1, 1, 10, 8, 12, 17, 17, 1, 1, 10, 9, 12, 20, 20, 0, 0, 8, 8, 13, 20, 20, 0, 1, 9, 8, 13, 22, 20, 1, 7, 13, 10, 15, 32, 31, 1, 0, 4, 5, 13, 37, 39, 2, 1, 4, 5, 11, 27, 28, 0, 1, 9, 7, 14, 22, 16, 1, 3, 12, 9, 18, 22, 19, 0, 0, 11, 7, 14, 19, 12, 0, 2, 11, 7, 14, 20, 13, 0, 1, 4, 4, 16, 65, 66, 1, 1, 10, 11, 14, 25, 25]
-> max_window_size = 10
ORIGINAL FILE:
-> name: /Users/pablocerve/Documents/FING/Proyecto/datasets-csv/[5]el-nino/el-nino.csv
-> size (bytes): 9,820,158
COMPRESSED FILE:
-> name: /Users/pablocerve/Documents/FING/Proyecto/pc-tesis/dataset_parser/scripts/output/[5]el-nino/ca/el-nino.c.cpp.csv
-> size (bytes): 1,459,407
-> 14.86% of original


RESULTS
--------------------------(same file!)
CoderCA
-> error_threshold = [0, 1, 8, 5, 5, 14, 64, 71, 4, 2, 6, 5, 16, 51, 59, 1, 3, 6, 5, 12, 41, 49, 0, 1, 11, 6, 12, 20, 16, 3, 11, 10, 7, 14, 19, 16, 2, 27, 7, 8, 7, 16, 8, 0, 2, 8, 6, 13, 31, 39, 2, 5, 9, 9, 15, 20, 16, 0, 0, 9, 9, 11, 19, 12, 0, 0, 9, 5, 10, 19, 10, 2, 13, 12, 7, 13, 21, 20, 6, 9, 6, 6, 16, 20, 12, 1, 8, 9, 6, 15, 31, 35, 3, 50, 10, 6, 15, 22, 27, 3, 11, 6, 6, 19, 78, 90, 0, 0, 9, 7, 'N', 19, 'N', 0, 0, 9, 5, 'N', 24, 'N', 2, 6, 6, 7, 13, 53, 53, 1, 7, 6, 8, 14, 45, 48, 6, 8, 10, 6, 11, 20, 19, 2, 7, 7, 7, 13, 39, 41, 2, 1, 9, 8, 14, 20, 13, 1, 4, 7, 7, 13, 27, 31, 3, 16, 10, 9, 14, 23, 17, 0, 0, 6, 6, 'N', 30, 'N', 1, 2, 11, 8, 15, 20, 17, 1, 6, 9, 7, 17, 23, 28, 0, 1, 10, 7, 14, 22, 22, 3, 9, 5, 8, 13, 61, 51, 3, 10, 5, 6, 14, 58, 64, 1, 1, 6, 5, 15, 43, 51, 2, 13, 6, 7, 16, 37, 43, 0, 1, 8, 6, 13, 29, 35, 1, 3, 10, 9, 17, 23, 17, 1, 9, 11, 8, 14, 21, 17, 2, 9, 9, 6, 15, 23, 25, 1, 1, 10, 7, 12, 19, 22, 1, 3, 5, 5, 15, 73, 84, 1, 6, 7, 10, 18, 37, 31, 3, 1, 7, 12, 15, 35, 30, 1, 0, 9, 7, 11, 20, 19, 2, 2, 7, 10, 14, 27, 31, 1, 3, 10, 8, 13, 24, 16, 0, 1, 8, 10, 15, 22, 23, 0, 2, 10, 9, 12, 21, 16, 1, 1, 11, 8, 15, 21, 17, 0, 1, 9, 9, 16, 21, 18, 0, 1, 9, 8, 15, 19, 14, 4, 1, 8, 11, 16, 40, 30, 1, 2, 4, 5, 12, 45, 49, 1, 2, 5, 5, 11, 35, 36, 0, 1, 7, 5, 12, 24, 30, 0, 1, 9, 6, 14, 23, 23, 0, 1, 10, 9, 13, 23, 20, 3, 10, 11, 7, 16, 23, 15, 0, 1, 10, 7, 14, 19, 17, 1, 1, 11, 7, 15, 19, 13, 1, 2, 4, 4, 18, 70, 75, 1, 3, 10, 13, 'N', 24, 19, 1, 2, 10, 8, 11, 20, 21, 1, 3, 10, 11, 'N', 22, 20, 1, 5, 7, 11, 13, 23, 20, 0, 1, 11, 12, 15, 31, 22, 1, 1, 9, 13, 17, 23, 18, 2, 4, 9, 9, 14, 23, 19, 1, 1, 10, 8, 12, 17, 17, 1, 1, 10, 9, 12, 20, 20, 0, 0, 8, 8, 13, 20, 20, 0, 1, 9, 8, 13, 22, 20, 1, 7, 13, 10, 15, 32, 31, 1, 0, 4, 5, 13, 37, 39, 2, 1, 4, 5, 11, 27, 28, 0, 1, 9, 7, 14, 22, 16, 1, 3, 12, 9, 18, 22, 19, 0, 0, 11, 7, 14, 19, 12, 0, 2, 11, 7, 14, 20, 13, 0, 1, 4, 4, 16, 65, 66, 1, 1, 10, 11, 14, 25, 25]
-> max_window_size = 25
ORIGINAL FILE:
-> name: /Users/pablocerve/Documents/FING/Proyecto/datasets-csv/[5]el-nino/el-nino.csv
-> size (bytes): 9,820,158
COMPRESSED FILE:
-> name: /Users/pablocerve/Documents/FING/Proyecto/pc-tesis/dataset_parser/scripts/output/[5]el-nino/ca/el-nino.c.cpp.csv
-> size (bytes): 1,185,781
-> 12.07% of original


RESULTS
--------------------------(same file!)
CoderCA
-> error_threshold = [0, 1, 8, 5, 5, 14, 64, 71, 4, 2, 6, 5, 16, 51, 59, 1, 3, 6, 5, 12, 41, 49, 0, 1, 11, 6, 12, 20, 16, 3, 11, 10, 7, 14, 19, 16, 2, 27, 7, 8, 7, 16, 8, 0, 2, 8, 6, 13, 31, 39, 2, 5, 9, 9, 15, 20, 16, 0, 0, 9, 9, 11, 19, 12, 0, 0, 9, 5, 10, 19, 10, 2, 13, 12, 7, 13, 21, 20, 6, 9, 6, 6, 16, 20, 12, 1, 8, 9, 6, 15, 31, 35, 3, 50, 10, 6, 15, 22, 27, 3, 11, 6, 6, 19, 78, 90, 0, 0, 9, 7, 'N', 19, 'N', 0, 0, 9, 5, 'N', 24, 'N', 2, 6, 6, 7, 13, 53, 53, 1, 7, 6, 8, 14, 45, 48, 6, 8, 10, 6, 11, 20, 19, 2, 7, 7, 7, 13, 39, 41, 2, 1, 9, 8, 14, 20, 13, 1, 4, 7, 7, 13, 27, 31, 3, 16, 10, 9, 14, 23, 17, 0, 0, 6, 6, 'N', 30, 'N', 1, 2, 11, 8, 15, 20, 17, 1, 6, 9, 7, 17, 23, 28, 0, 1, 10, 7, 14, 22, 22, 3, 9, 5, 8, 13, 61, 51, 3, 10, 5, 6, 14, 58, 64, 1, 1, 6, 5, 15, 43, 51, 2, 13, 6, 7, 16, 37, 43, 0, 1, 8, 6, 13, 29, 35, 1, 3, 10, 9, 17, 23, 17, 1, 9, 11, 8, 14, 21, 17, 2, 9, 9, 6, 15, 23, 25, 1, 1, 10, 7, 12, 19, 22, 1, 3, 5, 5, 15, 73, 84, 1, 6, 7, 10, 18, 37, 31, 3, 1, 7, 12, 15, 35, 30, 1, 0, 9, 7, 11, 20, 19, 2, 2, 7, 10, 14, 27, 31, 1, 3, 10, 8, 13, 24, 16, 0, 1, 8, 10, 15, 22, 23, 0, 2, 10, 9, 12, 21, 16, 1, 1, 11, 8, 15, 21, 17, 0, 1, 9, 9, 16, 21, 18, 0, 1, 9, 8, 15, 19, 14, 4, 1, 8, 11, 16, 40, 30, 1, 2, 4, 5, 12, 45, 49, 1, 2, 5, 5, 11, 35, 36, 0, 1, 7, 5, 12, 24, 30, 0, 1, 9, 6, 14, 23, 23, 0, 1, 10, 9, 13, 23, 20, 3, 10, 11, 7, 16, 23, 15, 0, 1, 10, 7, 14, 19, 17, 1, 1, 11, 7, 15, 19, 13, 1, 2, 4, 4, 18, 70, 75, 1, 3, 10, 13, 'N', 24, 19, 1, 2, 10, 8, 11, 20, 21, 1, 3, 10, 11, 'N', 22, 20, 1, 5, 7, 11, 13, 23, 20, 0, 1, 11, 12, 15, 31, 22, 1, 1, 9, 13, 17, 23, 18, 2, 4, 9, 9, 14, 23, 19, 1, 1, 10, 8, 12, 17, 17, 1, 1, 10, 9, 12, 20, 20, 0, 0, 8, 8, 13, 20, 20, 0, 1, 9, 8, 13, 22, 20, 1, 7, 13, 10, 15, 32, 31, 1, 0, 4, 5, 13, 37, 39, 2, 1, 4, 5, 11, 27, 28, 0, 1, 9, 7, 14, 22, 16, 1, 3, 12, 9, 18, 22, 19, 0, 0, 11, 7, 14, 19, 12, 0, 2, 11, 7, 14, 20, 13, 0, 1, 4, 4, 16, 65, 66, 1, 1, 10, 11, 14, 25, 25]
-> max_window_size = 50
ORIGINAL FILE:
-> name: /Users/pablocerve/Documents/FING/Proyecto/datasets-csv/[5]el-nino/el-nino.csv
-> size (bytes): 9,820,158
COMPRESSED FILE:
-> name: /Users/pablocerve/Documents/FING/Proyecto/pc-tesis/dataset_parser/scripts/output/[5]el-nino/ca/el-nino.c.cpp.csv
-> size (bytes): 1,136,255
-> 11.57% of original


RESULTS
--------------------------(same file!)
CoderCA
-> error_threshold = [0, 1, 8, 5, 5, 14, 64, 71, 4, 2, 6, 5, 16, 51, 59, 1, 3, 6, 5, 12, 41, 49, 0, 1, 11, 6, 12, 20, 16, 3, 11, 10, 7, 14, 19, 16, 2, 27, 7, 8, 7, 16, 8, 0, 2, 8, 6, 13, 31, 39, 2, 5, 9, 9, 15, 20, 16, 0, 0, 9, 9, 11, 19, 12, 0, 0, 9, 5, 10, 19, 10, 2, 13, 12, 7, 13, 21, 20, 6, 9, 6, 6, 16, 20, 12, 1, 8, 9, 6, 15, 31, 35, 3, 50, 10, 6, 15, 22, 27, 3, 11, 6, 6, 19, 78, 90, 0, 0, 9, 7, 'N', 19, 'N', 0, 0, 9, 5, 'N', 24, 'N', 2, 6, 6, 7, 13, 53, 53, 1, 7, 6, 8, 14, 45, 48, 6, 8, 10, 6, 11, 20, 19, 2, 7, 7, 7, 13, 39, 41, 2, 1, 9, 8, 14, 20, 13, 1, 4, 7, 7, 13, 27, 31, 3, 16, 10, 9, 14, 23, 17, 0, 0, 6, 6, 'N', 30, 'N', 1, 2, 11, 8, 15, 20, 17, 1, 6, 9, 7, 17, 23, 28, 0, 1, 10, 7, 14, 22, 22, 3, 9, 5, 8, 13, 61, 51, 3, 10, 5, 6, 14, 58, 64, 1, 1, 6, 5, 15, 43, 51, 2, 13, 6, 7, 16, 37, 43, 0, 1, 8, 6, 13, 29, 35, 1, 3, 10, 9, 17, 23, 17, 1, 9, 11, 8, 14, 21, 17, 2, 9, 9, 6, 15, 23, 25, 1, 1, 10, 7, 12, 19, 22, 1, 3, 5, 5, 15, 73, 84, 1, 6, 7, 10, 18, 37, 31, 3, 1, 7, 12, 15, 35, 30, 1, 0, 9, 7, 11, 20, 19, 2, 2, 7, 10, 14, 27, 31, 1, 3, 10, 8, 13, 24, 16, 0, 1, 8, 10, 15, 22, 23, 0, 2, 10, 9, 12, 21, 16, 1, 1, 11, 8, 15, 21, 17, 0, 1, 9, 9, 16, 21, 18, 0, 1, 9, 8, 15, 19, 14, 4, 1, 8, 11, 16, 40, 30, 1, 2, 4, 5, 12, 45, 49, 1, 2, 5, 5, 11, 35, 36, 0, 1, 7, 5, 12, 24, 30, 0, 1, 9, 6, 14, 23, 23, 0, 1, 10, 9, 13, 23, 20, 3, 10, 11, 7, 16, 23, 15, 0, 1, 10, 7, 14, 19, 17, 1, 1, 11, 7, 15, 19, 13, 1, 2, 4, 4, 18, 70, 75, 1, 3, 10, 13, 'N', 24, 19, 1, 2, 10, 8, 11, 20, 21, 1, 3, 10, 11, 'N', 22, 20, 1, 5, 7, 11, 13, 23, 20, 0, 1, 11, 12, 15, 31, 22, 1, 1, 9, 13, 17, 23, 18, 2, 4, 9, 9, 14, 23, 19, 1, 1, 10, 8, 12, 17, 17, 1, 1, 10, 9, 12, 20, 20, 0, 0, 8, 8, 13, 20, 20, 0, 1, 9, 8, 13, 22, 20, 1, 7, 13, 10, 15, 32, 31, 1, 0, 4, 5, 13, 37, 39, 2, 1, 4, 5, 11, 27, 28, 0, 1, 9, 7, 14, 22, 16, 1, 3, 12, 9, 18, 22, 19, 0, 0, 11, 7, 14, 19, 12, 0, 2, 11, 7, 14, 20, 13, 0, 1, 4, 4, 16, 65, 66, 1, 1, 10, 11, 14, 25, 25]
-> max_window_size = 100
ORIGINAL FILE:
-> name: /Users/pablocerve/Documents/FING/Proyecto/datasets-csv/[5]el-nino/el-nino.csv
-> size (bytes): 9,820,158
COMPRESSED FILE:
-> name: /Users/pablocerve/Documents/FING/Proyecto/pc-tesis/dataset_parser/scripts/output/[5]el-nino/ca/el-nino.c.cpp.csv
-> size (bytes): 1,141,109
-> 11.62% of original


RESULTS
--------------------------(same file!)
CoderCA
-> error_threshold = [0, 1, 8, 5, 5, 14, 64, 71, 4, 2, 6, 5, 16, 51, 59, 1, 3, 6, 5, 12, 41, 49, 0, 1, 11, 6, 12, 20, 16, 3, 11, 10, 7, 14, 19, 16, 2, 27, 7, 8, 7, 16, 8, 0, 2, 8, 6, 13, 31, 39, 2, 5, 9, 9, 15, 20, 16, 0, 0, 9, 9, 11, 19, 12, 0, 0, 9, 5, 10, 19, 10, 2, 13, 12, 7, 13, 21, 20, 6, 9, 6, 6, 16, 20, 12, 1, 8, 9, 6, 15, 31, 35, 3, 50, 10, 6, 15, 22, 27, 3, 11, 6, 6, 19, 78, 90, 0, 0, 9, 7, 'N', 19, 'N', 0, 0, 9, 5, 'N', 24, 'N', 2, 6, 6, 7, 13, 53, 53, 1, 7, 6, 8, 14, 45, 48, 6, 8, 10, 6, 11, 20, 19, 2, 7, 7, 7, 13, 39, 41, 2, 1, 9, 8, 14, 20, 13, 1, 4, 7, 7, 13, 27, 31, 3, 16, 10, 9, 14, 23, 17, 0, 0, 6, 6, 'N', 30, 'N', 1, 2, 11, 8, 15, 20, 17, 1, 6, 9, 7, 17, 23, 28, 0, 1, 10, 7, 14, 22, 22, 3, 9, 5, 8, 13, 61, 51, 3, 10, 5, 6, 14, 58, 64, 1, 1, 6, 5, 15, 43, 51, 2, 13, 6, 7, 16, 37, 43, 0, 1, 8, 6, 13, 29, 35, 1, 3, 10, 9, 17, 23, 17, 1, 9, 11, 8, 14, 21, 17, 2, 9, 9, 6, 15, 23, 25, 1, 1, 10, 7, 12, 19, 22, 1, 3, 5, 5, 15, 73, 84, 1, 6, 7, 10, 18, 37, 31, 3, 1, 7, 12, 15, 35, 30, 1, 0, 9, 7, 11, 20, 19, 2, 2, 7, 10, 14, 27, 31, 1, 3, 10, 8, 13, 24, 16, 0, 1, 8, 10, 15, 22, 23, 0, 2, 10, 9, 12, 21, 16, 1, 1, 11, 8, 15, 21, 17, 0, 1, 9, 9, 16, 21, 18, 0, 1, 9, 8, 15, 19, 14, 4, 1, 8, 11, 16, 40, 30, 1, 2, 4, 5, 12, 45, 49, 1, 2, 5, 5, 11, 35, 36, 0, 1, 7, 5, 12, 24, 30, 0, 1, 9, 6, 14, 23, 23, 0, 1, 10, 9, 13, 23, 20, 3, 10, 11, 7, 16, 23, 15, 0, 1, 10, 7, 14, 19, 17, 1, 1, 11, 7, 15, 19, 13, 1, 2, 4, 4, 18, 70, 75, 1, 3, 10, 13, 'N', 24, 19, 1, 2, 10, 8, 11, 20, 21, 1, 3, 10, 11, 'N', 22, 20, 1, 5, 7, 11, 13, 23, 20, 0, 1, 11, 12, 15, 31, 22, 1, 1, 9, 13, 17, 23, 18, 2, 4, 9, 9, 14, 23, 19, 1, 1, 10, 8, 12, 17, 17, 1, 1, 10, 9, 12, 20, 20, 0, 0, 8, 8, 13, 20, 20, 0, 1, 9, 8, 13, 22, 20, 1, 7, 13, 10, 15, 32, 31, 1, 0, 4, 5, 13, 37, 39, 2, 1, 4, 5, 11, 27, 28, 0, 1, 9, 7, 14, 22, 16, 1, 3, 12, 9, 18, 22, 19, 0, 0, 11, 7, 14, 19, 12, 0, 2, 11, 7, 14, 20, 13, 0, 1, 4, 4, 16, 65, 66, 1, 1, 10, 11, 14, 25, 25]
-> max_window_size = 200
ORIGINAL FILE:
-> name: /Users/pablocerve/Documents/FING/Proyecto/datasets-csv/[5]el-nino/el-nino.csv
-> size (bytes): 9,820,158
COMPRESSED FILE:
-> name: /Users/pablocerve/Documents/FING/Proyecto/pc-tesis/dataset_parser/scripts/output/[5]el-nino/ca/el-nino.c.cpp.csv
-> size (bytes): 1,173,637
-> 11.95% of original

