
RESULTS
--------------------------(same file!)
CoderCA
-> error_threshold = [0, 0, 0, 0]
-> max_window_size = 5
ORIGINAL FILE:
-> name: /Users/pablocerve/Documents/FING/Proyecto/datasets-csv/[6]noaa-spc-reports/wind/noaa_spc-wind.csv
-> size (bytes): 765,001
COMPRESSED FILE:
-> name: /Users/pablocerve/Documents/FING/Proyecto/pc-tesis/dataset_parser/scripts/output/[6]noaa-spc-reports/ca/noaa_spc-wind.c.cpp.csv
-> size (bytes): 335,952
-> 43.92% of original


RESULTS
--------------------------(same file!)
CoderCA
-> error_threshold = [0, 0, 0, 0]
-> max_window_size = 10
ORIGINAL FILE:
-> name: /Users/pablocerve/Documents/FING/Proyecto/datasets-csv/[6]noaa-spc-reports/wind/noaa_spc-wind.csv
-> size (bytes): 765,001
COMPRESSED FILE:
-> name: /Users/pablocerve/Documents/FING/Proyecto/pc-tesis/dataset_parser/scripts/output/[6]noaa-spc-reports/ca/noaa_spc-wind.c.cpp.csv
-> size (bytes): 355,657
-> 46.49% of original


RESULTS
--------------------------(same file!)
CoderCA
-> error_threshold = [0, 0, 0, 0]
-> max_window_size = 25
ORIGINAL FILE:
-> name: /Users/pablocerve/Documents/FING/Proyecto/datasets-csv/[6]noaa-spc-reports/wind/noaa_spc-wind.csv
-> size (bytes): 765,001
COMPRESSED FILE:
-> name: /Users/pablocerve/Documents/FING/Proyecto/pc-tesis/dataset_parser/scripts/output/[6]noaa-spc-reports/ca/noaa_spc-wind.c.cpp.csv
-> size (bytes): 375,405
-> 49.07% of original


RESULTS
--------------------------(same file!)
CoderCA
-> error_threshold = [0, 0, 0, 0]
-> max_window_size = 50
ORIGINAL FILE:
-> name: /Users/pablocerve/Documents/FING/Proyecto/datasets-csv/[6]noaa-spc-reports/wind/noaa_spc-wind.csv
-> size (bytes): 765,001
COMPRESSED FILE:
-> name: /Users/pablocerve/Documents/FING/Proyecto/pc-tesis/dataset_parser/scripts/output/[6]noaa-spc-reports/ca/noaa_spc-wind.c.cpp.csv
-> size (bytes): 395,153
-> 51.65% of original


RESULTS
--------------------------(same file!)
CoderCA
-> error_threshold = [0, 0, 0, 0]
-> max_window_size = 100
ORIGINAL FILE:
-> name: /Users/pablocerve/Documents/FING/Proyecto/datasets-csv/[6]noaa-spc-reports/wind/noaa_spc-wind.csv
-> size (bytes): 765,001
COMPRESSED FILE:
-> name: /Users/pablocerve/Documents/FING/Proyecto/pc-tesis/dataset_parser/scripts/output/[6]noaa-spc-reports/ca/noaa_spc-wind.c.cpp.csv
-> size (bytes): 414,901
-> 54.24% of original


RESULTS
--------------------------(same file!)
CoderCA
-> error_threshold = [0, 0, 0, 0]
-> max_window_size = 200
ORIGINAL FILE:
-> name: /Users/pablocerve/Documents/FING/Proyecto/datasets-csv/[6]noaa-spc-reports/wind/noaa_spc-wind.csv
-> size (bytes): 765,001
COMPRESSED FILE:
-> name: /Users/pablocerve/Documents/FING/Proyecto/pc-tesis/dataset_parser/scripts/output/[6]noaa-spc-reports/ca/noaa_spc-wind.c.cpp.csv
-> size (bytes): 434,649
-> 56.82% of original


RESULTS
--------------------------(same file!)
CoderCA
-> error_threshold = [0, 14, 29, 26]
-> max_window_size = 5
ORIGINAL FILE:
-> name: /Users/pablocerve/Documents/FING/Proyecto/datasets-csv/[6]noaa-spc-reports/wind/noaa_spc-wind.csv
-> size (bytes): 765,001
COMPRESSED FILE:
-> name: /Users/pablocerve/Documents/FING/Proyecto/pc-tesis/dataset_parser/scripts/output/[6]noaa-spc-reports/ca/noaa_spc-wind.c.cpp.csv
-> size (bytes): 285,164
-> 37.28% of original


RESULTS
--------------------------(same file!)
CoderCA
-> error_threshold = [0, 14, 29, 26]
-> max_window_size = 10
ORIGINAL FILE:
-> name: /Users/pablocerve/Documents/FING/Proyecto/datasets-csv/[6]noaa-spc-reports/wind/noaa_spc-wind.csv
-> size (bytes): 765,001
COMPRESSED FILE:
-> name: /Users/pablocerve/Documents/FING/Proyecto/pc-tesis/dataset_parser/scripts/output/[6]noaa-spc-reports/ca/noaa_spc-wind.c.cpp.csv
-> size (bytes): 293,675
-> 38.39% of original


RESULTS
--------------------------(same file!)
CoderCA
-> error_threshold = [0, 14, 29, 26]
-> max_window_size = 25
ORIGINAL FILE:
-> name: /Users/pablocerve/Documents/FING/Proyecto/datasets-csv/[6]noaa-spc-reports/wind/noaa_spc-wind.csv
-> size (bytes): 765,001
COMPRESSED FILE:
-> name: /Users/pablocerve/Documents/FING/Proyecto/pc-tesis/dataset_parser/scripts/output/[6]noaa-spc-reports/ca/noaa_spc-wind.c.cpp.csv
-> size (bytes): 305,245
-> 39.9% of original


RESULTS
--------------------------(same file!)
CoderCA
-> error_threshold = [0, 14, 29, 26]
-> max_window_size = 50
ORIGINAL FILE:
-> name: /Users/pablocerve/Documents/FING/Proyecto/datasets-csv/[6]noaa-spc-reports/wind/noaa_spc-wind.csv
-> size (bytes): 765,001
COMPRESSED FILE:
-> name: /Users/pablocerve/Documents/FING/Proyecto/pc-tesis/dataset_parser/scripts/output/[6]noaa-spc-reports/ca/noaa_spc-wind.c.cpp.csv
-> size (bytes): 320,306
-> 41.87% of original


RESULTS
--------------------------(same file!)
CoderCA
-> error_threshold = [0, 14, 29, 26]
-> max_window_size = 100
ORIGINAL FILE:
-> name: /Users/pablocerve/Documents/FING/Proyecto/datasets-csv/[6]noaa-spc-reports/wind/noaa_spc-wind.csv
-> size (bytes): 765,001
COMPRESSED FILE:
-> name: /Users/pablocerve/Documents/FING/Proyecto/pc-tesis/dataset_parser/scripts/output/[6]noaa-spc-reports/ca/noaa_spc-wind.c.cpp.csv
-> size (bytes): 335,889
-> 43.91% of original


RESULTS
--------------------------(same file!)
CoderCA
-> error_threshold = [0, 14, 29, 26]
-> max_window_size = 200
ORIGINAL FILE:
-> name: /Users/pablocerve/Documents/FING/Proyecto/datasets-csv/[6]noaa-spc-reports/wind/noaa_spc-wind.csv
-> size (bytes): 765,001
COMPRESSED FILE:
-> name: /Users/pablocerve/Documents/FING/Proyecto/pc-tesis/dataset_parser/scripts/output/[6]noaa-spc-reports/ca/noaa_spc-wind.c.cpp.csv
-> size (bytes): 351,553
-> 45.95% of original


RESULTS
--------------------------(same file!)
CoderCA
-> error_threshold = [0, 23, 48, 44]
-> max_window_size = 5
ORIGINAL FILE:
-> name: /Users/pablocerve/Documents/FING/Proyecto/datasets-csv/[6]noaa-spc-reports/wind/noaa_spc-wind.csv
-> size (bytes): 765,001
COMPRESSED FILE:
-> name: /Users/pablocerve/Documents/FING/Proyecto/pc-tesis/dataset_parser/scripts/output/[6]noaa-spc-reports/ca/noaa_spc-wind.c.cpp.csv
-> size (bytes): 274,060
-> 35.82% of original


RESULTS
--------------------------(same file!)
CoderCA
-> error_threshold = [0, 23, 48, 44]
-> max_window_size = 10
ORIGINAL FILE:
-> name: /Users/pablocerve/Documents/FING/Proyecto/datasets-csv/[6]noaa-spc-reports/wind/noaa_spc-wind.csv
-> size (bytes): 765,001
COMPRESSED FILE:
-> name: /Users/pablocerve/Documents/FING/Proyecto/pc-tesis/dataset_parser/scripts/output/[6]noaa-spc-reports/ca/noaa_spc-wind.c.cpp.csv
-> size (bytes): 279,706
-> 36.56% of original


RESULTS
--------------------------(same file!)
CoderCA
-> error_threshold = [0, 23, 48, 44]
-> max_window_size = 25
ORIGINAL FILE:
-> name: /Users/pablocerve/Documents/FING/Proyecto/datasets-csv/[6]noaa-spc-reports/wind/noaa_spc-wind.csv
-> size (bytes): 765,001
COMPRESSED FILE:
-> name: /Users/pablocerve/Documents/FING/Proyecto/pc-tesis/dataset_parser/scripts/output/[6]noaa-spc-reports/ca/noaa_spc-wind.c.cpp.csv
-> size (bytes): 289,538
-> 37.85% of original


RESULTS
--------------------------(same file!)
CoderCA
-> error_threshold = [0, 23, 48, 44]
-> max_window_size = 50
ORIGINAL FILE:
-> name: /Users/pablocerve/Documents/FING/Proyecto/datasets-csv/[6]noaa-spc-reports/wind/noaa_spc-wind.csv
-> size (bytes): 765,001
COMPRESSED FILE:
-> name: /Users/pablocerve/Documents/FING/Proyecto/pc-tesis/dataset_parser/scripts/output/[6]noaa-spc-reports/ca/noaa_spc-wind.c.cpp.csv
-> size (bytes): 303,249
-> 39.64% of original


RESULTS
--------------------------(same file!)
CoderCA
-> error_threshold = [0, 23, 48, 44]
-> max_window_size = 100
ORIGINAL FILE:
-> name: /Users/pablocerve/Documents/FING/Proyecto/datasets-csv/[6]noaa-spc-reports/wind/noaa_spc-wind.csv
-> size (bytes): 765,001
COMPRESSED FILE:
-> name: /Users/pablocerve/Documents/FING/Proyecto/pc-tesis/dataset_parser/scripts/output/[6]noaa-spc-reports/ca/noaa_spc-wind.c.cpp.csv
-> size (bytes): 317,776
-> 41.54% of original


RESULTS
--------------------------(same file!)
CoderCA
-> error_threshold = [0, 23, 48, 44]
-> max_window_size = 200
ORIGINAL FILE:
-> name: /Users/pablocerve/Documents/FING/Proyecto/datasets-csv/[6]noaa-spc-reports/wind/noaa_spc-wind.csv
-> size (bytes): 765,001
COMPRESSED FILE:
-> name: /Users/pablocerve/Documents/FING/Proyecto/pc-tesis/dataset_parser/scripts/output/[6]noaa-spc-reports/ca/noaa_spc-wind.c.cpp.csv
-> size (bytes): 332,479
-> 43.46% of original


RESULTS
--------------------------(same file!)
CoderCA
-> error_threshold = [0, 46, 97, 88]
-> max_window_size = 5
ORIGINAL FILE:
-> name: /Users/pablocerve/Documents/FING/Proyecto/datasets-csv/[6]noaa-spc-reports/wind/noaa_spc-wind.csv
-> size (bytes): 765,001
COMPRESSED FILE:
-> name: /Users/pablocerve/Documents/FING/Proyecto/pc-tesis/dataset_parser/scripts/output/[6]noaa-spc-reports/ca/noaa_spc-wind.c.cpp.csv
-> size (bytes): 260,264
-> 34.02% of original


RESULTS
--------------------------(same file!)
CoderCA
-> error_threshold = [0, 46, 97, 88]
-> max_window_size = 10
ORIGINAL FILE:
-> name: /Users/pablocerve/Documents/FING/Proyecto/datasets-csv/[6]noaa-spc-reports/wind/noaa_spc-wind.csv
-> size (bytes): 765,001
COMPRESSED FILE:
-> name: /Users/pablocerve/Documents/FING/Proyecto/pc-tesis/dataset_parser/scripts/output/[6]noaa-spc-reports/ca/noaa_spc-wind.c.cpp.csv
-> size (bytes): 261,741
-> 34.21% of original


RESULTS
--------------------------(same file!)
CoderCA
-> error_threshold = [0, 46, 97, 88]
-> max_window_size = 25
ORIGINAL FILE:
-> name: /Users/pablocerve/Documents/FING/Proyecto/datasets-csv/[6]noaa-spc-reports/wind/noaa_spc-wind.csv
-> size (bytes): 765,001
COMPRESSED FILE:
-> name: /Users/pablocerve/Documents/FING/Proyecto/pc-tesis/dataset_parser/scripts/output/[6]noaa-spc-reports/ca/noaa_spc-wind.c.cpp.csv
-> size (bytes): 268,233
-> 35.06% of original


RESULTS
--------------------------(same file!)
CoderCA
-> error_threshold = [0, 46, 97, 88]
-> max_window_size = 50
ORIGINAL FILE:
-> name: /Users/pablocerve/Documents/FING/Proyecto/datasets-csv/[6]noaa-spc-reports/wind/noaa_spc-wind.csv
-> size (bytes): 765,001
COMPRESSED FILE:
-> name: /Users/pablocerve/Documents/FING/Proyecto/pc-tesis/dataset_parser/scripts/output/[6]noaa-spc-reports/ca/noaa_spc-wind.c.cpp.csv
-> size (bytes): 279,973
-> 36.6% of original


RESULTS
--------------------------(same file!)
CoderCA
-> error_threshold = [0, 46, 97, 88]
-> max_window_size = 100
ORIGINAL FILE:
-> name: /Users/pablocerve/Documents/FING/Proyecto/datasets-csv/[6]noaa-spc-reports/wind/noaa_spc-wind.csv
-> size (bytes): 765,001
COMPRESSED FILE:
-> name: /Users/pablocerve/Documents/FING/Proyecto/pc-tesis/dataset_parser/scripts/output/[6]noaa-spc-reports/ca/noaa_spc-wind.c.cpp.csv
-> size (bytes): 292,870
-> 38.28% of original


RESULTS
--------------------------(same file!)
CoderCA
-> error_threshold = [0, 46, 97, 88]
-> max_window_size = 200
ORIGINAL FILE:
-> name: /Users/pablocerve/Documents/FING/Proyecto/datasets-csv/[6]noaa-spc-reports/wind/noaa_spc-wind.csv
-> size (bytes): 765,001
COMPRESSED FILE:
-> name: /Users/pablocerve/Documents/FING/Proyecto/pc-tesis/dataset_parser/scripts/output/[6]noaa-spc-reports/ca/noaa_spc-wind.c.cpp.csv
-> size (bytes): 306,235
-> 40.03% of original


RESULTS
--------------------------(same file!)
CoderCA
-> error_threshold = [0, 69, 145, 131]
-> max_window_size = 5
ORIGINAL FILE:
-> name: /Users/pablocerve/Documents/FING/Proyecto/datasets-csv/[6]noaa-spc-reports/wind/noaa_spc-wind.csv
-> size (bytes): 765,001
COMPRESSED FILE:
-> name: /Users/pablocerve/Documents/FING/Proyecto/pc-tesis/dataset_parser/scripts/output/[6]noaa-spc-reports/ca/noaa_spc-wind.c.cpp.csv
-> size (bytes): 251,117
-> 32.83% of original


RESULTS
--------------------------(same file!)
CoderCA
-> error_threshold = [0, 69, 145, 131]
-> max_window_size = 10
ORIGINAL FILE:
-> name: /Users/pablocerve/Documents/FING/Proyecto/datasets-csv/[6]noaa-spc-reports/wind/noaa_spc-wind.csv
-> size (bytes): 765,001
COMPRESSED FILE:
-> name: /Users/pablocerve/Documents/FING/Proyecto/pc-tesis/dataset_parser/scripts/output/[6]noaa-spc-reports/ca/noaa_spc-wind.c.cpp.csv
-> size (bytes): 250,453
-> 32.74% of original


RESULTS
--------------------------(same file!)
CoderCA
-> error_threshold = [0, 69, 145, 131]
-> max_window_size = 25
ORIGINAL FILE:
-> name: /Users/pablocerve/Documents/FING/Proyecto/datasets-csv/[6]noaa-spc-reports/wind/noaa_spc-wind.csv
-> size (bytes): 765,001
COMPRESSED FILE:
-> name: /Users/pablocerve/Documents/FING/Proyecto/pc-tesis/dataset_parser/scripts/output/[6]noaa-spc-reports/ca/noaa_spc-wind.c.cpp.csv
-> size (bytes): 255,154
-> 33.35% of original


RESULTS
--------------------------(same file!)
CoderCA
-> error_threshold = [0, 69, 145, 131]
-> max_window_size = 50
ORIGINAL FILE:
-> name: /Users/pablocerve/Documents/FING/Proyecto/datasets-csv/[6]noaa-spc-reports/wind/noaa_spc-wind.csv
-> size (bytes): 765,001
COMPRESSED FILE:
-> name: /Users/pablocerve/Documents/FING/Proyecto/pc-tesis/dataset_parser/scripts/output/[6]noaa-spc-reports/ca/noaa_spc-wind.c.cpp.csv
-> size (bytes): 265,791
-> 34.74% of original


RESULTS
--------------------------(same file!)
CoderCA
-> error_threshold = [0, 69, 145, 131]
-> max_window_size = 100
ORIGINAL FILE:
-> name: /Users/pablocerve/Documents/FING/Proyecto/datasets-csv/[6]noaa-spc-reports/wind/noaa_spc-wind.csv
-> size (bytes): 765,001
COMPRESSED FILE:
-> name: /Users/pablocerve/Documents/FING/Proyecto/pc-tesis/dataset_parser/scripts/output/[6]noaa-spc-reports/ca/noaa_spc-wind.c.cpp.csv
-> size (bytes): 277,824
-> 36.32% of original


RESULTS
--------------------------(same file!)
CoderCA
-> error_threshold = [0, 69, 145, 131]
-> max_window_size = 200
ORIGINAL FILE:
-> name: /Users/pablocerve/Documents/FING/Proyecto/datasets-csv/[6]noaa-spc-reports/wind/noaa_spc-wind.csv
-> size (bytes): 765,001
COMPRESSED FILE:
-> name: /Users/pablocerve/Documents/FING/Proyecto/pc-tesis/dataset_parser/scripts/output/[6]noaa-spc-reports/ca/noaa_spc-wind.c.cpp.csv
-> size (bytes): 290,397
-> 37.96% of original


RESULTS
--------------------------(same file!)
CoderCA
-> error_threshold = [0, 92, 194, 175]
-> max_window_size = 5
ORIGINAL FILE:
-> name: /Users/pablocerve/Documents/FING/Proyecto/datasets-csv/[6]noaa-spc-reports/wind/noaa_spc-wind.csv
-> size (bytes): 765,001
COMPRESSED FILE:
-> name: /Users/pablocerve/Documents/FING/Proyecto/pc-tesis/dataset_parser/scripts/output/[6]noaa-spc-reports/ca/noaa_spc-wind.c.cpp.csv
-> size (bytes): 244,004
-> 31.9% of original


RESULTS
--------------------------(same file!)
CoderCA
-> error_threshold = [0, 92, 194, 175]
-> max_window_size = 10
ORIGINAL FILE:
-> name: /Users/pablocerve/Documents/FING/Proyecto/datasets-csv/[6]noaa-spc-reports/wind/noaa_spc-wind.csv
-> size (bytes): 765,001
COMPRESSED FILE:
-> name: /Users/pablocerve/Documents/FING/Proyecto/pc-tesis/dataset_parser/scripts/output/[6]noaa-spc-reports/ca/noaa_spc-wind.c.cpp.csv
-> size (bytes): 241,584
-> 31.58% of original


RESULTS
--------------------------(same file!)
CoderCA
-> error_threshold = [0, 92, 194, 175]
-> max_window_size = 25
ORIGINAL FILE:
-> name: /Users/pablocerve/Documents/FING/Proyecto/datasets-csv/[6]noaa-spc-reports/wind/noaa_spc-wind.csv
-> size (bytes): 765,001
COMPRESSED FILE:
-> name: /Users/pablocerve/Documents/FING/Proyecto/pc-tesis/dataset_parser/scripts/output/[6]noaa-spc-reports/ca/noaa_spc-wind.c.cpp.csv
-> size (bytes): 244,847
-> 32.01% of original


RESULTS
--------------------------(same file!)
CoderCA
-> error_threshold = [0, 92, 194, 175]
-> max_window_size = 50
ORIGINAL FILE:
-> name: /Users/pablocerve/Documents/FING/Proyecto/datasets-csv/[6]noaa-spc-reports/wind/noaa_spc-wind.csv
-> size (bytes): 765,001
COMPRESSED FILE:
-> name: /Users/pablocerve/Documents/FING/Proyecto/pc-tesis/dataset_parser/scripts/output/[6]noaa-spc-reports/ca/noaa_spc-wind.c.cpp.csv
-> size (bytes): 254,688
-> 33.29% of original


RESULTS
--------------------------(same file!)
CoderCA
-> error_threshold = [0, 92, 194, 175]
-> max_window_size = 100
ORIGINAL FILE:
-> name: /Users/pablocerve/Documents/FING/Proyecto/datasets-csv/[6]noaa-spc-reports/wind/noaa_spc-wind.csv
-> size (bytes): 765,001
COMPRESSED FILE:
-> name: /Users/pablocerve/Documents/FING/Proyecto/pc-tesis/dataset_parser/scripts/output/[6]noaa-spc-reports/ca/noaa_spc-wind.c.cpp.csv
-> size (bytes): 265,970
-> 34.77% of original


RESULTS
--------------------------(same file!)
CoderCA
-> error_threshold = [0, 92, 194, 175]
-> max_window_size = 200
ORIGINAL FILE:
-> name: /Users/pablocerve/Documents/FING/Proyecto/datasets-csv/[6]noaa-spc-reports/wind/noaa_spc-wind.csv
-> size (bytes): 765,001
COMPRESSED FILE:
-> name: /Users/pablocerve/Documents/FING/Proyecto/pc-tesis/dataset_parser/scripts/output/[6]noaa-spc-reports/ca/noaa_spc-wind.c.cpp.csv
-> size (bytes): 277,935
-> 36.33% of original


RESULTS
--------------------------(same file!)
CoderCA
-> error_threshold = [0, 138, 291, 263]
-> max_window_size = 5
ORIGINAL FILE:
-> name: /Users/pablocerve/Documents/FING/Proyecto/datasets-csv/[6]noaa-spc-reports/wind/noaa_spc-wind.csv
-> size (bytes): 765,001
COMPRESSED FILE:
-> name: /Users/pablocerve/Documents/FING/Proyecto/pc-tesis/dataset_parser/scripts/output/[6]noaa-spc-reports/ca/noaa_spc-wind.c.cpp.csv
-> size (bytes): 233,499
-> 30.52% of original


RESULTS
--------------------------(same file!)
CoderCA
-> error_threshold = [0, 138, 291, 263]
-> max_window_size = 10
ORIGINAL FILE:
-> name: /Users/pablocerve/Documents/FING/Proyecto/datasets-csv/[6]noaa-spc-reports/wind/noaa_spc-wind.csv
-> size (bytes): 765,001
COMPRESSED FILE:
-> name: /Users/pablocerve/Documents/FING/Proyecto/pc-tesis/dataset_parser/scripts/output/[6]noaa-spc-reports/ca/noaa_spc-wind.c.cpp.csv
-> size (bytes): 228,031
-> 29.81% of original


RESULTS
--------------------------(same file!)
CoderCA
-> error_threshold = [0, 138, 291, 263]
-> max_window_size = 25
ORIGINAL FILE:
-> name: /Users/pablocerve/Documents/FING/Proyecto/datasets-csv/[6]noaa-spc-reports/wind/noaa_spc-wind.csv
-> size (bytes): 765,001
COMPRESSED FILE:
-> name: /Users/pablocerve/Documents/FING/Proyecto/pc-tesis/dataset_parser/scripts/output/[6]noaa-spc-reports/ca/noaa_spc-wind.c.cpp.csv
-> size (bytes): 229,167
-> 29.96% of original


RESULTS
--------------------------(same file!)
CoderCA
-> error_threshold = [0, 138, 291, 263]
-> max_window_size = 50
ORIGINAL FILE:
-> name: /Users/pablocerve/Documents/FING/Proyecto/datasets-csv/[6]noaa-spc-reports/wind/noaa_spc-wind.csv
-> size (bytes): 765,001
COMPRESSED FILE:
-> name: /Users/pablocerve/Documents/FING/Proyecto/pc-tesis/dataset_parser/scripts/output/[6]noaa-spc-reports/ca/noaa_spc-wind.c.cpp.csv
-> size (bytes): 237,669
-> 31.07% of original


RESULTS
--------------------------(same file!)
CoderCA
-> error_threshold = [0, 138, 291, 263]
-> max_window_size = 100
ORIGINAL FILE:
-> name: /Users/pablocerve/Documents/FING/Proyecto/datasets-csv/[6]noaa-spc-reports/wind/noaa_spc-wind.csv
-> size (bytes): 765,001
COMPRESSED FILE:
-> name: /Users/pablocerve/Documents/FING/Proyecto/pc-tesis/dataset_parser/scripts/output/[6]noaa-spc-reports/ca/noaa_spc-wind.c.cpp.csv
-> size (bytes): 247,874
-> 32.4% of original


RESULTS
--------------------------(same file!)
CoderCA
-> error_threshold = [0, 138, 291, 263]
-> max_window_size = 200
ORIGINAL FILE:
-> name: /Users/pablocerve/Documents/FING/Proyecto/datasets-csv/[6]noaa-spc-reports/wind/noaa_spc-wind.csv
-> size (bytes): 765,001
COMPRESSED FILE:
-> name: /Users/pablocerve/Documents/FING/Proyecto/pc-tesis/dataset_parser/scripts/output/[6]noaa-spc-reports/ca/noaa_spc-wind.c.cpp.csv
-> size (bytes): 258,874
-> 33.84% of original

