
RESULTS
--------------------------(same file!)
CoderCA
-> error_threshold = [0, 0, 0, 0]
-> max_window_size = 5
ORIGINAL FILE:
-> name: /Users/pablocerve/Documents/FING/Proyecto/datasets-csv/[6]noaa-spc-reports/hail/noaa_spc-hail.csv
-> size (bytes): 322,005
COMPRESSED FILE:
-> name: /Users/pablocerve/Documents/FING/Proyecto/pc-tesis/dataset_parser/scripts/output/[6]noaa-spc-reports/ca/noaa_spc-hail.c.cpp.csv
-> size (bytes): 132,017
-> 41.0% of original


RESULTS
--------------------------(same file!)
CoderCA
-> error_threshold = [0, 0, 0, 0]
-> max_window_size = 10
ORIGINAL FILE:
-> name: /Users/pablocerve/Documents/FING/Proyecto/datasets-csv/[6]noaa-spc-reports/hail/noaa_spc-hail.csv
-> size (bytes): 322,005
COMPRESSED FILE:
-> name: /Users/pablocerve/Documents/FING/Proyecto/pc-tesis/dataset_parser/scripts/output/[6]noaa-spc-reports/ca/noaa_spc-hail.c.cpp.csv
-> size (bytes): 139,860
-> 43.43% of original


RESULTS
--------------------------(same file!)
CoderCA
-> error_threshold = [0, 0, 0, 0]
-> max_window_size = 25
ORIGINAL FILE:
-> name: /Users/pablocerve/Documents/FING/Proyecto/datasets-csv/[6]noaa-spc-reports/hail/noaa_spc-hail.csv
-> size (bytes): 322,005
COMPRESSED FILE:
-> name: /Users/pablocerve/Documents/FING/Proyecto/pc-tesis/dataset_parser/scripts/output/[6]noaa-spc-reports/ca/noaa_spc-hail.c.cpp.csv
-> size (bytes): 147,997
-> 45.96% of original


RESULTS
--------------------------(same file!)
CoderCA
-> error_threshold = [0, 0, 0, 0]
-> max_window_size = 50
ORIGINAL FILE:
-> name: /Users/pablocerve/Documents/FING/Proyecto/datasets-csv/[6]noaa-spc-reports/hail/noaa_spc-hail.csv
-> size (bytes): 322,005
COMPRESSED FILE:
-> name: /Users/pablocerve/Documents/FING/Proyecto/pc-tesis/dataset_parser/scripts/output/[6]noaa-spc-reports/ca/noaa_spc-hail.c.cpp.csv
-> size (bytes): 156,170
-> 48.5% of original


RESULTS
--------------------------(same file!)
CoderCA
-> error_threshold = [0, 0, 0, 0]
-> max_window_size = 100
ORIGINAL FILE:
-> name: /Users/pablocerve/Documents/FING/Proyecto/datasets-csv/[6]noaa-spc-reports/hail/noaa_spc-hail.csv
-> size (bytes): 322,005
COMPRESSED FILE:
-> name: /Users/pablocerve/Documents/FING/Proyecto/pc-tesis/dataset_parser/scripts/output/[6]noaa-spc-reports/ca/noaa_spc-hail.c.cpp.csv
-> size (bytes): 164,342
-> 51.04% of original


RESULTS
--------------------------(same file!)
CoderCA
-> error_threshold = [0, 0, 0, 0]
-> max_window_size = 200
ORIGINAL FILE:
-> name: /Users/pablocerve/Documents/FING/Proyecto/datasets-csv/[6]noaa-spc-reports/hail/noaa_spc-hail.csv
-> size (bytes): 322,005
COMPRESSED FILE:
-> name: /Users/pablocerve/Documents/FING/Proyecto/pc-tesis/dataset_parser/scripts/output/[6]noaa-spc-reports/ca/noaa_spc-hail.c.cpp.csv
-> size (bytes): 172,514
-> 53.57% of original


RESULTS
--------------------------(same file!)
CoderCA
-> error_threshold = [0, 14, 25, 2]
-> max_window_size = 5
ORIGINAL FILE:
-> name: /Users/pablocerve/Documents/FING/Proyecto/datasets-csv/[6]noaa-spc-reports/hail/noaa_spc-hail.csv
-> size (bytes): 322,005
COMPRESSED FILE:
-> name: /Users/pablocerve/Documents/FING/Proyecto/pc-tesis/dataset_parser/scripts/output/[6]noaa-spc-reports/ca/noaa_spc-hail.c.cpp.csv
-> size (bytes): 127,124
-> 39.48% of original


RESULTS
--------------------------(same file!)
CoderCA
-> error_threshold = [0, 14, 25, 2]
-> max_window_size = 10
ORIGINAL FILE:
-> name: /Users/pablocerve/Documents/FING/Proyecto/datasets-csv/[6]noaa-spc-reports/hail/noaa_spc-hail.csv
-> size (bytes): 322,005
COMPRESSED FILE:
-> name: /Users/pablocerve/Documents/FING/Proyecto/pc-tesis/dataset_parser/scripts/output/[6]noaa-spc-reports/ca/noaa_spc-hail.c.cpp.csv
-> size (bytes): 134,558
-> 41.79% of original


RESULTS
--------------------------(same file!)
CoderCA
-> error_threshold = [0, 14, 25, 2]
-> max_window_size = 25
ORIGINAL FILE:
-> name: /Users/pablocerve/Documents/FING/Proyecto/datasets-csv/[6]noaa-spc-reports/hail/noaa_spc-hail.csv
-> size (bytes): 322,005
COMPRESSED FILE:
-> name: /Users/pablocerve/Documents/FING/Proyecto/pc-tesis/dataset_parser/scripts/output/[6]noaa-spc-reports/ca/noaa_spc-hail.c.cpp.csv
-> size (bytes): 142,375
-> 44.22% of original


RESULTS
--------------------------(same file!)
CoderCA
-> error_threshold = [0, 14, 25, 2]
-> max_window_size = 50
ORIGINAL FILE:
-> name: /Users/pablocerve/Documents/FING/Proyecto/datasets-csv/[6]noaa-spc-reports/hail/noaa_spc-hail.csv
-> size (bytes): 322,005
COMPRESSED FILE:
-> name: /Users/pablocerve/Documents/FING/Proyecto/pc-tesis/dataset_parser/scripts/output/[6]noaa-spc-reports/ca/noaa_spc-hail.c.cpp.csv
-> size (bytes): 150,227
-> 46.65% of original


RESULTS
--------------------------(same file!)
CoderCA
-> error_threshold = [0, 14, 25, 2]
-> max_window_size = 100
ORIGINAL FILE:
-> name: /Users/pablocerve/Documents/FING/Proyecto/datasets-csv/[6]noaa-spc-reports/hail/noaa_spc-hail.csv
-> size (bytes): 322,005
COMPRESSED FILE:
-> name: /Users/pablocerve/Documents/FING/Proyecto/pc-tesis/dataset_parser/scripts/output/[6]noaa-spc-reports/ca/noaa_spc-hail.c.cpp.csv
-> size (bytes): 158,078
-> 49.09% of original


RESULTS
--------------------------(same file!)
CoderCA
-> error_threshold = [0, 14, 25, 2]
-> max_window_size = 200
ORIGINAL FILE:
-> name: /Users/pablocerve/Documents/FING/Proyecto/datasets-csv/[6]noaa-spc-reports/hail/noaa_spc-hail.csv
-> size (bytes): 322,005
COMPRESSED FILE:
-> name: /Users/pablocerve/Documents/FING/Proyecto/pc-tesis/dataset_parser/scripts/output/[6]noaa-spc-reports/ca/noaa_spc-hail.c.cpp.csv
-> size (bytes): 165,930
-> 51.53% of original


RESULTS
--------------------------(same file!)
CoderCA
-> error_threshold = [0, 24, 42, 3]
-> max_window_size = 5
ORIGINAL FILE:
-> name: /Users/pablocerve/Documents/FING/Proyecto/datasets-csv/[6]noaa-spc-reports/hail/noaa_spc-hail.csv
-> size (bytes): 322,005
COMPRESSED FILE:
-> name: /Users/pablocerve/Documents/FING/Proyecto/pc-tesis/dataset_parser/scripts/output/[6]noaa-spc-reports/ca/noaa_spc-hail.c.cpp.csv
-> size (bytes): 124,732
-> 38.74% of original


RESULTS
--------------------------(same file!)
CoderCA
-> error_threshold = [0, 24, 42, 3]
-> max_window_size = 10
ORIGINAL FILE:
-> name: /Users/pablocerve/Documents/FING/Proyecto/datasets-csv/[6]noaa-spc-reports/hail/noaa_spc-hail.csv
-> size (bytes): 322,005
COMPRESSED FILE:
-> name: /Users/pablocerve/Documents/FING/Proyecto/pc-tesis/dataset_parser/scripts/output/[6]noaa-spc-reports/ca/noaa_spc-hail.c.cpp.csv
-> size (bytes): 131,848
-> 40.95% of original


RESULTS
--------------------------(same file!)
CoderCA
-> error_threshold = [0, 24, 42, 3]
-> max_window_size = 25
ORIGINAL FILE:
-> name: /Users/pablocerve/Documents/FING/Proyecto/datasets-csv/[6]noaa-spc-reports/hail/noaa_spc-hail.csv
-> size (bytes): 322,005
COMPRESSED FILE:
-> name: /Users/pablocerve/Documents/FING/Proyecto/pc-tesis/dataset_parser/scripts/output/[6]noaa-spc-reports/ca/noaa_spc-hail.c.cpp.csv
-> size (bytes): 139,484
-> 43.32% of original


RESULTS
--------------------------(same file!)
CoderCA
-> error_threshold = [0, 24, 42, 3]
-> max_window_size = 50
ORIGINAL FILE:
-> name: /Users/pablocerve/Documents/FING/Proyecto/datasets-csv/[6]noaa-spc-reports/hail/noaa_spc-hail.csv
-> size (bytes): 322,005
COMPRESSED FILE:
-> name: /Users/pablocerve/Documents/FING/Proyecto/pc-tesis/dataset_parser/scripts/output/[6]noaa-spc-reports/ca/noaa_spc-hail.c.cpp.csv
-> size (bytes): 147,171
-> 45.7% of original


RESULTS
--------------------------(same file!)
CoderCA
-> error_threshold = [0, 24, 42, 3]
-> max_window_size = 100
ORIGINAL FILE:
-> name: /Users/pablocerve/Documents/FING/Proyecto/datasets-csv/[6]noaa-spc-reports/hail/noaa_spc-hail.csv
-> size (bytes): 322,005
COMPRESSED FILE:
-> name: /Users/pablocerve/Documents/FING/Proyecto/pc-tesis/dataset_parser/scripts/output/[6]noaa-spc-reports/ca/noaa_spc-hail.c.cpp.csv
-> size (bytes): 154,858
-> 48.09% of original


RESULTS
--------------------------(same file!)
CoderCA
-> error_threshold = [0, 24, 42, 3]
-> max_window_size = 200
ORIGINAL FILE:
-> name: /Users/pablocerve/Documents/FING/Proyecto/datasets-csv/[6]noaa-spc-reports/hail/noaa_spc-hail.csv
-> size (bytes): 322,005
COMPRESSED FILE:
-> name: /Users/pablocerve/Documents/FING/Proyecto/pc-tesis/dataset_parser/scripts/output/[6]noaa-spc-reports/ca/noaa_spc-hail.c.cpp.csv
-> size (bytes): 162,545
-> 50.48% of original


RESULTS
--------------------------(same file!)
CoderCA
-> error_threshold = [0, 48, 84, 5]
-> max_window_size = 5
ORIGINAL FILE:
-> name: /Users/pablocerve/Documents/FING/Proyecto/datasets-csv/[6]noaa-spc-reports/hail/noaa_spc-hail.csv
-> size (bytes): 322,005
COMPRESSED FILE:
-> name: /Users/pablocerve/Documents/FING/Proyecto/pc-tesis/dataset_parser/scripts/output/[6]noaa-spc-reports/ca/noaa_spc-hail.c.cpp.csv
-> size (bytes): 120,041
-> 37.28% of original


RESULTS
--------------------------(same file!)
CoderCA
-> error_threshold = [0, 48, 84, 5]
-> max_window_size = 10
ORIGINAL FILE:
-> name: /Users/pablocerve/Documents/FING/Proyecto/datasets-csv/[6]noaa-spc-reports/hail/noaa_spc-hail.csv
-> size (bytes): 322,005
COMPRESSED FILE:
-> name: /Users/pablocerve/Documents/FING/Proyecto/pc-tesis/dataset_parser/scripts/output/[6]noaa-spc-reports/ca/noaa_spc-hail.c.cpp.csv
-> size (bytes): 126,361
-> 39.24% of original


RESULTS
--------------------------(same file!)
CoderCA
-> error_threshold = [0, 48, 84, 5]
-> max_window_size = 25
ORIGINAL FILE:
-> name: /Users/pablocerve/Documents/FING/Proyecto/datasets-csv/[6]noaa-spc-reports/hail/noaa_spc-hail.csv
-> size (bytes): 322,005
COMPRESSED FILE:
-> name: /Users/pablocerve/Documents/FING/Proyecto/pc-tesis/dataset_parser/scripts/output/[6]noaa-spc-reports/ca/noaa_spc-hail.c.cpp.csv
-> size (bytes): 133,586
-> 41.49% of original


RESULTS
--------------------------(same file!)
CoderCA
-> error_threshold = [0, 48, 84, 5]
-> max_window_size = 50
ORIGINAL FILE:
-> name: /Users/pablocerve/Documents/FING/Proyecto/datasets-csv/[6]noaa-spc-reports/hail/noaa_spc-hail.csv
-> size (bytes): 322,005
COMPRESSED FILE:
-> name: /Users/pablocerve/Documents/FING/Proyecto/pc-tesis/dataset_parser/scripts/output/[6]noaa-spc-reports/ca/noaa_spc-hail.c.cpp.csv
-> size (bytes): 140,938
-> 43.77% of original


RESULTS
--------------------------(same file!)
CoderCA
-> error_threshold = [0, 48, 84, 5]
-> max_window_size = 100
ORIGINAL FILE:
-> name: /Users/pablocerve/Documents/FING/Proyecto/datasets-csv/[6]noaa-spc-reports/hail/noaa_spc-hail.csv
-> size (bytes): 322,005
COMPRESSED FILE:
-> name: /Users/pablocerve/Documents/FING/Proyecto/pc-tesis/dataset_parser/scripts/output/[6]noaa-spc-reports/ca/noaa_spc-hail.c.cpp.csv
-> size (bytes): 148,289
-> 46.05% of original


RESULTS
--------------------------(same file!)
CoderCA
-> error_threshold = [0, 48, 84, 5]
-> max_window_size = 200
ORIGINAL FILE:
-> name: /Users/pablocerve/Documents/FING/Proyecto/datasets-csv/[6]noaa-spc-reports/hail/noaa_spc-hail.csv
-> size (bytes): 322,005
COMPRESSED FILE:
-> name: /Users/pablocerve/Documents/FING/Proyecto/pc-tesis/dataset_parser/scripts/output/[6]noaa-spc-reports/ca/noaa_spc-hail.c.cpp.csv
-> size (bytes): 155,640
-> 48.33% of original


RESULTS
--------------------------(same file!)
CoderCA
-> error_threshold = [0, 71, 126, 8]
-> max_window_size = 5
ORIGINAL FILE:
-> name: /Users/pablocerve/Documents/FING/Proyecto/datasets-csv/[6]noaa-spc-reports/hail/noaa_spc-hail.csv
-> size (bytes): 322,005
COMPRESSED FILE:
-> name: /Users/pablocerve/Documents/FING/Proyecto/pc-tesis/dataset_parser/scripts/output/[6]noaa-spc-reports/ca/noaa_spc-hail.c.cpp.csv
-> size (bytes): 116,447
-> 36.16% of original


RESULTS
--------------------------(same file!)
CoderCA
-> error_threshold = [0, 71, 126, 8]
-> max_window_size = 10
ORIGINAL FILE:
-> name: /Users/pablocerve/Documents/FING/Proyecto/datasets-csv/[6]noaa-spc-reports/hail/noaa_spc-hail.csv
-> size (bytes): 322,005
COMPRESSED FILE:
-> name: /Users/pablocerve/Documents/FING/Proyecto/pc-tesis/dataset_parser/scripts/output/[6]noaa-spc-reports/ca/noaa_spc-hail.c.cpp.csv
-> size (bytes): 121,893
-> 37.85% of original


RESULTS
--------------------------(same file!)
CoderCA
-> error_threshold = [0, 71, 126, 8]
-> max_window_size = 25
ORIGINAL FILE:
-> name: /Users/pablocerve/Documents/FING/Proyecto/datasets-csv/[6]noaa-spc-reports/hail/noaa_spc-hail.csv
-> size (bytes): 322,005
COMPRESSED FILE:
-> name: /Users/pablocerve/Documents/FING/Proyecto/pc-tesis/dataset_parser/scripts/output/[6]noaa-spc-reports/ca/noaa_spc-hail.c.cpp.csv
-> size (bytes): 128,632
-> 39.95% of original


RESULTS
--------------------------(same file!)
CoderCA
-> error_threshold = [0, 71, 126, 8]
-> max_window_size = 50
ORIGINAL FILE:
-> name: /Users/pablocerve/Documents/FING/Proyecto/datasets-csv/[6]noaa-spc-reports/hail/noaa_spc-hail.csv
-> size (bytes): 322,005
COMPRESSED FILE:
-> name: /Users/pablocerve/Documents/FING/Proyecto/pc-tesis/dataset_parser/scripts/output/[6]noaa-spc-reports/ca/noaa_spc-hail.c.cpp.csv
-> size (bytes): 135,702
-> 42.14% of original


RESULTS
--------------------------(same file!)
CoderCA
-> error_threshold = [0, 71, 126, 8]
-> max_window_size = 100
ORIGINAL FILE:
-> name: /Users/pablocerve/Documents/FING/Proyecto/datasets-csv/[6]noaa-spc-reports/hail/noaa_spc-hail.csv
-> size (bytes): 322,005
COMPRESSED FILE:
-> name: /Users/pablocerve/Documents/FING/Proyecto/pc-tesis/dataset_parser/scripts/output/[6]noaa-spc-reports/ca/noaa_spc-hail.c.cpp.csv
-> size (bytes): 142,771
-> 44.34% of original


RESULTS
--------------------------(same file!)
CoderCA
-> error_threshold = [0, 71, 126, 8]
-> max_window_size = 200
ORIGINAL FILE:
-> name: /Users/pablocerve/Documents/FING/Proyecto/datasets-csv/[6]noaa-spc-reports/hail/noaa_spc-hail.csv
-> size (bytes): 322,005
COMPRESSED FILE:
-> name: /Users/pablocerve/Documents/FING/Proyecto/pc-tesis/dataset_parser/scripts/output/[6]noaa-spc-reports/ca/noaa_spc-hail.c.cpp.csv
-> size (bytes): 149,840
-> 46.53% of original


RESULTS
--------------------------(same file!)
CoderCA
-> error_threshold = [0, 95, 168, 10]
-> max_window_size = 5
ORIGINAL FILE:
-> name: /Users/pablocerve/Documents/FING/Proyecto/datasets-csv/[6]noaa-spc-reports/hail/noaa_spc-hail.csv
-> size (bytes): 322,005
COMPRESSED FILE:
-> name: /Users/pablocerve/Documents/FING/Proyecto/pc-tesis/dataset_parser/scripts/output/[6]noaa-spc-reports/ca/noaa_spc-hail.c.cpp.csv
-> size (bytes): 113,379
-> 35.21% of original


RESULTS
--------------------------(same file!)
CoderCA
-> error_threshold = [0, 95, 168, 10]
-> max_window_size = 10
ORIGINAL FILE:
-> name: /Users/pablocerve/Documents/FING/Proyecto/datasets-csv/[6]noaa-spc-reports/hail/noaa_spc-hail.csv
-> size (bytes): 322,005
COMPRESSED FILE:
-> name: /Users/pablocerve/Documents/FING/Proyecto/pc-tesis/dataset_parser/scripts/output/[6]noaa-spc-reports/ca/noaa_spc-hail.c.cpp.csv
-> size (bytes): 118,192
-> 36.71% of original


RESULTS
--------------------------(same file!)
CoderCA
-> error_threshold = [0, 95, 168, 10]
-> max_window_size = 25
ORIGINAL FILE:
-> name: /Users/pablocerve/Documents/FING/Proyecto/datasets-csv/[6]noaa-spc-reports/hail/noaa_spc-hail.csv
-> size (bytes): 322,005
COMPRESSED FILE:
-> name: /Users/pablocerve/Documents/FING/Proyecto/pc-tesis/dataset_parser/scripts/output/[6]noaa-spc-reports/ca/noaa_spc-hail.c.cpp.csv
-> size (bytes): 124,531
-> 38.67% of original


RESULTS
--------------------------(same file!)
CoderCA
-> error_threshold = [0, 95, 168, 10]
-> max_window_size = 50
ORIGINAL FILE:
-> name: /Users/pablocerve/Documents/FING/Proyecto/datasets-csv/[6]noaa-spc-reports/hail/noaa_spc-hail.csv
-> size (bytes): 322,005
COMPRESSED FILE:
-> name: /Users/pablocerve/Documents/FING/Proyecto/pc-tesis/dataset_parser/scripts/output/[6]noaa-spc-reports/ca/noaa_spc-hail.c.cpp.csv
-> size (bytes): 131,338
-> 40.79% of original


RESULTS
--------------------------(same file!)
CoderCA
-> error_threshold = [0, 95, 168, 10]
-> max_window_size = 100
ORIGINAL FILE:
-> name: /Users/pablocerve/Documents/FING/Proyecto/datasets-csv/[6]noaa-spc-reports/hail/noaa_spc-hail.csv
-> size (bytes): 322,005
COMPRESSED FILE:
-> name: /Users/pablocerve/Documents/FING/Proyecto/pc-tesis/dataset_parser/scripts/output/[6]noaa-spc-reports/ca/noaa_spc-hail.c.cpp.csv
-> size (bytes): 138,172
-> 42.91% of original


RESULTS
--------------------------(same file!)
CoderCA
-> error_threshold = [0, 95, 168, 10]
-> max_window_size = 200
ORIGINAL FILE:
-> name: /Users/pablocerve/Documents/FING/Proyecto/datasets-csv/[6]noaa-spc-reports/hail/noaa_spc-hail.csv
-> size (bytes): 322,005
COMPRESSED FILE:
-> name: /Users/pablocerve/Documents/FING/Proyecto/pc-tesis/dataset_parser/scripts/output/[6]noaa-spc-reports/ca/noaa_spc-hail.c.cpp.csv
-> size (bytes): 145,006
-> 45.03% of original


RESULTS
--------------------------(same file!)
CoderCA
-> error_threshold = [0, 143, 252, 16]
-> max_window_size = 5
ORIGINAL FILE:
-> name: /Users/pablocerve/Documents/FING/Proyecto/datasets-csv/[6]noaa-spc-reports/hail/noaa_spc-hail.csv
-> size (bytes): 322,005
COMPRESSED FILE:
-> name: /Users/pablocerve/Documents/FING/Proyecto/pc-tesis/dataset_parser/scripts/output/[6]noaa-spc-reports/ca/noaa_spc-hail.c.cpp.csv
-> size (bytes): 107,427
-> 33.36% of original


RESULTS
--------------------------(same file!)
CoderCA
-> error_threshold = [0, 143, 252, 16]
-> max_window_size = 10
ORIGINAL FILE:
-> name: /Users/pablocerve/Documents/FING/Proyecto/datasets-csv/[6]noaa-spc-reports/hail/noaa_spc-hail.csv
-> size (bytes): 322,005
COMPRESSED FILE:
-> name: /Users/pablocerve/Documents/FING/Proyecto/pc-tesis/dataset_parser/scripts/output/[6]noaa-spc-reports/ca/noaa_spc-hail.c.cpp.csv
-> size (bytes): 110,900
-> 34.44% of original


RESULTS
--------------------------(same file!)
CoderCA
-> error_threshold = [0, 143, 252, 16]
-> max_window_size = 25
ORIGINAL FILE:
-> name: /Users/pablocerve/Documents/FING/Proyecto/datasets-csv/[6]noaa-spc-reports/hail/noaa_spc-hail.csv
-> size (bytes): 322,005
COMPRESSED FILE:
-> name: /Users/pablocerve/Documents/FING/Proyecto/pc-tesis/dataset_parser/scripts/output/[6]noaa-spc-reports/ca/noaa_spc-hail.c.cpp.csv
-> size (bytes): 116,275
-> 36.11% of original


RESULTS
--------------------------(same file!)
CoderCA
-> error_threshold = [0, 143, 252, 16]
-> max_window_size = 50
ORIGINAL FILE:
-> name: /Users/pablocerve/Documents/FING/Proyecto/datasets-csv/[6]noaa-spc-reports/hail/noaa_spc-hail.csv
-> size (bytes): 322,005
COMPRESSED FILE:
-> name: /Users/pablocerve/Documents/FING/Proyecto/pc-tesis/dataset_parser/scripts/output/[6]noaa-spc-reports/ca/noaa_spc-hail.c.cpp.csv
-> size (bytes): 122,493
-> 38.04% of original


RESULTS
--------------------------(same file!)
CoderCA
-> error_threshold = [0, 143, 252, 16]
-> max_window_size = 100
ORIGINAL FILE:
-> name: /Users/pablocerve/Documents/FING/Proyecto/datasets-csv/[6]noaa-spc-reports/hail/noaa_spc-hail.csv
-> size (bytes): 322,005
COMPRESSED FILE:
-> name: /Users/pablocerve/Documents/FING/Proyecto/pc-tesis/dataset_parser/scripts/output/[6]noaa-spc-reports/ca/noaa_spc-hail.c.cpp.csv
-> size (bytes): 128,834
-> 40.01% of original


RESULTS
--------------------------(same file!)
CoderCA
-> error_threshold = [0, 143, 252, 16]
-> max_window_size = 200
ORIGINAL FILE:
-> name: /Users/pablocerve/Documents/FING/Proyecto/datasets-csv/[6]noaa-spc-reports/hail/noaa_spc-hail.csv
-> size (bytes): 322,005
COMPRESSED FILE:
-> name: /Users/pablocerve/Documents/FING/Proyecto/pc-tesis/dataset_parser/scripts/output/[6]noaa-spc-reports/ca/noaa_spc-hail.c.cpp.csv
-> size (bytes): 135,176
-> 41.98% of original

