
RESULTS
--------------------------(same file!)
CoderCA
-> error_threshold = [0, 0, 0, 0, 0, 0, 0, 0, 0, 0, 0, 0, 0, 0, 0, 0, 0, 0, 0, 0, 0, 0, 0, 0, 0, 0, 0, 0, 0, 0, 0, 0, 0, 0, 0, 0, 0]
-> max_window_size = 5
ORIGINAL FILE:
-> name: /Users/pablocerve/Documents/FING/Proyecto/datasets-csv/[4]solar-anywhere/all/solar-anywhere-2011.csv
-> size (bytes): 927,415
COMPRESSED FILE:
-> name: /Users/pablocerve/Documents/FING/Proyecto/pc-tesis/dataset_parser/scripts/output/[4]solar-anywhere/ca/solar-anywhere-2011.c.cpp.csv
-> size (bytes): 391,109
-> 42.17% of original


RESULTS
--------------------------(same file!)
CoderCA
-> error_threshold = [0, 0, 0, 0, 0, 0, 0, 0, 0, 0, 0, 0, 0, 0, 0, 0, 0, 0, 0, 0, 0, 0, 0, 0, 0, 0, 0, 0, 0, 0, 0, 0, 0, 0, 0, 0, 0]
-> max_window_size = 10
ORIGINAL FILE:
-> name: /Users/pablocerve/Documents/FING/Proyecto/datasets-csv/[4]solar-anywhere/all/solar-anywhere-2011.csv
-> size (bytes): 927,415
COMPRESSED FILE:
-> name: /Users/pablocerve/Documents/FING/Proyecto/pc-tesis/dataset_parser/scripts/output/[4]solar-anywhere/ca/solar-anywhere-2011.c.cpp.csv
-> size (bytes): 376,414
-> 40.59% of original


RESULTS
--------------------------(same file!)
CoderCA
-> error_threshold = [0, 0, 0, 0, 0, 0, 0, 0, 0, 0, 0, 0, 0, 0, 0, 0, 0, 0, 0, 0, 0, 0, 0, 0, 0, 0, 0, 0, 0, 0, 0, 0, 0, 0, 0, 0, 0]
-> max_window_size = 25
ORIGINAL FILE:
-> name: /Users/pablocerve/Documents/FING/Proyecto/datasets-csv/[4]solar-anywhere/all/solar-anywhere-2011.csv
-> size (bytes): 927,415
COMPRESSED FILE:
-> name: /Users/pablocerve/Documents/FING/Proyecto/pc-tesis/dataset_parser/scripts/output/[4]solar-anywhere/ca/solar-anywhere-2011.c.cpp.csv
-> size (bytes): 393,471
-> 42.43% of original


RESULTS
--------------------------(same file!)
CoderCA
-> error_threshold = [0, 0, 0, 0, 0, 0, 0, 0, 0, 0, 0, 0, 0, 0, 0, 0, 0, 0, 0, 0, 0, 0, 0, 0, 0, 0, 0, 0, 0, 0, 0, 0, 0, 0, 0, 0, 0]
-> max_window_size = 50
ORIGINAL FILE:
-> name: /Users/pablocerve/Documents/FING/Proyecto/datasets-csv/[4]solar-anywhere/all/solar-anywhere-2011.csv
-> size (bytes): 927,415
COMPRESSED FILE:
-> name: /Users/pablocerve/Documents/FING/Proyecto/pc-tesis/dataset_parser/scripts/output/[4]solar-anywhere/ca/solar-anywhere-2011.c.cpp.csv
-> size (bytes): 418,616
-> 45.14% of original


RESULTS
--------------------------(same file!)
CoderCA
-> error_threshold = [0, 0, 0, 0, 0, 0, 0, 0, 0, 0, 0, 0, 0, 0, 0, 0, 0, 0, 0, 0, 0, 0, 0, 0, 0, 0, 0, 0, 0, 0, 0, 0, 0, 0, 0, 0, 0]
-> max_window_size = 100
ORIGINAL FILE:
-> name: /Users/pablocerve/Documents/FING/Proyecto/datasets-csv/[4]solar-anywhere/all/solar-anywhere-2011.csv
-> size (bytes): 927,415
COMPRESSED FILE:
-> name: /Users/pablocerve/Documents/FING/Proyecto/pc-tesis/dataset_parser/scripts/output/[4]solar-anywhere/ca/solar-anywhere-2011.c.cpp.csv
-> size (bytes): 444,191
-> 47.9% of original


RESULTS
--------------------------(same file!)
CoderCA
-> error_threshold = [0, 0, 0, 0, 0, 0, 0, 0, 0, 0, 0, 0, 0, 0, 0, 0, 0, 0, 0, 0, 0, 0, 0, 0, 0, 0, 0, 0, 0, 0, 0, 0, 0, 0, 0, 0, 0]
-> max_window_size = 200
ORIGINAL FILE:
-> name: /Users/pablocerve/Documents/FING/Proyecto/datasets-csv/[4]solar-anywhere/all/solar-anywhere-2011.csv
-> size (bytes): 927,415
COMPRESSED FILE:
-> name: /Users/pablocerve/Documents/FING/Proyecto/pc-tesis/dataset_parser/scripts/output/[4]solar-anywhere/ca/solar-anywhere-2011.c.cpp.csv
-> size (bytes): 470,023
-> 50.68% of original


RESULTS
--------------------------(same file!)
CoderCA
-> error_threshold = [0, 8, 8, 3, 8, 8, 3, 9, 9, 3, 8, 8, 3, 8, 8, 3, 9, 9, 3, 8, 8, 3, 8, 8, 3, 8, 9, 3, 8, 8, 3, 8, 8, 3, 9, 9, 3]
-> max_window_size = 5
ORIGINAL FILE:
-> name: /Users/pablocerve/Documents/FING/Proyecto/datasets-csv/[4]solar-anywhere/all/solar-anywhere-2011.csv
-> size (bytes): 927,415
COMPRESSED FILE:
-> name: /Users/pablocerve/Documents/FING/Proyecto/pc-tesis/dataset_parser/scripts/output/[4]solar-anywhere/ca/solar-anywhere-2011.c.cpp.csv
-> size (bytes): 355,850
-> 38.37% of original


RESULTS
--------------------------(same file!)
CoderCA
-> error_threshold = [0, 8, 8, 3, 8, 8, 3, 9, 9, 3, 8, 8, 3, 8, 8, 3, 9, 9, 3, 8, 8, 3, 8, 8, 3, 8, 9, 3, 8, 8, 3, 8, 8, 3, 9, 9, 3]
-> max_window_size = 10
ORIGINAL FILE:
-> name: /Users/pablocerve/Documents/FING/Proyecto/datasets-csv/[4]solar-anywhere/all/solar-anywhere-2011.csv
-> size (bytes): 927,415
COMPRESSED FILE:
-> name: /Users/pablocerve/Documents/FING/Proyecto/pc-tesis/dataset_parser/scripts/output/[4]solar-anywhere/ca/solar-anywhere-2011.c.cpp.csv
-> size (bytes): 342,202
-> 36.9% of original


RESULTS
--------------------------(same file!)
CoderCA
-> error_threshold = [0, 8, 8, 3, 8, 8, 3, 9, 9, 3, 8, 8, 3, 8, 8, 3, 9, 9, 3, 8, 8, 3, 8, 8, 3, 8, 9, 3, 8, 8, 3, 8, 8, 3, 9, 9, 3]
-> max_window_size = 25
ORIGINAL FILE:
-> name: /Users/pablocerve/Documents/FING/Proyecto/datasets-csv/[4]solar-anywhere/all/solar-anywhere-2011.csv
-> size (bytes): 927,415
COMPRESSED FILE:
-> name: /Users/pablocerve/Documents/FING/Proyecto/pc-tesis/dataset_parser/scripts/output/[4]solar-anywhere/ca/solar-anywhere-2011.c.cpp.csv
-> size (bytes): 350,631
-> 37.81% of original


RESULTS
--------------------------(same file!)
CoderCA
-> error_threshold = [0, 8, 8, 3, 8, 8, 3, 9, 9, 3, 8, 8, 3, 8, 8, 3, 9, 9, 3, 8, 8, 3, 8, 8, 3, 8, 9, 3, 8, 8, 3, 8, 8, 3, 9, 9, 3]
-> max_window_size = 50
ORIGINAL FILE:
-> name: /Users/pablocerve/Documents/FING/Proyecto/datasets-csv/[4]solar-anywhere/all/solar-anywhere-2011.csv
-> size (bytes): 927,415
COMPRESSED FILE:
-> name: /Users/pablocerve/Documents/FING/Proyecto/pc-tesis/dataset_parser/scripts/output/[4]solar-anywhere/ca/solar-anywhere-2011.c.cpp.csv
-> size (bytes): 372,856
-> 40.2% of original


RESULTS
--------------------------(same file!)
CoderCA
-> error_threshold = [0, 8, 8, 3, 8, 8, 3, 9, 9, 3, 8, 8, 3, 8, 8, 3, 9, 9, 3, 8, 8, 3, 8, 8, 3, 8, 9, 3, 8, 8, 3, 8, 8, 3, 9, 9, 3]
-> max_window_size = 100
ORIGINAL FILE:
-> name: /Users/pablocerve/Documents/FING/Proyecto/datasets-csv/[4]solar-anywhere/all/solar-anywhere-2011.csv
-> size (bytes): 927,415
COMPRESSED FILE:
-> name: /Users/pablocerve/Documents/FING/Proyecto/pc-tesis/dataset_parser/scripts/output/[4]solar-anywhere/ca/solar-anywhere-2011.c.cpp.csv
-> size (bytes): 395,554
-> 42.65% of original


RESULTS
--------------------------(same file!)
CoderCA
-> error_threshold = [0, 8, 8, 3, 8, 8, 3, 9, 9, 3, 8, 8, 3, 8, 8, 3, 9, 9, 3, 8, 8, 3, 8, 8, 3, 8, 9, 3, 8, 8, 3, 8, 8, 3, 9, 9, 3]
-> max_window_size = 200
ORIGINAL FILE:
-> name: /Users/pablocerve/Documents/FING/Proyecto/datasets-csv/[4]solar-anywhere/all/solar-anywhere-2011.csv
-> size (bytes): 927,415
COMPRESSED FILE:
-> name: /Users/pablocerve/Documents/FING/Proyecto/pc-tesis/dataset_parser/scripts/output/[4]solar-anywhere/ca/solar-anywhere-2011.c.cpp.csv
-> size (bytes): 418,511
-> 45.13% of original


RESULTS
--------------------------(same file!)
CoderCA
-> error_threshold = [0, 14, 14, 5, 13, 13, 5, 14, 15, 5, 13, 14, 5, 13, 14, 5, 14, 15, 5, 13, 13, 5, 14, 13, 5, 14, 14, 5, 13, 13, 5, 14, 14, 5, 14, 15, 5]
-> max_window_size = 5
ORIGINAL FILE:
-> name: /Users/pablocerve/Documents/FING/Proyecto/datasets-csv/[4]solar-anywhere/all/solar-anywhere-2011.csv
-> size (bytes): 927,415
COMPRESSED FILE:
-> name: /Users/pablocerve/Documents/FING/Proyecto/pc-tesis/dataset_parser/scripts/output/[4]solar-anywhere/ca/solar-anywhere-2011.c.cpp.csv
-> size (bytes): 344,996
-> 37.2% of original


RESULTS
--------------------------(same file!)
CoderCA
-> error_threshold = [0, 14, 14, 5, 13, 13, 5, 14, 15, 5, 13, 14, 5, 13, 14, 5, 14, 15, 5, 13, 13, 5, 14, 13, 5, 14, 14, 5, 13, 13, 5, 14, 14, 5, 14, 15, 5]
-> max_window_size = 10
ORIGINAL FILE:
-> name: /Users/pablocerve/Documents/FING/Proyecto/datasets-csv/[4]solar-anywhere/all/solar-anywhere-2011.csv
-> size (bytes): 927,415
COMPRESSED FILE:
-> name: /Users/pablocerve/Documents/FING/Proyecto/pc-tesis/dataset_parser/scripts/output/[4]solar-anywhere/ca/solar-anywhere-2011.c.cpp.csv
-> size (bytes): 330,993
-> 35.69% of original


RESULTS
--------------------------(same file!)
CoderCA
-> error_threshold = [0, 14, 14, 5, 13, 13, 5, 14, 15, 5, 13, 14, 5, 13, 14, 5, 14, 15, 5, 13, 13, 5, 14, 13, 5, 14, 14, 5, 13, 13, 5, 14, 14, 5, 14, 15, 5]
-> max_window_size = 25
ORIGINAL FILE:
-> name: /Users/pablocerve/Documents/FING/Proyecto/datasets-csv/[4]solar-anywhere/all/solar-anywhere-2011.csv
-> size (bytes): 927,415
COMPRESSED FILE:
-> name: /Users/pablocerve/Documents/FING/Proyecto/pc-tesis/dataset_parser/scripts/output/[4]solar-anywhere/ca/solar-anywhere-2011.c.cpp.csv
-> size (bytes): 336,447
-> 36.28% of original


RESULTS
--------------------------(same file!)
CoderCA
-> error_threshold = [0, 14, 14, 5, 13, 13, 5, 14, 15, 5, 13, 14, 5, 13, 14, 5, 14, 15, 5, 13, 13, 5, 14, 13, 5, 14, 14, 5, 13, 13, 5, 14, 14, 5, 14, 15, 5]
-> max_window_size = 50
ORIGINAL FILE:
-> name: /Users/pablocerve/Documents/FING/Proyecto/datasets-csv/[4]solar-anywhere/all/solar-anywhere-2011.csv
-> size (bytes): 927,415
COMPRESSED FILE:
-> name: /Users/pablocerve/Documents/FING/Proyecto/pc-tesis/dataset_parser/scripts/output/[4]solar-anywhere/ca/solar-anywhere-2011.c.cpp.csv
-> size (bytes): 357,710
-> 38.57% of original


RESULTS
--------------------------(same file!)
CoderCA
-> error_threshold = [0, 14, 14, 5, 13, 13, 5, 14, 15, 5, 13, 14, 5, 13, 14, 5, 14, 15, 5, 13, 13, 5, 14, 13, 5, 14, 14, 5, 13, 13, 5, 14, 14, 5, 14, 15, 5]
-> max_window_size = 100
ORIGINAL FILE:
-> name: /Users/pablocerve/Documents/FING/Proyecto/datasets-csv/[4]solar-anywhere/all/solar-anywhere-2011.csv
-> size (bytes): 927,415
COMPRESSED FILE:
-> name: /Users/pablocerve/Documents/FING/Proyecto/pc-tesis/dataset_parser/scripts/output/[4]solar-anywhere/ca/solar-anywhere-2011.c.cpp.csv
-> size (bytes): 379,458
-> 40.92% of original


RESULTS
--------------------------(same file!)
CoderCA
-> error_threshold = [0, 14, 14, 5, 13, 13, 5, 14, 15, 5, 13, 14, 5, 13, 14, 5, 14, 15, 5, 13, 13, 5, 14, 13, 5, 14, 14, 5, 13, 13, 5, 14, 14, 5, 14, 15, 5]
-> max_window_size = 200
ORIGINAL FILE:
-> name: /Users/pablocerve/Documents/FING/Proyecto/datasets-csv/[4]solar-anywhere/all/solar-anywhere-2011.csv
-> size (bytes): 927,415
COMPRESSED FILE:
-> name: /Users/pablocerve/Documents/FING/Proyecto/pc-tesis/dataset_parser/scripts/output/[4]solar-anywhere/ca/solar-anywhere-2011.c.cpp.csv
-> size (bytes): 401,454
-> 43.29% of original


RESULTS
--------------------------(same file!)
CoderCA
-> error_threshold = [0, 27, 28, 10, 27, 27, 10, 28, 30, 9, 27, 27, 10, 27, 27, 10, 29, 29, 9, 26, 27, 10, 27, 27, 10, 28, 29, 10, 27, 27, 10, 28, 28, 10, 29, 29, 9]
-> max_window_size = 5
ORIGINAL FILE:
-> name: /Users/pablocerve/Documents/FING/Proyecto/datasets-csv/[4]solar-anywhere/all/solar-anywhere-2011.csv
-> size (bytes): 927,415
COMPRESSED FILE:
-> name: /Users/pablocerve/Documents/FING/Proyecto/pc-tesis/dataset_parser/scripts/output/[4]solar-anywhere/ca/solar-anywhere-2011.c.cpp.csv
-> size (bytes): 323,535
-> 34.89% of original


RESULTS
--------------------------(same file!)
CoderCA
-> error_threshold = [0, 27, 28, 10, 27, 27, 10, 28, 30, 9, 27, 27, 10, 27, 27, 10, 29, 29, 9, 26, 27, 10, 27, 27, 10, 28, 29, 10, 27, 27, 10, 28, 28, 10, 29, 29, 9]
-> max_window_size = 10
ORIGINAL FILE:
-> name: /Users/pablocerve/Documents/FING/Proyecto/datasets-csv/[4]solar-anywhere/all/solar-anywhere-2011.csv
-> size (bytes): 927,415
COMPRESSED FILE:
-> name: /Users/pablocerve/Documents/FING/Proyecto/pc-tesis/dataset_parser/scripts/output/[4]solar-anywhere/ca/solar-anywhere-2011.c.cpp.csv
-> size (bytes): 307,611
-> 33.17% of original


RESULTS
--------------------------(same file!)
CoderCA
-> error_threshold = [0, 27, 28, 10, 27, 27, 10, 28, 30, 9, 27, 27, 10, 27, 27, 10, 29, 29, 9, 26, 27, 10, 27, 27, 10, 28, 29, 10, 27, 27, 10, 28, 28, 10, 29, 29, 9]
-> max_window_size = 25
ORIGINAL FILE:
-> name: /Users/pablocerve/Documents/FING/Proyecto/datasets-csv/[4]solar-anywhere/all/solar-anywhere-2011.csv
-> size (bytes): 927,415
COMPRESSED FILE:
-> name: /Users/pablocerve/Documents/FING/Proyecto/pc-tesis/dataset_parser/scripts/output/[4]solar-anywhere/ca/solar-anywhere-2011.c.cpp.csv
-> size (bytes): 306,906
-> 33.09% of original


RESULTS
--------------------------(same file!)
CoderCA
-> error_threshold = [0, 27, 28, 10, 27, 27, 10, 28, 30, 9, 27, 27, 10, 27, 27, 10, 29, 29, 9, 26, 27, 10, 27, 27, 10, 28, 29, 10, 27, 27, 10, 28, 28, 10, 29, 29, 9]
-> max_window_size = 50
ORIGINAL FILE:
-> name: /Users/pablocerve/Documents/FING/Proyecto/datasets-csv/[4]solar-anywhere/all/solar-anywhere-2011.csv
-> size (bytes): 927,415
COMPRESSED FILE:
-> name: /Users/pablocerve/Documents/FING/Proyecto/pc-tesis/dataset_parser/scripts/output/[4]solar-anywhere/ca/solar-anywhere-2011.c.cpp.csv
-> size (bytes): 326,168
-> 35.17% of original


RESULTS
--------------------------(same file!)
CoderCA
-> error_threshold = [0, 27, 28, 10, 27, 27, 10, 28, 30, 9, 27, 27, 10, 27, 27, 10, 29, 29, 9, 26, 27, 10, 27, 27, 10, 28, 29, 10, 27, 27, 10, 28, 28, 10, 29, 29, 9]
-> max_window_size = 100
ORIGINAL FILE:
-> name: /Users/pablocerve/Documents/FING/Proyecto/datasets-csv/[4]solar-anywhere/all/solar-anywhere-2011.csv
-> size (bytes): 927,415
COMPRESSED FILE:
-> name: /Users/pablocerve/Documents/FING/Proyecto/pc-tesis/dataset_parser/scripts/output/[4]solar-anywhere/ca/solar-anywhere-2011.c.cpp.csv
-> size (bytes): 345,940
-> 37.3% of original


RESULTS
--------------------------(same file!)
CoderCA
-> error_threshold = [0, 27, 28, 10, 27, 27, 10, 28, 30, 9, 27, 27, 10, 27, 27, 10, 29, 29, 9, 26, 27, 10, 27, 27, 10, 28, 29, 10, 27, 27, 10, 28, 28, 10, 29, 29, 9]
-> max_window_size = 200
ORIGINAL FILE:
-> name: /Users/pablocerve/Documents/FING/Proyecto/datasets-csv/[4]solar-anywhere/all/solar-anywhere-2011.csv
-> size (bytes): 927,415
COMPRESSED FILE:
-> name: /Users/pablocerve/Documents/FING/Proyecto/pc-tesis/dataset_parser/scripts/output/[4]solar-anywhere/ca/solar-anywhere-2011.c.cpp.csv
-> size (bytes): 365,951
-> 39.46% of original


RESULTS
--------------------------(same file!)
CoderCA
-> error_threshold = [0, 41, 41, 15, 40, 40, 15, 43, 44, 14, 40, 41, 15, 40, 41, 15, 43, 44, 14, 40, 40, 15, 41, 40, 15, 42, 43, 14, 40, 40, 15, 41, 42, 15, 43, 44, 14]
-> max_window_size = 5
ORIGINAL FILE:
-> name: /Users/pablocerve/Documents/FING/Proyecto/datasets-csv/[4]solar-anywhere/all/solar-anywhere-2011.csv
-> size (bytes): 927,415
COMPRESSED FILE:
-> name: /Users/pablocerve/Documents/FING/Proyecto/pc-tesis/dataset_parser/scripts/output/[4]solar-anywhere/ca/solar-anywhere-2011.c.cpp.csv
-> size (bytes): 307,082
-> 33.11% of original


RESULTS
--------------------------(same file!)
CoderCA
-> error_threshold = [0, 41, 41, 15, 40, 40, 15, 43, 44, 14, 40, 41, 15, 40, 41, 15, 43, 44, 14, 40, 40, 15, 41, 40, 15, 42, 43, 14, 40, 40, 15, 41, 42, 15, 43, 44, 14]
-> max_window_size = 10
ORIGINAL FILE:
-> name: /Users/pablocerve/Documents/FING/Proyecto/datasets-csv/[4]solar-anywhere/all/solar-anywhere-2011.csv
-> size (bytes): 927,415
COMPRESSED FILE:
-> name: /Users/pablocerve/Documents/FING/Proyecto/pc-tesis/dataset_parser/scripts/output/[4]solar-anywhere/ca/solar-anywhere-2011.c.cpp.csv
-> size (bytes): 289,119
-> 31.17% of original


RESULTS
--------------------------(same file!)
CoderCA
-> error_threshold = [0, 41, 41, 15, 40, 40, 15, 43, 44, 14, 40, 41, 15, 40, 41, 15, 43, 44, 14, 40, 40, 15, 41, 40, 15, 42, 43, 14, 40, 40, 15, 41, 42, 15, 43, 44, 14]
-> max_window_size = 25
ORIGINAL FILE:
-> name: /Users/pablocerve/Documents/FING/Proyecto/datasets-csv/[4]solar-anywhere/all/solar-anywhere-2011.csv
-> size (bytes): 927,415
COMPRESSED FILE:
-> name: /Users/pablocerve/Documents/FING/Proyecto/pc-tesis/dataset_parser/scripts/output/[4]solar-anywhere/ca/solar-anywhere-2011.c.cpp.csv
-> size (bytes): 286,315
-> 30.87% of original


RESULTS
--------------------------(same file!)
CoderCA
-> error_threshold = [0, 41, 41, 15, 40, 40, 15, 43, 44, 14, 40, 41, 15, 40, 41, 15, 43, 44, 14, 40, 40, 15, 41, 40, 15, 42, 43, 14, 40, 40, 15, 41, 42, 15, 43, 44, 14]
-> max_window_size = 50
ORIGINAL FILE:
-> name: /Users/pablocerve/Documents/FING/Proyecto/datasets-csv/[4]solar-anywhere/all/solar-anywhere-2011.csv
-> size (bytes): 927,415
COMPRESSED FILE:
-> name: /Users/pablocerve/Documents/FING/Proyecto/pc-tesis/dataset_parser/scripts/output/[4]solar-anywhere/ca/solar-anywhere-2011.c.cpp.csv
-> size (bytes): 304,164
-> 32.8% of original


RESULTS
--------------------------(same file!)
CoderCA
-> error_threshold = [0, 41, 41, 15, 40, 40, 15, 43, 44, 14, 40, 41, 15, 40, 41, 15, 43, 44, 14, 40, 40, 15, 41, 40, 15, 42, 43, 14, 40, 40, 15, 41, 42, 15, 43, 44, 14]
-> max_window_size = 100
ORIGINAL FILE:
-> name: /Users/pablocerve/Documents/FING/Proyecto/datasets-csv/[4]solar-anywhere/all/solar-anywhere-2011.csv
-> size (bytes): 927,415
COMPRESSED FILE:
-> name: /Users/pablocerve/Documents/FING/Proyecto/pc-tesis/dataset_parser/scripts/output/[4]solar-anywhere/ca/solar-anywhere-2011.c.cpp.csv
-> size (bytes): 322,561
-> 34.78% of original


RESULTS
--------------------------(same file!)
CoderCA
-> error_threshold = [0, 41, 41, 15, 40, 40, 15, 43, 44, 14, 40, 41, 15, 40, 41, 15, 43, 44, 14, 40, 40, 15, 41, 40, 15, 42, 43, 14, 40, 40, 15, 41, 42, 15, 43, 44, 14]
-> max_window_size = 200
ORIGINAL FILE:
-> name: /Users/pablocerve/Documents/FING/Proyecto/datasets-csv/[4]solar-anywhere/all/solar-anywhere-2011.csv
-> size (bytes): 927,415
COMPRESSED FILE:
-> name: /Users/pablocerve/Documents/FING/Proyecto/pc-tesis/dataset_parser/scripts/output/[4]solar-anywhere/ca/solar-anywhere-2011.c.cpp.csv
-> size (bytes): 341,188
-> 36.79% of original


RESULTS
--------------------------(same file!)
CoderCA
-> error_threshold = [0, 55, 55, 19, 54, 54, 20, 57, 59, 18, 54, 54, 20, 54, 54, 20, 57, 59, 18, 53, 53, 20, 54, 54, 20, 56, 57, 19, 54, 54, 20, 55, 56, 19, 57, 58, 18]
-> max_window_size = 5
ORIGINAL FILE:
-> name: /Users/pablocerve/Documents/FING/Proyecto/datasets-csv/[4]solar-anywhere/all/solar-anywhere-2011.csv
-> size (bytes): 927,415
COMPRESSED FILE:
-> name: /Users/pablocerve/Documents/FING/Proyecto/pc-tesis/dataset_parser/scripts/output/[4]solar-anywhere/ca/solar-anywhere-2011.c.cpp.csv
-> size (bytes): 294,478
-> 31.75% of original


RESULTS
--------------------------(same file!)
CoderCA
-> error_threshold = [0, 55, 55, 19, 54, 54, 20, 57, 59, 18, 54, 54, 20, 54, 54, 20, 57, 59, 18, 53, 53, 20, 54, 54, 20, 56, 57, 19, 54, 54, 20, 55, 56, 19, 57, 58, 18]
-> max_window_size = 10
ORIGINAL FILE:
-> name: /Users/pablocerve/Documents/FING/Proyecto/datasets-csv/[4]solar-anywhere/all/solar-anywhere-2011.csv
-> size (bytes): 927,415
COMPRESSED FILE:
-> name: /Users/pablocerve/Documents/FING/Proyecto/pc-tesis/dataset_parser/scripts/output/[4]solar-anywhere/ca/solar-anywhere-2011.c.cpp.csv
-> size (bytes): 275,007
-> 29.65% of original


RESULTS
--------------------------(same file!)
CoderCA
-> error_threshold = [0, 55, 55, 19, 54, 54, 20, 57, 59, 18, 54, 54, 20, 54, 54, 20, 57, 59, 18, 53, 53, 20, 54, 54, 20, 56, 57, 19, 54, 54, 20, 55, 56, 19, 57, 58, 18]
-> max_window_size = 25
ORIGINAL FILE:
-> name: /Users/pablocerve/Documents/FING/Proyecto/datasets-csv/[4]solar-anywhere/all/solar-anywhere-2011.csv
-> size (bytes): 927,415
COMPRESSED FILE:
-> name: /Users/pablocerve/Documents/FING/Proyecto/pc-tesis/dataset_parser/scripts/output/[4]solar-anywhere/ca/solar-anywhere-2011.c.cpp.csv
-> size (bytes): 271,450
-> 29.27% of original


RESULTS
--------------------------(same file!)
CoderCA
-> error_threshold = [0, 55, 55, 19, 54, 54, 20, 57, 59, 18, 54, 54, 20, 54, 54, 20, 57, 59, 18, 53, 53, 20, 54, 54, 20, 56, 57, 19, 54, 54, 20, 55, 56, 19, 57, 58, 18]
-> max_window_size = 50
ORIGINAL FILE:
-> name: /Users/pablocerve/Documents/FING/Proyecto/datasets-csv/[4]solar-anywhere/all/solar-anywhere-2011.csv
-> size (bytes): 927,415
COMPRESSED FILE:
-> name: /Users/pablocerve/Documents/FING/Proyecto/pc-tesis/dataset_parser/scripts/output/[4]solar-anywhere/ca/solar-anywhere-2011.c.cpp.csv
-> size (bytes): 288,240
-> 31.08% of original


RESULTS
--------------------------(same file!)
CoderCA
-> error_threshold = [0, 55, 55, 19, 54, 54, 20, 57, 59, 18, 54, 54, 20, 54, 54, 20, 57, 59, 18, 53, 53, 20, 54, 54, 20, 56, 57, 19, 54, 54, 20, 55, 56, 19, 57, 58, 18]
-> max_window_size = 100
ORIGINAL FILE:
-> name: /Users/pablocerve/Documents/FING/Proyecto/datasets-csv/[4]solar-anywhere/all/solar-anywhere-2011.csv
-> size (bytes): 927,415
COMPRESSED FILE:
-> name: /Users/pablocerve/Documents/FING/Proyecto/pc-tesis/dataset_parser/scripts/output/[4]solar-anywhere/ca/solar-anywhere-2011.c.cpp.csv
-> size (bytes): 305,633
-> 32.96% of original


RESULTS
--------------------------(same file!)
CoderCA
-> error_threshold = [0, 55, 55, 19, 54, 54, 20, 57, 59, 18, 54, 54, 20, 54, 54, 20, 57, 59, 18, 53, 53, 20, 54, 54, 20, 56, 57, 19, 54, 54, 20, 55, 56, 19, 57, 58, 18]
-> max_window_size = 200
ORIGINAL FILE:
-> name: /Users/pablocerve/Documents/FING/Proyecto/datasets-csv/[4]solar-anywhere/all/solar-anywhere-2011.csv
-> size (bytes): 927,415
COMPRESSED FILE:
-> name: /Users/pablocerve/Documents/FING/Proyecto/pc-tesis/dataset_parser/scripts/output/[4]solar-anywhere/ca/solar-anywhere-2011.c.cpp.csv
-> size (bytes): 323,269
-> 34.86% of original


RESULTS
--------------------------(same file!)
CoderCA
-> error_threshold = [0, 82, 83, 29, 81, 81, 30, 85, 89, 27, 81, 82, 29, 81, 81, 30, 86, 88, 27, 79, 80, 30, 81, 80, 30, 83, 86, 29, 81, 81, 30, 83, 84, 29, 86, 88, 28]
-> max_window_size = 5
ORIGINAL FILE:
-> name: /Users/pablocerve/Documents/FING/Proyecto/datasets-csv/[4]solar-anywhere/all/solar-anywhere-2011.csv
-> size (bytes): 927,415
COMPRESSED FILE:
-> name: /Users/pablocerve/Documents/FING/Proyecto/pc-tesis/dataset_parser/scripts/output/[4]solar-anywhere/ca/solar-anywhere-2011.c.cpp.csv
-> size (bytes): 273,032
-> 29.44% of original


RESULTS
--------------------------(same file!)
CoderCA
-> error_threshold = [0, 82, 83, 29, 81, 81, 30, 85, 89, 27, 81, 82, 29, 81, 81, 30, 86, 88, 27, 79, 80, 30, 81, 80, 30, 83, 86, 29, 81, 81, 30, 83, 84, 29, 86, 88, 28]
-> max_window_size = 10
ORIGINAL FILE:
-> name: /Users/pablocerve/Documents/FING/Proyecto/datasets-csv/[4]solar-anywhere/all/solar-anywhere-2011.csv
-> size (bytes): 927,415
COMPRESSED FILE:
-> name: /Users/pablocerve/Documents/FING/Proyecto/pc-tesis/dataset_parser/scripts/output/[4]solar-anywhere/ca/solar-anywhere-2011.c.cpp.csv
-> size (bytes): 250,859
-> 27.05% of original


RESULTS
--------------------------(same file!)
CoderCA
-> error_threshold = [0, 82, 83, 29, 81, 81, 30, 85, 89, 27, 81, 82, 29, 81, 81, 30, 86, 88, 27, 79, 80, 30, 81, 80, 30, 83, 86, 29, 81, 81, 30, 83, 84, 29, 86, 88, 28]
-> max_window_size = 25
ORIGINAL FILE:
-> name: /Users/pablocerve/Documents/FING/Proyecto/datasets-csv/[4]solar-anywhere/all/solar-anywhere-2011.csv
-> size (bytes): 927,415
COMPRESSED FILE:
-> name: /Users/pablocerve/Documents/FING/Proyecto/pc-tesis/dataset_parser/scripts/output/[4]solar-anywhere/ca/solar-anywhere-2011.c.cpp.csv
-> size (bytes): 247,510
-> 26.69% of original


RESULTS
--------------------------(same file!)
CoderCA
-> error_threshold = [0, 82, 83, 29, 81, 81, 30, 85, 89, 27, 81, 82, 29, 81, 81, 30, 86, 88, 27, 79, 80, 30, 81, 80, 30, 83, 86, 29, 81, 81, 30, 83, 84, 29, 86, 88, 28]
-> max_window_size = 50
ORIGINAL FILE:
-> name: /Users/pablocerve/Documents/FING/Proyecto/datasets-csv/[4]solar-anywhere/all/solar-anywhere-2011.csv
-> size (bytes): 927,415
COMPRESSED FILE:
-> name: /Users/pablocerve/Documents/FING/Proyecto/pc-tesis/dataset_parser/scripts/output/[4]solar-anywhere/ca/solar-anywhere-2011.c.cpp.csv
-> size (bytes): 262,608
-> 28.32% of original


RESULTS
--------------------------(same file!)
CoderCA
-> error_threshold = [0, 82, 83, 29, 81, 81, 30, 85, 89, 27, 81, 82, 29, 81, 81, 30, 86, 88, 27, 79, 80, 30, 81, 80, 30, 83, 86, 29, 81, 81, 30, 83, 84, 29, 86, 88, 28]
-> max_window_size = 100
ORIGINAL FILE:
-> name: /Users/pablocerve/Documents/FING/Proyecto/datasets-csv/[4]solar-anywhere/all/solar-anywhere-2011.csv
-> size (bytes): 927,415
COMPRESSED FILE:
-> name: /Users/pablocerve/Documents/FING/Proyecto/pc-tesis/dataset_parser/scripts/output/[4]solar-anywhere/ca/solar-anywhere-2011.c.cpp.csv
-> size (bytes): 278,399
-> 30.02% of original


RESULTS
--------------------------(same file!)
CoderCA
-> error_threshold = [0, 82, 83, 29, 81, 81, 30, 85, 89, 27, 81, 82, 29, 81, 81, 30, 86, 88, 27, 79, 80, 30, 81, 80, 30, 83, 86, 29, 81, 81, 30, 83, 84, 29, 86, 88, 28]
-> max_window_size = 200
ORIGINAL FILE:
-> name: /Users/pablocerve/Documents/FING/Proyecto/datasets-csv/[4]solar-anywhere/all/solar-anywhere-2011.csv
-> size (bytes): 927,415
COMPRESSED FILE:
-> name: /Users/pablocerve/Documents/FING/Proyecto/pc-tesis/dataset_parser/scripts/output/[4]solar-anywhere/ca/solar-anywhere-2011.c.cpp.csv
-> size (bytes): 294,437
-> 31.75% of original


RESULTS
--------------------------(same file!)
CoderCA
-> error_threshold = [0, 0, 0, 0, 0, 0, 0, 0, 0, 0, 0, 0, 0, 0, 0, 0, 0, 0, 0, 0, 0, 0, 0, 0, 0, 0, 0, 0, 0, 0, 0, 0, 0, 0, 0, 0, 0]
-> max_window_size = 5
ORIGINAL FILE:
-> name: /Users/pablocerve/Documents/FING/Proyecto/datasets-csv/[4]solar-anywhere/all/solar-anywhere-2012.csv
-> size (bytes): 926,747
COMPRESSED FILE:
-> name: /Users/pablocerve/Documents/FING/Proyecto/pc-tesis/dataset_parser/scripts/output/[4]solar-anywhere/ca/solar-anywhere-2012.c.cpp.csv
-> size (bytes): 391,098
-> 42.2% of original


RESULTS
--------------------------(same file!)
CoderCA
-> error_threshold = [0, 0, 0, 0, 0, 0, 0, 0, 0, 0, 0, 0, 0, 0, 0, 0, 0, 0, 0, 0, 0, 0, 0, 0, 0, 0, 0, 0, 0, 0, 0, 0, 0, 0, 0, 0, 0]
-> max_window_size = 10
ORIGINAL FILE:
-> name: /Users/pablocerve/Documents/FING/Proyecto/datasets-csv/[4]solar-anywhere/all/solar-anywhere-2012.csv
-> size (bytes): 926,747
COMPRESSED FILE:
-> name: /Users/pablocerve/Documents/FING/Proyecto/pc-tesis/dataset_parser/scripts/output/[4]solar-anywhere/ca/solar-anywhere-2012.c.cpp.csv
-> size (bytes): 376,795
-> 40.66% of original


RESULTS
--------------------------(same file!)
CoderCA
-> error_threshold = [0, 0, 0, 0, 0, 0, 0, 0, 0, 0, 0, 0, 0, 0, 0, 0, 0, 0, 0, 0, 0, 0, 0, 0, 0, 0, 0, 0, 0, 0, 0, 0, 0, 0, 0, 0, 0]
-> max_window_size = 25
ORIGINAL FILE:
-> name: /Users/pablocerve/Documents/FING/Proyecto/datasets-csv/[4]solar-anywhere/all/solar-anywhere-2012.csv
-> size (bytes): 926,747
COMPRESSED FILE:
-> name: /Users/pablocerve/Documents/FING/Proyecto/pc-tesis/dataset_parser/scripts/output/[4]solar-anywhere/ca/solar-anywhere-2012.c.cpp.csv
-> size (bytes): 393,744
-> 42.49% of original


RESULTS
--------------------------(same file!)
CoderCA
-> error_threshold = [0, 0, 0, 0, 0, 0, 0, 0, 0, 0, 0, 0, 0, 0, 0, 0, 0, 0, 0, 0, 0, 0, 0, 0, 0, 0, 0, 0, 0, 0, 0, 0, 0, 0, 0, 0, 0]
-> max_window_size = 50
ORIGINAL FILE:
-> name: /Users/pablocerve/Documents/FING/Proyecto/datasets-csv/[4]solar-anywhere/all/solar-anywhere-2012.csv
-> size (bytes): 926,747
COMPRESSED FILE:
-> name: /Users/pablocerve/Documents/FING/Proyecto/pc-tesis/dataset_parser/scripts/output/[4]solar-anywhere/ca/solar-anywhere-2012.c.cpp.csv
-> size (bytes): 418,978
-> 45.21% of original


RESULTS
--------------------------(same file!)
CoderCA
-> error_threshold = [0, 0, 0, 0, 0, 0, 0, 0, 0, 0, 0, 0, 0, 0, 0, 0, 0, 0, 0, 0, 0, 0, 0, 0, 0, 0, 0, 0, 0, 0, 0, 0, 0, 0, 0, 0, 0]
-> max_window_size = 100
ORIGINAL FILE:
-> name: /Users/pablocerve/Documents/FING/Proyecto/datasets-csv/[4]solar-anywhere/all/solar-anywhere-2012.csv
-> size (bytes): 926,747
COMPRESSED FILE:
-> name: /Users/pablocerve/Documents/FING/Proyecto/pc-tesis/dataset_parser/scripts/output/[4]solar-anywhere/ca/solar-anywhere-2012.c.cpp.csv
-> size (bytes): 444,614
-> 47.98% of original


RESULTS
--------------------------(same file!)
CoderCA
-> error_threshold = [0, 0, 0, 0, 0, 0, 0, 0, 0, 0, 0, 0, 0, 0, 0, 0, 0, 0, 0, 0, 0, 0, 0, 0, 0, 0, 0, 0, 0, 0, 0, 0, 0, 0, 0, 0, 0]
-> max_window_size = 200
ORIGINAL FILE:
-> name: /Users/pablocerve/Documents/FING/Proyecto/datasets-csv/[4]solar-anywhere/all/solar-anywhere-2012.csv
-> size (bytes): 926,747
COMPRESSED FILE:
-> name: /Users/pablocerve/Documents/FING/Proyecto/pc-tesis/dataset_parser/scripts/output/[4]solar-anywhere/ca/solar-anywhere-2012.c.cpp.csv
-> size (bytes): 470,476
-> 50.77% of original


RESULTS
--------------------------(same file!)
CoderCA
-> error_threshold = [0, 8, 8, 3, 8, 8, 3, 8, 8, 3, 8, 8, 3, 8, 8, 3, 8, 9, 3, 8, 8, 3, 8, 8, 3, 8, 8, 3, 8, 8, 3, 8, 8, 3, 8, 8, 3]
-> max_window_size = 5
ORIGINAL FILE:
-> name: /Users/pablocerve/Documents/FING/Proyecto/datasets-csv/[4]solar-anywhere/all/solar-anywhere-2012.csv
-> size (bytes): 926,747
COMPRESSED FILE:
-> name: /Users/pablocerve/Documents/FING/Proyecto/pc-tesis/dataset_parser/scripts/output/[4]solar-anywhere/ca/solar-anywhere-2012.c.cpp.csv
-> size (bytes): 355,947
-> 38.41% of original


RESULTS
--------------------------(same file!)
CoderCA
-> error_threshold = [0, 8, 8, 3, 8, 8, 3, 8, 8, 3, 8, 8, 3, 8, 8, 3, 8, 9, 3, 8, 8, 3, 8, 8, 3, 8, 8, 3, 8, 8, 3, 8, 8, 3, 8, 8, 3]
-> max_window_size = 10
ORIGINAL FILE:
-> name: /Users/pablocerve/Documents/FING/Proyecto/datasets-csv/[4]solar-anywhere/all/solar-anywhere-2012.csv
-> size (bytes): 926,747
COMPRESSED FILE:
-> name: /Users/pablocerve/Documents/FING/Proyecto/pc-tesis/dataset_parser/scripts/output/[4]solar-anywhere/ca/solar-anywhere-2012.c.cpp.csv
-> size (bytes): 342,589
-> 36.97% of original


RESULTS
--------------------------(same file!)
CoderCA
-> error_threshold = [0, 8, 8, 3, 8, 8, 3, 8, 8, 3, 8, 8, 3, 8, 8, 3, 8, 9, 3, 8, 8, 3, 8, 8, 3, 8, 8, 3, 8, 8, 3, 8, 8, 3, 8, 8, 3]
-> max_window_size = 25
ORIGINAL FILE:
-> name: /Users/pablocerve/Documents/FING/Proyecto/datasets-csv/[4]solar-anywhere/all/solar-anywhere-2012.csv
-> size (bytes): 926,747
COMPRESSED FILE:
-> name: /Users/pablocerve/Documents/FING/Proyecto/pc-tesis/dataset_parser/scripts/output/[4]solar-anywhere/ca/solar-anywhere-2012.c.cpp.csv
-> size (bytes): 350,586
-> 37.83% of original


RESULTS
--------------------------(same file!)
CoderCA
-> error_threshold = [0, 8, 8, 3, 8, 8, 3, 8, 8, 3, 8, 8, 3, 8, 8, 3, 8, 9, 3, 8, 8, 3, 8, 8, 3, 8, 8, 3, 8, 8, 3, 8, 8, 3, 8, 8, 3]
-> max_window_size = 50
ORIGINAL FILE:
-> name: /Users/pablocerve/Documents/FING/Proyecto/datasets-csv/[4]solar-anywhere/all/solar-anywhere-2012.csv
-> size (bytes): 926,747
COMPRESSED FILE:
-> name: /Users/pablocerve/Documents/FING/Proyecto/pc-tesis/dataset_parser/scripts/output/[4]solar-anywhere/ca/solar-anywhere-2012.c.cpp.csv
-> size (bytes): 372,846
-> 40.23% of original


RESULTS
--------------------------(same file!)
CoderCA
-> error_threshold = [0, 8, 8, 3, 8, 8, 3, 8, 8, 3, 8, 8, 3, 8, 8, 3, 8, 9, 3, 8, 8, 3, 8, 8, 3, 8, 8, 3, 8, 8, 3, 8, 8, 3, 8, 8, 3]
-> max_window_size = 100
ORIGINAL FILE:
-> name: /Users/pablocerve/Documents/FING/Proyecto/datasets-csv/[4]solar-anywhere/all/solar-anywhere-2012.csv
-> size (bytes): 926,747
COMPRESSED FILE:
-> name: /Users/pablocerve/Documents/FING/Proyecto/pc-tesis/dataset_parser/scripts/output/[4]solar-anywhere/ca/solar-anywhere-2012.c.cpp.csv
-> size (bytes): 395,594
-> 42.69% of original


RESULTS
--------------------------(same file!)
CoderCA
-> error_threshold = [0, 8, 8, 3, 8, 8, 3, 8, 8, 3, 8, 8, 3, 8, 8, 3, 8, 9, 3, 8, 8, 3, 8, 8, 3, 8, 8, 3, 8, 8, 3, 8, 8, 3, 8, 8, 3]
-> max_window_size = 200
ORIGINAL FILE:
-> name: /Users/pablocerve/Documents/FING/Proyecto/datasets-csv/[4]solar-anywhere/all/solar-anywhere-2012.csv
-> size (bytes): 926,747
COMPRESSED FILE:
-> name: /Users/pablocerve/Documents/FING/Proyecto/pc-tesis/dataset_parser/scripts/output/[4]solar-anywhere/ca/solar-anywhere-2012.c.cpp.csv
-> size (bytes): 418,573
-> 45.17% of original


RESULTS
--------------------------(same file!)
CoderCA
-> error_threshold = [0, 13, 13, 5, 13, 13, 5, 14, 14, 5, 13, 13, 5, 13, 13, 5, 14, 14, 5, 13, 13, 5, 13, 13, 5, 14, 14, 5, 13, 13, 5, 14, 14, 5, 14, 14, 5]
-> max_window_size = 5
ORIGINAL FILE:
-> name: /Users/pablocerve/Documents/FING/Proyecto/datasets-csv/[4]solar-anywhere/all/solar-anywhere-2012.csv
-> size (bytes): 926,747
COMPRESSED FILE:
-> name: /Users/pablocerve/Documents/FING/Proyecto/pc-tesis/dataset_parser/scripts/output/[4]solar-anywhere/ca/solar-anywhere-2012.c.cpp.csv
-> size (bytes): 344,631
-> 37.19% of original


RESULTS
--------------------------(same file!)
CoderCA
-> error_threshold = [0, 13, 13, 5, 13, 13, 5, 14, 14, 5, 13, 13, 5, 13, 13, 5, 14, 14, 5, 13, 13, 5, 13, 13, 5, 14, 14, 5, 13, 13, 5, 14, 14, 5, 14, 14, 5]
-> max_window_size = 10
ORIGINAL FILE:
-> name: /Users/pablocerve/Documents/FING/Proyecto/datasets-csv/[4]solar-anywhere/all/solar-anywhere-2012.csv
-> size (bytes): 926,747
COMPRESSED FILE:
-> name: /Users/pablocerve/Documents/FING/Proyecto/pc-tesis/dataset_parser/scripts/output/[4]solar-anywhere/ca/solar-anywhere-2012.c.cpp.csv
-> size (bytes): 330,500
-> 35.66% of original


RESULTS
--------------------------(same file!)
CoderCA
-> error_threshold = [0, 13, 13, 5, 13, 13, 5, 14, 14, 5, 13, 13, 5, 13, 13, 5, 14, 14, 5, 13, 13, 5, 13, 13, 5, 14, 14, 5, 13, 13, 5, 14, 14, 5, 14, 14, 5]
-> max_window_size = 25
ORIGINAL FILE:
-> name: /Users/pablocerve/Documents/FING/Proyecto/datasets-csv/[4]solar-anywhere/all/solar-anywhere-2012.csv
-> size (bytes): 926,747
COMPRESSED FILE:
-> name: /Users/pablocerve/Documents/FING/Proyecto/pc-tesis/dataset_parser/scripts/output/[4]solar-anywhere/ca/solar-anywhere-2012.c.cpp.csv
-> size (bytes): 335,563
-> 36.21% of original


RESULTS
--------------------------(same file!)
CoderCA
-> error_threshold = [0, 13, 13, 5, 13, 13, 5, 14, 14, 5, 13, 13, 5, 13, 13, 5, 14, 14, 5, 13, 13, 5, 13, 13, 5, 14, 14, 5, 13, 13, 5, 14, 14, 5, 14, 14, 5]
-> max_window_size = 50
ORIGINAL FILE:
-> name: /Users/pablocerve/Documents/FING/Proyecto/datasets-csv/[4]solar-anywhere/all/solar-anywhere-2012.csv
-> size (bytes): 926,747
COMPRESSED FILE:
-> name: /Users/pablocerve/Documents/FING/Proyecto/pc-tesis/dataset_parser/scripts/output/[4]solar-anywhere/ca/solar-anywhere-2012.c.cpp.csv
-> size (bytes): 356,814
-> 38.5% of original


RESULTS
--------------------------(same file!)
CoderCA
-> error_threshold = [0, 13, 13, 5, 13, 13, 5, 14, 14, 5, 13, 13, 5, 13, 13, 5, 14, 14, 5, 13, 13, 5, 13, 13, 5, 14, 14, 5, 13, 13, 5, 14, 14, 5, 14, 14, 5]
-> max_window_size = 100
ORIGINAL FILE:
-> name: /Users/pablocerve/Documents/FING/Proyecto/datasets-csv/[4]solar-anywhere/all/solar-anywhere-2012.csv
-> size (bytes): 926,747
COMPRESSED FILE:
-> name: /Users/pablocerve/Documents/FING/Proyecto/pc-tesis/dataset_parser/scripts/output/[4]solar-anywhere/ca/solar-anywhere-2012.c.cpp.csv
-> size (bytes): 378,552
-> 40.85% of original


RESULTS
--------------------------(same file!)
CoderCA
-> error_threshold = [0, 13, 13, 5, 13, 13, 5, 14, 14, 5, 13, 13, 5, 13, 13, 5, 14, 14, 5, 13, 13, 5, 13, 13, 5, 14, 14, 5, 13, 13, 5, 14, 14, 5, 14, 14, 5]
-> max_window_size = 200
ORIGINAL FILE:
-> name: /Users/pablocerve/Documents/FING/Proyecto/datasets-csv/[4]solar-anywhere/all/solar-anywhere-2012.csv
-> size (bytes): 926,747
COMPRESSED FILE:
-> name: /Users/pablocerve/Documents/FING/Proyecto/pc-tesis/dataset_parser/scripts/output/[4]solar-anywhere/ca/solar-anywhere-2012.c.cpp.csv
-> size (bytes): 400,528
-> 43.22% of original


RESULTS
--------------------------(same file!)
CoderCA
-> error_threshold = [0, 27, 27, 10, 26, 26, 10, 28, 28, 10, 26, 27, 10, 26, 27, 10, 28, 29, 9, 26, 26, 10, 27, 26, 10, 27, 28, 10, 27, 27, 10, 27, 28, 10, 28, 28, 10]
-> max_window_size = 5
ORIGINAL FILE:
-> name: /Users/pablocerve/Documents/FING/Proyecto/datasets-csv/[4]solar-anywhere/all/solar-anywhere-2012.csv
-> size (bytes): 926,747
COMPRESSED FILE:
-> name: /Users/pablocerve/Documents/FING/Proyecto/pc-tesis/dataset_parser/scripts/output/[4]solar-anywhere/ca/solar-anywhere-2012.c.cpp.csv
-> size (bytes): 323,116
-> 34.87% of original


RESULTS
--------------------------(same file!)
CoderCA
-> error_threshold = [0, 27, 27, 10, 26, 26, 10, 28, 28, 10, 26, 27, 10, 26, 27, 10, 28, 29, 9, 26, 26, 10, 27, 26, 10, 27, 28, 10, 27, 27, 10, 27, 28, 10, 28, 28, 10]
-> max_window_size = 10
ORIGINAL FILE:
-> name: /Users/pablocerve/Documents/FING/Proyecto/datasets-csv/[4]solar-anywhere/all/solar-anywhere-2012.csv
-> size (bytes): 926,747
COMPRESSED FILE:
-> name: /Users/pablocerve/Documents/FING/Proyecto/pc-tesis/dataset_parser/scripts/output/[4]solar-anywhere/ca/solar-anywhere-2012.c.cpp.csv
-> size (bytes): 306,762
-> 33.1% of original


RESULTS
--------------------------(same file!)
CoderCA
-> error_threshold = [0, 27, 27, 10, 26, 26, 10, 28, 28, 10, 26, 27, 10, 26, 27, 10, 28, 29, 9, 26, 26, 10, 27, 26, 10, 27, 28, 10, 27, 27, 10, 27, 28, 10, 28, 28, 10]
-> max_window_size = 25
ORIGINAL FILE:
-> name: /Users/pablocerve/Documents/FING/Proyecto/datasets-csv/[4]solar-anywhere/all/solar-anywhere-2012.csv
-> size (bytes): 926,747
COMPRESSED FILE:
-> name: /Users/pablocerve/Documents/FING/Proyecto/pc-tesis/dataset_parser/scripts/output/[4]solar-anywhere/ca/solar-anywhere-2012.c.cpp.csv
-> size (bytes): 305,689
-> 32.99% of original


RESULTS
--------------------------(same file!)
CoderCA
-> error_threshold = [0, 27, 27, 10, 26, 26, 10, 28, 28, 10, 26, 27, 10, 26, 27, 10, 28, 29, 9, 26, 26, 10, 27, 26, 10, 27, 28, 10, 27, 27, 10, 27, 28, 10, 28, 28, 10]
-> max_window_size = 50
ORIGINAL FILE:
-> name: /Users/pablocerve/Documents/FING/Proyecto/datasets-csv/[4]solar-anywhere/all/solar-anywhere-2012.csv
-> size (bytes): 926,747
COMPRESSED FILE:
-> name: /Users/pablocerve/Documents/FING/Proyecto/pc-tesis/dataset_parser/scripts/output/[4]solar-anywhere/ca/solar-anywhere-2012.c.cpp.csv
-> size (bytes): 324,848
-> 35.05% of original


RESULTS
--------------------------(same file!)
CoderCA
-> error_threshold = [0, 27, 27, 10, 26, 26, 10, 28, 28, 10, 26, 27, 10, 26, 27, 10, 28, 29, 9, 26, 26, 10, 27, 26, 10, 27, 28, 10, 27, 27, 10, 27, 28, 10, 28, 28, 10]
-> max_window_size = 100
ORIGINAL FILE:
-> name: /Users/pablocerve/Documents/FING/Proyecto/datasets-csv/[4]solar-anywhere/all/solar-anywhere-2012.csv
-> size (bytes): 926,747
COMPRESSED FILE:
-> name: /Users/pablocerve/Documents/FING/Proyecto/pc-tesis/dataset_parser/scripts/output/[4]solar-anywhere/ca/solar-anywhere-2012.c.cpp.csv
-> size (bytes): 344,571
-> 37.18% of original


RESULTS
--------------------------(same file!)
CoderCA
-> error_threshold = [0, 27, 27, 10, 26, 26, 10, 28, 28, 10, 26, 27, 10, 26, 27, 10, 28, 29, 9, 26, 26, 10, 27, 26, 10, 27, 28, 10, 27, 27, 10, 27, 28, 10, 28, 28, 10]
-> max_window_size = 200
ORIGINAL FILE:
-> name: /Users/pablocerve/Documents/FING/Proyecto/datasets-csv/[4]solar-anywhere/all/solar-anywhere-2012.csv
-> size (bytes): 926,747
COMPRESSED FILE:
-> name: /Users/pablocerve/Documents/FING/Proyecto/pc-tesis/dataset_parser/scripts/output/[4]solar-anywhere/ca/solar-anywhere-2012.c.cpp.csv
-> size (bytes): 364,549
-> 39.34% of original


RESULTS
--------------------------(same file!)
CoderCA
-> error_threshold = [0, 40, 40, 15, 39, 40, 16, 41, 42, 14, 40, 40, 15, 40, 40, 15, 42, 43, 14, 39, 39, 16, 40, 40, 15, 41, 42, 15, 40, 40, 15, 41, 42, 15, 42, 42, 15]
-> max_window_size = 5
ORIGINAL FILE:
-> name: /Users/pablocerve/Documents/FING/Proyecto/datasets-csv/[4]solar-anywhere/all/solar-anywhere-2012.csv
-> size (bytes): 926,747
COMPRESSED FILE:
-> name: /Users/pablocerve/Documents/FING/Proyecto/pc-tesis/dataset_parser/scripts/output/[4]solar-anywhere/ca/solar-anywhere-2012.c.cpp.csv
-> size (bytes): 305,982
-> 33.02% of original


RESULTS
--------------------------(same file!)
CoderCA
-> error_threshold = [0, 40, 40, 15, 39, 40, 16, 41, 42, 14, 40, 40, 15, 40, 40, 15, 42, 43, 14, 39, 39, 16, 40, 40, 15, 41, 42, 15, 40, 40, 15, 41, 42, 15, 42, 42, 15]
-> max_window_size = 10
ORIGINAL FILE:
-> name: /Users/pablocerve/Documents/FING/Proyecto/datasets-csv/[4]solar-anywhere/all/solar-anywhere-2012.csv
-> size (bytes): 926,747
COMPRESSED FILE:
-> name: /Users/pablocerve/Documents/FING/Proyecto/pc-tesis/dataset_parser/scripts/output/[4]solar-anywhere/ca/solar-anywhere-2012.c.cpp.csv
-> size (bytes): 287,958
-> 31.07% of original


RESULTS
--------------------------(same file!)
CoderCA
-> error_threshold = [0, 40, 40, 15, 39, 40, 16, 41, 42, 14, 40, 40, 15, 40, 40, 15, 42, 43, 14, 39, 39, 16, 40, 40, 15, 41, 42, 15, 40, 40, 15, 41, 42, 15, 42, 42, 15]
-> max_window_size = 25
ORIGINAL FILE:
-> name: /Users/pablocerve/Documents/FING/Proyecto/datasets-csv/[4]solar-anywhere/all/solar-anywhere-2012.csv
-> size (bytes): 926,747
COMPRESSED FILE:
-> name: /Users/pablocerve/Documents/FING/Proyecto/pc-tesis/dataset_parser/scripts/output/[4]solar-anywhere/ca/solar-anywhere-2012.c.cpp.csv
-> size (bytes): 284,574
-> 30.71% of original


RESULTS
--------------------------(same file!)
CoderCA
-> error_threshold = [0, 40, 40, 15, 39, 40, 16, 41, 42, 14, 40, 40, 15, 40, 40, 15, 42, 43, 14, 39, 39, 16, 40, 40, 15, 41, 42, 15, 40, 40, 15, 41, 42, 15, 42, 42, 15]
-> max_window_size = 50
ORIGINAL FILE:
-> name: /Users/pablocerve/Documents/FING/Proyecto/datasets-csv/[4]solar-anywhere/all/solar-anywhere-2012.csv
-> size (bytes): 926,747
COMPRESSED FILE:
-> name: /Users/pablocerve/Documents/FING/Proyecto/pc-tesis/dataset_parser/scripts/output/[4]solar-anywhere/ca/solar-anywhere-2012.c.cpp.csv
-> size (bytes): 302,282
-> 32.62% of original


RESULTS
--------------------------(same file!)
CoderCA
-> error_threshold = [0, 40, 40, 15, 39, 40, 16, 41, 42, 14, 40, 40, 15, 40, 40, 15, 42, 43, 14, 39, 39, 16, 40, 40, 15, 41, 42, 15, 40, 40, 15, 41, 42, 15, 42, 42, 15]
-> max_window_size = 100
ORIGINAL FILE:
-> name: /Users/pablocerve/Documents/FING/Proyecto/datasets-csv/[4]solar-anywhere/all/solar-anywhere-2012.csv
-> size (bytes): 926,747
COMPRESSED FILE:
-> name: /Users/pablocerve/Documents/FING/Proyecto/pc-tesis/dataset_parser/scripts/output/[4]solar-anywhere/ca/solar-anywhere-2012.c.cpp.csv
-> size (bytes): 320,582
-> 34.59% of original


RESULTS
--------------------------(same file!)
CoderCA
-> error_threshold = [0, 40, 40, 15, 39, 40, 16, 41, 42, 14, 40, 40, 15, 40, 40, 15, 42, 43, 14, 39, 39, 16, 40, 40, 15, 41, 42, 15, 40, 40, 15, 41, 42, 15, 42, 42, 15]
-> max_window_size = 200
ORIGINAL FILE:
-> name: /Users/pablocerve/Documents/FING/Proyecto/datasets-csv/[4]solar-anywhere/all/solar-anywhere-2012.csv
-> size (bytes): 926,747
COMPRESSED FILE:
-> name: /Users/pablocerve/Documents/FING/Proyecto/pc-tesis/dataset_parser/scripts/output/[4]solar-anywhere/ca/solar-anywhere-2012.c.cpp.csv
-> size (bytes): 339,148
-> 36.6% of original


RESULTS
--------------------------(same file!)
CoderCA
-> error_threshold = [0, 54, 54, 20, 53, 53, 21, 55, 56, 19, 53, 53, 21, 53, 53, 21, 56, 57, 19, 52, 52, 21, 53, 53, 21, 55, 56, 20, 53, 54, 21, 55, 56, 20, 56, 56, 20]
-> max_window_size = 5
ORIGINAL FILE:
-> name: /Users/pablocerve/Documents/FING/Proyecto/datasets-csv/[4]solar-anywhere/all/solar-anywhere-2012.csv
-> size (bytes): 926,747
COMPRESSED FILE:
-> name: /Users/pablocerve/Documents/FING/Proyecto/pc-tesis/dataset_parser/scripts/output/[4]solar-anywhere/ca/solar-anywhere-2012.c.cpp.csv
-> size (bytes): 293,001
-> 31.62% of original


RESULTS
--------------------------(same file!)
CoderCA
-> error_threshold = [0, 54, 54, 20, 53, 53, 21, 55, 56, 19, 53, 53, 21, 53, 53, 21, 56, 57, 19, 52, 52, 21, 53, 53, 21, 55, 56, 20, 53, 54, 21, 55, 56, 20, 56, 56, 20]
-> max_window_size = 10
ORIGINAL FILE:
-> name: /Users/pablocerve/Documents/FING/Proyecto/datasets-csv/[4]solar-anywhere/all/solar-anywhere-2012.csv
-> size (bytes): 926,747
COMPRESSED FILE:
-> name: /Users/pablocerve/Documents/FING/Proyecto/pc-tesis/dataset_parser/scripts/output/[4]solar-anywhere/ca/solar-anywhere-2012.c.cpp.csv
-> size (bytes): 273,118
-> 29.47% of original


RESULTS
--------------------------(same file!)
CoderCA
-> error_threshold = [0, 54, 54, 20, 53, 53, 21, 55, 56, 19, 53, 53, 21, 53, 53, 21, 56, 57, 19, 52, 52, 21, 53, 53, 21, 55, 56, 20, 53, 54, 21, 55, 56, 20, 56, 56, 20]
-> max_window_size = 25
ORIGINAL FILE:
-> name: /Users/pablocerve/Documents/FING/Proyecto/datasets-csv/[4]solar-anywhere/all/solar-anywhere-2012.csv
-> size (bytes): 926,747
COMPRESSED FILE:
-> name: /Users/pablocerve/Documents/FING/Proyecto/pc-tesis/dataset_parser/scripts/output/[4]solar-anywhere/ca/solar-anywhere-2012.c.cpp.csv
-> size (bytes): 269,143
-> 29.04% of original


RESULTS
--------------------------(same file!)
CoderCA
-> error_threshold = [0, 54, 54, 20, 53, 53, 21, 55, 56, 19, 53, 53, 21, 53, 53, 21, 56, 57, 19, 52, 52, 21, 53, 53, 21, 55, 56, 20, 53, 54, 21, 55, 56, 20, 56, 56, 20]
-> max_window_size = 50
ORIGINAL FILE:
-> name: /Users/pablocerve/Documents/FING/Proyecto/datasets-csv/[4]solar-anywhere/all/solar-anywhere-2012.csv
-> size (bytes): 926,747
COMPRESSED FILE:
-> name: /Users/pablocerve/Documents/FING/Proyecto/pc-tesis/dataset_parser/scripts/output/[4]solar-anywhere/ca/solar-anywhere-2012.c.cpp.csv
-> size (bytes): 285,774
-> 30.84% of original


RESULTS
--------------------------(same file!)
CoderCA
-> error_threshold = [0, 54, 54, 20, 53, 53, 21, 55, 56, 19, 53, 53, 21, 53, 53, 21, 56, 57, 19, 52, 52, 21, 53, 53, 21, 55, 56, 20, 53, 54, 21, 55, 56, 20, 56, 56, 20]
-> max_window_size = 100
ORIGINAL FILE:
-> name: /Users/pablocerve/Documents/FING/Proyecto/datasets-csv/[4]solar-anywhere/all/solar-anywhere-2012.csv
-> size (bytes): 926,747
COMPRESSED FILE:
-> name: /Users/pablocerve/Documents/FING/Proyecto/pc-tesis/dataset_parser/scripts/output/[4]solar-anywhere/ca/solar-anywhere-2012.c.cpp.csv
-> size (bytes): 303,042
-> 32.7% of original


RESULTS
--------------------------(same file!)
CoderCA
-> error_threshold = [0, 54, 54, 20, 53, 53, 21, 55, 56, 19, 53, 53, 21, 53, 53, 21, 56, 57, 19, 52, 52, 21, 53, 53, 21, 55, 56, 20, 53, 54, 21, 55, 56, 20, 56, 56, 20]
-> max_window_size = 200
ORIGINAL FILE:
-> name: /Users/pablocerve/Documents/FING/Proyecto/datasets-csv/[4]solar-anywhere/all/solar-anywhere-2012.csv
-> size (bytes): 926,747
COMPRESSED FILE:
-> name: /Users/pablocerve/Documents/FING/Proyecto/pc-tesis/dataset_parser/scripts/output/[4]solar-anywhere/ca/solar-anywhere-2012.c.cpp.csv
-> size (bytes): 320,577
-> 34.59% of original


RESULTS
--------------------------(same file!)
CoderCA
-> error_threshold = [0, 81, 81, 30, 79, 79, 31, 83, 85, 29, 79, 80, 31, 79, 80, 31, 84, 86, 28, 79, 78, 31, 80, 79, 31, 82, 85, 29, 80, 80, 31, 82, 83, 30, 84, 85, 29]
-> max_window_size = 5
ORIGINAL FILE:
-> name: /Users/pablocerve/Documents/FING/Proyecto/datasets-csv/[4]solar-anywhere/all/solar-anywhere-2012.csv
-> size (bytes): 926,747
COMPRESSED FILE:
-> name: /Users/pablocerve/Documents/FING/Proyecto/pc-tesis/dataset_parser/scripts/output/[4]solar-anywhere/ca/solar-anywhere-2012.c.cpp.csv
-> size (bytes): 272,052
-> 29.36% of original


RESULTS
--------------------------(same file!)
CoderCA
-> error_threshold = [0, 81, 81, 30, 79, 79, 31, 83, 85, 29, 79, 80, 31, 79, 80, 31, 84, 86, 28, 79, 78, 31, 80, 79, 31, 82, 85, 29, 80, 80, 31, 82, 83, 30, 84, 85, 29]
-> max_window_size = 10
ORIGINAL FILE:
-> name: /Users/pablocerve/Documents/FING/Proyecto/datasets-csv/[4]solar-anywhere/all/solar-anywhere-2012.csv
-> size (bytes): 926,747
COMPRESSED FILE:
-> name: /Users/pablocerve/Documents/FING/Proyecto/pc-tesis/dataset_parser/scripts/output/[4]solar-anywhere/ca/solar-anywhere-2012.c.cpp.csv
-> size (bytes): 249,995
-> 26.98% of original


RESULTS
--------------------------(same file!)
CoderCA
-> error_threshold = [0, 81, 81, 30, 79, 79, 31, 83, 85, 29, 79, 80, 31, 79, 80, 31, 84, 86, 28, 79, 78, 31, 80, 79, 31, 82, 85, 29, 80, 80, 31, 82, 83, 30, 84, 85, 29]
-> max_window_size = 25
ORIGINAL FILE:
-> name: /Users/pablocerve/Documents/FING/Proyecto/datasets-csv/[4]solar-anywhere/all/solar-anywhere-2012.csv
-> size (bytes): 926,747
COMPRESSED FILE:
-> name: /Users/pablocerve/Documents/FING/Proyecto/pc-tesis/dataset_parser/scripts/output/[4]solar-anywhere/ca/solar-anywhere-2012.c.cpp.csv
-> size (bytes): 246,120
-> 26.56% of original


RESULTS
--------------------------(same file!)
CoderCA
-> error_threshold = [0, 81, 81, 30, 79, 79, 31, 83, 85, 29, 79, 80, 31, 79, 80, 31, 84, 86, 28, 79, 78, 31, 80, 79, 31, 82, 85, 29, 80, 80, 31, 82, 83, 30, 84, 85, 29]
-> max_window_size = 50
ORIGINAL FILE:
-> name: /Users/pablocerve/Documents/FING/Proyecto/datasets-csv/[4]solar-anywhere/all/solar-anywhere-2012.csv
-> size (bytes): 926,747
COMPRESSED FILE:
-> name: /Users/pablocerve/Documents/FING/Proyecto/pc-tesis/dataset_parser/scripts/output/[4]solar-anywhere/ca/solar-anywhere-2012.c.cpp.csv
-> size (bytes): 261,100
-> 28.17% of original


RESULTS
--------------------------(same file!)
CoderCA
-> error_threshold = [0, 81, 81, 30, 79, 79, 31, 83, 85, 29, 79, 80, 31, 79, 80, 31, 84, 86, 28, 79, 78, 31, 80, 79, 31, 82, 85, 29, 80, 80, 31, 82, 83, 30, 84, 85, 29]
-> max_window_size = 100
ORIGINAL FILE:
-> name: /Users/pablocerve/Documents/FING/Proyecto/datasets-csv/[4]solar-anywhere/all/solar-anywhere-2012.csv
-> size (bytes): 926,747
COMPRESSED FILE:
-> name: /Users/pablocerve/Documents/FING/Proyecto/pc-tesis/dataset_parser/scripts/output/[4]solar-anywhere/ca/solar-anywhere-2012.c.cpp.csv
-> size (bytes): 276,796
-> 29.87% of original


RESULTS
--------------------------(same file!)
CoderCA
-> error_threshold = [0, 81, 81, 30, 79, 79, 31, 83, 85, 29, 79, 80, 31, 79, 80, 31, 84, 86, 28, 79, 78, 31, 80, 79, 31, 82, 85, 29, 80, 80, 31, 82, 83, 30, 84, 85, 29]
-> max_window_size = 200
ORIGINAL FILE:
-> name: /Users/pablocerve/Documents/FING/Proyecto/datasets-csv/[4]solar-anywhere/all/solar-anywhere-2012.csv
-> size (bytes): 926,747
COMPRESSED FILE:
-> name: /Users/pablocerve/Documents/FING/Proyecto/pc-tesis/dataset_parser/scripts/output/[4]solar-anywhere/ca/solar-anywhere-2012.c.cpp.csv
-> size (bytes): 292,787
-> 31.59% of original


RESULTS
--------------------------(same file!)
CoderCA
-> error_threshold = [0, 0, 0, 0, 0, 0, 0, 0, 0, 0, 0, 0, 0, 0, 0, 0, 0, 0, 0, 0, 0, 0, 0, 0, 0, 0, 0, 0, 0, 0, 0, 0, 0, 0, 0, 0, 0]
-> max_window_size = 5
ORIGINAL FILE:
-> name: /Users/pablocerve/Documents/FING/Proyecto/datasets-csv/[4]solar-anywhere/all/solar-anywhere-2013.csv
-> size (bytes): 927,368
COMPRESSED FILE:
-> name: /Users/pablocerve/Documents/FING/Proyecto/pc-tesis/dataset_parser/scripts/output/[4]solar-anywhere/ca/solar-anywhere-2013.c.cpp.csv
-> size (bytes): 390,092
-> 42.06% of original


RESULTS
--------------------------(same file!)
CoderCA
-> error_threshold = [0, 0, 0, 0, 0, 0, 0, 0, 0, 0, 0, 0, 0, 0, 0, 0, 0, 0, 0, 0, 0, 0, 0, 0, 0, 0, 0, 0, 0, 0, 0, 0, 0, 0, 0, 0, 0]
-> max_window_size = 10
ORIGINAL FILE:
-> name: /Users/pablocerve/Documents/FING/Proyecto/datasets-csv/[4]solar-anywhere/all/solar-anywhere-2013.csv
-> size (bytes): 927,368
COMPRESSED FILE:
-> name: /Users/pablocerve/Documents/FING/Proyecto/pc-tesis/dataset_parser/scripts/output/[4]solar-anywhere/ca/solar-anywhere-2013.c.cpp.csv
-> size (bytes): 375,776
-> 40.52% of original


RESULTS
--------------------------(same file!)
CoderCA
-> error_threshold = [0, 0, 0, 0, 0, 0, 0, 0, 0, 0, 0, 0, 0, 0, 0, 0, 0, 0, 0, 0, 0, 0, 0, 0, 0, 0, 0, 0, 0, 0, 0, 0, 0, 0, 0, 0, 0]
-> max_window_size = 25
ORIGINAL FILE:
-> name: /Users/pablocerve/Documents/FING/Proyecto/datasets-csv/[4]solar-anywhere/all/solar-anywhere-2013.csv
-> size (bytes): 927,368
COMPRESSED FILE:
-> name: /Users/pablocerve/Documents/FING/Proyecto/pc-tesis/dataset_parser/scripts/output/[4]solar-anywhere/ca/solar-anywhere-2013.c.cpp.csv
-> size (bytes): 392,687
-> 42.34% of original


RESULTS
--------------------------(same file!)
CoderCA
-> error_threshold = [0, 0, 0, 0, 0, 0, 0, 0, 0, 0, 0, 0, 0, 0, 0, 0, 0, 0, 0, 0, 0, 0, 0, 0, 0, 0, 0, 0, 0, 0, 0, 0, 0, 0, 0, 0, 0]
-> max_window_size = 50
ORIGINAL FILE:
-> name: /Users/pablocerve/Documents/FING/Proyecto/datasets-csv/[4]solar-anywhere/all/solar-anywhere-2013.csv
-> size (bytes): 927,368
COMPRESSED FILE:
-> name: /Users/pablocerve/Documents/FING/Proyecto/pc-tesis/dataset_parser/scripts/output/[4]solar-anywhere/ca/solar-anywhere-2013.c.cpp.csv
-> size (bytes): 417,856
-> 45.06% of original


RESULTS
--------------------------(same file!)
CoderCA
-> error_threshold = [0, 0, 0, 0, 0, 0, 0, 0, 0, 0, 0, 0, 0, 0, 0, 0, 0, 0, 0, 0, 0, 0, 0, 0, 0, 0, 0, 0, 0, 0, 0, 0, 0, 0, 0, 0, 0]
-> max_window_size = 100
ORIGINAL FILE:
-> name: /Users/pablocerve/Documents/FING/Proyecto/datasets-csv/[4]solar-anywhere/all/solar-anywhere-2013.csv
-> size (bytes): 927,368
COMPRESSED FILE:
-> name: /Users/pablocerve/Documents/FING/Proyecto/pc-tesis/dataset_parser/scripts/output/[4]solar-anywhere/ca/solar-anywhere-2013.c.cpp.csv
-> size (bytes): 443,422
-> 47.82% of original


RESULTS
--------------------------(same file!)
CoderCA
-> error_threshold = [0, 0, 0, 0, 0, 0, 0, 0, 0, 0, 0, 0, 0, 0, 0, 0, 0, 0, 0, 0, 0, 0, 0, 0, 0, 0, 0, 0, 0, 0, 0, 0, 0, 0, 0, 0, 0]
-> max_window_size = 200
ORIGINAL FILE:
-> name: /Users/pablocerve/Documents/FING/Proyecto/datasets-csv/[4]solar-anywhere/all/solar-anywhere-2013.csv
-> size (bytes): 927,368
COMPRESSED FILE:
-> name: /Users/pablocerve/Documents/FING/Proyecto/pc-tesis/dataset_parser/scripts/output/[4]solar-anywhere/ca/solar-anywhere-2013.c.cpp.csv
-> size (bytes): 469,208
-> 50.6% of original


RESULTS
--------------------------(same file!)
CoderCA
-> error_threshold = [0, 8, 8, 3, 8, 8, 3, 8, 8, 3, 8, 8, 3, 8, 8, 3, 8, 8, 3, 8, 7, 3, 8, 8, 3, 8, 8, 3, 8, 8, 3, 8, 8, 3, 8, 8, 3]
-> max_window_size = 5
ORIGINAL FILE:
-> name: /Users/pablocerve/Documents/FING/Proyecto/datasets-csv/[4]solar-anywhere/all/solar-anywhere-2013.csv
-> size (bytes): 927,368
COMPRESSED FILE:
-> name: /Users/pablocerve/Documents/FING/Proyecto/pc-tesis/dataset_parser/scripts/output/[4]solar-anywhere/ca/solar-anywhere-2013.c.cpp.csv
-> size (bytes): 355,900
-> 38.38% of original


RESULTS
--------------------------(same file!)
CoderCA
-> error_threshold = [0, 8, 8, 3, 8, 8, 3, 8, 8, 3, 8, 8, 3, 8, 8, 3, 8, 8, 3, 8, 7, 3, 8, 8, 3, 8, 8, 3, 8, 8, 3, 8, 8, 3, 8, 8, 3]
-> max_window_size = 10
ORIGINAL FILE:
-> name: /Users/pablocerve/Documents/FING/Proyecto/datasets-csv/[4]solar-anywhere/all/solar-anywhere-2013.csv
-> size (bytes): 927,368
COMPRESSED FILE:
-> name: /Users/pablocerve/Documents/FING/Proyecto/pc-tesis/dataset_parser/scripts/output/[4]solar-anywhere/ca/solar-anywhere-2013.c.cpp.csv
-> size (bytes): 342,557
-> 36.94% of original


RESULTS
--------------------------(same file!)
CoderCA
-> error_threshold = [0, 8, 8, 3, 8, 8, 3, 8, 8, 3, 8, 8, 3, 8, 8, 3, 8, 8, 3, 8, 7, 3, 8, 8, 3, 8, 8, 3, 8, 8, 3, 8, 8, 3, 8, 8, 3]
-> max_window_size = 25
ORIGINAL FILE:
-> name: /Users/pablocerve/Documents/FING/Proyecto/datasets-csv/[4]solar-anywhere/all/solar-anywhere-2013.csv
-> size (bytes): 927,368
COMPRESSED FILE:
-> name: /Users/pablocerve/Documents/FING/Proyecto/pc-tesis/dataset_parser/scripts/output/[4]solar-anywhere/ca/solar-anywhere-2013.c.cpp.csv
-> size (bytes): 350,938
-> 37.84% of original


RESULTS
--------------------------(same file!)
CoderCA
-> error_threshold = [0, 8, 8, 3, 8, 8, 3, 8, 8, 3, 8, 8, 3, 8, 8, 3, 8, 8, 3, 8, 7, 3, 8, 8, 3, 8, 8, 3, 8, 8, 3, 8, 8, 3, 8, 8, 3]
-> max_window_size = 50
ORIGINAL FILE:
-> name: /Users/pablocerve/Documents/FING/Proyecto/datasets-csv/[4]solar-anywhere/all/solar-anywhere-2013.csv
-> size (bytes): 927,368
COMPRESSED FILE:
-> name: /Users/pablocerve/Documents/FING/Proyecto/pc-tesis/dataset_parser/scripts/output/[4]solar-anywhere/ca/solar-anywhere-2013.c.cpp.csv
-> size (bytes): 373,200
-> 40.24% of original


RESULTS
--------------------------(same file!)
CoderCA
-> error_threshold = [0, 8, 8, 3, 8, 8, 3, 8, 8, 3, 8, 8, 3, 8, 8, 3, 8, 8, 3, 8, 7, 3, 8, 8, 3, 8, 8, 3, 8, 8, 3, 8, 8, 3, 8, 8, 3]
-> max_window_size = 100
ORIGINAL FILE:
-> name: /Users/pablocerve/Documents/FING/Proyecto/datasets-csv/[4]solar-anywhere/all/solar-anywhere-2013.csv
-> size (bytes): 927,368
COMPRESSED FILE:
-> name: /Users/pablocerve/Documents/FING/Proyecto/pc-tesis/dataset_parser/scripts/output/[4]solar-anywhere/ca/solar-anywhere-2013.c.cpp.csv
-> size (bytes): 395,967
-> 42.7% of original


RESULTS
--------------------------(same file!)
CoderCA
-> error_threshold = [0, 8, 8, 3, 8, 8, 3, 8, 8, 3, 8, 8, 3, 8, 8, 3, 8, 8, 3, 8, 7, 3, 8, 8, 3, 8, 8, 3, 8, 8, 3, 8, 8, 3, 8, 8, 3]
-> max_window_size = 200
ORIGINAL FILE:
-> name: /Users/pablocerve/Documents/FING/Proyecto/datasets-csv/[4]solar-anywhere/all/solar-anywhere-2013.csv
-> size (bytes): 927,368
COMPRESSED FILE:
-> name: /Users/pablocerve/Documents/FING/Proyecto/pc-tesis/dataset_parser/scripts/output/[4]solar-anywhere/ca/solar-anywhere-2013.c.cpp.csv
-> size (bytes): 418,961
-> 45.18% of original


RESULTS
--------------------------(same file!)
CoderCA
-> error_threshold = [0, 13, 13, 5, 13, 13, 5, 14, 13, 5, 13, 13, 5, 13, 13, 5, 14, 14, 5, 13, 12, 5, 13, 13, 5, 14, 14, 5, 13, 13, 5, 14, 14, 5, 14, 14, 5]
-> max_window_size = 5
ORIGINAL FILE:
-> name: /Users/pablocerve/Documents/FING/Proyecto/datasets-csv/[4]solar-anywhere/all/solar-anywhere-2013.csv
-> size (bytes): 927,368
COMPRESSED FILE:
-> name: /Users/pablocerve/Documents/FING/Proyecto/pc-tesis/dataset_parser/scripts/output/[4]solar-anywhere/ca/solar-anywhere-2013.c.cpp.csv
-> size (bytes): 345,058
-> 37.21% of original


RESULTS
--------------------------(same file!)
CoderCA
-> error_threshold = [0, 13, 13, 5, 13, 13, 5, 14, 13, 5, 13, 13, 5, 13, 13, 5, 14, 14, 5, 13, 12, 5, 13, 13, 5, 14, 14, 5, 13, 13, 5, 14, 14, 5, 14, 14, 5]
-> max_window_size = 10
ORIGINAL FILE:
-> name: /Users/pablocerve/Documents/FING/Proyecto/datasets-csv/[4]solar-anywhere/all/solar-anywhere-2013.csv
-> size (bytes): 927,368
COMPRESSED FILE:
-> name: /Users/pablocerve/Documents/FING/Proyecto/pc-tesis/dataset_parser/scripts/output/[4]solar-anywhere/ca/solar-anywhere-2013.c.cpp.csv
-> size (bytes): 331,238
-> 35.72% of original


RESULTS
--------------------------(same file!)
CoderCA
-> error_threshold = [0, 13, 13, 5, 13, 13, 5, 14, 13, 5, 13, 13, 5, 13, 13, 5, 14, 14, 5, 13, 12, 5, 13, 13, 5, 14, 14, 5, 13, 13, 5, 14, 14, 5, 14, 14, 5]
-> max_window_size = 25
ORIGINAL FILE:
-> name: /Users/pablocerve/Documents/FING/Proyecto/datasets-csv/[4]solar-anywhere/all/solar-anywhere-2013.csv
-> size (bytes): 927,368
COMPRESSED FILE:
-> name: /Users/pablocerve/Documents/FING/Proyecto/pc-tesis/dataset_parser/scripts/output/[4]solar-anywhere/ca/solar-anywhere-2013.c.cpp.csv
-> size (bytes): 336,422
-> 36.28% of original


RESULTS
--------------------------(same file!)
CoderCA
-> error_threshold = [0, 13, 13, 5, 13, 13, 5, 14, 13, 5, 13, 13, 5, 13, 13, 5, 14, 14, 5, 13, 12, 5, 13, 13, 5, 14, 14, 5, 13, 13, 5, 14, 14, 5, 14, 14, 5]
-> max_window_size = 50
ORIGINAL FILE:
-> name: /Users/pablocerve/Documents/FING/Proyecto/datasets-csv/[4]solar-anywhere/all/solar-anywhere-2013.csv
-> size (bytes): 927,368
COMPRESSED FILE:
-> name: /Users/pablocerve/Documents/FING/Proyecto/pc-tesis/dataset_parser/scripts/output/[4]solar-anywhere/ca/solar-anywhere-2013.c.cpp.csv
-> size (bytes): 357,708
-> 38.57% of original


RESULTS
--------------------------(same file!)
CoderCA
-> error_threshold = [0, 13, 13, 5, 13, 13, 5, 14, 13, 5, 13, 13, 5, 13, 13, 5, 14, 14, 5, 13, 12, 5, 13, 13, 5, 14, 14, 5, 13, 13, 5, 14, 14, 5, 14, 14, 5]
-> max_window_size = 100
ORIGINAL FILE:
-> name: /Users/pablocerve/Documents/FING/Proyecto/datasets-csv/[4]solar-anywhere/all/solar-anywhere-2013.csv
-> size (bytes): 927,368
COMPRESSED FILE:
-> name: /Users/pablocerve/Documents/FING/Proyecto/pc-tesis/dataset_parser/scripts/output/[4]solar-anywhere/ca/solar-anywhere-2013.c.cpp.csv
-> size (bytes): 379,498
-> 40.92% of original


RESULTS
--------------------------(same file!)
CoderCA
-> error_threshold = [0, 13, 13, 5, 13, 13, 5, 14, 13, 5, 13, 13, 5, 13, 13, 5, 14, 14, 5, 13, 12, 5, 13, 13, 5, 14, 14, 5, 13, 13, 5, 14, 14, 5, 14, 14, 5]
-> max_window_size = 200
ORIGINAL FILE:
-> name: /Users/pablocerve/Documents/FING/Proyecto/datasets-csv/[4]solar-anywhere/all/solar-anywhere-2013.csv
-> size (bytes): 927,368
COMPRESSED FILE:
-> name: /Users/pablocerve/Documents/FING/Proyecto/pc-tesis/dataset_parser/scripts/output/[4]solar-anywhere/ca/solar-anywhere-2013.c.cpp.csv
-> size (bytes): 401,524
-> 43.3% of original


RESULTS
--------------------------(same file!)
CoderCA
-> error_threshold = [0, 26, 26, 10, 26, 25, 11, 27, 27, 10, 26, 25, 10, 26, 25, 11, 27, 27, 10, 26, 25, 11, 26, 25, 11, 28, 28, 10, 27, 26, 11, 27, 27, 10, 28, 28, 10]
-> max_window_size = 5
ORIGINAL FILE:
-> name: /Users/pablocerve/Documents/FING/Proyecto/datasets-csv/[4]solar-anywhere/all/solar-anywhere-2013.csv
-> size (bytes): 927,368
COMPRESSED FILE:
-> name: /Users/pablocerve/Documents/FING/Proyecto/pc-tesis/dataset_parser/scripts/output/[4]solar-anywhere/ca/solar-anywhere-2013.c.cpp.csv
-> size (bytes): 324,453
-> 34.99% of original


RESULTS
--------------------------(same file!)
CoderCA
-> error_threshold = [0, 26, 26, 10, 26, 25, 11, 27, 27, 10, 26, 25, 10, 26, 25, 11, 27, 27, 10, 26, 25, 11, 26, 25, 11, 28, 28, 10, 27, 26, 11, 27, 27, 10, 28, 28, 10]
-> max_window_size = 10
ORIGINAL FILE:
-> name: /Users/pablocerve/Documents/FING/Proyecto/datasets-csv/[4]solar-anywhere/all/solar-anywhere-2013.csv
-> size (bytes): 927,368
COMPRESSED FILE:
-> name: /Users/pablocerve/Documents/FING/Proyecto/pc-tesis/dataset_parser/scripts/output/[4]solar-anywhere/ca/solar-anywhere-2013.c.cpp.csv
-> size (bytes): 308,822
-> 33.3% of original


RESULTS
--------------------------(same file!)
CoderCA
-> error_threshold = [0, 26, 26, 10, 26, 25, 11, 27, 27, 10, 26, 25, 10, 26, 25, 11, 27, 27, 10, 26, 25, 11, 26, 25, 11, 28, 28, 10, 27, 26, 11, 27, 27, 10, 28, 28, 10]
-> max_window_size = 25
ORIGINAL FILE:
-> name: /Users/pablocerve/Documents/FING/Proyecto/datasets-csv/[4]solar-anywhere/all/solar-anywhere-2013.csv
-> size (bytes): 927,368
COMPRESSED FILE:
-> name: /Users/pablocerve/Documents/FING/Proyecto/pc-tesis/dataset_parser/scripts/output/[4]solar-anywhere/ca/solar-anywhere-2013.c.cpp.csv
-> size (bytes): 307,978
-> 33.21% of original


RESULTS
--------------------------(same file!)
CoderCA
-> error_threshold = [0, 26, 26, 10, 26, 25, 11, 27, 27, 10, 26, 25, 10, 26, 25, 11, 27, 27, 10, 26, 25, 11, 26, 25, 11, 28, 28, 10, 27, 26, 11, 27, 27, 10, 28, 28, 10]
-> max_window_size = 50
ORIGINAL FILE:
-> name: /Users/pablocerve/Documents/FING/Proyecto/datasets-csv/[4]solar-anywhere/all/solar-anywhere-2013.csv
-> size (bytes): 927,368
COMPRESSED FILE:
-> name: /Users/pablocerve/Documents/FING/Proyecto/pc-tesis/dataset_parser/scripts/output/[4]solar-anywhere/ca/solar-anywhere-2013.c.cpp.csv
-> size (bytes): 327,320
-> 35.3% of original


RESULTS
--------------------------(same file!)
CoderCA
-> error_threshold = [0, 26, 26, 10, 26, 25, 11, 27, 27, 10, 26, 25, 10, 26, 25, 11, 27, 27, 10, 26, 25, 11, 26, 25, 11, 28, 28, 10, 27, 26, 11, 27, 27, 10, 28, 28, 10]
-> max_window_size = 100
ORIGINAL FILE:
-> name: /Users/pablocerve/Documents/FING/Proyecto/datasets-csv/[4]solar-anywhere/all/solar-anywhere-2013.csv
-> size (bytes): 927,368
COMPRESSED FILE:
-> name: /Users/pablocerve/Documents/FING/Proyecto/pc-tesis/dataset_parser/scripts/output/[4]solar-anywhere/ca/solar-anywhere-2013.c.cpp.csv
-> size (bytes): 347,189
-> 37.44% of original


RESULTS
--------------------------(same file!)
CoderCA
-> error_threshold = [0, 26, 26, 10, 26, 25, 11, 27, 27, 10, 26, 25, 10, 26, 25, 11, 27, 27, 10, 26, 25, 11, 26, 25, 11, 28, 28, 10, 27, 26, 11, 27, 27, 10, 28, 28, 10]
-> max_window_size = 200
ORIGINAL FILE:
-> name: /Users/pablocerve/Documents/FING/Proyecto/datasets-csv/[4]solar-anywhere/all/solar-anywhere-2013.csv
-> size (bytes): 927,368
COMPRESSED FILE:
-> name: /Users/pablocerve/Documents/FING/Proyecto/pc-tesis/dataset_parser/scripts/output/[4]solar-anywhere/ca/solar-anywhere-2013.c.cpp.csv
-> size (bytes): 367,315
-> 39.61% of original


RESULTS
--------------------------(same file!)
CoderCA
-> error_threshold = [0, 39, 39, 16, 39, 38, 16, 41, 40, 15, 39, 38, 16, 40, 38, 16, 41, 41, 15, 39, 37, 16, 40, 38, 16, 41, 42, 15, 40, 38, 16, 41, 41, 15, 42, 42, 14]
-> max_window_size = 5
ORIGINAL FILE:
-> name: /Users/pablocerve/Documents/FING/Proyecto/datasets-csv/[4]solar-anywhere/all/solar-anywhere-2013.csv
-> size (bytes): 927,368
COMPRESSED FILE:
-> name: /Users/pablocerve/Documents/FING/Proyecto/pc-tesis/dataset_parser/scripts/output/[4]solar-anywhere/ca/solar-anywhere-2013.c.cpp.csv
-> size (bytes): 308,016
-> 33.21% of original


RESULTS
--------------------------(same file!)
CoderCA
-> error_threshold = [0, 39, 39, 16, 39, 38, 16, 41, 40, 15, 39, 38, 16, 40, 38, 16, 41, 41, 15, 39, 37, 16, 40, 38, 16, 41, 42, 15, 40, 38, 16, 41, 41, 15, 42, 42, 14]
-> max_window_size = 10
ORIGINAL FILE:
-> name: /Users/pablocerve/Documents/FING/Proyecto/datasets-csv/[4]solar-anywhere/all/solar-anywhere-2013.csv
-> size (bytes): 927,368
COMPRESSED FILE:
-> name: /Users/pablocerve/Documents/FING/Proyecto/pc-tesis/dataset_parser/scripts/output/[4]solar-anywhere/ca/solar-anywhere-2013.c.cpp.csv
-> size (bytes): 291,091
-> 31.39% of original


RESULTS
--------------------------(same file!)
CoderCA
-> error_threshold = [0, 39, 39, 16, 39, 38, 16, 41, 40, 15, 39, 38, 16, 40, 38, 16, 41, 41, 15, 39, 37, 16, 40, 38, 16, 41, 42, 15, 40, 38, 16, 41, 41, 15, 42, 42, 14]
-> max_window_size = 25
ORIGINAL FILE:
-> name: /Users/pablocerve/Documents/FING/Proyecto/datasets-csv/[4]solar-anywhere/all/solar-anywhere-2013.csv
-> size (bytes): 927,368
COMPRESSED FILE:
-> name: /Users/pablocerve/Documents/FING/Proyecto/pc-tesis/dataset_parser/scripts/output/[4]solar-anywhere/ca/solar-anywhere-2013.c.cpp.csv
-> size (bytes): 288,066
-> 31.06% of original


RESULTS
--------------------------(same file!)
CoderCA
-> error_threshold = [0, 39, 39, 16, 39, 38, 16, 41, 40, 15, 39, 38, 16, 40, 38, 16, 41, 41, 15, 39, 37, 16, 40, 38, 16, 41, 42, 15, 40, 38, 16, 41, 41, 15, 42, 42, 14]
-> max_window_size = 50
ORIGINAL FILE:
-> name: /Users/pablocerve/Documents/FING/Proyecto/datasets-csv/[4]solar-anywhere/all/solar-anywhere-2013.csv
-> size (bytes): 927,368
COMPRESSED FILE:
-> name: /Users/pablocerve/Documents/FING/Proyecto/pc-tesis/dataset_parser/scripts/output/[4]solar-anywhere/ca/solar-anywhere-2013.c.cpp.csv
-> size (bytes): 306,012
-> 33.0% of original


RESULTS
--------------------------(same file!)
CoderCA
-> error_threshold = [0, 39, 39, 16, 39, 38, 16, 41, 40, 15, 39, 38, 16, 40, 38, 16, 41, 41, 15, 39, 37, 16, 40, 38, 16, 41, 42, 15, 40, 38, 16, 41, 41, 15, 42, 42, 14]
-> max_window_size = 100
ORIGINAL FILE:
-> name: /Users/pablocerve/Documents/FING/Proyecto/datasets-csv/[4]solar-anywhere/all/solar-anywhere-2013.csv
-> size (bytes): 927,368
COMPRESSED FILE:
-> name: /Users/pablocerve/Documents/FING/Proyecto/pc-tesis/dataset_parser/scripts/output/[4]solar-anywhere/ca/solar-anywhere-2013.c.cpp.csv
-> size (bytes): 324,541
-> 35.0% of original


RESULTS
--------------------------(same file!)
CoderCA
-> error_threshold = [0, 39, 39, 16, 39, 38, 16, 41, 40, 15, 39, 38, 16, 40, 38, 16, 41, 41, 15, 39, 37, 16, 40, 38, 16, 41, 42, 15, 40, 38, 16, 41, 41, 15, 42, 42, 14]
-> max_window_size = 200
ORIGINAL FILE:
-> name: /Users/pablocerve/Documents/FING/Proyecto/datasets-csv/[4]solar-anywhere/all/solar-anywhere-2013.csv
-> size (bytes): 927,368
COMPRESSED FILE:
-> name: /Users/pablocerve/Documents/FING/Proyecto/pc-tesis/dataset_parser/scripts/output/[4]solar-anywhere/ca/solar-anywhere-2013.c.cpp.csv
-> size (bytes): 343,334
-> 37.02% of original


RESULTS
--------------------------(same file!)
CoderCA
-> error_threshold = [0, 53, 51, 21, 52, 50, 21, 54, 53, 20, 52, 51, 21, 53, 50, 21, 55, 55, 20, 52, 49, 22, 53, 50, 21, 55, 55, 20, 53, 51, 21, 55, 54, 20, 56, 56, 19]
-> max_window_size = 5
ORIGINAL FILE:
-> name: /Users/pablocerve/Documents/FING/Proyecto/datasets-csv/[4]solar-anywhere/all/solar-anywhere-2013.csv
-> size (bytes): 927,368
COMPRESSED FILE:
-> name: /Users/pablocerve/Documents/FING/Proyecto/pc-tesis/dataset_parser/scripts/output/[4]solar-anywhere/ca/solar-anywhere-2013.c.cpp.csv
-> size (bytes): 294,810
-> 31.79% of original


RESULTS
--------------------------(same file!)
CoderCA
-> error_threshold = [0, 53, 51, 21, 52, 50, 21, 54, 53, 20, 52, 51, 21, 53, 50, 21, 55, 55, 20, 52, 49, 22, 53, 50, 21, 55, 55, 20, 53, 51, 21, 55, 54, 20, 56, 56, 19]
-> max_window_size = 10
ORIGINAL FILE:
-> name: /Users/pablocerve/Documents/FING/Proyecto/datasets-csv/[4]solar-anywhere/all/solar-anywhere-2013.csv
-> size (bytes): 927,368
COMPRESSED FILE:
-> name: /Users/pablocerve/Documents/FING/Proyecto/pc-tesis/dataset_parser/scripts/output/[4]solar-anywhere/ca/solar-anywhere-2013.c.cpp.csv
-> size (bytes): 276,040
-> 29.77% of original


RESULTS
--------------------------(same file!)
CoderCA
-> error_threshold = [0, 53, 51, 21, 52, 50, 21, 54, 53, 20, 52, 51, 21, 53, 50, 21, 55, 55, 20, 52, 49, 22, 53, 50, 21, 55, 55, 20, 53, 51, 21, 55, 54, 20, 56, 56, 19]
-> max_window_size = 25
ORIGINAL FILE:
-> name: /Users/pablocerve/Documents/FING/Proyecto/datasets-csv/[4]solar-anywhere/all/solar-anywhere-2013.csv
-> size (bytes): 927,368
COMPRESSED FILE:
-> name: /Users/pablocerve/Documents/FING/Proyecto/pc-tesis/dataset_parser/scripts/output/[4]solar-anywhere/ca/solar-anywhere-2013.c.cpp.csv
-> size (bytes): 272,194
-> 29.35% of original


RESULTS
--------------------------(same file!)
CoderCA
-> error_threshold = [0, 53, 51, 21, 52, 50, 21, 54, 53, 20, 52, 51, 21, 53, 50, 21, 55, 55, 20, 52, 49, 22, 53, 50, 21, 55, 55, 20, 53, 51, 21, 55, 54, 20, 56, 56, 19]
-> max_window_size = 50
ORIGINAL FILE:
-> name: /Users/pablocerve/Documents/FING/Proyecto/datasets-csv/[4]solar-anywhere/all/solar-anywhere-2013.csv
-> size (bytes): 927,368
COMPRESSED FILE:
-> name: /Users/pablocerve/Documents/FING/Proyecto/pc-tesis/dataset_parser/scripts/output/[4]solar-anywhere/ca/solar-anywhere-2013.c.cpp.csv
-> size (bytes): 289,058
-> 31.17% of original


RESULTS
--------------------------(same file!)
CoderCA
-> error_threshold = [0, 53, 51, 21, 52, 50, 21, 54, 53, 20, 52, 51, 21, 53, 50, 21, 55, 55, 20, 52, 49, 22, 53, 50, 21, 55, 55, 20, 53, 51, 21, 55, 54, 20, 56, 56, 19]
-> max_window_size = 100
ORIGINAL FILE:
-> name: /Users/pablocerve/Documents/FING/Proyecto/datasets-csv/[4]solar-anywhere/all/solar-anywhere-2013.csv
-> size (bytes): 927,368
COMPRESSED FILE:
-> name: /Users/pablocerve/Documents/FING/Proyecto/pc-tesis/dataset_parser/scripts/output/[4]solar-anywhere/ca/solar-anywhere-2013.c.cpp.csv
-> size (bytes): 306,528
-> 33.05% of original


RESULTS
--------------------------(same file!)
CoderCA
-> error_threshold = [0, 53, 51, 21, 52, 50, 21, 54, 53, 20, 52, 51, 21, 53, 50, 21, 55, 55, 20, 52, 49, 22, 53, 50, 21, 55, 55, 20, 53, 51, 21, 55, 54, 20, 56, 56, 19]
-> max_window_size = 200
ORIGINAL FILE:
-> name: /Users/pablocerve/Documents/FING/Proyecto/datasets-csv/[4]solar-anywhere/all/solar-anywhere-2013.csv
-> size (bytes): 927,368
COMPRESSED FILE:
-> name: /Users/pablocerve/Documents/FING/Proyecto/pc-tesis/dataset_parser/scripts/output/[4]solar-anywhere/ca/solar-anywhere-2013.c.cpp.csv
-> size (bytes): 324,261
-> 34.97% of original


RESULTS
--------------------------(same file!)
CoderCA
-> error_threshold = [0, 79, 77, 31, 78, 75, 32, 81, 80, 30, 78, 76, 31, 79, 75, 32, 82, 82, 30, 78, 74, 32, 79, 76, 32, 83, 83, 30, 80, 77, 32, 82, 81, 30, 84, 84, 29]
-> max_window_size = 5
ORIGINAL FILE:
-> name: /Users/pablocerve/Documents/FING/Proyecto/datasets-csv/[4]solar-anywhere/all/solar-anywhere-2013.csv
-> size (bytes): 927,368
COMPRESSED FILE:
-> name: /Users/pablocerve/Documents/FING/Proyecto/pc-tesis/dataset_parser/scripts/output/[4]solar-anywhere/ca/solar-anywhere-2013.c.cpp.csv
-> size (bytes): 273,010
-> 29.44% of original


RESULTS
--------------------------(same file!)
CoderCA
-> error_threshold = [0, 79, 77, 31, 78, 75, 32, 81, 80, 30, 78, 76, 31, 79, 75, 32, 82, 82, 30, 78, 74, 32, 79, 76, 32, 83, 83, 30, 80, 77, 32, 82, 81, 30, 84, 84, 29]
-> max_window_size = 10
ORIGINAL FILE:
-> name: /Users/pablocerve/Documents/FING/Proyecto/datasets-csv/[4]solar-anywhere/all/solar-anywhere-2013.csv
-> size (bytes): 927,368
COMPRESSED FILE:
-> name: /Users/pablocerve/Documents/FING/Proyecto/pc-tesis/dataset_parser/scripts/output/[4]solar-anywhere/ca/solar-anywhere-2013.c.cpp.csv
-> size (bytes): 251,284
-> 27.1% of original


RESULTS
--------------------------(same file!)
CoderCA
-> error_threshold = [0, 79, 77, 31, 78, 75, 32, 81, 80, 30, 78, 76, 31, 79, 75, 32, 82, 82, 30, 78, 74, 32, 79, 76, 32, 83, 83, 30, 80, 77, 32, 82, 81, 30, 84, 84, 29]
-> max_window_size = 25
ORIGINAL FILE:
-> name: /Users/pablocerve/Documents/FING/Proyecto/datasets-csv/[4]solar-anywhere/all/solar-anywhere-2013.csv
-> size (bytes): 927,368
COMPRESSED FILE:
-> name: /Users/pablocerve/Documents/FING/Proyecto/pc-tesis/dataset_parser/scripts/output/[4]solar-anywhere/ca/solar-anywhere-2013.c.cpp.csv
-> size (bytes): 247,476
-> 26.69% of original


RESULTS
--------------------------(same file!)
CoderCA
-> error_threshold = [0, 79, 77, 31, 78, 75, 32, 81, 80, 30, 78, 76, 31, 79, 75, 32, 82, 82, 30, 78, 74, 32, 79, 76, 32, 83, 83, 30, 80, 77, 32, 82, 81, 30, 84, 84, 29]
-> max_window_size = 50
ORIGINAL FILE:
-> name: /Users/pablocerve/Documents/FING/Proyecto/datasets-csv/[4]solar-anywhere/all/solar-anywhere-2013.csv
-> size (bytes): 927,368
COMPRESSED FILE:
-> name: /Users/pablocerve/Documents/FING/Proyecto/pc-tesis/dataset_parser/scripts/output/[4]solar-anywhere/ca/solar-anywhere-2013.c.cpp.csv
-> size (bytes): 262,584
-> 28.31% of original


RESULTS
--------------------------(same file!)
CoderCA
-> error_threshold = [0, 79, 77, 31, 78, 75, 32, 81, 80, 30, 78, 76, 31, 79, 75, 32, 82, 82, 30, 78, 74, 32, 79, 76, 32, 83, 83, 30, 80, 77, 32, 82, 81, 30, 84, 84, 29]
-> max_window_size = 100
ORIGINAL FILE:
-> name: /Users/pablocerve/Documents/FING/Proyecto/datasets-csv/[4]solar-anywhere/all/solar-anywhere-2013.csv
-> size (bytes): 927,368
COMPRESSED FILE:
-> name: /Users/pablocerve/Documents/FING/Proyecto/pc-tesis/dataset_parser/scripts/output/[4]solar-anywhere/ca/solar-anywhere-2013.c.cpp.csv
-> size (bytes): 278,407
-> 30.02% of original


RESULTS
--------------------------(same file!)
CoderCA
-> error_threshold = [0, 79, 77, 31, 78, 75, 32, 81, 80, 30, 78, 76, 31, 79, 75, 32, 82, 82, 30, 78, 74, 32, 79, 76, 32, 83, 83, 30, 80, 77, 32, 82, 81, 30, 84, 84, 29]
-> max_window_size = 200
ORIGINAL FILE:
-> name: /Users/pablocerve/Documents/FING/Proyecto/datasets-csv/[4]solar-anywhere/all/solar-anywhere-2013.csv
-> size (bytes): 927,368
COMPRESSED FILE:
-> name: /Users/pablocerve/Documents/FING/Proyecto/pc-tesis/dataset_parser/scripts/output/[4]solar-anywhere/ca/solar-anywhere-2013.c.cpp.csv
-> size (bytes): 294,487
-> 31.76% of original


RESULTS
--------------------------(same file!)
CoderCA
-> error_threshold = [0, 0, 0, 0, 0, 0, 0, 0, 0, 0, 0, 0, 0, 0, 0, 0, 0, 0, 0, 0, 0, 0, 0, 0, 0, 0, 0, 0, 0, 0, 0, 0, 0, 0, 0, 0, 0]
-> max_window_size = 5
ORIGINAL FILE:
-> name: /Users/pablocerve/Documents/FING/Proyecto/datasets-csv/[4]solar-anywhere/all/solar-anywhere-2014.csv
-> size (bytes): 927,651
COMPRESSED FILE:
-> name: /Users/pablocerve/Documents/FING/Proyecto/pc-tesis/dataset_parser/scripts/output/[4]solar-anywhere/ca/solar-anywhere-2014.c.cpp.csv
-> size (bytes): 389,516
-> 41.99% of original


RESULTS
--------------------------(same file!)
CoderCA
-> error_threshold = [0, 0, 0, 0, 0, 0, 0, 0, 0, 0, 0, 0, 0, 0, 0, 0, 0, 0, 0, 0, 0, 0, 0, 0, 0, 0, 0, 0, 0, 0, 0, 0, 0, 0, 0, 0, 0]
-> max_window_size = 10
ORIGINAL FILE:
-> name: /Users/pablocerve/Documents/FING/Proyecto/datasets-csv/[4]solar-anywhere/all/solar-anywhere-2014.csv
-> size (bytes): 927,651
COMPRESSED FILE:
-> name: /Users/pablocerve/Documents/FING/Proyecto/pc-tesis/dataset_parser/scripts/output/[4]solar-anywhere/ca/solar-anywhere-2014.c.cpp.csv
-> size (bytes): 374,643
-> 40.39% of original


RESULTS
--------------------------(same file!)
CoderCA
-> error_threshold = [0, 0, 0, 0, 0, 0, 0, 0, 0, 0, 0, 0, 0, 0, 0, 0, 0, 0, 0, 0, 0, 0, 0, 0, 0, 0, 0, 0, 0, 0, 0, 0, 0, 0, 0, 0, 0]
-> max_window_size = 25
ORIGINAL FILE:
-> name: /Users/pablocerve/Documents/FING/Proyecto/datasets-csv/[4]solar-anywhere/all/solar-anywhere-2014.csv
-> size (bytes): 927,651
COMPRESSED FILE:
-> name: /Users/pablocerve/Documents/FING/Proyecto/pc-tesis/dataset_parser/scripts/output/[4]solar-anywhere/ca/solar-anywhere-2014.c.cpp.csv
-> size (bytes): 391,697
-> 42.22% of original


RESULTS
--------------------------(same file!)
CoderCA
-> error_threshold = [0, 0, 0, 0, 0, 0, 0, 0, 0, 0, 0, 0, 0, 0, 0, 0, 0, 0, 0, 0, 0, 0, 0, 0, 0, 0, 0, 0, 0, 0, 0, 0, 0, 0, 0, 0, 0]
-> max_window_size = 50
ORIGINAL FILE:
-> name: /Users/pablocerve/Documents/FING/Proyecto/datasets-csv/[4]solar-anywhere/all/solar-anywhere-2014.csv
-> size (bytes): 927,651
COMPRESSED FILE:
-> name: /Users/pablocerve/Documents/FING/Proyecto/pc-tesis/dataset_parser/scripts/output/[4]solar-anywhere/ca/solar-anywhere-2014.c.cpp.csv
-> size (bytes): 416,736
-> 44.92% of original


RESULTS
--------------------------(same file!)
CoderCA
-> error_threshold = [0, 0, 0, 0, 0, 0, 0, 0, 0, 0, 0, 0, 0, 0, 0, 0, 0, 0, 0, 0, 0, 0, 0, 0, 0, 0, 0, 0, 0, 0, 0, 0, 0, 0, 0, 0, 0]
-> max_window_size = 100
ORIGINAL FILE:
-> name: /Users/pablocerve/Documents/FING/Proyecto/datasets-csv/[4]solar-anywhere/all/solar-anywhere-2014.csv
-> size (bytes): 927,651
COMPRESSED FILE:
-> name: /Users/pablocerve/Documents/FING/Proyecto/pc-tesis/dataset_parser/scripts/output/[4]solar-anywhere/ca/solar-anywhere-2014.c.cpp.csv
-> size (bytes): 442,232
-> 47.67% of original


RESULTS
--------------------------(same file!)
CoderCA
-> error_threshold = [0, 0, 0, 0, 0, 0, 0, 0, 0, 0, 0, 0, 0, 0, 0, 0, 0, 0, 0, 0, 0, 0, 0, 0, 0, 0, 0, 0, 0, 0, 0, 0, 0, 0, 0, 0, 0]
-> max_window_size = 200
ORIGINAL FILE:
-> name: /Users/pablocerve/Documents/FING/Proyecto/datasets-csv/[4]solar-anywhere/all/solar-anywhere-2014.csv
-> size (bytes): 927,651
COMPRESSED FILE:
-> name: /Users/pablocerve/Documents/FING/Proyecto/pc-tesis/dataset_parser/scripts/output/[4]solar-anywhere/ca/solar-anywhere-2014.c.cpp.csv
-> size (bytes): 467,948
-> 50.44% of original


RESULTS
--------------------------(same file!)
CoderCA
-> error_threshold = [0, 8, 8, 3, 8, 8, 3, 8, 8, 3, 8, 8, 3, 8, 8, 3, 8, 9, 3, 8, 8, 3, 8, 8, 3, 8, 9, 3, 8, 8, 3, 9, 9, 3, 9, 9, 3]
-> max_window_size = 5
ORIGINAL FILE:
-> name: /Users/pablocerve/Documents/FING/Proyecto/datasets-csv/[4]solar-anywhere/all/solar-anywhere-2014.csv
-> size (bytes): 927,651
COMPRESSED FILE:
-> name: /Users/pablocerve/Documents/FING/Proyecto/pc-tesis/dataset_parser/scripts/output/[4]solar-anywhere/ca/solar-anywhere-2014.c.cpp.csv
-> size (bytes): 355,245
-> 38.3% of original


RESULTS
--------------------------(same file!)
CoderCA
-> error_threshold = [0, 8, 8, 3, 8, 8, 3, 8, 8, 3, 8, 8, 3, 8, 8, 3, 8, 9, 3, 8, 8, 3, 8, 8, 3, 8, 9, 3, 8, 8, 3, 9, 9, 3, 9, 9, 3]
-> max_window_size = 10
ORIGINAL FILE:
-> name: /Users/pablocerve/Documents/FING/Proyecto/datasets-csv/[4]solar-anywhere/all/solar-anywhere-2014.csv
-> size (bytes): 927,651
COMPRESSED FILE:
-> name: /Users/pablocerve/Documents/FING/Proyecto/pc-tesis/dataset_parser/scripts/output/[4]solar-anywhere/ca/solar-anywhere-2014.c.cpp.csv
-> size (bytes): 341,575
-> 36.82% of original


RESULTS
--------------------------(same file!)
CoderCA
-> error_threshold = [0, 8, 8, 3, 8, 8, 3, 8, 8, 3, 8, 8, 3, 8, 8, 3, 8, 9, 3, 8, 8, 3, 8, 8, 3, 8, 9, 3, 8, 8, 3, 9, 9, 3, 9, 9, 3]
-> max_window_size = 25
ORIGINAL FILE:
-> name: /Users/pablocerve/Documents/FING/Proyecto/datasets-csv/[4]solar-anywhere/all/solar-anywhere-2014.csv
-> size (bytes): 927,651
COMPRESSED FILE:
-> name: /Users/pablocerve/Documents/FING/Proyecto/pc-tesis/dataset_parser/scripts/output/[4]solar-anywhere/ca/solar-anywhere-2014.c.cpp.csv
-> size (bytes): 350,098
-> 37.74% of original


RESULTS
--------------------------(same file!)
CoderCA
-> error_threshold = [0, 8, 8, 3, 8, 8, 3, 8, 8, 3, 8, 8, 3, 8, 8, 3, 8, 9, 3, 8, 8, 3, 8, 8, 3, 8, 9, 3, 8, 8, 3, 9, 9, 3, 9, 9, 3]
-> max_window_size = 50
ORIGINAL FILE:
-> name: /Users/pablocerve/Documents/FING/Proyecto/datasets-csv/[4]solar-anywhere/all/solar-anywhere-2014.csv
-> size (bytes): 927,651
COMPRESSED FILE:
-> name: /Users/pablocerve/Documents/FING/Proyecto/pc-tesis/dataset_parser/scripts/output/[4]solar-anywhere/ca/solar-anywhere-2014.c.cpp.csv
-> size (bytes): 372,308
-> 40.13% of original


RESULTS
--------------------------(same file!)
CoderCA
-> error_threshold = [0, 8, 8, 3, 8, 8, 3, 8, 8, 3, 8, 8, 3, 8, 8, 3, 8, 9, 3, 8, 8, 3, 8, 8, 3, 8, 9, 3, 8, 8, 3, 9, 9, 3, 9, 9, 3]
-> max_window_size = 100
ORIGINAL FILE:
-> name: /Users/pablocerve/Documents/FING/Proyecto/datasets-csv/[4]solar-anywhere/all/solar-anywhere-2014.csv
-> size (bytes): 927,651
COMPRESSED FILE:
-> name: /Users/pablocerve/Documents/FING/Proyecto/pc-tesis/dataset_parser/scripts/output/[4]solar-anywhere/ca/solar-anywhere-2014.c.cpp.csv
-> size (bytes): 395,027
-> 42.58% of original


RESULTS
--------------------------(same file!)
CoderCA
-> error_threshold = [0, 8, 8, 3, 8, 8, 3, 8, 8, 3, 8, 8, 3, 8, 8, 3, 8, 9, 3, 8, 8, 3, 8, 8, 3, 8, 9, 3, 8, 8, 3, 9, 9, 3, 9, 9, 3]
-> max_window_size = 200
ORIGINAL FILE:
-> name: /Users/pablocerve/Documents/FING/Proyecto/datasets-csv/[4]solar-anywhere/all/solar-anywhere-2014.csv
-> size (bytes): 927,651
COMPRESSED FILE:
-> name: /Users/pablocerve/Documents/FING/Proyecto/pc-tesis/dataset_parser/scripts/output/[4]solar-anywhere/ca/solar-anywhere-2014.c.cpp.csv
-> size (bytes): 417,967
-> 45.06% of original


RESULTS
--------------------------(same file!)
CoderCA
-> error_threshold = [0, 13, 14, 5, 13, 13, 5, 14, 14, 5, 13, 13, 5, 13, 13, 5, 14, 14, 5, 13, 13, 5, 13, 13, 5, 14, 14, 5, 14, 13, 5, 14, 14, 5, 14, 15, 5]
-> max_window_size = 5
ORIGINAL FILE:
-> name: /Users/pablocerve/Documents/FING/Proyecto/datasets-csv/[4]solar-anywhere/all/solar-anywhere-2014.csv
-> size (bytes): 927,651
COMPRESSED FILE:
-> name: /Users/pablocerve/Documents/FING/Proyecto/pc-tesis/dataset_parser/scripts/output/[4]solar-anywhere/ca/solar-anywhere-2014.c.cpp.csv
-> size (bytes): 344,159
-> 37.1% of original


RESULTS
--------------------------(same file!)
CoderCA
-> error_threshold = [0, 13, 14, 5, 13, 13, 5, 14, 14, 5, 13, 13, 5, 13, 13, 5, 14, 14, 5, 13, 13, 5, 13, 13, 5, 14, 14, 5, 14, 13, 5, 14, 14, 5, 14, 15, 5]
-> max_window_size = 10
ORIGINAL FILE:
-> name: /Users/pablocerve/Documents/FING/Proyecto/datasets-csv/[4]solar-anywhere/all/solar-anywhere-2014.csv
-> size (bytes): 927,651
COMPRESSED FILE:
-> name: /Users/pablocerve/Documents/FING/Proyecto/pc-tesis/dataset_parser/scripts/output/[4]solar-anywhere/ca/solar-anywhere-2014.c.cpp.csv
-> size (bytes): 330,134
-> 35.59% of original


RESULTS
--------------------------(same file!)
CoderCA
-> error_threshold = [0, 13, 14, 5, 13, 13, 5, 14, 14, 5, 13, 13, 5, 13, 13, 5, 14, 14, 5, 13, 13, 5, 13, 13, 5, 14, 14, 5, 14, 13, 5, 14, 14, 5, 14, 15, 5]
-> max_window_size = 25
ORIGINAL FILE:
-> name: /Users/pablocerve/Documents/FING/Proyecto/datasets-csv/[4]solar-anywhere/all/solar-anywhere-2014.csv
-> size (bytes): 927,651
COMPRESSED FILE:
-> name: /Users/pablocerve/Documents/FING/Proyecto/pc-tesis/dataset_parser/scripts/output/[4]solar-anywhere/ca/solar-anywhere-2014.c.cpp.csv
-> size (bytes): 335,740
-> 36.19% of original


RESULTS
--------------------------(same file!)
CoderCA
-> error_threshold = [0, 13, 14, 5, 13, 13, 5, 14, 14, 5, 13, 13, 5, 13, 13, 5, 14, 14, 5, 13, 13, 5, 13, 13, 5, 14, 14, 5, 14, 13, 5, 14, 14, 5, 14, 15, 5]
-> max_window_size = 50
ORIGINAL FILE:
-> name: /Users/pablocerve/Documents/FING/Proyecto/datasets-csv/[4]solar-anywhere/all/solar-anywhere-2014.csv
-> size (bytes): 927,651
COMPRESSED FILE:
-> name: /Users/pablocerve/Documents/FING/Proyecto/pc-tesis/dataset_parser/scripts/output/[4]solar-anywhere/ca/solar-anywhere-2014.c.cpp.csv
-> size (bytes): 356,976
-> 38.48% of original


RESULTS
--------------------------(same file!)
CoderCA
-> error_threshold = [0, 13, 14, 5, 13, 13, 5, 14, 14, 5, 13, 13, 5, 13, 13, 5, 14, 14, 5, 13, 13, 5, 13, 13, 5, 14, 14, 5, 14, 13, 5, 14, 14, 5, 14, 15, 5]
-> max_window_size = 100
ORIGINAL FILE:
-> name: /Users/pablocerve/Documents/FING/Proyecto/datasets-csv/[4]solar-anywhere/all/solar-anywhere-2014.csv
-> size (bytes): 927,651
COMPRESSED FILE:
-> name: /Users/pablocerve/Documents/FING/Proyecto/pc-tesis/dataset_parser/scripts/output/[4]solar-anywhere/ca/solar-anywhere-2014.c.cpp.csv
-> size (bytes): 378,733
-> 40.83% of original


RESULTS
--------------------------(same file!)
CoderCA
-> error_threshold = [0, 13, 14, 5, 13, 13, 5, 14, 14, 5, 13, 13, 5, 13, 13, 5, 14, 14, 5, 13, 13, 5, 13, 13, 5, 14, 14, 5, 14, 13, 5, 14, 14, 5, 14, 15, 5]
-> max_window_size = 200
ORIGINAL FILE:
-> name: /Users/pablocerve/Documents/FING/Proyecto/datasets-csv/[4]solar-anywhere/all/solar-anywhere-2014.csv
-> size (bytes): 927,651
COMPRESSED FILE:
-> name: /Users/pablocerve/Documents/FING/Proyecto/pc-tesis/dataset_parser/scripts/output/[4]solar-anywhere/ca/solar-anywhere-2014.c.cpp.csv
-> size (bytes): 400,714
-> 43.2% of original


RESULTS
--------------------------(same file!)
CoderCA
-> error_threshold = [0, 27, 27, 10, 27, 27, 10, 28, 28, 10, 27, 27, 10, 27, 27, 10, 28, 28, 10, 27, 26, 10, 27, 27, 10, 28, 29, 10, 27, 27, 10, 28, 28, 10, 29, 29, 9]
-> max_window_size = 5
ORIGINAL FILE:
-> name: /Users/pablocerve/Documents/FING/Proyecto/datasets-csv/[4]solar-anywhere/all/solar-anywhere-2014.csv
-> size (bytes): 927,651
COMPRESSED FILE:
-> name: /Users/pablocerve/Documents/FING/Proyecto/pc-tesis/dataset_parser/scripts/output/[4]solar-anywhere/ca/solar-anywhere-2014.c.cpp.csv
-> size (bytes): 322,300
-> 34.74% of original


RESULTS
--------------------------(same file!)
CoderCA
-> error_threshold = [0, 27, 27, 10, 27, 27, 10, 28, 28, 10, 27, 27, 10, 27, 27, 10, 28, 28, 10, 27, 26, 10, 27, 27, 10, 28, 29, 10, 27, 27, 10, 28, 28, 10, 29, 29, 9]
-> max_window_size = 10
ORIGINAL FILE:
-> name: /Users/pablocerve/Documents/FING/Proyecto/datasets-csv/[4]solar-anywhere/all/solar-anywhere-2014.csv
-> size (bytes): 927,651
COMPRESSED FILE:
-> name: /Users/pablocerve/Documents/FING/Proyecto/pc-tesis/dataset_parser/scripts/output/[4]solar-anywhere/ca/solar-anywhere-2014.c.cpp.csv
-> size (bytes): 306,141
-> 33.0% of original


RESULTS
--------------------------(same file!)
CoderCA
-> error_threshold = [0, 27, 27, 10, 27, 27, 10, 28, 28, 10, 27, 27, 10, 27, 27, 10, 28, 28, 10, 27, 26, 10, 27, 27, 10, 28, 29, 10, 27, 27, 10, 28, 28, 10, 29, 29, 9]
-> max_window_size = 25
ORIGINAL FILE:
-> name: /Users/pablocerve/Documents/FING/Proyecto/datasets-csv/[4]solar-anywhere/all/solar-anywhere-2014.csv
-> size (bytes): 927,651
COMPRESSED FILE:
-> name: /Users/pablocerve/Documents/FING/Proyecto/pc-tesis/dataset_parser/scripts/output/[4]solar-anywhere/ca/solar-anywhere-2014.c.cpp.csv
-> size (bytes): 305,389
-> 32.92% of original


RESULTS
--------------------------(same file!)
CoderCA
-> error_threshold = [0, 27, 27, 10, 27, 27, 10, 28, 28, 10, 27, 27, 10, 27, 27, 10, 28, 28, 10, 27, 26, 10, 27, 27, 10, 28, 29, 10, 27, 27, 10, 28, 28, 10, 29, 29, 9]
-> max_window_size = 50
ORIGINAL FILE:
-> name: /Users/pablocerve/Documents/FING/Proyecto/datasets-csv/[4]solar-anywhere/all/solar-anywhere-2014.csv
-> size (bytes): 927,651
COMPRESSED FILE:
-> name: /Users/pablocerve/Documents/FING/Proyecto/pc-tesis/dataset_parser/scripts/output/[4]solar-anywhere/ca/solar-anywhere-2014.c.cpp.csv
-> size (bytes): 324,526
-> 34.98% of original


RESULTS
--------------------------(same file!)
CoderCA
-> error_threshold = [0, 27, 27, 10, 27, 27, 10, 28, 28, 10, 27, 27, 10, 27, 27, 10, 28, 28, 10, 27, 26, 10, 27, 27, 10, 28, 29, 10, 27, 27, 10, 28, 28, 10, 29, 29, 9]
-> max_window_size = 100
ORIGINAL FILE:
-> name: /Users/pablocerve/Documents/FING/Proyecto/datasets-csv/[4]solar-anywhere/all/solar-anywhere-2014.csv
-> size (bytes): 927,651
COMPRESSED FILE:
-> name: /Users/pablocerve/Documents/FING/Proyecto/pc-tesis/dataset_parser/scripts/output/[4]solar-anywhere/ca/solar-anywhere-2014.c.cpp.csv
-> size (bytes): 344,255
-> 37.11% of original


RESULTS
--------------------------(same file!)
CoderCA
-> error_threshold = [0, 27, 27, 10, 27, 27, 10, 28, 28, 10, 27, 27, 10, 27, 27, 10, 28, 28, 10, 27, 26, 10, 27, 27, 10, 28, 29, 10, 27, 27, 10, 28, 28, 10, 29, 29, 9]
-> max_window_size = 200
ORIGINAL FILE:
-> name: /Users/pablocerve/Documents/FING/Proyecto/datasets-csv/[4]solar-anywhere/all/solar-anywhere-2014.csv
-> size (bytes): 927,651
COMPRESSED FILE:
-> name: /Users/pablocerve/Documents/FING/Proyecto/pc-tesis/dataset_parser/scripts/output/[4]solar-anywhere/ca/solar-anywhere-2014.c.cpp.csv
-> size (bytes): 364,208
-> 39.26% of original


RESULTS
--------------------------(same file!)
CoderCA
-> error_threshold = [0, 40, 41, 15, 40, 40, 15, 42, 42, 14, 40, 40, 15, 40, 40, 15, 42, 43, 14, 40, 39, 16, 40, 40, 16, 42, 43, 14, 41, 40, 15, 43, 43, 15, 43, 44, 14]
-> max_window_size = 5
ORIGINAL FILE:
-> name: /Users/pablocerve/Documents/FING/Proyecto/datasets-csv/[4]solar-anywhere/all/solar-anywhere-2014.csv
-> size (bytes): 927,651
COMPRESSED FILE:
-> name: /Users/pablocerve/Documents/FING/Proyecto/pc-tesis/dataset_parser/scripts/output/[4]solar-anywhere/ca/solar-anywhere-2014.c.cpp.csv
-> size (bytes): 305,626
-> 32.95% of original


RESULTS
--------------------------(same file!)
CoderCA
-> error_threshold = [0, 40, 41, 15, 40, 40, 15, 42, 42, 14, 40, 40, 15, 40, 40, 15, 42, 43, 14, 40, 39, 16, 40, 40, 16, 42, 43, 14, 41, 40, 15, 43, 43, 15, 43, 44, 14]
-> max_window_size = 10
ORIGINAL FILE:
-> name: /Users/pablocerve/Documents/FING/Proyecto/datasets-csv/[4]solar-anywhere/all/solar-anywhere-2014.csv
-> size (bytes): 927,651
COMPRESSED FILE:
-> name: /Users/pablocerve/Documents/FING/Proyecto/pc-tesis/dataset_parser/scripts/output/[4]solar-anywhere/ca/solar-anywhere-2014.c.cpp.csv
-> size (bytes): 287,549
-> 31.0% of original


RESULTS
--------------------------(same file!)
CoderCA
-> error_threshold = [0, 40, 41, 15, 40, 40, 15, 42, 42, 14, 40, 40, 15, 40, 40, 15, 42, 43, 14, 40, 39, 16, 40, 40, 16, 42, 43, 14, 41, 40, 15, 43, 43, 15, 43, 44, 14]
-> max_window_size = 25
ORIGINAL FILE:
-> name: /Users/pablocerve/Documents/FING/Proyecto/datasets-csv/[4]solar-anywhere/all/solar-anywhere-2014.csv
-> size (bytes): 927,651
COMPRESSED FILE:
-> name: /Users/pablocerve/Documents/FING/Proyecto/pc-tesis/dataset_parser/scripts/output/[4]solar-anywhere/ca/solar-anywhere-2014.c.cpp.csv
-> size (bytes): 284,616
-> 30.68% of original


RESULTS
--------------------------(same file!)
CoderCA
-> error_threshold = [0, 40, 41, 15, 40, 40, 15, 42, 42, 14, 40, 40, 15, 40, 40, 15, 42, 43, 14, 40, 39, 16, 40, 40, 16, 42, 43, 14, 41, 40, 15, 43, 43, 15, 43, 44, 14]
-> max_window_size = 50
ORIGINAL FILE:
-> name: /Users/pablocerve/Documents/FING/Proyecto/datasets-csv/[4]solar-anywhere/all/solar-anywhere-2014.csv
-> size (bytes): 927,651
COMPRESSED FILE:
-> name: /Users/pablocerve/Documents/FING/Proyecto/pc-tesis/dataset_parser/scripts/output/[4]solar-anywhere/ca/solar-anywhere-2014.c.cpp.csv
-> size (bytes): 302,288
-> 32.59% of original


RESULTS
--------------------------(same file!)
CoderCA
-> error_threshold = [0, 40, 41, 15, 40, 40, 15, 42, 42, 14, 40, 40, 15, 40, 40, 15, 42, 43, 14, 40, 39, 16, 40, 40, 16, 42, 43, 14, 41, 40, 15, 43, 43, 15, 43, 44, 14]
-> max_window_size = 100
ORIGINAL FILE:
-> name: /Users/pablocerve/Documents/FING/Proyecto/datasets-csv/[4]solar-anywhere/all/solar-anywhere-2014.csv
-> size (bytes): 927,651
COMPRESSED FILE:
-> name: /Users/pablocerve/Documents/FING/Proyecto/pc-tesis/dataset_parser/scripts/output/[4]solar-anywhere/ca/solar-anywhere-2014.c.cpp.csv
-> size (bytes): 320,623
-> 34.56% of original


RESULTS
--------------------------(same file!)
CoderCA
-> error_threshold = [0, 40, 41, 15, 40, 40, 15, 42, 42, 14, 40, 40, 15, 40, 40, 15, 42, 43, 14, 40, 39, 16, 40, 40, 16, 42, 43, 14, 41, 40, 15, 43, 43, 15, 43, 44, 14]
-> max_window_size = 200
ORIGINAL FILE:
-> name: /Users/pablocerve/Documents/FING/Proyecto/datasets-csv/[4]solar-anywhere/all/solar-anywhere-2014.csv
-> size (bytes): 927,651
COMPRESSED FILE:
-> name: /Users/pablocerve/Documents/FING/Proyecto/pc-tesis/dataset_parser/scripts/output/[4]solar-anywhere/ca/solar-anywhere-2014.c.cpp.csv
-> size (bytes): 339,185
-> 36.56% of original


RESULTS
--------------------------(same file!)
CoderCA
-> error_threshold = [0, 54, 54, 20, 54, 53, 20, 56, 56, 19, 54, 53, 21, 54, 53, 20, 56, 57, 19, 53, 52, 21, 54, 53, 21, 57, 58, 19, 54, 54, 21, 57, 57, 20, 57, 58, 19]
-> max_window_size = 5
ORIGINAL FILE:
-> name: /Users/pablocerve/Documents/FING/Proyecto/datasets-csv/[4]solar-anywhere/all/solar-anywhere-2014.csv
-> size (bytes): 927,651
COMPRESSED FILE:
-> name: /Users/pablocerve/Documents/FING/Proyecto/pc-tesis/dataset_parser/scripts/output/[4]solar-anywhere/ca/solar-anywhere-2014.c.cpp.csv
-> size (bytes): 291,716
-> 31.45% of original


RESULTS
--------------------------(same file!)
CoderCA
-> error_threshold = [0, 54, 54, 20, 54, 53, 20, 56, 56, 19, 54, 53, 21, 54, 53, 20, 56, 57, 19, 53, 52, 21, 54, 53, 21, 57, 58, 19, 54, 54, 21, 57, 57, 20, 57, 58, 19]
-> max_window_size = 10
ORIGINAL FILE:
-> name: /Users/pablocerve/Documents/FING/Proyecto/datasets-csv/[4]solar-anywhere/all/solar-anywhere-2014.csv
-> size (bytes): 927,651
COMPRESSED FILE:
-> name: /Users/pablocerve/Documents/FING/Proyecto/pc-tesis/dataset_parser/scripts/output/[4]solar-anywhere/ca/solar-anywhere-2014.c.cpp.csv
-> size (bytes): 272,190
-> 29.34% of original


RESULTS
--------------------------(same file!)
CoderCA
-> error_threshold = [0, 54, 54, 20, 54, 53, 20, 56, 56, 19, 54, 53, 21, 54, 53, 20, 56, 57, 19, 53, 52, 21, 54, 53, 21, 57, 58, 19, 54, 54, 21, 57, 57, 20, 57, 58, 19]
-> max_window_size = 25
ORIGINAL FILE:
-> name: /Users/pablocerve/Documents/FING/Proyecto/datasets-csv/[4]solar-anywhere/all/solar-anywhere-2014.csv
-> size (bytes): 927,651
COMPRESSED FILE:
-> name: /Users/pablocerve/Documents/FING/Proyecto/pc-tesis/dataset_parser/scripts/output/[4]solar-anywhere/ca/solar-anywhere-2014.c.cpp.csv
-> size (bytes): 268,397
-> 28.93% of original


RESULTS
--------------------------(same file!)
CoderCA
-> error_threshold = [0, 54, 54, 20, 54, 53, 20, 56, 56, 19, 54, 53, 21, 54, 53, 20, 56, 57, 19, 53, 52, 21, 54, 53, 21, 57, 58, 19, 54, 54, 21, 57, 57, 20, 57, 58, 19]
-> max_window_size = 50
ORIGINAL FILE:
-> name: /Users/pablocerve/Documents/FING/Proyecto/datasets-csv/[4]solar-anywhere/all/solar-anywhere-2014.csv
-> size (bytes): 927,651
COMPRESSED FILE:
-> name: /Users/pablocerve/Documents/FING/Proyecto/pc-tesis/dataset_parser/scripts/output/[4]solar-anywhere/ca/solar-anywhere-2014.c.cpp.csv
-> size (bytes): 284,940
-> 30.72% of original


RESULTS
--------------------------(same file!)
CoderCA
-> error_threshold = [0, 54, 54, 20, 54, 53, 20, 56, 56, 19, 54, 53, 21, 54, 53, 20, 56, 57, 19, 53, 52, 21, 54, 53, 21, 57, 58, 19, 54, 54, 21, 57, 57, 20, 57, 58, 19]
-> max_window_size = 100
ORIGINAL FILE:
-> name: /Users/pablocerve/Documents/FING/Proyecto/datasets-csv/[4]solar-anywhere/all/solar-anywhere-2014.csv
-> size (bytes): 927,651
COMPRESSED FILE:
-> name: /Users/pablocerve/Documents/FING/Proyecto/pc-tesis/dataset_parser/scripts/output/[4]solar-anywhere/ca/solar-anywhere-2014.c.cpp.csv
-> size (bytes): 302,165
-> 32.57% of original


RESULTS
--------------------------(same file!)
CoderCA
-> error_threshold = [0, 54, 54, 20, 54, 53, 20, 56, 56, 19, 54, 53, 21, 54, 53, 20, 56, 57, 19, 53, 52, 21, 54, 53, 21, 57, 58, 19, 54, 54, 21, 57, 57, 20, 57, 58, 19]
-> max_window_size = 200
ORIGINAL FILE:
-> name: /Users/pablocerve/Documents/FING/Proyecto/datasets-csv/[4]solar-anywhere/all/solar-anywhere-2014.csv
-> size (bytes): 927,651
COMPRESSED FILE:
-> name: /Users/pablocerve/Documents/FING/Proyecto/pc-tesis/dataset_parser/scripts/output/[4]solar-anywhere/ca/solar-anywhere-2014.c.cpp.csv
-> size (bytes): 319,642
-> 34.46% of original


RESULTS
--------------------------(same file!)
CoderCA
-> error_threshold = [0, 81, 81, 30, 81, 80, 31, 84, 84, 29, 81, 80, 31, 80, 80, 31, 85, 85, 29, 80, 78, 31, 81, 80, 31, 85, 87, 29, 81, 80, 31, 85, 85, 29, 86, 87, 28]
-> max_window_size = 5
ORIGINAL FILE:
-> name: /Users/pablocerve/Documents/FING/Proyecto/datasets-csv/[4]solar-anywhere/all/solar-anywhere-2014.csv
-> size (bytes): 927,651
COMPRESSED FILE:
-> name: /Users/pablocerve/Documents/FING/Proyecto/pc-tesis/dataset_parser/scripts/output/[4]solar-anywhere/ca/solar-anywhere-2014.c.cpp.csv
-> size (bytes): 269,991
-> 29.1% of original


RESULTS
--------------------------(same file!)
CoderCA
-> error_threshold = [0, 81, 81, 30, 81, 80, 31, 84, 84, 29, 81, 80, 31, 80, 80, 31, 85, 85, 29, 80, 78, 31, 81, 80, 31, 85, 87, 29, 81, 80, 31, 85, 85, 29, 86, 87, 28]
-> max_window_size = 10
ORIGINAL FILE:
-> name: /Users/pablocerve/Documents/FING/Proyecto/datasets-csv/[4]solar-anywhere/all/solar-anywhere-2014.csv
-> size (bytes): 927,651
COMPRESSED FILE:
-> name: /Users/pablocerve/Documents/FING/Proyecto/pc-tesis/dataset_parser/scripts/output/[4]solar-anywhere/ca/solar-anywhere-2014.c.cpp.csv
-> size (bytes): 247,252
-> 26.65% of original


RESULTS
--------------------------(same file!)
CoderCA
-> error_threshold = [0, 81, 81, 30, 81, 80, 31, 84, 84, 29, 81, 80, 31, 80, 80, 31, 85, 85, 29, 80, 78, 31, 81, 80, 31, 85, 87, 29, 81, 80, 31, 85, 85, 29, 86, 87, 28]
-> max_window_size = 25
ORIGINAL FILE:
-> name: /Users/pablocerve/Documents/FING/Proyecto/datasets-csv/[4]solar-anywhere/all/solar-anywhere-2014.csv
-> size (bytes): 927,651
COMPRESSED FILE:
-> name: /Users/pablocerve/Documents/FING/Proyecto/pc-tesis/dataset_parser/scripts/output/[4]solar-anywhere/ca/solar-anywhere-2014.c.cpp.csv
-> size (bytes): 243,460
-> 26.24% of original


RESULTS
--------------------------(same file!)
CoderCA
-> error_threshold = [0, 81, 81, 30, 81, 80, 31, 84, 84, 29, 81, 80, 31, 80, 80, 31, 85, 85, 29, 80, 78, 31, 81, 80, 31, 85, 87, 29, 81, 80, 31, 85, 85, 29, 86, 87, 28]
-> max_window_size = 50
ORIGINAL FILE:
-> name: /Users/pablocerve/Documents/FING/Proyecto/datasets-csv/[4]solar-anywhere/all/solar-anywhere-2014.csv
-> size (bytes): 927,651
COMPRESSED FILE:
-> name: /Users/pablocerve/Documents/FING/Proyecto/pc-tesis/dataset_parser/scripts/output/[4]solar-anywhere/ca/solar-anywhere-2014.c.cpp.csv
-> size (bytes): 258,276
-> 27.84% of original


RESULTS
--------------------------(same file!)
CoderCA
-> error_threshold = [0, 81, 81, 30, 81, 80, 31, 84, 84, 29, 81, 80, 31, 80, 80, 31, 85, 85, 29, 80, 78, 31, 81, 80, 31, 85, 87, 29, 81, 80, 31, 85, 85, 29, 86, 87, 28]
-> max_window_size = 100
ORIGINAL FILE:
-> name: /Users/pablocerve/Documents/FING/Proyecto/datasets-csv/[4]solar-anywhere/all/solar-anywhere-2014.csv
-> size (bytes): 927,651
COMPRESSED FILE:
-> name: /Users/pablocerve/Documents/FING/Proyecto/pc-tesis/dataset_parser/scripts/output/[4]solar-anywhere/ca/solar-anywhere-2014.c.cpp.csv
-> size (bytes): 273,788
-> 29.51% of original


RESULTS
--------------------------(same file!)
CoderCA
-> error_threshold = [0, 81, 81, 30, 81, 80, 31, 84, 84, 29, 81, 80, 31, 80, 80, 31, 85, 85, 29, 80, 78, 31, 81, 80, 31, 85, 87, 29, 81, 80, 31, 85, 85, 29, 86, 87, 28]
-> max_window_size = 200
ORIGINAL FILE:
-> name: /Users/pablocerve/Documents/FING/Proyecto/datasets-csv/[4]solar-anywhere/all/solar-anywhere-2014.csv
-> size (bytes): 927,651
COMPRESSED FILE:
-> name: /Users/pablocerve/Documents/FING/Proyecto/pc-tesis/dataset_parser/scripts/output/[4]solar-anywhere/ca/solar-anywhere-2014.c.cpp.csv
-> size (bytes): 289,595
-> 31.22% of original

