
RESULTS
--------------------------(same file!)
CoderBasic
ORIGINAL FILE:
-> name: /home/pablo/Documents/FING/Proyecto/datasets-csv/[6]noaa-spc-reports/tornado/noaa_spc-tornado.csv
-> size (bytes): 58,251
COMPRESSED FILE:
-> name: /home/pablo/Documents/FING/Proyecto/pc-tesis/dataset_parser/scripts/compress/output/[6]noaa-spc-reports/basic/noaa_spc-tornado.c.cpp.csv
-> size (bytes): 20,195
-> 34.67% of original


RESULTS
--------------------------(same file!)
CoderPCA
ORIGINAL FILE:
-> name: /home/pablo/Documents/FING/Proyecto/datasets-csv/[6]noaa-spc-reports/tornado/noaa_spc-tornado.csv
-> size (bytes): 58,251
COMPRESSED FILE:
-> name: /home/pablo/Documents/FING/Proyecto/pc-tesis/dataset_parser/scripts/compress/output/[6]noaa-spc-reports/pca/noaa_spc-tornado.c.cpp.csv
-> size (bytes): 20,387
-> 35.0% of original


RESULTS
--------------------------(same file!)
CoderPCA
ORIGINAL FILE:
-> name: /home/pablo/Documents/FING/Proyecto/datasets-csv/[6]noaa-spc-reports/tornado/noaa_spc-tornado.csv
-> size (bytes): 58,251
COMPRESSED FILE:
-> name: /home/pablo/Documents/FING/Proyecto/pc-tesis/dataset_parser/scripts/compress/output/[6]noaa-spc-reports/pca/noaa_spc-tornado.c.cpp.csv
-> size (bytes): 20,291
-> 34.83% of original


RESULTS
--------------------------(same file!)
CoderPCA
ORIGINAL FILE:
-> name: /home/pablo/Documents/FING/Proyecto/datasets-csv/[6]noaa-spc-reports/tornado/noaa_spc-tornado.csv
-> size (bytes): 58,251
COMPRESSED FILE:
-> name: /home/pablo/Documents/FING/Proyecto/pc-tesis/dataset_parser/scripts/compress/output/[6]noaa-spc-reports/pca/noaa_spc-tornado.c.cpp.csv
-> size (bytes): 20,234
-> 34.74% of original


RESULTS
--------------------------(same file!)
CoderPCA
ORIGINAL FILE:
-> name: /home/pablo/Documents/FING/Proyecto/datasets-csv/[6]noaa-spc-reports/tornado/noaa_spc-tornado.csv
-> size (bytes): 58,251
COMPRESSED FILE:
-> name: /home/pablo/Documents/FING/Proyecto/pc-tesis/dataset_parser/scripts/compress/output/[6]noaa-spc-reports/pca/noaa_spc-tornado.c.cpp.csv
-> size (bytes): 20,214
-> 34.7% of original


RESULTS
--------------------------(same file!)
CoderPCA
ORIGINAL FILE:
-> name: /home/pablo/Documents/FING/Proyecto/datasets-csv/[6]noaa-spc-reports/tornado/noaa_spc-tornado.csv
-> size (bytes): 58,251
COMPRESSED FILE:
-> name: /home/pablo/Documents/FING/Proyecto/pc-tesis/dataset_parser/scripts/compress/output/[6]noaa-spc-reports/pca/noaa_spc-tornado.c.cpp.csv
-> size (bytes): 20,205
-> 34.69% of original


RESULTS
--------------------------(same file!)
CoderPCA
ORIGINAL FILE:
-> name: /home/pablo/Documents/FING/Proyecto/datasets-csv/[6]noaa-spc-reports/tornado/noaa_spc-tornado.csv
-> size (bytes): 58,251
COMPRESSED FILE:
-> name: /home/pablo/Documents/FING/Proyecto/pc-tesis/dataset_parser/scripts/compress/output/[6]noaa-spc-reports/pca/noaa_spc-tornado.c.cpp.csv
-> size (bytes): 20,200
-> 34.68% of original


RESULTS
--------------------------(same file!)
CoderPCA
ORIGINAL FILE:
-> name: /home/pablo/Documents/FING/Proyecto/datasets-csv/[6]noaa-spc-reports/tornado/noaa_spc-tornado.csv
-> size (bytes): 58,251
COMPRESSED FILE:
-> name: /home/pablo/Documents/FING/Proyecto/pc-tesis/dataset_parser/scripts/compress/output/[6]noaa-spc-reports/pca/noaa_spc-tornado.c.cpp.csv
-> size (bytes): 20,243
-> 34.75% of original


RESULTS
--------------------------(same file!)
CoderPCA
ORIGINAL FILE:
-> name: /home/pablo/Documents/FING/Proyecto/datasets-csv/[6]noaa-spc-reports/tornado/noaa_spc-tornado.csv
-> size (bytes): 58,251
COMPRESSED FILE:
-> name: /home/pablo/Documents/FING/Proyecto/pc-tesis/dataset_parser/scripts/compress/output/[6]noaa-spc-reports/pca/noaa_spc-tornado.c.cpp.csv
-> size (bytes): 20,291
-> 34.83% of original


RESULTS
--------------------------(same file!)
CoderPCA
ORIGINAL FILE:
-> name: /home/pablo/Documents/FING/Proyecto/datasets-csv/[6]noaa-spc-reports/tornado/noaa_spc-tornado.csv
-> size (bytes): 58,251
COMPRESSED FILE:
-> name: /home/pablo/Documents/FING/Proyecto/pc-tesis/dataset_parser/scripts/compress/output/[6]noaa-spc-reports/pca/noaa_spc-tornado.c.cpp.csv
-> size (bytes): 20,234
-> 34.74% of original


RESULTS
--------------------------(same file!)
CoderPCA
ORIGINAL FILE:
-> name: /home/pablo/Documents/FING/Proyecto/datasets-csv/[6]noaa-spc-reports/tornado/noaa_spc-tornado.csv
-> size (bytes): 58,251
COMPRESSED FILE:
-> name: /home/pablo/Documents/FING/Proyecto/pc-tesis/dataset_parser/scripts/compress/output/[6]noaa-spc-reports/pca/noaa_spc-tornado.c.cpp.csv
-> size (bytes): 20,214
-> 34.7% of original


RESULTS
--------------------------(same file!)
CoderPCA
ORIGINAL FILE:
-> name: /home/pablo/Documents/FING/Proyecto/datasets-csv/[6]noaa-spc-reports/tornado/noaa_spc-tornado.csv
-> size (bytes): 58,251
COMPRESSED FILE:
-> name: /home/pablo/Documents/FING/Proyecto/pc-tesis/dataset_parser/scripts/compress/output/[6]noaa-spc-reports/pca/noaa_spc-tornado.c.cpp.csv
-> size (bytes): 20,205
-> 34.69% of original


RESULTS
--------------------------(same file!)
CoderPCA
ORIGINAL FILE:
-> name: /home/pablo/Documents/FING/Proyecto/datasets-csv/[6]noaa-spc-reports/tornado/noaa_spc-tornado.csv
-> size (bytes): 58,251
COMPRESSED FILE:
-> name: /home/pablo/Documents/FING/Proyecto/pc-tesis/dataset_parser/scripts/compress/output/[6]noaa-spc-reports/pca/noaa_spc-tornado.c.cpp.csv
-> size (bytes): 20,200
-> 34.68% of original


RESULTS
--------------------------(same file!)
CoderPCA
ORIGINAL FILE:
-> name: /home/pablo/Documents/FING/Proyecto/datasets-csv/[6]noaa-spc-reports/tornado/noaa_spc-tornado.csv
-> size (bytes): 58,251
COMPRESSED FILE:
-> name: /home/pablo/Documents/FING/Proyecto/pc-tesis/dataset_parser/scripts/compress/output/[6]noaa-spc-reports/pca/noaa_spc-tornado.c.cpp.csv
-> size (bytes): 19,719
-> 33.85% of original


RESULTS
--------------------------(same file!)
CoderPCA
ORIGINAL FILE:
-> name: /home/pablo/Documents/FING/Proyecto/datasets-csv/[6]noaa-spc-reports/tornado/noaa_spc-tornado.csv
-> size (bytes): 58,251
COMPRESSED FILE:
-> name: /home/pablo/Documents/FING/Proyecto/pc-tesis/dataset_parser/scripts/compress/output/[6]noaa-spc-reports/pca/noaa_spc-tornado.c.cpp.csv
-> size (bytes): 20,221
-> 34.71% of original


RESULTS
--------------------------(same file!)
CoderPCA
ORIGINAL FILE:
-> name: /home/pablo/Documents/FING/Proyecto/datasets-csv/[6]noaa-spc-reports/tornado/noaa_spc-tornado.csv
-> size (bytes): 58,251
COMPRESSED FILE:
-> name: /home/pablo/Documents/FING/Proyecto/pc-tesis/dataset_parser/scripts/compress/output/[6]noaa-spc-reports/pca/noaa_spc-tornado.c.cpp.csv
-> size (bytes): 20,234
-> 34.74% of original


RESULTS
--------------------------(same file!)
CoderPCA
ORIGINAL FILE:
-> name: /home/pablo/Documents/FING/Proyecto/datasets-csv/[6]noaa-spc-reports/tornado/noaa_spc-tornado.csv
-> size (bytes): 58,251
COMPRESSED FILE:
-> name: /home/pablo/Documents/FING/Proyecto/pc-tesis/dataset_parser/scripts/compress/output/[6]noaa-spc-reports/pca/noaa_spc-tornado.c.cpp.csv
-> size (bytes): 20,214
-> 34.7% of original


RESULTS
--------------------------(same file!)
CoderPCA
ORIGINAL FILE:
-> name: /home/pablo/Documents/FING/Proyecto/datasets-csv/[6]noaa-spc-reports/tornado/noaa_spc-tornado.csv
-> size (bytes): 58,251
COMPRESSED FILE:
-> name: /home/pablo/Documents/FING/Proyecto/pc-tesis/dataset_parser/scripts/compress/output/[6]noaa-spc-reports/pca/noaa_spc-tornado.c.cpp.csv
-> size (bytes): 20,205
-> 34.69% of original


RESULTS
--------------------------(same file!)
CoderPCA
ORIGINAL FILE:
-> name: /home/pablo/Documents/FING/Proyecto/datasets-csv/[6]noaa-spc-reports/tornado/noaa_spc-tornado.csv
-> size (bytes): 58,251
COMPRESSED FILE:
-> name: /home/pablo/Documents/FING/Proyecto/pc-tesis/dataset_parser/scripts/compress/output/[6]noaa-spc-reports/pca/noaa_spc-tornado.c.cpp.csv
-> size (bytes): 20,200
-> 34.68% of original


RESULTS
--------------------------(same file!)
CoderPCA
ORIGINAL FILE:
-> name: /home/pablo/Documents/FING/Proyecto/datasets-csv/[6]noaa-spc-reports/tornado/noaa_spc-tornado.csv
-> size (bytes): 58,251
COMPRESSED FILE:
-> name: /home/pablo/Documents/FING/Proyecto/pc-tesis/dataset_parser/scripts/compress/output/[6]noaa-spc-reports/pca/noaa_spc-tornado.c.cpp.csv
-> size (bytes): 19,068
-> 32.73% of original


RESULTS
--------------------------(same file!)
CoderPCA
ORIGINAL FILE:
-> name: /home/pablo/Documents/FING/Proyecto/datasets-csv/[6]noaa-spc-reports/tornado/noaa_spc-tornado.csv
-> size (bytes): 58,251
COMPRESSED FILE:
-> name: /home/pablo/Documents/FING/Proyecto/pc-tesis/dataset_parser/scripts/compress/output/[6]noaa-spc-reports/pca/noaa_spc-tornado.c.cpp.csv
-> size (bytes): 20,151
-> 34.59% of original


RESULTS
--------------------------(same file!)
CoderPCA
ORIGINAL FILE:
-> name: /home/pablo/Documents/FING/Proyecto/datasets-csv/[6]noaa-spc-reports/tornado/noaa_spc-tornado.csv
-> size (bytes): 58,251
COMPRESSED FILE:
-> name: /home/pablo/Documents/FING/Proyecto/pc-tesis/dataset_parser/scripts/compress/output/[6]noaa-spc-reports/pca/noaa_spc-tornado.c.cpp.csv
-> size (bytes): 20,234
-> 34.74% of original


RESULTS
--------------------------(same file!)
CoderPCA
ORIGINAL FILE:
-> name: /home/pablo/Documents/FING/Proyecto/datasets-csv/[6]noaa-spc-reports/tornado/noaa_spc-tornado.csv
-> size (bytes): 58,251
COMPRESSED FILE:
-> name: /home/pablo/Documents/FING/Proyecto/pc-tesis/dataset_parser/scripts/compress/output/[6]noaa-spc-reports/pca/noaa_spc-tornado.c.cpp.csv
-> size (bytes): 20,214
-> 34.7% of original


RESULTS
--------------------------(same file!)
CoderPCA
ORIGINAL FILE:
-> name: /home/pablo/Documents/FING/Proyecto/datasets-csv/[6]noaa-spc-reports/tornado/noaa_spc-tornado.csv
-> size (bytes): 58,251
COMPRESSED FILE:
-> name: /home/pablo/Documents/FING/Proyecto/pc-tesis/dataset_parser/scripts/compress/output/[6]noaa-spc-reports/pca/noaa_spc-tornado.c.cpp.csv
-> size (bytes): 20,205
-> 34.69% of original


RESULTS
--------------------------(same file!)
CoderPCA
ORIGINAL FILE:
-> name: /home/pablo/Documents/FING/Proyecto/datasets-csv/[6]noaa-spc-reports/tornado/noaa_spc-tornado.csv
-> size (bytes): 58,251
COMPRESSED FILE:
-> name: /home/pablo/Documents/FING/Proyecto/pc-tesis/dataset_parser/scripts/compress/output/[6]noaa-spc-reports/pca/noaa_spc-tornado.c.cpp.csv
-> size (bytes): 20,200
-> 34.68% of original


RESULTS
--------------------------(same file!)
CoderPCA
ORIGINAL FILE:
-> name: /home/pablo/Documents/FING/Proyecto/datasets-csv/[6]noaa-spc-reports/tornado/noaa_spc-tornado.csv
-> size (bytes): 58,251
COMPRESSED FILE:
-> name: /home/pablo/Documents/FING/Proyecto/pc-tesis/dataset_parser/scripts/compress/output/[6]noaa-spc-reports/pca/noaa_spc-tornado.c.cpp.csv
-> size (bytes): 17,958
-> 30.83% of original


RESULTS
--------------------------(same file!)
CoderPCA
ORIGINAL FILE:
-> name: /home/pablo/Documents/FING/Proyecto/datasets-csv/[6]noaa-spc-reports/tornado/noaa_spc-tornado.csv
-> size (bytes): 58,251
COMPRESSED FILE:
-> name: /home/pablo/Documents/FING/Proyecto/pc-tesis/dataset_parser/scripts/compress/output/[6]noaa-spc-reports/pca/noaa_spc-tornado.c.cpp.csv
-> size (bytes): 19,409
-> 33.32% of original


RESULTS
--------------------------(same file!)
CoderPCA
ORIGINAL FILE:
-> name: /home/pablo/Documents/FING/Proyecto/datasets-csv/[6]noaa-spc-reports/tornado/noaa_spc-tornado.csv
-> size (bytes): 58,251
COMPRESSED FILE:
-> name: /home/pablo/Documents/FING/Proyecto/pc-tesis/dataset_parser/scripts/compress/output/[6]noaa-spc-reports/pca/noaa_spc-tornado.c.cpp.csv
-> size (bytes): 20,156
-> 34.6% of original


RESULTS
--------------------------(same file!)
CoderPCA
ORIGINAL FILE:
-> name: /home/pablo/Documents/FING/Proyecto/datasets-csv/[6]noaa-spc-reports/tornado/noaa_spc-tornado.csv
-> size (bytes): 58,251
COMPRESSED FILE:
-> name: /home/pablo/Documents/FING/Proyecto/pc-tesis/dataset_parser/scripts/compress/output/[6]noaa-spc-reports/pca/noaa_spc-tornado.c.cpp.csv
-> size (bytes): 20,214
-> 34.7% of original


RESULTS
--------------------------(same file!)
CoderPCA
ORIGINAL FILE:
-> name: /home/pablo/Documents/FING/Proyecto/datasets-csv/[6]noaa-spc-reports/tornado/noaa_spc-tornado.csv
-> size (bytes): 58,251
COMPRESSED FILE:
-> name: /home/pablo/Documents/FING/Proyecto/pc-tesis/dataset_parser/scripts/compress/output/[6]noaa-spc-reports/pca/noaa_spc-tornado.c.cpp.csv
-> size (bytes): 20,205
-> 34.69% of original


RESULTS
--------------------------(same file!)
CoderPCA
ORIGINAL FILE:
-> name: /home/pablo/Documents/FING/Proyecto/datasets-csv/[6]noaa-spc-reports/tornado/noaa_spc-tornado.csv
-> size (bytes): 58,251
COMPRESSED FILE:
-> name: /home/pablo/Documents/FING/Proyecto/pc-tesis/dataset_parser/scripts/compress/output/[6]noaa-spc-reports/pca/noaa_spc-tornado.c.cpp.csv
-> size (bytes): 20,200
-> 34.68% of original


RESULTS
--------------------------(same file!)
CoderPCA
ORIGINAL FILE:
-> name: /home/pablo/Documents/FING/Proyecto/datasets-csv/[6]noaa-spc-reports/tornado/noaa_spc-tornado.csv
-> size (bytes): 58,251
COMPRESSED FILE:
-> name: /home/pablo/Documents/FING/Proyecto/pc-tesis/dataset_parser/scripts/compress/output/[6]noaa-spc-reports/pca/noaa_spc-tornado.c.cpp.csv
-> size (bytes): 17,174
-> 29.48% of original


RESULTS
--------------------------(same file!)
CoderPCA
ORIGINAL FILE:
-> name: /home/pablo/Documents/FING/Proyecto/datasets-csv/[6]noaa-spc-reports/tornado/noaa_spc-tornado.csv
-> size (bytes): 58,251
COMPRESSED FILE:
-> name: /home/pablo/Documents/FING/Proyecto/pc-tesis/dataset_parser/scripts/compress/output/[6]noaa-spc-reports/pca/noaa_spc-tornado.c.cpp.csv
-> size (bytes): 18,757
-> 32.2% of original


RESULTS
--------------------------(same file!)
CoderPCA
ORIGINAL FILE:
-> name: /home/pablo/Documents/FING/Proyecto/datasets-csv/[6]noaa-spc-reports/tornado/noaa_spc-tornado.csv
-> size (bytes): 58,251
COMPRESSED FILE:
-> name: /home/pablo/Documents/FING/Proyecto/pc-tesis/dataset_parser/scripts/compress/output/[6]noaa-spc-reports/pca/noaa_spc-tornado.c.cpp.csv
-> size (bytes): 20,045
-> 34.41% of original


RESULTS
--------------------------(same file!)
CoderPCA
ORIGINAL FILE:
-> name: /home/pablo/Documents/FING/Proyecto/datasets-csv/[6]noaa-spc-reports/tornado/noaa_spc-tornado.csv
-> size (bytes): 58,251
COMPRESSED FILE:
-> name: /home/pablo/Documents/FING/Proyecto/pc-tesis/dataset_parser/scripts/compress/output/[6]noaa-spc-reports/pca/noaa_spc-tornado.c.cpp.csv
-> size (bytes): 20,214
-> 34.7% of original


RESULTS
--------------------------(same file!)
CoderPCA
ORIGINAL FILE:
-> name: /home/pablo/Documents/FING/Proyecto/datasets-csv/[6]noaa-spc-reports/tornado/noaa_spc-tornado.csv
-> size (bytes): 58,251
COMPRESSED FILE:
-> name: /home/pablo/Documents/FING/Proyecto/pc-tesis/dataset_parser/scripts/compress/output/[6]noaa-spc-reports/pca/noaa_spc-tornado.c.cpp.csv
-> size (bytes): 20,205
-> 34.69% of original


RESULTS
--------------------------(same file!)
CoderPCA
ORIGINAL FILE:
-> name: /home/pablo/Documents/FING/Proyecto/datasets-csv/[6]noaa-spc-reports/tornado/noaa_spc-tornado.csv
-> size (bytes): 58,251
COMPRESSED FILE:
-> name: /home/pablo/Documents/FING/Proyecto/pc-tesis/dataset_parser/scripts/compress/output/[6]noaa-spc-reports/pca/noaa_spc-tornado.c.cpp.csv
-> size (bytes): 20,200
-> 34.68% of original


RESULTS
--------------------------(same file!)
CoderPCA
ORIGINAL FILE:
-> name: /home/pablo/Documents/FING/Proyecto/datasets-csv/[6]noaa-spc-reports/tornado/noaa_spc-tornado.csv
-> size (bytes): 58,251
COMPRESSED FILE:
-> name: /home/pablo/Documents/FING/Proyecto/pc-tesis/dataset_parser/scripts/compress/output/[6]noaa-spc-reports/pca/noaa_spc-tornado.c.cpp.csv
-> size (bytes): 16,589
-> 28.48% of original


RESULTS
--------------------------(same file!)
CoderPCA
ORIGINAL FILE:
-> name: /home/pablo/Documents/FING/Proyecto/datasets-csv/[6]noaa-spc-reports/tornado/noaa_spc-tornado.csv
-> size (bytes): 58,251
COMPRESSED FILE:
-> name: /home/pablo/Documents/FING/Proyecto/pc-tesis/dataset_parser/scripts/compress/output/[6]noaa-spc-reports/pca/noaa_spc-tornado.c.cpp.csv
-> size (bytes): 18,194
-> 31.23% of original


RESULTS
--------------------------(same file!)
CoderPCA
ORIGINAL FILE:
-> name: /home/pablo/Documents/FING/Proyecto/datasets-csv/[6]noaa-spc-reports/tornado/noaa_spc-tornado.csv
-> size (bytes): 58,251
COMPRESSED FILE:
-> name: /home/pablo/Documents/FING/Proyecto/pc-tesis/dataset_parser/scripts/compress/output/[6]noaa-spc-reports/pca/noaa_spc-tornado.c.cpp.csv
-> size (bytes): 19,895
-> 34.15% of original


RESULTS
--------------------------(same file!)
CoderPCA
ORIGINAL FILE:
-> name: /home/pablo/Documents/FING/Proyecto/datasets-csv/[6]noaa-spc-reports/tornado/noaa_spc-tornado.csv
-> size (bytes): 58,251
COMPRESSED FILE:
-> name: /home/pablo/Documents/FING/Proyecto/pc-tesis/dataset_parser/scripts/compress/output/[6]noaa-spc-reports/pca/noaa_spc-tornado.c.cpp.csv
-> size (bytes): 20,214
-> 34.7% of original


RESULTS
--------------------------(same file!)
CoderPCA
ORIGINAL FILE:
-> name: /home/pablo/Documents/FING/Proyecto/datasets-csv/[6]noaa-spc-reports/tornado/noaa_spc-tornado.csv
-> size (bytes): 58,251
COMPRESSED FILE:
-> name: /home/pablo/Documents/FING/Proyecto/pc-tesis/dataset_parser/scripts/compress/output/[6]noaa-spc-reports/pca/noaa_spc-tornado.c.cpp.csv
-> size (bytes): 20,205
-> 34.69% of original


RESULTS
--------------------------(same file!)
CoderPCA
ORIGINAL FILE:
-> name: /home/pablo/Documents/FING/Proyecto/datasets-csv/[6]noaa-spc-reports/tornado/noaa_spc-tornado.csv
-> size (bytes): 58,251
COMPRESSED FILE:
-> name: /home/pablo/Documents/FING/Proyecto/pc-tesis/dataset_parser/scripts/compress/output/[6]noaa-spc-reports/pca/noaa_spc-tornado.c.cpp.csv
-> size (bytes): 20,200
-> 34.68% of original


RESULTS
--------------------------(same file!)
CoderPCA
ORIGINAL FILE:
-> name: /home/pablo/Documents/FING/Proyecto/datasets-csv/[6]noaa-spc-reports/tornado/noaa_spc-tornado.csv
-> size (bytes): 58,251
COMPRESSED FILE:
-> name: /home/pablo/Documents/FING/Proyecto/pc-tesis/dataset_parser/scripts/compress/output/[6]noaa-spc-reports/pca/noaa_spc-tornado.c.cpp.csv
-> size (bytes): 15,520
-> 26.64% of original


RESULTS
--------------------------(same file!)
CoderPCA
ORIGINAL FILE:
-> name: /home/pablo/Documents/FING/Proyecto/datasets-csv/[6]noaa-spc-reports/tornado/noaa_spc-tornado.csv
-> size (bytes): 58,251
COMPRESSED FILE:
-> name: /home/pablo/Documents/FING/Proyecto/pc-tesis/dataset_parser/scripts/compress/output/[6]noaa-spc-reports/pca/noaa_spc-tornado.c.cpp.csv
-> size (bytes): 17,365
-> 29.81% of original


RESULTS
--------------------------(same file!)
CoderPCA
ORIGINAL FILE:
-> name: /home/pablo/Documents/FING/Proyecto/datasets-csv/[6]noaa-spc-reports/tornado/noaa_spc-tornado.csv
-> size (bytes): 58,251
COMPRESSED FILE:
-> name: /home/pablo/Documents/FING/Proyecto/pc-tesis/dataset_parser/scripts/compress/output/[6]noaa-spc-reports/pca/noaa_spc-tornado.c.cpp.csv
-> size (bytes): 19,439
-> 33.37% of original


RESULTS
--------------------------(same file!)
CoderPCA
ORIGINAL FILE:
-> name: /home/pablo/Documents/FING/Proyecto/datasets-csv/[6]noaa-spc-reports/tornado/noaa_spc-tornado.csv
-> size (bytes): 58,251
COMPRESSED FILE:
-> name: /home/pablo/Documents/FING/Proyecto/pc-tesis/dataset_parser/scripts/compress/output/[6]noaa-spc-reports/pca/noaa_spc-tornado.c.cpp.csv
-> size (bytes): 20,214
-> 34.7% of original


RESULTS
--------------------------(same file!)
CoderPCA
ORIGINAL FILE:
-> name: /home/pablo/Documents/FING/Proyecto/datasets-csv/[6]noaa-spc-reports/tornado/noaa_spc-tornado.csv
-> size (bytes): 58,251
COMPRESSED FILE:
-> name: /home/pablo/Documents/FING/Proyecto/pc-tesis/dataset_parser/scripts/compress/output/[6]noaa-spc-reports/pca/noaa_spc-tornado.c.cpp.csv
-> size (bytes): 20,205
-> 34.69% of original


RESULTS
--------------------------(same file!)
CoderPCA
ORIGINAL FILE:
-> name: /home/pablo/Documents/FING/Proyecto/datasets-csv/[6]noaa-spc-reports/tornado/noaa_spc-tornado.csv
-> size (bytes): 58,251
COMPRESSED FILE:
-> name: /home/pablo/Documents/FING/Proyecto/pc-tesis/dataset_parser/scripts/compress/output/[6]noaa-spc-reports/pca/noaa_spc-tornado.c.cpp.csv
-> size (bytes): 20,200
-> 34.68% of original


RESULTS
--------------------------(same file!)
CoderAPCA
ORIGINAL FILE:
-> name: /home/pablo/Documents/FING/Proyecto/datasets-csv/[6]noaa-spc-reports/tornado/noaa_spc-tornado.csv
-> size (bytes): 58,251
COMPRESSED FILE:
-> name: /home/pablo/Documents/FING/Proyecto/pc-tesis/dataset_parser/scripts/compress/output/[6]noaa-spc-reports/apca/noaa_spc-tornado.c.cpp.csv
-> size (bytes): 22,489
-> 38.61% of original


RESULTS
--------------------------(same file!)
CoderAPCA
ORIGINAL FILE:
-> name: /home/pablo/Documents/FING/Proyecto/datasets-csv/[6]noaa-spc-reports/tornado/noaa_spc-tornado.csv
-> size (bytes): 58,251
COMPRESSED FILE:
-> name: /home/pablo/Documents/FING/Proyecto/pc-tesis/dataset_parser/scripts/compress/output/[6]noaa-spc-reports/apca/noaa_spc-tornado.c.cpp.csv
-> size (bytes): 23,410
-> 40.19% of original


RESULTS
--------------------------(same file!)
CoderAPCA
ORIGINAL FILE:
-> name: /home/pablo/Documents/FING/Proyecto/datasets-csv/[6]noaa-spc-reports/tornado/noaa_spc-tornado.csv
-> size (bytes): 58,251
COMPRESSED FILE:
-> name: /home/pablo/Documents/FING/Proyecto/pc-tesis/dataset_parser/scripts/compress/output/[6]noaa-spc-reports/apca/noaa_spc-tornado.c.cpp.csv
-> size (bytes): 24,332
-> 41.77% of original


RESULTS
--------------------------(same file!)
CoderAPCA
ORIGINAL FILE:
-> name: /home/pablo/Documents/FING/Proyecto/datasets-csv/[6]noaa-spc-reports/tornado/noaa_spc-tornado.csv
-> size (bytes): 58,251
COMPRESSED FILE:
-> name: /home/pablo/Documents/FING/Proyecto/pc-tesis/dataset_parser/scripts/compress/output/[6]noaa-spc-reports/apca/noaa_spc-tornado.c.cpp.csv
-> size (bytes): 25,254
-> 43.35% of original


RESULTS
--------------------------(same file!)
CoderAPCA
ORIGINAL FILE:
-> name: /home/pablo/Documents/FING/Proyecto/datasets-csv/[6]noaa-spc-reports/tornado/noaa_spc-tornado.csv
-> size (bytes): 58,251
COMPRESSED FILE:
-> name: /home/pablo/Documents/FING/Proyecto/pc-tesis/dataset_parser/scripts/compress/output/[6]noaa-spc-reports/apca/noaa_spc-tornado.c.cpp.csv
-> size (bytes): 26,176
-> 44.94% of original


RESULTS
--------------------------(same file!)
CoderAPCA
ORIGINAL FILE:
-> name: /home/pablo/Documents/FING/Proyecto/datasets-csv/[6]noaa-spc-reports/tornado/noaa_spc-tornado.csv
-> size (bytes): 58,251
COMPRESSED FILE:
-> name: /home/pablo/Documents/FING/Proyecto/pc-tesis/dataset_parser/scripts/compress/output/[6]noaa-spc-reports/apca/noaa_spc-tornado.c.cpp.csv
-> size (bytes): 27,099
-> 46.52% of original


RESULTS
--------------------------(same file!)
CoderAPCA
ORIGINAL FILE:
-> name: /home/pablo/Documents/FING/Proyecto/datasets-csv/[6]noaa-spc-reports/tornado/noaa_spc-tornado.csv
-> size (bytes): 58,251
COMPRESSED FILE:
-> name: /home/pablo/Documents/FING/Proyecto/pc-tesis/dataset_parser/scripts/compress/output/[6]noaa-spc-reports/apca/noaa_spc-tornado.c.cpp.csv
-> size (bytes): 18,882
-> 32.41% of original


RESULTS
--------------------------(same file!)
CoderAPCA
ORIGINAL FILE:
-> name: /home/pablo/Documents/FING/Proyecto/datasets-csv/[6]noaa-spc-reports/tornado/noaa_spc-tornado.csv
-> size (bytes): 58,251
COMPRESSED FILE:
-> name: /home/pablo/Documents/FING/Proyecto/pc-tesis/dataset_parser/scripts/compress/output/[6]noaa-spc-reports/apca/noaa_spc-tornado.c.cpp.csv
-> size (bytes): 19,537
-> 33.54% of original


RESULTS
--------------------------(same file!)
CoderAPCA
ORIGINAL FILE:
-> name: /home/pablo/Documents/FING/Proyecto/datasets-csv/[6]noaa-spc-reports/tornado/noaa_spc-tornado.csv
-> size (bytes): 58,251
COMPRESSED FILE:
-> name: /home/pablo/Documents/FING/Proyecto/pc-tesis/dataset_parser/scripts/compress/output/[6]noaa-spc-reports/apca/noaa_spc-tornado.c.cpp.csv
-> size (bytes): 20,222
-> 34.72% of original


RESULTS
--------------------------(same file!)
CoderAPCA
ORIGINAL FILE:
-> name: /home/pablo/Documents/FING/Proyecto/datasets-csv/[6]noaa-spc-reports/tornado/noaa_spc-tornado.csv
-> size (bytes): 58,251
COMPRESSED FILE:
-> name: /home/pablo/Documents/FING/Proyecto/pc-tesis/dataset_parser/scripts/compress/output/[6]noaa-spc-reports/apca/noaa_spc-tornado.c.cpp.csv
-> size (bytes): 20,910
-> 35.9% of original


RESULTS
--------------------------(same file!)
CoderAPCA
ORIGINAL FILE:
-> name: /home/pablo/Documents/FING/Proyecto/datasets-csv/[6]noaa-spc-reports/tornado/noaa_spc-tornado.csv
-> size (bytes): 58,251
COMPRESSED FILE:
-> name: /home/pablo/Documents/FING/Proyecto/pc-tesis/dataset_parser/scripts/compress/output/[6]noaa-spc-reports/apca/noaa_spc-tornado.c.cpp.csv
-> size (bytes): 21,598
-> 37.08% of original


RESULTS
--------------------------(same file!)
CoderAPCA
ORIGINAL FILE:
-> name: /home/pablo/Documents/FING/Proyecto/datasets-csv/[6]noaa-spc-reports/tornado/noaa_spc-tornado.csv
-> size (bytes): 58,251
COMPRESSED FILE:
-> name: /home/pablo/Documents/FING/Proyecto/pc-tesis/dataset_parser/scripts/compress/output/[6]noaa-spc-reports/apca/noaa_spc-tornado.c.cpp.csv
-> size (bytes): 22,286
-> 38.26% of original


RESULTS
--------------------------(same file!)
CoderAPCA
ORIGINAL FILE:
-> name: /home/pablo/Documents/FING/Proyecto/datasets-csv/[6]noaa-spc-reports/tornado/noaa_spc-tornado.csv
-> size (bytes): 58,251
COMPRESSED FILE:
-> name: /home/pablo/Documents/FING/Proyecto/pc-tesis/dataset_parser/scripts/compress/output/[6]noaa-spc-reports/apca/noaa_spc-tornado.c.cpp.csv
-> size (bytes): 16,698
-> 28.67% of original


RESULTS
--------------------------(same file!)
CoderAPCA
ORIGINAL FILE:
-> name: /home/pablo/Documents/FING/Proyecto/datasets-csv/[6]noaa-spc-reports/tornado/noaa_spc-tornado.csv
-> size (bytes): 58,251
COMPRESSED FILE:
-> name: /home/pablo/Documents/FING/Proyecto/pc-tesis/dataset_parser/scripts/compress/output/[6]noaa-spc-reports/apca/noaa_spc-tornado.c.cpp.csv
-> size (bytes): 17,056
-> 29.28% of original


RESULTS
--------------------------(same file!)
CoderAPCA
ORIGINAL FILE:
-> name: /home/pablo/Documents/FING/Proyecto/datasets-csv/[6]noaa-spc-reports/tornado/noaa_spc-tornado.csv
-> size (bytes): 58,251
COMPRESSED FILE:
-> name: /home/pablo/Documents/FING/Proyecto/pc-tesis/dataset_parser/scripts/compress/output/[6]noaa-spc-reports/apca/noaa_spc-tornado.c.cpp.csv
-> size (bytes): 17,579
-> 30.18% of original


RESULTS
--------------------------(same file!)
CoderAPCA
ORIGINAL FILE:
-> name: /home/pablo/Documents/FING/Proyecto/datasets-csv/[6]noaa-spc-reports/tornado/noaa_spc-tornado.csv
-> size (bytes): 58,251
COMPRESSED FILE:
-> name: /home/pablo/Documents/FING/Proyecto/pc-tesis/dataset_parser/scripts/compress/output/[6]noaa-spc-reports/apca/noaa_spc-tornado.c.cpp.csv
-> size (bytes): 18,116
-> 31.1% of original


RESULTS
--------------------------(same file!)
CoderAPCA
ORIGINAL FILE:
-> name: /home/pablo/Documents/FING/Proyecto/datasets-csv/[6]noaa-spc-reports/tornado/noaa_spc-tornado.csv
-> size (bytes): 58,251
COMPRESSED FILE:
-> name: /home/pablo/Documents/FING/Proyecto/pc-tesis/dataset_parser/scripts/compress/output/[6]noaa-spc-reports/apca/noaa_spc-tornado.c.cpp.csv
-> size (bytes): 18,653
-> 32.02% of original


RESULTS
--------------------------(same file!)
CoderAPCA
ORIGINAL FILE:
-> name: /home/pablo/Documents/FING/Proyecto/datasets-csv/[6]noaa-spc-reports/tornado/noaa_spc-tornado.csv
-> size (bytes): 58,251
COMPRESSED FILE:
-> name: /home/pablo/Documents/FING/Proyecto/pc-tesis/dataset_parser/scripts/compress/output/[6]noaa-spc-reports/apca/noaa_spc-tornado.c.cpp.csv
-> size (bytes): 19,190
-> 32.94% of original


RESULTS
--------------------------(same file!)
CoderAPCA
ORIGINAL FILE:
-> name: /home/pablo/Documents/FING/Proyecto/datasets-csv/[6]noaa-spc-reports/tornado/noaa_spc-tornado.csv
-> size (bytes): 58,251
COMPRESSED FILE:
-> name: /home/pablo/Documents/FING/Proyecto/pc-tesis/dataset_parser/scripts/compress/output/[6]noaa-spc-reports/apca/noaa_spc-tornado.c.cpp.csv
-> size (bytes): 15,856
-> 27.22% of original


RESULTS
--------------------------(same file!)
CoderAPCA
ORIGINAL FILE:
-> name: /home/pablo/Documents/FING/Proyecto/datasets-csv/[6]noaa-spc-reports/tornado/noaa_spc-tornado.csv
-> size (bytes): 58,251
COMPRESSED FILE:
-> name: /home/pablo/Documents/FING/Proyecto/pc-tesis/dataset_parser/scripts/compress/output/[6]noaa-spc-reports/apca/noaa_spc-tornado.c.cpp.csv
-> size (bytes): 16,017
-> 27.5% of original


RESULTS
--------------------------(same file!)
CoderAPCA
ORIGINAL FILE:
-> name: /home/pablo/Documents/FING/Proyecto/datasets-csv/[6]noaa-spc-reports/tornado/noaa_spc-tornado.csv
-> size (bytes): 58,251
COMPRESSED FILE:
-> name: /home/pablo/Documents/FING/Proyecto/pc-tesis/dataset_parser/scripts/compress/output/[6]noaa-spc-reports/apca/noaa_spc-tornado.c.cpp.csv
-> size (bytes): 16,457
-> 28.25% of original


RESULTS
--------------------------(same file!)
CoderAPCA
ORIGINAL FILE:
-> name: /home/pablo/Documents/FING/Proyecto/datasets-csv/[6]noaa-spc-reports/tornado/noaa_spc-tornado.csv
-> size (bytes): 58,251
COMPRESSED FILE:
-> name: /home/pablo/Documents/FING/Proyecto/pc-tesis/dataset_parser/scripts/compress/output/[6]noaa-spc-reports/apca/noaa_spc-tornado.c.cpp.csv
-> size (bytes): 16,930
-> 29.06% of original


RESULTS
--------------------------(same file!)
CoderAPCA
ORIGINAL FILE:
-> name: /home/pablo/Documents/FING/Proyecto/datasets-csv/[6]noaa-spc-reports/tornado/noaa_spc-tornado.csv
-> size (bytes): 58,251
COMPRESSED FILE:
-> name: /home/pablo/Documents/FING/Proyecto/pc-tesis/dataset_parser/scripts/compress/output/[6]noaa-spc-reports/apca/noaa_spc-tornado.c.cpp.csv
-> size (bytes): 17,403
-> 29.88% of original


RESULTS
--------------------------(same file!)
CoderAPCA
ORIGINAL FILE:
-> name: /home/pablo/Documents/FING/Proyecto/datasets-csv/[6]noaa-spc-reports/tornado/noaa_spc-tornado.csv
-> size (bytes): 58,251
COMPRESSED FILE:
-> name: /home/pablo/Documents/FING/Proyecto/pc-tesis/dataset_parser/scripts/compress/output/[6]noaa-spc-reports/apca/noaa_spc-tornado.c.cpp.csv
-> size (bytes): 17,876
-> 30.69% of original


RESULTS
--------------------------(same file!)
CoderAPCA
ORIGINAL FILE:
-> name: /home/pablo/Documents/FING/Proyecto/datasets-csv/[6]noaa-spc-reports/tornado/noaa_spc-tornado.csv
-> size (bytes): 58,251
COMPRESSED FILE:
-> name: /home/pablo/Documents/FING/Proyecto/pc-tesis/dataset_parser/scripts/compress/output/[6]noaa-spc-reports/apca/noaa_spc-tornado.c.cpp.csv
-> size (bytes): 14,613
-> 25.09% of original


RESULTS
--------------------------(same file!)
CoderAPCA
ORIGINAL FILE:
-> name: /home/pablo/Documents/FING/Proyecto/datasets-csv/[6]noaa-spc-reports/tornado/noaa_spc-tornado.csv
-> size (bytes): 58,251
COMPRESSED FILE:
-> name: /home/pablo/Documents/FING/Proyecto/pc-tesis/dataset_parser/scripts/compress/output/[6]noaa-spc-reports/apca/noaa_spc-tornado.c.cpp.csv
-> size (bytes): 14,421
-> 24.76% of original


RESULTS
--------------------------(same file!)
CoderAPCA
ORIGINAL FILE:
-> name: /home/pablo/Documents/FING/Proyecto/datasets-csv/[6]noaa-spc-reports/tornado/noaa_spc-tornado.csv
-> size (bytes): 58,251
COMPRESSED FILE:
-> name: /home/pablo/Documents/FING/Proyecto/pc-tesis/dataset_parser/scripts/compress/output/[6]noaa-spc-reports/apca/noaa_spc-tornado.c.cpp.csv
-> size (bytes): 14,668
-> 25.18% of original


RESULTS
--------------------------(same file!)
CoderAPCA
ORIGINAL FILE:
-> name: /home/pablo/Documents/FING/Proyecto/datasets-csv/[6]noaa-spc-reports/tornado/noaa_spc-tornado.csv
-> size (bytes): 58,251
COMPRESSED FILE:
-> name: /home/pablo/Documents/FING/Proyecto/pc-tesis/dataset_parser/scripts/compress/output/[6]noaa-spc-reports/apca/noaa_spc-tornado.c.cpp.csv
-> size (bytes): 15,034
-> 25.81% of original


RESULTS
--------------------------(same file!)
CoderAPCA
ORIGINAL FILE:
-> name: /home/pablo/Documents/FING/Proyecto/datasets-csv/[6]noaa-spc-reports/tornado/noaa_spc-tornado.csv
-> size (bytes): 58,251
COMPRESSED FILE:
-> name: /home/pablo/Documents/FING/Proyecto/pc-tesis/dataset_parser/scripts/compress/output/[6]noaa-spc-reports/apca/noaa_spc-tornado.c.cpp.csv
-> size (bytes): 15,405
-> 26.45% of original


RESULTS
--------------------------(same file!)
CoderAPCA
ORIGINAL FILE:
-> name: /home/pablo/Documents/FING/Proyecto/datasets-csv/[6]noaa-spc-reports/tornado/noaa_spc-tornado.csv
-> size (bytes): 58,251
COMPRESSED FILE:
-> name: /home/pablo/Documents/FING/Proyecto/pc-tesis/dataset_parser/scripts/compress/output/[6]noaa-spc-reports/apca/noaa_spc-tornado.c.cpp.csv
-> size (bytes): 15,776
-> 27.08% of original


RESULTS
--------------------------(same file!)
CoderAPCA
ORIGINAL FILE:
-> name: /home/pablo/Documents/FING/Proyecto/datasets-csv/[6]noaa-spc-reports/tornado/noaa_spc-tornado.csv
-> size (bytes): 58,251
COMPRESSED FILE:
-> name: /home/pablo/Documents/FING/Proyecto/pc-tesis/dataset_parser/scripts/compress/output/[6]noaa-spc-reports/apca/noaa_spc-tornado.c.cpp.csv
-> size (bytes): 13,962
-> 23.97% of original


RESULTS
--------------------------(same file!)
CoderAPCA
ORIGINAL FILE:
-> name: /home/pablo/Documents/FING/Proyecto/datasets-csv/[6]noaa-spc-reports/tornado/noaa_spc-tornado.csv
-> size (bytes): 58,251
COMPRESSED FILE:
-> name: /home/pablo/Documents/FING/Proyecto/pc-tesis/dataset_parser/scripts/compress/output/[6]noaa-spc-reports/apca/noaa_spc-tornado.c.cpp.csv
-> size (bytes): 13,575
-> 23.3% of original


RESULTS
--------------------------(same file!)
CoderAPCA
ORIGINAL FILE:
-> name: /home/pablo/Documents/FING/Proyecto/datasets-csv/[6]noaa-spc-reports/tornado/noaa_spc-tornado.csv
-> size (bytes): 58,251
COMPRESSED FILE:
-> name: /home/pablo/Documents/FING/Proyecto/pc-tesis/dataset_parser/scripts/compress/output/[6]noaa-spc-reports/apca/noaa_spc-tornado.c.cpp.csv
-> size (bytes): 13,670
-> 23.47% of original


RESULTS
--------------------------(same file!)
CoderAPCA
ORIGINAL FILE:
-> name: /home/pablo/Documents/FING/Proyecto/datasets-csv/[6]noaa-spc-reports/tornado/noaa_spc-tornado.csv
-> size (bytes): 58,251
COMPRESSED FILE:
-> name: /home/pablo/Documents/FING/Proyecto/pc-tesis/dataset_parser/scripts/compress/output/[6]noaa-spc-reports/apca/noaa_spc-tornado.c.cpp.csv
-> size (bytes): 13,974
-> 23.99% of original


RESULTS
--------------------------(same file!)
CoderAPCA
ORIGINAL FILE:
-> name: /home/pablo/Documents/FING/Proyecto/datasets-csv/[6]noaa-spc-reports/tornado/noaa_spc-tornado.csv
-> size (bytes): 58,251
COMPRESSED FILE:
-> name: /home/pablo/Documents/FING/Proyecto/pc-tesis/dataset_parser/scripts/compress/output/[6]noaa-spc-reports/apca/noaa_spc-tornado.c.cpp.csv
-> size (bytes): 14,288
-> 24.53% of original


RESULTS
--------------------------(same file!)
CoderAPCA
ORIGINAL FILE:
-> name: /home/pablo/Documents/FING/Proyecto/datasets-csv/[6]noaa-spc-reports/tornado/noaa_spc-tornado.csv
-> size (bytes): 58,251
COMPRESSED FILE:
-> name: /home/pablo/Documents/FING/Proyecto/pc-tesis/dataset_parser/scripts/compress/output/[6]noaa-spc-reports/apca/noaa_spc-tornado.c.cpp.csv
-> size (bytes): 14,601
-> 25.07% of original


RESULTS
--------------------------(same file!)
CoderAPCA
ORIGINAL FILE:
-> name: /home/pablo/Documents/FING/Proyecto/datasets-csv/[6]noaa-spc-reports/tornado/noaa_spc-tornado.csv
-> size (bytes): 58,251
COMPRESSED FILE:
-> name: /home/pablo/Documents/FING/Proyecto/pc-tesis/dataset_parser/scripts/compress/output/[6]noaa-spc-reports/apca/noaa_spc-tornado.c.cpp.csv
-> size (bytes): 13,520
-> 23.21% of original


RESULTS
--------------------------(same file!)
CoderAPCA
ORIGINAL FILE:
-> name: /home/pablo/Documents/FING/Proyecto/datasets-csv/[6]noaa-spc-reports/tornado/noaa_spc-tornado.csv
-> size (bytes): 58,251
COMPRESSED FILE:
-> name: /home/pablo/Documents/FING/Proyecto/pc-tesis/dataset_parser/scripts/compress/output/[6]noaa-spc-reports/apca/noaa_spc-tornado.c.cpp.csv
-> size (bytes): 12,989
-> 22.3% of original


RESULTS
--------------------------(same file!)
CoderAPCA
ORIGINAL FILE:
-> name: /home/pablo/Documents/FING/Proyecto/datasets-csv/[6]noaa-spc-reports/tornado/noaa_spc-tornado.csv
-> size (bytes): 58,251
COMPRESSED FILE:
-> name: /home/pablo/Documents/FING/Proyecto/pc-tesis/dataset_parser/scripts/compress/output/[6]noaa-spc-reports/apca/noaa_spc-tornado.c.cpp.csv
-> size (bytes): 12,977
-> 22.28% of original


RESULTS
--------------------------(same file!)
CoderAPCA
ORIGINAL FILE:
-> name: /home/pablo/Documents/FING/Proyecto/datasets-csv/[6]noaa-spc-reports/tornado/noaa_spc-tornado.csv
-> size (bytes): 58,251
COMPRESSED FILE:
-> name: /home/pablo/Documents/FING/Proyecto/pc-tesis/dataset_parser/scripts/compress/output/[6]noaa-spc-reports/apca/noaa_spc-tornado.c.cpp.csv
-> size (bytes): 13,228
-> 22.71% of original


RESULTS
--------------------------(same file!)
CoderAPCA
ORIGINAL FILE:
-> name: /home/pablo/Documents/FING/Proyecto/datasets-csv/[6]noaa-spc-reports/tornado/noaa_spc-tornado.csv
-> size (bytes): 58,251
COMPRESSED FILE:
-> name: /home/pablo/Documents/FING/Proyecto/pc-tesis/dataset_parser/scripts/compress/output/[6]noaa-spc-reports/apca/noaa_spc-tornado.c.cpp.csv
-> size (bytes): 13,501
-> 23.18% of original


RESULTS
--------------------------(same file!)
CoderAPCA
ORIGINAL FILE:
-> name: /home/pablo/Documents/FING/Proyecto/datasets-csv/[6]noaa-spc-reports/tornado/noaa_spc-tornado.csv
-> size (bytes): 58,251
COMPRESSED FILE:
-> name: /home/pablo/Documents/FING/Proyecto/pc-tesis/dataset_parser/scripts/compress/output/[6]noaa-spc-reports/apca/noaa_spc-tornado.c.cpp.csv
-> size (bytes): 13,774
-> 23.65% of original


RESULTS
--------------------------(same file!)
CoderAPCA
ORIGINAL FILE:
-> name: /home/pablo/Documents/FING/Proyecto/datasets-csv/[6]noaa-spc-reports/tornado/noaa_spc-tornado.csv
-> size (bytes): 58,251
COMPRESSED FILE:
-> name: /home/pablo/Documents/FING/Proyecto/pc-tesis/dataset_parser/scripts/compress/output/[6]noaa-spc-reports/apca/noaa_spc-tornado.c.cpp.csv
-> size (bytes): 12,916
-> 22.17% of original


RESULTS
--------------------------(same file!)
CoderAPCA
ORIGINAL FILE:
-> name: /home/pablo/Documents/FING/Proyecto/datasets-csv/[6]noaa-spc-reports/tornado/noaa_spc-tornado.csv
-> size (bytes): 58,251
COMPRESSED FILE:
-> name: /home/pablo/Documents/FING/Proyecto/pc-tesis/dataset_parser/scripts/compress/output/[6]noaa-spc-reports/apca/noaa_spc-tornado.c.cpp.csv
-> size (bytes): 12,159
-> 20.87% of original


RESULTS
--------------------------(same file!)
CoderAPCA
ORIGINAL FILE:
-> name: /home/pablo/Documents/FING/Proyecto/datasets-csv/[6]noaa-spc-reports/tornado/noaa_spc-tornado.csv
-> size (bytes): 58,251
COMPRESSED FILE:
-> name: /home/pablo/Documents/FING/Proyecto/pc-tesis/dataset_parser/scripts/compress/output/[6]noaa-spc-reports/apca/noaa_spc-tornado.c.cpp.csv
-> size (bytes): 11,996
-> 20.59% of original


RESULTS
--------------------------(same file!)
CoderAPCA
ORIGINAL FILE:
-> name: /home/pablo/Documents/FING/Proyecto/datasets-csv/[6]noaa-spc-reports/tornado/noaa_spc-tornado.csv
-> size (bytes): 58,251
COMPRESSED FILE:
-> name: /home/pablo/Documents/FING/Proyecto/pc-tesis/dataset_parser/scripts/compress/output/[6]noaa-spc-reports/apca/noaa_spc-tornado.c.cpp.csv
-> size (bytes): 12,163
-> 20.88% of original


RESULTS
--------------------------(same file!)
CoderAPCA
ORIGINAL FILE:
-> name: /home/pablo/Documents/FING/Proyecto/datasets-csv/[6]noaa-spc-reports/tornado/noaa_spc-tornado.csv
-> size (bytes): 58,251
COMPRESSED FILE:
-> name: /home/pablo/Documents/FING/Proyecto/pc-tesis/dataset_parser/scripts/compress/output/[6]noaa-spc-reports/apca/noaa_spc-tornado.c.cpp.csv
-> size (bytes): 12,376
-> 21.25% of original


RESULTS
--------------------------(same file!)
CoderAPCA
ORIGINAL FILE:
-> name: /home/pablo/Documents/FING/Proyecto/datasets-csv/[6]noaa-spc-reports/tornado/noaa_spc-tornado.csv
-> size (bytes): 58,251
COMPRESSED FILE:
-> name: /home/pablo/Documents/FING/Proyecto/pc-tesis/dataset_parser/scripts/compress/output/[6]noaa-spc-reports/apca/noaa_spc-tornado.c.cpp.csv
-> size (bytes): 12,591
-> 21.62% of original


RESULTS
--------------------------(same file!)
CoderGAMPS
ORIGINAL FILE:
-> name: /home/pablo/Documents/FING/Proyecto/datasets-csv/[6]noaa-spc-reports/tornado/noaa_spc-tornado.csv
-> size (bytes): 58,251
COMPRESSED FILE:
-> name: /home/pablo/Documents/FING/Proyecto/pc-tesis/dataset_parser/scripts/compress/output/[6]noaa-spc-reports/gamps/noaa_spc-tornado.c.cpp.csv
-> size (bytes): 22,489
-> 38.61% of original


RESULTS
--------------------------(same file!)
CoderGAMPS
ORIGINAL FILE:
-> name: /home/pablo/Documents/FING/Proyecto/datasets-csv/[6]noaa-spc-reports/tornado/noaa_spc-tornado.csv
-> size (bytes): 58,251
COMPRESSED FILE:
-> name: /home/pablo/Documents/FING/Proyecto/pc-tesis/dataset_parser/scripts/compress/output/[6]noaa-spc-reports/gamps/noaa_spc-tornado.c.cpp.csv
-> size (bytes): 23,410
-> 40.19% of original


RESULTS
--------------------------(same file!)
CoderGAMPS
ORIGINAL FILE:
-> name: /home/pablo/Documents/FING/Proyecto/datasets-csv/[6]noaa-spc-reports/tornado/noaa_spc-tornado.csv
-> size (bytes): 58,251
COMPRESSED FILE:
-> name: /home/pablo/Documents/FING/Proyecto/pc-tesis/dataset_parser/scripts/compress/output/[6]noaa-spc-reports/gamps/noaa_spc-tornado.c.cpp.csv
-> size (bytes): 24,332
-> 41.77% of original


RESULTS
--------------------------(same file!)
CoderGAMPS
ORIGINAL FILE:
-> name: /home/pablo/Documents/FING/Proyecto/datasets-csv/[6]noaa-spc-reports/tornado/noaa_spc-tornado.csv
-> size (bytes): 58,251
COMPRESSED FILE:
-> name: /home/pablo/Documents/FING/Proyecto/pc-tesis/dataset_parser/scripts/compress/output/[6]noaa-spc-reports/gamps/noaa_spc-tornado.c.cpp.csv
-> size (bytes): 25,254
-> 43.35% of original


RESULTS
--------------------------(same file!)
CoderGAMPS
ORIGINAL FILE:
-> name: /home/pablo/Documents/FING/Proyecto/datasets-csv/[6]noaa-spc-reports/tornado/noaa_spc-tornado.csv
-> size (bytes): 58,251
COMPRESSED FILE:
-> name: /home/pablo/Documents/FING/Proyecto/pc-tesis/dataset_parser/scripts/compress/output/[6]noaa-spc-reports/gamps/noaa_spc-tornado.c.cpp.csv
-> size (bytes): 26,176
-> 44.94% of original


RESULTS
--------------------------(same file!)
CoderGAMPS
ORIGINAL FILE:
-> name: /home/pablo/Documents/FING/Proyecto/datasets-csv/[6]noaa-spc-reports/tornado/noaa_spc-tornado.csv
-> size (bytes): 58,251
COMPRESSED FILE:
-> name: /home/pablo/Documents/FING/Proyecto/pc-tesis/dataset_parser/scripts/compress/output/[6]noaa-spc-reports/gamps/noaa_spc-tornado.c.cpp.csv
-> size (bytes): 27,099
-> 46.52% of original


RESULTS
--------------------------(same file!)
CoderGAMPS
ORIGINAL FILE:
-> name: /home/pablo/Documents/FING/Proyecto/datasets-csv/[6]noaa-spc-reports/tornado/noaa_spc-tornado.csv
-> size (bytes): 58,251
COMPRESSED FILE:
-> name: /home/pablo/Documents/FING/Proyecto/pc-tesis/dataset_parser/scripts/compress/output/[6]noaa-spc-reports/gamps/noaa_spc-tornado.c.cpp.csv
-> size (bytes): 20,077
-> 34.47% of original


RESULTS
--------------------------(same file!)
CoderGAMPS
ORIGINAL FILE:
-> name: /home/pablo/Documents/FING/Proyecto/datasets-csv/[6]noaa-spc-reports/tornado/noaa_spc-tornado.csv
-> size (bytes): 58,251
COMPRESSED FILE:
-> name: /home/pablo/Documents/FING/Proyecto/pc-tesis/dataset_parser/scripts/compress/output/[6]noaa-spc-reports/gamps/noaa_spc-tornado.c.cpp.csv
-> size (bytes): 20,825
-> 35.75% of original


RESULTS
--------------------------(same file!)
CoderGAMPS
ORIGINAL FILE:
-> name: /home/pablo/Documents/FING/Proyecto/datasets-csv/[6]noaa-spc-reports/tornado/noaa_spc-tornado.csv
-> size (bytes): 58,251
COMPRESSED FILE:
-> name: /home/pablo/Documents/FING/Proyecto/pc-tesis/dataset_parser/scripts/compress/output/[6]noaa-spc-reports/gamps/noaa_spc-tornado.c.cpp.csv
-> size (bytes): 21,588
-> 37.06% of original


RESULTS
--------------------------(same file!)
CoderGAMPS
ORIGINAL FILE:
-> name: /home/pablo/Documents/FING/Proyecto/datasets-csv/[6]noaa-spc-reports/tornado/noaa_spc-tornado.csv
-> size (bytes): 58,251
COMPRESSED FILE:
-> name: /home/pablo/Documents/FING/Proyecto/pc-tesis/dataset_parser/scripts/compress/output/[6]noaa-spc-reports/gamps/noaa_spc-tornado.c.cpp.csv
-> size (bytes): 22,353
-> 38.37% of original


RESULTS
--------------------------(same file!)
CoderGAMPS
ORIGINAL FILE:
-> name: /home/pablo/Documents/FING/Proyecto/datasets-csv/[6]noaa-spc-reports/tornado/noaa_spc-tornado.csv
-> size (bytes): 58,251
COMPRESSED FILE:
-> name: /home/pablo/Documents/FING/Proyecto/pc-tesis/dataset_parser/scripts/compress/output/[6]noaa-spc-reports/gamps/noaa_spc-tornado.c.cpp.csv
-> size (bytes): 23,119
-> 39.69% of original


RESULTS
--------------------------(same file!)
CoderGAMPS
ORIGINAL FILE:
-> name: /home/pablo/Documents/FING/Proyecto/datasets-csv/[6]noaa-spc-reports/tornado/noaa_spc-tornado.csv
-> size (bytes): 58,251
COMPRESSED FILE:
-> name: /home/pablo/Documents/FING/Proyecto/pc-tesis/dataset_parser/scripts/compress/output/[6]noaa-spc-reports/gamps/noaa_spc-tornado.c.cpp.csv
-> size (bytes): 23,884
-> 41.0% of original


RESULTS
--------------------------(same file!)
CoderGAMPS
ORIGINAL FILE:
-> name: /home/pablo/Documents/FING/Proyecto/datasets-csv/[6]noaa-spc-reports/tornado/noaa_spc-tornado.csv
-> size (bytes): 58,251
COMPRESSED FILE:
-> name: /home/pablo/Documents/FING/Proyecto/pc-tesis/dataset_parser/scripts/compress/output/[6]noaa-spc-reports/gamps/noaa_spc-tornado.c.cpp.csv
-> size (bytes): 18,058
-> 31.0% of original


RESULTS
--------------------------(same file!)
CoderGAMPS
ORIGINAL FILE:
-> name: /home/pablo/Documents/FING/Proyecto/datasets-csv/[6]noaa-spc-reports/tornado/noaa_spc-tornado.csv
-> size (bytes): 58,251
COMPRESSED FILE:
-> name: /home/pablo/Documents/FING/Proyecto/pc-tesis/dataset_parser/scripts/compress/output/[6]noaa-spc-reports/gamps/noaa_spc-tornado.c.cpp.csv
-> size (bytes): 18,627
-> 31.98% of original


RESULTS
--------------------------(same file!)
CoderGAMPS
ORIGINAL FILE:
-> name: /home/pablo/Documents/FING/Proyecto/datasets-csv/[6]noaa-spc-reports/tornado/noaa_spc-tornado.csv
-> size (bytes): 58,251
COMPRESSED FILE:
-> name: /home/pablo/Documents/FING/Proyecto/pc-tesis/dataset_parser/scripts/compress/output/[6]noaa-spc-reports/gamps/noaa_spc-tornado.c.cpp.csv
-> size (bytes): 19,257
-> 33.06% of original


RESULTS
--------------------------(same file!)
CoderGAMPS
ORIGINAL FILE:
-> name: /home/pablo/Documents/FING/Proyecto/datasets-csv/[6]noaa-spc-reports/tornado/noaa_spc-tornado.csv
-> size (bytes): 58,251
COMPRESSED FILE:
-> name: /home/pablo/Documents/FING/Proyecto/pc-tesis/dataset_parser/scripts/compress/output/[6]noaa-spc-reports/gamps/noaa_spc-tornado.c.cpp.csv
-> size (bytes): 19,890
-> 34.15% of original


RESULTS
--------------------------(same file!)
CoderGAMPS
ORIGINAL FILE:
-> name: /home/pablo/Documents/FING/Proyecto/datasets-csv/[6]noaa-spc-reports/tornado/noaa_spc-tornado.csv
-> size (bytes): 58,251
COMPRESSED FILE:
-> name: /home/pablo/Documents/FING/Proyecto/pc-tesis/dataset_parser/scripts/compress/output/[6]noaa-spc-reports/gamps/noaa_spc-tornado.c.cpp.csv
-> size (bytes): 20,522
-> 35.23% of original


RESULTS
--------------------------(same file!)
CoderGAMPS
ORIGINAL FILE:
-> name: /home/pablo/Documents/FING/Proyecto/datasets-csv/[6]noaa-spc-reports/tornado/noaa_spc-tornado.csv
-> size (bytes): 58,251
COMPRESSED FILE:
-> name: /home/pablo/Documents/FING/Proyecto/pc-tesis/dataset_parser/scripts/compress/output/[6]noaa-spc-reports/gamps/noaa_spc-tornado.c.cpp.csv
-> size (bytes): 21,155
-> 36.32% of original


RESULTS
--------------------------(same file!)
CoderGAMPS
ORIGINAL FILE:
-> name: /home/pablo/Documents/FING/Proyecto/datasets-csv/[6]noaa-spc-reports/tornado/noaa_spc-tornado.csv
-> size (bytes): 58,251
COMPRESSED FILE:
-> name: /home/pablo/Documents/FING/Proyecto/pc-tesis/dataset_parser/scripts/compress/output/[6]noaa-spc-reports/gamps/noaa_spc-tornado.c.cpp.csv
-> size (bytes): 17,009
-> 29.2% of original


RESULTS
--------------------------(same file!)
CoderGAMPS
ORIGINAL FILE:
-> name: /home/pablo/Documents/FING/Proyecto/datasets-csv/[6]noaa-spc-reports/tornado/noaa_spc-tornado.csv
-> size (bytes): 58,251
COMPRESSED FILE:
-> name: /home/pablo/Documents/FING/Proyecto/pc-tesis/dataset_parser/scripts/compress/output/[6]noaa-spc-reports/gamps/noaa_spc-tornado.c.cpp.csv
-> size (bytes): 17,432
-> 29.93% of original


RESULTS
--------------------------(same file!)
CoderGAMPS
ORIGINAL FILE:
-> name: /home/pablo/Documents/FING/Proyecto/datasets-csv/[6]noaa-spc-reports/tornado/noaa_spc-tornado.csv
-> size (bytes): 58,251
COMPRESSED FILE:
-> name: /home/pablo/Documents/FING/Proyecto/pc-tesis/dataset_parser/scripts/compress/output/[6]noaa-spc-reports/gamps/noaa_spc-tornado.c.cpp.csv
-> size (bytes): 17,985
-> 30.88% of original


RESULTS
--------------------------(same file!)
CoderGAMPS
ORIGINAL FILE:
-> name: /home/pablo/Documents/FING/Proyecto/datasets-csv/[6]noaa-spc-reports/tornado/noaa_spc-tornado.csv
-> size (bytes): 58,251
COMPRESSED FILE:
-> name: /home/pablo/Documents/FING/Proyecto/pc-tesis/dataset_parser/scripts/compress/output/[6]noaa-spc-reports/gamps/noaa_spc-tornado.c.cpp.csv
-> size (bytes): 18,546
-> 31.84% of original


RESULTS
--------------------------(same file!)
CoderGAMPS
ORIGINAL FILE:
-> name: /home/pablo/Documents/FING/Proyecto/datasets-csv/[6]noaa-spc-reports/tornado/noaa_spc-tornado.csv
-> size (bytes): 58,251
COMPRESSED FILE:
-> name: /home/pablo/Documents/FING/Proyecto/pc-tesis/dataset_parser/scripts/compress/output/[6]noaa-spc-reports/gamps/noaa_spc-tornado.c.cpp.csv
-> size (bytes): 19,106
-> 32.8% of original


RESULTS
--------------------------(same file!)
CoderGAMPS
ORIGINAL FILE:
-> name: /home/pablo/Documents/FING/Proyecto/datasets-csv/[6]noaa-spc-reports/tornado/noaa_spc-tornado.csv
-> size (bytes): 58,251
COMPRESSED FILE:
-> name: /home/pablo/Documents/FING/Proyecto/pc-tesis/dataset_parser/scripts/compress/output/[6]noaa-spc-reports/gamps/noaa_spc-tornado.c.cpp.csv
-> size (bytes): 19,666
-> 33.76% of original


RESULTS
--------------------------(same file!)
CoderGAMPS
ORIGINAL FILE:
-> name: /home/pablo/Documents/FING/Proyecto/datasets-csv/[6]noaa-spc-reports/tornado/noaa_spc-tornado.csv
-> size (bytes): 58,251
COMPRESSED FILE:
-> name: /home/pablo/Documents/FING/Proyecto/pc-tesis/dataset_parser/scripts/compress/output/[6]noaa-spc-reports/gamps/noaa_spc-tornado.c.cpp.csv
-> size (bytes): 15,832
-> 27.18% of original


RESULTS
--------------------------(same file!)
CoderGAMPS
ORIGINAL FILE:
-> name: /home/pablo/Documents/FING/Proyecto/datasets-csv/[6]noaa-spc-reports/tornado/noaa_spc-tornado.csv
-> size (bytes): 58,251
COMPRESSED FILE:
-> name: /home/pablo/Documents/FING/Proyecto/pc-tesis/dataset_parser/scripts/compress/output/[6]noaa-spc-reports/gamps/noaa_spc-tornado.c.cpp.csv
-> size (bytes): 15,985
-> 27.44% of original


RESULTS
--------------------------(same file!)
CoderGAMPS
ORIGINAL FILE:
-> name: /home/pablo/Documents/FING/Proyecto/datasets-csv/[6]noaa-spc-reports/tornado/noaa_spc-tornado.csv
-> size (bytes): 58,251
COMPRESSED FILE:
-> name: /home/pablo/Documents/FING/Proyecto/pc-tesis/dataset_parser/scripts/compress/output/[6]noaa-spc-reports/gamps/noaa_spc-tornado.c.cpp.csv
-> size (bytes): 16,419
-> 28.19% of original


RESULTS
--------------------------(same file!)
CoderGAMPS
ORIGINAL FILE:
-> name: /home/pablo/Documents/FING/Proyecto/datasets-csv/[6]noaa-spc-reports/tornado/noaa_spc-tornado.csv
-> size (bytes): 58,251
COMPRESSED FILE:
-> name: /home/pablo/Documents/FING/Proyecto/pc-tesis/dataset_parser/scripts/compress/output/[6]noaa-spc-reports/gamps/noaa_spc-tornado.c.cpp.csv
-> size (bytes): 16,890
-> 29.0% of original


RESULTS
--------------------------(same file!)
CoderGAMPS
ORIGINAL FILE:
-> name: /home/pablo/Documents/FING/Proyecto/datasets-csv/[6]noaa-spc-reports/tornado/noaa_spc-tornado.csv
-> size (bytes): 58,251
COMPRESSED FILE:
-> name: /home/pablo/Documents/FING/Proyecto/pc-tesis/dataset_parser/scripts/compress/output/[6]noaa-spc-reports/gamps/noaa_spc-tornado.c.cpp.csv
-> size (bytes): 17,361
-> 29.8% of original


RESULTS
--------------------------(same file!)
CoderGAMPS
ORIGINAL FILE:
-> name: /home/pablo/Documents/FING/Proyecto/datasets-csv/[6]noaa-spc-reports/tornado/noaa_spc-tornado.csv
-> size (bytes): 58,251
COMPRESSED FILE:
-> name: /home/pablo/Documents/FING/Proyecto/pc-tesis/dataset_parser/scripts/compress/output/[6]noaa-spc-reports/gamps/noaa_spc-tornado.c.cpp.csv
-> size (bytes): 17,832
-> 30.61% of original


RESULTS
--------------------------(same file!)
CoderGAMPS
ORIGINAL FILE:
-> name: /home/pablo/Documents/FING/Proyecto/datasets-csv/[6]noaa-spc-reports/tornado/noaa_spc-tornado.csv
-> size (bytes): 58,251
COMPRESSED FILE:
-> name: /home/pablo/Documents/FING/Proyecto/pc-tesis/dataset_parser/scripts/compress/output/[6]noaa-spc-reports/gamps/noaa_spc-tornado.c.cpp.csv
-> size (bytes): 15,115
-> 25.95% of original


RESULTS
--------------------------(same file!)
CoderGAMPS
ORIGINAL FILE:
-> name: /home/pablo/Documents/FING/Proyecto/datasets-csv/[6]noaa-spc-reports/tornado/noaa_spc-tornado.csv
-> size (bytes): 58,251
COMPRESSED FILE:
-> name: /home/pablo/Documents/FING/Proyecto/pc-tesis/dataset_parser/scripts/compress/output/[6]noaa-spc-reports/gamps/noaa_spc-tornado.c.cpp.csv
-> size (bytes): 15,056
-> 25.85% of original


RESULTS
--------------------------(same file!)
CoderGAMPS
ORIGINAL FILE:
-> name: /home/pablo/Documents/FING/Proyecto/datasets-csv/[6]noaa-spc-reports/tornado/noaa_spc-tornado.csv
-> size (bytes): 58,251
COMPRESSED FILE:
-> name: /home/pablo/Documents/FING/Proyecto/pc-tesis/dataset_parser/scripts/compress/output/[6]noaa-spc-reports/gamps/noaa_spc-tornado.c.cpp.csv
-> size (bytes): 15,394
-> 26.43% of original


RESULTS
--------------------------(same file!)
CoderGAMPS
ORIGINAL FILE:
-> name: /home/pablo/Documents/FING/Proyecto/datasets-csv/[6]noaa-spc-reports/tornado/noaa_spc-tornado.csv
-> size (bytes): 58,251
COMPRESSED FILE:
-> name: /home/pablo/Documents/FING/Proyecto/pc-tesis/dataset_parser/scripts/compress/output/[6]noaa-spc-reports/gamps/noaa_spc-tornado.c.cpp.csv
-> size (bytes): 15,804
-> 27.13% of original


RESULTS
--------------------------(same file!)
CoderGAMPS
ORIGINAL FILE:
-> name: /home/pablo/Documents/FING/Proyecto/datasets-csv/[6]noaa-spc-reports/tornado/noaa_spc-tornado.csv
-> size (bytes): 58,251
COMPRESSED FILE:
-> name: /home/pablo/Documents/FING/Proyecto/pc-tesis/dataset_parser/scripts/compress/output/[6]noaa-spc-reports/gamps/noaa_spc-tornado.c.cpp.csv
-> size (bytes): 16,217
-> 27.84% of original


RESULTS
--------------------------(same file!)
CoderGAMPS
ORIGINAL FILE:
-> name: /home/pablo/Documents/FING/Proyecto/datasets-csv/[6]noaa-spc-reports/tornado/noaa_spc-tornado.csv
-> size (bytes): 58,251
COMPRESSED FILE:
-> name: /home/pablo/Documents/FING/Proyecto/pc-tesis/dataset_parser/scripts/compress/output/[6]noaa-spc-reports/gamps/noaa_spc-tornado.c.cpp.csv
-> size (bytes): 16,629
-> 28.55% of original


RESULTS
--------------------------(same file!)
CoderGAMPS
ORIGINAL FILE:
-> name: /home/pablo/Documents/FING/Proyecto/datasets-csv/[6]noaa-spc-reports/tornado/noaa_spc-tornado.csv
-> size (bytes): 58,251
COMPRESSED FILE:
-> name: /home/pablo/Documents/FING/Proyecto/pc-tesis/dataset_parser/scripts/compress/output/[6]noaa-spc-reports/gamps/noaa_spc-tornado.c.cpp.csv
-> size (bytes): 14,613
-> 25.09% of original


RESULTS
--------------------------(same file!)
CoderGAMPS
ORIGINAL FILE:
-> name: /home/pablo/Documents/FING/Proyecto/datasets-csv/[6]noaa-spc-reports/tornado/noaa_spc-tornado.csv
-> size (bytes): 58,251
COMPRESSED FILE:
-> name: /home/pablo/Documents/FING/Proyecto/pc-tesis/dataset_parser/scripts/compress/output/[6]noaa-spc-reports/gamps/noaa_spc-tornado.c.cpp.csv
-> size (bytes): 14,421
-> 24.76% of original


RESULTS
--------------------------(same file!)
CoderGAMPS
ORIGINAL FILE:
-> name: /home/pablo/Documents/FING/Proyecto/datasets-csv/[6]noaa-spc-reports/tornado/noaa_spc-tornado.csv
-> size (bytes): 58,251
COMPRESSED FILE:
-> name: /home/pablo/Documents/FING/Proyecto/pc-tesis/dataset_parser/scripts/compress/output/[6]noaa-spc-reports/gamps/noaa_spc-tornado.c.cpp.csv
-> size (bytes): 14,668
-> 25.18% of original


RESULTS
--------------------------(same file!)
CoderGAMPS
ORIGINAL FILE:
-> name: /home/pablo/Documents/FING/Proyecto/datasets-csv/[6]noaa-spc-reports/tornado/noaa_spc-tornado.csv
-> size (bytes): 58,251
COMPRESSED FILE:
-> name: /home/pablo/Documents/FING/Proyecto/pc-tesis/dataset_parser/scripts/compress/output/[6]noaa-spc-reports/gamps/noaa_spc-tornado.c.cpp.csv
-> size (bytes): 15,034
-> 25.81% of original


RESULTS
--------------------------(same file!)
CoderGAMPS
ORIGINAL FILE:
-> name: /home/pablo/Documents/FING/Proyecto/datasets-csv/[6]noaa-spc-reports/tornado/noaa_spc-tornado.csv
-> size (bytes): 58,251
COMPRESSED FILE:
-> name: /home/pablo/Documents/FING/Proyecto/pc-tesis/dataset_parser/scripts/compress/output/[6]noaa-spc-reports/gamps/noaa_spc-tornado.c.cpp.csv
-> size (bytes): 15,405
-> 26.45% of original


RESULTS
--------------------------(same file!)
CoderGAMPS
ORIGINAL FILE:
-> name: /home/pablo/Documents/FING/Proyecto/datasets-csv/[6]noaa-spc-reports/tornado/noaa_spc-tornado.csv
-> size (bytes): 58,251
COMPRESSED FILE:
-> name: /home/pablo/Documents/FING/Proyecto/pc-tesis/dataset_parser/scripts/compress/output/[6]noaa-spc-reports/gamps/noaa_spc-tornado.c.cpp.csv
-> size (bytes): 15,776
-> 27.08% of original


RESULTS
--------------------------(same file!)
CoderGAMPS
ORIGINAL FILE:
-> name: /home/pablo/Documents/FING/Proyecto/datasets-csv/[6]noaa-spc-reports/tornado/noaa_spc-tornado.csv
-> size (bytes): 58,251
COMPRESSED FILE:
-> name: /home/pablo/Documents/FING/Proyecto/pc-tesis/dataset_parser/scripts/compress/output/[6]noaa-spc-reports/gamps/noaa_spc-tornado.c.cpp.csv
-> size (bytes): 13,962
-> 23.97% of original


RESULTS
--------------------------(same file!)
CoderGAMPS
ORIGINAL FILE:
-> name: /home/pablo/Documents/FING/Proyecto/datasets-csv/[6]noaa-spc-reports/tornado/noaa_spc-tornado.csv
-> size (bytes): 58,251
COMPRESSED FILE:
-> name: /home/pablo/Documents/FING/Proyecto/pc-tesis/dataset_parser/scripts/compress/output/[6]noaa-spc-reports/gamps/noaa_spc-tornado.c.cpp.csv
-> size (bytes): 13,575
-> 23.3% of original


RESULTS
--------------------------(same file!)
CoderGAMPS
ORIGINAL FILE:
-> name: /home/pablo/Documents/FING/Proyecto/datasets-csv/[6]noaa-spc-reports/tornado/noaa_spc-tornado.csv
-> size (bytes): 58,251
COMPRESSED FILE:
-> name: /home/pablo/Documents/FING/Proyecto/pc-tesis/dataset_parser/scripts/compress/output/[6]noaa-spc-reports/gamps/noaa_spc-tornado.c.cpp.csv
-> size (bytes): 13,670
-> 23.47% of original


RESULTS
--------------------------(same file!)
CoderGAMPS
ORIGINAL FILE:
-> name: /home/pablo/Documents/FING/Proyecto/datasets-csv/[6]noaa-spc-reports/tornado/noaa_spc-tornado.csv
-> size (bytes): 58,251
COMPRESSED FILE:
-> name: /home/pablo/Documents/FING/Proyecto/pc-tesis/dataset_parser/scripts/compress/output/[6]noaa-spc-reports/gamps/noaa_spc-tornado.c.cpp.csv
-> size (bytes): 13,974
-> 23.99% of original


RESULTS
--------------------------(same file!)
CoderGAMPS
ORIGINAL FILE:
-> name: /home/pablo/Documents/FING/Proyecto/datasets-csv/[6]noaa-spc-reports/tornado/noaa_spc-tornado.csv
-> size (bytes): 58,251
COMPRESSED FILE:
-> name: /home/pablo/Documents/FING/Proyecto/pc-tesis/dataset_parser/scripts/compress/output/[6]noaa-spc-reports/gamps/noaa_spc-tornado.c.cpp.csv
-> size (bytes): 14,288
-> 24.53% of original


RESULTS
--------------------------(same file!)
CoderGAMPS
ORIGINAL FILE:
-> name: /home/pablo/Documents/FING/Proyecto/datasets-csv/[6]noaa-spc-reports/tornado/noaa_spc-tornado.csv
-> size (bytes): 58,251
COMPRESSED FILE:
-> name: /home/pablo/Documents/FING/Proyecto/pc-tesis/dataset_parser/scripts/compress/output/[6]noaa-spc-reports/gamps/noaa_spc-tornado.c.cpp.csv
-> size (bytes): 14,601
-> 25.07% of original

