
RESULTS
--------------------------(same file!)
CoderBasic
ORIGINAL FILE:
-> name: /Users/pablocerve/Documents/FING/Proyecto/datasets-csv/[2]noaa-sst/months/2017/noaa-buoy-201701.csv
-> size (bytes): 1,098,682
COMPRESSED FILE:
-> name: /Users/pablocerve/Documents/FING/Proyecto/pc-tesis/dataset_parser/scripts/output/[2]noaa-sst/basic/noaa-buoy-201701.c.cpp.csv
-> size (bytes): 492,948
-> 44.87% of original


RESULTS
--------------------------(same file!)
CoderCA
ORIGINAL FILE:
-> name: /Users/pablocerve/Documents/FING/Proyecto/datasets-csv/[2]noaa-sst/months/2017/noaa-buoy-201701.csv
-> size (bytes): 1,098,682
COMPRESSED FILE:
-> name: /Users/pablocerve/Documents/FING/Proyecto/pc-tesis/dataset_parser/scripts/output/[2]noaa-sst/ca/noaa-buoy-201701.c.cpp.csv
-> size (bytes): 403,739
-> 36.75% of original


RESULTS
--------------------------(same file!)
CoderCA
ORIGINAL FILE:
-> name: /Users/pablocerve/Documents/FING/Proyecto/datasets-csv/[2]noaa-sst/months/2017/noaa-buoy-201701.csv
-> size (bytes): 1,098,682
COMPRESSED FILE:
-> name: /Users/pablocerve/Documents/FING/Proyecto/pc-tesis/dataset_parser/scripts/output/[2]noaa-sst/ca/noaa-buoy-201701.c.cpp.csv
-> size (bytes): 401,306
-> 36.53% of original


RESULTS
--------------------------(same file!)
CoderCA
ORIGINAL FILE:
-> name: /Users/pablocerve/Documents/FING/Proyecto/datasets-csv/[2]noaa-sst/months/2017/noaa-buoy-201701.csv
-> size (bytes): 1,098,682
COMPRESSED FILE:
-> name: /Users/pablocerve/Documents/FING/Proyecto/pc-tesis/dataset_parser/scripts/output/[2]noaa-sst/ca/noaa-buoy-201701.c.cpp.csv
-> size (bytes): 406,534
-> 37.0% of original


RESULTS
--------------------------(same file!)
CoderCA
ORIGINAL FILE:
-> name: /Users/pablocerve/Documents/FING/Proyecto/datasets-csv/[2]noaa-sst/months/2017/noaa-buoy-201701.csv
-> size (bytes): 1,098,682
COMPRESSED FILE:
-> name: /Users/pablocerve/Documents/FING/Proyecto/pc-tesis/dataset_parser/scripts/output/[2]noaa-sst/ca/noaa-buoy-201701.c.cpp.csv
-> size (bytes): 420,414
-> 38.27% of original


RESULTS
--------------------------(same file!)
CoderCA
ORIGINAL FILE:
-> name: /Users/pablocerve/Documents/FING/Proyecto/datasets-csv/[2]noaa-sst/months/2017/noaa-buoy-201701.csv
-> size (bytes): 1,098,682
COMPRESSED FILE:
-> name: /Users/pablocerve/Documents/FING/Proyecto/pc-tesis/dataset_parser/scripts/output/[2]noaa-sst/ca/noaa-buoy-201701.c.cpp.csv
-> size (bytes): 436,458
-> 39.73% of original


RESULTS
--------------------------(same file!)
CoderCA
ORIGINAL FILE:
-> name: /Users/pablocerve/Documents/FING/Proyecto/datasets-csv/[2]noaa-sst/months/2017/noaa-buoy-201701.csv
-> size (bytes): 1,098,682
COMPRESSED FILE:
-> name: /Users/pablocerve/Documents/FING/Proyecto/pc-tesis/dataset_parser/scripts/output/[2]noaa-sst/ca/noaa-buoy-201701.c.cpp.csv
-> size (bytes): 453,648
-> 41.29% of original


RESULTS
--------------------------(same file!)
CoderCA
ORIGINAL FILE:
-> name: /Users/pablocerve/Documents/FING/Proyecto/datasets-csv/[2]noaa-sst/months/2017/noaa-buoy-201701.csv
-> size (bytes): 1,098,682
COMPRESSED FILE:
-> name: /Users/pablocerve/Documents/FING/Proyecto/pc-tesis/dataset_parser/scripts/output/[2]noaa-sst/ca/noaa-buoy-201701.c.cpp.csv
-> size (bytes): 258,785
-> 23.55% of original


RESULTS
--------------------------(same file!)
CoderCA
ORIGINAL FILE:
-> name: /Users/pablocerve/Documents/FING/Proyecto/datasets-csv/[2]noaa-sst/months/2017/noaa-buoy-201701.csv
-> size (bytes): 1,098,682
COMPRESSED FILE:
-> name: /Users/pablocerve/Documents/FING/Proyecto/pc-tesis/dataset_parser/scripts/output/[2]noaa-sst/ca/noaa-buoy-201701.c.cpp.csv
-> size (bytes): 230,523
-> 20.98% of original


RESULTS
--------------------------(same file!)
CoderCA
ORIGINAL FILE:
-> name: /Users/pablocerve/Documents/FING/Proyecto/datasets-csv/[2]noaa-sst/months/2017/noaa-buoy-201701.csv
-> size (bytes): 1,098,682
COMPRESSED FILE:
-> name: /Users/pablocerve/Documents/FING/Proyecto/pc-tesis/dataset_parser/scripts/output/[2]noaa-sst/ca/noaa-buoy-201701.c.cpp.csv
-> size (bytes): 221,136
-> 20.13% of original


RESULTS
--------------------------(same file!)
CoderCA
ORIGINAL FILE:
-> name: /Users/pablocerve/Documents/FING/Proyecto/datasets-csv/[2]noaa-sst/months/2017/noaa-buoy-201701.csv
-> size (bytes): 1,098,682
COMPRESSED FILE:
-> name: /Users/pablocerve/Documents/FING/Proyecto/pc-tesis/dataset_parser/scripts/output/[2]noaa-sst/ca/noaa-buoy-201701.c.cpp.csv
-> size (bytes): 225,566
-> 20.53% of original


RESULTS
--------------------------(same file!)
CoderCA
ORIGINAL FILE:
-> name: /Users/pablocerve/Documents/FING/Proyecto/datasets-csv/[2]noaa-sst/months/2017/noaa-buoy-201701.csv
-> size (bytes): 1,098,682
COMPRESSED FILE:
-> name: /Users/pablocerve/Documents/FING/Proyecto/pc-tesis/dataset_parser/scripts/output/[2]noaa-sst/ca/noaa-buoy-201701.c.cpp.csv
-> size (bytes): 232,687
-> 21.18% of original


RESULTS
--------------------------(same file!)
CoderCA
ORIGINAL FILE:
-> name: /Users/pablocerve/Documents/FING/Proyecto/datasets-csv/[2]noaa-sst/months/2017/noaa-buoy-201701.csv
-> size (bytes): 1,098,682
COMPRESSED FILE:
-> name: /Users/pablocerve/Documents/FING/Proyecto/pc-tesis/dataset_parser/scripts/output/[2]noaa-sst/ca/noaa-buoy-201701.c.cpp.csv
-> size (bytes): 241,017
-> 21.94% of original


RESULTS
--------------------------(same file!)
CoderCA
ORIGINAL FILE:
-> name: /Users/pablocerve/Documents/FING/Proyecto/datasets-csv/[2]noaa-sst/months/2017/noaa-buoy-201701.csv
-> size (bytes): 1,098,682
COMPRESSED FILE:
-> name: /Users/pablocerve/Documents/FING/Proyecto/pc-tesis/dataset_parser/scripts/output/[2]noaa-sst/ca/noaa-buoy-201701.c.cpp.csv
-> size (bytes): 203,301
-> 18.5% of original


RESULTS
--------------------------(same file!)
CoderCA
ORIGINAL FILE:
-> name: /Users/pablocerve/Documents/FING/Proyecto/datasets-csv/[2]noaa-sst/months/2017/noaa-buoy-201701.csv
-> size (bytes): 1,098,682
COMPRESSED FILE:
-> name: /Users/pablocerve/Documents/FING/Proyecto/pc-tesis/dataset_parser/scripts/output/[2]noaa-sst/ca/noaa-buoy-201701.c.cpp.csv
-> size (bytes): 149,721
-> 13.63% of original


RESULTS
--------------------------(same file!)
CoderCA
ORIGINAL FILE:
-> name: /Users/pablocerve/Documents/FING/Proyecto/datasets-csv/[2]noaa-sst/months/2017/noaa-buoy-201701.csv
-> size (bytes): 1,098,682
COMPRESSED FILE:
-> name: /Users/pablocerve/Documents/FING/Proyecto/pc-tesis/dataset_parser/scripts/output/[2]noaa-sst/ca/noaa-buoy-201701.c.cpp.csv
-> size (bytes): 119,616
-> 10.89% of original


RESULTS
--------------------------(same file!)
CoderCA
ORIGINAL FILE:
-> name: /Users/pablocerve/Documents/FING/Proyecto/datasets-csv/[2]noaa-sst/months/2017/noaa-buoy-201701.csv
-> size (bytes): 1,098,682
COMPRESSED FILE:
-> name: /Users/pablocerve/Documents/FING/Proyecto/pc-tesis/dataset_parser/scripts/output/[2]noaa-sst/ca/noaa-buoy-201701.c.cpp.csv
-> size (bytes): 114,944
-> 10.46% of original


RESULTS
--------------------------(same file!)
CoderCA
ORIGINAL FILE:
-> name: /Users/pablocerve/Documents/FING/Proyecto/datasets-csv/[2]noaa-sst/months/2017/noaa-buoy-201701.csv
-> size (bytes): 1,098,682
COMPRESSED FILE:
-> name: /Users/pablocerve/Documents/FING/Proyecto/pc-tesis/dataset_parser/scripts/output/[2]noaa-sst/ca/noaa-buoy-201701.c.cpp.csv
-> size (bytes): 116,146
-> 10.57% of original


RESULTS
--------------------------(same file!)
CoderCA
ORIGINAL FILE:
-> name: /Users/pablocerve/Documents/FING/Proyecto/datasets-csv/[2]noaa-sst/months/2017/noaa-buoy-201701.csv
-> size (bytes): 1,098,682
COMPRESSED FILE:
-> name: /Users/pablocerve/Documents/FING/Proyecto/pc-tesis/dataset_parser/scripts/output/[2]noaa-sst/ca/noaa-buoy-201701.c.cpp.csv
-> size (bytes): 119,301
-> 10.86% of original


RESULTS
--------------------------(same file!)
CoderCA
ORIGINAL FILE:
-> name: /Users/pablocerve/Documents/FING/Proyecto/datasets-csv/[2]noaa-sst/months/2017/noaa-buoy-201701.csv
-> size (bytes): 1,098,682
COMPRESSED FILE:
-> name: /Users/pablocerve/Documents/FING/Proyecto/pc-tesis/dataset_parser/scripts/output/[2]noaa-sst/ca/noaa-buoy-201701.c.cpp.csv
-> size (bytes): 190,495
-> 17.34% of original


RESULTS
--------------------------(same file!)
CoderCA
ORIGINAL FILE:
-> name: /Users/pablocerve/Documents/FING/Proyecto/datasets-csv/[2]noaa-sst/months/2017/noaa-buoy-201701.csv
-> size (bytes): 1,098,682
COMPRESSED FILE:
-> name: /Users/pablocerve/Documents/FING/Proyecto/pc-tesis/dataset_parser/scripts/output/[2]noaa-sst/ca/noaa-buoy-201701.c.cpp.csv
-> size (bytes): 129,976
-> 11.83% of original


RESULTS
--------------------------(same file!)
CoderCA
ORIGINAL FILE:
-> name: /Users/pablocerve/Documents/FING/Proyecto/datasets-csv/[2]noaa-sst/months/2017/noaa-buoy-201701.csv
-> size (bytes): 1,098,682
COMPRESSED FILE:
-> name: /Users/pablocerve/Documents/FING/Proyecto/pc-tesis/dataset_parser/scripts/output/[2]noaa-sst/ca/noaa-buoy-201701.c.cpp.csv
-> size (bytes): 91,873
-> 8.36% of original


RESULTS
--------------------------(same file!)
CoderCA
ORIGINAL FILE:
-> name: /Users/pablocerve/Documents/FING/Proyecto/datasets-csv/[2]noaa-sst/months/2017/noaa-buoy-201701.csv
-> size (bytes): 1,098,682
COMPRESSED FILE:
-> name: /Users/pablocerve/Documents/FING/Proyecto/pc-tesis/dataset_parser/scripts/output/[2]noaa-sst/ca/noaa-buoy-201701.c.cpp.csv
-> size (bytes): 82,879
-> 7.54% of original


RESULTS
--------------------------(same file!)
CoderCA
ORIGINAL FILE:
-> name: /Users/pablocerve/Documents/FING/Proyecto/datasets-csv/[2]noaa-sst/months/2017/noaa-buoy-201701.csv
-> size (bytes): 1,098,682
COMPRESSED FILE:
-> name: /Users/pablocerve/Documents/FING/Proyecto/pc-tesis/dataset_parser/scripts/output/[2]noaa-sst/ca/noaa-buoy-201701.c.cpp.csv
-> size (bytes): 81,468
-> 7.42% of original


RESULTS
--------------------------(same file!)
CoderCA
ORIGINAL FILE:
-> name: /Users/pablocerve/Documents/FING/Proyecto/datasets-csv/[2]noaa-sst/months/2017/noaa-buoy-201701.csv
-> size (bytes): 1,098,682
COMPRESSED FILE:
-> name: /Users/pablocerve/Documents/FING/Proyecto/pc-tesis/dataset_parser/scripts/output/[2]noaa-sst/ca/noaa-buoy-201701.c.cpp.csv
-> size (bytes): 82,917
-> 7.55% of original


RESULTS
--------------------------(same file!)
CoderCA
ORIGINAL FILE:
-> name: /Users/pablocerve/Documents/FING/Proyecto/datasets-csv/[2]noaa-sst/months/2017/noaa-buoy-201701.csv
-> size (bytes): 1,098,682
COMPRESSED FILE:
-> name: /Users/pablocerve/Documents/FING/Proyecto/pc-tesis/dataset_parser/scripts/output/[2]noaa-sst/ca/noaa-buoy-201701.c.cpp.csv
-> size (bytes): 180,878
-> 16.46% of original


RESULTS
--------------------------(same file!)
CoderCA
ORIGINAL FILE:
-> name: /Users/pablocerve/Documents/FING/Proyecto/datasets-csv/[2]noaa-sst/months/2017/noaa-buoy-201701.csv
-> size (bytes): 1,098,682
COMPRESSED FILE:
-> name: /Users/pablocerve/Documents/FING/Proyecto/pc-tesis/dataset_parser/scripts/output/[2]noaa-sst/ca/noaa-buoy-201701.c.cpp.csv
-> size (bytes): 115,073
-> 10.47% of original


RESULTS
--------------------------(same file!)
CoderCA
ORIGINAL FILE:
-> name: /Users/pablocerve/Documents/FING/Proyecto/datasets-csv/[2]noaa-sst/months/2017/noaa-buoy-201701.csv
-> size (bytes): 1,098,682
COMPRESSED FILE:
-> name: /Users/pablocerve/Documents/FING/Proyecto/pc-tesis/dataset_parser/scripts/output/[2]noaa-sst/ca/noaa-buoy-201701.c.cpp.csv
-> size (bytes): 70,702
-> 6.44% of original


RESULTS
--------------------------(same file!)
CoderCA
ORIGINAL FILE:
-> name: /Users/pablocerve/Documents/FING/Proyecto/datasets-csv/[2]noaa-sst/months/2017/noaa-buoy-201701.csv
-> size (bytes): 1,098,682
COMPRESSED FILE:
-> name: /Users/pablocerve/Documents/FING/Proyecto/pc-tesis/dataset_parser/scripts/output/[2]noaa-sst/ca/noaa-buoy-201701.c.cpp.csv
-> size (bytes): 57,203
-> 5.21% of original


RESULTS
--------------------------(same file!)
CoderCA
ORIGINAL FILE:
-> name: /Users/pablocerve/Documents/FING/Proyecto/datasets-csv/[2]noaa-sst/months/2017/noaa-buoy-201701.csv
-> size (bytes): 1,098,682
COMPRESSED FILE:
-> name: /Users/pablocerve/Documents/FING/Proyecto/pc-tesis/dataset_parser/scripts/output/[2]noaa-sst/ca/noaa-buoy-201701.c.cpp.csv
-> size (bytes): 52,608
-> 4.79% of original


RESULTS
--------------------------(same file!)
CoderCA
ORIGINAL FILE:
-> name: /Users/pablocerve/Documents/FING/Proyecto/datasets-csv/[2]noaa-sst/months/2017/noaa-buoy-201701.csv
-> size (bytes): 1,098,682
COMPRESSED FILE:
-> name: /Users/pablocerve/Documents/FING/Proyecto/pc-tesis/dataset_parser/scripts/output/[2]noaa-sst/ca/noaa-buoy-201701.c.cpp.csv
-> size (bytes): 52,263
-> 4.76% of original


RESULTS
--------------------------(same file!)
CoderCA
ORIGINAL FILE:
-> name: /Users/pablocerve/Documents/FING/Proyecto/datasets-csv/[2]noaa-sst/months/2017/noaa-buoy-201701.csv
-> size (bytes): 1,098,682
COMPRESSED FILE:
-> name: /Users/pablocerve/Documents/FING/Proyecto/pc-tesis/dataset_parser/scripts/output/[2]noaa-sst/ca/noaa-buoy-201701.c.cpp.csv
-> size (bytes): 178,047
-> 16.21% of original


RESULTS
--------------------------(same file!)
CoderCA
ORIGINAL FILE:
-> name: /Users/pablocerve/Documents/FING/Proyecto/datasets-csv/[2]noaa-sst/months/2017/noaa-buoy-201701.csv
-> size (bytes): 1,098,682
COMPRESSED FILE:
-> name: /Users/pablocerve/Documents/FING/Proyecto/pc-tesis/dataset_parser/scripts/output/[2]noaa-sst/ca/noaa-buoy-201701.c.cpp.csv
-> size (bytes): 110,228
-> 10.03% of original


RESULTS
--------------------------(same file!)
CoderCA
ORIGINAL FILE:
-> name: /Users/pablocerve/Documents/FING/Proyecto/datasets-csv/[2]noaa-sst/months/2017/noaa-buoy-201701.csv
-> size (bytes): 1,098,682
COMPRESSED FILE:
-> name: /Users/pablocerve/Documents/FING/Proyecto/pc-tesis/dataset_parser/scripts/output/[2]noaa-sst/ca/noaa-buoy-201701.c.cpp.csv
-> size (bytes): 63,302
-> 5.76% of original


RESULTS
--------------------------(same file!)
CoderCA
ORIGINAL FILE:
-> name: /Users/pablocerve/Documents/FING/Proyecto/datasets-csv/[2]noaa-sst/months/2017/noaa-buoy-201701.csv
-> size (bytes): 1,098,682
COMPRESSED FILE:
-> name: /Users/pablocerve/Documents/FING/Proyecto/pc-tesis/dataset_parser/scripts/output/[2]noaa-sst/ca/noaa-buoy-201701.c.cpp.csv
-> size (bytes): 48,224
-> 4.39% of original


RESULTS
--------------------------(same file!)
CoderCA
ORIGINAL FILE:
-> name: /Users/pablocerve/Documents/FING/Proyecto/datasets-csv/[2]noaa-sst/months/2017/noaa-buoy-201701.csv
-> size (bytes): 1,098,682
COMPRESSED FILE:
-> name: /Users/pablocerve/Documents/FING/Proyecto/pc-tesis/dataset_parser/scripts/output/[2]noaa-sst/ca/noaa-buoy-201701.c.cpp.csv
-> size (bytes): 41,890
-> 3.81% of original


RESULTS
--------------------------(same file!)
CoderCA
ORIGINAL FILE:
-> name: /Users/pablocerve/Documents/FING/Proyecto/datasets-csv/[2]noaa-sst/months/2017/noaa-buoy-201701.csv
-> size (bytes): 1,098,682
COMPRESSED FILE:
-> name: /Users/pablocerve/Documents/FING/Proyecto/pc-tesis/dataset_parser/scripts/output/[2]noaa-sst/ca/noaa-buoy-201701.c.cpp.csv
-> size (bytes): 40,572
-> 3.69% of original


RESULTS
--------------------------(same file!)
CoderCA
ORIGINAL FILE:
-> name: /Users/pablocerve/Documents/FING/Proyecto/datasets-csv/[2]noaa-sst/months/2017/noaa-buoy-201701.csv
-> size (bytes): 1,098,682
COMPRESSED FILE:
-> name: /Users/pablocerve/Documents/FING/Proyecto/pc-tesis/dataset_parser/scripts/output/[2]noaa-sst/ca/noaa-buoy-201701.c.cpp.csv
-> size (bytes): 176,857
-> 16.1% of original


RESULTS
--------------------------(same file!)
CoderCA
ORIGINAL FILE:
-> name: /Users/pablocerve/Documents/FING/Proyecto/datasets-csv/[2]noaa-sst/months/2017/noaa-buoy-201701.csv
-> size (bytes): 1,098,682
COMPRESSED FILE:
-> name: /Users/pablocerve/Documents/FING/Proyecto/pc-tesis/dataset_parser/scripts/output/[2]noaa-sst/ca/noaa-buoy-201701.c.cpp.csv
-> size (bytes): 108,156
-> 9.84% of original


RESULTS
--------------------------(same file!)
CoderCA
ORIGINAL FILE:
-> name: /Users/pablocerve/Documents/FING/Proyecto/datasets-csv/[2]noaa-sst/months/2017/noaa-buoy-201701.csv
-> size (bytes): 1,098,682
COMPRESSED FILE:
-> name: /Users/pablocerve/Documents/FING/Proyecto/pc-tesis/dataset_parser/scripts/output/[2]noaa-sst/ca/noaa-buoy-201701.c.cpp.csv
-> size (bytes): 59,992
-> 5.46% of original


RESULTS
--------------------------(same file!)
CoderCA
ORIGINAL FILE:
-> name: /Users/pablocerve/Documents/FING/Proyecto/datasets-csv/[2]noaa-sst/months/2017/noaa-buoy-201701.csv
-> size (bytes): 1,098,682
COMPRESSED FILE:
-> name: /Users/pablocerve/Documents/FING/Proyecto/pc-tesis/dataset_parser/scripts/output/[2]noaa-sst/ca/noaa-buoy-201701.c.cpp.csv
-> size (bytes): 43,906
-> 4.0% of original


RESULTS
--------------------------(same file!)
CoderCA
ORIGINAL FILE:
-> name: /Users/pablocerve/Documents/FING/Proyecto/datasets-csv/[2]noaa-sst/months/2017/noaa-buoy-201701.csv
-> size (bytes): 1,098,682
COMPRESSED FILE:
-> name: /Users/pablocerve/Documents/FING/Proyecto/pc-tesis/dataset_parser/scripts/output/[2]noaa-sst/ca/noaa-buoy-201701.c.cpp.csv
-> size (bytes): 36,787
-> 3.35% of original


RESULTS
--------------------------(same file!)
CoderCA
ORIGINAL FILE:
-> name: /Users/pablocerve/Documents/FING/Proyecto/datasets-csv/[2]noaa-sst/months/2017/noaa-buoy-201701.csv
-> size (bytes): 1,098,682
COMPRESSED FILE:
-> name: /Users/pablocerve/Documents/FING/Proyecto/pc-tesis/dataset_parser/scripts/output/[2]noaa-sst/ca/noaa-buoy-201701.c.cpp.csv
-> size (bytes): 34,752
-> 3.16% of original


RESULTS
--------------------------(same file!)
CoderCA
ORIGINAL FILE:
-> name: /Users/pablocerve/Documents/FING/Proyecto/datasets-csv/[2]noaa-sst/months/2017/noaa-buoy-201701.csv
-> size (bytes): 1,098,682
COMPRESSED FILE:
-> name: /Users/pablocerve/Documents/FING/Proyecto/pc-tesis/dataset_parser/scripts/output/[2]noaa-sst/ca/noaa-buoy-201701.c.cpp.csv
-> size (bytes): 176,157
-> 16.03% of original


RESULTS
--------------------------(same file!)
CoderCA
ORIGINAL FILE:
-> name: /Users/pablocerve/Documents/FING/Proyecto/datasets-csv/[2]noaa-sst/months/2017/noaa-buoy-201701.csv
-> size (bytes): 1,098,682
COMPRESSED FILE:
-> name: /Users/pablocerve/Documents/FING/Proyecto/pc-tesis/dataset_parser/scripts/output/[2]noaa-sst/ca/noaa-buoy-201701.c.cpp.csv
-> size (bytes): 106,798
-> 9.72% of original


RESULTS
--------------------------(same file!)
CoderCA
ORIGINAL FILE:
-> name: /Users/pablocerve/Documents/FING/Proyecto/datasets-csv/[2]noaa-sst/months/2017/noaa-buoy-201701.csv
-> size (bytes): 1,098,682
COMPRESSED FILE:
-> name: /Users/pablocerve/Documents/FING/Proyecto/pc-tesis/dataset_parser/scripts/output/[2]noaa-sst/ca/noaa-buoy-201701.c.cpp.csv
-> size (bytes): 57,779
-> 5.26% of original


RESULTS
--------------------------(same file!)
CoderCA
ORIGINAL FILE:
-> name: /Users/pablocerve/Documents/FING/Proyecto/datasets-csv/[2]noaa-sst/months/2017/noaa-buoy-201701.csv
-> size (bytes): 1,098,682
COMPRESSED FILE:
-> name: /Users/pablocerve/Documents/FING/Proyecto/pc-tesis/dataset_parser/scripts/output/[2]noaa-sst/ca/noaa-buoy-201701.c.cpp.csv
-> size (bytes): 40,796
-> 3.71% of original


RESULTS
--------------------------(same file!)
CoderCA
ORIGINAL FILE:
-> name: /Users/pablocerve/Documents/FING/Proyecto/datasets-csv/[2]noaa-sst/months/2017/noaa-buoy-201701.csv
-> size (bytes): 1,098,682
COMPRESSED FILE:
-> name: /Users/pablocerve/Documents/FING/Proyecto/pc-tesis/dataset_parser/scripts/output/[2]noaa-sst/ca/noaa-buoy-201701.c.cpp.csv
-> size (bytes): 32,748
-> 2.98% of original


RESULTS
--------------------------(same file!)
CoderCA
ORIGINAL FILE:
-> name: /Users/pablocerve/Documents/FING/Proyecto/datasets-csv/[2]noaa-sst/months/2017/noaa-buoy-201701.csv
-> size (bytes): 1,098,682
COMPRESSED FILE:
-> name: /Users/pablocerve/Documents/FING/Proyecto/pc-tesis/dataset_parser/scripts/output/[2]noaa-sst/ca/noaa-buoy-201701.c.cpp.csv
-> size (bytes): 29,802
-> 2.71% of original


RESULTS
--------------------------(same file!)
CoderBasic
ORIGINAL FILE:
-> name: /Users/pablocerve/Documents/FING/Proyecto/datasets-csv/[2]noaa-sst/months/2017/noaa-buoy-201702.csv
-> size (bytes): 996,619
COMPRESSED FILE:
-> name: /Users/pablocerve/Documents/FING/Proyecto/pc-tesis/dataset_parser/scripts/output/[2]noaa-sst/basic/noaa-buoy-201702.c.cpp.csv
-> size (bytes): 447,201
-> 44.87% of original


RESULTS
--------------------------(same file!)
CoderCA
ORIGINAL FILE:
-> name: /Users/pablocerve/Documents/FING/Proyecto/datasets-csv/[2]noaa-sst/months/2017/noaa-buoy-201702.csv
-> size (bytes): 996,619
COMPRESSED FILE:
-> name: /Users/pablocerve/Documents/FING/Proyecto/pc-tesis/dataset_parser/scripts/output/[2]noaa-sst/ca/noaa-buoy-201702.c.cpp.csv
-> size (bytes): 368,021
-> 36.93% of original


RESULTS
--------------------------(same file!)
CoderCA
ORIGINAL FILE:
-> name: /Users/pablocerve/Documents/FING/Proyecto/datasets-csv/[2]noaa-sst/months/2017/noaa-buoy-201702.csv
-> size (bytes): 996,619
COMPRESSED FILE:
-> name: /Users/pablocerve/Documents/FING/Proyecto/pc-tesis/dataset_parser/scripts/output/[2]noaa-sst/ca/noaa-buoy-201702.c.cpp.csv
-> size (bytes): 365,969
-> 36.72% of original


RESULTS
--------------------------(same file!)
CoderCA
ORIGINAL FILE:
-> name: /Users/pablocerve/Documents/FING/Proyecto/datasets-csv/[2]noaa-sst/months/2017/noaa-buoy-201702.csv
-> size (bytes): 996,619
COMPRESSED FILE:
-> name: /Users/pablocerve/Documents/FING/Proyecto/pc-tesis/dataset_parser/scripts/output/[2]noaa-sst/ca/noaa-buoy-201702.c.cpp.csv
-> size (bytes): 371,004
-> 37.23% of original


RESULTS
--------------------------(same file!)
CoderCA
ORIGINAL FILE:
-> name: /Users/pablocerve/Documents/FING/Proyecto/datasets-csv/[2]noaa-sst/months/2017/noaa-buoy-201702.csv
-> size (bytes): 996,619
COMPRESSED FILE:
-> name: /Users/pablocerve/Documents/FING/Proyecto/pc-tesis/dataset_parser/scripts/output/[2]noaa-sst/ca/noaa-buoy-201702.c.cpp.csv
-> size (bytes): 383,759
-> 38.51% of original


RESULTS
--------------------------(same file!)
CoderCA
ORIGINAL FILE:
-> name: /Users/pablocerve/Documents/FING/Proyecto/datasets-csv/[2]noaa-sst/months/2017/noaa-buoy-201702.csv
-> size (bytes): 996,619
COMPRESSED FILE:
-> name: /Users/pablocerve/Documents/FING/Proyecto/pc-tesis/dataset_parser/scripts/output/[2]noaa-sst/ca/noaa-buoy-201702.c.cpp.csv
-> size (bytes): 398,464
-> 39.98% of original


RESULTS
--------------------------(same file!)
CoderCA
ORIGINAL FILE:
-> name: /Users/pablocerve/Documents/FING/Proyecto/datasets-csv/[2]noaa-sst/months/2017/noaa-buoy-201702.csv
-> size (bytes): 996,619
COMPRESSED FILE:
-> name: /Users/pablocerve/Documents/FING/Proyecto/pc-tesis/dataset_parser/scripts/output/[2]noaa-sst/ca/noaa-buoy-201702.c.cpp.csv
-> size (bytes): 414,189
-> 41.56% of original


RESULTS
--------------------------(same file!)
CoderCA
ORIGINAL FILE:
-> name: /Users/pablocerve/Documents/FING/Proyecto/datasets-csv/[2]noaa-sst/months/2017/noaa-buoy-201702.csv
-> size (bytes): 996,619
COMPRESSED FILE:
-> name: /Users/pablocerve/Documents/FING/Proyecto/pc-tesis/dataset_parser/scripts/output/[2]noaa-sst/ca/noaa-buoy-201702.c.cpp.csv
-> size (bytes): 252,461
-> 25.33% of original


RESULTS
--------------------------(same file!)
CoderCA
ORIGINAL FILE:
-> name: /Users/pablocerve/Documents/FING/Proyecto/datasets-csv/[2]noaa-sst/months/2017/noaa-buoy-201702.csv
-> size (bytes): 996,619
COMPRESSED FILE:
-> name: /Users/pablocerve/Documents/FING/Proyecto/pc-tesis/dataset_parser/scripts/output/[2]noaa-sst/ca/noaa-buoy-201702.c.cpp.csv
-> size (bytes): 230,994
-> 23.18% of original


RESULTS
--------------------------(same file!)
CoderCA
ORIGINAL FILE:
-> name: /Users/pablocerve/Documents/FING/Proyecto/datasets-csv/[2]noaa-sst/months/2017/noaa-buoy-201702.csv
-> size (bytes): 996,619
COMPRESSED FILE:
-> name: /Users/pablocerve/Documents/FING/Proyecto/pc-tesis/dataset_parser/scripts/output/[2]noaa-sst/ca/noaa-buoy-201702.c.cpp.csv
-> size (bytes): 224,225
-> 22.5% of original


RESULTS
--------------------------(same file!)
CoderCA
ORIGINAL FILE:
-> name: /Users/pablocerve/Documents/FING/Proyecto/datasets-csv/[2]noaa-sst/months/2017/noaa-buoy-201702.csv
-> size (bytes): 996,619
COMPRESSED FILE:
-> name: /Users/pablocerve/Documents/FING/Proyecto/pc-tesis/dataset_parser/scripts/output/[2]noaa-sst/ca/noaa-buoy-201702.c.cpp.csv
-> size (bytes): 229,316
-> 23.01% of original


RESULTS
--------------------------(same file!)
CoderCA
ORIGINAL FILE:
-> name: /Users/pablocerve/Documents/FING/Proyecto/datasets-csv/[2]noaa-sst/months/2017/noaa-buoy-201702.csv
-> size (bytes): 996,619
COMPRESSED FILE:
-> name: /Users/pablocerve/Documents/FING/Proyecto/pc-tesis/dataset_parser/scripts/output/[2]noaa-sst/ca/noaa-buoy-201702.c.cpp.csv
-> size (bytes): 236,906
-> 23.77% of original


RESULTS
--------------------------(same file!)
CoderCA
ORIGINAL FILE:
-> name: /Users/pablocerve/Documents/FING/Proyecto/datasets-csv/[2]noaa-sst/months/2017/noaa-buoy-201702.csv
-> size (bytes): 996,619
COMPRESSED FILE:
-> name: /Users/pablocerve/Documents/FING/Proyecto/pc-tesis/dataset_parser/scripts/output/[2]noaa-sst/ca/noaa-buoy-201702.c.cpp.csv
-> size (bytes): 245,601
-> 24.64% of original


RESULTS
--------------------------(same file!)
CoderCA
ORIGINAL FILE:
-> name: /Users/pablocerve/Documents/FING/Proyecto/datasets-csv/[2]noaa-sst/months/2017/noaa-buoy-201702.csv
-> size (bytes): 996,619
COMPRESSED FILE:
-> name: /Users/pablocerve/Documents/FING/Proyecto/pc-tesis/dataset_parser/scripts/output/[2]noaa-sst/ca/noaa-buoy-201702.c.cpp.csv
-> size (bytes): 197,097
-> 19.78% of original


RESULTS
--------------------------(same file!)
CoderCA
ORIGINAL FILE:
-> name: /Users/pablocerve/Documents/FING/Proyecto/datasets-csv/[2]noaa-sst/months/2017/noaa-buoy-201702.csv
-> size (bytes): 996,619
COMPRESSED FILE:
-> name: /Users/pablocerve/Documents/FING/Proyecto/pc-tesis/dataset_parser/scripts/output/[2]noaa-sst/ca/noaa-buoy-201702.c.cpp.csv
-> size (bytes): 154,431
-> 15.5% of original


RESULTS
--------------------------(same file!)
CoderCA
ORIGINAL FILE:
-> name: /Users/pablocerve/Documents/FING/Proyecto/datasets-csv/[2]noaa-sst/months/2017/noaa-buoy-201702.csv
-> size (bytes): 996,619
COMPRESSED FILE:
-> name: /Users/pablocerve/Documents/FING/Proyecto/pc-tesis/dataset_parser/scripts/output/[2]noaa-sst/ca/noaa-buoy-201702.c.cpp.csv
-> size (bytes): 131,793
-> 13.22% of original


RESULTS
--------------------------(same file!)
CoderCA
ORIGINAL FILE:
-> name: /Users/pablocerve/Documents/FING/Proyecto/datasets-csv/[2]noaa-sst/months/2017/noaa-buoy-201702.csv
-> size (bytes): 996,619
COMPRESSED FILE:
-> name: /Users/pablocerve/Documents/FING/Proyecto/pc-tesis/dataset_parser/scripts/output/[2]noaa-sst/ca/noaa-buoy-201702.c.cpp.csv
-> size (bytes): 129,538
-> 13.0% of original


RESULTS
--------------------------(same file!)
CoderCA
ORIGINAL FILE:
-> name: /Users/pablocerve/Documents/FING/Proyecto/datasets-csv/[2]noaa-sst/months/2017/noaa-buoy-201702.csv
-> size (bytes): 996,619
COMPRESSED FILE:
-> name: /Users/pablocerve/Documents/FING/Proyecto/pc-tesis/dataset_parser/scripts/output/[2]noaa-sst/ca/noaa-buoy-201702.c.cpp.csv
-> size (bytes): 131,813
-> 13.23% of original


RESULTS
--------------------------(same file!)
CoderCA
ORIGINAL FILE:
-> name: /Users/pablocerve/Documents/FING/Proyecto/datasets-csv/[2]noaa-sst/months/2017/noaa-buoy-201702.csv
-> size (bytes): 996,619
COMPRESSED FILE:
-> name: /Users/pablocerve/Documents/FING/Proyecto/pc-tesis/dataset_parser/scripts/output/[2]noaa-sst/ca/noaa-buoy-201702.c.cpp.csv
-> size (bytes): 135,840
-> 13.63% of original


RESULTS
--------------------------(same file!)
CoderCA
ORIGINAL FILE:
-> name: /Users/pablocerve/Documents/FING/Proyecto/datasets-csv/[2]noaa-sst/months/2017/noaa-buoy-201702.csv
-> size (bytes): 996,619
COMPRESSED FILE:
-> name: /Users/pablocerve/Documents/FING/Proyecto/pc-tesis/dataset_parser/scripts/output/[2]noaa-sst/ca/noaa-buoy-201702.c.cpp.csv
-> size (bytes): 181,377
-> 18.2% of original


RESULTS
--------------------------(same file!)
CoderCA
ORIGINAL FILE:
-> name: /Users/pablocerve/Documents/FING/Proyecto/datasets-csv/[2]noaa-sst/months/2017/noaa-buoy-201702.csv
-> size (bytes): 996,619
COMPRESSED FILE:
-> name: /Users/pablocerve/Documents/FING/Proyecto/pc-tesis/dataset_parser/scripts/output/[2]noaa-sst/ca/noaa-buoy-201702.c.cpp.csv
-> size (bytes): 131,216
-> 13.17% of original


RESULTS
--------------------------(same file!)
CoderCA
ORIGINAL FILE:
-> name: /Users/pablocerve/Documents/FING/Proyecto/datasets-csv/[2]noaa-sst/months/2017/noaa-buoy-201702.csv
-> size (bytes): 996,619
COMPRESSED FILE:
-> name: /Users/pablocerve/Documents/FING/Proyecto/pc-tesis/dataset_parser/scripts/output/[2]noaa-sst/ca/noaa-buoy-201702.c.cpp.csv
-> size (bytes): 101,382
-> 10.17% of original


RESULTS
--------------------------(same file!)
CoderCA
ORIGINAL FILE:
-> name: /Users/pablocerve/Documents/FING/Proyecto/datasets-csv/[2]noaa-sst/months/2017/noaa-buoy-201702.csv
-> size (bytes): 996,619
COMPRESSED FILE:
-> name: /Users/pablocerve/Documents/FING/Proyecto/pc-tesis/dataset_parser/scripts/output/[2]noaa-sst/ca/noaa-buoy-201702.c.cpp.csv
-> size (bytes): 95,380
-> 9.57% of original


RESULTS
--------------------------(same file!)
CoderCA
ORIGINAL FILE:
-> name: /Users/pablocerve/Documents/FING/Proyecto/datasets-csv/[2]noaa-sst/months/2017/noaa-buoy-201702.csv
-> size (bytes): 996,619
COMPRESSED FILE:
-> name: /Users/pablocerve/Documents/FING/Proyecto/pc-tesis/dataset_parser/scripts/output/[2]noaa-sst/ca/noaa-buoy-201702.c.cpp.csv
-> size (bytes): 95,344
-> 9.57% of original


RESULTS
--------------------------(same file!)
CoderCA
ORIGINAL FILE:
-> name: /Users/pablocerve/Documents/FING/Proyecto/datasets-csv/[2]noaa-sst/months/2017/noaa-buoy-201702.csv
-> size (bytes): 996,619
COMPRESSED FILE:
-> name: /Users/pablocerve/Documents/FING/Proyecto/pc-tesis/dataset_parser/scripts/output/[2]noaa-sst/ca/noaa-buoy-201702.c.cpp.csv
-> size (bytes): 97,671
-> 9.8% of original


RESULTS
--------------------------(same file!)
CoderCA
ORIGINAL FILE:
-> name: /Users/pablocerve/Documents/FING/Proyecto/datasets-csv/[2]noaa-sst/months/2017/noaa-buoy-201702.csv
-> size (bytes): 996,619
COMPRESSED FILE:
-> name: /Users/pablocerve/Documents/FING/Proyecto/pc-tesis/dataset_parser/scripts/output/[2]noaa-sst/ca/noaa-buoy-201702.c.cpp.csv
-> size (bytes): 168,844
-> 16.94% of original


RESULTS
--------------------------(same file!)
CoderCA
ORIGINAL FILE:
-> name: /Users/pablocerve/Documents/FING/Proyecto/datasets-csv/[2]noaa-sst/months/2017/noaa-buoy-201702.csv
-> size (bytes): 996,619
COMPRESSED FILE:
-> name: /Users/pablocerve/Documents/FING/Proyecto/pc-tesis/dataset_parser/scripts/output/[2]noaa-sst/ca/noaa-buoy-201702.c.cpp.csv
-> size (bytes): 111,766
-> 11.21% of original


RESULTS
--------------------------(same file!)
CoderCA
ORIGINAL FILE:
-> name: /Users/pablocerve/Documents/FING/Proyecto/datasets-csv/[2]noaa-sst/months/2017/noaa-buoy-201702.csv
-> size (bytes): 996,619
COMPRESSED FILE:
-> name: /Users/pablocerve/Documents/FING/Proyecto/pc-tesis/dataset_parser/scripts/output/[2]noaa-sst/ca/noaa-buoy-201702.c.cpp.csv
-> size (bytes): 74,600
-> 7.49% of original


RESULTS
--------------------------(same file!)
CoderCA
ORIGINAL FILE:
-> name: /Users/pablocerve/Documents/FING/Proyecto/datasets-csv/[2]noaa-sst/months/2017/noaa-buoy-201702.csv
-> size (bytes): 996,619
COMPRESSED FILE:
-> name: /Users/pablocerve/Documents/FING/Proyecto/pc-tesis/dataset_parser/scripts/output/[2]noaa-sst/ca/noaa-buoy-201702.c.cpp.csv
-> size (bytes): 64,401
-> 6.46% of original


RESULTS
--------------------------(same file!)
CoderCA
ORIGINAL FILE:
-> name: /Users/pablocerve/Documents/FING/Proyecto/datasets-csv/[2]noaa-sst/months/2017/noaa-buoy-201702.csv
-> size (bytes): 996,619
COMPRESSED FILE:
-> name: /Users/pablocerve/Documents/FING/Proyecto/pc-tesis/dataset_parser/scripts/output/[2]noaa-sst/ca/noaa-buoy-201702.c.cpp.csv
-> size (bytes): 61,430
-> 6.16% of original


RESULTS
--------------------------(same file!)
CoderCA
ORIGINAL FILE:
-> name: /Users/pablocerve/Documents/FING/Proyecto/datasets-csv/[2]noaa-sst/months/2017/noaa-buoy-201702.csv
-> size (bytes): 996,619
COMPRESSED FILE:
-> name: /Users/pablocerve/Documents/FING/Proyecto/pc-tesis/dataset_parser/scripts/output/[2]noaa-sst/ca/noaa-buoy-201702.c.cpp.csv
-> size (bytes): 61,845
-> 6.21% of original


RESULTS
--------------------------(same file!)
CoderCA
ORIGINAL FILE:
-> name: /Users/pablocerve/Documents/FING/Proyecto/datasets-csv/[2]noaa-sst/months/2017/noaa-buoy-201702.csv
-> size (bytes): 996,619
COMPRESSED FILE:
-> name: /Users/pablocerve/Documents/FING/Proyecto/pc-tesis/dataset_parser/scripts/output/[2]noaa-sst/ca/noaa-buoy-201702.c.cpp.csv
-> size (bytes): 164,847
-> 16.54% of original


RESULTS
--------------------------(same file!)
CoderCA
ORIGINAL FILE:
-> name: /Users/pablocerve/Documents/FING/Proyecto/datasets-csv/[2]noaa-sst/months/2017/noaa-buoy-201702.csv
-> size (bytes): 996,619
COMPRESSED FILE:
-> name: /Users/pablocerve/Documents/FING/Proyecto/pc-tesis/dataset_parser/scripts/output/[2]noaa-sst/ca/noaa-buoy-201702.c.cpp.csv
-> size (bytes): 105,736
-> 10.61% of original


RESULTS
--------------------------(same file!)
CoderCA
ORIGINAL FILE:
-> name: /Users/pablocerve/Documents/FING/Proyecto/datasets-csv/[2]noaa-sst/months/2017/noaa-buoy-201702.csv
-> size (bytes): 996,619
COMPRESSED FILE:
-> name: /Users/pablocerve/Documents/FING/Proyecto/pc-tesis/dataset_parser/scripts/output/[2]noaa-sst/ca/noaa-buoy-201702.c.cpp.csv
-> size (bytes): 65,598
-> 6.58% of original


RESULTS
--------------------------(same file!)
CoderCA
ORIGINAL FILE:
-> name: /Users/pablocerve/Documents/FING/Proyecto/datasets-csv/[2]noaa-sst/months/2017/noaa-buoy-201702.csv
-> size (bytes): 996,619
COMPRESSED FILE:
-> name: /Users/pablocerve/Documents/FING/Proyecto/pc-tesis/dataset_parser/scripts/output/[2]noaa-sst/ca/noaa-buoy-201702.c.cpp.csv
-> size (bytes): 53,547
-> 5.37% of original


RESULTS
--------------------------(same file!)
CoderCA
ORIGINAL FILE:
-> name: /Users/pablocerve/Documents/FING/Proyecto/datasets-csv/[2]noaa-sst/months/2017/noaa-buoy-201702.csv
-> size (bytes): 996,619
COMPRESSED FILE:
-> name: /Users/pablocerve/Documents/FING/Proyecto/pc-tesis/dataset_parser/scripts/output/[2]noaa-sst/ca/noaa-buoy-201702.c.cpp.csv
-> size (bytes): 49,163
-> 4.93% of original


RESULTS
--------------------------(same file!)
CoderCA
ORIGINAL FILE:
-> name: /Users/pablocerve/Documents/FING/Proyecto/datasets-csv/[2]noaa-sst/months/2017/noaa-buoy-201702.csv
-> size (bytes): 996,619
COMPRESSED FILE:
-> name: /Users/pablocerve/Documents/FING/Proyecto/pc-tesis/dataset_parser/scripts/output/[2]noaa-sst/ca/noaa-buoy-201702.c.cpp.csv
-> size (bytes): 48,648
-> 4.88% of original


RESULTS
--------------------------(same file!)
CoderCA
ORIGINAL FILE:
-> name: /Users/pablocerve/Documents/FING/Proyecto/datasets-csv/[2]noaa-sst/months/2017/noaa-buoy-201702.csv
-> size (bytes): 996,619
COMPRESSED FILE:
-> name: /Users/pablocerve/Documents/FING/Proyecto/pc-tesis/dataset_parser/scripts/output/[2]noaa-sst/ca/noaa-buoy-201702.c.cpp.csv
-> size (bytes): 163,130
-> 16.37% of original


RESULTS
--------------------------(same file!)
CoderCA
ORIGINAL FILE:
-> name: /Users/pablocerve/Documents/FING/Proyecto/datasets-csv/[2]noaa-sst/months/2017/noaa-buoy-201702.csv
-> size (bytes): 996,619
COMPRESSED FILE:
-> name: /Users/pablocerve/Documents/FING/Proyecto/pc-tesis/dataset_parser/scripts/output/[2]noaa-sst/ca/noaa-buoy-201702.c.cpp.csv
-> size (bytes): 102,806
-> 10.32% of original


RESULTS
--------------------------(same file!)
CoderCA
ORIGINAL FILE:
-> name: /Users/pablocerve/Documents/FING/Proyecto/datasets-csv/[2]noaa-sst/months/2017/noaa-buoy-201702.csv
-> size (bytes): 996,619
COMPRESSED FILE:
-> name: /Users/pablocerve/Documents/FING/Proyecto/pc-tesis/dataset_parser/scripts/output/[2]noaa-sst/ca/noaa-buoy-201702.c.cpp.csv
-> size (bytes): 61,186
-> 6.14% of original


RESULTS
--------------------------(same file!)
CoderCA
ORIGINAL FILE:
-> name: /Users/pablocerve/Documents/FING/Proyecto/datasets-csv/[2]noaa-sst/months/2017/noaa-buoy-201702.csv
-> size (bytes): 996,619
COMPRESSED FILE:
-> name: /Users/pablocerve/Documents/FING/Proyecto/pc-tesis/dataset_parser/scripts/output/[2]noaa-sst/ca/noaa-buoy-201702.c.cpp.csv
-> size (bytes): 47,965
-> 4.81% of original


RESULTS
--------------------------(same file!)
CoderCA
ORIGINAL FILE:
-> name: /Users/pablocerve/Documents/FING/Proyecto/datasets-csv/[2]noaa-sst/months/2017/noaa-buoy-201702.csv
-> size (bytes): 996,619
COMPRESSED FILE:
-> name: /Users/pablocerve/Documents/FING/Proyecto/pc-tesis/dataset_parser/scripts/output/[2]noaa-sst/ca/noaa-buoy-201702.c.cpp.csv
-> size (bytes): 42,792
-> 4.29% of original


RESULTS
--------------------------(same file!)
CoderCA
ORIGINAL FILE:
-> name: /Users/pablocerve/Documents/FING/Proyecto/datasets-csv/[2]noaa-sst/months/2017/noaa-buoy-201702.csv
-> size (bytes): 996,619
COMPRESSED FILE:
-> name: /Users/pablocerve/Documents/FING/Proyecto/pc-tesis/dataset_parser/scripts/output/[2]noaa-sst/ca/noaa-buoy-201702.c.cpp.csv
-> size (bytes): 41,718
-> 4.19% of original


RESULTS
--------------------------(same file!)
CoderCA
ORIGINAL FILE:
-> name: /Users/pablocerve/Documents/FING/Proyecto/datasets-csv/[2]noaa-sst/months/2017/noaa-buoy-201702.csv
-> size (bytes): 996,619
COMPRESSED FILE:
-> name: /Users/pablocerve/Documents/FING/Proyecto/pc-tesis/dataset_parser/scripts/output/[2]noaa-sst/ca/noaa-buoy-201702.c.cpp.csv
-> size (bytes): 161,904
-> 16.25% of original


RESULTS
--------------------------(same file!)
CoderCA
ORIGINAL FILE:
-> name: /Users/pablocerve/Documents/FING/Proyecto/datasets-csv/[2]noaa-sst/months/2017/noaa-buoy-201702.csv
-> size (bytes): 996,619
COMPRESSED FILE:
-> name: /Users/pablocerve/Documents/FING/Proyecto/pc-tesis/dataset_parser/scripts/output/[2]noaa-sst/ca/noaa-buoy-201702.c.cpp.csv
-> size (bytes): 100,664
-> 10.1% of original


RESULTS
--------------------------(same file!)
CoderCA
ORIGINAL FILE:
-> name: /Users/pablocerve/Documents/FING/Proyecto/datasets-csv/[2]noaa-sst/months/2017/noaa-buoy-201702.csv
-> size (bytes): 996,619
COMPRESSED FILE:
-> name: /Users/pablocerve/Documents/FING/Proyecto/pc-tesis/dataset_parser/scripts/output/[2]noaa-sst/ca/noaa-buoy-201702.c.cpp.csv
-> size (bytes): 57,632
-> 5.78% of original


RESULTS
--------------------------(same file!)
CoderCA
ORIGINAL FILE:
-> name: /Users/pablocerve/Documents/FING/Proyecto/datasets-csv/[2]noaa-sst/months/2017/noaa-buoy-201702.csv
-> size (bytes): 996,619
COMPRESSED FILE:
-> name: /Users/pablocerve/Documents/FING/Proyecto/pc-tesis/dataset_parser/scripts/output/[2]noaa-sst/ca/noaa-buoy-201702.c.cpp.csv
-> size (bytes): 43,427
-> 4.36% of original


RESULTS
--------------------------(same file!)
CoderCA
ORIGINAL FILE:
-> name: /Users/pablocerve/Documents/FING/Proyecto/datasets-csv/[2]noaa-sst/months/2017/noaa-buoy-201702.csv
-> size (bytes): 996,619
COMPRESSED FILE:
-> name: /Users/pablocerve/Documents/FING/Proyecto/pc-tesis/dataset_parser/scripts/output/[2]noaa-sst/ca/noaa-buoy-201702.c.cpp.csv
-> size (bytes): 37,228
-> 3.74% of original


RESULTS
--------------------------(same file!)
CoderCA
ORIGINAL FILE:
-> name: /Users/pablocerve/Documents/FING/Proyecto/datasets-csv/[2]noaa-sst/months/2017/noaa-buoy-201702.csv
-> size (bytes): 996,619
COMPRESSED FILE:
-> name: /Users/pablocerve/Documents/FING/Proyecto/pc-tesis/dataset_parser/scripts/output/[2]noaa-sst/ca/noaa-buoy-201702.c.cpp.csv
-> size (bytes): 35,424
-> 3.55% of original

