
RESULTS
--------------------------(same file!)
CoderBasic
ORIGINAL FILE:
-> name: /Users/pablocerve/Documents/FING/Proyecto/datasets-csv/[6]noaa-spc-reports/tornado/noaa_spc-tornado.csv
-> size (bytes): 58,251
COMPRESSED FILE:
-> name: /Users/pablocerve/Documents/FING/Proyecto/pc-tesis/dataset_parser/scripts/output/[6]noaa-spc-reports/basic/noaa_spc-tornado.c.cpp.csv
-> size (bytes): 20,195
-> 34.67% of original


RESULTS
--------------------------(same file!)
CoderCA
ORIGINAL FILE:
-> name: /Users/pablocerve/Documents/FING/Proyecto/datasets-csv/[6]noaa-spc-reports/tornado/noaa_spc-tornado.csv
-> size (bytes): 58,251
COMPRESSED FILE:
-> name: /Users/pablocerve/Documents/FING/Proyecto/pc-tesis/dataset_parser/scripts/output/[6]noaa-spc-reports/ca/noaa_spc-tornado.c.cpp.csv
-> size (bytes): 23,035
-> 39.54% of original


RESULTS
--------------------------(same file!)
CoderCA
ORIGINAL FILE:
-> name: /Users/pablocerve/Documents/FING/Proyecto/datasets-csv/[6]noaa-spc-reports/tornado/noaa_spc-tornado.csv
-> size (bytes): 58,251
COMPRESSED FILE:
-> name: /Users/pablocerve/Documents/FING/Proyecto/pc-tesis/dataset_parser/scripts/output/[6]noaa-spc-reports/ca/noaa_spc-tornado.c.cpp.csv
-> size (bytes): 23,993
-> 41.19% of original


RESULTS
--------------------------(same file!)
CoderCA
ORIGINAL FILE:
-> name: /Users/pablocerve/Documents/FING/Proyecto/datasets-csv/[6]noaa-spc-reports/tornado/noaa_spc-tornado.csv
-> size (bytes): 58,251
COMPRESSED FILE:
-> name: /Users/pablocerve/Documents/FING/Proyecto/pc-tesis/dataset_parser/scripts/output/[6]noaa-spc-reports/ca/noaa_spc-tornado.c.cpp.csv
-> size (bytes): 24,951
-> 42.83% of original


RESULTS
--------------------------(same file!)
CoderCA
ORIGINAL FILE:
-> name: /Users/pablocerve/Documents/FING/Proyecto/datasets-csv/[6]noaa-spc-reports/tornado/noaa_spc-tornado.csv
-> size (bytes): 58,251
COMPRESSED FILE:
-> name: /Users/pablocerve/Documents/FING/Proyecto/pc-tesis/dataset_parser/scripts/output/[6]noaa-spc-reports/ca/noaa_spc-tornado.c.cpp.csv
-> size (bytes): 25,908
-> 44.48% of original


RESULTS
--------------------------(same file!)
CoderCA
ORIGINAL FILE:
-> name: /Users/pablocerve/Documents/FING/Proyecto/datasets-csv/[6]noaa-spc-reports/tornado/noaa_spc-tornado.csv
-> size (bytes): 58,251
COMPRESSED FILE:
-> name: /Users/pablocerve/Documents/FING/Proyecto/pc-tesis/dataset_parser/scripts/output/[6]noaa-spc-reports/ca/noaa_spc-tornado.c.cpp.csv
-> size (bytes): 26,866
-> 46.12% of original


RESULTS
--------------------------(same file!)
CoderCA
ORIGINAL FILE:
-> name: /Users/pablocerve/Documents/FING/Proyecto/datasets-csv/[6]noaa-spc-reports/tornado/noaa_spc-tornado.csv
-> size (bytes): 58,251
COMPRESSED FILE:
-> name: /Users/pablocerve/Documents/FING/Proyecto/pc-tesis/dataset_parser/scripts/output/[6]noaa-spc-reports/ca/noaa_spc-tornado.c.cpp.csv
-> size (bytes): 27,823
-> 47.76% of original


RESULTS
--------------------------(same file!)
CoderCA
ORIGINAL FILE:
-> name: /Users/pablocerve/Documents/FING/Proyecto/datasets-csv/[6]noaa-spc-reports/tornado/noaa_spc-tornado.csv
-> size (bytes): 58,251
COMPRESSED FILE:
-> name: /Users/pablocerve/Documents/FING/Proyecto/pc-tesis/dataset_parser/scripts/output/[6]noaa-spc-reports/ca/noaa_spc-tornado.c.cpp.csv
-> size (bytes): 21,163
-> 36.33% of original


RESULTS
--------------------------(same file!)
CoderCA
ORIGINAL FILE:
-> name: /Users/pablocerve/Documents/FING/Proyecto/datasets-csv/[6]noaa-spc-reports/tornado/noaa_spc-tornado.csv
-> size (bytes): 58,251
COMPRESSED FILE:
-> name: /Users/pablocerve/Documents/FING/Proyecto/pc-tesis/dataset_parser/scripts/output/[6]noaa-spc-reports/ca/noaa_spc-tornado.c.cpp.csv
-> size (bytes): 21,959
-> 37.7% of original


RESULTS
--------------------------(same file!)
CoderCA
ORIGINAL FILE:
-> name: /Users/pablocerve/Documents/FING/Proyecto/datasets-csv/[6]noaa-spc-reports/tornado/noaa_spc-tornado.csv
-> size (bytes): 58,251
COMPRESSED FILE:
-> name: /Users/pablocerve/Documents/FING/Proyecto/pc-tesis/dataset_parser/scripts/output/[6]noaa-spc-reports/ca/noaa_spc-tornado.c.cpp.csv
-> size (bytes): 22,789
-> 39.12% of original


RESULTS
--------------------------(same file!)
CoderCA
ORIGINAL FILE:
-> name: /Users/pablocerve/Documents/FING/Proyecto/datasets-csv/[6]noaa-spc-reports/tornado/noaa_spc-tornado.csv
-> size (bytes): 58,251
COMPRESSED FILE:
-> name: /Users/pablocerve/Documents/FING/Proyecto/pc-tesis/dataset_parser/scripts/output/[6]noaa-spc-reports/ca/noaa_spc-tornado.c.cpp.csv
-> size (bytes): 23,624
-> 40.56% of original


RESULTS
--------------------------(same file!)
CoderCA
ORIGINAL FILE:
-> name: /Users/pablocerve/Documents/FING/Proyecto/datasets-csv/[6]noaa-spc-reports/tornado/noaa_spc-tornado.csv
-> size (bytes): 58,251
COMPRESSED FILE:
-> name: /Users/pablocerve/Documents/FING/Proyecto/pc-tesis/dataset_parser/scripts/output/[6]noaa-spc-reports/ca/noaa_spc-tornado.c.cpp.csv
-> size (bytes): 24,458
-> 41.99% of original


RESULTS
--------------------------(same file!)
CoderCA
ORIGINAL FILE:
-> name: /Users/pablocerve/Documents/FING/Proyecto/datasets-csv/[6]noaa-spc-reports/tornado/noaa_spc-tornado.csv
-> size (bytes): 58,251
COMPRESSED FILE:
-> name: /Users/pablocerve/Documents/FING/Proyecto/pc-tesis/dataset_parser/scripts/output/[6]noaa-spc-reports/ca/noaa_spc-tornado.c.cpp.csv
-> size (bytes): 25,293
-> 43.42% of original


RESULTS
--------------------------(same file!)
CoderCA
ORIGINAL FILE:
-> name: /Users/pablocerve/Documents/FING/Proyecto/datasets-csv/[6]noaa-spc-reports/tornado/noaa_spc-tornado.csv
-> size (bytes): 58,251
COMPRESSED FILE:
-> name: /Users/pablocerve/Documents/FING/Proyecto/pc-tesis/dataset_parser/scripts/output/[6]noaa-spc-reports/ca/noaa_spc-tornado.c.cpp.csv
-> size (bytes): 19,627
-> 33.69% of original


RESULTS
--------------------------(same file!)
CoderCA
ORIGINAL FILE:
-> name: /Users/pablocerve/Documents/FING/Proyecto/datasets-csv/[6]noaa-spc-reports/tornado/noaa_spc-tornado.csv
-> size (bytes): 58,251
COMPRESSED FILE:
-> name: /Users/pablocerve/Documents/FING/Proyecto/pc-tesis/dataset_parser/scripts/output/[6]noaa-spc-reports/ca/noaa_spc-tornado.c.cpp.csv
-> size (bytes): 20,160
-> 34.61% of original


RESULTS
--------------------------(same file!)
CoderCA
ORIGINAL FILE:
-> name: /Users/pablocerve/Documents/FING/Proyecto/datasets-csv/[6]noaa-spc-reports/tornado/noaa_spc-tornado.csv
-> size (bytes): 58,251
COMPRESSED FILE:
-> name: /Users/pablocerve/Documents/FING/Proyecto/pc-tesis/dataset_parser/scripts/output/[6]noaa-spc-reports/ca/noaa_spc-tornado.c.cpp.csv
-> size (bytes): 20,873
-> 35.83% of original


RESULTS
--------------------------(same file!)
CoderCA
ORIGINAL FILE:
-> name: /Users/pablocerve/Documents/FING/Proyecto/datasets-csv/[6]noaa-spc-reports/tornado/noaa_spc-tornado.csv
-> size (bytes): 58,251
COMPRESSED FILE:
-> name: /Users/pablocerve/Documents/FING/Proyecto/pc-tesis/dataset_parser/scripts/output/[6]noaa-spc-reports/ca/noaa_spc-tornado.c.cpp.csv
-> size (bytes): 21,599
-> 37.08% of original


RESULTS
--------------------------(same file!)
CoderCA
ORIGINAL FILE:
-> name: /Users/pablocerve/Documents/FING/Proyecto/datasets-csv/[6]noaa-spc-reports/tornado/noaa_spc-tornado.csv
-> size (bytes): 58,251
COMPRESSED FILE:
-> name: /Users/pablocerve/Documents/FING/Proyecto/pc-tesis/dataset_parser/scripts/output/[6]noaa-spc-reports/ca/noaa_spc-tornado.c.cpp.csv
-> size (bytes): 22,324
-> 38.32% of original


RESULTS
--------------------------(same file!)
CoderCA
ORIGINAL FILE:
-> name: /Users/pablocerve/Documents/FING/Proyecto/datasets-csv/[6]noaa-spc-reports/tornado/noaa_spc-tornado.csv
-> size (bytes): 58,251
COMPRESSED FILE:
-> name: /Users/pablocerve/Documents/FING/Proyecto/pc-tesis/dataset_parser/scripts/output/[6]noaa-spc-reports/ca/noaa_spc-tornado.c.cpp.csv
-> size (bytes): 23,050
-> 39.57% of original


RESULTS
--------------------------(same file!)
CoderCA
ORIGINAL FILE:
-> name: /Users/pablocerve/Documents/FING/Proyecto/datasets-csv/[6]noaa-spc-reports/tornado/noaa_spc-tornado.csv
-> size (bytes): 58,251
COMPRESSED FILE:
-> name: /Users/pablocerve/Documents/FING/Proyecto/pc-tesis/dataset_parser/scripts/output/[6]noaa-spc-reports/ca/noaa_spc-tornado.c.cpp.csv
-> size (bytes): 18,930
-> 32.5% of original


RESULTS
--------------------------(same file!)
CoderCA
ORIGINAL FILE:
-> name: /Users/pablocerve/Documents/FING/Proyecto/datasets-csv/[6]noaa-spc-reports/tornado/noaa_spc-tornado.csv
-> size (bytes): 58,251
COMPRESSED FILE:
-> name: /Users/pablocerve/Documents/FING/Proyecto/pc-tesis/dataset_parser/scripts/output/[6]noaa-spc-reports/ca/noaa_spc-tornado.c.cpp.csv
-> size (bytes): 19,322
-> 33.17% of original


RESULTS
--------------------------(same file!)
CoderCA
ORIGINAL FILE:
-> name: /Users/pablocerve/Documents/FING/Proyecto/datasets-csv/[6]noaa-spc-reports/tornado/noaa_spc-tornado.csv
-> size (bytes): 58,251
COMPRESSED FILE:
-> name: /Users/pablocerve/Documents/FING/Proyecto/pc-tesis/dataset_parser/scripts/output/[6]noaa-spc-reports/ca/noaa_spc-tornado.c.cpp.csv
-> size (bytes): 19,967
-> 34.28% of original


RESULTS
--------------------------(same file!)
CoderCA
ORIGINAL FILE:
-> name: /Users/pablocerve/Documents/FING/Proyecto/datasets-csv/[6]noaa-spc-reports/tornado/noaa_spc-tornado.csv
-> size (bytes): 58,251
COMPRESSED FILE:
-> name: /Users/pablocerve/Documents/FING/Proyecto/pc-tesis/dataset_parser/scripts/output/[6]noaa-spc-reports/ca/noaa_spc-tornado.c.cpp.csv
-> size (bytes): 20,641
-> 35.43% of original


RESULTS
--------------------------(same file!)
CoderCA
ORIGINAL FILE:
-> name: /Users/pablocerve/Documents/FING/Proyecto/datasets-csv/[6]noaa-spc-reports/tornado/noaa_spc-tornado.csv
-> size (bytes): 58,251
COMPRESSED FILE:
-> name: /Users/pablocerve/Documents/FING/Proyecto/pc-tesis/dataset_parser/scripts/output/[6]noaa-spc-reports/ca/noaa_spc-tornado.c.cpp.csv
-> size (bytes): 21,314
-> 36.59% of original


RESULTS
--------------------------(same file!)
CoderCA
ORIGINAL FILE:
-> name: /Users/pablocerve/Documents/FING/Proyecto/datasets-csv/[6]noaa-spc-reports/tornado/noaa_spc-tornado.csv
-> size (bytes): 58,251
COMPRESSED FILE:
-> name: /Users/pablocerve/Documents/FING/Proyecto/pc-tesis/dataset_parser/scripts/output/[6]noaa-spc-reports/ca/noaa_spc-tornado.c.cpp.csv
-> size (bytes): 21,988
-> 37.75% of original


RESULTS
--------------------------(same file!)
CoderCA
ORIGINAL FILE:
-> name: /Users/pablocerve/Documents/FING/Proyecto/datasets-csv/[6]noaa-spc-reports/tornado/noaa_spc-tornado.csv
-> size (bytes): 58,251
COMPRESSED FILE:
-> name: /Users/pablocerve/Documents/FING/Proyecto/pc-tesis/dataset_parser/scripts/output/[6]noaa-spc-reports/ca/noaa_spc-tornado.c.cpp.csv
-> size (bytes): 17,794
-> 30.55% of original


RESULTS
--------------------------(same file!)
CoderCA
ORIGINAL FILE:
-> name: /Users/pablocerve/Documents/FING/Proyecto/datasets-csv/[6]noaa-spc-reports/tornado/noaa_spc-tornado.csv
-> size (bytes): 58,251
COMPRESSED FILE:
-> name: /Users/pablocerve/Documents/FING/Proyecto/pc-tesis/dataset_parser/scripts/output/[6]noaa-spc-reports/ca/noaa_spc-tornado.c.cpp.csv
-> size (bytes): 17,889
-> 30.71% of original


RESULTS
--------------------------(same file!)
CoderCA
ORIGINAL FILE:
-> name: /Users/pablocerve/Documents/FING/Proyecto/datasets-csv/[6]noaa-spc-reports/tornado/noaa_spc-tornado.csv
-> size (bytes): 58,251
COMPRESSED FILE:
-> name: /Users/pablocerve/Documents/FING/Proyecto/pc-tesis/dataset_parser/scripts/output/[6]noaa-spc-reports/ca/noaa_spc-tornado.c.cpp.csv
-> size (bytes): 18,377
-> 31.55% of original


RESULTS
--------------------------(same file!)
CoderCA
ORIGINAL FILE:
-> name: /Users/pablocerve/Documents/FING/Proyecto/datasets-csv/[6]noaa-spc-reports/tornado/noaa_spc-tornado.csv
-> size (bytes): 58,251
COMPRESSED FILE:
-> name: /Users/pablocerve/Documents/FING/Proyecto/pc-tesis/dataset_parser/scripts/output/[6]noaa-spc-reports/ca/noaa_spc-tornado.c.cpp.csv
-> size (bytes): 18,960
-> 32.55% of original


RESULTS
--------------------------(same file!)
CoderCA
ORIGINAL FILE:
-> name: /Users/pablocerve/Documents/FING/Proyecto/datasets-csv/[6]noaa-spc-reports/tornado/noaa_spc-tornado.csv
-> size (bytes): 58,251
COMPRESSED FILE:
-> name: /Users/pablocerve/Documents/FING/Proyecto/pc-tesis/dataset_parser/scripts/output/[6]noaa-spc-reports/ca/noaa_spc-tornado.c.cpp.csv
-> size (bytes): 19,544
-> 33.55% of original


RESULTS
--------------------------(same file!)
CoderCA
ORIGINAL FILE:
-> name: /Users/pablocerve/Documents/FING/Proyecto/datasets-csv/[6]noaa-spc-reports/tornado/noaa_spc-tornado.csv
-> size (bytes): 58,251
COMPRESSED FILE:
-> name: /Users/pablocerve/Documents/FING/Proyecto/pc-tesis/dataset_parser/scripts/output/[6]noaa-spc-reports/ca/noaa_spc-tornado.c.cpp.csv
-> size (bytes): 20,127
-> 34.55% of original


RESULTS
--------------------------(same file!)
CoderCA
ORIGINAL FILE:
-> name: /Users/pablocerve/Documents/FING/Proyecto/datasets-csv/[6]noaa-spc-reports/tornado/noaa_spc-tornado.csv
-> size (bytes): 58,251
COMPRESSED FILE:
-> name: /Users/pablocerve/Documents/FING/Proyecto/pc-tesis/dataset_parser/scripts/output/[6]noaa-spc-reports/ca/noaa_spc-tornado.c.cpp.csv
-> size (bytes): 17,102
-> 29.36% of original


RESULTS
--------------------------(same file!)
CoderCA
ORIGINAL FILE:
-> name: /Users/pablocerve/Documents/FING/Proyecto/datasets-csv/[6]noaa-spc-reports/tornado/noaa_spc-tornado.csv
-> size (bytes): 58,251
COMPRESSED FILE:
-> name: /Users/pablocerve/Documents/FING/Proyecto/pc-tesis/dataset_parser/scripts/output/[6]noaa-spc-reports/ca/noaa_spc-tornado.c.cpp.csv
-> size (bytes): 16,966
-> 29.13% of original


RESULTS
--------------------------(same file!)
CoderCA
ORIGINAL FILE:
-> name: /Users/pablocerve/Documents/FING/Proyecto/datasets-csv/[6]noaa-spc-reports/tornado/noaa_spc-tornado.csv
-> size (bytes): 58,251
COMPRESSED FILE:
-> name: /Users/pablocerve/Documents/FING/Proyecto/pc-tesis/dataset_parser/scripts/output/[6]noaa-spc-reports/ca/noaa_spc-tornado.c.cpp.csv
-> size (bytes): 17,319
-> 29.73% of original


RESULTS
--------------------------(same file!)
CoderCA
ORIGINAL FILE:
-> name: /Users/pablocerve/Documents/FING/Proyecto/datasets-csv/[6]noaa-spc-reports/tornado/noaa_spc-tornado.csv
-> size (bytes): 58,251
COMPRESSED FILE:
-> name: /Users/pablocerve/Documents/FING/Proyecto/pc-tesis/dataset_parser/scripts/output/[6]noaa-spc-reports/ca/noaa_spc-tornado.c.cpp.csv
-> size (bytes): 17,842
-> 30.63% of original


RESULTS
--------------------------(same file!)
CoderCA
ORIGINAL FILE:
-> name: /Users/pablocerve/Documents/FING/Proyecto/datasets-csv/[6]noaa-spc-reports/tornado/noaa_spc-tornado.csv
-> size (bytes): 58,251
COMPRESSED FILE:
-> name: /Users/pablocerve/Documents/FING/Proyecto/pc-tesis/dataset_parser/scripts/output/[6]noaa-spc-reports/ca/noaa_spc-tornado.c.cpp.csv
-> size (bytes): 18,364
-> 31.53% of original


RESULTS
--------------------------(same file!)
CoderCA
ORIGINAL FILE:
-> name: /Users/pablocerve/Documents/FING/Proyecto/datasets-csv/[6]noaa-spc-reports/tornado/noaa_spc-tornado.csv
-> size (bytes): 58,251
COMPRESSED FILE:
-> name: /Users/pablocerve/Documents/FING/Proyecto/pc-tesis/dataset_parser/scripts/output/[6]noaa-spc-reports/ca/noaa_spc-tornado.c.cpp.csv
-> size (bytes): 18,887
-> 32.42% of original


RESULTS
--------------------------(same file!)
CoderCA
ORIGINAL FILE:
-> name: /Users/pablocerve/Documents/FING/Proyecto/datasets-csv/[6]noaa-spc-reports/tornado/noaa_spc-tornado.csv
-> size (bytes): 58,251
COMPRESSED FILE:
-> name: /Users/pablocerve/Documents/FING/Proyecto/pc-tesis/dataset_parser/scripts/output/[6]noaa-spc-reports/ca/noaa_spc-tornado.c.cpp.csv
-> size (bytes): 16,652
-> 28.59% of original


RESULTS
--------------------------(same file!)
CoderCA
ORIGINAL FILE:
-> name: /Users/pablocerve/Documents/FING/Proyecto/datasets-csv/[6]noaa-spc-reports/tornado/noaa_spc-tornado.csv
-> size (bytes): 58,251
COMPRESSED FILE:
-> name: /Users/pablocerve/Documents/FING/Proyecto/pc-tesis/dataset_parser/scripts/output/[6]noaa-spc-reports/ca/noaa_spc-tornado.c.cpp.csv
-> size (bytes): 16,333
-> 28.04% of original


RESULTS
--------------------------(same file!)
CoderCA
ORIGINAL FILE:
-> name: /Users/pablocerve/Documents/FING/Proyecto/datasets-csv/[6]noaa-spc-reports/tornado/noaa_spc-tornado.csv
-> size (bytes): 58,251
COMPRESSED FILE:
-> name: /Users/pablocerve/Documents/FING/Proyecto/pc-tesis/dataset_parser/scripts/output/[6]noaa-spc-reports/ca/noaa_spc-tornado.c.cpp.csv
-> size (bytes): 16,579
-> 28.46% of original


RESULTS
--------------------------(same file!)
CoderCA
ORIGINAL FILE:
-> name: /Users/pablocerve/Documents/FING/Proyecto/datasets-csv/[6]noaa-spc-reports/tornado/noaa_spc-tornado.csv
-> size (bytes): 58,251
COMPRESSED FILE:
-> name: /Users/pablocerve/Documents/FING/Proyecto/pc-tesis/dataset_parser/scripts/output/[6]noaa-spc-reports/ca/noaa_spc-tornado.c.cpp.csv
-> size (bytes): 17,050
-> 29.27% of original


RESULTS
--------------------------(same file!)
CoderCA
ORIGINAL FILE:
-> name: /Users/pablocerve/Documents/FING/Proyecto/datasets-csv/[6]noaa-spc-reports/tornado/noaa_spc-tornado.csv
-> size (bytes): 58,251
COMPRESSED FILE:
-> name: /Users/pablocerve/Documents/FING/Proyecto/pc-tesis/dataset_parser/scripts/output/[6]noaa-spc-reports/ca/noaa_spc-tornado.c.cpp.csv
-> size (bytes): 17,530
-> 30.09% of original


RESULTS
--------------------------(same file!)
CoderCA
ORIGINAL FILE:
-> name: /Users/pablocerve/Documents/FING/Proyecto/datasets-csv/[6]noaa-spc-reports/tornado/noaa_spc-tornado.csv
-> size (bytes): 58,251
COMPRESSED FILE:
-> name: /Users/pablocerve/Documents/FING/Proyecto/pc-tesis/dataset_parser/scripts/output/[6]noaa-spc-reports/ca/noaa_spc-tornado.c.cpp.csv
-> size (bytes): 18,010
-> 30.92% of original


RESULTS
--------------------------(same file!)
CoderCA
ORIGINAL FILE:
-> name: /Users/pablocerve/Documents/FING/Proyecto/datasets-csv/[6]noaa-spc-reports/tornado/noaa_spc-tornado.csv
-> size (bytes): 58,251
COMPRESSED FILE:
-> name: /Users/pablocerve/Documents/FING/Proyecto/pc-tesis/dataset_parser/scripts/output/[6]noaa-spc-reports/ca/noaa_spc-tornado.c.cpp.csv
-> size (bytes): 16,084
-> 27.61% of original


RESULTS
--------------------------(same file!)
CoderCA
ORIGINAL FILE:
-> name: /Users/pablocerve/Documents/FING/Proyecto/datasets-csv/[6]noaa-spc-reports/tornado/noaa_spc-tornado.csv
-> size (bytes): 58,251
COMPRESSED FILE:
-> name: /Users/pablocerve/Documents/FING/Proyecto/pc-tesis/dataset_parser/scripts/output/[6]noaa-spc-reports/ca/noaa_spc-tornado.c.cpp.csv
-> size (bytes): 15,499
-> 26.61% of original


RESULTS
--------------------------(same file!)
CoderCA
ORIGINAL FILE:
-> name: /Users/pablocerve/Documents/FING/Proyecto/datasets-csv/[6]noaa-spc-reports/tornado/noaa_spc-tornado.csv
-> size (bytes): 58,251
COMPRESSED FILE:
-> name: /Users/pablocerve/Documents/FING/Proyecto/pc-tesis/dataset_parser/scripts/output/[6]noaa-spc-reports/ca/noaa_spc-tornado.c.cpp.csv
-> size (bytes): 15,573
-> 26.73% of original


RESULTS
--------------------------(same file!)
CoderCA
ORIGINAL FILE:
-> name: /Users/pablocerve/Documents/FING/Proyecto/datasets-csv/[6]noaa-spc-reports/tornado/noaa_spc-tornado.csv
-> size (bytes): 58,251
COMPRESSED FILE:
-> name: /Users/pablocerve/Documents/FING/Proyecto/pc-tesis/dataset_parser/scripts/output/[6]noaa-spc-reports/ca/noaa_spc-tornado.c.cpp.csv
-> size (bytes): 15,982
-> 27.44% of original


RESULTS
--------------------------(same file!)
CoderCA
ORIGINAL FILE:
-> name: /Users/pablocerve/Documents/FING/Proyecto/datasets-csv/[6]noaa-spc-reports/tornado/noaa_spc-tornado.csv
-> size (bytes): 58,251
COMPRESSED FILE:
-> name: /Users/pablocerve/Documents/FING/Proyecto/pc-tesis/dataset_parser/scripts/output/[6]noaa-spc-reports/ca/noaa_spc-tornado.c.cpp.csv
-> size (bytes): 16,404
-> 28.16% of original


RESULTS
--------------------------(same file!)
CoderCA
ORIGINAL FILE:
-> name: /Users/pablocerve/Documents/FING/Proyecto/datasets-csv/[6]noaa-spc-reports/tornado/noaa_spc-tornado.csv
-> size (bytes): 58,251
COMPRESSED FILE:
-> name: /Users/pablocerve/Documents/FING/Proyecto/pc-tesis/dataset_parser/scripts/output/[6]noaa-spc-reports/ca/noaa_spc-tornado.c.cpp.csv
-> size (bytes): 16,826
-> 28.89% of original

