
RESULTS
--------------------------(same file!)
CoderBasic
ORIGINAL FILE:
-> name: /Users/pablocerve/Documents/FING/Proyecto/datasets-csv/[3]noaa-adcp/2015/noaa-adcp-201501.csv
-> size (bytes): 1,298,980
COMPRESSED FILE:
-> name: /Users/pablocerve/Documents/FING/Proyecto/pc-tesis/dataset_parser/scripts/output/[3]noaa-adcp/basic/noaa-adcp-201501.c.cpp.csv
-> size (bytes): 645,023
-> 49.66% of original


RESULTS
--------------------------(same file!)
CoderCA
ORIGINAL FILE:
-> name: /Users/pablocerve/Documents/FING/Proyecto/datasets-csv/[3]noaa-adcp/2015/noaa-adcp-201501.csv
-> size (bytes): 1,298,980
COMPRESSED FILE:
-> name: /Users/pablocerve/Documents/FING/Proyecto/pc-tesis/dataset_parser/scripts/output/[3]noaa-adcp/ca/noaa-adcp-201501.c.cpp.csv
-> size (bytes): 598,286
-> 46.06% of original


RESULTS
--------------------------(same file!)
CoderCA
ORIGINAL FILE:
-> name: /Users/pablocerve/Documents/FING/Proyecto/datasets-csv/[3]noaa-adcp/2015/noaa-adcp-201501.csv
-> size (bytes): 1,298,980
COMPRESSED FILE:
-> name: /Users/pablocerve/Documents/FING/Proyecto/pc-tesis/dataset_parser/scripts/output/[3]noaa-adcp/ca/noaa-adcp-201501.c.cpp.csv
-> size (bytes): 610,805
-> 47.02% of original


RESULTS
--------------------------(same file!)
CoderCA
ORIGINAL FILE:
-> name: /Users/pablocerve/Documents/FING/Proyecto/datasets-csv/[3]noaa-adcp/2015/noaa-adcp-201501.csv
-> size (bytes): 1,298,980
COMPRESSED FILE:
-> name: /Users/pablocerve/Documents/FING/Proyecto/pc-tesis/dataset_parser/scripts/output/[3]noaa-adcp/ca/noaa-adcp-201501.c.cpp.csv
-> size (bytes): 631,487
-> 48.61% of original


RESULTS
--------------------------(same file!)
CoderCA
ORIGINAL FILE:
-> name: /Users/pablocerve/Documents/FING/Proyecto/datasets-csv/[3]noaa-adcp/2015/noaa-adcp-201501.csv
-> size (bytes): 1,298,980
COMPRESSED FILE:
-> name: /Users/pablocerve/Documents/FING/Proyecto/pc-tesis/dataset_parser/scripts/output/[3]noaa-adcp/ca/noaa-adcp-201501.c.cpp.csv
-> size (bytes): 662,114
-> 50.97% of original


RESULTS
--------------------------(same file!)
CoderCA
ORIGINAL FILE:
-> name: /Users/pablocerve/Documents/FING/Proyecto/datasets-csv/[3]noaa-adcp/2015/noaa-adcp-201501.csv
-> size (bytes): 1,298,980
COMPRESSED FILE:
-> name: /Users/pablocerve/Documents/FING/Proyecto/pc-tesis/dataset_parser/scripts/output/[3]noaa-adcp/ca/noaa-adcp-201501.c.cpp.csv
-> size (bytes): 695,375
-> 53.53% of original


RESULTS
--------------------------(same file!)
CoderCA
ORIGINAL FILE:
-> name: /Users/pablocerve/Documents/FING/Proyecto/datasets-csv/[3]noaa-adcp/2015/noaa-adcp-201501.csv
-> size (bytes): 1,298,980
COMPRESSED FILE:
-> name: /Users/pablocerve/Documents/FING/Proyecto/pc-tesis/dataset_parser/scripts/output/[3]noaa-adcp/ca/noaa-adcp-201501.c.cpp.csv
-> size (bytes): 729,664
-> 56.17% of original


RESULTS
--------------------------(same file!)
CoderCA
ORIGINAL FILE:
-> name: /Users/pablocerve/Documents/FING/Proyecto/datasets-csv/[3]noaa-adcp/2015/noaa-adcp-201501.csv
-> size (bytes): 1,298,980
COMPRESSED FILE:
-> name: /Users/pablocerve/Documents/FING/Proyecto/pc-tesis/dataset_parser/scripts/output/[3]noaa-adcp/ca/noaa-adcp-201501.c.cpp.csv
-> size (bytes): 590,893
-> 45.49% of original


RESULTS
--------------------------(same file!)
CoderCA
ORIGINAL FILE:
-> name: /Users/pablocerve/Documents/FING/Proyecto/datasets-csv/[3]noaa-adcp/2015/noaa-adcp-201501.csv
-> size (bytes): 1,298,980
COMPRESSED FILE:
-> name: /Users/pablocerve/Documents/FING/Proyecto/pc-tesis/dataset_parser/scripts/output/[3]noaa-adcp/ca/noaa-adcp-201501.c.cpp.csv
-> size (bytes): 602,919
-> 46.41% of original


RESULTS
--------------------------(same file!)
CoderCA
ORIGINAL FILE:
-> name: /Users/pablocerve/Documents/FING/Proyecto/datasets-csv/[3]noaa-adcp/2015/noaa-adcp-201501.csv
-> size (bytes): 1,298,980
COMPRESSED FILE:
-> name: /Users/pablocerve/Documents/FING/Proyecto/pc-tesis/dataset_parser/scripts/output/[3]noaa-adcp/ca/noaa-adcp-201501.c.cpp.csv
-> size (bytes): 623,108
-> 47.97% of original


RESULTS
--------------------------(same file!)
CoderCA
ORIGINAL FILE:
-> name: /Users/pablocerve/Documents/FING/Proyecto/datasets-csv/[3]noaa-adcp/2015/noaa-adcp-201501.csv
-> size (bytes): 1,298,980
COMPRESSED FILE:
-> name: /Users/pablocerve/Documents/FING/Proyecto/pc-tesis/dataset_parser/scripts/output/[3]noaa-adcp/ca/noaa-adcp-201501.c.cpp.csv
-> size (bytes): 653,243
-> 50.29% of original


RESULTS
--------------------------(same file!)
CoderCA
ORIGINAL FILE:
-> name: /Users/pablocerve/Documents/FING/Proyecto/datasets-csv/[3]noaa-adcp/2015/noaa-adcp-201501.csv
-> size (bytes): 1,298,980
COMPRESSED FILE:
-> name: /Users/pablocerve/Documents/FING/Proyecto/pc-tesis/dataset_parser/scripts/output/[3]noaa-adcp/ca/noaa-adcp-201501.c.cpp.csv
-> size (bytes): 686,010
-> 52.81% of original


RESULTS
--------------------------(same file!)
CoderCA
ORIGINAL FILE:
-> name: /Users/pablocerve/Documents/FING/Proyecto/datasets-csv/[3]noaa-adcp/2015/noaa-adcp-201501.csv
-> size (bytes): 1,298,980
COMPRESSED FILE:
-> name: /Users/pablocerve/Documents/FING/Proyecto/pc-tesis/dataset_parser/scripts/output/[3]noaa-adcp/ca/noaa-adcp-201501.c.cpp.csv
-> size (bytes): 719,806
-> 55.41% of original


RESULTS
--------------------------(same file!)
CoderCA
ORIGINAL FILE:
-> name: /Users/pablocerve/Documents/FING/Proyecto/datasets-csv/[3]noaa-adcp/2015/noaa-adcp-201501.csv
-> size (bytes): 1,298,980
COMPRESSED FILE:
-> name: /Users/pablocerve/Documents/FING/Proyecto/pc-tesis/dataset_parser/scripts/output/[3]noaa-adcp/ca/noaa-adcp-201501.c.cpp.csv
-> size (bytes): 572,134
-> 44.04% of original


RESULTS
--------------------------(same file!)
CoderCA
ORIGINAL FILE:
-> name: /Users/pablocerve/Documents/FING/Proyecto/datasets-csv/[3]noaa-adcp/2015/noaa-adcp-201501.csv
-> size (bytes): 1,298,980
COMPRESSED FILE:
-> name: /Users/pablocerve/Documents/FING/Proyecto/pc-tesis/dataset_parser/scripts/output/[3]noaa-adcp/ca/noaa-adcp-201501.c.cpp.csv
-> size (bytes): 582,909
-> 44.87% of original


RESULTS
--------------------------(same file!)
CoderCA
ORIGINAL FILE:
-> name: /Users/pablocerve/Documents/FING/Proyecto/datasets-csv/[3]noaa-adcp/2015/noaa-adcp-201501.csv
-> size (bytes): 1,298,980
COMPRESSED FILE:
-> name: /Users/pablocerve/Documents/FING/Proyecto/pc-tesis/dataset_parser/scripts/output/[3]noaa-adcp/ca/noaa-adcp-201501.c.cpp.csv
-> size (bytes): 601,848
-> 46.33% of original


RESULTS
--------------------------(same file!)
CoderCA
ORIGINAL FILE:
-> name: /Users/pablocerve/Documents/FING/Proyecto/datasets-csv/[3]noaa-adcp/2015/noaa-adcp-201501.csv
-> size (bytes): 1,298,980
COMPRESSED FILE:
-> name: /Users/pablocerve/Documents/FING/Proyecto/pc-tesis/dataset_parser/scripts/output/[3]noaa-adcp/ca/noaa-adcp-201501.c.cpp.csv
-> size (bytes): 630,731
-> 48.56% of original


RESULTS
--------------------------(same file!)
CoderCA
ORIGINAL FILE:
-> name: /Users/pablocerve/Documents/FING/Proyecto/datasets-csv/[3]noaa-adcp/2015/noaa-adcp-201501.csv
-> size (bytes): 1,298,980
COMPRESSED FILE:
-> name: /Users/pablocerve/Documents/FING/Proyecto/pc-tesis/dataset_parser/scripts/output/[3]noaa-adcp/ca/noaa-adcp-201501.c.cpp.csv
-> size (bytes): 662,249
-> 50.98% of original


RESULTS
--------------------------(same file!)
CoderCA
ORIGINAL FILE:
-> name: /Users/pablocerve/Documents/FING/Proyecto/datasets-csv/[3]noaa-adcp/2015/noaa-adcp-201501.csv
-> size (bytes): 1,298,980
COMPRESSED FILE:
-> name: /Users/pablocerve/Documents/FING/Proyecto/pc-tesis/dataset_parser/scripts/output/[3]noaa-adcp/ca/noaa-adcp-201501.c.cpp.csv
-> size (bytes): 694,794
-> 53.49% of original


RESULTS
--------------------------(same file!)
CoderCA
ORIGINAL FILE:
-> name: /Users/pablocerve/Documents/FING/Proyecto/datasets-csv/[3]noaa-adcp/2015/noaa-adcp-201501.csv
-> size (bytes): 1,298,980
COMPRESSED FILE:
-> name: /Users/pablocerve/Documents/FING/Proyecto/pc-tesis/dataset_parser/scripts/output/[3]noaa-adcp/ca/noaa-adcp-201501.c.cpp.csv
-> size (bytes): 555,715
-> 42.78% of original


RESULTS
--------------------------(same file!)
CoderCA
ORIGINAL FILE:
-> name: /Users/pablocerve/Documents/FING/Proyecto/datasets-csv/[3]noaa-adcp/2015/noaa-adcp-201501.csv
-> size (bytes): 1,298,980
COMPRESSED FILE:
-> name: /Users/pablocerve/Documents/FING/Proyecto/pc-tesis/dataset_parser/scripts/output/[3]noaa-adcp/ca/noaa-adcp-201501.c.cpp.csv
-> size (bytes): 565,379
-> 43.52% of original


RESULTS
--------------------------(same file!)
CoderCA
ORIGINAL FILE:
-> name: /Users/pablocerve/Documents/FING/Proyecto/datasets-csv/[3]noaa-adcp/2015/noaa-adcp-201501.csv
-> size (bytes): 1,298,980
COMPRESSED FILE:
-> name: /Users/pablocerve/Documents/FING/Proyecto/pc-tesis/dataset_parser/scripts/output/[3]noaa-adcp/ca/noaa-adcp-201501.c.cpp.csv
-> size (bytes): 583,222
-> 44.9% of original


RESULTS
--------------------------(same file!)
CoderCA
ORIGINAL FILE:
-> name: /Users/pablocerve/Documents/FING/Proyecto/datasets-csv/[3]noaa-adcp/2015/noaa-adcp-201501.csv
-> size (bytes): 1,298,980
COMPRESSED FILE:
-> name: /Users/pablocerve/Documents/FING/Proyecto/pc-tesis/dataset_parser/scripts/output/[3]noaa-adcp/ca/noaa-adcp-201501.c.cpp.csv
-> size (bytes): 611,010
-> 47.04% of original


RESULTS
--------------------------(same file!)
CoderCA
ORIGINAL FILE:
-> name: /Users/pablocerve/Documents/FING/Proyecto/datasets-csv/[3]noaa-adcp/2015/noaa-adcp-201501.csv
-> size (bytes): 1,298,980
COMPRESSED FILE:
-> name: /Users/pablocerve/Documents/FING/Proyecto/pc-tesis/dataset_parser/scripts/output/[3]noaa-adcp/ca/noaa-adcp-201501.c.cpp.csv
-> size (bytes): 641,432
-> 49.38% of original


RESULTS
--------------------------(same file!)
CoderCA
ORIGINAL FILE:
-> name: /Users/pablocerve/Documents/FING/Proyecto/datasets-csv/[3]noaa-adcp/2015/noaa-adcp-201501.csv
-> size (bytes): 1,298,980
COMPRESSED FILE:
-> name: /Users/pablocerve/Documents/FING/Proyecto/pc-tesis/dataset_parser/scripts/output/[3]noaa-adcp/ca/noaa-adcp-201501.c.cpp.csv
-> size (bytes): 672,881
-> 51.8% of original


RESULTS
--------------------------(same file!)
CoderCA
ORIGINAL FILE:
-> name: /Users/pablocerve/Documents/FING/Proyecto/datasets-csv/[3]noaa-adcp/2015/noaa-adcp-201501.csv
-> size (bytes): 1,298,980
COMPRESSED FILE:
-> name: /Users/pablocerve/Documents/FING/Proyecto/pc-tesis/dataset_parser/scripts/output/[3]noaa-adcp/ca/noaa-adcp-201501.c.cpp.csv
-> size (bytes): 509,496
-> 39.22% of original


RESULTS
--------------------------(same file!)
CoderCA
ORIGINAL FILE:
-> name: /Users/pablocerve/Documents/FING/Proyecto/datasets-csv/[3]noaa-adcp/2015/noaa-adcp-201501.csv
-> size (bytes): 1,298,980
COMPRESSED FILE:
-> name: /Users/pablocerve/Documents/FING/Proyecto/pc-tesis/dataset_parser/scripts/output/[3]noaa-adcp/ca/noaa-adcp-201501.c.cpp.csv
-> size (bytes): 515,533
-> 39.69% of original


RESULTS
--------------------------(same file!)
CoderCA
ORIGINAL FILE:
-> name: /Users/pablocerve/Documents/FING/Proyecto/datasets-csv/[3]noaa-adcp/2015/noaa-adcp-201501.csv
-> size (bytes): 1,298,980
COMPRESSED FILE:
-> name: /Users/pablocerve/Documents/FING/Proyecto/pc-tesis/dataset_parser/scripts/output/[3]noaa-adcp/ca/noaa-adcp-201501.c.cpp.csv
-> size (bytes): 530,256
-> 40.82% of original


RESULTS
--------------------------(same file!)
CoderCA
ORIGINAL FILE:
-> name: /Users/pablocerve/Documents/FING/Proyecto/datasets-csv/[3]noaa-adcp/2015/noaa-adcp-201501.csv
-> size (bytes): 1,298,980
COMPRESSED FILE:
-> name: /Users/pablocerve/Documents/FING/Proyecto/pc-tesis/dataset_parser/scripts/output/[3]noaa-adcp/ca/noaa-adcp-201501.c.cpp.csv
-> size (bytes): 554,929
-> 42.72% of original


RESULTS
--------------------------(same file!)
CoderCA
ORIGINAL FILE:
-> name: /Users/pablocerve/Documents/FING/Proyecto/datasets-csv/[3]noaa-adcp/2015/noaa-adcp-201501.csv
-> size (bytes): 1,298,980
COMPRESSED FILE:
-> name: /Users/pablocerve/Documents/FING/Proyecto/pc-tesis/dataset_parser/scripts/output/[3]noaa-adcp/ca/noaa-adcp-201501.c.cpp.csv
-> size (bytes): 582,235
-> 44.82% of original


RESULTS
--------------------------(same file!)
CoderCA
ORIGINAL FILE:
-> name: /Users/pablocerve/Documents/FING/Proyecto/datasets-csv/[3]noaa-adcp/2015/noaa-adcp-201501.csv
-> size (bytes): 1,298,980
COMPRESSED FILE:
-> name: /Users/pablocerve/Documents/FING/Proyecto/pc-tesis/dataset_parser/scripts/output/[3]noaa-adcp/ca/noaa-adcp-201501.c.cpp.csv
-> size (bytes): 610,569
-> 47.0% of original


RESULTS
--------------------------(same file!)
CoderCA
ORIGINAL FILE:
-> name: /Users/pablocerve/Documents/FING/Proyecto/datasets-csv/[3]noaa-adcp/2015/noaa-adcp-201501.csv
-> size (bytes): 1,298,980
COMPRESSED FILE:
-> name: /Users/pablocerve/Documents/FING/Proyecto/pc-tesis/dataset_parser/scripts/output/[3]noaa-adcp/ca/noaa-adcp-201501.c.cpp.csv
-> size (bytes): 470,711
-> 36.24% of original


RESULTS
--------------------------(same file!)
CoderCA
ORIGINAL FILE:
-> name: /Users/pablocerve/Documents/FING/Proyecto/datasets-csv/[3]noaa-adcp/2015/noaa-adcp-201501.csv
-> size (bytes): 1,298,980
COMPRESSED FILE:
-> name: /Users/pablocerve/Documents/FING/Proyecto/pc-tesis/dataset_parser/scripts/output/[3]noaa-adcp/ca/noaa-adcp-201501.c.cpp.csv
-> size (bytes): 472,475
-> 36.37% of original


RESULTS
--------------------------(same file!)
CoderCA
ORIGINAL FILE:
-> name: /Users/pablocerve/Documents/FING/Proyecto/datasets-csv/[3]noaa-adcp/2015/noaa-adcp-201501.csv
-> size (bytes): 1,298,980
COMPRESSED FILE:
-> name: /Users/pablocerve/Documents/FING/Proyecto/pc-tesis/dataset_parser/scripts/output/[3]noaa-adcp/ca/noaa-adcp-201501.c.cpp.csv
-> size (bytes): 484,469
-> 37.3% of original


RESULTS
--------------------------(same file!)
CoderCA
ORIGINAL FILE:
-> name: /Users/pablocerve/Documents/FING/Proyecto/datasets-csv/[3]noaa-adcp/2015/noaa-adcp-201501.csv
-> size (bytes): 1,298,980
COMPRESSED FILE:
-> name: /Users/pablocerve/Documents/FING/Proyecto/pc-tesis/dataset_parser/scripts/output/[3]noaa-adcp/ca/noaa-adcp-201501.c.cpp.csv
-> size (bytes): 506,448
-> 38.99% of original


RESULTS
--------------------------(same file!)
CoderCA
ORIGINAL FILE:
-> name: /Users/pablocerve/Documents/FING/Proyecto/datasets-csv/[3]noaa-adcp/2015/noaa-adcp-201501.csv
-> size (bytes): 1,298,980
COMPRESSED FILE:
-> name: /Users/pablocerve/Documents/FING/Proyecto/pc-tesis/dataset_parser/scripts/output/[3]noaa-adcp/ca/noaa-adcp-201501.c.cpp.csv
-> size (bytes): 531,061
-> 40.88% of original


RESULTS
--------------------------(same file!)
CoderCA
ORIGINAL FILE:
-> name: /Users/pablocerve/Documents/FING/Proyecto/datasets-csv/[3]noaa-adcp/2015/noaa-adcp-201501.csv
-> size (bytes): 1,298,980
COMPRESSED FILE:
-> name: /Users/pablocerve/Documents/FING/Proyecto/pc-tesis/dataset_parser/scripts/output/[3]noaa-adcp/ca/noaa-adcp-201501.c.cpp.csv
-> size (bytes): 556,701
-> 42.86% of original


RESULTS
--------------------------(same file!)
CoderCA
ORIGINAL FILE:
-> name: /Users/pablocerve/Documents/FING/Proyecto/datasets-csv/[3]noaa-adcp/2015/noaa-adcp-201501.csv
-> size (bytes): 1,298,980
COMPRESSED FILE:
-> name: /Users/pablocerve/Documents/FING/Proyecto/pc-tesis/dataset_parser/scripts/output/[3]noaa-adcp/ca/noaa-adcp-201501.c.cpp.csv
-> size (bytes): 436,069
-> 33.57% of original


RESULTS
--------------------------(same file!)
CoderCA
ORIGINAL FILE:
-> name: /Users/pablocerve/Documents/FING/Proyecto/datasets-csv/[3]noaa-adcp/2015/noaa-adcp-201501.csv
-> size (bytes): 1,298,980
COMPRESSED FILE:
-> name: /Users/pablocerve/Documents/FING/Proyecto/pc-tesis/dataset_parser/scripts/output/[3]noaa-adcp/ca/noaa-adcp-201501.c.cpp.csv
-> size (bytes): 432,097
-> 33.26% of original


RESULTS
--------------------------(same file!)
CoderCA
ORIGINAL FILE:
-> name: /Users/pablocerve/Documents/FING/Proyecto/datasets-csv/[3]noaa-adcp/2015/noaa-adcp-201501.csv
-> size (bytes): 1,298,980
COMPRESSED FILE:
-> name: /Users/pablocerve/Documents/FING/Proyecto/pc-tesis/dataset_parser/scripts/output/[3]noaa-adcp/ca/noaa-adcp-201501.c.cpp.csv
-> size (bytes): 441,393
-> 33.98% of original


RESULTS
--------------------------(same file!)
CoderCA
ORIGINAL FILE:
-> name: /Users/pablocerve/Documents/FING/Proyecto/datasets-csv/[3]noaa-adcp/2015/noaa-adcp-201501.csv
-> size (bytes): 1,298,980
COMPRESSED FILE:
-> name: /Users/pablocerve/Documents/FING/Proyecto/pc-tesis/dataset_parser/scripts/output/[3]noaa-adcp/ca/noaa-adcp-201501.c.cpp.csv
-> size (bytes): 460,838
-> 35.48% of original


RESULTS
--------------------------(same file!)
CoderCA
ORIGINAL FILE:
-> name: /Users/pablocerve/Documents/FING/Proyecto/datasets-csv/[3]noaa-adcp/2015/noaa-adcp-201501.csv
-> size (bytes): 1,298,980
COMPRESSED FILE:
-> name: /Users/pablocerve/Documents/FING/Proyecto/pc-tesis/dataset_parser/scripts/output/[3]noaa-adcp/ca/noaa-adcp-201501.c.cpp.csv
-> size (bytes): 482,917
-> 37.18% of original


RESULTS
--------------------------(same file!)
CoderCA
ORIGINAL FILE:
-> name: /Users/pablocerve/Documents/FING/Proyecto/datasets-csv/[3]noaa-adcp/2015/noaa-adcp-201501.csv
-> size (bytes): 1,298,980
COMPRESSED FILE:
-> name: /Users/pablocerve/Documents/FING/Proyecto/pc-tesis/dataset_parser/scripts/output/[3]noaa-adcp/ca/noaa-adcp-201501.c.cpp.csv
-> size (bytes): 506,024
-> 38.96% of original


RESULTS
--------------------------(same file!)
CoderCA
ORIGINAL FILE:
-> name: /Users/pablocerve/Documents/FING/Proyecto/datasets-csv/[3]noaa-adcp/2015/noaa-adcp-201501.csv
-> size (bytes): 1,298,980
COMPRESSED FILE:
-> name: /Users/pablocerve/Documents/FING/Proyecto/pc-tesis/dataset_parser/scripts/output/[3]noaa-adcp/ca/noaa-adcp-201501.c.cpp.csv
-> size (bytes): 381,981
-> 29.41% of original


RESULTS
--------------------------(same file!)
CoderCA
ORIGINAL FILE:
-> name: /Users/pablocerve/Documents/FING/Proyecto/datasets-csv/[3]noaa-adcp/2015/noaa-adcp-201501.csv
-> size (bytes): 1,298,980
COMPRESSED FILE:
-> name: /Users/pablocerve/Documents/FING/Proyecto/pc-tesis/dataset_parser/scripts/output/[3]noaa-adcp/ca/noaa-adcp-201501.c.cpp.csv
-> size (bytes): 364,389
-> 28.05% of original


RESULTS
--------------------------(same file!)
CoderCA
ORIGINAL FILE:
-> name: /Users/pablocerve/Documents/FING/Proyecto/datasets-csv/[3]noaa-adcp/2015/noaa-adcp-201501.csv
-> size (bytes): 1,298,980
COMPRESSED FILE:
-> name: /Users/pablocerve/Documents/FING/Proyecto/pc-tesis/dataset_parser/scripts/output/[3]noaa-adcp/ca/noaa-adcp-201501.c.cpp.csv
-> size (bytes): 368,125
-> 28.34% of original


RESULTS
--------------------------(same file!)
CoderCA
ORIGINAL FILE:
-> name: /Users/pablocerve/Documents/FING/Proyecto/datasets-csv/[3]noaa-adcp/2015/noaa-adcp-201501.csv
-> size (bytes): 1,298,980
COMPRESSED FILE:
-> name: /Users/pablocerve/Documents/FING/Proyecto/pc-tesis/dataset_parser/scripts/output/[3]noaa-adcp/ca/noaa-adcp-201501.c.cpp.csv
-> size (bytes): 383,234
-> 29.5% of original


RESULTS
--------------------------(same file!)
CoderCA
ORIGINAL FILE:
-> name: /Users/pablocerve/Documents/FING/Proyecto/datasets-csv/[3]noaa-adcp/2015/noaa-adcp-201501.csv
-> size (bytes): 1,298,980
COMPRESSED FILE:
-> name: /Users/pablocerve/Documents/FING/Proyecto/pc-tesis/dataset_parser/scripts/output/[3]noaa-adcp/ca/noaa-adcp-201501.c.cpp.csv
-> size (bytes): 401,001
-> 30.87% of original


RESULTS
--------------------------(same file!)
CoderCA
ORIGINAL FILE:
-> name: /Users/pablocerve/Documents/FING/Proyecto/datasets-csv/[3]noaa-adcp/2015/noaa-adcp-201501.csv
-> size (bytes): 1,298,980
COMPRESSED FILE:
-> name: /Users/pablocerve/Documents/FING/Proyecto/pc-tesis/dataset_parser/scripts/output/[3]noaa-adcp/ca/noaa-adcp-201501.c.cpp.csv
-> size (bytes): 419,796
-> 32.32% of original


RESULTS
--------------------------(same file!)
CoderBasic
ORIGINAL FILE:
-> name: /Users/pablocerve/Documents/FING/Proyecto/datasets-csv/[3]noaa-adcp/2015/noaa-adcp-201502.csv
-> size (bytes): 1,183,923
COMPRESSED FILE:
-> name: /Users/pablocerve/Documents/FING/Proyecto/pc-tesis/dataset_parser/scripts/output/[3]noaa-adcp/basic/noaa-adcp-201502.c.cpp.csv
-> size (bytes): 583,634
-> 49.3% of original


RESULTS
--------------------------(same file!)
CoderCA
ORIGINAL FILE:
-> name: /Users/pablocerve/Documents/FING/Proyecto/datasets-csv/[3]noaa-adcp/2015/noaa-adcp-201502.csv
-> size (bytes): 1,183,923
COMPRESSED FILE:
-> name: /Users/pablocerve/Documents/FING/Proyecto/pc-tesis/dataset_parser/scripts/output/[3]noaa-adcp/ca/noaa-adcp-201502.c.cpp.csv
-> size (bytes): 535,745
-> 45.25% of original


RESULTS
--------------------------(same file!)
CoderCA
ORIGINAL FILE:
-> name: /Users/pablocerve/Documents/FING/Proyecto/datasets-csv/[3]noaa-adcp/2015/noaa-adcp-201502.csv
-> size (bytes): 1,183,923
COMPRESSED FILE:
-> name: /Users/pablocerve/Documents/FING/Proyecto/pc-tesis/dataset_parser/scripts/output/[3]noaa-adcp/ca/noaa-adcp-201502.c.cpp.csv
-> size (bytes): 545,808
-> 46.1% of original


RESULTS
--------------------------(same file!)
CoderCA
ORIGINAL FILE:
-> name: /Users/pablocerve/Documents/FING/Proyecto/datasets-csv/[3]noaa-adcp/2015/noaa-adcp-201502.csv
-> size (bytes): 1,183,923
COMPRESSED FILE:
-> name: /Users/pablocerve/Documents/FING/Proyecto/pc-tesis/dataset_parser/scripts/output/[3]noaa-adcp/ca/noaa-adcp-201502.c.cpp.csv
-> size (bytes): 563,126
-> 47.56% of original


RESULTS
--------------------------(same file!)
CoderCA
ORIGINAL FILE:
-> name: /Users/pablocerve/Documents/FING/Proyecto/datasets-csv/[3]noaa-adcp/2015/noaa-adcp-201502.csv
-> size (bytes): 1,183,923
COMPRESSED FILE:
-> name: /Users/pablocerve/Documents/FING/Proyecto/pc-tesis/dataset_parser/scripts/output/[3]noaa-adcp/ca/noaa-adcp-201502.c.cpp.csv
-> size (bytes): 590,166
-> 49.85% of original


RESULTS
--------------------------(same file!)
CoderCA
ORIGINAL FILE:
-> name: /Users/pablocerve/Documents/FING/Proyecto/datasets-csv/[3]noaa-adcp/2015/noaa-adcp-201502.csv
-> size (bytes): 1,183,923
COMPRESSED FILE:
-> name: /Users/pablocerve/Documents/FING/Proyecto/pc-tesis/dataset_parser/scripts/output/[3]noaa-adcp/ca/noaa-adcp-201502.c.cpp.csv
-> size (bytes): 619,232
-> 52.3% of original


RESULTS
--------------------------(same file!)
CoderCA
ORIGINAL FILE:
-> name: /Users/pablocerve/Documents/FING/Proyecto/datasets-csv/[3]noaa-adcp/2015/noaa-adcp-201502.csv
-> size (bytes): 1,183,923
COMPRESSED FILE:
-> name: /Users/pablocerve/Documents/FING/Proyecto/pc-tesis/dataset_parser/scripts/output/[3]noaa-adcp/ca/noaa-adcp-201502.c.cpp.csv
-> size (bytes): 649,806
-> 54.89% of original


RESULTS
--------------------------(same file!)
CoderCA
ORIGINAL FILE:
-> name: /Users/pablocerve/Documents/FING/Proyecto/datasets-csv/[3]noaa-adcp/2015/noaa-adcp-201502.csv
-> size (bytes): 1,183,923
COMPRESSED FILE:
-> name: /Users/pablocerve/Documents/FING/Proyecto/pc-tesis/dataset_parser/scripts/output/[3]noaa-adcp/ca/noaa-adcp-201502.c.cpp.csv
-> size (bytes): 530,002
-> 44.77% of original


RESULTS
--------------------------(same file!)
CoderCA
ORIGINAL FILE:
-> name: /Users/pablocerve/Documents/FING/Proyecto/datasets-csv/[3]noaa-adcp/2015/noaa-adcp-201502.csv
-> size (bytes): 1,183,923
COMPRESSED FILE:
-> name: /Users/pablocerve/Documents/FING/Proyecto/pc-tesis/dataset_parser/scripts/output/[3]noaa-adcp/ca/noaa-adcp-201502.c.cpp.csv
-> size (bytes): 539,682
-> 45.58% of original


RESULTS
--------------------------(same file!)
CoderCA
ORIGINAL FILE:
-> name: /Users/pablocerve/Documents/FING/Proyecto/datasets-csv/[3]noaa-adcp/2015/noaa-adcp-201502.csv
-> size (bytes): 1,183,923
COMPRESSED FILE:
-> name: /Users/pablocerve/Documents/FING/Proyecto/pc-tesis/dataset_parser/scripts/output/[3]noaa-adcp/ca/noaa-adcp-201502.c.cpp.csv
-> size (bytes): 556,617
-> 47.01% of original


RESULTS
--------------------------(same file!)
CoderCA
ORIGINAL FILE:
-> name: /Users/pablocerve/Documents/FING/Proyecto/datasets-csv/[3]noaa-adcp/2015/noaa-adcp-201502.csv
-> size (bytes): 1,183,923
COMPRESSED FILE:
-> name: /Users/pablocerve/Documents/FING/Proyecto/pc-tesis/dataset_parser/scripts/output/[3]noaa-adcp/ca/noaa-adcp-201502.c.cpp.csv
-> size (bytes): 583,274
-> 49.27% of original


RESULTS
--------------------------(same file!)
CoderCA
ORIGINAL FILE:
-> name: /Users/pablocerve/Documents/FING/Proyecto/datasets-csv/[3]noaa-adcp/2015/noaa-adcp-201502.csv
-> size (bytes): 1,183,923
COMPRESSED FILE:
-> name: /Users/pablocerve/Documents/FING/Proyecto/pc-tesis/dataset_parser/scripts/output/[3]noaa-adcp/ca/noaa-adcp-201502.c.cpp.csv
-> size (bytes): 611,957
-> 51.69% of original


RESULTS
--------------------------(same file!)
CoderCA
ORIGINAL FILE:
-> name: /Users/pablocerve/Documents/FING/Proyecto/datasets-csv/[3]noaa-adcp/2015/noaa-adcp-201502.csv
-> size (bytes): 1,183,923
COMPRESSED FILE:
-> name: /Users/pablocerve/Documents/FING/Proyecto/pc-tesis/dataset_parser/scripts/output/[3]noaa-adcp/ca/noaa-adcp-201502.c.cpp.csv
-> size (bytes): 642,148
-> 54.24% of original


RESULTS
--------------------------(same file!)
CoderCA
ORIGINAL FILE:
-> name: /Users/pablocerve/Documents/FING/Proyecto/datasets-csv/[3]noaa-adcp/2015/noaa-adcp-201502.csv
-> size (bytes): 1,183,923
COMPRESSED FILE:
-> name: /Users/pablocerve/Documents/FING/Proyecto/pc-tesis/dataset_parser/scripts/output/[3]noaa-adcp/ca/noaa-adcp-201502.c.cpp.csv
-> size (bytes): 513,070
-> 43.34% of original


RESULTS
--------------------------(same file!)
CoderCA
ORIGINAL FILE:
-> name: /Users/pablocerve/Documents/FING/Proyecto/datasets-csv/[3]noaa-adcp/2015/noaa-adcp-201502.csv
-> size (bytes): 1,183,923
COMPRESSED FILE:
-> name: /Users/pablocerve/Documents/FING/Proyecto/pc-tesis/dataset_parser/scripts/output/[3]noaa-adcp/ca/noaa-adcp-201502.c.cpp.csv
-> size (bytes): 521,614
-> 44.06% of original


RESULTS
--------------------------(same file!)
CoderCA
ORIGINAL FILE:
-> name: /Users/pablocerve/Documents/FING/Proyecto/datasets-csv/[3]noaa-adcp/2015/noaa-adcp-201502.csv
-> size (bytes): 1,183,923
COMPRESSED FILE:
-> name: /Users/pablocerve/Documents/FING/Proyecto/pc-tesis/dataset_parser/scripts/output/[3]noaa-adcp/ca/noaa-adcp-201502.c.cpp.csv
-> size (bytes): 537,420
-> 45.39% of original


RESULTS
--------------------------(same file!)
CoderCA
ORIGINAL FILE:
-> name: /Users/pablocerve/Documents/FING/Proyecto/datasets-csv/[3]noaa-adcp/2015/noaa-adcp-201502.csv
-> size (bytes): 1,183,923
COMPRESSED FILE:
-> name: /Users/pablocerve/Documents/FING/Proyecto/pc-tesis/dataset_parser/scripts/output/[3]noaa-adcp/ca/noaa-adcp-201502.c.cpp.csv
-> size (bytes): 562,948
-> 47.55% of original


RESULTS
--------------------------(same file!)
CoderCA
ORIGINAL FILE:
-> name: /Users/pablocerve/Documents/FING/Proyecto/datasets-csv/[3]noaa-adcp/2015/noaa-adcp-201502.csv
-> size (bytes): 1,183,923
COMPRESSED FILE:
-> name: /Users/pablocerve/Documents/FING/Proyecto/pc-tesis/dataset_parser/scripts/output/[3]noaa-adcp/ca/noaa-adcp-201502.c.cpp.csv
-> size (bytes): 590,501
-> 49.88% of original


RESULTS
--------------------------(same file!)
CoderCA
ORIGINAL FILE:
-> name: /Users/pablocerve/Documents/FING/Proyecto/datasets-csv/[3]noaa-adcp/2015/noaa-adcp-201502.csv
-> size (bytes): 1,183,923
COMPRESSED FILE:
-> name: /Users/pablocerve/Documents/FING/Proyecto/pc-tesis/dataset_parser/scripts/output/[3]noaa-adcp/ca/noaa-adcp-201502.c.cpp.csv
-> size (bytes): 619,563
-> 52.33% of original


RESULTS
--------------------------(same file!)
CoderCA
ORIGINAL FILE:
-> name: /Users/pablocerve/Documents/FING/Proyecto/datasets-csv/[3]noaa-adcp/2015/noaa-adcp-201502.csv
-> size (bytes): 1,183,923
COMPRESSED FILE:
-> name: /Users/pablocerve/Documents/FING/Proyecto/pc-tesis/dataset_parser/scripts/output/[3]noaa-adcp/ca/noaa-adcp-201502.c.cpp.csv
-> size (bytes): 498,050
-> 42.07% of original


RESULTS
--------------------------(same file!)
CoderCA
ORIGINAL FILE:
-> name: /Users/pablocerve/Documents/FING/Proyecto/datasets-csv/[3]noaa-adcp/2015/noaa-adcp-201502.csv
-> size (bytes): 1,183,923
COMPRESSED FILE:
-> name: /Users/pablocerve/Documents/FING/Proyecto/pc-tesis/dataset_parser/scripts/output/[3]noaa-adcp/ca/noaa-adcp-201502.c.cpp.csv
-> size (bytes): 505,568
-> 42.7% of original


RESULTS
--------------------------(same file!)
CoderCA
ORIGINAL FILE:
-> name: /Users/pablocerve/Documents/FING/Proyecto/datasets-csv/[3]noaa-adcp/2015/noaa-adcp-201502.csv
-> size (bytes): 1,183,923
COMPRESSED FILE:
-> name: /Users/pablocerve/Documents/FING/Proyecto/pc-tesis/dataset_parser/scripts/output/[3]noaa-adcp/ca/noaa-adcp-201502.c.cpp.csv
-> size (bytes): 520,371
-> 43.95% of original


RESULTS
--------------------------(same file!)
CoderCA
ORIGINAL FILE:
-> name: /Users/pablocerve/Documents/FING/Proyecto/datasets-csv/[3]noaa-adcp/2015/noaa-adcp-201502.csv
-> size (bytes): 1,183,923
COMPRESSED FILE:
-> name: /Users/pablocerve/Documents/FING/Proyecto/pc-tesis/dataset_parser/scripts/output/[3]noaa-adcp/ca/noaa-adcp-201502.c.cpp.csv
-> size (bytes): 544,896
-> 46.02% of original


RESULTS
--------------------------(same file!)
CoderCA
ORIGINAL FILE:
-> name: /Users/pablocerve/Documents/FING/Proyecto/datasets-csv/[3]noaa-adcp/2015/noaa-adcp-201502.csv
-> size (bytes): 1,183,923
COMPRESSED FILE:
-> name: /Users/pablocerve/Documents/FING/Proyecto/pc-tesis/dataset_parser/scripts/output/[3]noaa-adcp/ca/noaa-adcp-201502.c.cpp.csv
-> size (bytes): 571,447
-> 48.27% of original


RESULTS
--------------------------(same file!)
CoderCA
ORIGINAL FILE:
-> name: /Users/pablocerve/Documents/FING/Proyecto/datasets-csv/[3]noaa-adcp/2015/noaa-adcp-201502.csv
-> size (bytes): 1,183,923
COMPRESSED FILE:
-> name: /Users/pablocerve/Documents/FING/Proyecto/pc-tesis/dataset_parser/scripts/output/[3]noaa-adcp/ca/noaa-adcp-201502.c.cpp.csv
-> size (bytes): 599,506
-> 50.64% of original


RESULTS
--------------------------(same file!)
CoderCA
ORIGINAL FILE:
-> name: /Users/pablocerve/Documents/FING/Proyecto/datasets-csv/[3]noaa-adcp/2015/noaa-adcp-201502.csv
-> size (bytes): 1,183,923
COMPRESSED FILE:
-> name: /Users/pablocerve/Documents/FING/Proyecto/pc-tesis/dataset_parser/scripts/output/[3]noaa-adcp/ca/noaa-adcp-201502.c.cpp.csv
-> size (bytes): 458,028
-> 38.69% of original


RESULTS
--------------------------(same file!)
CoderCA
ORIGINAL FILE:
-> name: /Users/pablocerve/Documents/FING/Proyecto/datasets-csv/[3]noaa-adcp/2015/noaa-adcp-201502.csv
-> size (bytes): 1,183,923
COMPRESSED FILE:
-> name: /Users/pablocerve/Documents/FING/Proyecto/pc-tesis/dataset_parser/scripts/output/[3]noaa-adcp/ca/noaa-adcp-201502.c.cpp.csv
-> size (bytes): 462,340
-> 39.05% of original


RESULTS
--------------------------(same file!)
CoderCA
ORIGINAL FILE:
-> name: /Users/pablocerve/Documents/FING/Proyecto/datasets-csv/[3]noaa-adcp/2015/noaa-adcp-201502.csv
-> size (bytes): 1,183,923
COMPRESSED FILE:
-> name: /Users/pablocerve/Documents/FING/Proyecto/pc-tesis/dataset_parser/scripts/output/[3]noaa-adcp/ca/noaa-adcp-201502.c.cpp.csv
-> size (bytes): 474,424
-> 40.07% of original


RESULTS
--------------------------(same file!)
CoderCA
ORIGINAL FILE:
-> name: /Users/pablocerve/Documents/FING/Proyecto/datasets-csv/[3]noaa-adcp/2015/noaa-adcp-201502.csv
-> size (bytes): 1,183,923
COMPRESSED FILE:
-> name: /Users/pablocerve/Documents/FING/Proyecto/pc-tesis/dataset_parser/scripts/output/[3]noaa-adcp/ca/noaa-adcp-201502.c.cpp.csv
-> size (bytes): 496,247
-> 41.92% of original


RESULTS
--------------------------(same file!)
CoderCA
ORIGINAL FILE:
-> name: /Users/pablocerve/Documents/FING/Proyecto/datasets-csv/[3]noaa-adcp/2015/noaa-adcp-201502.csv
-> size (bytes): 1,183,923
COMPRESSED FILE:
-> name: /Users/pablocerve/Documents/FING/Proyecto/pc-tesis/dataset_parser/scripts/output/[3]noaa-adcp/ca/noaa-adcp-201502.c.cpp.csv
-> size (bytes): 520,094
-> 43.93% of original


RESULTS
--------------------------(same file!)
CoderCA
ORIGINAL FILE:
-> name: /Users/pablocerve/Documents/FING/Proyecto/datasets-csv/[3]noaa-adcp/2015/noaa-adcp-201502.csv
-> size (bytes): 1,183,923
COMPRESSED FILE:
-> name: /Users/pablocerve/Documents/FING/Proyecto/pc-tesis/dataset_parser/scripts/output/[3]noaa-adcp/ca/noaa-adcp-201502.c.cpp.csv
-> size (bytes): 545,451
-> 46.07% of original


RESULTS
--------------------------(same file!)
CoderCA
ORIGINAL FILE:
-> name: /Users/pablocerve/Documents/FING/Proyecto/datasets-csv/[3]noaa-adcp/2015/noaa-adcp-201502.csv
-> size (bytes): 1,183,923
COMPRESSED FILE:
-> name: /Users/pablocerve/Documents/FING/Proyecto/pc-tesis/dataset_parser/scripts/output/[3]noaa-adcp/ca/noaa-adcp-201502.c.cpp.csv
-> size (bytes): 423,631
-> 35.78% of original


RESULTS
--------------------------(same file!)
CoderCA
ORIGINAL FILE:
-> name: /Users/pablocerve/Documents/FING/Proyecto/datasets-csv/[3]noaa-adcp/2015/noaa-adcp-201502.csv
-> size (bytes): 1,183,923
COMPRESSED FILE:
-> name: /Users/pablocerve/Documents/FING/Proyecto/pc-tesis/dataset_parser/scripts/output/[3]noaa-adcp/ca/noaa-adcp-201502.c.cpp.csv
-> size (bytes): 423,910
-> 35.81% of original


RESULTS
--------------------------(same file!)
CoderCA
ORIGINAL FILE:
-> name: /Users/pablocerve/Documents/FING/Proyecto/datasets-csv/[3]noaa-adcp/2015/noaa-adcp-201502.csv
-> size (bytes): 1,183,923
COMPRESSED FILE:
-> name: /Users/pablocerve/Documents/FING/Proyecto/pc-tesis/dataset_parser/scripts/output/[3]noaa-adcp/ca/noaa-adcp-201502.c.cpp.csv
-> size (bytes): 433,554
-> 36.62% of original


RESULTS
--------------------------(same file!)
CoderCA
ORIGINAL FILE:
-> name: /Users/pablocerve/Documents/FING/Proyecto/datasets-csv/[3]noaa-adcp/2015/noaa-adcp-201502.csv
-> size (bytes): 1,183,923
COMPRESSED FILE:
-> name: /Users/pablocerve/Documents/FING/Proyecto/pc-tesis/dataset_parser/scripts/output/[3]noaa-adcp/ca/noaa-adcp-201502.c.cpp.csv
-> size (bytes): 452,972
-> 38.26% of original


RESULTS
--------------------------(same file!)
CoderCA
ORIGINAL FILE:
-> name: /Users/pablocerve/Documents/FING/Proyecto/datasets-csv/[3]noaa-adcp/2015/noaa-adcp-201502.csv
-> size (bytes): 1,183,923
COMPRESSED FILE:
-> name: /Users/pablocerve/Documents/FING/Proyecto/pc-tesis/dataset_parser/scripts/output/[3]noaa-adcp/ca/noaa-adcp-201502.c.cpp.csv
-> size (bytes): 474,416
-> 40.07% of original


RESULTS
--------------------------(same file!)
CoderCA
ORIGINAL FILE:
-> name: /Users/pablocerve/Documents/FING/Proyecto/datasets-csv/[3]noaa-adcp/2015/noaa-adcp-201502.csv
-> size (bytes): 1,183,923
COMPRESSED FILE:
-> name: /Users/pablocerve/Documents/FING/Proyecto/pc-tesis/dataset_parser/scripts/output/[3]noaa-adcp/ca/noaa-adcp-201502.c.cpp.csv
-> size (bytes): 497,368
-> 42.01% of original


RESULTS
--------------------------(same file!)
CoderCA
ORIGINAL FILE:
-> name: /Users/pablocerve/Documents/FING/Proyecto/datasets-csv/[3]noaa-adcp/2015/noaa-adcp-201502.csv
-> size (bytes): 1,183,923
COMPRESSED FILE:
-> name: /Users/pablocerve/Documents/FING/Proyecto/pc-tesis/dataset_parser/scripts/output/[3]noaa-adcp/ca/noaa-adcp-201502.c.cpp.csv
-> size (bytes): 394,304
-> 33.3% of original


RESULTS
--------------------------(same file!)
CoderCA
ORIGINAL FILE:
-> name: /Users/pablocerve/Documents/FING/Proyecto/datasets-csv/[3]noaa-adcp/2015/noaa-adcp-201502.csv
-> size (bytes): 1,183,923
COMPRESSED FILE:
-> name: /Users/pablocerve/Documents/FING/Proyecto/pc-tesis/dataset_parser/scripts/output/[3]noaa-adcp/ca/noaa-adcp-201502.c.cpp.csv
-> size (bytes): 389,822
-> 32.93% of original


RESULTS
--------------------------(same file!)
CoderCA
ORIGINAL FILE:
-> name: /Users/pablocerve/Documents/FING/Proyecto/datasets-csv/[3]noaa-adcp/2015/noaa-adcp-201502.csv
-> size (bytes): 1,183,923
COMPRESSED FILE:
-> name: /Users/pablocerve/Documents/FING/Proyecto/pc-tesis/dataset_parser/scripts/output/[3]noaa-adcp/ca/noaa-adcp-201502.c.cpp.csv
-> size (bytes): 397,129
-> 33.54% of original


RESULTS
--------------------------(same file!)
CoderCA
ORIGINAL FILE:
-> name: /Users/pablocerve/Documents/FING/Proyecto/datasets-csv/[3]noaa-adcp/2015/noaa-adcp-201502.csv
-> size (bytes): 1,183,923
COMPRESSED FILE:
-> name: /Users/pablocerve/Documents/FING/Proyecto/pc-tesis/dataset_parser/scripts/output/[3]noaa-adcp/ca/noaa-adcp-201502.c.cpp.csv
-> size (bytes): 414,405
-> 35.0% of original


RESULTS
--------------------------(same file!)
CoderCA
ORIGINAL FILE:
-> name: /Users/pablocerve/Documents/FING/Proyecto/datasets-csv/[3]noaa-adcp/2015/noaa-adcp-201502.csv
-> size (bytes): 1,183,923
COMPRESSED FILE:
-> name: /Users/pablocerve/Documents/FING/Proyecto/pc-tesis/dataset_parser/scripts/output/[3]noaa-adcp/ca/noaa-adcp-201502.c.cpp.csv
-> size (bytes): 433,706
-> 36.63% of original


RESULTS
--------------------------(same file!)
CoderCA
ORIGINAL FILE:
-> name: /Users/pablocerve/Documents/FING/Proyecto/datasets-csv/[3]noaa-adcp/2015/noaa-adcp-201502.csv
-> size (bytes): 1,183,923
COMPRESSED FILE:
-> name: /Users/pablocerve/Documents/FING/Proyecto/pc-tesis/dataset_parser/scripts/output/[3]noaa-adcp/ca/noaa-adcp-201502.c.cpp.csv
-> size (bytes): 454,516
-> 38.39% of original


RESULTS
--------------------------(same file!)
CoderCA
ORIGINAL FILE:
-> name: /Users/pablocerve/Documents/FING/Proyecto/datasets-csv/[3]noaa-adcp/2015/noaa-adcp-201502.csv
-> size (bytes): 1,183,923
COMPRESSED FILE:
-> name: /Users/pablocerve/Documents/FING/Proyecto/pc-tesis/dataset_parser/scripts/output/[3]noaa-adcp/ca/noaa-adcp-201502.c.cpp.csv
-> size (bytes): 346,388
-> 29.26% of original


RESULTS
--------------------------(same file!)
CoderCA
ORIGINAL FILE:
-> name: /Users/pablocerve/Documents/FING/Proyecto/datasets-csv/[3]noaa-adcp/2015/noaa-adcp-201502.csv
-> size (bytes): 1,183,923
COMPRESSED FILE:
-> name: /Users/pablocerve/Documents/FING/Proyecto/pc-tesis/dataset_parser/scripts/output/[3]noaa-adcp/ca/noaa-adcp-201502.c.cpp.csv
-> size (bytes): 330,310
-> 27.9% of original


RESULTS
--------------------------(same file!)
CoderCA
ORIGINAL FILE:
-> name: /Users/pablocerve/Documents/FING/Proyecto/datasets-csv/[3]noaa-adcp/2015/noaa-adcp-201502.csv
-> size (bytes): 1,183,923
COMPRESSED FILE:
-> name: /Users/pablocerve/Documents/FING/Proyecto/pc-tesis/dataset_parser/scripts/output/[3]noaa-adcp/ca/noaa-adcp-201502.c.cpp.csv
-> size (bytes): 332,540
-> 28.09% of original


RESULTS
--------------------------(same file!)
CoderCA
ORIGINAL FILE:
-> name: /Users/pablocerve/Documents/FING/Proyecto/datasets-csv/[3]noaa-adcp/2015/noaa-adcp-201502.csv
-> size (bytes): 1,183,923
COMPRESSED FILE:
-> name: /Users/pablocerve/Documents/FING/Proyecto/pc-tesis/dataset_parser/scripts/output/[3]noaa-adcp/ca/noaa-adcp-201502.c.cpp.csv
-> size (bytes): 345,983
-> 29.22% of original


RESULTS
--------------------------(same file!)
CoderCA
ORIGINAL FILE:
-> name: /Users/pablocerve/Documents/FING/Proyecto/datasets-csv/[3]noaa-adcp/2015/noaa-adcp-201502.csv
-> size (bytes): 1,183,923
COMPRESSED FILE:
-> name: /Users/pablocerve/Documents/FING/Proyecto/pc-tesis/dataset_parser/scripts/output/[3]noaa-adcp/ca/noaa-adcp-201502.c.cpp.csv
-> size (bytes): 361,482
-> 30.53% of original


RESULTS
--------------------------(same file!)
CoderCA
ORIGINAL FILE:
-> name: /Users/pablocerve/Documents/FING/Proyecto/datasets-csv/[3]noaa-adcp/2015/noaa-adcp-201502.csv
-> size (bytes): 1,183,923
COMPRESSED FILE:
-> name: /Users/pablocerve/Documents/FING/Proyecto/pc-tesis/dataset_parser/scripts/output/[3]noaa-adcp/ca/noaa-adcp-201502.c.cpp.csv
-> size (bytes): 378,491
-> 31.97% of original

