
RESULTS
--------------------------(same file!)
CoderBasic
ORIGINAL FILE:
-> name: /Users/pablocerve/Documents/FING/Proyecto/datasets-csv/[4]solar-anywhere/all/solar-anywhere-2011.csv
-> size (bytes): 927,415
COMPRESSED FILE:
-> name: /Users/pablocerve/Documents/FING/Proyecto/pc-tesis/dataset_parser/scripts/output/[4]solar-anywhere/basic/solar-anywhere-2011.c.cpp.csv
-> size (bytes): 413,101
-> 44.54% of original


RESULTS
--------------------------(same file!)
CoderCA
ORIGINAL FILE:
-> name: /Users/pablocerve/Documents/FING/Proyecto/datasets-csv/[4]solar-anywhere/all/solar-anywhere-2011.csv
-> size (bytes): 927,415
COMPRESSED FILE:
-> name: /Users/pablocerve/Documents/FING/Proyecto/pc-tesis/dataset_parser/scripts/output/[4]solar-anywhere/ca/solar-anywhere-2011.c.cpp.csv
-> size (bytes): 402,420
-> 43.39% of original


RESULTS
--------------------------(same file!)
CoderCA
ORIGINAL FILE:
-> name: /Users/pablocerve/Documents/FING/Proyecto/datasets-csv/[4]solar-anywhere/all/solar-anywhere-2011.csv
-> size (bytes): 927,415
COMPRESSED FILE:
-> name: /Users/pablocerve/Documents/FING/Proyecto/pc-tesis/dataset_parser/scripts/output/[4]solar-anywhere/ca/solar-anywhere-2011.c.cpp.csv
-> size (bytes): 390,844
-> 42.14% of original


RESULTS
--------------------------(same file!)
CoderCA
ORIGINAL FILE:
-> name: /Users/pablocerve/Documents/FING/Proyecto/datasets-csv/[4]solar-anywhere/all/solar-anywhere-2011.csv
-> size (bytes): 927,415
COMPRESSED FILE:
-> name: /Users/pablocerve/Documents/FING/Proyecto/pc-tesis/dataset_parser/scripts/output/[4]solar-anywhere/ca/solar-anywhere-2011.c.cpp.csv
-> size (bytes): 410,229
-> 44.23% of original


RESULTS
--------------------------(same file!)
CoderCA
ORIGINAL FILE:
-> name: /Users/pablocerve/Documents/FING/Proyecto/datasets-csv/[4]solar-anywhere/all/solar-anywhere-2011.csv
-> size (bytes): 927,415
COMPRESSED FILE:
-> name: /Users/pablocerve/Documents/FING/Proyecto/pc-tesis/dataset_parser/scripts/output/[4]solar-anywhere/ca/solar-anywhere-2011.c.cpp.csv
-> size (bytes): 436,238
-> 47.04% of original


RESULTS
--------------------------(same file!)
CoderCA
ORIGINAL FILE:
-> name: /Users/pablocerve/Documents/FING/Proyecto/datasets-csv/[4]solar-anywhere/all/solar-anywhere-2011.csv
-> size (bytes): 927,415
COMPRESSED FILE:
-> name: /Users/pablocerve/Documents/FING/Proyecto/pc-tesis/dataset_parser/scripts/output/[4]solar-anywhere/ca/solar-anywhere-2011.c.cpp.csv
-> size (bytes): 462,281
-> 49.85% of original


RESULTS
--------------------------(same file!)
CoderCA
ORIGINAL FILE:
-> name: /Users/pablocerve/Documents/FING/Proyecto/datasets-csv/[4]solar-anywhere/all/solar-anywhere-2011.csv
-> size (bytes): 927,415
COMPRESSED FILE:
-> name: /Users/pablocerve/Documents/FING/Proyecto/pc-tesis/dataset_parser/scripts/output/[4]solar-anywhere/ca/solar-anywhere-2011.c.cpp.csv
-> size (bytes): 488,359
-> 52.66% of original


RESULTS
--------------------------(same file!)
CoderCA
ORIGINAL FILE:
-> name: /Users/pablocerve/Documents/FING/Proyecto/datasets-csv/[4]solar-anywhere/all/solar-anywhere-2011.csv
-> size (bytes): 927,415
COMPRESSED FILE:
-> name: /Users/pablocerve/Documents/FING/Proyecto/pc-tesis/dataset_parser/scripts/output/[4]solar-anywhere/ca/solar-anywhere-2011.c.cpp.csv
-> size (bytes): 383,572
-> 41.36% of original


RESULTS
--------------------------(same file!)
CoderCA
ORIGINAL FILE:
-> name: /Users/pablocerve/Documents/FING/Proyecto/datasets-csv/[4]solar-anywhere/all/solar-anywhere-2011.csv
-> size (bytes): 927,415
COMPRESSED FILE:
-> name: /Users/pablocerve/Documents/FING/Proyecto/pc-tesis/dataset_parser/scripts/output/[4]solar-anywhere/ca/solar-anywhere-2011.c.cpp.csv
-> size (bytes): 373,888
-> 40.32% of original


RESULTS
--------------------------(same file!)
CoderCA
ORIGINAL FILE:
-> name: /Users/pablocerve/Documents/FING/Proyecto/datasets-csv/[4]solar-anywhere/all/solar-anywhere-2011.csv
-> size (bytes): 927,415
COMPRESSED FILE:
-> name: /Users/pablocerve/Documents/FING/Proyecto/pc-tesis/dataset_parser/scripts/output/[4]solar-anywhere/ca/solar-anywhere-2011.c.cpp.csv
-> size (bytes): 389,958
-> 42.05% of original


RESULTS
--------------------------(same file!)
CoderCA
ORIGINAL FILE:
-> name: /Users/pablocerve/Documents/FING/Proyecto/datasets-csv/[4]solar-anywhere/all/solar-anywhere-2011.csv
-> size (bytes): 927,415
COMPRESSED FILE:
-> name: /Users/pablocerve/Documents/FING/Proyecto/pc-tesis/dataset_parser/scripts/output/[4]solar-anywhere/ca/solar-anywhere-2011.c.cpp.csv
-> size (bytes): 414,592
-> 44.7% of original


RESULTS
--------------------------(same file!)
CoderCA
ORIGINAL FILE:
-> name: /Users/pablocerve/Documents/FING/Proyecto/datasets-csv/[4]solar-anywhere/all/solar-anywhere-2011.csv
-> size (bytes): 927,415
COMPRESSED FILE:
-> name: /Users/pablocerve/Documents/FING/Proyecto/pc-tesis/dataset_parser/scripts/output/[4]solar-anywhere/ca/solar-anywhere-2011.c.cpp.csv
-> size (bytes): 439,277
-> 47.37% of original


RESULTS
--------------------------(same file!)
CoderCA
ORIGINAL FILE:
-> name: /Users/pablocerve/Documents/FING/Proyecto/datasets-csv/[4]solar-anywhere/all/solar-anywhere-2011.csv
-> size (bytes): 927,415
COMPRESSED FILE:
-> name: /Users/pablocerve/Documents/FING/Proyecto/pc-tesis/dataset_parser/scripts/output/[4]solar-anywhere/ca/solar-anywhere-2011.c.cpp.csv
-> size (bytes): 463,994
-> 50.03% of original


RESULTS
--------------------------(same file!)
CoderCA
ORIGINAL FILE:
-> name: /Users/pablocerve/Documents/FING/Proyecto/datasets-csv/[4]solar-anywhere/all/solar-anywhere-2011.csv
-> size (bytes): 927,415
COMPRESSED FILE:
-> name: /Users/pablocerve/Documents/FING/Proyecto/pc-tesis/dataset_parser/scripts/output/[4]solar-anywhere/ca/solar-anywhere-2011.c.cpp.csv
-> size (bytes): 367,164
-> 39.59% of original


RESULTS
--------------------------(same file!)
CoderCA
ORIGINAL FILE:
-> name: /Users/pablocerve/Documents/FING/Proyecto/datasets-csv/[4]solar-anywhere/all/solar-anywhere-2011.csv
-> size (bytes): 927,415
COMPRESSED FILE:
-> name: /Users/pablocerve/Documents/FING/Proyecto/pc-tesis/dataset_parser/scripts/output/[4]solar-anywhere/ca/solar-anywhere-2011.c.cpp.csv
-> size (bytes): 356,631
-> 38.45% of original


RESULTS
--------------------------(same file!)
CoderCA
ORIGINAL FILE:
-> name: /Users/pablocerve/Documents/FING/Proyecto/datasets-csv/[4]solar-anywhere/all/solar-anywhere-2011.csv
-> size (bytes): 927,415
COMPRESSED FILE:
-> name: /Users/pablocerve/Documents/FING/Proyecto/pc-tesis/dataset_parser/scripts/output/[4]solar-anywhere/ca/solar-anywhere-2011.c.cpp.csv
-> size (bytes): 367,389
-> 39.61% of original


RESULTS
--------------------------(same file!)
CoderCA
ORIGINAL FILE:
-> name: /Users/pablocerve/Documents/FING/Proyecto/datasets-csv/[4]solar-anywhere/all/solar-anywhere-2011.csv
-> size (bytes): 927,415
COMPRESSED FILE:
-> name: /Users/pablocerve/Documents/FING/Proyecto/pc-tesis/dataset_parser/scripts/output/[4]solar-anywhere/ca/solar-anywhere-2011.c.cpp.csv
-> size (bytes): 390,478
-> 42.1% of original


RESULTS
--------------------------(same file!)
CoderCA
ORIGINAL FILE:
-> name: /Users/pablocerve/Documents/FING/Proyecto/datasets-csv/[4]solar-anywhere/all/solar-anywhere-2011.csv
-> size (bytes): 927,415
COMPRESSED FILE:
-> name: /Users/pablocerve/Documents/FING/Proyecto/pc-tesis/dataset_parser/scripts/output/[4]solar-anywhere/ca/solar-anywhere-2011.c.cpp.csv
-> size (bytes): 413,644
-> 44.6% of original


RESULTS
--------------------------(same file!)
CoderCA
ORIGINAL FILE:
-> name: /Users/pablocerve/Documents/FING/Proyecto/datasets-csv/[4]solar-anywhere/all/solar-anywhere-2011.csv
-> size (bytes): 927,415
COMPRESSED FILE:
-> name: /Users/pablocerve/Documents/FING/Proyecto/pc-tesis/dataset_parser/scripts/output/[4]solar-anywhere/ca/solar-anywhere-2011.c.cpp.csv
-> size (bytes): 436,848
-> 47.1% of original


RESULTS
--------------------------(same file!)
CoderCA
ORIGINAL FILE:
-> name: /Users/pablocerve/Documents/FING/Proyecto/datasets-csv/[4]solar-anywhere/all/solar-anywhere-2011.csv
-> size (bytes): 927,415
COMPRESSED FILE:
-> name: /Users/pablocerve/Documents/FING/Proyecto/pc-tesis/dataset_parser/scripts/output/[4]solar-anywhere/ca/solar-anywhere-2011.c.cpp.csv
-> size (bytes): 356,307
-> 38.42% of original


RESULTS
--------------------------(same file!)
CoderCA
ORIGINAL FILE:
-> name: /Users/pablocerve/Documents/FING/Proyecto/datasets-csv/[4]solar-anywhere/all/solar-anywhere-2011.csv
-> size (bytes): 927,415
COMPRESSED FILE:
-> name: /Users/pablocerve/Documents/FING/Proyecto/pc-tesis/dataset_parser/scripts/output/[4]solar-anywhere/ca/solar-anywhere-2011.c.cpp.csv
-> size (bytes): 345,430
-> 37.25% of original


RESULTS
--------------------------(same file!)
CoderCA
ORIGINAL FILE:
-> name: /Users/pablocerve/Documents/FING/Proyecto/datasets-csv/[4]solar-anywhere/all/solar-anywhere-2011.csv
-> size (bytes): 927,415
COMPRESSED FILE:
-> name: /Users/pablocerve/Documents/FING/Proyecto/pc-tesis/dataset_parser/scripts/output/[4]solar-anywhere/ca/solar-anywhere-2011.c.cpp.csv
-> size (bytes): 353,204
-> 38.08% of original


RESULTS
--------------------------(same file!)
CoderCA
ORIGINAL FILE:
-> name: /Users/pablocerve/Documents/FING/Proyecto/datasets-csv/[4]solar-anywhere/all/solar-anywhere-2011.csv
-> size (bytes): 927,415
COMPRESSED FILE:
-> name: /Users/pablocerve/Documents/FING/Proyecto/pc-tesis/dataset_parser/scripts/output/[4]solar-anywhere/ca/solar-anywhere-2011.c.cpp.csv
-> size (bytes): 375,332
-> 40.47% of original


RESULTS
--------------------------(same file!)
CoderCA
ORIGINAL FILE:
-> name: /Users/pablocerve/Documents/FING/Proyecto/datasets-csv/[4]solar-anywhere/all/solar-anywhere-2011.csv
-> size (bytes): 927,415
COMPRESSED FILE:
-> name: /Users/pablocerve/Documents/FING/Proyecto/pc-tesis/dataset_parser/scripts/output/[4]solar-anywhere/ca/solar-anywhere-2011.c.cpp.csv
-> size (bytes): 397,547
-> 42.87% of original


RESULTS
--------------------------(same file!)
CoderCA
ORIGINAL FILE:
-> name: /Users/pablocerve/Documents/FING/Proyecto/datasets-csv/[4]solar-anywhere/all/solar-anywhere-2011.csv
-> size (bytes): 927,415
COMPRESSED FILE:
-> name: /Users/pablocerve/Documents/FING/Proyecto/pc-tesis/dataset_parser/scripts/output/[4]solar-anywhere/ca/solar-anywhere-2011.c.cpp.csv
-> size (bytes): 419,790
-> 45.26% of original


RESULTS
--------------------------(same file!)
CoderCA
ORIGINAL FILE:
-> name: /Users/pablocerve/Documents/FING/Proyecto/datasets-csv/[4]solar-anywhere/all/solar-anywhere-2011.csv
-> size (bytes): 927,415
COMPRESSED FILE:
-> name: /Users/pablocerve/Documents/FING/Proyecto/pc-tesis/dataset_parser/scripts/output/[4]solar-anywhere/ca/solar-anywhere-2011.c.cpp.csv
-> size (bytes): 334,859
-> 36.11% of original


RESULTS
--------------------------(same file!)
CoderCA
ORIGINAL FILE:
-> name: /Users/pablocerve/Documents/FING/Proyecto/datasets-csv/[4]solar-anywhere/all/solar-anywhere-2011.csv
-> size (bytes): 927,415
COMPRESSED FILE:
-> name: /Users/pablocerve/Documents/FING/Proyecto/pc-tesis/dataset_parser/scripts/output/[4]solar-anywhere/ca/solar-anywhere-2011.c.cpp.csv
-> size (bytes): 322,041
-> 34.72% of original


RESULTS
--------------------------(same file!)
CoderCA
ORIGINAL FILE:
-> name: /Users/pablocerve/Documents/FING/Proyecto/datasets-csv/[4]solar-anywhere/all/solar-anywhere-2011.csv
-> size (bytes): 927,415
COMPRESSED FILE:
-> name: /Users/pablocerve/Documents/FING/Proyecto/pc-tesis/dataset_parser/scripts/output/[4]solar-anywhere/ca/solar-anywhere-2011.c.cpp.csv
-> size (bytes): 323,664
-> 34.9% of original


RESULTS
--------------------------(same file!)
CoderCA
ORIGINAL FILE:
-> name: /Users/pablocerve/Documents/FING/Proyecto/datasets-csv/[4]solar-anywhere/all/solar-anywhere-2011.csv
-> size (bytes): 927,415
COMPRESSED FILE:
-> name: /Users/pablocerve/Documents/FING/Proyecto/pc-tesis/dataset_parser/scripts/output/[4]solar-anywhere/ca/solar-anywhere-2011.c.cpp.csv
-> size (bytes): 343,790
-> 37.07% of original


RESULTS
--------------------------(same file!)
CoderCA
ORIGINAL FILE:
-> name: /Users/pablocerve/Documents/FING/Proyecto/datasets-csv/[4]solar-anywhere/all/solar-anywhere-2011.csv
-> size (bytes): 927,415
COMPRESSED FILE:
-> name: /Users/pablocerve/Documents/FING/Proyecto/pc-tesis/dataset_parser/scripts/output/[4]solar-anywhere/ca/solar-anywhere-2011.c.cpp.csv
-> size (bytes): 364,029
-> 39.25% of original


RESULTS
--------------------------(same file!)
CoderCA
ORIGINAL FILE:
-> name: /Users/pablocerve/Documents/FING/Proyecto/datasets-csv/[4]solar-anywhere/all/solar-anywhere-2011.csv
-> size (bytes): 927,415
COMPRESSED FILE:
-> name: /Users/pablocerve/Documents/FING/Proyecto/pc-tesis/dataset_parser/scripts/output/[4]solar-anywhere/ca/solar-anywhere-2011.c.cpp.csv
-> size (bytes): 384,288
-> 41.44% of original


RESULTS
--------------------------(same file!)
CoderCA
ORIGINAL FILE:
-> name: /Users/pablocerve/Documents/FING/Proyecto/datasets-csv/[4]solar-anywhere/all/solar-anywhere-2011.csv
-> size (bytes): 927,415
COMPRESSED FILE:
-> name: /Users/pablocerve/Documents/FING/Proyecto/pc-tesis/dataset_parser/scripts/output/[4]solar-anywhere/ca/solar-anywhere-2011.c.cpp.csv
-> size (bytes): 318,399
-> 34.33% of original


RESULTS
--------------------------(same file!)
CoderCA
ORIGINAL FILE:
-> name: /Users/pablocerve/Documents/FING/Proyecto/datasets-csv/[4]solar-anywhere/all/solar-anywhere-2011.csv
-> size (bytes): 927,415
COMPRESSED FILE:
-> name: /Users/pablocerve/Documents/FING/Proyecto/pc-tesis/dataset_parser/scripts/output/[4]solar-anywhere/ca/solar-anywhere-2011.c.cpp.csv
-> size (bytes): 303,545
-> 32.73% of original


RESULTS
--------------------------(same file!)
CoderCA
ORIGINAL FILE:
-> name: /Users/pablocerve/Documents/FING/Proyecto/datasets-csv/[4]solar-anywhere/all/solar-anywhere-2011.csv
-> size (bytes): 927,415
COMPRESSED FILE:
-> name: /Users/pablocerve/Documents/FING/Proyecto/pc-tesis/dataset_parser/scripts/output/[4]solar-anywhere/ca/solar-anywhere-2011.c.cpp.csv
-> size (bytes): 303,072
-> 32.68% of original


RESULTS
--------------------------(same file!)
CoderCA
ORIGINAL FILE:
-> name: /Users/pablocerve/Documents/FING/Proyecto/datasets-csv/[4]solar-anywhere/all/solar-anywhere-2011.csv
-> size (bytes): 927,415
COMPRESSED FILE:
-> name: /Users/pablocerve/Documents/FING/Proyecto/pc-tesis/dataset_parser/scripts/output/[4]solar-anywhere/ca/solar-anywhere-2011.c.cpp.csv
-> size (bytes): 321,786
-> 34.7% of original


RESULTS
--------------------------(same file!)
CoderCA
ORIGINAL FILE:
-> name: /Users/pablocerve/Documents/FING/Proyecto/datasets-csv/[4]solar-anywhere/all/solar-anywhere-2011.csv
-> size (bytes): 927,415
COMPRESSED FILE:
-> name: /Users/pablocerve/Documents/FING/Proyecto/pc-tesis/dataset_parser/scripts/output/[4]solar-anywhere/ca/solar-anywhere-2011.c.cpp.csv
-> size (bytes): 340,650
-> 36.73% of original


RESULTS
--------------------------(same file!)
CoderCA
ORIGINAL FILE:
-> name: /Users/pablocerve/Documents/FING/Proyecto/datasets-csv/[4]solar-anywhere/all/solar-anywhere-2011.csv
-> size (bytes): 927,415
COMPRESSED FILE:
-> name: /Users/pablocerve/Documents/FING/Proyecto/pc-tesis/dataset_parser/scripts/output/[4]solar-anywhere/ca/solar-anywhere-2011.c.cpp.csv
-> size (bytes): 359,524
-> 38.77% of original


RESULTS
--------------------------(same file!)
CoderCA
ORIGINAL FILE:
-> name: /Users/pablocerve/Documents/FING/Proyecto/datasets-csv/[4]solar-anywhere/all/solar-anywhere-2011.csv
-> size (bytes): 927,415
COMPRESSED FILE:
-> name: /Users/pablocerve/Documents/FING/Proyecto/pc-tesis/dataset_parser/scripts/output/[4]solar-anywhere/ca/solar-anywhere-2011.c.cpp.csv
-> size (bytes): 305,799
-> 32.97% of original


RESULTS
--------------------------(same file!)
CoderCA
ORIGINAL FILE:
-> name: /Users/pablocerve/Documents/FING/Proyecto/datasets-csv/[4]solar-anywhere/all/solar-anywhere-2011.csv
-> size (bytes): 927,415
COMPRESSED FILE:
-> name: /Users/pablocerve/Documents/FING/Proyecto/pc-tesis/dataset_parser/scripts/output/[4]solar-anywhere/ca/solar-anywhere-2011.c.cpp.csv
-> size (bytes): 289,440
-> 31.21% of original


RESULTS
--------------------------(same file!)
CoderCA
ORIGINAL FILE:
-> name: /Users/pablocerve/Documents/FING/Proyecto/datasets-csv/[4]solar-anywhere/all/solar-anywhere-2011.csv
-> size (bytes): 927,415
COMPRESSED FILE:
-> name: /Users/pablocerve/Documents/FING/Proyecto/pc-tesis/dataset_parser/scripts/output/[4]solar-anywhere/ca/solar-anywhere-2011.c.cpp.csv
-> size (bytes): 288,207
-> 31.08% of original


RESULTS
--------------------------(same file!)
CoderCA
ORIGINAL FILE:
-> name: /Users/pablocerve/Documents/FING/Proyecto/datasets-csv/[4]solar-anywhere/all/solar-anywhere-2011.csv
-> size (bytes): 927,415
COMPRESSED FILE:
-> name: /Users/pablocerve/Documents/FING/Proyecto/pc-tesis/dataset_parser/scripts/output/[4]solar-anywhere/ca/solar-anywhere-2011.c.cpp.csv
-> size (bytes): 305,862
-> 32.98% of original


RESULTS
--------------------------(same file!)
CoderCA
ORIGINAL FILE:
-> name: /Users/pablocerve/Documents/FING/Proyecto/datasets-csv/[4]solar-anywhere/all/solar-anywhere-2011.csv
-> size (bytes): 927,415
COMPRESSED FILE:
-> name: /Users/pablocerve/Documents/FING/Proyecto/pc-tesis/dataset_parser/scripts/output/[4]solar-anywhere/ca/solar-anywhere-2011.c.cpp.csv
-> size (bytes): 323,722
-> 34.91% of original


RESULTS
--------------------------(same file!)
CoderCA
ORIGINAL FILE:
-> name: /Users/pablocerve/Documents/FING/Proyecto/datasets-csv/[4]solar-anywhere/all/solar-anywhere-2011.csv
-> size (bytes): 927,415
COMPRESSED FILE:
-> name: /Users/pablocerve/Documents/FING/Proyecto/pc-tesis/dataset_parser/scripts/output/[4]solar-anywhere/ca/solar-anywhere-2011.c.cpp.csv
-> size (bytes): 341,605
-> 36.83% of original


RESULTS
--------------------------(same file!)
CoderCA
ORIGINAL FILE:
-> name: /Users/pablocerve/Documents/FING/Proyecto/datasets-csv/[4]solar-anywhere/all/solar-anywhere-2011.csv
-> size (bytes): 927,415
COMPRESSED FILE:
-> name: /Users/pablocerve/Documents/FING/Proyecto/pc-tesis/dataset_parser/scripts/output/[4]solar-anywhere/ca/solar-anywhere-2011.c.cpp.csv
-> size (bytes): 284,343
-> 30.66% of original


RESULTS
--------------------------(same file!)
CoderCA
ORIGINAL FILE:
-> name: /Users/pablocerve/Documents/FING/Proyecto/datasets-csv/[4]solar-anywhere/all/solar-anywhere-2011.csv
-> size (bytes): 927,415
COMPRESSED FILE:
-> name: /Users/pablocerve/Documents/FING/Proyecto/pc-tesis/dataset_parser/scripts/output/[4]solar-anywhere/ca/solar-anywhere-2011.c.cpp.csv
-> size (bytes): 265,288
-> 28.61% of original


RESULTS
--------------------------(same file!)
CoderCA
ORIGINAL FILE:
-> name: /Users/pablocerve/Documents/FING/Proyecto/datasets-csv/[4]solar-anywhere/all/solar-anywhere-2011.csv
-> size (bytes): 927,415
COMPRESSED FILE:
-> name: /Users/pablocerve/Documents/FING/Proyecto/pc-tesis/dataset_parser/scripts/output/[4]solar-anywhere/ca/solar-anywhere-2011.c.cpp.csv
-> size (bytes): 264,264
-> 28.49% of original


RESULTS
--------------------------(same file!)
CoderCA
ORIGINAL FILE:
-> name: /Users/pablocerve/Documents/FING/Proyecto/datasets-csv/[4]solar-anywhere/all/solar-anywhere-2011.csv
-> size (bytes): 927,415
COMPRESSED FILE:
-> name: /Users/pablocerve/Documents/FING/Proyecto/pc-tesis/dataset_parser/scripts/output/[4]solar-anywhere/ca/solar-anywhere-2011.c.cpp.csv
-> size (bytes): 280,226
-> 30.22% of original


RESULTS
--------------------------(same file!)
CoderCA
ORIGINAL FILE:
-> name: /Users/pablocerve/Documents/FING/Proyecto/datasets-csv/[4]solar-anywhere/all/solar-anywhere-2011.csv
-> size (bytes): 927,415
COMPRESSED FILE:
-> name: /Users/pablocerve/Documents/FING/Proyecto/pc-tesis/dataset_parser/scripts/output/[4]solar-anywhere/ca/solar-anywhere-2011.c.cpp.csv
-> size (bytes): 296,484
-> 31.97% of original


RESULTS
--------------------------(same file!)
CoderCA
ORIGINAL FILE:
-> name: /Users/pablocerve/Documents/FING/Proyecto/datasets-csv/[4]solar-anywhere/all/solar-anywhere-2011.csv
-> size (bytes): 927,415
COMPRESSED FILE:
-> name: /Users/pablocerve/Documents/FING/Proyecto/pc-tesis/dataset_parser/scripts/output/[4]solar-anywhere/ca/solar-anywhere-2011.c.cpp.csv
-> size (bytes): 312,769
-> 33.72% of original


RESULTS
--------------------------(same file!)
CoderBasic
ORIGINAL FILE:
-> name: /Users/pablocerve/Documents/FING/Proyecto/datasets-csv/[4]solar-anywhere/all/solar-anywhere-2012.csv
-> size (bytes): 926,747
COMPRESSED FILE:
-> name: /Users/pablocerve/Documents/FING/Proyecto/pc-tesis/dataset_parser/scripts/output/[4]solar-anywhere/basic/solar-anywhere-2012.c.cpp.csv
-> size (bytes): 413,101
-> 44.58% of original


RESULTS
--------------------------(same file!)
CoderCA
ORIGINAL FILE:
-> name: /Users/pablocerve/Documents/FING/Proyecto/datasets-csv/[4]solar-anywhere/all/solar-anywhere-2012.csv
-> size (bytes): 926,747
COMPRESSED FILE:
-> name: /Users/pablocerve/Documents/FING/Proyecto/pc-tesis/dataset_parser/scripts/output/[4]solar-anywhere/ca/solar-anywhere-2012.c.cpp.csv
-> size (bytes): 402,417
-> 43.42% of original


RESULTS
--------------------------(same file!)
CoderCA
ORIGINAL FILE:
-> name: /Users/pablocerve/Documents/FING/Proyecto/datasets-csv/[4]solar-anywhere/all/solar-anywhere-2012.csv
-> size (bytes): 926,747
COMPRESSED FILE:
-> name: /Users/pablocerve/Documents/FING/Proyecto/pc-tesis/dataset_parser/scripts/output/[4]solar-anywhere/ca/solar-anywhere-2012.c.cpp.csv
-> size (bytes): 391,231
-> 42.22% of original


RESULTS
--------------------------(same file!)
CoderCA
ORIGINAL FILE:
-> name: /Users/pablocerve/Documents/FING/Proyecto/datasets-csv/[4]solar-anywhere/all/solar-anywhere-2012.csv
-> size (bytes): 926,747
COMPRESSED FILE:
-> name: /Users/pablocerve/Documents/FING/Proyecto/pc-tesis/dataset_parser/scripts/output/[4]solar-anywhere/ca/solar-anywhere-2012.c.cpp.csv
-> size (bytes): 410,506
-> 44.3% of original


RESULTS
--------------------------(same file!)
CoderCA
ORIGINAL FILE:
-> name: /Users/pablocerve/Documents/FING/Proyecto/datasets-csv/[4]solar-anywhere/all/solar-anywhere-2012.csv
-> size (bytes): 926,747
COMPRESSED FILE:
-> name: /Users/pablocerve/Documents/FING/Proyecto/pc-tesis/dataset_parser/scripts/output/[4]solar-anywhere/ca/solar-anywhere-2012.c.cpp.csv
-> size (bytes): 436,610
-> 47.11% of original


RESULTS
--------------------------(same file!)
CoderCA
ORIGINAL FILE:
-> name: /Users/pablocerve/Documents/FING/Proyecto/datasets-csv/[4]solar-anywhere/all/solar-anywhere-2012.csv
-> size (bytes): 926,747
COMPRESSED FILE:
-> name: /Users/pablocerve/Documents/FING/Proyecto/pc-tesis/dataset_parser/scripts/output/[4]solar-anywhere/ca/solar-anywhere-2012.c.cpp.csv
-> size (bytes): 462,714
-> 49.93% of original


RESULTS
--------------------------(same file!)
CoderCA
ORIGINAL FILE:
-> name: /Users/pablocerve/Documents/FING/Proyecto/datasets-csv/[4]solar-anywhere/all/solar-anywhere-2012.csv
-> size (bytes): 926,747
COMPRESSED FILE:
-> name: /Users/pablocerve/Documents/FING/Proyecto/pc-tesis/dataset_parser/scripts/output/[4]solar-anywhere/ca/solar-anywhere-2012.c.cpp.csv
-> size (bytes): 488,818
-> 52.75% of original


RESULTS
--------------------------(same file!)
CoderCA
ORIGINAL FILE:
-> name: /Users/pablocerve/Documents/FING/Proyecto/datasets-csv/[4]solar-anywhere/all/solar-anywhere-2012.csv
-> size (bytes): 926,747
COMPRESSED FILE:
-> name: /Users/pablocerve/Documents/FING/Proyecto/pc-tesis/dataset_parser/scripts/output/[4]solar-anywhere/ca/solar-anywhere-2012.c.cpp.csv
-> size (bytes): 383,603
-> 41.39% of original


RESULTS
--------------------------(same file!)
CoderCA
ORIGINAL FILE:
-> name: /Users/pablocerve/Documents/FING/Proyecto/datasets-csv/[4]solar-anywhere/all/solar-anywhere-2012.csv
-> size (bytes): 926,747
COMPRESSED FILE:
-> name: /Users/pablocerve/Documents/FING/Proyecto/pc-tesis/dataset_parser/scripts/output/[4]solar-anywhere/ca/solar-anywhere-2012.c.cpp.csv
-> size (bytes): 374,294
-> 40.39% of original


RESULTS
--------------------------(same file!)
CoderCA
ORIGINAL FILE:
-> name: /Users/pablocerve/Documents/FING/Proyecto/datasets-csv/[4]solar-anywhere/all/solar-anywhere-2012.csv
-> size (bytes): 926,747
COMPRESSED FILE:
-> name: /Users/pablocerve/Documents/FING/Proyecto/pc-tesis/dataset_parser/scripts/output/[4]solar-anywhere/ca/solar-anywhere-2012.c.cpp.csv
-> size (bytes): 389,971
-> 42.08% of original


RESULTS
--------------------------(same file!)
CoderCA
ORIGINAL FILE:
-> name: /Users/pablocerve/Documents/FING/Proyecto/datasets-csv/[4]solar-anywhere/all/solar-anywhere-2012.csv
-> size (bytes): 926,747
COMPRESSED FILE:
-> name: /Users/pablocerve/Documents/FING/Proyecto/pc-tesis/dataset_parser/scripts/output/[4]solar-anywhere/ca/solar-anywhere-2012.c.cpp.csv
-> size (bytes): 414,642
-> 44.74% of original


RESULTS
--------------------------(same file!)
CoderCA
ORIGINAL FILE:
-> name: /Users/pablocerve/Documents/FING/Proyecto/datasets-csv/[4]solar-anywhere/all/solar-anywhere-2012.csv
-> size (bytes): 926,747
COMPRESSED FILE:
-> name: /Users/pablocerve/Documents/FING/Proyecto/pc-tesis/dataset_parser/scripts/output/[4]solar-anywhere/ca/solar-anywhere-2012.c.cpp.csv
-> size (bytes): 439,373
-> 47.41% of original


RESULTS
--------------------------(same file!)
CoderCA
ORIGINAL FILE:
-> name: /Users/pablocerve/Documents/FING/Proyecto/datasets-csv/[4]solar-anywhere/all/solar-anywhere-2012.csv
-> size (bytes): 926,747
COMPRESSED FILE:
-> name: /Users/pablocerve/Documents/FING/Proyecto/pc-tesis/dataset_parser/scripts/output/[4]solar-anywhere/ca/solar-anywhere-2012.c.cpp.csv
-> size (bytes): 464,104
-> 50.08% of original


RESULTS
--------------------------(same file!)
CoderCA
ORIGINAL FILE:
-> name: /Users/pablocerve/Documents/FING/Proyecto/datasets-csv/[4]solar-anywhere/all/solar-anywhere-2012.csv
-> size (bytes): 926,747
COMPRESSED FILE:
-> name: /Users/pablocerve/Documents/FING/Proyecto/pc-tesis/dataset_parser/scripts/output/[4]solar-anywhere/ca/solar-anywhere-2012.c.cpp.csv
-> size (bytes): 367,253
-> 39.63% of original


RESULTS
--------------------------(same file!)
CoderCA
ORIGINAL FILE:
-> name: /Users/pablocerve/Documents/FING/Proyecto/datasets-csv/[4]solar-anywhere/all/solar-anywhere-2012.csv
-> size (bytes): 926,747
COMPRESSED FILE:
-> name: /Users/pablocerve/Documents/FING/Proyecto/pc-tesis/dataset_parser/scripts/output/[4]solar-anywhere/ca/solar-anywhere-2012.c.cpp.csv
-> size (bytes): 357,011
-> 38.52% of original


RESULTS
--------------------------(same file!)
CoderCA
ORIGINAL FILE:
-> name: /Users/pablocerve/Documents/FING/Proyecto/datasets-csv/[4]solar-anywhere/all/solar-anywhere-2012.csv
-> size (bytes): 926,747
COMPRESSED FILE:
-> name: /Users/pablocerve/Documents/FING/Proyecto/pc-tesis/dataset_parser/scripts/output/[4]solar-anywhere/ca/solar-anywhere-2012.c.cpp.csv
-> size (bytes): 367,332
-> 39.64% of original


RESULTS
--------------------------(same file!)
CoderCA
ORIGINAL FILE:
-> name: /Users/pablocerve/Documents/FING/Proyecto/datasets-csv/[4]solar-anywhere/all/solar-anywhere-2012.csv
-> size (bytes): 926,747
COMPRESSED FILE:
-> name: /Users/pablocerve/Documents/FING/Proyecto/pc-tesis/dataset_parser/scripts/output/[4]solar-anywhere/ca/solar-anywhere-2012.c.cpp.csv
-> size (bytes): 390,462
-> 42.13% of original


RESULTS
--------------------------(same file!)
CoderCA
ORIGINAL FILE:
-> name: /Users/pablocerve/Documents/FING/Proyecto/datasets-csv/[4]solar-anywhere/all/solar-anywhere-2012.csv
-> size (bytes): 926,747
COMPRESSED FILE:
-> name: /Users/pablocerve/Documents/FING/Proyecto/pc-tesis/dataset_parser/scripts/output/[4]solar-anywhere/ca/solar-anywhere-2012.c.cpp.csv
-> size (bytes): 413,678
-> 44.64% of original


RESULTS
--------------------------(same file!)
CoderCA
ORIGINAL FILE:
-> name: /Users/pablocerve/Documents/FING/Proyecto/datasets-csv/[4]solar-anywhere/all/solar-anywhere-2012.csv
-> size (bytes): 926,747
COMPRESSED FILE:
-> name: /Users/pablocerve/Documents/FING/Proyecto/pc-tesis/dataset_parser/scripts/output/[4]solar-anywhere/ca/solar-anywhere-2012.c.cpp.csv
-> size (bytes): 436,897
-> 47.14% of original


RESULTS
--------------------------(same file!)
CoderCA
ORIGINAL FILE:
-> name: /Users/pablocerve/Documents/FING/Proyecto/datasets-csv/[4]solar-anywhere/all/solar-anywhere-2012.csv
-> size (bytes): 926,747
COMPRESSED FILE:
-> name: /Users/pablocerve/Documents/FING/Proyecto/pc-tesis/dataset_parser/scripts/output/[4]solar-anywhere/ca/solar-anywhere-2012.c.cpp.csv
-> size (bytes): 355,950
-> 38.41% of original


RESULTS
--------------------------(same file!)
CoderCA
ORIGINAL FILE:
-> name: /Users/pablocerve/Documents/FING/Proyecto/datasets-csv/[4]solar-anywhere/all/solar-anywhere-2012.csv
-> size (bytes): 926,747
COMPRESSED FILE:
-> name: /Users/pablocerve/Documents/FING/Proyecto/pc-tesis/dataset_parser/scripts/output/[4]solar-anywhere/ca/solar-anywhere-2012.c.cpp.csv
-> size (bytes): 344,936
-> 37.22% of original


RESULTS
--------------------------(same file!)
CoderCA
ORIGINAL FILE:
-> name: /Users/pablocerve/Documents/FING/Proyecto/datasets-csv/[4]solar-anywhere/all/solar-anywhere-2012.csv
-> size (bytes): 926,747
COMPRESSED FILE:
-> name: /Users/pablocerve/Documents/FING/Proyecto/pc-tesis/dataset_parser/scripts/output/[4]solar-anywhere/ca/solar-anywhere-2012.c.cpp.csv
-> size (bytes): 352,317
-> 38.02% of original


RESULTS
--------------------------(same file!)
CoderCA
ORIGINAL FILE:
-> name: /Users/pablocerve/Documents/FING/Proyecto/datasets-csv/[4]solar-anywhere/all/solar-anywhere-2012.csv
-> size (bytes): 926,747
COMPRESSED FILE:
-> name: /Users/pablocerve/Documents/FING/Proyecto/pc-tesis/dataset_parser/scripts/output/[4]solar-anywhere/ca/solar-anywhere-2012.c.cpp.csv
-> size (bytes): 374,438
-> 40.4% of original


RESULTS
--------------------------(same file!)
CoderCA
ORIGINAL FILE:
-> name: /Users/pablocerve/Documents/FING/Proyecto/datasets-csv/[4]solar-anywhere/all/solar-anywhere-2012.csv
-> size (bytes): 926,747
COMPRESSED FILE:
-> name: /Users/pablocerve/Documents/FING/Proyecto/pc-tesis/dataset_parser/scripts/output/[4]solar-anywhere/ca/solar-anywhere-2012.c.cpp.csv
-> size (bytes): 396,644
-> 42.8% of original


RESULTS
--------------------------(same file!)
CoderCA
ORIGINAL FILE:
-> name: /Users/pablocerve/Documents/FING/Proyecto/datasets-csv/[4]solar-anywhere/all/solar-anywhere-2012.csv
-> size (bytes): 926,747
COMPRESSED FILE:
-> name: /Users/pablocerve/Documents/FING/Proyecto/pc-tesis/dataset_parser/scripts/output/[4]solar-anywhere/ca/solar-anywhere-2012.c.cpp.csv
-> size (bytes): 418,861
-> 45.2% of original


RESULTS
--------------------------(same file!)
CoderCA
ORIGINAL FILE:
-> name: /Users/pablocerve/Documents/FING/Proyecto/datasets-csv/[4]solar-anywhere/all/solar-anywhere-2012.csv
-> size (bytes): 926,747
COMPRESSED FILE:
-> name: /Users/pablocerve/Documents/FING/Proyecto/pc-tesis/dataset_parser/scripts/output/[4]solar-anywhere/ca/solar-anywhere-2012.c.cpp.csv
-> size (bytes): 334,422
-> 36.09% of original


RESULTS
--------------------------(same file!)
CoderCA
ORIGINAL FILE:
-> name: /Users/pablocerve/Documents/FING/Proyecto/datasets-csv/[4]solar-anywhere/all/solar-anywhere-2012.csv
-> size (bytes): 926,747
COMPRESSED FILE:
-> name: /Users/pablocerve/Documents/FING/Proyecto/pc-tesis/dataset_parser/scripts/output/[4]solar-anywhere/ca/solar-anywhere-2012.c.cpp.csv
-> size (bytes): 321,183
-> 34.66% of original


RESULTS
--------------------------(same file!)
CoderCA
ORIGINAL FILE:
-> name: /Users/pablocerve/Documents/FING/Proyecto/datasets-csv/[4]solar-anywhere/all/solar-anywhere-2012.csv
-> size (bytes): 926,747
COMPRESSED FILE:
-> name: /Users/pablocerve/Documents/FING/Proyecto/pc-tesis/dataset_parser/scripts/output/[4]solar-anywhere/ca/solar-anywhere-2012.c.cpp.csv
-> size (bytes): 322,435
-> 34.79% of original


RESULTS
--------------------------(same file!)
CoderCA
ORIGINAL FILE:
-> name: /Users/pablocerve/Documents/FING/Proyecto/datasets-csv/[4]solar-anywhere/all/solar-anywhere-2012.csv
-> size (bytes): 926,747
COMPRESSED FILE:
-> name: /Users/pablocerve/Documents/FING/Proyecto/pc-tesis/dataset_parser/scripts/output/[4]solar-anywhere/ca/solar-anywhere-2012.c.cpp.csv
-> size (bytes): 342,464
-> 36.95% of original


RESULTS
--------------------------(same file!)
CoderCA
ORIGINAL FILE:
-> name: /Users/pablocerve/Documents/FING/Proyecto/datasets-csv/[4]solar-anywhere/all/solar-anywhere-2012.csv
-> size (bytes): 926,747
COMPRESSED FILE:
-> name: /Users/pablocerve/Documents/FING/Proyecto/pc-tesis/dataset_parser/scripts/output/[4]solar-anywhere/ca/solar-anywhere-2012.c.cpp.csv
-> size (bytes): 362,654
-> 39.13% of original


RESULTS
--------------------------(same file!)
CoderCA
ORIGINAL FILE:
-> name: /Users/pablocerve/Documents/FING/Proyecto/datasets-csv/[4]solar-anywhere/all/solar-anywhere-2012.csv
-> size (bytes): 926,747
COMPRESSED FILE:
-> name: /Users/pablocerve/Documents/FING/Proyecto/pc-tesis/dataset_parser/scripts/output/[4]solar-anywhere/ca/solar-anywhere-2012.c.cpp.csv
-> size (bytes): 382,872
-> 41.31% of original


RESULTS
--------------------------(same file!)
CoderCA
ORIGINAL FILE:
-> name: /Users/pablocerve/Documents/FING/Proyecto/datasets-csv/[4]solar-anywhere/all/solar-anywhere-2012.csv
-> size (bytes): 926,747
COMPRESSED FILE:
-> name: /Users/pablocerve/Documents/FING/Proyecto/pc-tesis/dataset_parser/scripts/output/[4]solar-anywhere/ca/solar-anywhere-2012.c.cpp.csv
-> size (bytes): 317,288
-> 34.24% of original


RESULTS
--------------------------(same file!)
CoderCA
ORIGINAL FILE:
-> name: /Users/pablocerve/Documents/FING/Proyecto/datasets-csv/[4]solar-anywhere/all/solar-anywhere-2012.csv
-> size (bytes): 926,747
COMPRESSED FILE:
-> name: /Users/pablocerve/Documents/FING/Proyecto/pc-tesis/dataset_parser/scripts/output/[4]solar-anywhere/ca/solar-anywhere-2012.c.cpp.csv
-> size (bytes): 302,376
-> 32.63% of original


RESULTS
--------------------------(same file!)
CoderCA
ORIGINAL FILE:
-> name: /Users/pablocerve/Documents/FING/Proyecto/datasets-csv/[4]solar-anywhere/all/solar-anywhere-2012.csv
-> size (bytes): 926,747
COMPRESSED FILE:
-> name: /Users/pablocerve/Documents/FING/Proyecto/pc-tesis/dataset_parser/scripts/output/[4]solar-anywhere/ca/solar-anywhere-2012.c.cpp.csv
-> size (bytes): 301,325
-> 32.51% of original


RESULTS
--------------------------(same file!)
CoderCA
ORIGINAL FILE:
-> name: /Users/pablocerve/Documents/FING/Proyecto/datasets-csv/[4]solar-anywhere/all/solar-anywhere-2012.csv
-> size (bytes): 926,747
COMPRESSED FILE:
-> name: /Users/pablocerve/Documents/FING/Proyecto/pc-tesis/dataset_parser/scripts/output/[4]solar-anywhere/ca/solar-anywhere-2012.c.cpp.csv
-> size (bytes): 319,902
-> 34.52% of original


RESULTS
--------------------------(same file!)
CoderCA
ORIGINAL FILE:
-> name: /Users/pablocerve/Documents/FING/Proyecto/datasets-csv/[4]solar-anywhere/all/solar-anywhere-2012.csv
-> size (bytes): 926,747
COMPRESSED FILE:
-> name: /Users/pablocerve/Documents/FING/Proyecto/pc-tesis/dataset_parser/scripts/output/[4]solar-anywhere/ca/solar-anywhere-2012.c.cpp.csv
-> size (bytes): 338,669
-> 36.54% of original


RESULTS
--------------------------(same file!)
CoderCA
ORIGINAL FILE:
-> name: /Users/pablocerve/Documents/FING/Proyecto/datasets-csv/[4]solar-anywhere/all/solar-anywhere-2012.csv
-> size (bytes): 926,747
COMPRESSED FILE:
-> name: /Users/pablocerve/Documents/FING/Proyecto/pc-tesis/dataset_parser/scripts/output/[4]solar-anywhere/ca/solar-anywhere-2012.c.cpp.csv
-> size (bytes): 357,477
-> 38.57% of original


RESULTS
--------------------------(same file!)
CoderCA
ORIGINAL FILE:
-> name: /Users/pablocerve/Documents/FING/Proyecto/datasets-csv/[4]solar-anywhere/all/solar-anywhere-2012.csv
-> size (bytes): 926,747
COMPRESSED FILE:
-> name: /Users/pablocerve/Documents/FING/Proyecto/pc-tesis/dataset_parser/scripts/output/[4]solar-anywhere/ca/solar-anywhere-2012.c.cpp.csv
-> size (bytes): 304,314
-> 32.84% of original


RESULTS
--------------------------(same file!)
CoderCA
ORIGINAL FILE:
-> name: /Users/pablocerve/Documents/FING/Proyecto/datasets-csv/[4]solar-anywhere/all/solar-anywhere-2012.csv
-> size (bytes): 926,747
COMPRESSED FILE:
-> name: /Users/pablocerve/Documents/FING/Proyecto/pc-tesis/dataset_parser/scripts/output/[4]solar-anywhere/ca/solar-anywhere-2012.c.cpp.csv
-> size (bytes): 287,547
-> 31.03% of original


RESULTS
--------------------------(same file!)
CoderCA
ORIGINAL FILE:
-> name: /Users/pablocerve/Documents/FING/Proyecto/datasets-csv/[4]solar-anywhere/all/solar-anywhere-2012.csv
-> size (bytes): 926,747
COMPRESSED FILE:
-> name: /Users/pablocerve/Documents/FING/Proyecto/pc-tesis/dataset_parser/scripts/output/[4]solar-anywhere/ca/solar-anywhere-2012.c.cpp.csv
-> size (bytes): 285,886
-> 30.85% of original


RESULTS
--------------------------(same file!)
CoderCA
ORIGINAL FILE:
-> name: /Users/pablocerve/Documents/FING/Proyecto/datasets-csv/[4]solar-anywhere/all/solar-anywhere-2012.csv
-> size (bytes): 926,747
COMPRESSED FILE:
-> name: /Users/pablocerve/Documents/FING/Proyecto/pc-tesis/dataset_parser/scripts/output/[4]solar-anywhere/ca/solar-anywhere-2012.c.cpp.csv
-> size (bytes): 303,386
-> 32.74% of original


RESULTS
--------------------------(same file!)
CoderCA
ORIGINAL FILE:
-> name: /Users/pablocerve/Documents/FING/Proyecto/datasets-csv/[4]solar-anywhere/all/solar-anywhere-2012.csv
-> size (bytes): 926,747
COMPRESSED FILE:
-> name: /Users/pablocerve/Documents/FING/Proyecto/pc-tesis/dataset_parser/scripts/output/[4]solar-anywhere/ca/solar-anywhere-2012.c.cpp.csv
-> size (bytes): 321,121
-> 34.65% of original


RESULTS
--------------------------(same file!)
CoderCA
ORIGINAL FILE:
-> name: /Users/pablocerve/Documents/FING/Proyecto/datasets-csv/[4]solar-anywhere/all/solar-anywhere-2012.csv
-> size (bytes): 926,747
COMPRESSED FILE:
-> name: /Users/pablocerve/Documents/FING/Proyecto/pc-tesis/dataset_parser/scripts/output/[4]solar-anywhere/ca/solar-anywhere-2012.c.cpp.csv
-> size (bytes): 338,896
-> 36.57% of original


RESULTS
--------------------------(same file!)
CoderCA
ORIGINAL FILE:
-> name: /Users/pablocerve/Documents/FING/Proyecto/datasets-csv/[4]solar-anywhere/all/solar-anywhere-2012.csv
-> size (bytes): 926,747
COMPRESSED FILE:
-> name: /Users/pablocerve/Documents/FING/Proyecto/pc-tesis/dataset_parser/scripts/output/[4]solar-anywhere/ca/solar-anywhere-2012.c.cpp.csv
-> size (bytes): 283,358
-> 30.58% of original


RESULTS
--------------------------(same file!)
CoderCA
ORIGINAL FILE:
-> name: /Users/pablocerve/Documents/FING/Proyecto/datasets-csv/[4]solar-anywhere/all/solar-anywhere-2012.csv
-> size (bytes): 926,747
COMPRESSED FILE:
-> name: /Users/pablocerve/Documents/FING/Proyecto/pc-tesis/dataset_parser/scripts/output/[4]solar-anywhere/ca/solar-anywhere-2012.c.cpp.csv
-> size (bytes): 264,424
-> 28.53% of original


RESULTS
--------------------------(same file!)
CoderCA
ORIGINAL FILE:
-> name: /Users/pablocerve/Documents/FING/Proyecto/datasets-csv/[4]solar-anywhere/all/solar-anywhere-2012.csv
-> size (bytes): 926,747
COMPRESSED FILE:
-> name: /Users/pablocerve/Documents/FING/Proyecto/pc-tesis/dataset_parser/scripts/output/[4]solar-anywhere/ca/solar-anywhere-2012.c.cpp.csv
-> size (bytes): 262,885
-> 28.37% of original


RESULTS
--------------------------(same file!)
CoderCA
ORIGINAL FILE:
-> name: /Users/pablocerve/Documents/FING/Proyecto/datasets-csv/[4]solar-anywhere/all/solar-anywhere-2012.csv
-> size (bytes): 926,747
COMPRESSED FILE:
-> name: /Users/pablocerve/Documents/FING/Proyecto/pc-tesis/dataset_parser/scripts/output/[4]solar-anywhere/ca/solar-anywhere-2012.c.cpp.csv
-> size (bytes): 278,736
-> 30.08% of original


RESULTS
--------------------------(same file!)
CoderCA
ORIGINAL FILE:
-> name: /Users/pablocerve/Documents/FING/Proyecto/datasets-csv/[4]solar-anywhere/all/solar-anywhere-2012.csv
-> size (bytes): 926,747
COMPRESSED FILE:
-> name: /Users/pablocerve/Documents/FING/Proyecto/pc-tesis/dataset_parser/scripts/output/[4]solar-anywhere/ca/solar-anywhere-2012.c.cpp.csv
-> size (bytes): 294,901
-> 31.82% of original


RESULTS
--------------------------(same file!)
CoderCA
ORIGINAL FILE:
-> name: /Users/pablocerve/Documents/FING/Proyecto/datasets-csv/[4]solar-anywhere/all/solar-anywhere-2012.csv
-> size (bytes): 926,747
COMPRESSED FILE:
-> name: /Users/pablocerve/Documents/FING/Proyecto/pc-tesis/dataset_parser/scripts/output/[4]solar-anywhere/ca/solar-anywhere-2012.c.cpp.csv
-> size (bytes): 311,133
-> 33.57% of original


RESULTS
--------------------------(same file!)
CoderBasic
ORIGINAL FILE:
-> name: /Users/pablocerve/Documents/FING/Proyecto/datasets-csv/[4]solar-anywhere/all/solar-anywhere-2013.csv
-> size (bytes): 927,368
COMPRESSED FILE:
-> name: /Users/pablocerve/Documents/FING/Proyecto/pc-tesis/dataset_parser/scripts/output/[4]solar-anywhere/basic/solar-anywhere-2013.c.cpp.csv
-> size (bytes): 413,101
-> 44.55% of original


RESULTS
--------------------------(same file!)
CoderCA
ORIGINAL FILE:
-> name: /Users/pablocerve/Documents/FING/Proyecto/datasets-csv/[4]solar-anywhere/all/solar-anywhere-2013.csv
-> size (bytes): 927,368
COMPRESSED FILE:
-> name: /Users/pablocerve/Documents/FING/Proyecto/pc-tesis/dataset_parser/scripts/output/[4]solar-anywhere/ca/solar-anywhere-2013.c.cpp.csv
-> size (bytes): 401,416
-> 43.29% of original


RESULTS
--------------------------(same file!)
CoderCA
ORIGINAL FILE:
-> name: /Users/pablocerve/Documents/FING/Proyecto/datasets-csv/[4]solar-anywhere/all/solar-anywhere-2013.csv
-> size (bytes): 927,368
COMPRESSED FILE:
-> name: /Users/pablocerve/Documents/FING/Proyecto/pc-tesis/dataset_parser/scripts/output/[4]solar-anywhere/ca/solar-anywhere-2013.c.cpp.csv
-> size (bytes): 390,219
-> 42.08% of original


RESULTS
--------------------------(same file!)
CoderCA
ORIGINAL FILE:
-> name: /Users/pablocerve/Documents/FING/Proyecto/datasets-csv/[4]solar-anywhere/all/solar-anywhere-2013.csv
-> size (bytes): 927,368
COMPRESSED FILE:
-> name: /Users/pablocerve/Documents/FING/Proyecto/pc-tesis/dataset_parser/scripts/output/[4]solar-anywhere/ca/solar-anywhere-2013.c.cpp.csv
-> size (bytes): 409,460
-> 44.15% of original


RESULTS
--------------------------(same file!)
CoderCA
ORIGINAL FILE:
-> name: /Users/pablocerve/Documents/FING/Proyecto/datasets-csv/[4]solar-anywhere/all/solar-anywhere-2013.csv
-> size (bytes): 927,368
COMPRESSED FILE:
-> name: /Users/pablocerve/Documents/FING/Proyecto/pc-tesis/dataset_parser/scripts/output/[4]solar-anywhere/ca/solar-anywhere-2013.c.cpp.csv
-> size (bytes): 435,494
-> 46.96% of original


RESULTS
--------------------------(same file!)
CoderCA
ORIGINAL FILE:
-> name: /Users/pablocerve/Documents/FING/Proyecto/datasets-csv/[4]solar-anywhere/all/solar-anywhere-2013.csv
-> size (bytes): 927,368
COMPRESSED FILE:
-> name: /Users/pablocerve/Documents/FING/Proyecto/pc-tesis/dataset_parser/scripts/output/[4]solar-anywhere/ca/solar-anywhere-2013.c.cpp.csv
-> size (bytes): 461,528
-> 49.77% of original


RESULTS
--------------------------(same file!)
CoderCA
ORIGINAL FILE:
-> name: /Users/pablocerve/Documents/FING/Proyecto/datasets-csv/[4]solar-anywhere/all/solar-anywhere-2013.csv
-> size (bytes): 927,368
COMPRESSED FILE:
-> name: /Users/pablocerve/Documents/FING/Proyecto/pc-tesis/dataset_parser/scripts/output/[4]solar-anywhere/ca/solar-anywhere-2013.c.cpp.csv
-> size (bytes): 487,563
-> 52.57% of original


RESULTS
--------------------------(same file!)
CoderCA
ORIGINAL FILE:
-> name: /Users/pablocerve/Documents/FING/Proyecto/datasets-csv/[4]solar-anywhere/all/solar-anywhere-2013.csv
-> size (bytes): 927,368
COMPRESSED FILE:
-> name: /Users/pablocerve/Documents/FING/Proyecto/pc-tesis/dataset_parser/scripts/output/[4]solar-anywhere/ca/solar-anywhere-2013.c.cpp.csv
-> size (bytes): 383,268
-> 41.33% of original


RESULTS
--------------------------(same file!)
CoderCA
ORIGINAL FILE:
-> name: /Users/pablocerve/Documents/FING/Proyecto/datasets-csv/[4]solar-anywhere/all/solar-anywhere-2013.csv
-> size (bytes): 927,368
COMPRESSED FILE:
-> name: /Users/pablocerve/Documents/FING/Proyecto/pc-tesis/dataset_parser/scripts/output/[4]solar-anywhere/ca/solar-anywhere-2013.c.cpp.csv
-> size (bytes): 374,270
-> 40.36% of original


RESULTS
--------------------------(same file!)
CoderCA
ORIGINAL FILE:
-> name: /Users/pablocerve/Documents/FING/Proyecto/datasets-csv/[4]solar-anywhere/all/solar-anywhere-2013.csv
-> size (bytes): 927,368
COMPRESSED FILE:
-> name: /Users/pablocerve/Documents/FING/Proyecto/pc-tesis/dataset_parser/scripts/output/[4]solar-anywhere/ca/solar-anywhere-2013.c.cpp.csv
-> size (bytes): 390,447
-> 42.1% of original


RESULTS
--------------------------(same file!)
CoderCA
ORIGINAL FILE:
-> name: /Users/pablocerve/Documents/FING/Proyecto/datasets-csv/[4]solar-anywhere/all/solar-anywhere-2013.csv
-> size (bytes): 927,368
COMPRESSED FILE:
-> name: /Users/pablocerve/Documents/FING/Proyecto/pc-tesis/dataset_parser/scripts/output/[4]solar-anywhere/ca/solar-anywhere-2013.c.cpp.csv
-> size (bytes): 415,162
-> 44.77% of original


RESULTS
--------------------------(same file!)
CoderCA
ORIGINAL FILE:
-> name: /Users/pablocerve/Documents/FING/Proyecto/datasets-csv/[4]solar-anywhere/all/solar-anywhere-2013.csv
-> size (bytes): 927,368
COMPRESSED FILE:
-> name: /Users/pablocerve/Documents/FING/Proyecto/pc-tesis/dataset_parser/scripts/output/[4]solar-anywhere/ca/solar-anywhere-2013.c.cpp.csv
-> size (bytes): 439,926
-> 47.44% of original


RESULTS
--------------------------(same file!)
CoderCA
ORIGINAL FILE:
-> name: /Users/pablocerve/Documents/FING/Proyecto/datasets-csv/[4]solar-anywhere/all/solar-anywhere-2013.csv
-> size (bytes): 927,368
COMPRESSED FILE:
-> name: /Users/pablocerve/Documents/FING/Proyecto/pc-tesis/dataset_parser/scripts/output/[4]solar-anywhere/ca/solar-anywhere-2013.c.cpp.csv
-> size (bytes): 464,689
-> 50.11% of original


RESULTS
--------------------------(same file!)
CoderCA
ORIGINAL FILE:
-> name: /Users/pablocerve/Documents/FING/Proyecto/datasets-csv/[4]solar-anywhere/all/solar-anywhere-2013.csv
-> size (bytes): 927,368
COMPRESSED FILE:
-> name: /Users/pablocerve/Documents/FING/Proyecto/pc-tesis/dataset_parser/scripts/output/[4]solar-anywhere/ca/solar-anywhere-2013.c.cpp.csv
-> size (bytes): 367,218
-> 39.6% of original


RESULTS
--------------------------(same file!)
CoderCA
ORIGINAL FILE:
-> name: /Users/pablocerve/Documents/FING/Proyecto/datasets-csv/[4]solar-anywhere/all/solar-anywhere-2013.csv
-> size (bytes): 927,368
COMPRESSED FILE:
-> name: /Users/pablocerve/Documents/FING/Proyecto/pc-tesis/dataset_parser/scripts/output/[4]solar-anywhere/ca/solar-anywhere-2013.c.cpp.csv
-> size (bytes): 356,994
-> 38.5% of original


RESULTS
--------------------------(same file!)
CoderCA
ORIGINAL FILE:
-> name: /Users/pablocerve/Documents/FING/Proyecto/datasets-csv/[4]solar-anywhere/all/solar-anywhere-2013.csv
-> size (bytes): 927,368
COMPRESSED FILE:
-> name: /Users/pablocerve/Documents/FING/Proyecto/pc-tesis/dataset_parser/scripts/output/[4]solar-anywhere/ca/solar-anywhere-2013.c.cpp.csv
-> size (bytes): 367,704
-> 39.65% of original


RESULTS
--------------------------(same file!)
CoderCA
ORIGINAL FILE:
-> name: /Users/pablocerve/Documents/FING/Proyecto/datasets-csv/[4]solar-anywhere/all/solar-anywhere-2013.csv
-> size (bytes): 927,368
COMPRESSED FILE:
-> name: /Users/pablocerve/Documents/FING/Proyecto/pc-tesis/dataset_parser/scripts/output/[4]solar-anywhere/ca/solar-anywhere-2013.c.cpp.csv
-> size (bytes): 390,830
-> 42.14% of original


RESULTS
--------------------------(same file!)
CoderCA
ORIGINAL FILE:
-> name: /Users/pablocerve/Documents/FING/Proyecto/datasets-csv/[4]solar-anywhere/all/solar-anywhere-2013.csv
-> size (bytes): 927,368
COMPRESSED FILE:
-> name: /Users/pablocerve/Documents/FING/Proyecto/pc-tesis/dataset_parser/scripts/output/[4]solar-anywhere/ca/solar-anywhere-2013.c.cpp.csv
-> size (bytes): 414,064
-> 44.65% of original


RESULTS
--------------------------(same file!)
CoderCA
ORIGINAL FILE:
-> name: /Users/pablocerve/Documents/FING/Proyecto/datasets-csv/[4]solar-anywhere/all/solar-anywhere-2013.csv
-> size (bytes): 927,368
COMPRESSED FILE:
-> name: /Users/pablocerve/Documents/FING/Proyecto/pc-tesis/dataset_parser/scripts/output/[4]solar-anywhere/ca/solar-anywhere-2013.c.cpp.csv
-> size (bytes): 437,307
-> 47.16% of original


RESULTS
--------------------------(same file!)
CoderCA
ORIGINAL FILE:
-> name: /Users/pablocerve/Documents/FING/Proyecto/datasets-csv/[4]solar-anywhere/all/solar-anywhere-2013.csv
-> size (bytes): 927,368
COMPRESSED FILE:
-> name: /Users/pablocerve/Documents/FING/Proyecto/pc-tesis/dataset_parser/scripts/output/[4]solar-anywhere/ca/solar-anywhere-2013.c.cpp.csv
-> size (bytes): 356,369
-> 38.43% of original


RESULTS
--------------------------(same file!)
CoderCA
ORIGINAL FILE:
-> name: /Users/pablocerve/Documents/FING/Proyecto/datasets-csv/[4]solar-anywhere/all/solar-anywhere-2013.csv
-> size (bytes): 927,368
COMPRESSED FILE:
-> name: /Users/pablocerve/Documents/FING/Proyecto/pc-tesis/dataset_parser/scripts/output/[4]solar-anywhere/ca/solar-anywhere-2013.c.cpp.csv
-> size (bytes): 345,668
-> 37.27% of original


RESULTS
--------------------------(same file!)
CoderCA
ORIGINAL FILE:
-> name: /Users/pablocerve/Documents/FING/Proyecto/datasets-csv/[4]solar-anywhere/all/solar-anywhere-2013.csv
-> size (bytes): 927,368
COMPRESSED FILE:
-> name: /Users/pablocerve/Documents/FING/Proyecto/pc-tesis/dataset_parser/scripts/output/[4]solar-anywhere/ca/solar-anywhere-2013.c.cpp.csv
-> size (bytes): 353,184
-> 38.08% of original


RESULTS
--------------------------(same file!)
CoderCA
ORIGINAL FILE:
-> name: /Users/pablocerve/Documents/FING/Proyecto/datasets-csv/[4]solar-anywhere/all/solar-anywhere-2013.csv
-> size (bytes): 927,368
COMPRESSED FILE:
-> name: /Users/pablocerve/Documents/FING/Proyecto/pc-tesis/dataset_parser/scripts/output/[4]solar-anywhere/ca/solar-anywhere-2013.c.cpp.csv
-> size (bytes): 375,334
-> 40.47% of original


RESULTS
--------------------------(same file!)
CoderCA
ORIGINAL FILE:
-> name: /Users/pablocerve/Documents/FING/Proyecto/datasets-csv/[4]solar-anywhere/all/solar-anywhere-2013.csv
-> size (bytes): 927,368
COMPRESSED FILE:
-> name: /Users/pablocerve/Documents/FING/Proyecto/pc-tesis/dataset_parser/scripts/output/[4]solar-anywhere/ca/solar-anywhere-2013.c.cpp.csv
-> size (bytes): 397,591
-> 42.87% of original


RESULTS
--------------------------(same file!)
CoderCA
ORIGINAL FILE:
-> name: /Users/pablocerve/Documents/FING/Proyecto/datasets-csv/[4]solar-anywhere/all/solar-anywhere-2013.csv
-> size (bytes): 927,368
COMPRESSED FILE:
-> name: /Users/pablocerve/Documents/FING/Proyecto/pc-tesis/dataset_parser/scripts/output/[4]solar-anywhere/ca/solar-anywhere-2013.c.cpp.csv
-> size (bytes): 419,865
-> 45.27% of original


RESULTS
--------------------------(same file!)
CoderCA
ORIGINAL FILE:
-> name: /Users/pablocerve/Documents/FING/Proyecto/datasets-csv/[4]solar-anywhere/all/solar-anywhere-2013.csv
-> size (bytes): 927,368
COMPRESSED FILE:
-> name: /Users/pablocerve/Documents/FING/Proyecto/pc-tesis/dataset_parser/scripts/output/[4]solar-anywhere/ca/solar-anywhere-2013.c.cpp.csv
-> size (bytes): 335,771
-> 36.21% of original


RESULTS
--------------------------(same file!)
CoderCA
ORIGINAL FILE:
-> name: /Users/pablocerve/Documents/FING/Proyecto/datasets-csv/[4]solar-anywhere/all/solar-anywhere-2013.csv
-> size (bytes): 927,368
COMPRESSED FILE:
-> name: /Users/pablocerve/Documents/FING/Proyecto/pc-tesis/dataset_parser/scripts/output/[4]solar-anywhere/ca/solar-anywhere-2013.c.cpp.csv
-> size (bytes): 323,262
-> 34.86% of original


RESULTS
--------------------------(same file!)
CoderCA
ORIGINAL FILE:
-> name: /Users/pablocerve/Documents/FING/Proyecto/datasets-csv/[4]solar-anywhere/all/solar-anywhere-2013.csv
-> size (bytes): 927,368
COMPRESSED FILE:
-> name: /Users/pablocerve/Documents/FING/Proyecto/pc-tesis/dataset_parser/scripts/output/[4]solar-anywhere/ca/solar-anywhere-2013.c.cpp.csv
-> size (bytes): 324,747
-> 35.02% of original


RESULTS
--------------------------(same file!)
CoderCA
ORIGINAL FILE:
-> name: /Users/pablocerve/Documents/FING/Proyecto/datasets-csv/[4]solar-anywhere/all/solar-anywhere-2013.csv
-> size (bytes): 927,368
COMPRESSED FILE:
-> name: /Users/pablocerve/Documents/FING/Proyecto/pc-tesis/dataset_parser/scripts/output/[4]solar-anywhere/ca/solar-anywhere-2013.c.cpp.csv
-> size (bytes): 344,954
-> 37.2% of original


RESULTS
--------------------------(same file!)
CoderCA
ORIGINAL FILE:
-> name: /Users/pablocerve/Documents/FING/Proyecto/datasets-csv/[4]solar-anywhere/all/solar-anywhere-2013.csv
-> size (bytes): 927,368
COMPRESSED FILE:
-> name: /Users/pablocerve/Documents/FING/Proyecto/pc-tesis/dataset_parser/scripts/output/[4]solar-anywhere/ca/solar-anywhere-2013.c.cpp.csv
-> size (bytes): 365,291
-> 39.39% of original


RESULTS
--------------------------(same file!)
CoderCA
ORIGINAL FILE:
-> name: /Users/pablocerve/Documents/FING/Proyecto/datasets-csv/[4]solar-anywhere/all/solar-anywhere-2013.csv
-> size (bytes): 927,368
COMPRESSED FILE:
-> name: /Users/pablocerve/Documents/FING/Proyecto/pc-tesis/dataset_parser/scripts/output/[4]solar-anywhere/ca/solar-anywhere-2013.c.cpp.csv
-> size (bytes): 385,665
-> 41.59% of original


RESULTS
--------------------------(same file!)
CoderCA
ORIGINAL FILE:
-> name: /Users/pablocerve/Documents/FING/Proyecto/datasets-csv/[4]solar-anywhere/all/solar-anywhere-2013.csv
-> size (bytes): 927,368
COMPRESSED FILE:
-> name: /Users/pablocerve/Documents/FING/Proyecto/pc-tesis/dataset_parser/scripts/output/[4]solar-anywhere/ca/solar-anywhere-2013.c.cpp.csv
-> size (bytes): 319,331
-> 34.43% of original


RESULTS
--------------------------(same file!)
CoderCA
ORIGINAL FILE:
-> name: /Users/pablocerve/Documents/FING/Proyecto/datasets-csv/[4]solar-anywhere/all/solar-anywhere-2013.csv
-> size (bytes): 927,368
COMPRESSED FILE:
-> name: /Users/pablocerve/Documents/FING/Proyecto/pc-tesis/dataset_parser/scripts/output/[4]solar-anywhere/ca/solar-anywhere-2013.c.cpp.csv
-> size (bytes): 305,528
-> 32.95% of original


RESULTS
--------------------------(same file!)
CoderCA
ORIGINAL FILE:
-> name: /Users/pablocerve/Documents/FING/Proyecto/datasets-csv/[4]solar-anywhere/all/solar-anywhere-2013.csv
-> size (bytes): 927,368
COMPRESSED FILE:
-> name: /Users/pablocerve/Documents/FING/Proyecto/pc-tesis/dataset_parser/scripts/output/[4]solar-anywhere/ca/solar-anywhere-2013.c.cpp.csv
-> size (bytes): 304,824
-> 32.87% of original


RESULTS
--------------------------(same file!)
CoderCA
ORIGINAL FILE:
-> name: /Users/pablocerve/Documents/FING/Proyecto/datasets-csv/[4]solar-anywhere/all/solar-anywhere-2013.csv
-> size (bytes): 927,368
COMPRESSED FILE:
-> name: /Users/pablocerve/Documents/FING/Proyecto/pc-tesis/dataset_parser/scripts/output/[4]solar-anywhere/ca/solar-anywhere-2013.c.cpp.csv
-> size (bytes): 323,634
-> 34.9% of original


RESULTS
--------------------------(same file!)
CoderCA
ORIGINAL FILE:
-> name: /Users/pablocerve/Documents/FING/Proyecto/datasets-csv/[4]solar-anywhere/all/solar-anywhere-2013.csv
-> size (bytes): 927,368
COMPRESSED FILE:
-> name: /Users/pablocerve/Documents/FING/Proyecto/pc-tesis/dataset_parser/scripts/output/[4]solar-anywhere/ca/solar-anywhere-2013.c.cpp.csv
-> size (bytes): 342,630
-> 36.95% of original


RESULTS
--------------------------(same file!)
CoderCA
ORIGINAL FILE:
-> name: /Users/pablocerve/Documents/FING/Proyecto/datasets-csv/[4]solar-anywhere/all/solar-anywhere-2013.csv
-> size (bytes): 927,368
COMPRESSED FILE:
-> name: /Users/pablocerve/Documents/FING/Proyecto/pc-tesis/dataset_parser/scripts/output/[4]solar-anywhere/ca/solar-anywhere-2013.c.cpp.csv
-> size (bytes): 361,671
-> 39.0% of original


RESULTS
--------------------------(same file!)
CoderCA
ORIGINAL FILE:
-> name: /Users/pablocerve/Documents/FING/Proyecto/datasets-csv/[4]solar-anywhere/all/solar-anywhere-2013.csv
-> size (bytes): 927,368
COMPRESSED FILE:
-> name: /Users/pablocerve/Documents/FING/Proyecto/pc-tesis/dataset_parser/scripts/output/[4]solar-anywhere/ca/solar-anywhere-2013.c.cpp.csv
-> size (bytes): 306,121
-> 33.01% of original


RESULTS
--------------------------(same file!)
CoderCA
ORIGINAL FILE:
-> name: /Users/pablocerve/Documents/FING/Proyecto/datasets-csv/[4]solar-anywhere/all/solar-anywhere-2013.csv
-> size (bytes): 927,368
COMPRESSED FILE:
-> name: /Users/pablocerve/Documents/FING/Proyecto/pc-tesis/dataset_parser/scripts/output/[4]solar-anywhere/ca/solar-anywhere-2013.c.cpp.csv
-> size (bytes): 290,480
-> 31.32% of original


RESULTS
--------------------------(same file!)
CoderCA
ORIGINAL FILE:
-> name: /Users/pablocerve/Documents/FING/Proyecto/datasets-csv/[4]solar-anywhere/all/solar-anywhere-2013.csv
-> size (bytes): 927,368
COMPRESSED FILE:
-> name: /Users/pablocerve/Documents/FING/Proyecto/pc-tesis/dataset_parser/scripts/output/[4]solar-anywhere/ca/solar-anywhere-2013.c.cpp.csv
-> size (bytes): 288,955
-> 31.16% of original


RESULTS
--------------------------(same file!)
CoderCA
ORIGINAL FILE:
-> name: /Users/pablocerve/Documents/FING/Proyecto/datasets-csv/[4]solar-anywhere/all/solar-anywhere-2013.csv
-> size (bytes): 927,368
COMPRESSED FILE:
-> name: /Users/pablocerve/Documents/FING/Proyecto/pc-tesis/dataset_parser/scripts/output/[4]solar-anywhere/ca/solar-anywhere-2013.c.cpp.csv
-> size (bytes): 306,684
-> 33.07% of original


RESULTS
--------------------------(same file!)
CoderCA
ORIGINAL FILE:
-> name: /Users/pablocerve/Documents/FING/Proyecto/datasets-csv/[4]solar-anywhere/all/solar-anywhere-2013.csv
-> size (bytes): 927,368
COMPRESSED FILE:
-> name: /Users/pablocerve/Documents/FING/Proyecto/pc-tesis/dataset_parser/scripts/output/[4]solar-anywhere/ca/solar-anywhere-2013.c.cpp.csv
-> size (bytes): 324,621
-> 35.0% of original


RESULTS
--------------------------(same file!)
CoderCA
ORIGINAL FILE:
-> name: /Users/pablocerve/Documents/FING/Proyecto/datasets-csv/[4]solar-anywhere/all/solar-anywhere-2013.csv
-> size (bytes): 927,368
COMPRESSED FILE:
-> name: /Users/pablocerve/Documents/FING/Proyecto/pc-tesis/dataset_parser/scripts/output/[4]solar-anywhere/ca/solar-anywhere-2013.c.cpp.csv
-> size (bytes): 342,602
-> 36.94% of original


RESULTS
--------------------------(same file!)
CoderCA
ORIGINAL FILE:
-> name: /Users/pablocerve/Documents/FING/Proyecto/datasets-csv/[4]solar-anywhere/all/solar-anywhere-2013.csv
-> size (bytes): 927,368
COMPRESSED FILE:
-> name: /Users/pablocerve/Documents/FING/Proyecto/pc-tesis/dataset_parser/scripts/output/[4]solar-anywhere/ca/solar-anywhere-2013.c.cpp.csv
-> size (bytes): 284,322
-> 30.66% of original


RESULTS
--------------------------(same file!)
CoderCA
ORIGINAL FILE:
-> name: /Users/pablocerve/Documents/FING/Proyecto/datasets-csv/[4]solar-anywhere/all/solar-anywhere-2013.csv
-> size (bytes): 927,368
COMPRESSED FILE:
-> name: /Users/pablocerve/Documents/FING/Proyecto/pc-tesis/dataset_parser/scripts/output/[4]solar-anywhere/ca/solar-anywhere-2013.c.cpp.csv
-> size (bytes): 265,717
-> 28.65% of original


RESULTS
--------------------------(same file!)
CoderCA
ORIGINAL FILE:
-> name: /Users/pablocerve/Documents/FING/Proyecto/datasets-csv/[4]solar-anywhere/all/solar-anywhere-2013.csv
-> size (bytes): 927,368
COMPRESSED FILE:
-> name: /Users/pablocerve/Documents/FING/Proyecto/pc-tesis/dataset_parser/scripts/output/[4]solar-anywhere/ca/solar-anywhere-2013.c.cpp.csv
-> size (bytes): 264,234
-> 28.49% of original


RESULTS
--------------------------(same file!)
CoderCA
ORIGINAL FILE:
-> name: /Users/pablocerve/Documents/FING/Proyecto/datasets-csv/[4]solar-anywhere/all/solar-anywhere-2013.csv
-> size (bytes): 927,368
COMPRESSED FILE:
-> name: /Users/pablocerve/Documents/FING/Proyecto/pc-tesis/dataset_parser/scripts/output/[4]solar-anywhere/ca/solar-anywhere-2013.c.cpp.csv
-> size (bytes): 280,206
-> 30.22% of original


RESULTS
--------------------------(same file!)
CoderCA
ORIGINAL FILE:
-> name: /Users/pablocerve/Documents/FING/Proyecto/datasets-csv/[4]solar-anywhere/all/solar-anywhere-2013.csv
-> size (bytes): 927,368
COMPRESSED FILE:
-> name: /Users/pablocerve/Documents/FING/Proyecto/pc-tesis/dataset_parser/scripts/output/[4]solar-anywhere/ca/solar-anywhere-2013.c.cpp.csv
-> size (bytes): 296,497
-> 31.97% of original


RESULTS
--------------------------(same file!)
CoderCA
ORIGINAL FILE:
-> name: /Users/pablocerve/Documents/FING/Proyecto/datasets-csv/[4]solar-anywhere/all/solar-anywhere-2013.csv
-> size (bytes): 927,368
COMPRESSED FILE:
-> name: /Users/pablocerve/Documents/FING/Proyecto/pc-tesis/dataset_parser/scripts/output/[4]solar-anywhere/ca/solar-anywhere-2013.c.cpp.csv
-> size (bytes): 312,823
-> 33.73% of original


RESULTS
--------------------------(same file!)
CoderBasic
ORIGINAL FILE:
-> name: /Users/pablocerve/Documents/FING/Proyecto/datasets-csv/[4]solar-anywhere/all/solar-anywhere-2014.csv
-> size (bytes): 927,651
COMPRESSED FILE:
-> name: /Users/pablocerve/Documents/FING/Proyecto/pc-tesis/dataset_parser/scripts/output/[4]solar-anywhere/basic/solar-anywhere-2014.c.cpp.csv
-> size (bytes): 413,101
-> 44.53% of original


RESULTS
--------------------------(same file!)
CoderCA
ORIGINAL FILE:
-> name: /Users/pablocerve/Documents/FING/Proyecto/datasets-csv/[4]solar-anywhere/all/solar-anywhere-2014.csv
-> size (bytes): 927,651
COMPRESSED FILE:
-> name: /Users/pablocerve/Documents/FING/Proyecto/pc-tesis/dataset_parser/scripts/output/[4]solar-anywhere/ca/solar-anywhere-2014.c.cpp.csv
-> size (bytes): 400,828
-> 43.21% of original


RESULTS
--------------------------(same file!)
CoderCA
ORIGINAL FILE:
-> name: /Users/pablocerve/Documents/FING/Proyecto/datasets-csv/[4]solar-anywhere/all/solar-anywhere-2014.csv
-> size (bytes): 927,651
COMPRESSED FILE:
-> name: /Users/pablocerve/Documents/FING/Proyecto/pc-tesis/dataset_parser/scripts/output/[4]solar-anywhere/ca/solar-anywhere-2014.c.cpp.csv
-> size (bytes): 389,069
-> 41.94% of original


RESULTS
--------------------------(same file!)
CoderCA
ORIGINAL FILE:
-> name: /Users/pablocerve/Documents/FING/Proyecto/datasets-csv/[4]solar-anywhere/all/solar-anywhere-2014.csv
-> size (bytes): 927,651
COMPRESSED FILE:
-> name: /Users/pablocerve/Documents/FING/Proyecto/pc-tesis/dataset_parser/scripts/output/[4]solar-anywhere/ca/solar-anywhere-2014.c.cpp.csv
-> size (bytes): 408,451
-> 44.03% of original


RESULTS
--------------------------(same file!)
CoderCA
ORIGINAL FILE:
-> name: /Users/pablocerve/Documents/FING/Proyecto/datasets-csv/[4]solar-anywhere/all/solar-anywhere-2014.csv
-> size (bytes): 927,651
COMPRESSED FILE:
-> name: /Users/pablocerve/Documents/FING/Proyecto/pc-tesis/dataset_parser/scripts/output/[4]solar-anywhere/ca/solar-anywhere-2014.c.cpp.csv
-> size (bytes): 434,354
-> 46.82% of original


RESULTS
--------------------------(same file!)
CoderCA
ORIGINAL FILE:
-> name: /Users/pablocerve/Documents/FING/Proyecto/datasets-csv/[4]solar-anywhere/all/solar-anywhere-2014.csv
-> size (bytes): 927,651
COMPRESSED FILE:
-> name: /Users/pablocerve/Documents/FING/Proyecto/pc-tesis/dataset_parser/scripts/output/[4]solar-anywhere/ca/solar-anywhere-2014.c.cpp.csv
-> size (bytes): 460,317
-> 49.62% of original


RESULTS
--------------------------(same file!)
CoderCA
ORIGINAL FILE:
-> name: /Users/pablocerve/Documents/FING/Proyecto/datasets-csv/[4]solar-anywhere/all/solar-anywhere-2014.csv
-> size (bytes): 927,651
COMPRESSED FILE:
-> name: /Users/pablocerve/Documents/FING/Proyecto/pc-tesis/dataset_parser/scripts/output/[4]solar-anywhere/ca/solar-anywhere-2014.c.cpp.csv
-> size (bytes): 486,280
-> 52.42% of original


RESULTS
--------------------------(same file!)
CoderCA
ORIGINAL FILE:
-> name: /Users/pablocerve/Documents/FING/Proyecto/datasets-csv/[4]solar-anywhere/all/solar-anywhere-2014.csv
-> size (bytes): 927,651
COMPRESSED FILE:
-> name: /Users/pablocerve/Documents/FING/Proyecto/pc-tesis/dataset_parser/scripts/output/[4]solar-anywhere/ca/solar-anywhere-2014.c.cpp.csv
-> size (bytes): 383,190
-> 41.31% of original


RESULTS
--------------------------(same file!)
CoderCA
ORIGINAL FILE:
-> name: /Users/pablocerve/Documents/FING/Proyecto/datasets-csv/[4]solar-anywhere/all/solar-anywhere-2014.csv
-> size (bytes): 927,651
COMPRESSED FILE:
-> name: /Users/pablocerve/Documents/FING/Proyecto/pc-tesis/dataset_parser/scripts/output/[4]solar-anywhere/ca/solar-anywhere-2014.c.cpp.csv
-> size (bytes): 373,473
-> 40.26% of original


RESULTS
--------------------------(same file!)
CoderCA
ORIGINAL FILE:
-> name: /Users/pablocerve/Documents/FING/Proyecto/datasets-csv/[4]solar-anywhere/all/solar-anywhere-2014.csv
-> size (bytes): 927,651
COMPRESSED FILE:
-> name: /Users/pablocerve/Documents/FING/Proyecto/pc-tesis/dataset_parser/scripts/output/[4]solar-anywhere/ca/solar-anywhere-2014.c.cpp.csv
-> size (bytes): 389,626
-> 42.0% of original


RESULTS
--------------------------(same file!)
CoderCA
ORIGINAL FILE:
-> name: /Users/pablocerve/Documents/FING/Proyecto/datasets-csv/[4]solar-anywhere/all/solar-anywhere-2014.csv
-> size (bytes): 927,651
COMPRESSED FILE:
-> name: /Users/pablocerve/Documents/FING/Proyecto/pc-tesis/dataset_parser/scripts/output/[4]solar-anywhere/ca/solar-anywhere-2014.c.cpp.csv
-> size (bytes): 414,246
-> 44.66% of original


RESULTS
--------------------------(same file!)
CoderCA
ORIGINAL FILE:
-> name: /Users/pablocerve/Documents/FING/Proyecto/datasets-csv/[4]solar-anywhere/all/solar-anywhere-2014.csv
-> size (bytes): 927,651
COMPRESSED FILE:
-> name: /Users/pablocerve/Documents/FING/Proyecto/pc-tesis/dataset_parser/scripts/output/[4]solar-anywhere/ca/solar-anywhere-2014.c.cpp.csv
-> size (bytes): 438,952
-> 47.32% of original


RESULTS
--------------------------(same file!)
CoderCA
ORIGINAL FILE:
-> name: /Users/pablocerve/Documents/FING/Proyecto/datasets-csv/[4]solar-anywhere/all/solar-anywhere-2014.csv
-> size (bytes): 927,651
COMPRESSED FILE:
-> name: /Users/pablocerve/Documents/FING/Proyecto/pc-tesis/dataset_parser/scripts/output/[4]solar-anywhere/ca/solar-anywhere-2014.c.cpp.csv
-> size (bytes): 463,659
-> 49.98% of original


RESULTS
--------------------------(same file!)
CoderCA
ORIGINAL FILE:
-> name: /Users/pablocerve/Documents/FING/Proyecto/datasets-csv/[4]solar-anywhere/all/solar-anywhere-2014.csv
-> size (bytes): 927,651
COMPRESSED FILE:
-> name: /Users/pablocerve/Documents/FING/Proyecto/pc-tesis/dataset_parser/scripts/output/[4]solar-anywhere/ca/solar-anywhere-2014.c.cpp.csv
-> size (bytes): 366,556
-> 39.51% of original


RESULTS
--------------------------(same file!)
CoderCA
ORIGINAL FILE:
-> name: /Users/pablocerve/Documents/FING/Proyecto/datasets-csv/[4]solar-anywhere/all/solar-anywhere-2014.csv
-> size (bytes): 927,651
COMPRESSED FILE:
-> name: /Users/pablocerve/Documents/FING/Proyecto/pc-tesis/dataset_parser/scripts/output/[4]solar-anywhere/ca/solar-anywhere-2014.c.cpp.csv
-> size (bytes): 356,012
-> 38.38% of original


RESULTS
--------------------------(same file!)
CoderCA
ORIGINAL FILE:
-> name: /Users/pablocerve/Documents/FING/Proyecto/datasets-csv/[4]solar-anywhere/all/solar-anywhere-2014.csv
-> size (bytes): 927,651
COMPRESSED FILE:
-> name: /Users/pablocerve/Documents/FING/Proyecto/pc-tesis/dataset_parser/scripts/output/[4]solar-anywhere/ca/solar-anywhere-2014.c.cpp.csv
-> size (bytes): 366,860
-> 39.55% of original


RESULTS
--------------------------(same file!)
CoderCA
ORIGINAL FILE:
-> name: /Users/pablocerve/Documents/FING/Proyecto/datasets-csv/[4]solar-anywhere/all/solar-anywhere-2014.csv
-> size (bytes): 927,651
COMPRESSED FILE:
-> name: /Users/pablocerve/Documents/FING/Proyecto/pc-tesis/dataset_parser/scripts/output/[4]solar-anywhere/ca/solar-anywhere-2014.c.cpp.csv
-> size (bytes): 389,934
-> 42.03% of original


RESULTS
--------------------------(same file!)
CoderCA
ORIGINAL FILE:
-> name: /Users/pablocerve/Documents/FING/Proyecto/datasets-csv/[4]solar-anywhere/all/solar-anywhere-2014.csv
-> size (bytes): 927,651
COMPRESSED FILE:
-> name: /Users/pablocerve/Documents/FING/Proyecto/pc-tesis/dataset_parser/scripts/output/[4]solar-anywhere/ca/solar-anywhere-2014.c.cpp.csv
-> size (bytes): 413,121
-> 44.53% of original


RESULTS
--------------------------(same file!)
CoderCA
ORIGINAL FILE:
-> name: /Users/pablocerve/Documents/FING/Proyecto/datasets-csv/[4]solar-anywhere/all/solar-anywhere-2014.csv
-> size (bytes): 927,651
COMPRESSED FILE:
-> name: /Users/pablocerve/Documents/FING/Proyecto/pc-tesis/dataset_parser/scripts/output/[4]solar-anywhere/ca/solar-anywhere-2014.c.cpp.csv
-> size (bytes): 436,308
-> 47.03% of original


RESULTS
--------------------------(same file!)
CoderCA
ORIGINAL FILE:
-> name: /Users/pablocerve/Documents/FING/Proyecto/datasets-csv/[4]solar-anywhere/all/solar-anywhere-2014.csv
-> size (bytes): 927,651
COMPRESSED FILE:
-> name: /Users/pablocerve/Documents/FING/Proyecto/pc-tesis/dataset_parser/scripts/output/[4]solar-anywhere/ca/solar-anywhere-2014.c.cpp.csv
-> size (bytes): 355,474
-> 38.32% of original


RESULTS
--------------------------(same file!)
CoderCA
ORIGINAL FILE:
-> name: /Users/pablocerve/Documents/FING/Proyecto/datasets-csv/[4]solar-anywhere/all/solar-anywhere-2014.csv
-> size (bytes): 927,651
COMPRESSED FILE:
-> name: /Users/pablocerve/Documents/FING/Proyecto/pc-tesis/dataset_parser/scripts/output/[4]solar-anywhere/ca/solar-anywhere-2014.c.cpp.csv
-> size (bytes): 344,563
-> 37.14% of original


RESULTS
--------------------------(same file!)
CoderCA
ORIGINAL FILE:
-> name: /Users/pablocerve/Documents/FING/Proyecto/datasets-csv/[4]solar-anywhere/all/solar-anywhere-2014.csv
-> size (bytes): 927,651
COMPRESSED FILE:
-> name: /Users/pablocerve/Documents/FING/Proyecto/pc-tesis/dataset_parser/scripts/output/[4]solar-anywhere/ca/solar-anywhere-2014.c.cpp.csv
-> size (bytes): 352,497
-> 38.0% of original


RESULTS
--------------------------(same file!)
CoderCA
ORIGINAL FILE:
-> name: /Users/pablocerve/Documents/FING/Proyecto/datasets-csv/[4]solar-anywhere/all/solar-anywhere-2014.csv
-> size (bytes): 927,651
COMPRESSED FILE:
-> name: /Users/pablocerve/Documents/FING/Proyecto/pc-tesis/dataset_parser/scripts/output/[4]solar-anywhere/ca/solar-anywhere-2014.c.cpp.csv
-> size (bytes): 374,598
-> 40.38% of original


RESULTS
--------------------------(same file!)
CoderCA
ORIGINAL FILE:
-> name: /Users/pablocerve/Documents/FING/Proyecto/datasets-csv/[4]solar-anywhere/all/solar-anywhere-2014.csv
-> size (bytes): 927,651
COMPRESSED FILE:
-> name: /Users/pablocerve/Documents/FING/Proyecto/pc-tesis/dataset_parser/scripts/output/[4]solar-anywhere/ca/solar-anywhere-2014.c.cpp.csv
-> size (bytes): 396,822
-> 42.78% of original


RESULTS
--------------------------(same file!)
CoderCA
ORIGINAL FILE:
-> name: /Users/pablocerve/Documents/FING/Proyecto/datasets-csv/[4]solar-anywhere/all/solar-anywhere-2014.csv
-> size (bytes): 927,651
COMPRESSED FILE:
-> name: /Users/pablocerve/Documents/FING/Proyecto/pc-tesis/dataset_parser/scripts/output/[4]solar-anywhere/ca/solar-anywhere-2014.c.cpp.csv
-> size (bytes): 419,050
-> 45.17% of original


RESULTS
--------------------------(same file!)
CoderCA
ORIGINAL FILE:
-> name: /Users/pablocerve/Documents/FING/Proyecto/datasets-csv/[4]solar-anywhere/all/solar-anywhere-2014.csv
-> size (bytes): 927,651
COMPRESSED FILE:
-> name: /Users/pablocerve/Documents/FING/Proyecto/pc-tesis/dataset_parser/scripts/output/[4]solar-anywhere/ca/solar-anywhere-2014.c.cpp.csv
-> size (bytes): 333,608
-> 35.96% of original


RESULTS
--------------------------(same file!)
CoderCA
ORIGINAL FILE:
-> name: /Users/pablocerve/Documents/FING/Proyecto/datasets-csv/[4]solar-anywhere/all/solar-anywhere-2014.csv
-> size (bytes): 927,651
COMPRESSED FILE:
-> name: /Users/pablocerve/Documents/FING/Proyecto/pc-tesis/dataset_parser/scripts/output/[4]solar-anywhere/ca/solar-anywhere-2014.c.cpp.csv
-> size (bytes): 320,574
-> 34.56% of original


RESULTS
--------------------------(same file!)
CoderCA
ORIGINAL FILE:
-> name: /Users/pablocerve/Documents/FING/Proyecto/datasets-csv/[4]solar-anywhere/all/solar-anywhere-2014.csv
-> size (bytes): 927,651
COMPRESSED FILE:
-> name: /Users/pablocerve/Documents/FING/Proyecto/pc-tesis/dataset_parser/scripts/output/[4]solar-anywhere/ca/solar-anywhere-2014.c.cpp.csv
-> size (bytes): 322,143
-> 34.73% of original


RESULTS
--------------------------(same file!)
CoderCA
ORIGINAL FILE:
-> name: /Users/pablocerve/Documents/FING/Proyecto/datasets-csv/[4]solar-anywhere/all/solar-anywhere-2014.csv
-> size (bytes): 927,651
COMPRESSED FILE:
-> name: /Users/pablocerve/Documents/FING/Proyecto/pc-tesis/dataset_parser/scripts/output/[4]solar-anywhere/ca/solar-anywhere-2014.c.cpp.csv
-> size (bytes): 342,144
-> 36.88% of original


RESULTS
--------------------------(same file!)
CoderCA
ORIGINAL FILE:
-> name: /Users/pablocerve/Documents/FING/Proyecto/datasets-csv/[4]solar-anywhere/all/solar-anywhere-2014.csv
-> size (bytes): 927,651
COMPRESSED FILE:
-> name: /Users/pablocerve/Documents/FING/Proyecto/pc-tesis/dataset_parser/scripts/output/[4]solar-anywhere/ca/solar-anywhere-2014.c.cpp.csv
-> size (bytes): 362,340
-> 39.06% of original


RESULTS
--------------------------(same file!)
CoderCA
ORIGINAL FILE:
-> name: /Users/pablocerve/Documents/FING/Proyecto/datasets-csv/[4]solar-anywhere/all/solar-anywhere-2014.csv
-> size (bytes): 927,651
COMPRESSED FILE:
-> name: /Users/pablocerve/Documents/FING/Proyecto/pc-tesis/dataset_parser/scripts/output/[4]solar-anywhere/ca/solar-anywhere-2014.c.cpp.csv
-> size (bytes): 382,539
-> 41.24% of original


RESULTS
--------------------------(same file!)
CoderCA
ORIGINAL FILE:
-> name: /Users/pablocerve/Documents/FING/Proyecto/datasets-csv/[4]solar-anywhere/all/solar-anywhere-2014.csv
-> size (bytes): 927,651
COMPRESSED FILE:
-> name: /Users/pablocerve/Documents/FING/Proyecto/pc-tesis/dataset_parser/scripts/output/[4]solar-anywhere/ca/solar-anywhere-2014.c.cpp.csv
-> size (bytes): 316,940
-> 34.17% of original


RESULTS
--------------------------(same file!)
CoderCA
ORIGINAL FILE:
-> name: /Users/pablocerve/Documents/FING/Proyecto/datasets-csv/[4]solar-anywhere/all/solar-anywhere-2014.csv
-> size (bytes): 927,651
COMPRESSED FILE:
-> name: /Users/pablocerve/Documents/FING/Proyecto/pc-tesis/dataset_parser/scripts/output/[4]solar-anywhere/ca/solar-anywhere-2014.c.cpp.csv
-> size (bytes): 301,975
-> 32.55% of original


RESULTS
--------------------------(same file!)
CoderCA
ORIGINAL FILE:
-> name: /Users/pablocerve/Documents/FING/Proyecto/datasets-csv/[4]solar-anywhere/all/solar-anywhere-2014.csv
-> size (bytes): 927,651
COMPRESSED FILE:
-> name: /Users/pablocerve/Documents/FING/Proyecto/pc-tesis/dataset_parser/scripts/output/[4]solar-anywhere/ca/solar-anywhere-2014.c.cpp.csv
-> size (bytes): 301,370
-> 32.49% of original


RESULTS
--------------------------(same file!)
CoderCA
ORIGINAL FILE:
-> name: /Users/pablocerve/Documents/FING/Proyecto/datasets-csv/[4]solar-anywhere/all/solar-anywhere-2014.csv
-> size (bytes): 927,651
COMPRESSED FILE:
-> name: /Users/pablocerve/Documents/FING/Proyecto/pc-tesis/dataset_parser/scripts/output/[4]solar-anywhere/ca/solar-anywhere-2014.c.cpp.csv
-> size (bytes): 319,906
-> 34.49% of original


RESULTS
--------------------------(same file!)
CoderCA
ORIGINAL FILE:
-> name: /Users/pablocerve/Documents/FING/Proyecto/datasets-csv/[4]solar-anywhere/all/solar-anywhere-2014.csv
-> size (bytes): 927,651
COMPRESSED FILE:
-> name: /Users/pablocerve/Documents/FING/Proyecto/pc-tesis/dataset_parser/scripts/output/[4]solar-anywhere/ca/solar-anywhere-2014.c.cpp.csv
-> size (bytes): 338,708
-> 36.51% of original


RESULTS
--------------------------(same file!)
CoderCA
ORIGINAL FILE:
-> name: /Users/pablocerve/Documents/FING/Proyecto/datasets-csv/[4]solar-anywhere/all/solar-anywhere-2014.csv
-> size (bytes): 927,651
COMPRESSED FILE:
-> name: /Users/pablocerve/Documents/FING/Proyecto/pc-tesis/dataset_parser/scripts/output/[4]solar-anywhere/ca/solar-anywhere-2014.c.cpp.csv
-> size (bytes): 357,517
-> 38.54% of original


RESULTS
--------------------------(same file!)
CoderCA
ORIGINAL FILE:
-> name: /Users/pablocerve/Documents/FING/Proyecto/datasets-csv/[4]solar-anywhere/all/solar-anywhere-2014.csv
-> size (bytes): 927,651
COMPRESSED FILE:
-> name: /Users/pablocerve/Documents/FING/Proyecto/pc-tesis/dataset_parser/scripts/output/[4]solar-anywhere/ca/solar-anywhere-2014.c.cpp.csv
-> size (bytes): 303,043
-> 32.67% of original


RESULTS
--------------------------(same file!)
CoderCA
ORIGINAL FILE:
-> name: /Users/pablocerve/Documents/FING/Proyecto/datasets-csv/[4]solar-anywhere/all/solar-anywhere-2014.csv
-> size (bytes): 927,651
COMPRESSED FILE:
-> name: /Users/pablocerve/Documents/FING/Proyecto/pc-tesis/dataset_parser/scripts/output/[4]solar-anywhere/ca/solar-anywhere-2014.c.cpp.csv
-> size (bytes): 286,616
-> 30.9% of original


RESULTS
--------------------------(same file!)
CoderCA
ORIGINAL FILE:
-> name: /Users/pablocerve/Documents/FING/Proyecto/datasets-csv/[4]solar-anywhere/all/solar-anywhere-2014.csv
-> size (bytes): 927,651
COMPRESSED FILE:
-> name: /Users/pablocerve/Documents/FING/Proyecto/pc-tesis/dataset_parser/scripts/output/[4]solar-anywhere/ca/solar-anywhere-2014.c.cpp.csv
-> size (bytes): 285,159
-> 30.74% of original


RESULTS
--------------------------(same file!)
CoderCA
ORIGINAL FILE:
-> name: /Users/pablocerve/Documents/FING/Proyecto/datasets-csv/[4]solar-anywhere/all/solar-anywhere-2014.csv
-> size (bytes): 927,651
COMPRESSED FILE:
-> name: /Users/pablocerve/Documents/FING/Proyecto/pc-tesis/dataset_parser/scripts/output/[4]solar-anywhere/ca/solar-anywhere-2014.c.cpp.csv
-> size (bytes): 302,566
-> 32.62% of original


RESULTS
--------------------------(same file!)
CoderCA
ORIGINAL FILE:
-> name: /Users/pablocerve/Documents/FING/Proyecto/datasets-csv/[4]solar-anywhere/all/solar-anywhere-2014.csv
-> size (bytes): 927,651
COMPRESSED FILE:
-> name: /Users/pablocerve/Documents/FING/Proyecto/pc-tesis/dataset_parser/scripts/output/[4]solar-anywhere/ca/solar-anywhere-2014.c.cpp.csv
-> size (bytes): 320,258
-> 34.52% of original


RESULTS
--------------------------(same file!)
CoderCA
ORIGINAL FILE:
-> name: /Users/pablocerve/Documents/FING/Proyecto/datasets-csv/[4]solar-anywhere/all/solar-anywhere-2014.csv
-> size (bytes): 927,651
COMPRESSED FILE:
-> name: /Users/pablocerve/Documents/FING/Proyecto/pc-tesis/dataset_parser/scripts/output/[4]solar-anywhere/ca/solar-anywhere-2014.c.cpp.csv
-> size (bytes): 337,983
-> 36.43% of original


RESULTS
--------------------------(same file!)
CoderCA
ORIGINAL FILE:
-> name: /Users/pablocerve/Documents/FING/Proyecto/datasets-csv/[4]solar-anywhere/all/solar-anywhere-2014.csv
-> size (bytes): 927,651
COMPRESSED FILE:
-> name: /Users/pablocerve/Documents/FING/Proyecto/pc-tesis/dataset_parser/scripts/output/[4]solar-anywhere/ca/solar-anywhere-2014.c.cpp.csv
-> size (bytes): 281,315
-> 30.33% of original


RESULTS
--------------------------(same file!)
CoderCA
ORIGINAL FILE:
-> name: /Users/pablocerve/Documents/FING/Proyecto/datasets-csv/[4]solar-anywhere/all/solar-anywhere-2014.csv
-> size (bytes): 927,651
COMPRESSED FILE:
-> name: /Users/pablocerve/Documents/FING/Proyecto/pc-tesis/dataset_parser/scripts/output/[4]solar-anywhere/ca/solar-anywhere-2014.c.cpp.csv
-> size (bytes): 261,682
-> 28.21% of original


RESULTS
--------------------------(same file!)
CoderCA
ORIGINAL FILE:
-> name: /Users/pablocerve/Documents/FING/Proyecto/datasets-csv/[4]solar-anywhere/all/solar-anywhere-2014.csv
-> size (bytes): 927,651
COMPRESSED FILE:
-> name: /Users/pablocerve/Documents/FING/Proyecto/pc-tesis/dataset_parser/scripts/output/[4]solar-anywhere/ca/solar-anywhere-2014.c.cpp.csv
-> size (bytes): 260,217
-> 28.05% of original


RESULTS
--------------------------(same file!)
CoderCA
ORIGINAL FILE:
-> name: /Users/pablocerve/Documents/FING/Proyecto/datasets-csv/[4]solar-anywhere/all/solar-anywhere-2014.csv
-> size (bytes): 927,651
COMPRESSED FILE:
-> name: /Users/pablocerve/Documents/FING/Proyecto/pc-tesis/dataset_parser/scripts/output/[4]solar-anywhere/ca/solar-anywhere-2014.c.cpp.csv
-> size (bytes): 275,898
-> 29.74% of original


RESULTS
--------------------------(same file!)
CoderCA
ORIGINAL FILE:
-> name: /Users/pablocerve/Documents/FING/Proyecto/datasets-csv/[4]solar-anywhere/all/solar-anywhere-2014.csv
-> size (bytes): 927,651
COMPRESSED FILE:
-> name: /Users/pablocerve/Documents/FING/Proyecto/pc-tesis/dataset_parser/scripts/output/[4]solar-anywhere/ca/solar-anywhere-2014.c.cpp.csv
-> size (bytes): 291,877
-> 31.46% of original


RESULTS
--------------------------(same file!)
CoderCA
ORIGINAL FILE:
-> name: /Users/pablocerve/Documents/FING/Proyecto/datasets-csv/[4]solar-anywhere/all/solar-anywhere-2014.csv
-> size (bytes): 927,651
COMPRESSED FILE:
-> name: /Users/pablocerve/Documents/FING/Proyecto/pc-tesis/dataset_parser/scripts/output/[4]solar-anywhere/ca/solar-anywhere-2014.c.cpp.csv
-> size (bytes): 307,932
-> 33.19% of original

