
RESULTS
--------------------------(same file!)
CoderBasic
ORIGINAL FILE:
-> name: /home/pablo/Documents/FING/Proyecto/datasets-csv/[5]el-nino/el-nino.csv
-> size (bytes): 9,820,158
COMPRESSED FILE:
-> name: /home/pablo/Documents/FING/Proyecto/pc-tesis/dataset_parser/scripts/compress/output/[5]el-nino/basic/el-nino.c.cpp.csv
-> size (bytes): 4,926,794
-> 50.17% of original


RESULTS
--------------------------(same file!)
CoderPCA
ORIGINAL FILE:
-> name: /home/pablo/Documents/FING/Proyecto/datasets-csv/[5]el-nino/el-nino.csv
-> size (bytes): 9,820,158
COMPRESSED FILE:
-> name: /home/pablo/Documents/FING/Proyecto/pc-tesis/dataset_parser/scripts/compress/output/[5]el-nino/pca/el-nino.c.cpp.csv
-> size (bytes): 2,211,278
-> 22.52% of original


RESULTS
--------------------------(same file!)
CoderPCA
ORIGINAL FILE:
-> name: /home/pablo/Documents/FING/Proyecto/datasets-csv/[5]el-nino/el-nino.csv
-> size (bytes): 9,820,158
COMPRESSED FILE:
-> name: /home/pablo/Documents/FING/Proyecto/pc-tesis/dataset_parser/scripts/compress/output/[5]el-nino/pca/el-nino.c.cpp.csv
-> size (bytes): 1,912,871
-> 19.48% of original


RESULTS
--------------------------(same file!)
CoderPCA
ORIGINAL FILE:
-> name: /home/pablo/Documents/FING/Proyecto/datasets-csv/[5]el-nino/el-nino.csv
-> size (bytes): 9,820,158
COMPRESSED FILE:
-> name: /home/pablo/Documents/FING/Proyecto/pc-tesis/dataset_parser/scripts/compress/output/[5]el-nino/pca/el-nino.c.cpp.csv
-> size (bytes): 1,771,833
-> 18.04% of original


RESULTS
--------------------------(same file!)
CoderPCA
ORIGINAL FILE:
-> name: /home/pablo/Documents/FING/Proyecto/datasets-csv/[5]el-nino/el-nino.csv
-> size (bytes): 9,820,158
COMPRESSED FILE:
-> name: /home/pablo/Documents/FING/Proyecto/pc-tesis/dataset_parser/scripts/compress/output/[5]el-nino/pca/el-nino.c.cpp.csv
-> size (bytes): 1,775,104
-> 18.08% of original


RESULTS
--------------------------(same file!)
CoderPCA
ORIGINAL FILE:
-> name: /home/pablo/Documents/FING/Proyecto/datasets-csv/[5]el-nino/el-nino.csv
-> size (bytes): 9,820,158
COMPRESSED FILE:
-> name: /home/pablo/Documents/FING/Proyecto/pc-tesis/dataset_parser/scripts/compress/output/[5]el-nino/pca/el-nino.c.cpp.csv
-> size (bytes): 1,864,068
-> 18.98% of original


RESULTS
--------------------------(same file!)
CoderPCA
ORIGINAL FILE:
-> name: /home/pablo/Documents/FING/Proyecto/datasets-csv/[5]el-nino/el-nino.csv
-> size (bytes): 9,820,158
COMPRESSED FILE:
-> name: /home/pablo/Documents/FING/Proyecto/pc-tesis/dataset_parser/scripts/compress/output/[5]el-nino/pca/el-nino.c.cpp.csv
-> size (bytes): 1,971,241
-> 20.07% of original


RESULTS
--------------------------(same file!)
CoderPCA
ORIGINAL FILE:
-> name: /home/pablo/Documents/FING/Proyecto/datasets-csv/[5]el-nino/el-nino.csv
-> size (bytes): 9,820,158
COMPRESSED FILE:
-> name: /home/pablo/Documents/FING/Proyecto/pc-tesis/dataset_parser/scripts/compress/output/[5]el-nino/pca/el-nino.c.cpp.csv
-> size (bytes): 2,205,576
-> 22.46% of original


RESULTS
--------------------------(same file!)
CoderPCA
ORIGINAL FILE:
-> name: /home/pablo/Documents/FING/Proyecto/datasets-csv/[5]el-nino/el-nino.csv
-> size (bytes): 9,820,158
COMPRESSED FILE:
-> name: /home/pablo/Documents/FING/Proyecto/pc-tesis/dataset_parser/scripts/compress/output/[5]el-nino/pca/el-nino.c.cpp.csv
-> size (bytes): 1,906,967
-> 19.42% of original


RESULTS
--------------------------(same file!)
CoderPCA
ORIGINAL FILE:
-> name: /home/pablo/Documents/FING/Proyecto/datasets-csv/[5]el-nino/el-nino.csv
-> size (bytes): 9,820,158
COMPRESSED FILE:
-> name: /home/pablo/Documents/FING/Proyecto/pc-tesis/dataset_parser/scripts/compress/output/[5]el-nino/pca/el-nino.c.cpp.csv
-> size (bytes): 1,766,697
-> 17.99% of original


RESULTS
--------------------------(same file!)
CoderPCA
ORIGINAL FILE:
-> name: /home/pablo/Documents/FING/Proyecto/datasets-csv/[5]el-nino/el-nino.csv
-> size (bytes): 9,820,158
COMPRESSED FILE:
-> name: /home/pablo/Documents/FING/Proyecto/pc-tesis/dataset_parser/scripts/compress/output/[5]el-nino/pca/el-nino.c.cpp.csv
-> size (bytes): 1,771,282
-> 18.04% of original


RESULTS
--------------------------(same file!)
CoderPCA
ORIGINAL FILE:
-> name: /home/pablo/Documents/FING/Proyecto/datasets-csv/[5]el-nino/el-nino.csv
-> size (bytes): 9,820,158
COMPRESSED FILE:
-> name: /home/pablo/Documents/FING/Proyecto/pc-tesis/dataset_parser/scripts/compress/output/[5]el-nino/pca/el-nino.c.cpp.csv
-> size (bytes): 1,862,484
-> 18.97% of original


RESULTS
--------------------------(same file!)
CoderPCA
ORIGINAL FILE:
-> name: /home/pablo/Documents/FING/Proyecto/datasets-csv/[5]el-nino/el-nino.csv
-> size (bytes): 9,820,158
COMPRESSED FILE:
-> name: /home/pablo/Documents/FING/Proyecto/pc-tesis/dataset_parser/scripts/compress/output/[5]el-nino/pca/el-nino.c.cpp.csv
-> size (bytes): 1,971,241
-> 20.07% of original


RESULTS
--------------------------(same file!)
CoderPCA
ORIGINAL FILE:
-> name: /home/pablo/Documents/FING/Proyecto/datasets-csv/[5]el-nino/el-nino.csv
-> size (bytes): 9,820,158
COMPRESSED FILE:
-> name: /home/pablo/Documents/FING/Proyecto/pc-tesis/dataset_parser/scripts/compress/output/[5]el-nino/pca/el-nino.c.cpp.csv
-> size (bytes): 2,136,792
-> 21.76% of original


RESULTS
--------------------------(same file!)
CoderPCA
ORIGINAL FILE:
-> name: /home/pablo/Documents/FING/Proyecto/datasets-csv/[5]el-nino/el-nino.csv
-> size (bytes): 9,820,158
COMPRESSED FILE:
-> name: /home/pablo/Documents/FING/Proyecto/pc-tesis/dataset_parser/scripts/compress/output/[5]el-nino/pca/el-nino.c.cpp.csv
-> size (bytes): 1,835,319
-> 18.69% of original


RESULTS
--------------------------(same file!)
CoderPCA
ORIGINAL FILE:
-> name: /home/pablo/Documents/FING/Proyecto/datasets-csv/[5]el-nino/el-nino.csv
-> size (bytes): 9,820,158
COMPRESSED FILE:
-> name: /home/pablo/Documents/FING/Proyecto/pc-tesis/dataset_parser/scripts/compress/output/[5]el-nino/pca/el-nino.c.cpp.csv
-> size (bytes): 1,709,400
-> 17.41% of original


RESULTS
--------------------------(same file!)
CoderPCA
ORIGINAL FILE:
-> name: /home/pablo/Documents/FING/Proyecto/datasets-csv/[5]el-nino/el-nino.csv
-> size (bytes): 9,820,158
COMPRESSED FILE:
-> name: /home/pablo/Documents/FING/Proyecto/pc-tesis/dataset_parser/scripts/compress/output/[5]el-nino/pca/el-nino.c.cpp.csv
-> size (bytes): 1,736,234
-> 17.68% of original


RESULTS
--------------------------(same file!)
CoderPCA
ORIGINAL FILE:
-> name: /home/pablo/Documents/FING/Proyecto/datasets-csv/[5]el-nino/el-nino.csv
-> size (bytes): 9,820,158
COMPRESSED FILE:
-> name: /home/pablo/Documents/FING/Proyecto/pc-tesis/dataset_parser/scripts/compress/output/[5]el-nino/pca/el-nino.c.cpp.csv
-> size (bytes): 1,844,986
-> 18.79% of original


RESULTS
--------------------------(same file!)
CoderPCA
ORIGINAL FILE:
-> name: /home/pablo/Documents/FING/Proyecto/datasets-csv/[5]el-nino/el-nino.csv
-> size (bytes): 9,820,158
COMPRESSED FILE:
-> name: /home/pablo/Documents/FING/Proyecto/pc-tesis/dataset_parser/scripts/compress/output/[5]el-nino/pca/el-nino.c.cpp.csv
-> size (bytes): 1,966,987
-> 20.03% of original


RESULTS
--------------------------(same file!)
CoderPCA
ORIGINAL FILE:
-> name: /home/pablo/Documents/FING/Proyecto/datasets-csv/[5]el-nino/el-nino.csv
-> size (bytes): 9,820,158
COMPRESSED FILE:
-> name: /home/pablo/Documents/FING/Proyecto/pc-tesis/dataset_parser/scripts/compress/output/[5]el-nino/pca/el-nino.c.cpp.csv
-> size (bytes): 2,095,518
-> 21.34% of original


RESULTS
--------------------------(same file!)
CoderPCA
ORIGINAL FILE:
-> name: /home/pablo/Documents/FING/Proyecto/datasets-csv/[5]el-nino/el-nino.csv
-> size (bytes): 9,820,158
COMPRESSED FILE:
-> name: /home/pablo/Documents/FING/Proyecto/pc-tesis/dataset_parser/scripts/compress/output/[5]el-nino/pca/el-nino.c.cpp.csv
-> size (bytes): 1,802,981
-> 18.36% of original


RESULTS
--------------------------(same file!)
CoderPCA
ORIGINAL FILE:
-> name: /home/pablo/Documents/FING/Proyecto/datasets-csv/[5]el-nino/el-nino.csv
-> size (bytes): 9,820,158
COMPRESSED FILE:
-> name: /home/pablo/Documents/FING/Proyecto/pc-tesis/dataset_parser/scripts/compress/output/[5]el-nino/pca/el-nino.c.cpp.csv
-> size (bytes): 1,681,116
-> 17.12% of original


RESULTS
--------------------------(same file!)
CoderPCA
ORIGINAL FILE:
-> name: /home/pablo/Documents/FING/Proyecto/datasets-csv/[5]el-nino/el-nino.csv
-> size (bytes): 9,820,158
COMPRESSED FILE:
-> name: /home/pablo/Documents/FING/Proyecto/pc-tesis/dataset_parser/scripts/compress/output/[5]el-nino/pca/el-nino.c.cpp.csv
-> size (bytes): 1,711,930
-> 17.43% of original


RESULTS
--------------------------(same file!)
CoderPCA
ORIGINAL FILE:
-> name: /home/pablo/Documents/FING/Proyecto/datasets-csv/[5]el-nino/el-nino.csv
-> size (bytes): 9,820,158
COMPRESSED FILE:
-> name: /home/pablo/Documents/FING/Proyecto/pc-tesis/dataset_parser/scripts/compress/output/[5]el-nino/pca/el-nino.c.cpp.csv
-> size (bytes): 1,828,688
-> 18.62% of original


RESULTS
--------------------------(same file!)
CoderPCA
ORIGINAL FILE:
-> name: /home/pablo/Documents/FING/Proyecto/datasets-csv/[5]el-nino/el-nino.csv
-> size (bytes): 9,820,158
COMPRESSED FILE:
-> name: /home/pablo/Documents/FING/Proyecto/pc-tesis/dataset_parser/scripts/compress/output/[5]el-nino/pca/el-nino.c.cpp.csv
-> size (bytes): 1,958,480
-> 19.94% of original


RESULTS
--------------------------(same file!)
CoderPCA
ORIGINAL FILE:
-> name: /home/pablo/Documents/FING/Proyecto/datasets-csv/[5]el-nino/el-nino.csv
-> size (bytes): 9,820,158
COMPRESSED FILE:
-> name: /home/pablo/Documents/FING/Proyecto/pc-tesis/dataset_parser/scripts/compress/output/[5]el-nino/pca/el-nino.c.cpp.csv
-> size (bytes): 1,972,847
-> 20.09% of original


RESULTS
--------------------------(same file!)
CoderPCA
ORIGINAL FILE:
-> name: /home/pablo/Documents/FING/Proyecto/datasets-csv/[5]el-nino/el-nino.csv
-> size (bytes): 9,820,158
COMPRESSED FILE:
-> name: /home/pablo/Documents/FING/Proyecto/pc-tesis/dataset_parser/scripts/compress/output/[5]el-nino/pca/el-nino.c.cpp.csv
-> size (bytes): 1,693,687
-> 17.25% of original


RESULTS
--------------------------(same file!)
CoderPCA
ORIGINAL FILE:
-> name: /home/pablo/Documents/FING/Proyecto/datasets-csv/[5]el-nino/el-nino.csv
-> size (bytes): 9,820,158
COMPRESSED FILE:
-> name: /home/pablo/Documents/FING/Proyecto/pc-tesis/dataset_parser/scripts/compress/output/[5]el-nino/pca/el-nino.c.cpp.csv
-> size (bytes): 1,587,072
-> 16.16% of original


RESULTS
--------------------------(same file!)
CoderPCA
ORIGINAL FILE:
-> name: /home/pablo/Documents/FING/Proyecto/datasets-csv/[5]el-nino/el-nino.csv
-> size (bytes): 9,820,158
COMPRESSED FILE:
-> name: /home/pablo/Documents/FING/Proyecto/pc-tesis/dataset_parser/scripts/compress/output/[5]el-nino/pca/el-nino.c.cpp.csv
-> size (bytes): 1,631,270
-> 16.61% of original


RESULTS
--------------------------(same file!)
CoderPCA
ORIGINAL FILE:
-> name: /home/pablo/Documents/FING/Proyecto/datasets-csv/[5]el-nino/el-nino.csv
-> size (bytes): 9,820,158
COMPRESSED FILE:
-> name: /home/pablo/Documents/FING/Proyecto/pc-tesis/dataset_parser/scripts/compress/output/[5]el-nino/pca/el-nino.c.cpp.csv
-> size (bytes): 1,769,164
-> 18.02% of original


RESULTS
--------------------------(same file!)
CoderPCA
ORIGINAL FILE:
-> name: /home/pablo/Documents/FING/Proyecto/datasets-csv/[5]el-nino/el-nino.csv
-> size (bytes): 9,820,158
COMPRESSED FILE:
-> name: /home/pablo/Documents/FING/Proyecto/pc-tesis/dataset_parser/scripts/compress/output/[5]el-nino/pca/el-nino.c.cpp.csv
-> size (bytes): 1,926,839
-> 19.62% of original


RESULTS
--------------------------(same file!)
CoderPCA
ORIGINAL FILE:
-> name: /home/pablo/Documents/FING/Proyecto/datasets-csv/[5]el-nino/el-nino.csv
-> size (bytes): 9,820,158
COMPRESSED FILE:
-> name: /home/pablo/Documents/FING/Proyecto/pc-tesis/dataset_parser/scripts/compress/output/[5]el-nino/pca/el-nino.c.cpp.csv
-> size (bytes): 1,870,950
-> 19.05% of original


RESULTS
--------------------------(same file!)
CoderPCA
ORIGINAL FILE:
-> name: /home/pablo/Documents/FING/Proyecto/datasets-csv/[5]el-nino/el-nino.csv
-> size (bytes): 9,820,158
COMPRESSED FILE:
-> name: /home/pablo/Documents/FING/Proyecto/pc-tesis/dataset_parser/scripts/compress/output/[5]el-nino/pca/el-nino.c.cpp.csv
-> size (bytes): 1,599,634
-> 16.29% of original


RESULTS
--------------------------(same file!)
CoderPCA
ORIGINAL FILE:
-> name: /home/pablo/Documents/FING/Proyecto/datasets-csv/[5]el-nino/el-nino.csv
-> size (bytes): 9,820,158
COMPRESSED FILE:
-> name: /home/pablo/Documents/FING/Proyecto/pc-tesis/dataset_parser/scripts/compress/output/[5]el-nino/pca/el-nino.c.cpp.csv
-> size (bytes): 1,520,304
-> 15.48% of original


RESULTS
--------------------------(same file!)
CoderPCA
ORIGINAL FILE:
-> name: /home/pablo/Documents/FING/Proyecto/datasets-csv/[5]el-nino/el-nino.csv
-> size (bytes): 9,820,158
COMPRESSED FILE:
-> name: /home/pablo/Documents/FING/Proyecto/pc-tesis/dataset_parser/scripts/compress/output/[5]el-nino/pca/el-nino.c.cpp.csv
-> size (bytes): 1,579,391
-> 16.08% of original


RESULTS
--------------------------(same file!)
CoderPCA
ORIGINAL FILE:
-> name: /home/pablo/Documents/FING/Proyecto/datasets-csv/[5]el-nino/el-nino.csv
-> size (bytes): 9,820,158
COMPRESSED FILE:
-> name: /home/pablo/Documents/FING/Proyecto/pc-tesis/dataset_parser/scripts/compress/output/[5]el-nino/pca/el-nino.c.cpp.csv
-> size (bytes): 1,731,544
-> 17.63% of original


RESULTS
--------------------------(same file!)
CoderPCA
ORIGINAL FILE:
-> name: /home/pablo/Documents/FING/Proyecto/datasets-csv/[5]el-nino/el-nino.csv
-> size (bytes): 9,820,158
COMPRESSED FILE:
-> name: /home/pablo/Documents/FING/Proyecto/pc-tesis/dataset_parser/scripts/compress/output/[5]el-nino/pca/el-nino.c.cpp.csv
-> size (bytes): 1,904,924
-> 19.4% of original


RESULTS
--------------------------(same file!)
CoderPCA
ORIGINAL FILE:
-> name: /home/pablo/Documents/FING/Proyecto/datasets-csv/[5]el-nino/el-nino.csv
-> size (bytes): 9,820,158
COMPRESSED FILE:
-> name: /home/pablo/Documents/FING/Proyecto/pc-tesis/dataset_parser/scripts/compress/output/[5]el-nino/pca/el-nino.c.cpp.csv
-> size (bytes): 1,792,493
-> 18.25% of original


RESULTS
--------------------------(same file!)
CoderPCA
ORIGINAL FILE:
-> name: /home/pablo/Documents/FING/Proyecto/datasets-csv/[5]el-nino/el-nino.csv
-> size (bytes): 9,820,158
COMPRESSED FILE:
-> name: /home/pablo/Documents/FING/Proyecto/pc-tesis/dataset_parser/scripts/compress/output/[5]el-nino/pca/el-nino.c.cpp.csv
-> size (bytes): 1,522,093
-> 15.5% of original


RESULTS
--------------------------(same file!)
CoderPCA
ORIGINAL FILE:
-> name: /home/pablo/Documents/FING/Proyecto/datasets-csv/[5]el-nino/el-nino.csv
-> size (bytes): 9,820,158
COMPRESSED FILE:
-> name: /home/pablo/Documents/FING/Proyecto/pc-tesis/dataset_parser/scripts/compress/output/[5]el-nino/pca/el-nino.c.cpp.csv
-> size (bytes): 1,465,332
-> 14.92% of original


RESULTS
--------------------------(same file!)
CoderPCA
ORIGINAL FILE:
-> name: /home/pablo/Documents/FING/Proyecto/datasets-csv/[5]el-nino/el-nino.csv
-> size (bytes): 9,820,158
COMPRESSED FILE:
-> name: /home/pablo/Documents/FING/Proyecto/pc-tesis/dataset_parser/scripts/compress/output/[5]el-nino/pca/el-nino.c.cpp.csv
-> size (bytes): 1,539,273
-> 15.67% of original


RESULTS
--------------------------(same file!)
CoderPCA
ORIGINAL FILE:
-> name: /home/pablo/Documents/FING/Proyecto/datasets-csv/[5]el-nino/el-nino.csv
-> size (bytes): 9,820,158
COMPRESSED FILE:
-> name: /home/pablo/Documents/FING/Proyecto/pc-tesis/dataset_parser/scripts/compress/output/[5]el-nino/pca/el-nino.c.cpp.csv
-> size (bytes): 1,700,111
-> 17.31% of original


RESULTS
--------------------------(same file!)
CoderPCA
ORIGINAL FILE:
-> name: /home/pablo/Documents/FING/Proyecto/datasets-csv/[5]el-nino/el-nino.csv
-> size (bytes): 9,820,158
COMPRESSED FILE:
-> name: /home/pablo/Documents/FING/Proyecto/pc-tesis/dataset_parser/scripts/compress/output/[5]el-nino/pca/el-nino.c.cpp.csv
-> size (bytes): 1,891,591
-> 19.26% of original


RESULTS
--------------------------(same file!)
CoderPCA
ORIGINAL FILE:
-> name: /home/pablo/Documents/FING/Proyecto/datasets-csv/[5]el-nino/el-nino.csv
-> size (bytes): 9,820,158
COMPRESSED FILE:
-> name: /home/pablo/Documents/FING/Proyecto/pc-tesis/dataset_parser/scripts/compress/output/[5]el-nino/pca/el-nino.c.cpp.csv
-> size (bytes): 1,658,094
-> 16.88% of original


RESULTS
--------------------------(same file!)
CoderPCA
ORIGINAL FILE:
-> name: /home/pablo/Documents/FING/Proyecto/datasets-csv/[5]el-nino/el-nino.csv
-> size (bytes): 9,820,158
COMPRESSED FILE:
-> name: /home/pablo/Documents/FING/Proyecto/pc-tesis/dataset_parser/scripts/compress/output/[5]el-nino/pca/el-nino.c.cpp.csv
-> size (bytes): 1,391,144
-> 14.17% of original


RESULTS
--------------------------(same file!)
CoderPCA
ORIGINAL FILE:
-> name: /home/pablo/Documents/FING/Proyecto/datasets-csv/[5]el-nino/el-nino.csv
-> size (bytes): 9,820,158
COMPRESSED FILE:
-> name: /home/pablo/Documents/FING/Proyecto/pc-tesis/dataset_parser/scripts/compress/output/[5]el-nino/pca/el-nino.c.cpp.csv
-> size (bytes): 1,363,581
-> 13.89% of original


RESULTS
--------------------------(same file!)
CoderPCA
ORIGINAL FILE:
-> name: /home/pablo/Documents/FING/Proyecto/datasets-csv/[5]el-nino/el-nino.csv
-> size (bytes): 9,820,158
COMPRESSED FILE:
-> name: /home/pablo/Documents/FING/Proyecto/pc-tesis/dataset_parser/scripts/compress/output/[5]el-nino/pca/el-nino.c.cpp.csv
-> size (bytes): 1,470,838
-> 14.98% of original


RESULTS
--------------------------(same file!)
CoderPCA
ORIGINAL FILE:
-> name: /home/pablo/Documents/FING/Proyecto/datasets-csv/[5]el-nino/el-nino.csv
-> size (bytes): 9,820,158
COMPRESSED FILE:
-> name: /home/pablo/Documents/FING/Proyecto/pc-tesis/dataset_parser/scripts/compress/output/[5]el-nino/pca/el-nino.c.cpp.csv
-> size (bytes): 1,650,698
-> 16.81% of original


RESULTS
--------------------------(same file!)
CoderPCA
ORIGINAL FILE:
-> name: /home/pablo/Documents/FING/Proyecto/datasets-csv/[5]el-nino/el-nino.csv
-> size (bytes): 9,820,158
COMPRESSED FILE:
-> name: /home/pablo/Documents/FING/Proyecto/pc-tesis/dataset_parser/scripts/compress/output/[5]el-nino/pca/el-nino.c.cpp.csv
-> size (bytes): 1,857,139
-> 18.91% of original


RESULTS
--------------------------(same file!)
CoderAPCA
ORIGINAL FILE:
-> name: /home/pablo/Documents/FING/Proyecto/datasets-csv/[5]el-nino/el-nino.csv
-> size (bytes): 9,820,158
COMPRESSED FILE:
-> name: /home/pablo/Documents/FING/Proyecto/pc-tesis/dataset_parser/scripts/compress/output/[5]el-nino/apca/el-nino.c.cpp.csv
-> size (bytes): 2,382,094
-> 24.26% of original


RESULTS
--------------------------(same file!)
CoderAPCA
ORIGINAL FILE:
-> name: /home/pablo/Documents/FING/Proyecto/datasets-csv/[5]el-nino/el-nino.csv
-> size (bytes): 9,820,158
COMPRESSED FILE:
-> name: /home/pablo/Documents/FING/Proyecto/pc-tesis/dataset_parser/scripts/compress/output/[5]el-nino/apca/el-nino.c.cpp.csv
-> size (bytes): 2,059,532
-> 20.97% of original


RESULTS
--------------------------(same file!)
CoderAPCA
ORIGINAL FILE:
-> name: /home/pablo/Documents/FING/Proyecto/datasets-csv/[5]el-nino/el-nino.csv
-> size (bytes): 9,820,158
COMPRESSED FILE:
-> name: /home/pablo/Documents/FING/Proyecto/pc-tesis/dataset_parser/scripts/compress/output/[5]el-nino/apca/el-nino.c.cpp.csv
-> size (bytes): 1,892,958
-> 19.28% of original


RESULTS
--------------------------(same file!)
CoderAPCA
ORIGINAL FILE:
-> name: /home/pablo/Documents/FING/Proyecto/datasets-csv/[5]el-nino/el-nino.csv
-> size (bytes): 9,820,158
COMPRESSED FILE:
-> name: /home/pablo/Documents/FING/Proyecto/pc-tesis/dataset_parser/scripts/compress/output/[5]el-nino/apca/el-nino.c.cpp.csv
-> size (bytes): 1,905,818
-> 19.41% of original


RESULTS
--------------------------(same file!)
CoderAPCA
ORIGINAL FILE:
-> name: /home/pablo/Documents/FING/Proyecto/datasets-csv/[5]el-nino/el-nino.csv
-> size (bytes): 9,820,158
COMPRESSED FILE:
-> name: /home/pablo/Documents/FING/Proyecto/pc-tesis/dataset_parser/scripts/compress/output/[5]el-nino/apca/el-nino.c.cpp.csv
-> size (bytes): 1,962,461
-> 19.98% of original


RESULTS
--------------------------(same file!)
CoderAPCA
ORIGINAL FILE:
-> name: /home/pablo/Documents/FING/Proyecto/datasets-csv/[5]el-nino/el-nino.csv
-> size (bytes): 9,820,158
COMPRESSED FILE:
-> name: /home/pablo/Documents/FING/Proyecto/pc-tesis/dataset_parser/scripts/compress/output/[5]el-nino/apca/el-nino.c.cpp.csv
-> size (bytes): 2,042,151
-> 20.8% of original


RESULTS
--------------------------(same file!)
CoderAPCA
ORIGINAL FILE:
-> name: /home/pablo/Documents/FING/Proyecto/datasets-csv/[5]el-nino/el-nino.csv
-> size (bytes): 9,820,158
COMPRESSED FILE:
-> name: /home/pablo/Documents/FING/Proyecto/pc-tesis/dataset_parser/scripts/compress/output/[5]el-nino/apca/el-nino.c.cpp.csv
-> size (bytes): 2,322,382
-> 23.65% of original


RESULTS
--------------------------(same file!)
CoderAPCA
ORIGINAL FILE:
-> name: /home/pablo/Documents/FING/Proyecto/datasets-csv/[5]el-nino/el-nino.csv
-> size (bytes): 9,820,158
COMPRESSED FILE:
-> name: /home/pablo/Documents/FING/Proyecto/pc-tesis/dataset_parser/scripts/compress/output/[5]el-nino/apca/el-nino.c.cpp.csv
-> size (bytes): 1,995,051
-> 20.32% of original


RESULTS
--------------------------(same file!)
CoderAPCA
ORIGINAL FILE:
-> name: /home/pablo/Documents/FING/Proyecto/datasets-csv/[5]el-nino/el-nino.csv
-> size (bytes): 9,820,158
COMPRESSED FILE:
-> name: /home/pablo/Documents/FING/Proyecto/pc-tesis/dataset_parser/scripts/compress/output/[5]el-nino/apca/el-nino.c.cpp.csv
-> size (bytes): 1,823,984
-> 18.57% of original


RESULTS
--------------------------(same file!)
CoderAPCA
ORIGINAL FILE:
-> name: /home/pablo/Documents/FING/Proyecto/datasets-csv/[5]el-nino/el-nino.csv
-> size (bytes): 9,820,158
COMPRESSED FILE:
-> name: /home/pablo/Documents/FING/Proyecto/pc-tesis/dataset_parser/scripts/compress/output/[5]el-nino/apca/el-nino.c.cpp.csv
-> size (bytes): 1,832,654
-> 18.66% of original


RESULTS
--------------------------(same file!)
CoderAPCA
ORIGINAL FILE:
-> name: /home/pablo/Documents/FING/Proyecto/datasets-csv/[5]el-nino/el-nino.csv
-> size (bytes): 9,820,158
COMPRESSED FILE:
-> name: /home/pablo/Documents/FING/Proyecto/pc-tesis/dataset_parser/scripts/compress/output/[5]el-nino/apca/el-nino.c.cpp.csv
-> size (bytes): 1,885,192
-> 19.2% of original


RESULTS
--------------------------(same file!)
CoderAPCA
ORIGINAL FILE:
-> name: /home/pablo/Documents/FING/Proyecto/datasets-csv/[5]el-nino/el-nino.csv
-> size (bytes): 9,820,158
COMPRESSED FILE:
-> name: /home/pablo/Documents/FING/Proyecto/pc-tesis/dataset_parser/scripts/compress/output/[5]el-nino/apca/el-nino.c.cpp.csv
-> size (bytes): 1,960,822
-> 19.97% of original


RESULTS
--------------------------(same file!)
CoderAPCA
ORIGINAL FILE:
-> name: /home/pablo/Documents/FING/Proyecto/datasets-csv/[5]el-nino/el-nino.csv
-> size (bytes): 9,820,158
COMPRESSED FILE:
-> name: /home/pablo/Documents/FING/Proyecto/pc-tesis/dataset_parser/scripts/compress/output/[5]el-nino/apca/el-nino.c.cpp.csv
-> size (bytes): 2,154,029
-> 21.93% of original


RESULTS
--------------------------(same file!)
CoderAPCA
ORIGINAL FILE:
-> name: /home/pablo/Documents/FING/Proyecto/datasets-csv/[5]el-nino/el-nino.csv
-> size (bytes): 9,820,158
COMPRESSED FILE:
-> name: /home/pablo/Documents/FING/Proyecto/pc-tesis/dataset_parser/scripts/compress/output/[5]el-nino/apca/el-nino.c.cpp.csv
-> size (bytes): 1,806,268
-> 18.39% of original


RESULTS
--------------------------(same file!)
CoderAPCA
ORIGINAL FILE:
-> name: /home/pablo/Documents/FING/Proyecto/datasets-csv/[5]el-nino/el-nino.csv
-> size (bytes): 9,820,158
COMPRESSED FILE:
-> name: /home/pablo/Documents/FING/Proyecto/pc-tesis/dataset_parser/scripts/compress/output/[5]el-nino/apca/el-nino.c.cpp.csv
-> size (bytes): 1,617,406
-> 16.47% of original


RESULTS
--------------------------(same file!)
CoderAPCA
ORIGINAL FILE:
-> name: /home/pablo/Documents/FING/Proyecto/datasets-csv/[5]el-nino/el-nino.csv
-> size (bytes): 9,820,158
COMPRESSED FILE:
-> name: /home/pablo/Documents/FING/Proyecto/pc-tesis/dataset_parser/scripts/compress/output/[5]el-nino/apca/el-nino.c.cpp.csv
-> size (bytes): 1,611,824
-> 16.41% of original


RESULTS
--------------------------(same file!)
CoderAPCA
ORIGINAL FILE:
-> name: /home/pablo/Documents/FING/Proyecto/datasets-csv/[5]el-nino/el-nino.csv
-> size (bytes): 9,820,158
COMPRESSED FILE:
-> name: /home/pablo/Documents/FING/Proyecto/pc-tesis/dataset_parser/scripts/compress/output/[5]el-nino/apca/el-nino.c.cpp.csv
-> size (bytes): 1,651,120
-> 16.81% of original


RESULTS
--------------------------(same file!)
CoderAPCA
ORIGINAL FILE:
-> name: /home/pablo/Documents/FING/Proyecto/datasets-csv/[5]el-nino/el-nino.csv
-> size (bytes): 9,820,158
COMPRESSED FILE:
-> name: /home/pablo/Documents/FING/Proyecto/pc-tesis/dataset_parser/scripts/compress/output/[5]el-nino/apca/el-nino.c.cpp.csv
-> size (bytes): 1,714,035
-> 17.45% of original


RESULTS
--------------------------(same file!)
CoderAPCA
ORIGINAL FILE:
-> name: /home/pablo/Documents/FING/Proyecto/datasets-csv/[5]el-nino/el-nino.csv
-> size (bytes): 9,820,158
COMPRESSED FILE:
-> name: /home/pablo/Documents/FING/Proyecto/pc-tesis/dataset_parser/scripts/compress/output/[5]el-nino/apca/el-nino.c.cpp.csv
-> size (bytes): 2,054,913
-> 20.93% of original


RESULTS
--------------------------(same file!)
CoderAPCA
ORIGINAL FILE:
-> name: /home/pablo/Documents/FING/Proyecto/datasets-csv/[5]el-nino/el-nino.csv
-> size (bytes): 9,820,158
COMPRESSED FILE:
-> name: /home/pablo/Documents/FING/Proyecto/pc-tesis/dataset_parser/scripts/compress/output/[5]el-nino/apca/el-nino.c.cpp.csv
-> size (bytes): 1,693,877
-> 17.25% of original


RESULTS
--------------------------(same file!)
CoderAPCA
ORIGINAL FILE:
-> name: /home/pablo/Documents/FING/Proyecto/datasets-csv/[5]el-nino/el-nino.csv
-> size (bytes): 9,820,158
COMPRESSED FILE:
-> name: /home/pablo/Documents/FING/Proyecto/pc-tesis/dataset_parser/scripts/compress/output/[5]el-nino/apca/el-nino.c.cpp.csv
-> size (bytes): 1,494,877
-> 15.22% of original


RESULTS
--------------------------(same file!)
CoderAPCA
ORIGINAL FILE:
-> name: /home/pablo/Documents/FING/Proyecto/datasets-csv/[5]el-nino/el-nino.csv
-> size (bytes): 9,820,158
COMPRESSED FILE:
-> name: /home/pablo/Documents/FING/Proyecto/pc-tesis/dataset_parser/scripts/compress/output/[5]el-nino/apca/el-nino.c.cpp.csv
-> size (bytes): 1,480,979
-> 15.08% of original


RESULTS
--------------------------(same file!)
CoderAPCA
ORIGINAL FILE:
-> name: /home/pablo/Documents/FING/Proyecto/datasets-csv/[5]el-nino/el-nino.csv
-> size (bytes): 9,820,158
COMPRESSED FILE:
-> name: /home/pablo/Documents/FING/Proyecto/pc-tesis/dataset_parser/scripts/compress/output/[5]el-nino/apca/el-nino.c.cpp.csv
-> size (bytes): 1,512,316
-> 15.4% of original


RESULTS
--------------------------(same file!)
CoderAPCA
ORIGINAL FILE:
-> name: /home/pablo/Documents/FING/Proyecto/datasets-csv/[5]el-nino/el-nino.csv
-> size (bytes): 9,820,158
COMPRESSED FILE:
-> name: /home/pablo/Documents/FING/Proyecto/pc-tesis/dataset_parser/scripts/compress/output/[5]el-nino/apca/el-nino.c.cpp.csv
-> size (bytes): 1,567,515
-> 15.96% of original


RESULTS
--------------------------(same file!)
CoderAPCA
ORIGINAL FILE:
-> name: /home/pablo/Documents/FING/Proyecto/datasets-csv/[5]el-nino/el-nino.csv
-> size (bytes): 9,820,158
COMPRESSED FILE:
-> name: /home/pablo/Documents/FING/Proyecto/pc-tesis/dataset_parser/scripts/compress/output/[5]el-nino/apca/el-nino.c.cpp.csv
-> size (bytes): 1,865,459
-> 19.0% of original


RESULTS
--------------------------(same file!)
CoderAPCA
ORIGINAL FILE:
-> name: /home/pablo/Documents/FING/Proyecto/datasets-csv/[5]el-nino/el-nino.csv
-> size (bytes): 9,820,158
COMPRESSED FILE:
-> name: /home/pablo/Documents/FING/Proyecto/pc-tesis/dataset_parser/scripts/compress/output/[5]el-nino/apca/el-nino.c.cpp.csv
-> size (bytes): 1,472,861
-> 15.0% of original


RESULTS
--------------------------(same file!)
CoderAPCA
ORIGINAL FILE:
-> name: /home/pablo/Documents/FING/Proyecto/datasets-csv/[5]el-nino/el-nino.csv
-> size (bytes): 9,820,158
COMPRESSED FILE:
-> name: /home/pablo/Documents/FING/Proyecto/pc-tesis/dataset_parser/scripts/compress/output/[5]el-nino/apca/el-nino.c.cpp.csv
-> size (bytes): 1,250,008
-> 12.73% of original


RESULTS
--------------------------(same file!)
CoderAPCA
ORIGINAL FILE:
-> name: /home/pablo/Documents/FING/Proyecto/datasets-csv/[5]el-nino/el-nino.csv
-> size (bytes): 9,820,158
COMPRESSED FILE:
-> name: /home/pablo/Documents/FING/Proyecto/pc-tesis/dataset_parser/scripts/compress/output/[5]el-nino/apca/el-nino.c.cpp.csv
-> size (bytes): 1,218,010
-> 12.4% of original


RESULTS
--------------------------(same file!)
CoderAPCA
ORIGINAL FILE:
-> name: /home/pablo/Documents/FING/Proyecto/datasets-csv/[5]el-nino/el-nino.csv
-> size (bytes): 9,820,158
COMPRESSED FILE:
-> name: /home/pablo/Documents/FING/Proyecto/pc-tesis/dataset_parser/scripts/compress/output/[5]el-nino/apca/el-nino.c.cpp.csv
-> size (bytes): 1,232,643
-> 12.55% of original


RESULTS
--------------------------(same file!)
CoderAPCA
ORIGINAL FILE:
-> name: /home/pablo/Documents/FING/Proyecto/datasets-csv/[5]el-nino/el-nino.csv
-> size (bytes): 9,820,158
COMPRESSED FILE:
-> name: /home/pablo/Documents/FING/Proyecto/pc-tesis/dataset_parser/scripts/compress/output/[5]el-nino/apca/el-nino.c.cpp.csv
-> size (bytes): 1,271,807
-> 12.95% of original


RESULTS
--------------------------(same file!)
CoderAPCA
ORIGINAL FILE:
-> name: /home/pablo/Documents/FING/Proyecto/datasets-csv/[5]el-nino/el-nino.csv
-> size (bytes): 9,820,158
COMPRESSED FILE:
-> name: /home/pablo/Documents/FING/Proyecto/pc-tesis/dataset_parser/scripts/compress/output/[5]el-nino/apca/el-nino.c.cpp.csv
-> size (bytes): 1,736,387
-> 17.68% of original


RESULTS
--------------------------(same file!)
CoderAPCA
ORIGINAL FILE:
-> name: /home/pablo/Documents/FING/Proyecto/datasets-csv/[5]el-nino/el-nino.csv
-> size (bytes): 9,820,158
COMPRESSED FILE:
-> name: /home/pablo/Documents/FING/Proyecto/pc-tesis/dataset_parser/scripts/compress/output/[5]el-nino/apca/el-nino.c.cpp.csv
-> size (bytes): 1,319,070
-> 13.43% of original


RESULTS
--------------------------(same file!)
CoderAPCA
ORIGINAL FILE:
-> name: /home/pablo/Documents/FING/Proyecto/datasets-csv/[5]el-nino/el-nino.csv
-> size (bytes): 9,820,158
COMPRESSED FILE:
-> name: /home/pablo/Documents/FING/Proyecto/pc-tesis/dataset_parser/scripts/compress/output/[5]el-nino/apca/el-nino.c.cpp.csv
-> size (bytes): 1,077,282
-> 10.97% of original


RESULTS
--------------------------(same file!)
CoderAPCA
ORIGINAL FILE:
-> name: /home/pablo/Documents/FING/Proyecto/datasets-csv/[5]el-nino/el-nino.csv
-> size (bytes): 9,820,158
COMPRESSED FILE:
-> name: /home/pablo/Documents/FING/Proyecto/pc-tesis/dataset_parser/scripts/compress/output/[5]el-nino/apca/el-nino.c.cpp.csv
-> size (bytes): 1,032,201
-> 10.51% of original


RESULTS
--------------------------(same file!)
CoderAPCA
ORIGINAL FILE:
-> name: /home/pablo/Documents/FING/Proyecto/datasets-csv/[5]el-nino/el-nino.csv
-> size (bytes): 9,820,158
COMPRESSED FILE:
-> name: /home/pablo/Documents/FING/Proyecto/pc-tesis/dataset_parser/scripts/compress/output/[5]el-nino/apca/el-nino.c.cpp.csv
-> size (bytes): 1,034,880
-> 10.54% of original


RESULTS
--------------------------(same file!)
CoderAPCA
ORIGINAL FILE:
-> name: /home/pablo/Documents/FING/Proyecto/datasets-csv/[5]el-nino/el-nino.csv
-> size (bytes): 9,820,158
COMPRESSED FILE:
-> name: /home/pablo/Documents/FING/Proyecto/pc-tesis/dataset_parser/scripts/compress/output/[5]el-nino/apca/el-nino.c.cpp.csv
-> size (bytes): 1,062,601
-> 10.82% of original


RESULTS
--------------------------(same file!)
CoderAPCA
ORIGINAL FILE:
-> name: /home/pablo/Documents/FING/Proyecto/datasets-csv/[5]el-nino/el-nino.csv
-> size (bytes): 9,820,158
COMPRESSED FILE:
-> name: /home/pablo/Documents/FING/Proyecto/pc-tesis/dataset_parser/scripts/compress/output/[5]el-nino/apca/el-nino.c.cpp.csv
-> size (bytes): 1,643,926
-> 16.74% of original


RESULTS
--------------------------(same file!)
CoderAPCA
ORIGINAL FILE:
-> name: /home/pablo/Documents/FING/Proyecto/datasets-csv/[5]el-nino/el-nino.csv
-> size (bytes): 9,820,158
COMPRESSED FILE:
-> name: /home/pablo/Documents/FING/Proyecto/pc-tesis/dataset_parser/scripts/compress/output/[5]el-nino/apca/el-nino.c.cpp.csv
-> size (bytes): 1,207,254
-> 12.29% of original


RESULTS
--------------------------(same file!)
CoderAPCA
ORIGINAL FILE:
-> name: /home/pablo/Documents/FING/Proyecto/datasets-csv/[5]el-nino/el-nino.csv
-> size (bytes): 9,820,158
COMPRESSED FILE:
-> name: /home/pablo/Documents/FING/Proyecto/pc-tesis/dataset_parser/scripts/compress/output/[5]el-nino/apca/el-nino.c.cpp.csv
-> size (bytes): 950,922
-> 9.68% of original


RESULTS
--------------------------(same file!)
CoderAPCA
ORIGINAL FILE:
-> name: /home/pablo/Documents/FING/Proyecto/datasets-csv/[5]el-nino/el-nino.csv
-> size (bytes): 9,820,158
COMPRESSED FILE:
-> name: /home/pablo/Documents/FING/Proyecto/pc-tesis/dataset_parser/scripts/compress/output/[5]el-nino/apca/el-nino.c.cpp.csv
-> size (bytes): 896,032
-> 9.12% of original


RESULTS
--------------------------(same file!)
CoderAPCA
ORIGINAL FILE:
-> name: /home/pablo/Documents/FING/Proyecto/datasets-csv/[5]el-nino/el-nino.csv
-> size (bytes): 9,820,158
COMPRESSED FILE:
-> name: /home/pablo/Documents/FING/Proyecto/pc-tesis/dataset_parser/scripts/compress/output/[5]el-nino/apca/el-nino.c.cpp.csv
-> size (bytes): 889,847
-> 9.06% of original


RESULTS
--------------------------(same file!)
CoderAPCA
ORIGINAL FILE:
-> name: /home/pablo/Documents/FING/Proyecto/datasets-csv/[5]el-nino/el-nino.csv
-> size (bytes): 9,820,158
COMPRESSED FILE:
-> name: /home/pablo/Documents/FING/Proyecto/pc-tesis/dataset_parser/scripts/compress/output/[5]el-nino/apca/el-nino.c.cpp.csv
-> size (bytes): 909,118
-> 9.26% of original


RESULTS
--------------------------(same file!)
CoderAPCA
ORIGINAL FILE:
-> name: /home/pablo/Documents/FING/Proyecto/datasets-csv/[5]el-nino/el-nino.csv
-> size (bytes): 9,820,158
COMPRESSED FILE:
-> name: /home/pablo/Documents/FING/Proyecto/pc-tesis/dataset_parser/scripts/compress/output/[5]el-nino/apca/el-nino.c.cpp.csv
-> size (bytes): 1,511,760
-> 15.39% of original


RESULTS
--------------------------(same file!)
CoderAPCA
ORIGINAL FILE:
-> name: /home/pablo/Documents/FING/Proyecto/datasets-csv/[5]el-nino/el-nino.csv
-> size (bytes): 9,820,158
COMPRESSED FILE:
-> name: /home/pablo/Documents/FING/Proyecto/pc-tesis/dataset_parser/scripts/compress/output/[5]el-nino/apca/el-nino.c.cpp.csv
-> size (bytes): 1,042,971
-> 10.62% of original


RESULTS
--------------------------(same file!)
CoderAPCA
ORIGINAL FILE:
-> name: /home/pablo/Documents/FING/Proyecto/datasets-csv/[5]el-nino/el-nino.csv
-> size (bytes): 9,820,158
COMPRESSED FILE:
-> name: /home/pablo/Documents/FING/Proyecto/pc-tesis/dataset_parser/scripts/compress/output/[5]el-nino/apca/el-nino.c.cpp.csv
-> size (bytes): 763,146
-> 7.77% of original


RESULTS
--------------------------(same file!)
CoderAPCA
ORIGINAL FILE:
-> name: /home/pablo/Documents/FING/Proyecto/datasets-csv/[5]el-nino/el-nino.csv
-> size (bytes): 9,820,158
COMPRESSED FILE:
-> name: /home/pablo/Documents/FING/Proyecto/pc-tesis/dataset_parser/scripts/compress/output/[5]el-nino/apca/el-nino.c.cpp.csv
-> size (bytes): 692,628
-> 7.05% of original


RESULTS
--------------------------(same file!)
CoderAPCA
ORIGINAL FILE:
-> name: /home/pablo/Documents/FING/Proyecto/datasets-csv/[5]el-nino/el-nino.csv
-> size (bytes): 9,820,158
COMPRESSED FILE:
-> name: /home/pablo/Documents/FING/Proyecto/pc-tesis/dataset_parser/scripts/compress/output/[5]el-nino/apca/el-nino.c.cpp.csv
-> size (bytes): 672,964
-> 6.85% of original


RESULTS
--------------------------(same file!)
CoderAPCA
ORIGINAL FILE:
-> name: /home/pablo/Documents/FING/Proyecto/datasets-csv/[5]el-nino/el-nino.csv
-> size (bytes): 9,820,158
COMPRESSED FILE:
-> name: /home/pablo/Documents/FING/Proyecto/pc-tesis/dataset_parser/scripts/compress/output/[5]el-nino/apca/el-nino.c.cpp.csv
-> size (bytes): 679,512
-> 6.92% of original


RESULTS
--------------------------(same file!)
CoderPWLH
ORIGINAL FILE:
-> name: /home/pablo/Documents/FING/Proyecto/datasets-csv/[5]el-nino/el-nino.csv
-> size (bytes): 9,820,158
COMPRESSED FILE:
-> name: /home/pablo/Documents/FING/Proyecto/pc-tesis/dataset_parser/scripts/compress/output/[5]el-nino/pwlh/el-nino.c.cpp.csv
-> size (bytes): 6,200,255
-> 63.14% of original


RESULTS
--------------------------(same file!)
CoderPWLH
ORIGINAL FILE:
-> name: /home/pablo/Documents/FING/Proyecto/datasets-csv/[5]el-nino/el-nino.csv
-> size (bytes): 9,820,158
COMPRESSED FILE:
-> name: /home/pablo/Documents/FING/Proyecto/pc-tesis/dataset_parser/scripts/compress/output/[5]el-nino/pwlh/el-nino.c.cpp.csv
-> size (bytes): 5,126,202
-> 52.2% of original


RESULTS
--------------------------(same file!)
CoderPWLH
ORIGINAL FILE:
-> name: /home/pablo/Documents/FING/Proyecto/datasets-csv/[5]el-nino/el-nino.csv
-> size (bytes): 9,820,158
COMPRESSED FILE:
-> name: /home/pablo/Documents/FING/Proyecto/pc-tesis/dataset_parser/scripts/compress/output/[5]el-nino/pwlh/el-nino.c.cpp.csv
-> size (bytes): 4,509,714
-> 45.92% of original


RESULTS
--------------------------(same file!)
CoderPWLH
ORIGINAL FILE:
-> name: /home/pablo/Documents/FING/Proyecto/datasets-csv/[5]el-nino/el-nino.csv
-> size (bytes): 9,820,158
COMPRESSED FILE:
-> name: /home/pablo/Documents/FING/Proyecto/pc-tesis/dataset_parser/scripts/compress/output/[5]el-nino/pwlh/el-nino.c.cpp.csv
-> size (bytes): 4,347,093
-> 44.27% of original


RESULTS
--------------------------(same file!)
CoderPWLH
ORIGINAL FILE:
-> name: /home/pablo/Documents/FING/Proyecto/datasets-csv/[5]el-nino/el-nino.csv
-> size (bytes): 9,820,158
COMPRESSED FILE:
-> name: /home/pablo/Documents/FING/Proyecto/pc-tesis/dataset_parser/scripts/compress/output/[5]el-nino/pwlh/el-nino.c.cpp.csv
-> size (bytes): 4,294,167
-> 43.73% of original


RESULTS
--------------------------(same file!)
CoderPWLH
ORIGINAL FILE:
-> name: /home/pablo/Documents/FING/Proyecto/datasets-csv/[5]el-nino/el-nino.csv
-> size (bytes): 9,820,158
COMPRESSED FILE:
-> name: /home/pablo/Documents/FING/Proyecto/pc-tesis/dataset_parser/scripts/compress/output/[5]el-nino/pwlh/el-nino.c.cpp.csv
-> size (bytes): 4,296,335
-> 43.75% of original


RESULTS
--------------------------(same file!)
CoderPWLH
ORIGINAL FILE:
-> name: /home/pablo/Documents/FING/Proyecto/datasets-csv/[5]el-nino/el-nino.csv
-> size (bytes): 9,820,158
COMPRESSED FILE:
-> name: /home/pablo/Documents/FING/Proyecto/pc-tesis/dataset_parser/scripts/compress/output/[5]el-nino/pwlh/el-nino.c.cpp.csv
-> size (bytes): 6,093,102
-> 62.05% of original


RESULTS
--------------------------(same file!)
CoderPWLH
ORIGINAL FILE:
-> name: /home/pablo/Documents/FING/Proyecto/datasets-csv/[5]el-nino/el-nino.csv
-> size (bytes): 9,820,158
COMPRESSED FILE:
-> name: /home/pablo/Documents/FING/Proyecto/pc-tesis/dataset_parser/scripts/compress/output/[5]el-nino/pwlh/el-nino.c.cpp.csv
-> size (bytes): 5,012,946
-> 51.05% of original


RESULTS
--------------------------(same file!)
CoderPWLH
ORIGINAL FILE:
-> name: /home/pablo/Documents/FING/Proyecto/datasets-csv/[5]el-nino/el-nino.csv
-> size (bytes): 9,820,158
COMPRESSED FILE:
-> name: /home/pablo/Documents/FING/Proyecto/pc-tesis/dataset_parser/scripts/compress/output/[5]el-nino/pwlh/el-nino.c.cpp.csv
-> size (bytes): 4,393,063
-> 44.74% of original


RESULTS
--------------------------(same file!)
CoderPWLH
ORIGINAL FILE:
-> name: /home/pablo/Documents/FING/Proyecto/datasets-csv/[5]el-nino/el-nino.csv
-> size (bytes): 9,820,158
COMPRESSED FILE:
-> name: /home/pablo/Documents/FING/Proyecto/pc-tesis/dataset_parser/scripts/compress/output/[5]el-nino/pwlh/el-nino.c.cpp.csv
-> size (bytes): 4,228,147
-> 43.06% of original


RESULTS
--------------------------(same file!)
CoderPWLH
ORIGINAL FILE:
-> name: /home/pablo/Documents/FING/Proyecto/datasets-csv/[5]el-nino/el-nino.csv
-> size (bytes): 9,820,158
COMPRESSED FILE:
-> name: /home/pablo/Documents/FING/Proyecto/pc-tesis/dataset_parser/scripts/compress/output/[5]el-nino/pwlh/el-nino.c.cpp.csv
-> size (bytes): 4,173,264
-> 42.5% of original


RESULTS
--------------------------(same file!)
CoderPWLH
ORIGINAL FILE:
-> name: /home/pablo/Documents/FING/Proyecto/datasets-csv/[5]el-nino/el-nino.csv
-> size (bytes): 9,820,158
COMPRESSED FILE:
-> name: /home/pablo/Documents/FING/Proyecto/pc-tesis/dataset_parser/scripts/compress/output/[5]el-nino/pwlh/el-nino.c.cpp.csv
-> size (bytes): 4,173,648
-> 42.5% of original


RESULTS
--------------------------(same file!)
CoderPWLH
ORIGINAL FILE:
-> name: /home/pablo/Documents/FING/Proyecto/datasets-csv/[5]el-nino/el-nino.csv
-> size (bytes): 9,820,158
COMPRESSED FILE:
-> name: /home/pablo/Documents/FING/Proyecto/pc-tesis/dataset_parser/scripts/compress/output/[5]el-nino/pwlh/el-nino.c.cpp.csv
-> size (bytes): 5,805,228
-> 59.12% of original


RESULTS
--------------------------(same file!)
CoderPWLH
ORIGINAL FILE:
-> name: /home/pablo/Documents/FING/Proyecto/datasets-csv/[5]el-nino/el-nino.csv
-> size (bytes): 9,820,158
COMPRESSED FILE:
-> name: /home/pablo/Documents/FING/Proyecto/pc-tesis/dataset_parser/scripts/compress/output/[5]el-nino/pwlh/el-nino.c.cpp.csv
-> size (bytes): 4,677,313
-> 47.63% of original


RESULTS
--------------------------(same file!)
CoderPWLH
ORIGINAL FILE:
-> name: /home/pablo/Documents/FING/Proyecto/datasets-csv/[5]el-nino/el-nino.csv
-> size (bytes): 9,820,158
COMPRESSED FILE:
-> name: /home/pablo/Documents/FING/Proyecto/pc-tesis/dataset_parser/scripts/compress/output/[5]el-nino/pwlh/el-nino.c.cpp.csv
-> size (bytes): 4,031,427
-> 41.05% of original


RESULTS
--------------------------(same file!)
CoderPWLH
ORIGINAL FILE:
-> name: /home/pablo/Documents/FING/Proyecto/datasets-csv/[5]el-nino/el-nino.csv
-> size (bytes): 9,820,158
COMPRESSED FILE:
-> name: /home/pablo/Documents/FING/Proyecto/pc-tesis/dataset_parser/scripts/compress/output/[5]el-nino/pwlh/el-nino.c.cpp.csv
-> size (bytes): 3,855,021
-> 39.26% of original


RESULTS
--------------------------(same file!)
CoderPWLH
ORIGINAL FILE:
-> name: /home/pablo/Documents/FING/Proyecto/datasets-csv/[5]el-nino/el-nino.csv
-> size (bytes): 9,820,158
COMPRESSED FILE:
-> name: /home/pablo/Documents/FING/Proyecto/pc-tesis/dataset_parser/scripts/compress/output/[5]el-nino/pwlh/el-nino.c.cpp.csv
-> size (bytes): 3,792,281
-> 38.62% of original


RESULTS
--------------------------(same file!)
CoderPWLH
ORIGINAL FILE:
-> name: /home/pablo/Documents/FING/Proyecto/datasets-csv/[5]el-nino/el-nino.csv
-> size (bytes): 9,820,158
COMPRESSED FILE:
-> name: /home/pablo/Documents/FING/Proyecto/pc-tesis/dataset_parser/scripts/compress/output/[5]el-nino/pwlh/el-nino.c.cpp.csv
-> size (bytes): 3,786,525
-> 38.56% of original


RESULTS
--------------------------(same file!)
CoderPWLH
ORIGINAL FILE:
-> name: /home/pablo/Documents/FING/Proyecto/datasets-csv/[5]el-nino/el-nino.csv
-> size (bytes): 9,820,158
COMPRESSED FILE:
-> name: /home/pablo/Documents/FING/Proyecto/pc-tesis/dataset_parser/scripts/compress/output/[5]el-nino/pwlh/el-nino.c.cpp.csv
-> size (bytes): 5,632,665
-> 57.36% of original


RESULTS
--------------------------(same file!)
CoderPWLH
ORIGINAL FILE:
-> name: /home/pablo/Documents/FING/Proyecto/datasets-csv/[5]el-nino/el-nino.csv
-> size (bytes): 9,820,158
COMPRESSED FILE:
-> name: /home/pablo/Documents/FING/Proyecto/pc-tesis/dataset_parser/scripts/compress/output/[5]el-nino/pwlh/el-nino.c.cpp.csv
-> size (bytes): 4,466,487
-> 45.48% of original


RESULTS
--------------------------(same file!)
CoderPWLH
ORIGINAL FILE:
-> name: /home/pablo/Documents/FING/Proyecto/datasets-csv/[5]el-nino/el-nino.csv
-> size (bytes): 9,820,158
COMPRESSED FILE:
-> name: /home/pablo/Documents/FING/Proyecto/pc-tesis/dataset_parser/scripts/compress/output/[5]el-nino/pwlh/el-nino.c.cpp.csv
-> size (bytes): 3,804,868
-> 38.75% of original


RESULTS
--------------------------(same file!)
CoderPWLH
ORIGINAL FILE:
-> name: /home/pablo/Documents/FING/Proyecto/datasets-csv/[5]el-nino/el-nino.csv
-> size (bytes): 9,820,158
COMPRESSED FILE:
-> name: /home/pablo/Documents/FING/Proyecto/pc-tesis/dataset_parser/scripts/compress/output/[5]el-nino/pwlh/el-nino.c.cpp.csv
-> size (bytes): 3,621,685
-> 36.88% of original


RESULTS
--------------------------(same file!)
CoderPWLH
ORIGINAL FILE:
-> name: /home/pablo/Documents/FING/Proyecto/datasets-csv/[5]el-nino/el-nino.csv
-> size (bytes): 9,820,158
COMPRESSED FILE:
-> name: /home/pablo/Documents/FING/Proyecto/pc-tesis/dataset_parser/scripts/compress/output/[5]el-nino/pwlh/el-nino.c.cpp.csv
-> size (bytes): 3,554,071
-> 36.19% of original


RESULTS
--------------------------(same file!)
CoderPWLH
ORIGINAL FILE:
-> name: /home/pablo/Documents/FING/Proyecto/datasets-csv/[5]el-nino/el-nino.csv
-> size (bytes): 9,820,158
COMPRESSED FILE:
-> name: /home/pablo/Documents/FING/Proyecto/pc-tesis/dataset_parser/scripts/compress/output/[5]el-nino/pwlh/el-nino.c.cpp.csv
-> size (bytes): 3,544,202
-> 36.09% of original


RESULTS
--------------------------(same file!)
CoderPWLH
ORIGINAL FILE:
-> name: /home/pablo/Documents/FING/Proyecto/datasets-csv/[5]el-nino/el-nino.csv
-> size (bytes): 9,820,158
COMPRESSED FILE:
-> name: /home/pablo/Documents/FING/Proyecto/pc-tesis/dataset_parser/scripts/compress/output/[5]el-nino/pwlh/el-nino.c.cpp.csv
-> size (bytes): 5,275,247
-> 53.72% of original


RESULTS
--------------------------(same file!)
CoderPWLH
ORIGINAL FILE:
-> name: /home/pablo/Documents/FING/Proyecto/datasets-csv/[5]el-nino/el-nino.csv
-> size (bytes): 9,820,158
COMPRESSED FILE:
-> name: /home/pablo/Documents/FING/Proyecto/pc-tesis/dataset_parser/scripts/compress/output/[5]el-nino/pwlh/el-nino.c.cpp.csv
-> size (bytes): 4,012,789
-> 40.86% of original


RESULTS
--------------------------(same file!)
CoderPWLH
ORIGINAL FILE:
-> name: /home/pablo/Documents/FING/Proyecto/datasets-csv/[5]el-nino/el-nino.csv
-> size (bytes): 9,820,158
COMPRESSED FILE:
-> name: /home/pablo/Documents/FING/Proyecto/pc-tesis/dataset_parser/scripts/compress/output/[5]el-nino/pwlh/el-nino.c.cpp.csv
-> size (bytes): 3,301,833
-> 33.62% of original


RESULTS
--------------------------(same file!)
CoderPWLH
ORIGINAL FILE:
-> name: /home/pablo/Documents/FING/Proyecto/datasets-csv/[5]el-nino/el-nino.csv
-> size (bytes): 9,820,158
COMPRESSED FILE:
-> name: /home/pablo/Documents/FING/Proyecto/pc-tesis/dataset_parser/scripts/compress/output/[5]el-nino/pwlh/el-nino.c.cpp.csv
-> size (bytes): 3,099,685
-> 31.56% of original


RESULTS
--------------------------(same file!)
CoderPWLH
ORIGINAL FILE:
-> name: /home/pablo/Documents/FING/Proyecto/datasets-csv/[5]el-nino/el-nino.csv
-> size (bytes): 9,820,158
COMPRESSED FILE:
-> name: /home/pablo/Documents/FING/Proyecto/pc-tesis/dataset_parser/scripts/compress/output/[5]el-nino/pwlh/el-nino.c.cpp.csv
-> size (bytes): 3,019,196
-> 30.74% of original


RESULTS
--------------------------(same file!)
CoderPWLH
ORIGINAL FILE:
-> name: /home/pablo/Documents/FING/Proyecto/datasets-csv/[5]el-nino/el-nino.csv
-> size (bytes): 9,820,158
COMPRESSED FILE:
-> name: /home/pablo/Documents/FING/Proyecto/pc-tesis/dataset_parser/scripts/compress/output/[5]el-nino/pwlh/el-nino.c.cpp.csv
-> size (bytes): 2,999,144
-> 30.54% of original


RESULTS
--------------------------(same file!)
CoderPWLH
ORIGINAL FILE:
-> name: /home/pablo/Documents/FING/Proyecto/datasets-csv/[5]el-nino/el-nino.csv
-> size (bytes): 9,820,158
COMPRESSED FILE:
-> name: /home/pablo/Documents/FING/Proyecto/pc-tesis/dataset_parser/scripts/compress/output/[5]el-nino/pwlh/el-nino.c.cpp.csv
-> size (bytes): 5,018,007
-> 51.1% of original


RESULTS
--------------------------(same file!)
CoderPWLH
ORIGINAL FILE:
-> name: /home/pablo/Documents/FING/Proyecto/datasets-csv/[5]el-nino/el-nino.csv
-> size (bytes): 9,820,158
COMPRESSED FILE:
-> name: /home/pablo/Documents/FING/Proyecto/pc-tesis/dataset_parser/scripts/compress/output/[5]el-nino/pwlh/el-nino.c.cpp.csv
-> size (bytes): 3,678,064
-> 37.45% of original


RESULTS
--------------------------(same file!)
CoderPWLH
ORIGINAL FILE:
-> name: /home/pablo/Documents/FING/Proyecto/datasets-csv/[5]el-nino/el-nino.csv
-> size (bytes): 9,820,158
COMPRESSED FILE:
-> name: /home/pablo/Documents/FING/Proyecto/pc-tesis/dataset_parser/scripts/compress/output/[5]el-nino/pwlh/el-nino.c.cpp.csv
-> size (bytes): 2,922,672
-> 29.76% of original


RESULTS
--------------------------(same file!)
CoderPWLH
ORIGINAL FILE:
-> name: /home/pablo/Documents/FING/Proyecto/datasets-csv/[5]el-nino/el-nino.csv
-> size (bytes): 9,820,158
COMPRESSED FILE:
-> name: /home/pablo/Documents/FING/Proyecto/pc-tesis/dataset_parser/scripts/compress/output/[5]el-nino/pwlh/el-nino.c.cpp.csv
-> size (bytes): 2,705,341
-> 27.55% of original


RESULTS
--------------------------(same file!)
CoderPWLH
ORIGINAL FILE:
-> name: /home/pablo/Documents/FING/Proyecto/datasets-csv/[5]el-nino/el-nino.csv
-> size (bytes): 9,820,158
COMPRESSED FILE:
-> name: /home/pablo/Documents/FING/Proyecto/pc-tesis/dataset_parser/scripts/compress/output/[5]el-nino/pwlh/el-nino.c.cpp.csv
-> size (bytes): 2,615,363
-> 26.63% of original


RESULTS
--------------------------(same file!)
CoderPWLH
ORIGINAL FILE:
-> name: /home/pablo/Documents/FING/Proyecto/datasets-csv/[5]el-nino/el-nino.csv
-> size (bytes): 9,820,158
COMPRESSED FILE:
-> name: /home/pablo/Documents/FING/Proyecto/pc-tesis/dataset_parser/scripts/compress/output/[5]el-nino/pwlh/el-nino.c.cpp.csv
-> size (bytes): 2,588,116
-> 26.36% of original


RESULTS
--------------------------(same file!)
CoderPWLH
ORIGINAL FILE:
-> name: /home/pablo/Documents/FING/Proyecto/datasets-csv/[5]el-nino/el-nino.csv
-> size (bytes): 9,820,158
COMPRESSED FILE:
-> name: /home/pablo/Documents/FING/Proyecto/pc-tesis/dataset_parser/scripts/compress/output/[5]el-nino/pwlh/el-nino.c.cpp.csv
-> size (bytes): 4,826,085
-> 49.14% of original


RESULTS
--------------------------(same file!)
CoderPWLH
ORIGINAL FILE:
-> name: /home/pablo/Documents/FING/Proyecto/datasets-csv/[5]el-nino/el-nino.csv
-> size (bytes): 9,820,158
COMPRESSED FILE:
-> name: /home/pablo/Documents/FING/Proyecto/pc-tesis/dataset_parser/scripts/compress/output/[5]el-nino/pwlh/el-nino.c.cpp.csv
-> size (bytes): 3,421,218
-> 34.84% of original


RESULTS
--------------------------(same file!)
CoderPWLH
ORIGINAL FILE:
-> name: /home/pablo/Documents/FING/Proyecto/datasets-csv/[5]el-nino/el-nino.csv
-> size (bytes): 9,820,158
COMPRESSED FILE:
-> name: /home/pablo/Documents/FING/Proyecto/pc-tesis/dataset_parser/scripts/compress/output/[5]el-nino/pwlh/el-nino.c.cpp.csv
-> size (bytes): 2,631,567
-> 26.8% of original


RESULTS
--------------------------(same file!)
CoderPWLH
ORIGINAL FILE:
-> name: /home/pablo/Documents/FING/Proyecto/datasets-csv/[5]el-nino/el-nino.csv
-> size (bytes): 9,820,158
COMPRESSED FILE:
-> name: /home/pablo/Documents/FING/Proyecto/pc-tesis/dataset_parser/scripts/compress/output/[5]el-nino/pwlh/el-nino.c.cpp.csv
-> size (bytes): 2,401,671
-> 24.46% of original


RESULTS
--------------------------(same file!)
CoderPWLH
ORIGINAL FILE:
-> name: /home/pablo/Documents/FING/Proyecto/datasets-csv/[5]el-nino/el-nino.csv
-> size (bytes): 9,820,158
COMPRESSED FILE:
-> name: /home/pablo/Documents/FING/Proyecto/pc-tesis/dataset_parser/scripts/compress/output/[5]el-nino/pwlh/el-nino.c.cpp.csv
-> size (bytes): 2,304,271
-> 23.46% of original


RESULTS
--------------------------(same file!)
CoderPWLH
ORIGINAL FILE:
-> name: /home/pablo/Documents/FING/Proyecto/datasets-csv/[5]el-nino/el-nino.csv
-> size (bytes): 9,820,158
COMPRESSED FILE:
-> name: /home/pablo/Documents/FING/Proyecto/pc-tesis/dataset_parser/scripts/compress/output/[5]el-nino/pwlh/el-nino.c.cpp.csv
-> size (bytes): 2,271,520
-> 23.13% of original


RESULTS
--------------------------(same file!)
CoderPWLH
ORIGINAL FILE:
-> name: /home/pablo/Documents/FING/Proyecto/datasets-csv/[5]el-nino/el-nino.csv
-> size (bytes): 9,820,158
COMPRESSED FILE:
-> name: /home/pablo/Documents/FING/Proyecto/pc-tesis/dataset_parser/scripts/compress/output/[5]el-nino/pwlh/el-nino.c.cpp.csv
-> size (bytes): 4,535,084
-> 46.18% of original


RESULTS
--------------------------(same file!)
CoderPWLH
ORIGINAL FILE:
-> name: /home/pablo/Documents/FING/Proyecto/datasets-csv/[5]el-nino/el-nino.csv
-> size (bytes): 9,820,158
COMPRESSED FILE:
-> name: /home/pablo/Documents/FING/Proyecto/pc-tesis/dataset_parser/scripts/compress/output/[5]el-nino/pwlh/el-nino.c.cpp.csv
-> size (bytes): 3,014,861
-> 30.7% of original


RESULTS
--------------------------(same file!)
CoderPWLH
ORIGINAL FILE:
-> name: /home/pablo/Documents/FING/Proyecto/datasets-csv/[5]el-nino/el-nino.csv
-> size (bytes): 9,820,158
COMPRESSED FILE:
-> name: /home/pablo/Documents/FING/Proyecto/pc-tesis/dataset_parser/scripts/compress/output/[5]el-nino/pwlh/el-nino.c.cpp.csv
-> size (bytes): 2,168,334
-> 22.08% of original


RESULTS
--------------------------(same file!)
CoderPWLH
ORIGINAL FILE:
-> name: /home/pablo/Documents/FING/Proyecto/datasets-csv/[5]el-nino/el-nino.csv
-> size (bytes): 9,820,158
COMPRESSED FILE:
-> name: /home/pablo/Documents/FING/Proyecto/pc-tesis/dataset_parser/scripts/compress/output/[5]el-nino/pwlh/el-nino.c.cpp.csv
-> size (bytes): 1,916,590
-> 19.52% of original


RESULTS
--------------------------(same file!)
CoderPWLH
ORIGINAL FILE:
-> name: /home/pablo/Documents/FING/Proyecto/datasets-csv/[5]el-nino/el-nino.csv
-> size (bytes): 9,820,158
COMPRESSED FILE:
-> name: /home/pablo/Documents/FING/Proyecto/pc-tesis/dataset_parser/scripts/compress/output/[5]el-nino/pwlh/el-nino.c.cpp.csv
-> size (bytes): 1,806,307
-> 18.39% of original


RESULTS
--------------------------(same file!)
CoderPWLH
ORIGINAL FILE:
-> name: /home/pablo/Documents/FING/Proyecto/datasets-csv/[5]el-nino/el-nino.csv
-> size (bytes): 9,820,158
COMPRESSED FILE:
-> name: /home/pablo/Documents/FING/Proyecto/pc-tesis/dataset_parser/scripts/compress/output/[5]el-nino/pwlh/el-nino.c.cpp.csv
-> size (bytes): 1,764,567
-> 17.97% of original


RESULTS
--------------------------(same file!)
CoderPWLHint
ORIGINAL FILE:
-> name: /home/pablo/Documents/FING/Proyecto/datasets-csv/[5]el-nino/el-nino.csv
-> size (bytes): 9,820,158
COMPRESSED FILE:
-> name: /home/pablo/Documents/FING/Proyecto/pc-tesis/dataset_parser/scripts/compress/output/[5]el-nino/pwlh-int/el-nino.c.cpp.csv
-> size (bytes): 2,423,355
-> 24.68% of original


RESULTS
--------------------------(same file!)
CoderPWLHint
ORIGINAL FILE:
-> name: /home/pablo/Documents/FING/Proyecto/datasets-csv/[5]el-nino/el-nino.csv
-> size (bytes): 9,820,158
COMPRESSED FILE:
-> name: /home/pablo/Documents/FING/Proyecto/pc-tesis/dataset_parser/scripts/compress/output/[5]el-nino/pwlh-int/el-nino.c.cpp.csv
-> size (bytes): 2,036,492
-> 20.74% of original


RESULTS
--------------------------(same file!)
CoderPWLHint
ORIGINAL FILE:
-> name: /home/pablo/Documents/FING/Proyecto/datasets-csv/[5]el-nino/el-nino.csv
-> size (bytes): 9,820,158
COMPRESSED FILE:
-> name: /home/pablo/Documents/FING/Proyecto/pc-tesis/dataset_parser/scripts/compress/output/[5]el-nino/pwlh-int/el-nino.c.cpp.csv
-> size (bytes): 1,816,174
-> 18.49% of original


RESULTS
--------------------------(same file!)
CoderPWLHint
ORIGINAL FILE:
-> name: /home/pablo/Documents/FING/Proyecto/datasets-csv/[5]el-nino/el-nino.csv
-> size (bytes): 9,820,158
COMPRESSED FILE:
-> name: /home/pablo/Documents/FING/Proyecto/pc-tesis/dataset_parser/scripts/compress/output/[5]el-nino/pwlh-int/el-nino.c.cpp.csv
-> size (bytes): 1,781,490
-> 18.14% of original


RESULTS
--------------------------(same file!)
CoderPWLHint
ORIGINAL FILE:
-> name: /home/pablo/Documents/FING/Proyecto/datasets-csv/[5]el-nino/el-nino.csv
-> size (bytes): 9,820,158
COMPRESSED FILE:
-> name: /home/pablo/Documents/FING/Proyecto/pc-tesis/dataset_parser/scripts/compress/output/[5]el-nino/pwlh-int/el-nino.c.cpp.csv
-> size (bytes): 1,791,555
-> 18.24% of original


RESULTS
--------------------------(same file!)
CoderPWLHint
ORIGINAL FILE:
-> name: /home/pablo/Documents/FING/Proyecto/datasets-csv/[5]el-nino/el-nino.csv
-> size (bytes): 9,820,158
COMPRESSED FILE:
-> name: /home/pablo/Documents/FING/Proyecto/pc-tesis/dataset_parser/scripts/compress/output/[5]el-nino/pwlh-int/el-nino.c.cpp.csv
-> size (bytes): 1,824,954
-> 18.58% of original


RESULTS
--------------------------(same file!)
CoderPWLHint
ORIGINAL FILE:
-> name: /home/pablo/Documents/FING/Proyecto/datasets-csv/[5]el-nino/el-nino.csv
-> size (bytes): 9,820,158
COMPRESSED FILE:
-> name: /home/pablo/Documents/FING/Proyecto/pc-tesis/dataset_parser/scripts/compress/output/[5]el-nino/pwlh-int/el-nino.c.cpp.csv
-> size (bytes): 2,413,588
-> 24.58% of original


RESULTS
--------------------------(same file!)
CoderPWLHint
ORIGINAL FILE:
-> name: /home/pablo/Documents/FING/Proyecto/datasets-csv/[5]el-nino/el-nino.csv
-> size (bytes): 9,820,158
COMPRESSED FILE:
-> name: /home/pablo/Documents/FING/Proyecto/pc-tesis/dataset_parser/scripts/compress/output/[5]el-nino/pwlh-int/el-nino.c.cpp.csv
-> size (bytes): 2,025,686
-> 20.63% of original


RESULTS
--------------------------(same file!)
CoderPWLHint
ORIGINAL FILE:
-> name: /home/pablo/Documents/FING/Proyecto/datasets-csv/[5]el-nino/el-nino.csv
-> size (bytes): 9,820,158
COMPRESSED FILE:
-> name: /home/pablo/Documents/FING/Proyecto/pc-tesis/dataset_parser/scripts/compress/output/[5]el-nino/pwlh-int/el-nino.c.cpp.csv
-> size (bytes): 1,804,605
-> 18.38% of original


RESULTS
--------------------------(same file!)
CoderPWLHint
ORIGINAL FILE:
-> name: /home/pablo/Documents/FING/Proyecto/datasets-csv/[5]el-nino/el-nino.csv
-> size (bytes): 9,820,158
COMPRESSED FILE:
-> name: /home/pablo/Documents/FING/Proyecto/pc-tesis/dataset_parser/scripts/compress/output/[5]el-nino/pwlh-int/el-nino.c.cpp.csv
-> size (bytes): 1,769,433
-> 18.02% of original


RESULTS
--------------------------(same file!)
CoderPWLHint
ORIGINAL FILE:
-> name: /home/pablo/Documents/FING/Proyecto/datasets-csv/[5]el-nino/el-nino.csv
-> size (bytes): 9,820,158
COMPRESSED FILE:
-> name: /home/pablo/Documents/FING/Proyecto/pc-tesis/dataset_parser/scripts/compress/output/[5]el-nino/pwlh-int/el-nino.c.cpp.csv
-> size (bytes): 1,779,098
-> 18.12% of original


RESULTS
--------------------------(same file!)
CoderPWLHint
ORIGINAL FILE:
-> name: /home/pablo/Documents/FING/Proyecto/datasets-csv/[5]el-nino/el-nino.csv
-> size (bytes): 9,820,158
COMPRESSED FILE:
-> name: /home/pablo/Documents/FING/Proyecto/pc-tesis/dataset_parser/scripts/compress/output/[5]el-nino/pwlh-int/el-nino.c.cpp.csv
-> size (bytes): 1,812,111
-> 18.45% of original


RESULTS
--------------------------(same file!)
CoderPWLHint
ORIGINAL FILE:
-> name: /home/pablo/Documents/FING/Proyecto/datasets-csv/[5]el-nino/el-nino.csv
-> size (bytes): 9,820,158
COMPRESSED FILE:
-> name: /home/pablo/Documents/FING/Proyecto/pc-tesis/dataset_parser/scripts/compress/output/[5]el-nino/pwlh-int/el-nino.c.cpp.csv
-> size (bytes): 2,350,043
-> 23.93% of original


RESULTS
--------------------------(same file!)
CoderPWLHint
ORIGINAL FILE:
-> name: /home/pablo/Documents/FING/Proyecto/datasets-csv/[5]el-nino/el-nino.csv
-> size (bytes): 9,820,158
COMPRESSED FILE:
-> name: /home/pablo/Documents/FING/Proyecto/pc-tesis/dataset_parser/scripts/compress/output/[5]el-nino/pwlh-int/el-nino.c.cpp.csv
-> size (bytes): 1,954,408
-> 19.9% of original


RESULTS
--------------------------(same file!)
CoderPWLHint
ORIGINAL FILE:
-> name: /home/pablo/Documents/FING/Proyecto/datasets-csv/[5]el-nino/el-nino.csv
-> size (bytes): 9,820,158
COMPRESSED FILE:
-> name: /home/pablo/Documents/FING/Proyecto/pc-tesis/dataset_parser/scripts/compress/output/[5]el-nino/pwlh-int/el-nino.c.cpp.csv
-> size (bytes): 1,729,914
-> 17.62% of original


RESULTS
--------------------------(same file!)
CoderPWLHint
ORIGINAL FILE:
-> name: /home/pablo/Documents/FING/Proyecto/datasets-csv/[5]el-nino/el-nino.csv
-> size (bytes): 9,820,158
COMPRESSED FILE:
-> name: /home/pablo/Documents/FING/Proyecto/pc-tesis/dataset_parser/scripts/compress/output/[5]el-nino/pwlh-int/el-nino.c.cpp.csv
-> size (bytes): 1,691,905
-> 17.23% of original


RESULTS
--------------------------(same file!)
CoderPWLHint
ORIGINAL FILE:
-> name: /home/pablo/Documents/FING/Proyecto/datasets-csv/[5]el-nino/el-nino.csv
-> size (bytes): 9,820,158
COMPRESSED FILE:
-> name: /home/pablo/Documents/FING/Proyecto/pc-tesis/dataset_parser/scripts/compress/output/[5]el-nino/pwlh-int/el-nino.c.cpp.csv
-> size (bytes): 1,698,833
-> 17.3% of original


RESULTS
--------------------------(same file!)
CoderPWLHint
ORIGINAL FILE:
-> name: /home/pablo/Documents/FING/Proyecto/datasets-csv/[5]el-nino/el-nino.csv
-> size (bytes): 9,820,158
COMPRESSED FILE:
-> name: /home/pablo/Documents/FING/Proyecto/pc-tesis/dataset_parser/scripts/compress/output/[5]el-nino/pwlh-int/el-nino.c.cpp.csv
-> size (bytes): 1,729,203
-> 17.61% of original


RESULTS
--------------------------(same file!)
CoderPWLHint
ORIGINAL FILE:
-> name: /home/pablo/Documents/FING/Proyecto/datasets-csv/[5]el-nino/el-nino.csv
-> size (bytes): 9,820,158
COMPRESSED FILE:
-> name: /home/pablo/Documents/FING/Proyecto/pc-tesis/dataset_parser/scripts/compress/output/[5]el-nino/pwlh-int/el-nino.c.cpp.csv
-> size (bytes): 2,280,367
-> 23.22% of original


RESULTS
--------------------------(same file!)
CoderPWLHint
ORIGINAL FILE:
-> name: /home/pablo/Documents/FING/Proyecto/datasets-csv/[5]el-nino/el-nino.csv
-> size (bytes): 9,820,158
COMPRESSED FILE:
-> name: /home/pablo/Documents/FING/Proyecto/pc-tesis/dataset_parser/scripts/compress/output/[5]el-nino/pwlh-int/el-nino.c.cpp.csv
-> size (bytes): 1,869,656
-> 19.04% of original


RESULTS
--------------------------(same file!)
CoderPWLHint
ORIGINAL FILE:
-> name: /home/pablo/Documents/FING/Proyecto/datasets-csv/[5]el-nino/el-nino.csv
-> size (bytes): 9,820,158
COMPRESSED FILE:
-> name: /home/pablo/Documents/FING/Proyecto/pc-tesis/dataset_parser/scripts/compress/output/[5]el-nino/pwlh-int/el-nino.c.cpp.csv
-> size (bytes): 1,637,488
-> 16.67% of original


RESULTS
--------------------------(same file!)
CoderPWLHint
ORIGINAL FILE:
-> name: /home/pablo/Documents/FING/Proyecto/datasets-csv/[5]el-nino/el-nino.csv
-> size (bytes): 9,820,158
COMPRESSED FILE:
-> name: /home/pablo/Documents/FING/Proyecto/pc-tesis/dataset_parser/scripts/compress/output/[5]el-nino/pwlh-int/el-nino.c.cpp.csv
-> size (bytes): 1,595,251
-> 16.24% of original


RESULTS
--------------------------(same file!)
CoderPWLHint
ORIGINAL FILE:
-> name: /home/pablo/Documents/FING/Proyecto/datasets-csv/[5]el-nino/el-nino.csv
-> size (bytes): 9,820,158
COMPRESSED FILE:
-> name: /home/pablo/Documents/FING/Proyecto/pc-tesis/dataset_parser/scripts/compress/output/[5]el-nino/pwlh-int/el-nino.c.cpp.csv
-> size (bytes): 1,598,534
-> 16.28% of original


RESULTS
--------------------------(same file!)
CoderPWLHint
ORIGINAL FILE:
-> name: /home/pablo/Documents/FING/Proyecto/datasets-csv/[5]el-nino/el-nino.csv
-> size (bytes): 9,820,158
COMPRESSED FILE:
-> name: /home/pablo/Documents/FING/Proyecto/pc-tesis/dataset_parser/scripts/compress/output/[5]el-nino/pwlh-int/el-nino.c.cpp.csv
-> size (bytes): 1,625,560
-> 16.55% of original


RESULTS
--------------------------(same file!)
CoderPWLHint
ORIGINAL FILE:
-> name: /home/pablo/Documents/FING/Proyecto/datasets-csv/[5]el-nino/el-nino.csv
-> size (bytes): 9,820,158
COMPRESSED FILE:
-> name: /home/pablo/Documents/FING/Proyecto/pc-tesis/dataset_parser/scripts/compress/output/[5]el-nino/pwlh-int/el-nino.c.cpp.csv
-> size (bytes): 2,146,158
-> 21.85% of original


RESULTS
--------------------------(same file!)
CoderPWLHint
ORIGINAL FILE:
-> name: /home/pablo/Documents/FING/Proyecto/datasets-csv/[5]el-nino/el-nino.csv
-> size (bytes): 9,820,158
COMPRESSED FILE:
-> name: /home/pablo/Documents/FING/Proyecto/pc-tesis/dataset_parser/scripts/compress/output/[5]el-nino/pwlh-int/el-nino.c.cpp.csv
-> size (bytes): 1,696,988
-> 17.28% of original


RESULTS
--------------------------(same file!)
CoderPWLHint
ORIGINAL FILE:
-> name: /home/pablo/Documents/FING/Proyecto/datasets-csv/[5]el-nino/el-nino.csv
-> size (bytes): 9,820,158
COMPRESSED FILE:
-> name: /home/pablo/Documents/FING/Proyecto/pc-tesis/dataset_parser/scripts/compress/output/[5]el-nino/pwlh-int/el-nino.c.cpp.csv
-> size (bytes): 1,444,221
-> 14.71% of original


RESULTS
--------------------------(same file!)
CoderPWLHint
ORIGINAL FILE:
-> name: /home/pablo/Documents/FING/Proyecto/datasets-csv/[5]el-nino/el-nino.csv
-> size (bytes): 9,820,158
COMPRESSED FILE:
-> name: /home/pablo/Documents/FING/Proyecto/pc-tesis/dataset_parser/scripts/compress/output/[5]el-nino/pwlh-int/el-nino.c.cpp.csv
-> size (bytes): 1,391,569
-> 14.17% of original


RESULTS
--------------------------(same file!)
CoderPWLHint
ORIGINAL FILE:
-> name: /home/pablo/Documents/FING/Proyecto/datasets-csv/[5]el-nino/el-nino.csv
-> size (bytes): 9,820,158
COMPRESSED FILE:
-> name: /home/pablo/Documents/FING/Proyecto/pc-tesis/dataset_parser/scripts/compress/output/[5]el-nino/pwlh-int/el-nino.c.cpp.csv
-> size (bytes): 1,386,435
-> 14.12% of original


RESULTS
--------------------------(same file!)
CoderPWLHint
ORIGINAL FILE:
-> name: /home/pablo/Documents/FING/Proyecto/datasets-csv/[5]el-nino/el-nino.csv
-> size (bytes): 9,820,158
COMPRESSED FILE:
-> name: /home/pablo/Documents/FING/Proyecto/pc-tesis/dataset_parser/scripts/compress/output/[5]el-nino/pwlh-int/el-nino.c.cpp.csv
-> size (bytes): 1,405,913
-> 14.32% of original


RESULTS
--------------------------(same file!)
CoderPWLHint
ORIGINAL FILE:
-> name: /home/pablo/Documents/FING/Proyecto/datasets-csv/[5]el-nino/el-nino.csv
-> size (bytes): 9,820,158
COMPRESSED FILE:
-> name: /home/pablo/Documents/FING/Proyecto/pc-tesis/dataset_parser/scripts/compress/output/[5]el-nino/pwlh-int/el-nino.c.cpp.csv
-> size (bytes): 2,057,520
-> 20.95% of original


RESULTS
--------------------------(same file!)
CoderPWLHint
ORIGINAL FILE:
-> name: /home/pablo/Documents/FING/Proyecto/datasets-csv/[5]el-nino/el-nino.csv
-> size (bytes): 9,820,158
COMPRESSED FILE:
-> name: /home/pablo/Documents/FING/Proyecto/pc-tesis/dataset_parser/scripts/compress/output/[5]el-nino/pwlh-int/el-nino.c.cpp.csv
-> size (bytes): 1,580,645
-> 16.1% of original


RESULTS
--------------------------(same file!)
CoderPWLHint
ORIGINAL FILE:
-> name: /home/pablo/Documents/FING/Proyecto/datasets-csv/[5]el-nino/el-nino.csv
-> size (bytes): 9,820,158
COMPRESSED FILE:
-> name: /home/pablo/Documents/FING/Proyecto/pc-tesis/dataset_parser/scripts/compress/output/[5]el-nino/pwlh-int/el-nino.c.cpp.csv
-> size (bytes): 1,311,520
-> 13.36% of original


RESULTS
--------------------------(same file!)
CoderPWLHint
ORIGINAL FILE:
-> name: /home/pablo/Documents/FING/Proyecto/datasets-csv/[5]el-nino/el-nino.csv
-> size (bytes): 9,820,158
COMPRESSED FILE:
-> name: /home/pablo/Documents/FING/Proyecto/pc-tesis/dataset_parser/scripts/compress/output/[5]el-nino/pwlh-int/el-nino.c.cpp.csv
-> size (bytes): 1,251,484
-> 12.74% of original


RESULTS
--------------------------(same file!)
CoderPWLHint
ORIGINAL FILE:
-> name: /home/pablo/Documents/FING/Proyecto/datasets-csv/[5]el-nino/el-nino.csv
-> size (bytes): 9,820,158
COMPRESSED FILE:
-> name: /home/pablo/Documents/FING/Proyecto/pc-tesis/dataset_parser/scripts/compress/output/[5]el-nino/pwlh-int/el-nino.c.cpp.csv
-> size (bytes): 1,240,417
-> 12.63% of original


RESULTS
--------------------------(same file!)
CoderPWLHint
ORIGINAL FILE:
-> name: /home/pablo/Documents/FING/Proyecto/datasets-csv/[5]el-nino/el-nino.csv
-> size (bytes): 9,820,158
COMPRESSED FILE:
-> name: /home/pablo/Documents/FING/Proyecto/pc-tesis/dataset_parser/scripts/compress/output/[5]el-nino/pwlh-int/el-nino.c.cpp.csv
-> size (bytes): 1,254,340
-> 12.77% of original


RESULTS
--------------------------(same file!)
CoderPWLHint
ORIGINAL FILE:
-> name: /home/pablo/Documents/FING/Proyecto/datasets-csv/[5]el-nino/el-nino.csv
-> size (bytes): 9,820,158
COMPRESSED FILE:
-> name: /home/pablo/Documents/FING/Proyecto/pc-tesis/dataset_parser/scripts/compress/output/[5]el-nino/pwlh-int/el-nino.c.cpp.csv
-> size (bytes): 1,981,992
-> 20.18% of original


RESULTS
--------------------------(same file!)
CoderPWLHint
ORIGINAL FILE:
-> name: /home/pablo/Documents/FING/Proyecto/datasets-csv/[5]el-nino/el-nino.csv
-> size (bytes): 9,820,158
COMPRESSED FILE:
-> name: /home/pablo/Documents/FING/Proyecto/pc-tesis/dataset_parser/scripts/compress/output/[5]el-nino/pwlh-int/el-nino.c.cpp.csv
-> size (bytes): 1,478,969
-> 15.06% of original


RESULTS
--------------------------(same file!)
CoderPWLHint
ORIGINAL FILE:
-> name: /home/pablo/Documents/FING/Proyecto/datasets-csv/[5]el-nino/el-nino.csv
-> size (bytes): 9,820,158
COMPRESSED FILE:
-> name: /home/pablo/Documents/FING/Proyecto/pc-tesis/dataset_parser/scripts/compress/output/[5]el-nino/pwlh-int/el-nino.c.cpp.csv
-> size (bytes): 1,193,008
-> 12.15% of original


RESULTS
--------------------------(same file!)
CoderPWLHint
ORIGINAL FILE:
-> name: /home/pablo/Documents/FING/Proyecto/datasets-csv/[5]el-nino/el-nino.csv
-> size (bytes): 9,820,158
COMPRESSED FILE:
-> name: /home/pablo/Documents/FING/Proyecto/pc-tesis/dataset_parser/scripts/compress/output/[5]el-nino/pwlh-int/el-nino.c.cpp.csv
-> size (bytes): 1,125,050
-> 11.46% of original


RESULTS
--------------------------(same file!)
CoderPWLHint
ORIGINAL FILE:
-> name: /home/pablo/Documents/FING/Proyecto/datasets-csv/[5]el-nino/el-nino.csv
-> size (bytes): 9,820,158
COMPRESSED FILE:
-> name: /home/pablo/Documents/FING/Proyecto/pc-tesis/dataset_parser/scripts/compress/output/[5]el-nino/pwlh-int/el-nino.c.cpp.csv
-> size (bytes): 1,108,203
-> 11.28% of original


RESULTS
--------------------------(same file!)
CoderPWLHint
ORIGINAL FILE:
-> name: /home/pablo/Documents/FING/Proyecto/datasets-csv/[5]el-nino/el-nino.csv
-> size (bytes): 9,820,158
COMPRESSED FILE:
-> name: /home/pablo/Documents/FING/Proyecto/pc-tesis/dataset_parser/scripts/compress/output/[5]el-nino/pwlh-int/el-nino.c.cpp.csv
-> size (bytes): 1,117,080
-> 11.38% of original


RESULTS
--------------------------(same file!)
CoderPWLHint
ORIGINAL FILE:
-> name: /home/pablo/Documents/FING/Proyecto/datasets-csv/[5]el-nino/el-nino.csv
-> size (bytes): 9,820,158
COMPRESSED FILE:
-> name: /home/pablo/Documents/FING/Proyecto/pc-tesis/dataset_parser/scripts/compress/output/[5]el-nino/pwlh-int/el-nino.c.cpp.csv
-> size (bytes): 1,873,870
-> 19.08% of original


RESULTS
--------------------------(same file!)
CoderPWLHint
ORIGINAL FILE:
-> name: /home/pablo/Documents/FING/Proyecto/datasets-csv/[5]el-nino/el-nino.csv
-> size (bytes): 9,820,158
COMPRESSED FILE:
-> name: /home/pablo/Documents/FING/Proyecto/pc-tesis/dataset_parser/scripts/compress/output/[5]el-nino/pwlh-int/el-nino.c.cpp.csv
-> size (bytes): 1,327,153
-> 13.51% of original


RESULTS
--------------------------(same file!)
CoderPWLHint
ORIGINAL FILE:
-> name: /home/pablo/Documents/FING/Proyecto/datasets-csv/[5]el-nino/el-nino.csv
-> size (bytes): 9,820,158
COMPRESSED FILE:
-> name: /home/pablo/Documents/FING/Proyecto/pc-tesis/dataset_parser/scripts/compress/output/[5]el-nino/pwlh-int/el-nino.c.cpp.csv
-> size (bytes): 1,015,200
-> 10.34% of original


RESULTS
--------------------------(same file!)
CoderPWLHint
ORIGINAL FILE:
-> name: /home/pablo/Documents/FING/Proyecto/datasets-csv/[5]el-nino/el-nino.csv
-> size (bytes): 9,820,158
COMPRESSED FILE:
-> name: /home/pablo/Documents/FING/Proyecto/pc-tesis/dataset_parser/scripts/compress/output/[5]el-nino/pwlh-int/el-nino.c.cpp.csv
-> size (bytes): 934,564
-> 9.52% of original


RESULTS
--------------------------(same file!)
CoderPWLHint
ORIGINAL FILE:
-> name: /home/pablo/Documents/FING/Proyecto/datasets-csv/[5]el-nino/el-nino.csv
-> size (bytes): 9,820,158
COMPRESSED FILE:
-> name: /home/pablo/Documents/FING/Proyecto/pc-tesis/dataset_parser/scripts/compress/output/[5]el-nino/pwlh-int/el-nino.c.cpp.csv
-> size (bytes): 908,507
-> 9.25% of original


RESULTS
--------------------------(same file!)
CoderPWLHint
ORIGINAL FILE:
-> name: /home/pablo/Documents/FING/Proyecto/datasets-csv/[5]el-nino/el-nino.csv
-> size (bytes): 9,820,158
COMPRESSED FILE:
-> name: /home/pablo/Documents/FING/Proyecto/pc-tesis/dataset_parser/scripts/compress/output/[5]el-nino/pwlh-int/el-nino.c.cpp.csv
-> size (bytes): 909,691
-> 9.26% of original


RESULTS
--------------------------(same file!)
CoderGAMPS
ORIGINAL FILE:
-> name: /home/pablo/Documents/FING/Proyecto/datasets-csv/[5]el-nino/el-nino.csv
-> size (bytes): 9,820,158
COMPRESSED FILE:
-> name: /home/pablo/Documents/FING/Proyecto/pc-tesis/dataset_parser/scripts/compress/output/[5]el-nino/gamps/el-nino.c.cpp.csv
-> size (bytes): 2,641,213
-> 26.9% of original


RESULTS
--------------------------(same file!)
CoderGAMPS
ORIGINAL FILE:
-> name: /home/pablo/Documents/FING/Proyecto/datasets-csv/[5]el-nino/el-nino.csv
-> size (bytes): 9,820,158
COMPRESSED FILE:
-> name: /home/pablo/Documents/FING/Proyecto/pc-tesis/dataset_parser/scripts/compress/output/[5]el-nino/gamps/el-nino.c.cpp.csv
-> size (bytes): 2,309,850
-> 23.52% of original


RESULTS
--------------------------(same file!)
CoderGAMPS
ORIGINAL FILE:
-> name: /home/pablo/Documents/FING/Proyecto/datasets-csv/[5]el-nino/el-nino.csv
-> size (bytes): 9,820,158
COMPRESSED FILE:
-> name: /home/pablo/Documents/FING/Proyecto/pc-tesis/dataset_parser/scripts/compress/output/[5]el-nino/gamps/el-nino.c.cpp.csv
-> size (bytes): 2,141,376
-> 21.81% of original


RESULTS
--------------------------(same file!)
CoderGAMPS
ORIGINAL FILE:
-> name: /home/pablo/Documents/FING/Proyecto/datasets-csv/[5]el-nino/el-nino.csv
-> size (bytes): 9,820,158
COMPRESSED FILE:
-> name: /home/pablo/Documents/FING/Proyecto/pc-tesis/dataset_parser/scripts/compress/output/[5]el-nino/gamps/el-nino.c.cpp.csv
-> size (bytes): 2,157,419
-> 21.97% of original


RESULTS
--------------------------(same file!)
CoderGAMPS
ORIGINAL FILE:
-> name: /home/pablo/Documents/FING/Proyecto/datasets-csv/[5]el-nino/el-nino.csv
-> size (bytes): 9,820,158
COMPRESSED FILE:
-> name: /home/pablo/Documents/FING/Proyecto/pc-tesis/dataset_parser/scripts/compress/output/[5]el-nino/gamps/el-nino.c.cpp.csv
-> size (bytes): 2,219,001
-> 22.6% of original


RESULTS
--------------------------(same file!)
CoderGAMPS
ORIGINAL FILE:
-> name: /home/pablo/Documents/FING/Proyecto/datasets-csv/[5]el-nino/el-nino.csv
-> size (bytes): 9,820,158
COMPRESSED FILE:
-> name: /home/pablo/Documents/FING/Proyecto/pc-tesis/dataset_parser/scripts/compress/output/[5]el-nino/gamps/el-nino.c.cpp.csv
-> size (bytes): 2,304,741
-> 23.47% of original


RESULTS
--------------------------(same file!)
CoderGAMPS
ORIGINAL FILE:
-> name: /home/pablo/Documents/FING/Proyecto/datasets-csv/[5]el-nino/el-nino.csv
-> size (bytes): 9,820,158
COMPRESSED FILE:
-> name: /home/pablo/Documents/FING/Proyecto/pc-tesis/dataset_parser/scripts/compress/output/[5]el-nino/gamps/el-nino.c.cpp.csv
-> size (bytes): 2,640,645
-> 26.89% of original


RESULTS
--------------------------(same file!)
CoderGAMPS
ORIGINAL FILE:
-> name: /home/pablo/Documents/FING/Proyecto/datasets-csv/[5]el-nino/el-nino.csv
-> size (bytes): 9,820,158
COMPRESSED FILE:
-> name: /home/pablo/Documents/FING/Proyecto/pc-tesis/dataset_parser/scripts/compress/output/[5]el-nino/gamps/el-nino.c.cpp.csv
-> size (bytes): 2,309,244
-> 23.52% of original


RESULTS
--------------------------(same file!)
CoderGAMPS
ORIGINAL FILE:
-> name: /home/pablo/Documents/FING/Proyecto/datasets-csv/[5]el-nino/el-nino.csv
-> size (bytes): 9,820,158
COMPRESSED FILE:
-> name: /home/pablo/Documents/FING/Proyecto/pc-tesis/dataset_parser/scripts/compress/output/[5]el-nino/gamps/el-nino.c.cpp.csv
-> size (bytes): 2,140,733
-> 21.8% of original


RESULTS
--------------------------(same file!)
CoderGAMPS
ORIGINAL FILE:
-> name: /home/pablo/Documents/FING/Proyecto/datasets-csv/[5]el-nino/el-nino.csv
-> size (bytes): 9,820,158
COMPRESSED FILE:
-> name: /home/pablo/Documents/FING/Proyecto/pc-tesis/dataset_parser/scripts/compress/output/[5]el-nino/gamps/el-nino.c.cpp.csv
-> size (bytes): 2,156,737
-> 21.96% of original


RESULTS
--------------------------(same file!)
CoderGAMPS
ORIGINAL FILE:
-> name: /home/pablo/Documents/FING/Proyecto/datasets-csv/[5]el-nino/el-nino.csv
-> size (bytes): 9,820,158
COMPRESSED FILE:
-> name: /home/pablo/Documents/FING/Proyecto/pc-tesis/dataset_parser/scripts/compress/output/[5]el-nino/gamps/el-nino.c.cpp.csv
-> size (bytes): 2,218,282
-> 22.59% of original


RESULTS
--------------------------(same file!)
CoderGAMPS
ORIGINAL FILE:
-> name: /home/pablo/Documents/FING/Proyecto/datasets-csv/[5]el-nino/el-nino.csv
-> size (bytes): 9,820,158
COMPRESSED FILE:
-> name: /home/pablo/Documents/FING/Proyecto/pc-tesis/dataset_parser/scripts/compress/output/[5]el-nino/gamps/el-nino.c.cpp.csv
-> size (bytes): 2,303,983
-> 23.46% of original


RESULTS
--------------------------(same file!)
CoderGAMPS
ORIGINAL FILE:
-> name: /home/pablo/Documents/FING/Proyecto/datasets-csv/[5]el-nino/el-nino.csv
-> size (bytes): 9,820,158
COMPRESSED FILE:
-> name: /home/pablo/Documents/FING/Proyecto/pc-tesis/dataset_parser/scripts/compress/output/[5]el-nino/gamps/el-nino.c.cpp.csv
-> size (bytes): 2,631,313
-> 26.8% of original


RESULTS
--------------------------(same file!)
CoderGAMPS
ORIGINAL FILE:
-> name: /home/pablo/Documents/FING/Proyecto/datasets-csv/[5]el-nino/el-nino.csv
-> size (bytes): 9,820,158
COMPRESSED FILE:
-> name: /home/pablo/Documents/FING/Proyecto/pc-tesis/dataset_parser/scripts/compress/output/[5]el-nino/gamps/el-nino.c.cpp.csv
-> size (bytes): 2,299,323
-> 23.41% of original


RESULTS
--------------------------(same file!)
CoderGAMPS
ORIGINAL FILE:
-> name: /home/pablo/Documents/FING/Proyecto/datasets-csv/[5]el-nino/el-nino.csv
-> size (bytes): 9,820,158
COMPRESSED FILE:
-> name: /home/pablo/Documents/FING/Proyecto/pc-tesis/dataset_parser/scripts/compress/output/[5]el-nino/gamps/el-nino.c.cpp.csv
-> size (bytes): 2,130,224
-> 21.69% of original


RESULTS
--------------------------(same file!)
CoderGAMPS
ORIGINAL FILE:
-> name: /home/pablo/Documents/FING/Proyecto/datasets-csv/[5]el-nino/el-nino.csv
-> size (bytes): 9,820,158
COMPRESSED FILE:
-> name: /home/pablo/Documents/FING/Proyecto/pc-tesis/dataset_parser/scripts/compress/output/[5]el-nino/gamps/el-nino.c.cpp.csv
-> size (bytes): 2,145,640
-> 21.85% of original


RESULTS
--------------------------(same file!)
CoderGAMPS
ORIGINAL FILE:
-> name: /home/pablo/Documents/FING/Proyecto/datasets-csv/[5]el-nino/el-nino.csv
-> size (bytes): 9,820,158
COMPRESSED FILE:
-> name: /home/pablo/Documents/FING/Proyecto/pc-tesis/dataset_parser/scripts/compress/output/[5]el-nino/gamps/el-nino.c.cpp.csv
-> size (bytes): 2,206,597
-> 22.47% of original


RESULTS
--------------------------(same file!)
CoderGAMPS
ORIGINAL FILE:
-> name: /home/pablo/Documents/FING/Proyecto/datasets-csv/[5]el-nino/el-nino.csv
-> size (bytes): 9,820,158
COMPRESSED FILE:
-> name: /home/pablo/Documents/FING/Proyecto/pc-tesis/dataset_parser/scripts/compress/output/[5]el-nino/gamps/el-nino.c.cpp.csv
-> size (bytes): 2,291,710
-> 23.34% of original


RESULTS
--------------------------(same file!)
CoderGAMPS
ORIGINAL FILE:
-> name: /home/pablo/Documents/FING/Proyecto/datasets-csv/[5]el-nino/el-nino.csv
-> size (bytes): 9,820,158
COMPRESSED FILE:
-> name: /home/pablo/Documents/FING/Proyecto/pc-tesis/dataset_parser/scripts/compress/output/[5]el-nino/gamps/el-nino.c.cpp.csv
-> size (bytes): 2,628,432
-> 26.77% of original


RESULTS
--------------------------(same file!)
CoderGAMPS
ORIGINAL FILE:
-> name: /home/pablo/Documents/FING/Proyecto/datasets-csv/[5]el-nino/el-nino.csv
-> size (bytes): 9,820,158
COMPRESSED FILE:
-> name: /home/pablo/Documents/FING/Proyecto/pc-tesis/dataset_parser/scripts/compress/output/[5]el-nino/gamps/el-nino.c.cpp.csv
-> size (bytes): 2,296,210
-> 23.38% of original


RESULTS
--------------------------(same file!)
CoderGAMPS
ORIGINAL FILE:
-> name: /home/pablo/Documents/FING/Proyecto/datasets-csv/[5]el-nino/el-nino.csv
-> size (bytes): 9,820,158
COMPRESSED FILE:
-> name: /home/pablo/Documents/FING/Proyecto/pc-tesis/dataset_parser/scripts/compress/output/[5]el-nino/gamps/el-nino.c.cpp.csv
-> size (bytes): 2,126,881
-> 21.66% of original


RESULTS
--------------------------(same file!)
CoderGAMPS
ORIGINAL FILE:
-> name: /home/pablo/Documents/FING/Proyecto/datasets-csv/[5]el-nino/el-nino.csv
-> size (bytes): 9,820,158
COMPRESSED FILE:
-> name: /home/pablo/Documents/FING/Proyecto/pc-tesis/dataset_parser/scripts/compress/output/[5]el-nino/gamps/el-nino.c.cpp.csv
-> size (bytes): 2,142,066
-> 21.81% of original


RESULTS
--------------------------(same file!)
CoderGAMPS
ORIGINAL FILE:
-> name: /home/pablo/Documents/FING/Proyecto/datasets-csv/[5]el-nino/el-nino.csv
-> size (bytes): 9,820,158
COMPRESSED FILE:
-> name: /home/pablo/Documents/FING/Proyecto/pc-tesis/dataset_parser/scripts/compress/output/[5]el-nino/gamps/el-nino.c.cpp.csv
-> size (bytes): 2,202,792
-> 22.43% of original


RESULTS
--------------------------(same file!)
CoderGAMPS
ORIGINAL FILE:
-> name: /home/pablo/Documents/FING/Proyecto/datasets-csv/[5]el-nino/el-nino.csv
-> size (bytes): 9,820,158
COMPRESSED FILE:
-> name: /home/pablo/Documents/FING/Proyecto/pc-tesis/dataset_parser/scripts/compress/output/[5]el-nino/gamps/el-nino.c.cpp.csv
-> size (bytes): 2,287,675
-> 23.3% of original


RESULTS
--------------------------(same file!)
CoderGAMPS
ORIGINAL FILE:
-> name: /home/pablo/Documents/FING/Proyecto/datasets-csv/[5]el-nino/el-nino.csv
-> size (bytes): 9,820,158
COMPRESSED FILE:
-> name: /home/pablo/Documents/FING/Proyecto/pc-tesis/dataset_parser/scripts/compress/output/[5]el-nino/gamps/el-nino.c.cpp.csv
-> size (bytes): 2,584,156
-> 26.31% of original


RESULTS
--------------------------(same file!)
CoderGAMPS
ORIGINAL FILE:
-> name: /home/pablo/Documents/FING/Proyecto/datasets-csv/[5]el-nino/el-nino.csv
-> size (bytes): 9,820,158
COMPRESSED FILE:
-> name: /home/pablo/Documents/FING/Proyecto/pc-tesis/dataset_parser/scripts/compress/output/[5]el-nino/gamps/el-nino.c.cpp.csv
-> size (bytes): 2,249,090
-> 22.9% of original


RESULTS
--------------------------(same file!)
CoderGAMPS
ORIGINAL FILE:
-> name: /home/pablo/Documents/FING/Proyecto/datasets-csv/[5]el-nino/el-nino.csv
-> size (bytes): 9,820,158
COMPRESSED FILE:
-> name: /home/pablo/Documents/FING/Proyecto/pc-tesis/dataset_parser/scripts/compress/output/[5]el-nino/gamps/el-nino.c.cpp.csv
-> size (bytes): 2,076,933
-> 21.15% of original


RESULTS
--------------------------(same file!)
CoderGAMPS
ORIGINAL FILE:
-> name: /home/pablo/Documents/FING/Proyecto/datasets-csv/[5]el-nino/el-nino.csv
-> size (bytes): 9,820,158
COMPRESSED FILE:
-> name: /home/pablo/Documents/FING/Proyecto/pc-tesis/dataset_parser/scripts/compress/output/[5]el-nino/gamps/el-nino.c.cpp.csv
-> size (bytes): 2,089,292
-> 21.28% of original


RESULTS
--------------------------(same file!)
CoderGAMPS
ORIGINAL FILE:
-> name: /home/pablo/Documents/FING/Proyecto/datasets-csv/[5]el-nino/el-nino.csv
-> size (bytes): 9,820,158
COMPRESSED FILE:
-> name: /home/pablo/Documents/FING/Proyecto/pc-tesis/dataset_parser/scripts/compress/output/[5]el-nino/gamps/el-nino.c.cpp.csv
-> size (bytes): 2,147,193
-> 21.87% of original


RESULTS
--------------------------(same file!)
CoderGAMPS
ORIGINAL FILE:
-> name: /home/pablo/Documents/FING/Proyecto/datasets-csv/[5]el-nino/el-nino.csv
-> size (bytes): 9,820,158
COMPRESSED FILE:
-> name: /home/pablo/Documents/FING/Proyecto/pc-tesis/dataset_parser/scripts/compress/output/[5]el-nino/gamps/el-nino.c.cpp.csv
-> size (bytes): 2,229,250
-> 22.7% of original


RESULTS
--------------------------(same file!)
CoderGAMPS
ORIGINAL FILE:
-> name: /home/pablo/Documents/FING/Proyecto/datasets-csv/[5]el-nino/el-nino.csv
-> size (bytes): 9,820,158
COMPRESSED FILE:
-> name: /home/pablo/Documents/FING/Proyecto/pc-tesis/dataset_parser/scripts/compress/output/[5]el-nino/gamps/el-nino.c.cpp.csv
-> size (bytes): 2,488,813
-> 25.34% of original


RESULTS
--------------------------(same file!)
CoderGAMPS
ORIGINAL FILE:
-> name: /home/pablo/Documents/FING/Proyecto/datasets-csv/[5]el-nino/el-nino.csv
-> size (bytes): 9,820,158
COMPRESSED FILE:
-> name: /home/pablo/Documents/FING/Proyecto/pc-tesis/dataset_parser/scripts/compress/output/[5]el-nino/gamps/el-nino.c.cpp.csv
-> size (bytes): 2,146,932
-> 21.86% of original


RESULTS
--------------------------(same file!)
CoderGAMPS
ORIGINAL FILE:
-> name: /home/pablo/Documents/FING/Proyecto/datasets-csv/[5]el-nino/el-nino.csv
-> size (bytes): 9,820,158
COMPRESSED FILE:
-> name: /home/pablo/Documents/FING/Proyecto/pc-tesis/dataset_parser/scripts/compress/output/[5]el-nino/gamps/el-nino.c.cpp.csv
-> size (bytes): 1,968,094
-> 20.04% of original


RESULTS
--------------------------(same file!)
CoderGAMPS
ORIGINAL FILE:
-> name: /home/pablo/Documents/FING/Proyecto/datasets-csv/[5]el-nino/el-nino.csv
-> size (bytes): 9,820,158
COMPRESSED FILE:
-> name: /home/pablo/Documents/FING/Proyecto/pc-tesis/dataset_parser/scripts/compress/output/[5]el-nino/gamps/el-nino.c.cpp.csv
-> size (bytes): 1,973,774
-> 20.1% of original


RESULTS
--------------------------(same file!)
CoderGAMPS
ORIGINAL FILE:
-> name: /home/pablo/Documents/FING/Proyecto/datasets-csv/[5]el-nino/el-nino.csv
-> size (bytes): 9,820,158
COMPRESSED FILE:
-> name: /home/pablo/Documents/FING/Proyecto/pc-tesis/dataset_parser/scripts/compress/output/[5]el-nino/gamps/el-nino.c.cpp.csv
-> size (bytes): 2,024,994
-> 20.62% of original


RESULTS
--------------------------(same file!)
CoderGAMPS
ORIGINAL FILE:
-> name: /home/pablo/Documents/FING/Proyecto/datasets-csv/[5]el-nino/el-nino.csv
-> size (bytes): 9,820,158
COMPRESSED FILE:
-> name: /home/pablo/Documents/FING/Proyecto/pc-tesis/dataset_parser/scripts/compress/output/[5]el-nino/gamps/el-nino.c.cpp.csv
-> size (bytes): 2,100,371
-> 21.39% of original


RESULTS
--------------------------(same file!)
CoderGAMPS
ORIGINAL FILE:
-> name: /home/pablo/Documents/FING/Proyecto/datasets-csv/[5]el-nino/el-nino.csv
-> size (bytes): 9,820,158
COMPRESSED FILE:
-> name: /home/pablo/Documents/FING/Proyecto/pc-tesis/dataset_parser/scripts/compress/output/[5]el-nino/gamps/el-nino.c.cpp.csv
-> size (bytes): 2,461,985
-> 25.07% of original


RESULTS
--------------------------(same file!)
CoderGAMPS
ORIGINAL FILE:
-> name: /home/pablo/Documents/FING/Proyecto/datasets-csv/[5]el-nino/el-nino.csv
-> size (bytes): 9,820,158
COMPRESSED FILE:
-> name: /home/pablo/Documents/FING/Proyecto/pc-tesis/dataset_parser/scripts/compress/output/[5]el-nino/gamps/el-nino.c.cpp.csv
-> size (bytes): 2,118,246
-> 21.57% of original


RESULTS
--------------------------(same file!)
CoderGAMPS
ORIGINAL FILE:
-> name: /home/pablo/Documents/FING/Proyecto/datasets-csv/[5]el-nino/el-nino.csv
-> size (bytes): 9,820,158
COMPRESSED FILE:
-> name: /home/pablo/Documents/FING/Proyecto/pc-tesis/dataset_parser/scripts/compress/output/[5]el-nino/gamps/el-nino.c.cpp.csv
-> size (bytes): 1,937,692
-> 19.73% of original


RESULTS
--------------------------(same file!)
CoderGAMPS
ORIGINAL FILE:
-> name: /home/pablo/Documents/FING/Proyecto/datasets-csv/[5]el-nino/el-nino.csv
-> size (bytes): 9,820,158
COMPRESSED FILE:
-> name: /home/pablo/Documents/FING/Proyecto/pc-tesis/dataset_parser/scripts/compress/output/[5]el-nino/gamps/el-nino.c.cpp.csv
-> size (bytes): 1,941,657
-> 19.77% of original


RESULTS
--------------------------(same file!)
CoderGAMPS
ORIGINAL FILE:
-> name: /home/pablo/Documents/FING/Proyecto/datasets-csv/[5]el-nino/el-nino.csv
-> size (bytes): 9,820,158
COMPRESSED FILE:
-> name: /home/pablo/Documents/FING/Proyecto/pc-tesis/dataset_parser/scripts/compress/output/[5]el-nino/gamps/el-nino.c.cpp.csv
-> size (bytes): 1,991,163
-> 20.28% of original


RESULTS
--------------------------(same file!)
CoderGAMPS
ORIGINAL FILE:
-> name: /home/pablo/Documents/FING/Proyecto/datasets-csv/[5]el-nino/el-nino.csv
-> size (bytes): 9,820,158
COMPRESSED FILE:
-> name: /home/pablo/Documents/FING/Proyecto/pc-tesis/dataset_parser/scripts/compress/output/[5]el-nino/gamps/el-nino.c.cpp.csv
-> size (bytes): 2,064,826
-> 21.03% of original


RESULTS
--------------------------(same file!)
CoderGAMPS
ORIGINAL FILE:
-> name: /home/pablo/Documents/FING/Proyecto/datasets-csv/[5]el-nino/el-nino.csv
-> size (bytes): 9,820,158
COMPRESSED FILE:
-> name: /home/pablo/Documents/FING/Proyecto/pc-tesis/dataset_parser/scripts/compress/output/[5]el-nino/gamps/el-nino.c.cpp.csv
-> size (bytes): 2,369,620
-> 24.13% of original


RESULTS
--------------------------(same file!)
CoderGAMPS
ORIGINAL FILE:
-> name: /home/pablo/Documents/FING/Proyecto/datasets-csv/[5]el-nino/el-nino.csv
-> size (bytes): 9,820,158
COMPRESSED FILE:
-> name: /home/pablo/Documents/FING/Proyecto/pc-tesis/dataset_parser/scripts/compress/output/[5]el-nino/gamps/el-nino.c.cpp.csv
-> size (bytes): 2,018,589
-> 20.56% of original


RESULTS
--------------------------(same file!)
CoderGAMPS
ORIGINAL FILE:
-> name: /home/pablo/Documents/FING/Proyecto/datasets-csv/[5]el-nino/el-nino.csv
-> size (bytes): 9,820,158
COMPRESSED FILE:
-> name: /home/pablo/Documents/FING/Proyecto/pc-tesis/dataset_parser/scripts/compress/output/[5]el-nino/gamps/el-nino.c.cpp.csv
-> size (bytes): 1,831,559
-> 18.65% of original


RESULTS
--------------------------(same file!)
CoderGAMPS
ORIGINAL FILE:
-> name: /home/pablo/Documents/FING/Proyecto/datasets-csv/[5]el-nino/el-nino.csv
-> size (bytes): 9,820,158
COMPRESSED FILE:
-> name: /home/pablo/Documents/FING/Proyecto/pc-tesis/dataset_parser/scripts/compress/output/[5]el-nino/gamps/el-nino.c.cpp.csv
-> size (bytes): 1,829,070
-> 18.63% of original


RESULTS
--------------------------(same file!)
CoderGAMPS
ORIGINAL FILE:
-> name: /home/pablo/Documents/FING/Proyecto/datasets-csv/[5]el-nino/el-nino.csv
-> size (bytes): 9,820,158
COMPRESSED FILE:
-> name: /home/pablo/Documents/FING/Proyecto/pc-tesis/dataset_parser/scripts/compress/output/[5]el-nino/gamps/el-nino.c.cpp.csv
-> size (bytes): 1,872,121
-> 19.06% of original


RESULTS
--------------------------(same file!)
CoderGAMPS
ORIGINAL FILE:
-> name: /home/pablo/Documents/FING/Proyecto/datasets-csv/[5]el-nino/el-nino.csv
-> size (bytes): 9,820,158
COMPRESSED FILE:
-> name: /home/pablo/Documents/FING/Proyecto/pc-tesis/dataset_parser/scripts/compress/output/[5]el-nino/gamps/el-nino.c.cpp.csv
-> size (bytes): 1,939,329
-> 19.75% of original

