
RESULTS
--------------------------(same file!)
CoderBasic
ORIGINAL FILE:
-> name: /Users/pablocerve/Documents/FING/Proyecto/datasets-csv/[4]solar-anywhere/all/solar-anywhere-2011.csv
-> size (bytes): 927,415
COMPRESSED FILE:
-> name: /Users/pablocerve/Documents/FING/Proyecto/pc-tesis/dataset_parser/scripts/output/[4]solar-anywhere/basic/solar-anywhere-2011.c.cpp.csv
-> size (bytes): 415,919
-> 44.85% of original


RESULTS
--------------------------(same file!)
CoderPCA
ORIGINAL FILE:
-> name: /Users/pablocerve/Documents/FING/Proyecto/datasets-csv/[4]solar-anywhere/all/solar-anywhere-2011.csv
-> size (bytes): 927,415
COMPRESSED FILE:
-> name: /Users/pablocerve/Documents/FING/Proyecto/pc-tesis/dataset_parser/scripts/output/[4]solar-anywhere/pca/solar-anywhere-2011.c.cpp.csv
-> size (bytes): 335,325
-> 36.16% of original


RESULTS
--------------------------(same file!)
CoderPCA
ORIGINAL FILE:
-> name: /Users/pablocerve/Documents/FING/Proyecto/datasets-csv/[4]solar-anywhere/all/solar-anywhere-2011.csv
-> size (bytes): 927,415
COMPRESSED FILE:
-> name: /Users/pablocerve/Documents/FING/Proyecto/pc-tesis/dataset_parser/scripts/output/[4]solar-anywhere/pca/solar-anywhere-2011.c.cpp.csv
-> size (bytes): 393,709
-> 42.45% of original


RESULTS
--------------------------(same file!)
CoderPCA
ORIGINAL FILE:
-> name: /Users/pablocerve/Documents/FING/Proyecto/datasets-csv/[4]solar-anywhere/all/solar-anywhere-2011.csv
-> size (bytes): 927,415
COMPRESSED FILE:
-> name: /Users/pablocerve/Documents/FING/Proyecto/pc-tesis/dataset_parser/scripts/output/[4]solar-anywhere/pca/solar-anywhere-2011.c.cpp.csv
-> size (bytes): 416,662
-> 44.93% of original


RESULTS
--------------------------(same file!)
CoderPCA
ORIGINAL FILE:
-> name: /Users/pablocerve/Documents/FING/Proyecto/datasets-csv/[4]solar-anywhere/all/solar-anywhere-2011.csv
-> size (bytes): 927,415
COMPRESSED FILE:
-> name: /Users/pablocerve/Documents/FING/Proyecto/pc-tesis/dataset_parser/scripts/output/[4]solar-anywhere/pca/solar-anywhere-2011.c.cpp.csv
-> size (bytes): 416,135
-> 44.87% of original


RESULTS
--------------------------(same file!)
CoderPCA
ORIGINAL FILE:
-> name: /Users/pablocerve/Documents/FING/Proyecto/datasets-csv/[4]solar-anywhere/all/solar-anywhere-2011.csv
-> size (bytes): 927,415
COMPRESSED FILE:
-> name: /Users/pablocerve/Documents/FING/Proyecto/pc-tesis/dataset_parser/scripts/output/[4]solar-anywhere/pca/solar-anywhere-2011.c.cpp.csv
-> size (bytes): 416,229
-> 44.88% of original


RESULTS
--------------------------(same file!)
CoderPCA
ORIGINAL FILE:
-> name: /Users/pablocerve/Documents/FING/Proyecto/datasets-csv/[4]solar-anywhere/all/solar-anywhere-2011.csv
-> size (bytes): 927,415
COMPRESSED FILE:
-> name: /Users/pablocerve/Documents/FING/Proyecto/pc-tesis/dataset_parser/scripts/output/[4]solar-anywhere/pca/solar-anywhere-2011.c.cpp.csv
-> size (bytes): 416,031
-> 44.86% of original


RESULTS
--------------------------(same file!)
CoderPCA
ORIGINAL FILE:
-> name: /Users/pablocerve/Documents/FING/Proyecto/datasets-csv/[4]solar-anywhere/all/solar-anywhere-2011.csv
-> size (bytes): 927,415
COMPRESSED FILE:
-> name: /Users/pablocerve/Documents/FING/Proyecto/pc-tesis/dataset_parser/scripts/output/[4]solar-anywhere/pca/solar-anywhere-2011.c.cpp.csv
-> size (bytes): 323,925
-> 34.93% of original


RESULTS
--------------------------(same file!)
CoderPCA
ORIGINAL FILE:
-> name: /Users/pablocerve/Documents/FING/Proyecto/datasets-csv/[4]solar-anywhere/all/solar-anywhere-2011.csv
-> size (bytes): 927,415
COMPRESSED FILE:
-> name: /Users/pablocerve/Documents/FING/Proyecto/pc-tesis/dataset_parser/scripts/output/[4]solar-anywhere/pca/solar-anywhere-2011.c.cpp.csv
-> size (bytes): 382,425
-> 41.24% of original


RESULTS
--------------------------(same file!)
CoderPCA
ORIGINAL FILE:
-> name: /Users/pablocerve/Documents/FING/Proyecto/datasets-csv/[4]solar-anywhere/all/solar-anywhere-2011.csv
-> size (bytes): 927,415
COMPRESSED FILE:
-> name: /Users/pablocerve/Documents/FING/Proyecto/pc-tesis/dataset_parser/scripts/output/[4]solar-anywhere/pca/solar-anywhere-2011.c.cpp.csv
-> size (bytes): 416,212
-> 44.88% of original


RESULTS
--------------------------(same file!)
CoderPCA
ORIGINAL FILE:
-> name: /Users/pablocerve/Documents/FING/Proyecto/datasets-csv/[4]solar-anywhere/all/solar-anywhere-2011.csv
-> size (bytes): 927,415
COMPRESSED FILE:
-> name: /Users/pablocerve/Documents/FING/Proyecto/pc-tesis/dataset_parser/scripts/output/[4]solar-anywhere/pca/solar-anywhere-2011.c.cpp.csv
-> size (bytes): 415,767
-> 44.83% of original


RESULTS
--------------------------(same file!)
CoderPCA
ORIGINAL FILE:
-> name: /Users/pablocerve/Documents/FING/Proyecto/datasets-csv/[4]solar-anywhere/all/solar-anywhere-2011.csv
-> size (bytes): 927,415
COMPRESSED FILE:
-> name: /Users/pablocerve/Documents/FING/Proyecto/pc-tesis/dataset_parser/scripts/output/[4]solar-anywhere/pca/solar-anywhere-2011.c.cpp.csv
-> size (bytes): 415,981
-> 44.85% of original


RESULTS
--------------------------(same file!)
CoderPCA
ORIGINAL FILE:
-> name: /Users/pablocerve/Documents/FING/Proyecto/datasets-csv/[4]solar-anywhere/all/solar-anywhere-2011.csv
-> size (bytes): 927,415
COMPRESSED FILE:
-> name: /Users/pablocerve/Documents/FING/Proyecto/pc-tesis/dataset_parser/scripts/output/[4]solar-anywhere/pca/solar-anywhere-2011.c.cpp.csv
-> size (bytes): 416,031
-> 44.86% of original


RESULTS
--------------------------(same file!)
CoderPCA
ORIGINAL FILE:
-> name: /Users/pablocerve/Documents/FING/Proyecto/datasets-csv/[4]solar-anywhere/all/solar-anywhere-2011.csv
-> size (bytes): 927,415
COMPRESSED FILE:
-> name: /Users/pablocerve/Documents/FING/Proyecto/pc-tesis/dataset_parser/scripts/output/[4]solar-anywhere/pca/solar-anywhere-2011.c.cpp.csv
-> size (bytes): 315,555
-> 34.03% of original


RESULTS
--------------------------(same file!)
CoderPCA
ORIGINAL FILE:
-> name: /Users/pablocerve/Documents/FING/Proyecto/datasets-csv/[4]solar-anywhere/all/solar-anywhere-2011.csv
-> size (bytes): 927,415
COMPRESSED FILE:
-> name: /Users/pablocerve/Documents/FING/Proyecto/pc-tesis/dataset_parser/scripts/output/[4]solar-anywhere/pca/solar-anywhere-2011.c.cpp.csv
-> size (bytes): 372,379
-> 40.15% of original


RESULTS
--------------------------(same file!)
CoderPCA
ORIGINAL FILE:
-> name: /Users/pablocerve/Documents/FING/Proyecto/datasets-csv/[4]solar-anywhere/all/solar-anywhere-2011.csv
-> size (bytes): 927,415
COMPRESSED FILE:
-> name: /Users/pablocerve/Documents/FING/Proyecto/pc-tesis/dataset_parser/scripts/output/[4]solar-anywhere/pca/solar-anywhere-2011.c.cpp.csv
-> size (bytes): 415,852
-> 44.84% of original


RESULTS
--------------------------(same file!)
CoderPCA
ORIGINAL FILE:
-> name: /Users/pablocerve/Documents/FING/Proyecto/datasets-csv/[4]solar-anywhere/all/solar-anywhere-2011.csv
-> size (bytes): 927,415
COMPRESSED FILE:
-> name: /Users/pablocerve/Documents/FING/Proyecto/pc-tesis/dataset_parser/scripts/output/[4]solar-anywhere/pca/solar-anywhere-2011.c.cpp.csv
-> size (bytes): 415,461
-> 44.8% of original


RESULTS
--------------------------(same file!)
CoderPCA
ORIGINAL FILE:
-> name: /Users/pablocerve/Documents/FING/Proyecto/datasets-csv/[4]solar-anywhere/all/solar-anywhere-2011.csv
-> size (bytes): 927,415
COMPRESSED FILE:
-> name: /Users/pablocerve/Documents/FING/Proyecto/pc-tesis/dataset_parser/scripts/output/[4]solar-anywhere/pca/solar-anywhere-2011.c.cpp.csv
-> size (bytes): 415,363
-> 44.79% of original


RESULTS
--------------------------(same file!)
CoderPCA
ORIGINAL FILE:
-> name: /Users/pablocerve/Documents/FING/Proyecto/datasets-csv/[4]solar-anywhere/all/solar-anywhere-2011.csv
-> size (bytes): 927,415
COMPRESSED FILE:
-> name: /Users/pablocerve/Documents/FING/Proyecto/pc-tesis/dataset_parser/scripts/output/[4]solar-anywhere/pca/solar-anywhere-2011.c.cpp.csv
-> size (bytes): 416,031
-> 44.86% of original


RESULTS
--------------------------(same file!)
CoderPCA
ORIGINAL FILE:
-> name: /Users/pablocerve/Documents/FING/Proyecto/datasets-csv/[4]solar-anywhere/all/solar-anywhere-2011.csv
-> size (bytes): 927,415
COMPRESSED FILE:
-> name: /Users/pablocerve/Documents/FING/Proyecto/pc-tesis/dataset_parser/scripts/output/[4]solar-anywhere/pca/solar-anywhere-2011.c.cpp.csv
-> size (bytes): 311,235
-> 33.56% of original


RESULTS
--------------------------(same file!)
CoderPCA
ORIGINAL FILE:
-> name: /Users/pablocerve/Documents/FING/Proyecto/datasets-csv/[4]solar-anywhere/all/solar-anywhere-2011.csv
-> size (bytes): 927,415
COMPRESSED FILE:
-> name: /Users/pablocerve/Documents/FING/Proyecto/pc-tesis/dataset_parser/scripts/output/[4]solar-anywhere/pca/solar-anywhere-2011.c.cpp.csv
-> size (bytes): 367,215
-> 39.6% of original


RESULTS
--------------------------(same file!)
CoderPCA
ORIGINAL FILE:
-> name: /Users/pablocerve/Documents/FING/Proyecto/datasets-csv/[4]solar-anywhere/all/solar-anywhere-2011.csv
-> size (bytes): 927,415
COMPRESSED FILE:
-> name: /Users/pablocerve/Documents/FING/Proyecto/pc-tesis/dataset_parser/scripts/output/[4]solar-anywhere/pca/solar-anywhere-2011.c.cpp.csv
-> size (bytes): 415,552
-> 44.81% of original


RESULTS
--------------------------(same file!)
CoderPCA
ORIGINAL FILE:
-> name: /Users/pablocerve/Documents/FING/Proyecto/datasets-csv/[4]solar-anywhere/all/solar-anywhere-2011.csv
-> size (bytes): 927,415
COMPRESSED FILE:
-> name: /Users/pablocerve/Documents/FING/Proyecto/pc-tesis/dataset_parser/scripts/output/[4]solar-anywhere/pca/solar-anywhere-2011.c.cpp.csv
-> size (bytes): 415,339
-> 44.78% of original


RESULTS
--------------------------(same file!)
CoderPCA
ORIGINAL FILE:
-> name: /Users/pablocerve/Documents/FING/Proyecto/datasets-csv/[4]solar-anywhere/all/solar-anywhere-2011.csv
-> size (bytes): 927,415
COMPRESSED FILE:
-> name: /Users/pablocerve/Documents/FING/Proyecto/pc-tesis/dataset_parser/scripts/output/[4]solar-anywhere/pca/solar-anywhere-2011.c.cpp.csv
-> size (bytes): 415,115
-> 44.76% of original


RESULTS
--------------------------(same file!)
CoderPCA
ORIGINAL FILE:
-> name: /Users/pablocerve/Documents/FING/Proyecto/datasets-csv/[4]solar-anywhere/all/solar-anywhere-2011.csv
-> size (bytes): 927,415
COMPRESSED FILE:
-> name: /Users/pablocerve/Documents/FING/Proyecto/pc-tesis/dataset_parser/scripts/output/[4]solar-anywhere/pca/solar-anywhere-2011.c.cpp.csv
-> size (bytes): 416,031
-> 44.86% of original


RESULTS
--------------------------(same file!)
CoderPCA
ORIGINAL FILE:
-> name: /Users/pablocerve/Documents/FING/Proyecto/datasets-csv/[4]solar-anywhere/all/solar-anywhere-2011.csv
-> size (bytes): 927,415
COMPRESSED FILE:
-> name: /Users/pablocerve/Documents/FING/Proyecto/pc-tesis/dataset_parser/scripts/output/[4]solar-anywhere/pca/solar-anywhere-2011.c.cpp.csv
-> size (bytes): 302,790
-> 32.65% of original


RESULTS
--------------------------(same file!)
CoderPCA
ORIGINAL FILE:
-> name: /Users/pablocerve/Documents/FING/Proyecto/datasets-csv/[4]solar-anywhere/all/solar-anywhere-2011.csv
-> size (bytes): 927,415
COMPRESSED FILE:
-> name: /Users/pablocerve/Documents/FING/Proyecto/pc-tesis/dataset_parser/scripts/output/[4]solar-anywhere/pca/solar-anywhere-2011.c.cpp.csv
-> size (bytes): 357,922
-> 38.59% of original


RESULTS
--------------------------(same file!)
CoderPCA
ORIGINAL FILE:
-> name: /Users/pablocerve/Documents/FING/Proyecto/datasets-csv/[4]solar-anywhere/all/solar-anywhere-2011.csv
-> size (bytes): 927,415
COMPRESSED FILE:
-> name: /Users/pablocerve/Documents/FING/Proyecto/pc-tesis/dataset_parser/scripts/output/[4]solar-anywhere/pca/solar-anywhere-2011.c.cpp.csv
-> size (bytes): 414,982
-> 44.75% of original


RESULTS
--------------------------(same file!)
CoderPCA
ORIGINAL FILE:
-> name: /Users/pablocerve/Documents/FING/Proyecto/datasets-csv/[4]solar-anywhere/all/solar-anywhere-2011.csv
-> size (bytes): 927,415
COMPRESSED FILE:
-> name: /Users/pablocerve/Documents/FING/Proyecto/pc-tesis/dataset_parser/scripts/output/[4]solar-anywhere/pca/solar-anywhere-2011.c.cpp.csv
-> size (bytes): 415,216
-> 44.77% of original


RESULTS
--------------------------(same file!)
CoderPCA
ORIGINAL FILE:
-> name: /Users/pablocerve/Documents/FING/Proyecto/datasets-csv/[4]solar-anywhere/all/solar-anywhere-2011.csv
-> size (bytes): 927,415
COMPRESSED FILE:
-> name: /Users/pablocerve/Documents/FING/Proyecto/pc-tesis/dataset_parser/scripts/output/[4]solar-anywhere/pca/solar-anywhere-2011.c.cpp.csv
-> size (bytes): 414,868
-> 44.73% of original


RESULTS
--------------------------(same file!)
CoderPCA
ORIGINAL FILE:
-> name: /Users/pablocerve/Documents/FING/Proyecto/datasets-csv/[4]solar-anywhere/all/solar-anywhere-2011.csv
-> size (bytes): 927,415
COMPRESSED FILE:
-> name: /Users/pablocerve/Documents/FING/Proyecto/pc-tesis/dataset_parser/scripts/output/[4]solar-anywhere/pca/solar-anywhere-2011.c.cpp.csv
-> size (bytes): 416,031
-> 44.86% of original


RESULTS
--------------------------(same file!)
CoderPCA
ORIGINAL FILE:
-> name: /Users/pablocerve/Documents/FING/Proyecto/datasets-csv/[4]solar-anywhere/all/solar-anywhere-2011.csv
-> size (bytes): 927,415
COMPRESSED FILE:
-> name: /Users/pablocerve/Documents/FING/Proyecto/pc-tesis/dataset_parser/scripts/output/[4]solar-anywhere/pca/solar-anywhere-2011.c.cpp.csv
-> size (bytes): 296,360
-> 31.96% of original


RESULTS
--------------------------(same file!)
CoderPCA
ORIGINAL FILE:
-> name: /Users/pablocerve/Documents/FING/Proyecto/datasets-csv/[4]solar-anywhere/all/solar-anywhere-2011.csv
-> size (bytes): 927,415
COMPRESSED FILE:
-> name: /Users/pablocerve/Documents/FING/Proyecto/pc-tesis/dataset_parser/scripts/output/[4]solar-anywhere/pca/solar-anywhere-2011.c.cpp.csv
-> size (bytes): 351,892
-> 37.94% of original


RESULTS
--------------------------(same file!)
CoderPCA
ORIGINAL FILE:
-> name: /Users/pablocerve/Documents/FING/Proyecto/datasets-csv/[4]solar-anywhere/all/solar-anywhere-2011.csv
-> size (bytes): 927,415
COMPRESSED FILE:
-> name: /Users/pablocerve/Documents/FING/Proyecto/pc-tesis/dataset_parser/scripts/output/[4]solar-anywhere/pca/solar-anywhere-2011.c.cpp.csv
-> size (bytes): 414,352
-> 44.68% of original


RESULTS
--------------------------(same file!)
CoderPCA
ORIGINAL FILE:
-> name: /Users/pablocerve/Documents/FING/Proyecto/datasets-csv/[4]solar-anywhere/all/solar-anywhere-2011.csv
-> size (bytes): 927,415
COMPRESSED FILE:
-> name: /Users/pablocerve/Documents/FING/Proyecto/pc-tesis/dataset_parser/scripts/output/[4]solar-anywhere/pca/solar-anywhere-2011.c.cpp.csv
-> size (bytes): 415,155
-> 44.76% of original


RESULTS
--------------------------(same file!)
CoderPCA
ORIGINAL FILE:
-> name: /Users/pablocerve/Documents/FING/Proyecto/datasets-csv/[4]solar-anywhere/all/solar-anywhere-2011.csv
-> size (bytes): 927,415
COMPRESSED FILE:
-> name: /Users/pablocerve/Documents/FING/Proyecto/pc-tesis/dataset_parser/scripts/output/[4]solar-anywhere/pca/solar-anywhere-2011.c.cpp.csv
-> size (bytes): 414,744
-> 44.72% of original


RESULTS
--------------------------(same file!)
CoderPCA
ORIGINAL FILE:
-> name: /Users/pablocerve/Documents/FING/Proyecto/datasets-csv/[4]solar-anywhere/all/solar-anywhere-2011.csv
-> size (bytes): 927,415
COMPRESSED FILE:
-> name: /Users/pablocerve/Documents/FING/Proyecto/pc-tesis/dataset_parser/scripts/output/[4]solar-anywhere/pca/solar-anywhere-2011.c.cpp.csv
-> size (bytes): 416,031
-> 44.86% of original


RESULTS
--------------------------(same file!)
CoderPCA
ORIGINAL FILE:
-> name: /Users/pablocerve/Documents/FING/Proyecto/datasets-csv/[4]solar-anywhere/all/solar-anywhere-2011.csv
-> size (bytes): 927,415
COMPRESSED FILE:
-> name: /Users/pablocerve/Documents/FING/Proyecto/pc-tesis/dataset_parser/scripts/output/[4]solar-anywhere/pca/solar-anywhere-2011.c.cpp.csv
-> size (bytes): 288,960
-> 31.16% of original


RESULTS
--------------------------(same file!)
CoderPCA
ORIGINAL FILE:
-> name: /Users/pablocerve/Documents/FING/Proyecto/datasets-csv/[4]solar-anywhere/all/solar-anywhere-2011.csv
-> size (bytes): 927,415
COMPRESSED FILE:
-> name: /Users/pablocerve/Documents/FING/Proyecto/pc-tesis/dataset_parser/scripts/output/[4]solar-anywhere/pca/solar-anywhere-2011.c.cpp.csv
-> size (bytes): 345,525
-> 37.26% of original


RESULTS
--------------------------(same file!)
CoderPCA
ORIGINAL FILE:
-> name: /Users/pablocerve/Documents/FING/Proyecto/datasets-csv/[4]solar-anywhere/all/solar-anywhere-2011.csv
-> size (bytes): 927,415
COMPRESSED FILE:
-> name: /Users/pablocerve/Documents/FING/Proyecto/pc-tesis/dataset_parser/scripts/output/[4]solar-anywhere/pca/solar-anywhere-2011.c.cpp.csv
-> size (bytes): 414,052
-> 44.65% of original


RESULTS
--------------------------(same file!)
CoderPCA
ORIGINAL FILE:
-> name: /Users/pablocerve/Documents/FING/Proyecto/datasets-csv/[4]solar-anywhere/all/solar-anywhere-2011.csv
-> size (bytes): 927,415
COMPRESSED FILE:
-> name: /Users/pablocerve/Documents/FING/Proyecto/pc-tesis/dataset_parser/scripts/output/[4]solar-anywhere/pca/solar-anywhere-2011.c.cpp.csv
-> size (bytes): 415,155
-> 44.76% of original


RESULTS
--------------------------(same file!)
CoderPCA
ORIGINAL FILE:
-> name: /Users/pablocerve/Documents/FING/Proyecto/datasets-csv/[4]solar-anywhere/all/solar-anywhere-2011.csv
-> size (bytes): 927,415
COMPRESSED FILE:
-> name: /Users/pablocerve/Documents/FING/Proyecto/pc-tesis/dataset_parser/scripts/output/[4]solar-anywhere/pca/solar-anywhere-2011.c.cpp.csv
-> size (bytes): 414,744
-> 44.72% of original


RESULTS
--------------------------(same file!)
CoderPCA
ORIGINAL FILE:
-> name: /Users/pablocerve/Documents/FING/Proyecto/datasets-csv/[4]solar-anywhere/all/solar-anywhere-2011.csv
-> size (bytes): 927,415
COMPRESSED FILE:
-> name: /Users/pablocerve/Documents/FING/Proyecto/pc-tesis/dataset_parser/scripts/output/[4]solar-anywhere/pca/solar-anywhere-2011.c.cpp.csv
-> size (bytes): 416,031
-> 44.86% of original


RESULTS
--------------------------(same file!)
CoderPCA
ORIGINAL FILE:
-> name: /Users/pablocerve/Documents/FING/Proyecto/datasets-csv/[4]solar-anywhere/all/solar-anywhere-2011.csv
-> size (bytes): 927,415
COMPRESSED FILE:
-> name: /Users/pablocerve/Documents/FING/Proyecto/pc-tesis/dataset_parser/scripts/output/[4]solar-anywhere/pca/solar-anywhere-2011.c.cpp.csv
-> size (bytes): 275,135
-> 29.67% of original


RESULTS
--------------------------(same file!)
CoderPCA
ORIGINAL FILE:
-> name: /Users/pablocerve/Documents/FING/Proyecto/datasets-csv/[4]solar-anywhere/all/solar-anywhere-2011.csv
-> size (bytes): 927,415
COMPRESSED FILE:
-> name: /Users/pablocerve/Documents/FING/Proyecto/pc-tesis/dataset_parser/scripts/output/[4]solar-anywhere/pca/solar-anywhere-2011.c.cpp.csv
-> size (bytes): 333,150
-> 35.92% of original


RESULTS
--------------------------(same file!)
CoderPCA
ORIGINAL FILE:
-> name: /Users/pablocerve/Documents/FING/Proyecto/datasets-csv/[4]solar-anywhere/all/solar-anywhere-2011.csv
-> size (bytes): 927,415
COMPRESSED FILE:
-> name: /Users/pablocerve/Documents/FING/Proyecto/pc-tesis/dataset_parser/scripts/output/[4]solar-anywhere/pca/solar-anywhere-2011.c.cpp.csv
-> size (bytes): 412,102
-> 44.44% of original


RESULTS
--------------------------(same file!)
CoderPCA
ORIGINAL FILE:
-> name: /Users/pablocerve/Documents/FING/Proyecto/datasets-csv/[4]solar-anywhere/all/solar-anywhere-2011.csv
-> size (bytes): 927,415
COMPRESSED FILE:
-> name: /Users/pablocerve/Documents/FING/Proyecto/pc-tesis/dataset_parser/scripts/output/[4]solar-anywhere/pca/solar-anywhere-2011.c.cpp.csv
-> size (bytes): 414,481
-> 44.69% of original


RESULTS
--------------------------(same file!)
CoderPCA
ORIGINAL FILE:
-> name: /Users/pablocerve/Documents/FING/Proyecto/datasets-csv/[4]solar-anywhere/all/solar-anywhere-2011.csv
-> size (bytes): 927,415
COMPRESSED FILE:
-> name: /Users/pablocerve/Documents/FING/Proyecto/pc-tesis/dataset_parser/scripts/output/[4]solar-anywhere/pca/solar-anywhere-2011.c.cpp.csv
-> size (bytes): 414,620
-> 44.71% of original


RESULTS
--------------------------(same file!)
CoderPCA
ORIGINAL FILE:
-> name: /Users/pablocerve/Documents/FING/Proyecto/datasets-csv/[4]solar-anywhere/all/solar-anywhere-2011.csv
-> size (bytes): 927,415
COMPRESSED FILE:
-> name: /Users/pablocerve/Documents/FING/Proyecto/pc-tesis/dataset_parser/scripts/output/[4]solar-anywhere/pca/solar-anywhere-2011.c.cpp.csv
-> size (bytes): 416,031
-> 44.86% of original


RESULTS
--------------------------(same file!)
CoderBasic
ORIGINAL FILE:
-> name: /Users/pablocerve/Documents/FING/Proyecto/datasets-csv/[4]solar-anywhere/all/solar-anywhere-2012.csv
-> size (bytes): 926,747
COMPRESSED FILE:
-> name: /Users/pablocerve/Documents/FING/Proyecto/pc-tesis/dataset_parser/scripts/output/[4]solar-anywhere/basic/solar-anywhere-2012.c.cpp.csv
-> size (bytes): 415,896
-> 44.88% of original


RESULTS
--------------------------(same file!)
CoderPCA
ORIGINAL FILE:
-> name: /Users/pablocerve/Documents/FING/Proyecto/datasets-csv/[4]solar-anywhere/all/solar-anywhere-2012.csv
-> size (bytes): 926,747
COMPRESSED FILE:
-> name: /Users/pablocerve/Documents/FING/Proyecto/pc-tesis/dataset_parser/scripts/output/[4]solar-anywhere/pca/solar-anywhere-2012.c.cpp.csv
-> size (bytes): 335,435
-> 36.19% of original


RESULTS
--------------------------(same file!)
CoderPCA
ORIGINAL FILE:
-> name: /Users/pablocerve/Documents/FING/Proyecto/datasets-csv/[4]solar-anywhere/all/solar-anywhere-2012.csv
-> size (bytes): 926,747
COMPRESSED FILE:
-> name: /Users/pablocerve/Documents/FING/Proyecto/pc-tesis/dataset_parser/scripts/output/[4]solar-anywhere/pca/solar-anywhere-2012.c.cpp.csv
-> size (bytes): 393,546
-> 42.47% of original


RESULTS
--------------------------(same file!)
CoderPCA
ORIGINAL FILE:
-> name: /Users/pablocerve/Documents/FING/Proyecto/datasets-csv/[4]solar-anywhere/all/solar-anywhere-2012.csv
-> size (bytes): 926,747
COMPRESSED FILE:
-> name: /Users/pablocerve/Documents/FING/Proyecto/pc-tesis/dataset_parser/scripts/output/[4]solar-anywhere/pca/solar-anywhere-2012.c.cpp.csv
-> size (bytes): 417,475
-> 45.05% of original


RESULTS
--------------------------(same file!)
CoderPCA
ORIGINAL FILE:
-> name: /Users/pablocerve/Documents/FING/Proyecto/datasets-csv/[4]solar-anywhere/all/solar-anywhere-2012.csv
-> size (bytes): 926,747
COMPRESSED FILE:
-> name: /Users/pablocerve/Documents/FING/Proyecto/pc-tesis/dataset_parser/scripts/output/[4]solar-anywhere/pca/solar-anywhere-2012.c.cpp.csv
-> size (bytes): 416,688
-> 44.96% of original


RESULTS
--------------------------(same file!)
CoderPCA
ORIGINAL FILE:
-> name: /Users/pablocerve/Documents/FING/Proyecto/datasets-csv/[4]solar-anywhere/all/solar-anywhere-2012.csv
-> size (bytes): 926,747
COMPRESSED FILE:
-> name: /Users/pablocerve/Documents/FING/Proyecto/pc-tesis/dataset_parser/scripts/output/[4]solar-anywhere/pca/solar-anywhere-2012.c.cpp.csv
-> size (bytes): 416,292
-> 44.92% of original


RESULTS
--------------------------(same file!)
CoderPCA
ORIGINAL FILE:
-> name: /Users/pablocerve/Documents/FING/Proyecto/datasets-csv/[4]solar-anywhere/all/solar-anywhere-2012.csv
-> size (bytes): 926,747
COMPRESSED FILE:
-> name: /Users/pablocerve/Documents/FING/Proyecto/pc-tesis/dataset_parser/scripts/output/[4]solar-anywhere/pca/solar-anywhere-2012.c.cpp.csv
-> size (bytes): 416,094
-> 44.9% of original


RESULTS
--------------------------(same file!)
CoderPCA
ORIGINAL FILE:
-> name: /Users/pablocerve/Documents/FING/Proyecto/datasets-csv/[4]solar-anywhere/all/solar-anywhere-2012.csv
-> size (bytes): 926,747
COMPRESSED FILE:
-> name: /Users/pablocerve/Documents/FING/Proyecto/pc-tesis/dataset_parser/scripts/output/[4]solar-anywhere/pca/solar-anywhere-2012.c.cpp.csv
-> size (bytes): 323,665
-> 34.92% of original


RESULTS
--------------------------(same file!)
CoderPCA
ORIGINAL FILE:
-> name: /Users/pablocerve/Documents/FING/Proyecto/datasets-csv/[4]solar-anywhere/all/solar-anywhere-2012.csv
-> size (bytes): 926,747
COMPRESSED FILE:
-> name: /Users/pablocerve/Documents/FING/Proyecto/pc-tesis/dataset_parser/scripts/output/[4]solar-anywhere/pca/solar-anywhere-2012.c.cpp.csv
-> size (bytes): 381,081
-> 41.12% of original


RESULTS
--------------------------(same file!)
CoderPCA
ORIGINAL FILE:
-> name: /Users/pablocerve/Documents/FING/Proyecto/datasets-csv/[4]solar-anywhere/all/solar-anywhere-2012.csv
-> size (bytes): 926,747
COMPRESSED FILE:
-> name: /Users/pablocerve/Documents/FING/Proyecto/pc-tesis/dataset_parser/scripts/output/[4]solar-anywhere/pca/solar-anywhere-2012.c.cpp.csv
-> size (bytes): 417,325
-> 45.03% of original


RESULTS
--------------------------(same file!)
CoderPCA
ORIGINAL FILE:
-> name: /Users/pablocerve/Documents/FING/Proyecto/datasets-csv/[4]solar-anywhere/all/solar-anywhere-2012.csv
-> size (bytes): 926,747
COMPRESSED FILE:
-> name: /Users/pablocerve/Documents/FING/Proyecto/pc-tesis/dataset_parser/scripts/output/[4]solar-anywhere/pca/solar-anywhere-2012.c.cpp.csv
-> size (bytes): 416,688
-> 44.96% of original


RESULTS
--------------------------(same file!)
CoderPCA
ORIGINAL FILE:
-> name: /Users/pablocerve/Documents/FING/Proyecto/datasets-csv/[4]solar-anywhere/all/solar-anywhere-2012.csv
-> size (bytes): 926,747
COMPRESSED FILE:
-> name: /Users/pablocerve/Documents/FING/Proyecto/pc-tesis/dataset_parser/scripts/output/[4]solar-anywhere/pca/solar-anywhere-2012.c.cpp.csv
-> size (bytes): 416,292
-> 44.92% of original


RESULTS
--------------------------(same file!)
CoderPCA
ORIGINAL FILE:
-> name: /Users/pablocerve/Documents/FING/Proyecto/datasets-csv/[4]solar-anywhere/all/solar-anywhere-2012.csv
-> size (bytes): 926,747
COMPRESSED FILE:
-> name: /Users/pablocerve/Documents/FING/Proyecto/pc-tesis/dataset_parser/scripts/output/[4]solar-anywhere/pca/solar-anywhere-2012.c.cpp.csv
-> size (bytes): 416,094
-> 44.9% of original


RESULTS
--------------------------(same file!)
CoderPCA
ORIGINAL FILE:
-> name: /Users/pablocerve/Documents/FING/Proyecto/datasets-csv/[4]solar-anywhere/all/solar-anywhere-2012.csv
-> size (bytes): 926,747
COMPRESSED FILE:
-> name: /Users/pablocerve/Documents/FING/Proyecto/pc-tesis/dataset_parser/scripts/output/[4]solar-anywhere/pca/solar-anywhere-2012.c.cpp.csv
-> size (bytes): 315,105
-> 34.0% of original


RESULTS
--------------------------(same file!)
CoderPCA
ORIGINAL FILE:
-> name: /Users/pablocerve/Documents/FING/Proyecto/datasets-csv/[4]solar-anywhere/all/solar-anywhere-2012.csv
-> size (bytes): 926,747
COMPRESSED FILE:
-> name: /Users/pablocerve/Documents/FING/Proyecto/pc-tesis/dataset_parser/scripts/output/[4]solar-anywhere/pca/solar-anywhere-2012.c.cpp.csv
-> size (bytes): 370,911
-> 40.02% of original


RESULTS
--------------------------(same file!)
CoderPCA
ORIGINAL FILE:
-> name: /Users/pablocerve/Documents/FING/Proyecto/datasets-csv/[4]solar-anywhere/all/solar-anywhere-2012.csv
-> size (bytes): 926,747
COMPRESSED FILE:
-> name: /Users/pablocerve/Documents/FING/Proyecto/pc-tesis/dataset_parser/scripts/output/[4]solar-anywhere/pca/solar-anywhere-2012.c.cpp.csv
-> size (bytes): 416,935
-> 44.99% of original


RESULTS
--------------------------(same file!)
CoderPCA
ORIGINAL FILE:
-> name: /Users/pablocerve/Documents/FING/Proyecto/datasets-csv/[4]solar-anywhere/all/solar-anywhere-2012.csv
-> size (bytes): 926,747
COMPRESSED FILE:
-> name: /Users/pablocerve/Documents/FING/Proyecto/pc-tesis/dataset_parser/scripts/output/[4]solar-anywhere/pca/solar-anywhere-2012.c.cpp.csv
-> size (bytes): 416,688
-> 44.96% of original


RESULTS
--------------------------(same file!)
CoderPCA
ORIGINAL FILE:
-> name: /Users/pablocerve/Documents/FING/Proyecto/datasets-csv/[4]solar-anywhere/all/solar-anywhere-2012.csv
-> size (bytes): 926,747
COMPRESSED FILE:
-> name: /Users/pablocerve/Documents/FING/Proyecto/pc-tesis/dataset_parser/scripts/output/[4]solar-anywhere/pca/solar-anywhere-2012.c.cpp.csv
-> size (bytes): 416,292
-> 44.92% of original


RESULTS
--------------------------(same file!)
CoderPCA
ORIGINAL FILE:
-> name: /Users/pablocerve/Documents/FING/Proyecto/datasets-csv/[4]solar-anywhere/all/solar-anywhere-2012.csv
-> size (bytes): 926,747
COMPRESSED FILE:
-> name: /Users/pablocerve/Documents/FING/Proyecto/pc-tesis/dataset_parser/scripts/output/[4]solar-anywhere/pca/solar-anywhere-2012.c.cpp.csv
-> size (bytes): 416,094
-> 44.9% of original


RESULTS
--------------------------(same file!)
CoderPCA
ORIGINAL FILE:
-> name: /Users/pablocerve/Documents/FING/Proyecto/datasets-csv/[4]solar-anywhere/all/solar-anywhere-2012.csv
-> size (bytes): 926,747
COMPRESSED FILE:
-> name: /Users/pablocerve/Documents/FING/Proyecto/pc-tesis/dataset_parser/scripts/output/[4]solar-anywhere/pca/solar-anywhere-2012.c.cpp.csv
-> size (bytes): 310,510
-> 33.51% of original


RESULTS
--------------------------(same file!)
CoderPCA
ORIGINAL FILE:
-> name: /Users/pablocerve/Documents/FING/Proyecto/datasets-csv/[4]solar-anywhere/all/solar-anywhere-2012.csv
-> size (bytes): 926,747
COMPRESSED FILE:
-> name: /Users/pablocerve/Documents/FING/Proyecto/pc-tesis/dataset_parser/scripts/output/[4]solar-anywhere/pca/solar-anywhere-2012.c.cpp.csv
-> size (bytes): 365,489
-> 39.44% of original


RESULTS
--------------------------(same file!)
CoderPCA
ORIGINAL FILE:
-> name: /Users/pablocerve/Documents/FING/Proyecto/datasets-csv/[4]solar-anywhere/all/solar-anywhere-2012.csv
-> size (bytes): 926,747
COMPRESSED FILE:
-> name: /Users/pablocerve/Documents/FING/Proyecto/pc-tesis/dataset_parser/scripts/output/[4]solar-anywhere/pca/solar-anywhere-2012.c.cpp.csv
-> size (bytes): 416,485
-> 44.94% of original


RESULTS
--------------------------(same file!)
CoderPCA
ORIGINAL FILE:
-> name: /Users/pablocerve/Documents/FING/Proyecto/datasets-csv/[4]solar-anywhere/all/solar-anywhere-2012.csv
-> size (bytes): 926,747
COMPRESSED FILE:
-> name: /Users/pablocerve/Documents/FING/Proyecto/pc-tesis/dataset_parser/scripts/output/[4]solar-anywhere/pca/solar-anywhere-2012.c.cpp.csv
-> size (bytes): 416,688
-> 44.96% of original


RESULTS
--------------------------(same file!)
CoderPCA
ORIGINAL FILE:
-> name: /Users/pablocerve/Documents/FING/Proyecto/datasets-csv/[4]solar-anywhere/all/solar-anywhere-2012.csv
-> size (bytes): 926,747
COMPRESSED FILE:
-> name: /Users/pablocerve/Documents/FING/Proyecto/pc-tesis/dataset_parser/scripts/output/[4]solar-anywhere/pca/solar-anywhere-2012.c.cpp.csv
-> size (bytes): 416,292
-> 44.92% of original


RESULTS
--------------------------(same file!)
CoderPCA
ORIGINAL FILE:
-> name: /Users/pablocerve/Documents/FING/Proyecto/datasets-csv/[4]solar-anywhere/all/solar-anywhere-2012.csv
-> size (bytes): 926,747
COMPRESSED FILE:
-> name: /Users/pablocerve/Documents/FING/Proyecto/pc-tesis/dataset_parser/scripts/output/[4]solar-anywhere/pca/solar-anywhere-2012.c.cpp.csv
-> size (bytes): 416,094
-> 44.9% of original


RESULTS
--------------------------(same file!)
CoderPCA
ORIGINAL FILE:
-> name: /Users/pablocerve/Documents/FING/Proyecto/datasets-csv/[4]solar-anywhere/all/solar-anywhere-2012.csv
-> size (bytes): 926,747
COMPRESSED FILE:
-> name: /Users/pablocerve/Documents/FING/Proyecto/pc-tesis/dataset_parser/scripts/output/[4]solar-anywhere/pca/solar-anywhere-2012.c.cpp.csv
-> size (bytes): 302,430
-> 32.63% of original


RESULTS
--------------------------(same file!)
CoderPCA
ORIGINAL FILE:
-> name: /Users/pablocerve/Documents/FING/Proyecto/datasets-csv/[4]solar-anywhere/all/solar-anywhere-2012.csv
-> size (bytes): 926,747
COMPRESSED FILE:
-> name: /Users/pablocerve/Documents/FING/Proyecto/pc-tesis/dataset_parser/scripts/output/[4]solar-anywhere/pca/solar-anywhere-2012.c.cpp.csv
-> size (bytes): 356,691
-> 38.49% of original


RESULTS
--------------------------(same file!)
CoderPCA
ORIGINAL FILE:
-> name: /Users/pablocerve/Documents/FING/Proyecto/datasets-csv/[4]solar-anywhere/all/solar-anywhere-2012.csv
-> size (bytes): 926,747
COMPRESSED FILE:
-> name: /Users/pablocerve/Documents/FING/Proyecto/pc-tesis/dataset_parser/scripts/output/[4]solar-anywhere/pca/solar-anywhere-2012.c.cpp.csv
-> size (bytes): 415,855
-> 44.87% of original


RESULTS
--------------------------(same file!)
CoderPCA
ORIGINAL FILE:
-> name: /Users/pablocerve/Documents/FING/Proyecto/datasets-csv/[4]solar-anywhere/all/solar-anywhere-2012.csv
-> size (bytes): 926,747
COMPRESSED FILE:
-> name: /Users/pablocerve/Documents/FING/Proyecto/pc-tesis/dataset_parser/scripts/output/[4]solar-anywhere/pca/solar-anywhere-2012.c.cpp.csv
-> size (bytes): 416,688
-> 44.96% of original


RESULTS
--------------------------(same file!)
CoderPCA
ORIGINAL FILE:
-> name: /Users/pablocerve/Documents/FING/Proyecto/datasets-csv/[4]solar-anywhere/all/solar-anywhere-2012.csv
-> size (bytes): 926,747
COMPRESSED FILE:
-> name: /Users/pablocerve/Documents/FING/Proyecto/pc-tesis/dataset_parser/scripts/output/[4]solar-anywhere/pca/solar-anywhere-2012.c.cpp.csv
-> size (bytes): 416,292
-> 44.92% of original


RESULTS
--------------------------(same file!)
CoderPCA
ORIGINAL FILE:
-> name: /Users/pablocerve/Documents/FING/Proyecto/datasets-csv/[4]solar-anywhere/all/solar-anywhere-2012.csv
-> size (bytes): 926,747
COMPRESSED FILE:
-> name: /Users/pablocerve/Documents/FING/Proyecto/pc-tesis/dataset_parser/scripts/output/[4]solar-anywhere/pca/solar-anywhere-2012.c.cpp.csv
-> size (bytes): 416,094
-> 44.9% of original


RESULTS
--------------------------(same file!)
CoderPCA
ORIGINAL FILE:
-> name: /Users/pablocerve/Documents/FING/Proyecto/datasets-csv/[4]solar-anywhere/all/solar-anywhere-2012.csv
-> size (bytes): 926,747
COMPRESSED FILE:
-> name: /Users/pablocerve/Documents/FING/Proyecto/pc-tesis/dataset_parser/scripts/output/[4]solar-anywhere/pca/solar-anywhere-2012.c.cpp.csv
-> size (bytes): 296,085
-> 31.95% of original


RESULTS
--------------------------(same file!)
CoderPCA
ORIGINAL FILE:
-> name: /Users/pablocerve/Documents/FING/Proyecto/datasets-csv/[4]solar-anywhere/all/solar-anywhere-2012.csv
-> size (bytes): 926,747
COMPRESSED FILE:
-> name: /Users/pablocerve/Documents/FING/Proyecto/pc-tesis/dataset_parser/scripts/output/[4]solar-anywhere/pca/solar-anywhere-2012.c.cpp.csv
-> size (bytes): 351,213
-> 37.9% of original


RESULTS
--------------------------(same file!)
CoderPCA
ORIGINAL FILE:
-> name: /Users/pablocerve/Documents/FING/Proyecto/datasets-csv/[4]solar-anywhere/all/solar-anywhere-2012.csv
-> size (bytes): 926,747
COMPRESSED FILE:
-> name: /Users/pablocerve/Documents/FING/Proyecto/pc-tesis/dataset_parser/scripts/output/[4]solar-anywhere/pca/solar-anywhere-2012.c.cpp.csv
-> size (bytes): 415,165
-> 44.8% of original


RESULTS
--------------------------(same file!)
CoderPCA
ORIGINAL FILE:
-> name: /Users/pablocerve/Documents/FING/Proyecto/datasets-csv/[4]solar-anywhere/all/solar-anywhere-2012.csv
-> size (bytes): 926,747
COMPRESSED FILE:
-> name: /Users/pablocerve/Documents/FING/Proyecto/pc-tesis/dataset_parser/scripts/output/[4]solar-anywhere/pca/solar-anywhere-2012.c.cpp.csv
-> size (bytes): 416,565
-> 44.95% of original


RESULTS
--------------------------(same file!)
CoderPCA
ORIGINAL FILE:
-> name: /Users/pablocerve/Documents/FING/Proyecto/datasets-csv/[4]solar-anywhere/all/solar-anywhere-2012.csv
-> size (bytes): 926,747
COMPRESSED FILE:
-> name: /Users/pablocerve/Documents/FING/Proyecto/pc-tesis/dataset_parser/scripts/output/[4]solar-anywhere/pca/solar-anywhere-2012.c.cpp.csv
-> size (bytes): 416,292
-> 44.92% of original


RESULTS
--------------------------(same file!)
CoderPCA
ORIGINAL FILE:
-> name: /Users/pablocerve/Documents/FING/Proyecto/datasets-csv/[4]solar-anywhere/all/solar-anywhere-2012.csv
-> size (bytes): 926,747
COMPRESSED FILE:
-> name: /Users/pablocerve/Documents/FING/Proyecto/pc-tesis/dataset_parser/scripts/output/[4]solar-anywhere/pca/solar-anywhere-2012.c.cpp.csv
-> size (bytes): 416,094
-> 44.9% of original


RESULTS
--------------------------(same file!)
CoderPCA
ORIGINAL FILE:
-> name: /Users/pablocerve/Documents/FING/Proyecto/datasets-csv/[4]solar-anywhere/all/solar-anywhere-2012.csv
-> size (bytes): 926,747
COMPRESSED FILE:
-> name: /Users/pablocerve/Documents/FING/Proyecto/pc-tesis/dataset_parser/scripts/output/[4]solar-anywhere/pca/solar-anywhere-2012.c.cpp.csv
-> size (bytes): 288,690
-> 31.15% of original


RESULTS
--------------------------(same file!)
CoderPCA
ORIGINAL FILE:
-> name: /Users/pablocerve/Documents/FING/Proyecto/datasets-csv/[4]solar-anywhere/all/solar-anywhere-2012.csv
-> size (bytes): 926,747
COMPRESSED FILE:
-> name: /Users/pablocerve/Documents/FING/Proyecto/pc-tesis/dataset_parser/scripts/output/[4]solar-anywhere/pca/solar-anywhere-2012.c.cpp.csv
-> size (bytes): 344,586
-> 37.18% of original


RESULTS
--------------------------(same file!)
CoderPCA
ORIGINAL FILE:
-> name: /Users/pablocerve/Documents/FING/Proyecto/datasets-csv/[4]solar-anywhere/all/solar-anywhere-2012.csv
-> size (bytes): 926,747
COMPRESSED FILE:
-> name: /Users/pablocerve/Documents/FING/Proyecto/pc-tesis/dataset_parser/scripts/output/[4]solar-anywhere/pca/solar-anywhere-2012.c.cpp.csv
-> size (bytes): 414,475
-> 44.72% of original


RESULTS
--------------------------(same file!)
CoderPCA
ORIGINAL FILE:
-> name: /Users/pablocerve/Documents/FING/Proyecto/datasets-csv/[4]solar-anywhere/all/solar-anywhere-2012.csv
-> size (bytes): 926,747
COMPRESSED FILE:
-> name: /Users/pablocerve/Documents/FING/Proyecto/pc-tesis/dataset_parser/scripts/output/[4]solar-anywhere/pca/solar-anywhere-2012.c.cpp.csv
-> size (bytes): 416,381
-> 44.93% of original


RESULTS
--------------------------(same file!)
CoderPCA
ORIGINAL FILE:
-> name: /Users/pablocerve/Documents/FING/Proyecto/datasets-csv/[4]solar-anywhere/all/solar-anywhere-2012.csv
-> size (bytes): 926,747
COMPRESSED FILE:
-> name: /Users/pablocerve/Documents/FING/Proyecto/pc-tesis/dataset_parser/scripts/output/[4]solar-anywhere/pca/solar-anywhere-2012.c.cpp.csv
-> size (bytes): 416,292
-> 44.92% of original


RESULTS
--------------------------(same file!)
CoderPCA
ORIGINAL FILE:
-> name: /Users/pablocerve/Documents/FING/Proyecto/datasets-csv/[4]solar-anywhere/all/solar-anywhere-2012.csv
-> size (bytes): 926,747
COMPRESSED FILE:
-> name: /Users/pablocerve/Documents/FING/Proyecto/pc-tesis/dataset_parser/scripts/output/[4]solar-anywhere/pca/solar-anywhere-2012.c.cpp.csv
-> size (bytes): 416,094
-> 44.9% of original


RESULTS
--------------------------(same file!)
CoderPCA
ORIGINAL FILE:
-> name: /Users/pablocerve/Documents/FING/Proyecto/datasets-csv/[4]solar-anywhere/all/solar-anywhere-2012.csv
-> size (bytes): 926,747
COMPRESSED FILE:
-> name: /Users/pablocerve/Documents/FING/Proyecto/pc-tesis/dataset_parser/scripts/output/[4]solar-anywhere/pca/solar-anywhere-2012.c.cpp.csv
-> size (bytes): 274,960
-> 29.67% of original


RESULTS
--------------------------(same file!)
CoderPCA
ORIGINAL FILE:
-> name: /Users/pablocerve/Documents/FING/Proyecto/datasets-csv/[4]solar-anywhere/all/solar-anywhere-2012.csv
-> size (bytes): 926,747
COMPRESSED FILE:
-> name: /Users/pablocerve/Documents/FING/Proyecto/pc-tesis/dataset_parser/scripts/output/[4]solar-anywhere/pca/solar-anywhere-2012.c.cpp.csv
-> size (bytes): 332,369
-> 35.86% of original


RESULTS
--------------------------(same file!)
CoderPCA
ORIGINAL FILE:
-> name: /Users/pablocerve/Documents/FING/Proyecto/datasets-csv/[4]solar-anywhere/all/solar-anywhere-2012.csv
-> size (bytes): 926,747
COMPRESSED FILE:
-> name: /Users/pablocerve/Documents/FING/Proyecto/pc-tesis/dataset_parser/scripts/output/[4]solar-anywhere/pca/solar-anywhere-2012.c.cpp.csv
-> size (bytes): 412,465
-> 44.51% of original


RESULTS
--------------------------(same file!)
CoderPCA
ORIGINAL FILE:
-> name: /Users/pablocerve/Documents/FING/Proyecto/datasets-csv/[4]solar-anywhere/all/solar-anywhere-2012.csv
-> size (bytes): 926,747
COMPRESSED FILE:
-> name: /Users/pablocerve/Documents/FING/Proyecto/pc-tesis/dataset_parser/scripts/output/[4]solar-anywhere/pca/solar-anywhere-2012.c.cpp.csv
-> size (bytes): 416,075
-> 44.9% of original


RESULTS
--------------------------(same file!)
CoderPCA
ORIGINAL FILE:
-> name: /Users/pablocerve/Documents/FING/Proyecto/datasets-csv/[4]solar-anywhere/all/solar-anywhere-2012.csv
-> size (bytes): 926,747
COMPRESSED FILE:
-> name: /Users/pablocerve/Documents/FING/Proyecto/pc-tesis/dataset_parser/scripts/output/[4]solar-anywhere/pca/solar-anywhere-2012.c.cpp.csv
-> size (bytes): 416,292
-> 44.92% of original


RESULTS
--------------------------(same file!)
CoderPCA
ORIGINAL FILE:
-> name: /Users/pablocerve/Documents/FING/Proyecto/datasets-csv/[4]solar-anywhere/all/solar-anywhere-2012.csv
-> size (bytes): 926,747
COMPRESSED FILE:
-> name: /Users/pablocerve/Documents/FING/Proyecto/pc-tesis/dataset_parser/scripts/output/[4]solar-anywhere/pca/solar-anywhere-2012.c.cpp.csv
-> size (bytes): 416,094
-> 44.9% of original


RESULTS
--------------------------(same file!)
CoderBasic
ORIGINAL FILE:
-> name: /Users/pablocerve/Documents/FING/Proyecto/datasets-csv/[4]solar-anywhere/all/solar-anywhere-2013.csv
-> size (bytes): 927,368
COMPRESSED FILE:
-> name: /Users/pablocerve/Documents/FING/Proyecto/pc-tesis/dataset_parser/scripts/output/[4]solar-anywhere/basic/solar-anywhere-2013.c.cpp.csv
-> size (bytes): 415,936
-> 44.85% of original


RESULTS
--------------------------(same file!)
CoderPCA
ORIGINAL FILE:
-> name: /Users/pablocerve/Documents/FING/Proyecto/datasets-csv/[4]solar-anywhere/all/solar-anywhere-2013.csv
-> size (bytes): 927,368
COMPRESSED FILE:
-> name: /Users/pablocerve/Documents/FING/Proyecto/pc-tesis/dataset_parser/scripts/output/[4]solar-anywhere/pca/solar-anywhere-2013.c.cpp.csv
-> size (bytes): 334,221
-> 36.04% of original


RESULTS
--------------------------(same file!)
CoderPCA
ORIGINAL FILE:
-> name: /Users/pablocerve/Documents/FING/Proyecto/datasets-csv/[4]solar-anywhere/all/solar-anywhere-2013.csv
-> size (bytes): 927,368
COMPRESSED FILE:
-> name: /Users/pablocerve/Documents/FING/Proyecto/pc-tesis/dataset_parser/scripts/output/[4]solar-anywhere/pca/solar-anywhere-2013.c.cpp.csv
-> size (bytes): 395,315
-> 42.63% of original


RESULTS
--------------------------(same file!)
CoderPCA
ORIGINAL FILE:
-> name: /Users/pablocerve/Documents/FING/Proyecto/datasets-csv/[4]solar-anywhere/all/solar-anywhere-2013.csv
-> size (bytes): 927,368
COMPRESSED FILE:
-> name: /Users/pablocerve/Documents/FING/Proyecto/pc-tesis/dataset_parser/scripts/output/[4]solar-anywhere/pca/solar-anywhere-2013.c.cpp.csv
-> size (bytes): 416,926
-> 44.96% of original


RESULTS
--------------------------(same file!)
CoderPCA
ORIGINAL FILE:
-> name: /Users/pablocerve/Documents/FING/Proyecto/datasets-csv/[4]solar-anywhere/all/solar-anywhere-2013.csv
-> size (bytes): 927,368
COMPRESSED FILE:
-> name: /Users/pablocerve/Documents/FING/Proyecto/pc-tesis/dataset_parser/scripts/output/[4]solar-anywhere/pca/solar-anywhere-2013.c.cpp.csv
-> size (bytes): 416,139
-> 44.87% of original


RESULTS
--------------------------(same file!)
CoderPCA
ORIGINAL FILE:
-> name: /Users/pablocerve/Documents/FING/Proyecto/datasets-csv/[4]solar-anywhere/all/solar-anywhere-2013.csv
-> size (bytes): 927,368
COMPRESSED FILE:
-> name: /Users/pablocerve/Documents/FING/Proyecto/pc-tesis/dataset_parser/scripts/output/[4]solar-anywhere/pca/solar-anywhere-2013.c.cpp.csv
-> size (bytes): 415,747
-> 44.83% of original


RESULTS
--------------------------(same file!)
CoderPCA
ORIGINAL FILE:
-> name: /Users/pablocerve/Documents/FING/Proyecto/datasets-csv/[4]solar-anywhere/all/solar-anywhere-2013.csv
-> size (bytes): 927,368
COMPRESSED FILE:
-> name: /Users/pablocerve/Documents/FING/Proyecto/pc-tesis/dataset_parser/scripts/output/[4]solar-anywhere/pca/solar-anywhere-2013.c.cpp.csv
-> size (bytes): 415,549
-> 44.81% of original


RESULTS
--------------------------(same file!)
CoderPCA
ORIGINAL FILE:
-> name: /Users/pablocerve/Documents/FING/Proyecto/datasets-csv/[4]solar-anywhere/all/solar-anywhere-2013.csv
-> size (bytes): 927,368
COMPRESSED FILE:
-> name: /Users/pablocerve/Documents/FING/Proyecto/pc-tesis/dataset_parser/scripts/output/[4]solar-anywhere/pca/solar-anywhere-2013.c.cpp.csv
-> size (bytes): 323,306
-> 34.86% of original


RESULTS
--------------------------(same file!)
CoderPCA
ORIGINAL FILE:
-> name: /Users/pablocerve/Documents/FING/Proyecto/datasets-csv/[4]solar-anywhere/all/solar-anywhere-2013.csv
-> size (bytes): 927,368
COMPRESSED FILE:
-> name: /Users/pablocerve/Documents/FING/Proyecto/pc-tesis/dataset_parser/scripts/output/[4]solar-anywhere/pca/solar-anywhere-2013.c.cpp.csv
-> size (bytes): 381,826
-> 41.17% of original


RESULTS
--------------------------(same file!)
CoderPCA
ORIGINAL FILE:
-> name: /Users/pablocerve/Documents/FING/Proyecto/datasets-csv/[4]solar-anywhere/all/solar-anywhere-2013.csv
-> size (bytes): 927,368
COMPRESSED FILE:
-> name: /Users/pablocerve/Documents/FING/Proyecto/pc-tesis/dataset_parser/scripts/output/[4]solar-anywhere/pca/solar-anywhere-2013.c.cpp.csv
-> size (bytes): 416,476
-> 44.91% of original


RESULTS
--------------------------(same file!)
CoderPCA
ORIGINAL FILE:
-> name: /Users/pablocerve/Documents/FING/Proyecto/datasets-csv/[4]solar-anywhere/all/solar-anywhere-2013.csv
-> size (bytes): 927,368
COMPRESSED FILE:
-> name: /Users/pablocerve/Documents/FING/Proyecto/pc-tesis/dataset_parser/scripts/output/[4]solar-anywhere/pca/solar-anywhere-2013.c.cpp.csv
-> size (bytes): 416,139
-> 44.87% of original


RESULTS
--------------------------(same file!)
CoderPCA
ORIGINAL FILE:
-> name: /Users/pablocerve/Documents/FING/Proyecto/datasets-csv/[4]solar-anywhere/all/solar-anywhere-2013.csv
-> size (bytes): 927,368
COMPRESSED FILE:
-> name: /Users/pablocerve/Documents/FING/Proyecto/pc-tesis/dataset_parser/scripts/output/[4]solar-anywhere/pca/solar-anywhere-2013.c.cpp.csv
-> size (bytes): 415,747
-> 44.83% of original


RESULTS
--------------------------(same file!)
CoderPCA
ORIGINAL FILE:
-> name: /Users/pablocerve/Documents/FING/Proyecto/datasets-csv/[4]solar-anywhere/all/solar-anywhere-2013.csv
-> size (bytes): 927,368
COMPRESSED FILE:
-> name: /Users/pablocerve/Documents/FING/Proyecto/pc-tesis/dataset_parser/scripts/output/[4]solar-anywhere/pca/solar-anywhere-2013.c.cpp.csv
-> size (bytes): 415,549
-> 44.81% of original


RESULTS
--------------------------(same file!)
CoderPCA
ORIGINAL FILE:
-> name: /Users/pablocerve/Documents/FING/Proyecto/datasets-csv/[4]solar-anywhere/all/solar-anywhere-2013.csv
-> size (bytes): 927,368
COMPRESSED FILE:
-> name: /Users/pablocerve/Documents/FING/Proyecto/pc-tesis/dataset_parser/scripts/output/[4]solar-anywhere/pca/solar-anywhere-2013.c.cpp.csv
-> size (bytes): 314,991
-> 33.97% of original


RESULTS
--------------------------(same file!)
CoderPCA
ORIGINAL FILE:
-> name: /Users/pablocerve/Documents/FING/Proyecto/datasets-csv/[4]solar-anywhere/all/solar-anywhere-2013.csv
-> size (bytes): 927,368
COMPRESSED FILE:
-> name: /Users/pablocerve/Documents/FING/Proyecto/pc-tesis/dataset_parser/scripts/output/[4]solar-anywhere/pca/solar-anywhere-2013.c.cpp.csv
-> size (bytes): 371,544
-> 40.06% of original


RESULTS
--------------------------(same file!)
CoderPCA
ORIGINAL FILE:
-> name: /Users/pablocerve/Documents/FING/Proyecto/datasets-csv/[4]solar-anywhere/all/solar-anywhere-2013.csv
-> size (bytes): 927,368
COMPRESSED FILE:
-> name: /Users/pablocerve/Documents/FING/Proyecto/pc-tesis/dataset_parser/scripts/output/[4]solar-anywhere/pca/solar-anywhere-2013.c.cpp.csv
-> size (bytes): 416,086
-> 44.87% of original


RESULTS
--------------------------(same file!)
CoderPCA
ORIGINAL FILE:
-> name: /Users/pablocerve/Documents/FING/Proyecto/datasets-csv/[4]solar-anywhere/all/solar-anywhere-2013.csv
-> size (bytes): 927,368
COMPRESSED FILE:
-> name: /Users/pablocerve/Documents/FING/Proyecto/pc-tesis/dataset_parser/scripts/output/[4]solar-anywhere/pca/solar-anywhere-2013.c.cpp.csv
-> size (bytes): 416,139
-> 44.87% of original


RESULTS
--------------------------(same file!)
CoderPCA
ORIGINAL FILE:
-> name: /Users/pablocerve/Documents/FING/Proyecto/datasets-csv/[4]solar-anywhere/all/solar-anywhere-2013.csv
-> size (bytes): 927,368
COMPRESSED FILE:
-> name: /Users/pablocerve/Documents/FING/Proyecto/pc-tesis/dataset_parser/scripts/output/[4]solar-anywhere/pca/solar-anywhere-2013.c.cpp.csv
-> size (bytes): 415,747
-> 44.83% of original


RESULTS
--------------------------(same file!)
CoderPCA
ORIGINAL FILE:
-> name: /Users/pablocerve/Documents/FING/Proyecto/datasets-csv/[4]solar-anywhere/all/solar-anywhere-2013.csv
-> size (bytes): 927,368
COMPRESSED FILE:
-> name: /Users/pablocerve/Documents/FING/Proyecto/pc-tesis/dataset_parser/scripts/output/[4]solar-anywhere/pca/solar-anywhere-2013.c.cpp.csv
-> size (bytes): 415,549
-> 44.81% of original


RESULTS
--------------------------(same file!)
CoderPCA
ORIGINAL FILE:
-> name: /Users/pablocerve/Documents/FING/Proyecto/datasets-csv/[4]solar-anywhere/all/solar-anywhere-2013.csv
-> size (bytes): 927,368
COMPRESSED FILE:
-> name: /Users/pablocerve/Documents/FING/Proyecto/pc-tesis/dataset_parser/scripts/output/[4]solar-anywhere/pca/solar-anywhere-2013.c.cpp.csv
-> size (bytes): 310,316
-> 33.46% of original


RESULTS
--------------------------(same file!)
CoderPCA
ORIGINAL FILE:
-> name: /Users/pablocerve/Documents/FING/Proyecto/datasets-csv/[4]solar-anywhere/all/solar-anywhere-2013.csv
-> size (bytes): 927,368
COMPRESSED FILE:
-> name: /Users/pablocerve/Documents/FING/Proyecto/pc-tesis/dataset_parser/scripts/output/[4]solar-anywhere/pca/solar-anywhere-2013.c.cpp.csv
-> size (bytes): 365,874
-> 39.45% of original


RESULTS
--------------------------(same file!)
CoderPCA
ORIGINAL FILE:
-> name: /Users/pablocerve/Documents/FING/Proyecto/datasets-csv/[4]solar-anywhere/all/solar-anywhere-2013.csv
-> size (bytes): 927,368
COMPRESSED FILE:
-> name: /Users/pablocerve/Documents/FING/Proyecto/pc-tesis/dataset_parser/scripts/output/[4]solar-anywhere/pca/solar-anywhere-2013.c.cpp.csv
-> size (bytes): 415,726
-> 44.83% of original


RESULTS
--------------------------(same file!)
CoderPCA
ORIGINAL FILE:
-> name: /Users/pablocerve/Documents/FING/Proyecto/datasets-csv/[4]solar-anywhere/all/solar-anywhere-2013.csv
-> size (bytes): 927,368
COMPRESSED FILE:
-> name: /Users/pablocerve/Documents/FING/Proyecto/pc-tesis/dataset_parser/scripts/output/[4]solar-anywhere/pca/solar-anywhere-2013.c.cpp.csv
-> size (bytes): 416,139
-> 44.87% of original


RESULTS
--------------------------(same file!)
CoderPCA
ORIGINAL FILE:
-> name: /Users/pablocerve/Documents/FING/Proyecto/datasets-csv/[4]solar-anywhere/all/solar-anywhere-2013.csv
-> size (bytes): 927,368
COMPRESSED FILE:
-> name: /Users/pablocerve/Documents/FING/Proyecto/pc-tesis/dataset_parser/scripts/output/[4]solar-anywhere/pca/solar-anywhere-2013.c.cpp.csv
-> size (bytes): 415,747
-> 44.83% of original


RESULTS
--------------------------(same file!)
CoderPCA
ORIGINAL FILE:
-> name: /Users/pablocerve/Documents/FING/Proyecto/datasets-csv/[4]solar-anywhere/all/solar-anywhere-2013.csv
-> size (bytes): 927,368
COMPRESSED FILE:
-> name: /Users/pablocerve/Documents/FING/Proyecto/pc-tesis/dataset_parser/scripts/output/[4]solar-anywhere/pca/solar-anywhere-2013.c.cpp.csv
-> size (bytes): 415,549
-> 44.81% of original


RESULTS
--------------------------(same file!)
CoderPCA
ORIGINAL FILE:
-> name: /Users/pablocerve/Documents/FING/Proyecto/datasets-csv/[4]solar-anywhere/all/solar-anywhere-2013.csv
-> size (bytes): 927,368
COMPRESSED FILE:
-> name: /Users/pablocerve/Documents/FING/Proyecto/pc-tesis/dataset_parser/scripts/output/[4]solar-anywhere/pca/solar-anywhere-2013.c.cpp.csv
-> size (bytes): 302,801
-> 32.65% of original


RESULTS
--------------------------(same file!)
CoderPCA
ORIGINAL FILE:
-> name: /Users/pablocerve/Documents/FING/Proyecto/datasets-csv/[4]solar-anywhere/all/solar-anywhere-2013.csv
-> size (bytes): 927,368
COMPRESSED FILE:
-> name: /Users/pablocerve/Documents/FING/Proyecto/pc-tesis/dataset_parser/scripts/output/[4]solar-anywhere/pca/solar-anywhere-2013.c.cpp.csv
-> size (bytes): 357,436
-> 38.54% of original


RESULTS
--------------------------(same file!)
CoderPCA
ORIGINAL FILE:
-> name: /Users/pablocerve/Documents/FING/Proyecto/datasets-csv/[4]solar-anywhere/all/solar-anywhere-2013.csv
-> size (bytes): 927,368
COMPRESSED FILE:
-> name: /Users/pablocerve/Documents/FING/Proyecto/pc-tesis/dataset_parser/scripts/output/[4]solar-anywhere/pca/solar-anywhere-2013.c.cpp.csv
-> size (bytes): 415,036
-> 44.75% of original


RESULTS
--------------------------(same file!)
CoderPCA
ORIGINAL FILE:
-> name: /Users/pablocerve/Documents/FING/Proyecto/datasets-csv/[4]solar-anywhere/all/solar-anywhere-2013.csv
-> size (bytes): 927,368
COMPRESSED FILE:
-> name: /Users/pablocerve/Documents/FING/Proyecto/pc-tesis/dataset_parser/scripts/output/[4]solar-anywhere/pca/solar-anywhere-2013.c.cpp.csv
-> size (bytes): 416,077
-> 44.87% of original


RESULTS
--------------------------(same file!)
CoderPCA
ORIGINAL FILE:
-> name: /Users/pablocerve/Documents/FING/Proyecto/datasets-csv/[4]solar-anywhere/all/solar-anywhere-2013.csv
-> size (bytes): 927,368
COMPRESSED FILE:
-> name: /Users/pablocerve/Documents/FING/Proyecto/pc-tesis/dataset_parser/scripts/output/[4]solar-anywhere/pca/solar-anywhere-2013.c.cpp.csv
-> size (bytes): 415,747
-> 44.83% of original


RESULTS
--------------------------(same file!)
CoderPCA
ORIGINAL FILE:
-> name: /Users/pablocerve/Documents/FING/Proyecto/datasets-csv/[4]solar-anywhere/all/solar-anywhere-2013.csv
-> size (bytes): 927,368
COMPRESSED FILE:
-> name: /Users/pablocerve/Documents/FING/Proyecto/pc-tesis/dataset_parser/scripts/output/[4]solar-anywhere/pca/solar-anywhere-2013.c.cpp.csv
-> size (bytes): 415,549
-> 44.81% of original


RESULTS
--------------------------(same file!)
CoderPCA
ORIGINAL FILE:
-> name: /Users/pablocerve/Documents/FING/Proyecto/datasets-csv/[4]solar-anywhere/all/solar-anywhere-2013.csv
-> size (bytes): 927,368
COMPRESSED FILE:
-> name: /Users/pablocerve/Documents/FING/Proyecto/pc-tesis/dataset_parser/scripts/output/[4]solar-anywhere/pca/solar-anywhere-2013.c.cpp.csv
-> size (bytes): 296,231
-> 31.94% of original


RESULTS
--------------------------(same file!)
CoderPCA
ORIGINAL FILE:
-> name: /Users/pablocerve/Documents/FING/Proyecto/datasets-csv/[4]solar-anywhere/all/solar-anywhere-2013.csv
-> size (bytes): 927,368
COMPRESSED FILE:
-> name: /Users/pablocerve/Documents/FING/Proyecto/pc-tesis/dataset_parser/scripts/output/[4]solar-anywhere/pca/solar-anywhere-2013.c.cpp.csv
-> size (bytes): 350,112
-> 37.75% of original


RESULTS
--------------------------(same file!)
CoderPCA
ORIGINAL FILE:
-> name: /Users/pablocerve/Documents/FING/Proyecto/datasets-csv/[4]solar-anywhere/all/solar-anywhere-2013.csv
-> size (bytes): 927,368
COMPRESSED FILE:
-> name: /Users/pablocerve/Documents/FING/Proyecto/pc-tesis/dataset_parser/scripts/output/[4]solar-anywhere/pca/solar-anywhere-2013.c.cpp.csv
-> size (bytes): 414,406
-> 44.69% of original


RESULTS
--------------------------(same file!)
CoderPCA
ORIGINAL FILE:
-> name: /Users/pablocerve/Documents/FING/Proyecto/datasets-csv/[4]solar-anywhere/all/solar-anywhere-2013.csv
-> size (bytes): 927,368
COMPRESSED FILE:
-> name: /Users/pablocerve/Documents/FING/Proyecto/pc-tesis/dataset_parser/scripts/output/[4]solar-anywhere/pca/solar-anywhere-2013.c.cpp.csv
-> size (bytes): 415,894
-> 44.85% of original


RESULTS
--------------------------(same file!)
CoderPCA
ORIGINAL FILE:
-> name: /Users/pablocerve/Documents/FING/Proyecto/datasets-csv/[4]solar-anywhere/all/solar-anywhere-2013.csv
-> size (bytes): 927,368
COMPRESSED FILE:
-> name: /Users/pablocerve/Documents/FING/Proyecto/pc-tesis/dataset_parser/scripts/output/[4]solar-anywhere/pca/solar-anywhere-2013.c.cpp.csv
-> size (bytes): 415,747
-> 44.83% of original


RESULTS
--------------------------(same file!)
CoderPCA
ORIGINAL FILE:
-> name: /Users/pablocerve/Documents/FING/Proyecto/datasets-csv/[4]solar-anywhere/all/solar-anywhere-2013.csv
-> size (bytes): 927,368
COMPRESSED FILE:
-> name: /Users/pablocerve/Documents/FING/Proyecto/pc-tesis/dataset_parser/scripts/output/[4]solar-anywhere/pca/solar-anywhere-2013.c.cpp.csv
-> size (bytes): 415,549
-> 44.81% of original


RESULTS
--------------------------(same file!)
CoderPCA
ORIGINAL FILE:
-> name: /Users/pablocerve/Documents/FING/Proyecto/datasets-csv/[4]solar-anywhere/all/solar-anywhere-2013.csv
-> size (bytes): 927,368
COMPRESSED FILE:
-> name: /Users/pablocerve/Documents/FING/Proyecto/pc-tesis/dataset_parser/scripts/output/[4]solar-anywhere/pca/solar-anywhere-2013.c.cpp.csv
-> size (bytes): 289,491
-> 31.22% of original


RESULTS
--------------------------(same file!)
CoderPCA
ORIGINAL FILE:
-> name: /Users/pablocerve/Documents/FING/Proyecto/datasets-csv/[4]solar-anywhere/all/solar-anywhere-2013.csv
-> size (bytes): 927,368
COMPRESSED FILE:
-> name: /Users/pablocerve/Documents/FING/Proyecto/pc-tesis/dataset_parser/scripts/output/[4]solar-anywhere/pca/solar-anywhere-2013.c.cpp.csv
-> size (bytes): 343,104
-> 37.0% of original


RESULTS
--------------------------(same file!)
CoderPCA
ORIGINAL FILE:
-> name: /Users/pablocerve/Documents/FING/Proyecto/datasets-csv/[4]solar-anywhere/all/solar-anywhere-2013.csv
-> size (bytes): 927,368
COMPRESSED FILE:
-> name: /Users/pablocerve/Documents/FING/Proyecto/pc-tesis/dataset_parser/scripts/output/[4]solar-anywhere/pca/solar-anywhere-2013.c.cpp.csv
-> size (bytes): 413,716
-> 44.61% of original


RESULTS
--------------------------(same file!)
CoderPCA
ORIGINAL FILE:
-> name: /Users/pablocerve/Documents/FING/Proyecto/datasets-csv/[4]solar-anywhere/all/solar-anywhere-2013.csv
-> size (bytes): 927,368
COMPRESSED FILE:
-> name: /Users/pablocerve/Documents/FING/Proyecto/pc-tesis/dataset_parser/scripts/output/[4]solar-anywhere/pca/solar-anywhere-2013.c.cpp.csv
-> size (bytes): 415,771
-> 44.83% of original


RESULTS
--------------------------(same file!)
CoderPCA
ORIGINAL FILE:
-> name: /Users/pablocerve/Documents/FING/Proyecto/datasets-csv/[4]solar-anywhere/all/solar-anywhere-2013.csv
-> size (bytes): 927,368
COMPRESSED FILE:
-> name: /Users/pablocerve/Documents/FING/Proyecto/pc-tesis/dataset_parser/scripts/output/[4]solar-anywhere/pca/solar-anywhere-2013.c.cpp.csv
-> size (bytes): 415,747
-> 44.83% of original


RESULTS
--------------------------(same file!)
CoderPCA
ORIGINAL FILE:
-> name: /Users/pablocerve/Documents/FING/Proyecto/datasets-csv/[4]solar-anywhere/all/solar-anywhere-2013.csv
-> size (bytes): 927,368
COMPRESSED FILE:
-> name: /Users/pablocerve/Documents/FING/Proyecto/pc-tesis/dataset_parser/scripts/output/[4]solar-anywhere/pca/solar-anywhere-2013.c.cpp.csv
-> size (bytes): 415,549
-> 44.81% of original


RESULTS
--------------------------(same file!)
CoderPCA
ORIGINAL FILE:
-> name: /Users/pablocerve/Documents/FING/Proyecto/datasets-csv/[4]solar-anywhere/all/solar-anywhere-2013.csv
-> size (bytes): 927,368
COMPRESSED FILE:
-> name: /Users/pablocerve/Documents/FING/Proyecto/pc-tesis/dataset_parser/scripts/output/[4]solar-anywhere/pca/solar-anywhere-2013.c.cpp.csv
-> size (bytes): 275,921
-> 29.75% of original


RESULTS
--------------------------(same file!)
CoderPCA
ORIGINAL FILE:
-> name: /Users/pablocerve/Documents/FING/Proyecto/datasets-csv/[4]solar-anywhere/all/solar-anywhere-2013.csv
-> size (bytes): 927,368
COMPRESSED FILE:
-> name: /Users/pablocerve/Documents/FING/Proyecto/pc-tesis/dataset_parser/scripts/output/[4]solar-anywhere/pca/solar-anywhere-2013.c.cpp.csv
-> size (bytes): 331,190
-> 35.71% of original


RESULTS
--------------------------(same file!)
CoderPCA
ORIGINAL FILE:
-> name: /Users/pablocerve/Documents/FING/Proyecto/datasets-csv/[4]solar-anywhere/all/solar-anywhere-2013.csv
-> size (bytes): 927,368
COMPRESSED FILE:
-> name: /Users/pablocerve/Documents/FING/Proyecto/pc-tesis/dataset_parser/scripts/output/[4]solar-anywhere/pca/solar-anywhere-2013.c.cpp.csv
-> size (bytes): 412,216
-> 44.45% of original


RESULTS
--------------------------(same file!)
CoderPCA
ORIGINAL FILE:
-> name: /Users/pablocerve/Documents/FING/Proyecto/datasets-csv/[4]solar-anywhere/all/solar-anywhere-2013.csv
-> size (bytes): 927,368
COMPRESSED FILE:
-> name: /Users/pablocerve/Documents/FING/Proyecto/pc-tesis/dataset_parser/scripts/output/[4]solar-anywhere/pca/solar-anywhere-2013.c.cpp.csv
-> size (bytes): 415,649
-> 44.82% of original


RESULTS
--------------------------(same file!)
CoderPCA
ORIGINAL FILE:
-> name: /Users/pablocerve/Documents/FING/Proyecto/datasets-csv/[4]solar-anywhere/all/solar-anywhere-2013.csv
-> size (bytes): 927,368
COMPRESSED FILE:
-> name: /Users/pablocerve/Documents/FING/Proyecto/pc-tesis/dataset_parser/scripts/output/[4]solar-anywhere/pca/solar-anywhere-2013.c.cpp.csv
-> size (bytes): 415,747
-> 44.83% of original


RESULTS
--------------------------(same file!)
CoderPCA
ORIGINAL FILE:
-> name: /Users/pablocerve/Documents/FING/Proyecto/datasets-csv/[4]solar-anywhere/all/solar-anywhere-2013.csv
-> size (bytes): 927,368
COMPRESSED FILE:
-> name: /Users/pablocerve/Documents/FING/Proyecto/pc-tesis/dataset_parser/scripts/output/[4]solar-anywhere/pca/solar-anywhere-2013.c.cpp.csv
-> size (bytes): 415,549
-> 44.81% of original


RESULTS
--------------------------(same file!)
CoderBasic
ORIGINAL FILE:
-> name: /Users/pablocerve/Documents/FING/Proyecto/datasets-csv/[4]solar-anywhere/all/solar-anywhere-2014.csv
-> size (bytes): 927,651
COMPRESSED FILE:
-> name: /Users/pablocerve/Documents/FING/Proyecto/pc-tesis/dataset_parser/scripts/output/[4]solar-anywhere/basic/solar-anywhere-2014.c.cpp.csv
-> size (bytes): 415,977
-> 44.84% of original


RESULTS
--------------------------(same file!)
CoderPCA
ORIGINAL FILE:
-> name: /Users/pablocerve/Documents/FING/Proyecto/datasets-csv/[4]solar-anywhere/all/solar-anywhere-2014.csv
-> size (bytes): 927,651
COMPRESSED FILE:
-> name: /Users/pablocerve/Documents/FING/Proyecto/pc-tesis/dataset_parser/scripts/output/[4]solar-anywhere/pca/solar-anywhere-2014.c.cpp.csv
-> size (bytes): 335,007
-> 36.11% of original


RESULTS
--------------------------(same file!)
CoderPCA
ORIGINAL FILE:
-> name: /Users/pablocerve/Documents/FING/Proyecto/datasets-csv/[4]solar-anywhere/all/solar-anywhere-2014.csv
-> size (bytes): 927,651
COMPRESSED FILE:
-> name: /Users/pablocerve/Documents/FING/Proyecto/pc-tesis/dataset_parser/scripts/output/[4]solar-anywhere/pca/solar-anywhere-2014.c.cpp.csv
-> size (bytes): 395,760
-> 42.66% of original


RESULTS
--------------------------(same file!)
CoderPCA
ORIGINAL FILE:
-> name: /Users/pablocerve/Documents/FING/Proyecto/datasets-csv/[4]solar-anywhere/all/solar-anywhere-2014.csv
-> size (bytes): 927,651
COMPRESSED FILE:
-> name: /Users/pablocerve/Documents/FING/Proyecto/pc-tesis/dataset_parser/scripts/output/[4]solar-anywhere/pca/solar-anywhere-2014.c.cpp.csv
-> size (bytes): 416,697
-> 44.92% of original


RESULTS
--------------------------(same file!)
CoderPCA
ORIGINAL FILE:
-> name: /Users/pablocerve/Documents/FING/Proyecto/datasets-csv/[4]solar-anywhere/all/solar-anywhere-2014.csv
-> size (bytes): 927,651
COMPRESSED FILE:
-> name: /Users/pablocerve/Documents/FING/Proyecto/pc-tesis/dataset_parser/scripts/output/[4]solar-anywhere/pca/solar-anywhere-2014.c.cpp.csv
-> size (bytes): 415,999
-> 44.84% of original


RESULTS
--------------------------(same file!)
CoderPCA
ORIGINAL FILE:
-> name: /Users/pablocerve/Documents/FING/Proyecto/datasets-csv/[4]solar-anywhere/all/solar-anywhere-2014.csv
-> size (bytes): 927,651
COMPRESSED FILE:
-> name: /Users/pablocerve/Documents/FING/Proyecto/pc-tesis/dataset_parser/scripts/output/[4]solar-anywhere/pca/solar-anywhere-2014.c.cpp.csv
-> size (bytes): 415,608
-> 44.8% of original


RESULTS
--------------------------(same file!)
CoderPCA
ORIGINAL FILE:
-> name: /Users/pablocerve/Documents/FING/Proyecto/datasets-csv/[4]solar-anywhere/all/solar-anywhere-2014.csv
-> size (bytes): 927,651
COMPRESSED FILE:
-> name: /Users/pablocerve/Documents/FING/Proyecto/pc-tesis/dataset_parser/scripts/output/[4]solar-anywhere/pca/solar-anywhere-2014.c.cpp.csv
-> size (bytes): 415,410
-> 44.78% of original


RESULTS
--------------------------(same file!)
CoderPCA
ORIGINAL FILE:
-> name: /Users/pablocerve/Documents/FING/Proyecto/datasets-csv/[4]solar-anywhere/all/solar-anywhere-2014.csv
-> size (bytes): 927,651
COMPRESSED FILE:
-> name: /Users/pablocerve/Documents/FING/Proyecto/pc-tesis/dataset_parser/scripts/output/[4]solar-anywhere/pca/solar-anywhere-2014.c.cpp.csv
-> size (bytes): 324,257
-> 34.95% of original


RESULTS
--------------------------(same file!)
CoderPCA
ORIGINAL FILE:
-> name: /Users/pablocerve/Documents/FING/Proyecto/datasets-csv/[4]solar-anywhere/all/solar-anywhere-2014.csv
-> size (bytes): 927,651
COMPRESSED FILE:
-> name: /Users/pablocerve/Documents/FING/Proyecto/pc-tesis/dataset_parser/scripts/output/[4]solar-anywhere/pca/solar-anywhere-2014.c.cpp.csv
-> size (bytes): 381,450
-> 41.12% of original


RESULTS
--------------------------(same file!)
CoderPCA
ORIGINAL FILE:
-> name: /Users/pablocerve/Documents/FING/Proyecto/datasets-csv/[4]solar-anywhere/all/solar-anywhere-2014.csv
-> size (bytes): 927,651
COMPRESSED FILE:
-> name: /Users/pablocerve/Documents/FING/Proyecto/pc-tesis/dataset_parser/scripts/output/[4]solar-anywhere/pca/solar-anywhere-2014.c.cpp.csv
-> size (bytes): 416,397
-> 44.89% of original


RESULTS
--------------------------(same file!)
CoderPCA
ORIGINAL FILE:
-> name: /Users/pablocerve/Documents/FING/Proyecto/datasets-csv/[4]solar-anywhere/all/solar-anywhere-2014.csv
-> size (bytes): 927,651
COMPRESSED FILE:
-> name: /Users/pablocerve/Documents/FING/Proyecto/pc-tesis/dataset_parser/scripts/output/[4]solar-anywhere/pca/solar-anywhere-2014.c.cpp.csv
-> size (bytes): 415,999
-> 44.84% of original


RESULTS
--------------------------(same file!)
CoderPCA
ORIGINAL FILE:
-> name: /Users/pablocerve/Documents/FING/Proyecto/datasets-csv/[4]solar-anywhere/all/solar-anywhere-2014.csv
-> size (bytes): 927,651
COMPRESSED FILE:
-> name: /Users/pablocerve/Documents/FING/Proyecto/pc-tesis/dataset_parser/scripts/output/[4]solar-anywhere/pca/solar-anywhere-2014.c.cpp.csv
-> size (bytes): 415,608
-> 44.8% of original


RESULTS
--------------------------(same file!)
CoderPCA
ORIGINAL FILE:
-> name: /Users/pablocerve/Documents/FING/Proyecto/datasets-csv/[4]solar-anywhere/all/solar-anywhere-2014.csv
-> size (bytes): 927,651
COMPRESSED FILE:
-> name: /Users/pablocerve/Documents/FING/Proyecto/pc-tesis/dataset_parser/scripts/output/[4]solar-anywhere/pca/solar-anywhere-2014.c.cpp.csv
-> size (bytes): 415,410
-> 44.78% of original


RESULTS
--------------------------(same file!)
CoderPCA
ORIGINAL FILE:
-> name: /Users/pablocerve/Documents/FING/Proyecto/datasets-csv/[4]solar-anywhere/all/solar-anywhere-2014.csv
-> size (bytes): 927,651
COMPRESSED FILE:
-> name: /Users/pablocerve/Documents/FING/Proyecto/pc-tesis/dataset_parser/scripts/output/[4]solar-anywhere/pca/solar-anywhere-2014.c.cpp.csv
-> size (bytes): 315,267
-> 33.99% of original


RESULTS
--------------------------(same file!)
CoderPCA
ORIGINAL FILE:
-> name: /Users/pablocerve/Documents/FING/Proyecto/datasets-csv/[4]solar-anywhere/all/solar-anywhere-2014.csv
-> size (bytes): 927,651
COMPRESSED FILE:
-> name: /Users/pablocerve/Documents/FING/Proyecto/pc-tesis/dataset_parser/scripts/output/[4]solar-anywhere/pca/solar-anywhere-2014.c.cpp.csv
-> size (bytes): 372,293
-> 40.13% of original


RESULTS
--------------------------(same file!)
CoderPCA
ORIGINAL FILE:
-> name: /Users/pablocerve/Documents/FING/Proyecto/datasets-csv/[4]solar-anywhere/all/solar-anywhere-2014.csv
-> size (bytes): 927,651
COMPRESSED FILE:
-> name: /Users/pablocerve/Documents/FING/Proyecto/pc-tesis/dataset_parser/scripts/output/[4]solar-anywhere/pca/solar-anywhere-2014.c.cpp.csv
-> size (bytes): 416,127
-> 44.86% of original


RESULTS
--------------------------(same file!)
CoderPCA
ORIGINAL FILE:
-> name: /Users/pablocerve/Documents/FING/Proyecto/datasets-csv/[4]solar-anywhere/all/solar-anywhere-2014.csv
-> size (bytes): 927,651
COMPRESSED FILE:
-> name: /Users/pablocerve/Documents/FING/Proyecto/pc-tesis/dataset_parser/scripts/output/[4]solar-anywhere/pca/solar-anywhere-2014.c.cpp.csv
-> size (bytes): 415,938
-> 44.84% of original


RESULTS
--------------------------(same file!)
CoderPCA
ORIGINAL FILE:
-> name: /Users/pablocerve/Documents/FING/Proyecto/datasets-csv/[4]solar-anywhere/all/solar-anywhere-2014.csv
-> size (bytes): 927,651
COMPRESSED FILE:
-> name: /Users/pablocerve/Documents/FING/Proyecto/pc-tesis/dataset_parser/scripts/output/[4]solar-anywhere/pca/solar-anywhere-2014.c.cpp.csv
-> size (bytes): 415,608
-> 44.8% of original


RESULTS
--------------------------(same file!)
CoderPCA
ORIGINAL FILE:
-> name: /Users/pablocerve/Documents/FING/Proyecto/datasets-csv/[4]solar-anywhere/all/solar-anywhere-2014.csv
-> size (bytes): 927,651
COMPRESSED FILE:
-> name: /Users/pablocerve/Documents/FING/Proyecto/pc-tesis/dataset_parser/scripts/output/[4]solar-anywhere/pca/solar-anywhere-2014.c.cpp.csv
-> size (bytes): 415,410
-> 44.78% of original


RESULTS
--------------------------(same file!)
CoderPCA
ORIGINAL FILE:
-> name: /Users/pablocerve/Documents/FING/Proyecto/datasets-csv/[4]solar-anywhere/all/solar-anywhere-2014.csv
-> size (bytes): 927,651
COMPRESSED FILE:
-> name: /Users/pablocerve/Documents/FING/Proyecto/pc-tesis/dataset_parser/scripts/output/[4]solar-anywhere/pca/solar-anywhere-2014.c.cpp.csv
-> size (bytes): 310,502
-> 33.47% of original


RESULTS
--------------------------(same file!)
CoderPCA
ORIGINAL FILE:
-> name: /Users/pablocerve/Documents/FING/Proyecto/datasets-csv/[4]solar-anywhere/all/solar-anywhere-2014.csv
-> size (bytes): 927,651
COMPRESSED FILE:
-> name: /Users/pablocerve/Documents/FING/Proyecto/pc-tesis/dataset_parser/scripts/output/[4]solar-anywhere/pca/solar-anywhere-2014.c.cpp.csv
-> size (bytes): 367,725
-> 39.64% of original


RESULTS
--------------------------(same file!)
CoderPCA
ORIGINAL FILE:
-> name: /Users/pablocerve/Documents/FING/Proyecto/datasets-csv/[4]solar-anywhere/all/solar-anywhere-2014.csv
-> size (bytes): 927,651
COMPRESSED FILE:
-> name: /Users/pablocerve/Documents/FING/Proyecto/pc-tesis/dataset_parser/scripts/output/[4]solar-anywhere/pca/solar-anywhere-2014.c.cpp.csv
-> size (bytes): 415,707
-> 44.81% of original


RESULTS
--------------------------(same file!)
CoderPCA
ORIGINAL FILE:
-> name: /Users/pablocerve/Documents/FING/Proyecto/datasets-csv/[4]solar-anywhere/all/solar-anywhere-2014.csv
-> size (bytes): 927,651
COMPRESSED FILE:
-> name: /Users/pablocerve/Documents/FING/Proyecto/pc-tesis/dataset_parser/scripts/output/[4]solar-anywhere/pca/solar-anywhere-2014.c.cpp.csv
-> size (bytes): 415,938
-> 44.84% of original


RESULTS
--------------------------(same file!)
CoderPCA
ORIGINAL FILE:
-> name: /Users/pablocerve/Documents/FING/Proyecto/datasets-csv/[4]solar-anywhere/all/solar-anywhere-2014.csv
-> size (bytes): 927,651
COMPRESSED FILE:
-> name: /Users/pablocerve/Documents/FING/Proyecto/pc-tesis/dataset_parser/scripts/output/[4]solar-anywhere/pca/solar-anywhere-2014.c.cpp.csv
-> size (bytes): 415,608
-> 44.8% of original


RESULTS
--------------------------(same file!)
CoderPCA
ORIGINAL FILE:
-> name: /Users/pablocerve/Documents/FING/Proyecto/datasets-csv/[4]solar-anywhere/all/solar-anywhere-2014.csv
-> size (bytes): 927,651
COMPRESSED FILE:
-> name: /Users/pablocerve/Documents/FING/Proyecto/pc-tesis/dataset_parser/scripts/output/[4]solar-anywhere/pca/solar-anywhere-2014.c.cpp.csv
-> size (bytes): 415,410
-> 44.78% of original


RESULTS
--------------------------(same file!)
CoderPCA
ORIGINAL FILE:
-> name: /Users/pablocerve/Documents/FING/Proyecto/datasets-csv/[4]solar-anywhere/all/solar-anywhere-2014.csv
-> size (bytes): 927,651
COMPRESSED FILE:
-> name: /Users/pablocerve/Documents/FING/Proyecto/pc-tesis/dataset_parser/scripts/output/[4]solar-anywhere/pca/solar-anywhere-2014.c.cpp.csv
-> size (bytes): 302,522
-> 32.61% of original


RESULTS
--------------------------(same file!)
CoderPCA
ORIGINAL FILE:
-> name: /Users/pablocerve/Documents/FING/Proyecto/datasets-csv/[4]solar-anywhere/all/solar-anywhere-2014.csv
-> size (bytes): 927,651
COMPRESSED FILE:
-> name: /Users/pablocerve/Documents/FING/Proyecto/pc-tesis/dataset_parser/scripts/output/[4]solar-anywhere/pca/solar-anywhere-2014.c.cpp.csv
-> size (bytes): 360,019
-> 38.81% of original


RESULTS
--------------------------(same file!)
CoderPCA
ORIGINAL FILE:
-> name: /Users/pablocerve/Documents/FING/Proyecto/datasets-csv/[4]solar-anywhere/all/solar-anywhere-2014.csv
-> size (bytes): 927,651
COMPRESSED FILE:
-> name: /Users/pablocerve/Documents/FING/Proyecto/pc-tesis/dataset_parser/scripts/output/[4]solar-anywhere/pca/solar-anywhere-2014.c.cpp.csv
-> size (bytes): 414,807
-> 44.72% of original


RESULTS
--------------------------(same file!)
CoderPCA
ORIGINAL FILE:
-> name: /Users/pablocerve/Documents/FING/Proyecto/datasets-csv/[4]solar-anywhere/all/solar-anywhere-2014.csv
-> size (bytes): 927,651
COMPRESSED FILE:
-> name: /Users/pablocerve/Documents/FING/Proyecto/pc-tesis/dataset_parser/scripts/output/[4]solar-anywhere/pca/solar-anywhere-2014.c.cpp.csv
-> size (bytes): 415,815
-> 44.82% of original


RESULTS
--------------------------(same file!)
CoderPCA
ORIGINAL FILE:
-> name: /Users/pablocerve/Documents/FING/Proyecto/datasets-csv/[4]solar-anywhere/all/solar-anywhere-2014.csv
-> size (bytes): 927,651
COMPRESSED FILE:
-> name: /Users/pablocerve/Documents/FING/Proyecto/pc-tesis/dataset_parser/scripts/output/[4]solar-anywhere/pca/solar-anywhere-2014.c.cpp.csv
-> size (bytes): 415,608
-> 44.8% of original


RESULTS
--------------------------(same file!)
CoderPCA
ORIGINAL FILE:
-> name: /Users/pablocerve/Documents/FING/Proyecto/datasets-csv/[4]solar-anywhere/all/solar-anywhere-2014.csv
-> size (bytes): 927,651
COMPRESSED FILE:
-> name: /Users/pablocerve/Documents/FING/Proyecto/pc-tesis/dataset_parser/scripts/output/[4]solar-anywhere/pca/solar-anywhere-2014.c.cpp.csv
-> size (bytes): 415,410
-> 44.78% of original


RESULTS
--------------------------(same file!)
CoderPCA
ORIGINAL FILE:
-> name: /Users/pablocerve/Documents/FING/Proyecto/datasets-csv/[4]solar-anywhere/all/solar-anywhere-2014.csv
-> size (bytes): 927,651
COMPRESSED FILE:
-> name: /Users/pablocerve/Documents/FING/Proyecto/pc-tesis/dataset_parser/scripts/output/[4]solar-anywhere/pca/solar-anywhere-2014.c.cpp.csv
-> size (bytes): 295,552
-> 31.86% of original


RESULTS
--------------------------(same file!)
CoderPCA
ORIGINAL FILE:
-> name: /Users/pablocerve/Documents/FING/Proyecto/datasets-csv/[4]solar-anywhere/all/solar-anywhere-2014.csv
-> size (bytes): 927,651
COMPRESSED FILE:
-> name: /Users/pablocerve/Documents/FING/Proyecto/pc-tesis/dataset_parser/scripts/output/[4]solar-anywhere/pca/solar-anywhere-2014.c.cpp.csv
-> size (bytes): 352,684
-> 38.02% of original


RESULTS
--------------------------(same file!)
CoderPCA
ORIGINAL FILE:
-> name: /Users/pablocerve/Documents/FING/Proyecto/datasets-csv/[4]solar-anywhere/all/solar-anywhere-2014.csv
-> size (bytes): 927,651
COMPRESSED FILE:
-> name: /Users/pablocerve/Documents/FING/Proyecto/pc-tesis/dataset_parser/scripts/output/[4]solar-anywhere/pca/solar-anywhere-2014.c.cpp.csv
-> size (bytes): 413,817
-> 44.61% of original


RESULTS
--------------------------(same file!)
CoderPCA
ORIGINAL FILE:
-> name: /Users/pablocerve/Documents/FING/Proyecto/datasets-csv/[4]solar-anywhere/all/solar-anywhere-2014.csv
-> size (bytes): 927,651
COMPRESSED FILE:
-> name: /Users/pablocerve/Documents/FING/Proyecto/pc-tesis/dataset_parser/scripts/output/[4]solar-anywhere/pca/solar-anywhere-2014.c.cpp.csv
-> size (bytes): 415,570
-> 44.8% of original


RESULTS
--------------------------(same file!)
CoderPCA
ORIGINAL FILE:
-> name: /Users/pablocerve/Documents/FING/Proyecto/datasets-csv/[4]solar-anywhere/all/solar-anywhere-2014.csv
-> size (bytes): 927,651
COMPRESSED FILE:
-> name: /Users/pablocerve/Documents/FING/Proyecto/pc-tesis/dataset_parser/scripts/output/[4]solar-anywhere/pca/solar-anywhere-2014.c.cpp.csv
-> size (bytes): 415,608
-> 44.8% of original


RESULTS
--------------------------(same file!)
CoderPCA
ORIGINAL FILE:
-> name: /Users/pablocerve/Documents/FING/Proyecto/datasets-csv/[4]solar-anywhere/all/solar-anywhere-2014.csv
-> size (bytes): 927,651
COMPRESSED FILE:
-> name: /Users/pablocerve/Documents/FING/Proyecto/pc-tesis/dataset_parser/scripts/output/[4]solar-anywhere/pca/solar-anywhere-2014.c.cpp.csv
-> size (bytes): 415,410
-> 44.78% of original


RESULTS
--------------------------(same file!)
CoderPCA
ORIGINAL FILE:
-> name: /Users/pablocerve/Documents/FING/Proyecto/datasets-csv/[4]solar-anywhere/all/solar-anywhere-2014.csv
-> size (bytes): 927,651
COMPRESSED FILE:
-> name: /Users/pablocerve/Documents/FING/Proyecto/pc-tesis/dataset_parser/scripts/output/[4]solar-anywhere/pca/solar-anywhere-2014.c.cpp.csv
-> size (bytes): 288,322
-> 31.08% of original


RESULTS
--------------------------(same file!)
CoderPCA
ORIGINAL FILE:
-> name: /Users/pablocerve/Documents/FING/Proyecto/datasets-csv/[4]solar-anywhere/all/solar-anywhere-2014.csv
-> size (bytes): 927,651
COMPRESSED FILE:
-> name: /Users/pablocerve/Documents/FING/Proyecto/pc-tesis/dataset_parser/scripts/output/[4]solar-anywhere/pca/solar-anywhere-2014.c.cpp.csv
-> size (bytes): 344,787
-> 37.17% of original


RESULTS
--------------------------(same file!)
CoderPCA
ORIGINAL FILE:
-> name: /Users/pablocerve/Documents/FING/Proyecto/datasets-csv/[4]solar-anywhere/all/solar-anywhere-2014.csv
-> size (bytes): 927,651
COMPRESSED FILE:
-> name: /Users/pablocerve/Documents/FING/Proyecto/pc-tesis/dataset_parser/scripts/output/[4]solar-anywhere/pca/solar-anywhere-2014.c.cpp.csv
-> size (bytes): 412,677
-> 44.49% of original


RESULTS
--------------------------(same file!)
CoderPCA
ORIGINAL FILE:
-> name: /Users/pablocerve/Documents/FING/Proyecto/datasets-csv/[4]solar-anywhere/all/solar-anywhere-2014.csv
-> size (bytes): 927,651
COMPRESSED FILE:
-> name: /Users/pablocerve/Documents/FING/Proyecto/pc-tesis/dataset_parser/scripts/output/[4]solar-anywhere/pca/solar-anywhere-2014.c.cpp.csv
-> size (bytes): 415,387
-> 44.78% of original


RESULTS
--------------------------(same file!)
CoderPCA
ORIGINAL FILE:
-> name: /Users/pablocerve/Documents/FING/Proyecto/datasets-csv/[4]solar-anywhere/all/solar-anywhere-2014.csv
-> size (bytes): 927,651
COMPRESSED FILE:
-> name: /Users/pablocerve/Documents/FING/Proyecto/pc-tesis/dataset_parser/scripts/output/[4]solar-anywhere/pca/solar-anywhere-2014.c.cpp.csv
-> size (bytes): 415,608
-> 44.8% of original


RESULTS
--------------------------(same file!)
CoderPCA
ORIGINAL FILE:
-> name: /Users/pablocerve/Documents/FING/Proyecto/datasets-csv/[4]solar-anywhere/all/solar-anywhere-2014.csv
-> size (bytes): 927,651
COMPRESSED FILE:
-> name: /Users/pablocerve/Documents/FING/Proyecto/pc-tesis/dataset_parser/scripts/output/[4]solar-anywhere/pca/solar-anywhere-2014.c.cpp.csv
-> size (bytes): 415,410
-> 44.78% of original


RESULTS
--------------------------(same file!)
CoderPCA
ORIGINAL FILE:
-> name: /Users/pablocerve/Documents/FING/Proyecto/datasets-csv/[4]solar-anywhere/all/solar-anywhere-2014.csv
-> size (bytes): 927,651
COMPRESSED FILE:
-> name: /Users/pablocerve/Documents/FING/Proyecto/pc-tesis/dataset_parser/scripts/output/[4]solar-anywhere/pca/solar-anywhere-2014.c.cpp.csv
-> size (bytes): 274,422
-> 29.58% of original


RESULTS
--------------------------(same file!)
CoderPCA
ORIGINAL FILE:
-> name: /Users/pablocerve/Documents/FING/Proyecto/datasets-csv/[4]solar-anywhere/all/solar-anywhere-2014.csv
-> size (bytes): 927,651
COMPRESSED FILE:
-> name: /Users/pablocerve/Documents/FING/Proyecto/pc-tesis/dataset_parser/scripts/output/[4]solar-anywhere/pca/solar-anywhere-2014.c.cpp.csv
-> size (bytes): 331,602
-> 35.75% of original


RESULTS
--------------------------(same file!)
CoderPCA
ORIGINAL FILE:
-> name: /Users/pablocerve/Documents/FING/Proyecto/datasets-csv/[4]solar-anywhere/all/solar-anywhere-2014.csv
-> size (bytes): 927,651
COMPRESSED FILE:
-> name: /Users/pablocerve/Documents/FING/Proyecto/pc-tesis/dataset_parser/scripts/output/[4]solar-anywhere/pca/solar-anywhere-2014.c.cpp.csv
-> size (bytes): 410,247
-> 44.22% of original


RESULTS
--------------------------(same file!)
CoderPCA
ORIGINAL FILE:
-> name: /Users/pablocerve/Documents/FING/Proyecto/datasets-csv/[4]solar-anywhere/all/solar-anywhere-2014.csv
-> size (bytes): 927,651
COMPRESSED FILE:
-> name: /Users/pablocerve/Documents/FING/Proyecto/pc-tesis/dataset_parser/scripts/output/[4]solar-anywhere/pca/solar-anywhere-2014.c.cpp.csv
-> size (bytes): 414,774
-> 44.71% of original


RESULTS
--------------------------(same file!)
CoderPCA
ORIGINAL FILE:
-> name: /Users/pablocerve/Documents/FING/Proyecto/datasets-csv/[4]solar-anywhere/all/solar-anywhere-2014.csv
-> size (bytes): 927,651
COMPRESSED FILE:
-> name: /Users/pablocerve/Documents/FING/Proyecto/pc-tesis/dataset_parser/scripts/output/[4]solar-anywhere/pca/solar-anywhere-2014.c.cpp.csv
-> size (bytes): 415,608
-> 44.8% of original


RESULTS
--------------------------(same file!)
CoderPCA
ORIGINAL FILE:
-> name: /Users/pablocerve/Documents/FING/Proyecto/datasets-csv/[4]solar-anywhere/all/solar-anywhere-2014.csv
-> size (bytes): 927,651
COMPRESSED FILE:
-> name: /Users/pablocerve/Documents/FING/Proyecto/pc-tesis/dataset_parser/scripts/output/[4]solar-anywhere/pca/solar-anywhere-2014.c.cpp.csv
-> size (bytes): 415,410
-> 44.78% of original

