RESULTS
--------------------------(same file!)
CoderBase
ORIGINAL FILE:
-> name: /Users/pablocerve/Documents/FING/Proyecto/datasets-csv/[3]noaa-adcp/2012/noaa-adcp-201201.csv
-> size (bytes): 1,429,705
COMPRESSED FILE:
-> name: /Users/pablocerve/Documents/FING/Proyecto/pc-tesis/dataset_parser/scripts/output/noaa-adcp-201201.c.csv
-> size (bytes): 645,020
-> 45.12% of original
RESULTS
--------------------------(same file!)
CoderBase
ORIGINAL FILE:
-> name: /Users/pablocerve/Documents/FING/Proyecto/datasets-csv/[3]noaa-adcp/2012/noaa-adcp-201202.csv
-> size (bytes): 1,312,012
COMPRESSED FILE:
-> name: /Users/pablocerve/Documents/FING/Proyecto/pc-tesis/dataset_parser/scripts/output/noaa-adcp-201202.c.csv
-> size (bytes): 604,094
-> 46.04% of original
RESULTS
--------------------------(same file!)
CoderBase
ORIGINAL FILE:
-> name: /Users/pablocerve/Documents/FING/Proyecto/datasets-csv/[3]noaa-adcp/2012/noaa-adcp-201203.csv
-> size (bytes): 1,416,631
COMPRESSED FILE:
-> name: /Users/pablocerve/Documents/FING/Proyecto/pc-tesis/dataset_parser/scripts/output/noaa-adcp-201203.c.csv
-> size (bytes): 645,020
-> 45.53% of original
RESULTS
--------------------------(same file!)
CoderBase
ORIGINAL FILE:
-> name: /Users/pablocerve/Documents/FING/Proyecto/datasets-csv/[3]noaa-adcp/2012/noaa-adcp-201204.csv
-> size (bytes): 1,361,759
COMPRESSED FILE:
-> name: /Users/pablocerve/Documents/FING/Proyecto/pc-tesis/dataset_parser/scripts/output/noaa-adcp-201204.c.csv
-> size (bytes): 624,557
-> 45.86% of original
RESULTS
--------------------------(same file!)
CoderBase
ORIGINAL FILE:
-> name: /Users/pablocerve/Documents/FING/Proyecto/datasets-csv/[3]noaa-adcp/2012/noaa-adcp-201205.csv
-> size (bytes): 1,380,158
COMPRESSED FILE:
-> name: /Users/pablocerve/Documents/FING/Proyecto/pc-tesis/dataset_parser/scripts/output/noaa-adcp-201205.c.csv
-> size (bytes): 645,020
-> 46.74% of original
RESULTS
--------------------------(same file!)
CoderBase
ORIGINAL FILE:
-> name: /Users/pablocerve/Documents/FING/Proyecto/datasets-csv/[3]noaa-adcp/2012/noaa-adcp-201206.csv
-> size (bytes): 1,340,358
COMPRESSED FILE:
-> name: /Users/pablocerve/Documents/FING/Proyecto/pc-tesis/dataset_parser/scripts/output/noaa-adcp-201206.c.csv
-> size (bytes): 624,557
-> 46.6% of original
RESULTS
--------------------------(same file!)
CoderBase
ORIGINAL FILE:
-> name: /Users/pablocerve/Documents/FING/Proyecto/datasets-csv/[3]noaa-adcp/2012/noaa-adcp-201207.csv
-> size (bytes): 1,386,166
COMPRESSED FILE:
-> name: /Users/pablocerve/Documents/FING/Proyecto/pc-tesis/dataset_parser/scripts/output/noaa-adcp-201207.c.csv
-> size (bytes): 645,020
-> 46.53% of original
RESULTS
--------------------------(same file!)
CoderBase
ORIGINAL FILE:
-> name: /Users/pablocerve/Documents/FING/Proyecto/datasets-csv/[3]noaa-adcp/2012/noaa-adcp-201208.csv
-> size (bytes): 1,379,640
COMPRESSED FILE:
-> name: /Users/pablocerve/Documents/FING/Proyecto/pc-tesis/dataset_parser/scripts/output/noaa-adcp-201208.c.csv
-> size (bytes): 645,020
-> 46.75% of original
RESULTS
--------------------------(same file!)
CoderBase
ORIGINAL FILE:
-> name: /Users/pablocerve/Documents/FING/Proyecto/datasets-csv/[3]noaa-adcp/2012/noaa-adcp-201209.csv
-> size (bytes): 1,314,508
COMPRESSED FILE:
-> name: /Users/pablocerve/Documents/FING/Proyecto/pc-tesis/dataset_parser/scripts/output/noaa-adcp-201209.c.csv
-> size (bytes): 624,557
-> 47.51% of original
RESULTS
--------------------------(same file!)
CoderBase
ORIGINAL FILE:
-> name: /Users/pablocerve/Documents/FING/Proyecto/datasets-csv/[3]noaa-adcp/2012/noaa-adcp-201210.csv
-> size (bytes): 1,368,462
COMPRESSED FILE:
-> name: /Users/pablocerve/Documents/FING/Proyecto/pc-tesis/dataset_parser/scripts/output/noaa-adcp-201210.c.csv
-> size (bytes): 645,020
-> 47.13% of original
RESULTS
--------------------------(same file!)
CoderBase
ORIGINAL FILE:
-> name: /Users/pablocerve/Documents/FING/Proyecto/datasets-csv/[3]noaa-adcp/2012/noaa-adcp-201211.csv
-> size (bytes): 1,336,720
COMPRESSED FILE:
-> name: /Users/pablocerve/Documents/FING/Proyecto/pc-tesis/dataset_parser/scripts/output/noaa-adcp-201211.c.csv
-> size (bytes): 624,557
-> 46.72% of original
RESULTS
--------------------------(same file!)
CoderBase
ORIGINAL FILE:
-> name: /Users/pablocerve/Documents/FING/Proyecto/datasets-csv/[3]noaa-adcp/2012/noaa-adcp-201212.csv
-> size (bytes): 1,377,544
COMPRESSED FILE:
-> name: /Users/pablocerve/Documents/FING/Proyecto/pc-tesis/dataset_parser/scripts/output/noaa-adcp-201212.c.csv
-> size (bytes): 645,020
-> 46.82% of original
RESULTS
--------------------------(same file!)
CoderBase
ORIGINAL FILE:
-> name: /Users/pablocerve/Documents/FING/Proyecto/datasets-csv/[3]noaa-adcp/2012/noaa-adcp-201201.csv
-> size (bytes): 1,429,705
COMPRESSED FILE:
-> name: /Users/pablocerve/Documents/FING/Proyecto/pc-tesis/dataset_parser/scripts/output/noaa-adcp-201201.c.csv
-> size (bytes): 645,020
-> 45.12% of original
RESULTS
--------------------------(same file!)
CoderBase
ORIGINAL FILE:
-> name: /Users/pablocerve/Documents/FING/Proyecto/datasets-csv/[3]noaa-adcp/2012/noaa-adcp-201202.csv
-> size (bytes): 1,312,012
COMPRESSED FILE:
-> name: /Users/pablocerve/Documents/FING/Proyecto/pc-tesis/dataset_parser/scripts/output/noaa-adcp-201202.c.csv
-> size (bytes): 604,094
-> 46.04% of original
RESULTS
--------------------------(same file!)
CoderBase
ORIGINAL FILE:
-> name: /Users/pablocerve/Documents/FING/Proyecto/datasets-csv/[3]noaa-adcp/2012/noaa-adcp-201203.csv
-> size (bytes): 1,416,631
COMPRESSED FILE:
-> name: /Users/pablocerve/Documents/FING/Proyecto/pc-tesis/dataset_parser/scripts/output/noaa-adcp-201203.c.csv
-> size (bytes): 645,020
-> 45.53% of original
RESULTS
--------------------------(same file!)
CoderBase
ORIGINAL FILE:
-> name: /Users/pablocerve/Documents/FING/Proyecto/datasets-csv/[3]noaa-adcp/2012/noaa-adcp-201204.csv
-> size (bytes): 1,361,759
COMPRESSED FILE:
-> name: /Users/pablocerve/Documents/FING/Proyecto/pc-tesis/dataset_parser/scripts/output/noaa-adcp-201204.c.csv
-> size (bytes): 624,557
-> 45.86% of original
RESULTS
--------------------------(same file!)
CoderBase
ORIGINAL FILE:
-> name: /Users/pablocerve/Documents/FING/Proyecto/datasets-csv/[3]noaa-adcp/2012/noaa-adcp-201205.csv
-> size (bytes): 1,380,158
COMPRESSED FILE:
-> name: /Users/pablocerve/Documents/FING/Proyecto/pc-tesis/dataset_parser/scripts/output/noaa-adcp-201205.c.csv
-> size (bytes): 645,020
-> 46.74% of original
RESULTS
--------------------------(same file!)
CoderBase
ORIGINAL FILE:
-> name: /Users/pablocerve/Documents/FING/Proyecto/datasets-csv/[3]noaa-adcp/2012/noaa-adcp-201206.csv
-> size (bytes): 1,340,358
COMPRESSED FILE:
-> name: /Users/pablocerve/Documents/FING/Proyecto/pc-tesis/dataset_parser/scripts/output/noaa-adcp-201206.c.csv
-> size (bytes): 624,557
-> 46.6% of original
RESULTS
--------------------------(same file!)
CoderBase
ORIGINAL FILE:
-> name: /Users/pablocerve/Documents/FING/Proyecto/datasets-csv/[3]noaa-adcp/2012/noaa-adcp-201207.csv
-> size (bytes): 1,386,166
COMPRESSED FILE:
-> name: /Users/pablocerve/Documents/FING/Proyecto/pc-tesis/dataset_parser/scripts/output/noaa-adcp-201207.c.csv
-> size (bytes): 645,020
-> 46.53% of original
RESULTS
--------------------------(same file!)
CoderBase
ORIGINAL FILE:
-> name: /Users/pablocerve/Documents/FING/Proyecto/datasets-csv/[3]noaa-adcp/2012/noaa-adcp-201208.csv
-> size (bytes): 1,379,640
COMPRESSED FILE:
-> name: /Users/pablocerve/Documents/FING/Proyecto/pc-tesis/dataset_parser/scripts/output/noaa-adcp-201208.c.csv
-> size (bytes): 645,020
-> 46.75% of original
RESULTS
--------------------------(same file!)
CoderBase
ORIGINAL FILE:
-> name: /Users/pablocerve/Documents/FING/Proyecto/datasets-csv/[3]noaa-adcp/2012/noaa-adcp-201209.csv
-> size (bytes): 1,314,508
COMPRESSED FILE:
-> name: /Users/pablocerve/Documents/FING/Proyecto/pc-tesis/dataset_parser/scripts/output/noaa-adcp-201209.c.csv
-> size (bytes): 624,557
-> 47.51% of original
RESULTS
--------------------------(same file!)
CoderBase
ORIGINAL FILE:
-> name: /Users/pablocerve/Documents/FING/Proyecto/datasets-csv/[3]noaa-adcp/2012/noaa-adcp-201210.csv
-> size (bytes): 1,368,462
COMPRESSED FILE:
-> name: /Users/pablocerve/Documents/FING/Proyecto/pc-tesis/dataset_parser/scripts/output/noaa-adcp-201210.c.csv
-> size (bytes): 645,020
-> 47.13% of original
RESULTS
--------------------------(same file!)
CoderBase
ORIGINAL FILE:
-> name: /Users/pablocerve/Documents/FING/Proyecto/datasets-csv/[3]noaa-adcp/2012/noaa-adcp-201211.csv
-> size (bytes): 1,336,720
COMPRESSED FILE:
-> name: /Users/pablocerve/Documents/FING/Proyecto/pc-tesis/dataset_parser/scripts/output/noaa-adcp-201211.c.csv
-> size (bytes): 624,557
-> 46.72% of original
RESULTS
--------------------------(same file!)
CoderBase
ORIGINAL FILE:
-> name: /Users/pablocerve/Documents/FING/Proyecto/datasets-csv/[3]noaa-adcp/2012/noaa-adcp-201212.csv
-> size (bytes): 1,377,544
COMPRESSED FILE:
-> name: /Users/pablocerve/Documents/FING/Proyecto/pc-tesis/dataset_parser/scripts/output/noaa-adcp-201212.c.csv
-> size (bytes): 645,020
-> 46.82% of original
RESULTS
--------------------------(same file!)
CoderBase
ORIGINAL FILE:
-> name: /Users/pablocerve/Documents/FING/Proyecto/datasets-csv/[3]noaa-adcp/2012/noaa-adcp-201201.csv
-> size (bytes): 1,429,705
COMPRESSED FILE:
-> name: /Users/pablocerve/Documents/FING/Proyecto/pc-tesis/dataset_parser/scripts/output/noaa-adcp-201201.c.csv
-> size (bytes): 645,023
-> 45.12% of original
RESULTS
--------------------------(same file!)
CoderBase
ORIGINAL FILE:
-> name: /Users/pablocerve/Documents/FING/Proyecto/datasets-csv/[3]noaa-adcp/2012/noaa-adcp-201202.csv
-> size (bytes): 1,312,012
COMPRESSED FILE:
-> name: /Users/pablocerve/Documents/FING/Proyecto/pc-tesis/dataset_parser/scripts/output/noaa-adcp-201202.c.csv
-> size (bytes): 604,097
-> 46.04% of original
RESULTS
--------------------------(same file!)
CoderBase
ORIGINAL FILE:
-> name: /Users/pablocerve/Documents/FING/Proyecto/datasets-csv/[3]noaa-adcp/2012/noaa-adcp-201203.csv
-> size (bytes): 1,416,631
COMPRESSED FILE:
-> name: /Users/pablocerve/Documents/FING/Proyecto/pc-tesis/dataset_parser/scripts/output/noaa-adcp-201203.c.csv
-> size (bytes): 645,023
-> 45.53% of original
RESULTS
--------------------------(same file!)
CoderBase
ORIGINAL FILE:
-> name: /Users/pablocerve/Documents/FING/Proyecto/datasets-csv/[3]noaa-adcp/2012/noaa-adcp-201204.csv
-> size (bytes): 1,361,759
COMPRESSED FILE:
-> name: /Users/pablocerve/Documents/FING/Proyecto/pc-tesis/dataset_parser/scripts/output/noaa-adcp-201204.c.csv
-> size (bytes): 624,560
-> 45.86% of original
RESULTS
--------------------------(same file!)
CoderBase
ORIGINAL FILE:
-> name: /Users/pablocerve/Documents/FING/Proyecto/datasets-csv/[3]noaa-adcp/2012/noaa-adcp-201205.csv
-> size (bytes): 1,380,158
COMPRESSED FILE:
-> name: /Users/pablocerve/Documents/FING/Proyecto/pc-tesis/dataset_parser/scripts/output/noaa-adcp-201205.c.csv
-> size (bytes): 645,023
-> 46.74% of original
RESULTS
--------------------------(same file!)
CoderBase
ORIGINAL FILE:
-> name: /Users/pablocerve/Documents/FING/Proyecto/datasets-csv/[3]noaa-adcp/2012/noaa-adcp-201206.csv
-> size (bytes): 1,340,358
COMPRESSED FILE:
-> name: /Users/pablocerve/Documents/FING/Proyecto/pc-tesis/dataset_parser/scripts/output/noaa-adcp-201206.c.csv
-> size (bytes): 624,560
-> 46.6% of original
RESULTS
--------------------------(same file!)
CoderBase
ORIGINAL FILE:
-> name: /Users/pablocerve/Documents/FING/Proyecto/datasets-csv/[3]noaa-adcp/2012/noaa-adcp-201207.csv
-> size (bytes): 1,386,166
COMPRESSED FILE:
-> name: /Users/pablocerve/Documents/FING/Proyecto/pc-tesis/dataset_parser/scripts/output/noaa-adcp-201207.c.csv
-> size (bytes): 645,023
-> 46.53% of original
RESULTS
--------------------------(same file!)
CoderBase
ORIGINAL FILE:
-> name: /Users/pablocerve/Documents/FING/Proyecto/datasets-csv/[3]noaa-adcp/2012/noaa-adcp-201208.csv
-> size (bytes): 1,379,640
COMPRESSED FILE:
-> name: /Users/pablocerve/Documents/FING/Proyecto/pc-tesis/dataset_parser/scripts/output/noaa-adcp-201208.c.csv
-> size (bytes): 645,023
-> 46.75% of original
RESULTS
--------------------------(same file!)
CoderBase
ORIGINAL FILE:
-> name: /Users/pablocerve/Documents/FING/Proyecto/datasets-csv/[3]noaa-adcp/2012/noaa-adcp-201209.csv
-> size (bytes): 1,314,508
COMPRESSED FILE:
-> name: /Users/pablocerve/Documents/FING/Proyecto/pc-tesis/dataset_parser/scripts/output/noaa-adcp-201209.c.csv
-> size (bytes): 624,560
-> 47.51% of original
RESULTS
--------------------------(same file!)
CoderBase
ORIGINAL FILE:
-> name: /Users/pablocerve/Documents/FING/Proyecto/datasets-csv/[3]noaa-adcp/2012/noaa-adcp-201210.csv
-> size (bytes): 1,368,462
COMPRESSED FILE:
-> name: /Users/pablocerve/Documents/FING/Proyecto/pc-tesis/dataset_parser/scripts/output/noaa-adcp-201210.c.csv
-> size (bytes): 645,023
-> 47.13% of original
RESULTS
--------------------------(same file!)
CoderBase
ORIGINAL FILE:
-> name: /Users/pablocerve/Documents/FING/Proyecto/datasets-csv/[3]noaa-adcp/2012/noaa-adcp-201211.csv
-> size (bytes): 1,336,720
COMPRESSED FILE:
-> name: /Users/pablocerve/Documents/FING/Proyecto/pc-tesis/dataset_parser/scripts/output/noaa-adcp-201211.c.csv
-> size (bytes): 624,560
-> 46.72% of original
RESULTS
--------------------------(same file!)
CoderBase
ORIGINAL FILE:
-> name: /Users/pablocerve/Documents/FING/Proyecto/datasets-csv/[3]noaa-adcp/2012/noaa-adcp-201212.csv
-> size (bytes): 1,377,544
COMPRESSED FILE:
-> name: /Users/pablocerve/Documents/FING/Proyecto/pc-tesis/dataset_parser/scripts/output/noaa-adcp-201212.c.csv
-> size (bytes): 645,023
-> 46.82% of original
RESULTS
--------------------------(same file!)
CoderBase
ORIGINAL FILE:
-> name: /Users/pablocerve/Documents/FING/Proyecto/datasets-csv/[3]noaa-adcp/2012/noaa-adcp-201201.csv
-> size (bytes): 1,429,705
COMPRESSED FILE:
-> name: /Users/pablocerve/Documents/FING/Proyecto/pc-tesis/dataset_parser/scripts/output/noaa-adcp-201201.c.csv
-> size (bytes): 645,023
-> 45.12% of original
RESULTS
--------------------------(same file!)
CoderBase
ORIGINAL FILE:
-> name: /Users/pablocerve/Documents/FING/Proyecto/datasets-csv/[3]noaa-adcp/2012/noaa-adcp-201202.csv
-> size (bytes): 1,312,012
COMPRESSED FILE:
-> name: /Users/pablocerve/Documents/FING/Proyecto/pc-tesis/dataset_parser/scripts/output/noaa-adcp-201202.c.csv
-> size (bytes): 604,097
-> 46.04% of original
RESULTS
--------------------------(same file!)
CoderBase
ORIGINAL FILE:
-> name: /Users/pablocerve/Documents/FING/Proyecto/datasets-csv/[3]noaa-adcp/2012/noaa-adcp-201203.csv
-> size (bytes): 1,416,631
COMPRESSED FILE:
-> name: /Users/pablocerve/Documents/FING/Proyecto/pc-tesis/dataset_parser/scripts/output/noaa-adcp-201203.c.csv
-> size (bytes): 645,023
-> 45.53% of original
RESULTS
--------------------------(same file!)
CoderBase
ORIGINAL FILE:
-> name: /Users/pablocerve/Documents/FING/Proyecto/datasets-csv/[3]noaa-adcp/2012/noaa-adcp-201204.csv
-> size (bytes): 1,361,759
COMPRESSED FILE:
-> name: /Users/pablocerve/Documents/FING/Proyecto/pc-tesis/dataset_parser/scripts/output/noaa-adcp-201204.c.csv
-> size (bytes): 624,560
-> 45.86% of original
RESULTS
--------------------------(same file!)
CoderBase
ORIGINAL FILE:
-> name: /Users/pablocerve/Documents/FING/Proyecto/datasets-csv/[3]noaa-adcp/2012/noaa-adcp-201205.csv
-> size (bytes): 1,380,158
COMPRESSED FILE:
-> name: /Users/pablocerve/Documents/FING/Proyecto/pc-tesis/dataset_parser/scripts/output/noaa-adcp-201205.c.csv
-> size (bytes): 645,023
-> 46.74% of original
RESULTS
--------------------------(same file!)
CoderBase
ORIGINAL FILE:
-> name: /Users/pablocerve/Documents/FING/Proyecto/datasets-csv/[3]noaa-adcp/2012/noaa-adcp-201206.csv
-> size (bytes): 1,340,358
COMPRESSED FILE:
-> name: /Users/pablocerve/Documents/FING/Proyecto/pc-tesis/dataset_parser/scripts/output/noaa-adcp-201206.c.csv
-> size (bytes): 624,560
-> 46.6% of original
RESULTS
--------------------------(same file!)
CoderBase
ORIGINAL FILE:
-> name: /Users/pablocerve/Documents/FING/Proyecto/datasets-csv/[3]noaa-adcp/2012/noaa-adcp-201207.csv
-> size (bytes): 1,386,166
COMPRESSED FILE:
-> name: /Users/pablocerve/Documents/FING/Proyecto/pc-tesis/dataset_parser/scripts/output/noaa-adcp-201207.c.csv
-> size (bytes): 645,023
-> 46.53% of original
RESULTS
--------------------------(same file!)
CoderBase
ORIGINAL FILE:
-> name: /Users/pablocerve/Documents/FING/Proyecto/datasets-csv/[3]noaa-adcp/2012/noaa-adcp-201208.csv
-> size (bytes): 1,379,640
COMPRESSED FILE:
-> name: /Users/pablocerve/Documents/FING/Proyecto/pc-tesis/dataset_parser/scripts/output/noaa-adcp-201208.c.csv
-> size (bytes): 645,023
-> 46.75% of original
RESULTS
--------------------------(same file!)
CoderBase
ORIGINAL FILE:
-> name: /Users/pablocerve/Documents/FING/Proyecto/datasets-csv/[3]noaa-adcp/2012/noaa-adcp-201209.csv
-> size (bytes): 1,314,508
COMPRESSED FILE:
-> name: /Users/pablocerve/Documents/FING/Proyecto/pc-tesis/dataset_parser/scripts/output/noaa-adcp-201209.c.csv
-> size (bytes): 624,560
-> 47.51% of original
RESULTS
--------------------------(same file!)
CoderBase
ORIGINAL FILE:
-> name: /Users/pablocerve/Documents/FING/Proyecto/datasets-csv/[3]noaa-adcp/2012/noaa-adcp-201210.csv
-> size (bytes): 1,368,462
COMPRESSED FILE:
-> name: /Users/pablocerve/Documents/FING/Proyecto/pc-tesis/dataset_parser/scripts/output/noaa-adcp-201210.c.csv
-> size (bytes): 645,023
-> 47.13% of original
RESULTS
--------------------------(same file!)
CoderBase
ORIGINAL FILE:
-> name: /Users/pablocerve/Documents/FING/Proyecto/datasets-csv/[3]noaa-adcp/2012/noaa-adcp-201211.csv
-> size (bytes): 1,336,720
COMPRESSED FILE:
-> name: /Users/pablocerve/Documents/FING/Proyecto/pc-tesis/dataset_parser/scripts/output/noaa-adcp-201211.c.csv
-> size (bytes): 624,560
-> 46.72% of original
RESULTS
--------------------------(same file!)
CoderBase
ORIGINAL FILE:
-> name: /Users/pablocerve/Documents/FING/Proyecto/datasets-csv/[3]noaa-adcp/2012/noaa-adcp-201212.csv
-> size (bytes): 1,377,544
COMPRESSED FILE:
-> name: /Users/pablocerve/Documents/FING/Proyecto/pc-tesis/dataset_parser/scripts/output/noaa-adcp-201212.c.csv
-> size (bytes): 645,023
-> 46.82% of original
